<?xml version="1.0" encoding="UTF-8" ?>
<testsuite failures="0" time="3.514" errors="1" skipped="0" tests="1" name="net.lojika.gtfs.service.TripsDaoImplTest">
  <properties>
    <property name="java.runtime.name" value="Java(TM) SE Runtime Environment"/>
    <property name="sun.boot.library.path" value="/usr/lib/jvm/jdk1.7.0_51/jre/lib/amd64"/>
    <property name="java.vm.version" value="24.51-b03"/>
    <property name="java.vm.vendor" value="Oracle Corporation"/>
    <property name="java.vendor.url" value="http://java.oracle.com/"/>
    <property name="path.separator" value=":"/>
    <property name="guice.disable.misplaced.annotation.check" value="true"/>
    <property name="java.vm.name" value="Java HotSpot(TM) 64-Bit Server VM"/>
    <property name="file.encoding.pkg" value="sun.io"/>
    <property name="user.country" value="US"/>
    <property name="sun.java.launcher" value="SUN_STANDARD"/>
    <property name="sun.os.patch.level" value="unknown"/>
    <property name="test" value="net.lojika.gtfs.service.TripsDaoImplTest"/>
    <property name="java.vm.specification.name" value="Java Virtual Machine Specification"/>
    <property name="user.dir" value="/home/canboanoglu/NetBeansProjects/gtfs-creator"/>
    <property name="java.runtime.version" value="1.7.0_51-b13"/>
    <property name="java.awt.graphicsenv" value="sun.awt.X11GraphicsEnvironment"/>
    <property name="java.endorsed.dirs" value="/usr/lib/jvm/jdk1.7.0_51/jre/lib/endorsed"/>
    <property name="os.arch" value="amd64"/>
    <property name="java.io.tmpdir" value="/tmp"/>
    <property name="line.separator" value="
"/>
    <property name="java.vm.specification.vendor" value="Oracle Corporation"/>
    <property name="os.name" value="Linux"/>
    <property name="maven.ext.class.path" value="/home/canboanoglu/netbeans-8.0/java/maven-nblib/netbeans-eventspy.jar"/>
    <property name="classworlds.conf" value="/home/canboanoglu/Development/SetupFiles/apache-maven-3.2.1/bin/m2.conf"/>
    <property name="netbeansProjectMappings" value=""/>
    <property name="sun.jnu.encoding" value="UTF-8"/>
    <property name="java.library.path" value="/usr/lib/jvm/jdk1.7.0_51/jre/lib/amd64:/usr/lib/jvm/jdk1.7.0_51/jre/lib/i386::/usr/java/packages/lib/amd64:/usr/lib64:/lib64:/lib:/usr/lib"/>
    <property name="java.specification.name" value="Java Platform API Specification"/>
    <property name="java.class.version" value="51.0"/>
    <property name="sun.management.compiler" value="HotSpot 64-Bit Tiered Compilers"/>
    <property name="os.version" value="3.13.0-32-generic"/>
    <property name="user.home" value="/home/canboanoglu"/>
    <property name="user.timezone" value="Europe/Istanbul"/>
    <property name="java.awt.printerjob" value="sun.print.PSPrinterJob"/>
    <property name="java.specification.version" value="1.7"/>
    <property name="file.encoding" value="UTF-8"/>
    <property name="user.name" value="canboanoglu"/>
    <property name="java.class.path" value="/home/canboanoglu/Development/SetupFiles/apache-maven-3.2.1/boot/plexus-classworlds-2.5.1.jar"/>
    <property name="org.slf4j.simpleLogger.defaultLogLevel" value="info"/>
    <property name="java.vm.specification.version" value="1.7"/>
    <property name="sun.arch.data.model" value="64"/>
    <property name="java.home" value="/usr/lib/jvm/jdk1.7.0_51/jre"/>
    <property name="sun.java.command" value="org.codehaus.plexus.classworlds.launcher.Launcher -Dtest=net.lojika.gtfs.service.TripsDaoImplTest -DnetbeansProjectMappings= -Dmaven.ext.class.path=/home/canboanoglu/netbeans-8.0/java/maven-nblib/netbeans-eventspy.jar surefire:test"/>
    <property name="java.specification.vendor" value="Oracle Corporation"/>
    <property name="user.language" value="en"/>
    <property name="awt.toolkit" value="sun.awt.X11.XToolkit"/>
    <property name="java.vm.info" value="mixed mode"/>
    <property name="java.version" value="1.7.0_51"/>
    <property name="java.ext.dirs" value="/usr/lib/jvm/jdk1.7.0_51/jre/lib/ext:/usr/java/packages/lib/ext"/>
    <property name="securerandom.source" value="file:/dev/./urandom"/>
    <property name="sun.boot.class.path" value="/usr/lib/jvm/jdk1.7.0_51/jre/lib/resources.jar:/usr/lib/jvm/jdk1.7.0_51/jre/lib/rt.jar:/usr/lib/jvm/jdk1.7.0_51/jre/lib/sunrsasign.jar:/usr/lib/jvm/jdk1.7.0_51/jre/lib/jsse.jar:/usr/lib/jvm/jdk1.7.0_51/jre/lib/jce.jar:/usr/lib/jvm/jdk1.7.0_51/jre/lib/charsets.jar:/usr/lib/jvm/jdk1.7.0_51/jre/lib/jfr.jar:/usr/lib/jvm/jdk1.7.0_51/jre/classes"/>
    <property name="java.vendor" value="Oracle Corporation"/>
    <property name="maven.home" value="/home/canboanoglu/Development/SetupFiles/apache-maven-3.2.1"/>
    <property name="file.separator" value="/"/>
    <property name="java.vendor.url.bug" value="http://bugreport.sun.com/bugreport/"/>
    <property name="sun.cpu.endian" value="little"/>
    <property name="sun.io.unicode.encoding" value="UnicodeLittle"/>
    <property name="sun.desktop" value="gnome"/>
    <property name="sun.cpu.isalist" value=""/>
  </properties>
  <testcase time="3.514" classname="net.lojika.gtfs.service.TripsDaoImplTest" name="fetchStopsAndPersist">
    <error message="could not insert: [net.lojika.gtfs.model.TripLine]" type="org.hibernate.exception.ConstraintViolationException">org.hibernate.exception.ConstraintViolationException: could not insert: [net.lojika.gtfs.model.TripLine]
	at org.hibernate.exception.SQLStateConverter.convert(SQLStateConverter.java:96)
	at org.hibernate.exception.JDBCExceptionHelper.convert(JDBCExceptionHelper.java:66)
	at org.hibernate.id.insert.AbstractReturningDelegate.performInsert(AbstractReturningDelegate.java:64)
	at org.hibernate.persister.entity.AbstractEntityPersister.insert(AbstractEntityPersister.java:2345)
	at org.hibernate.persister.entity.AbstractEntityPersister.insert(AbstractEntityPersister.java:2852)
	at org.hibernate.action.EntityIdentityInsertAction.execute(EntityIdentityInsertAction.java:71)
	at org.hibernate.engine.ActionQueue.execute(ActionQueue.java:273)
	at org.hibernate.event.def.AbstractSaveEventListener.performSaveOrReplicate(AbstractSaveEventListener.java:320)
	at org.hibernate.event.def.AbstractSaveEventListener.performSave(AbstractSaveEventListener.java:203)
	at org.hibernate.event.def.AbstractSaveEventListener.saveWithGeneratedId(AbstractSaveEventListener.java:129)
	at org.hibernate.event.def.DefaultSaveOrUpdateEventListener.saveWithGeneratedOrRequestedId(DefaultSaveOrUpdateEventListener.java:210)
	at org.hibernate.event.def.DefaultSaveOrUpdateEventListener.entityIsTransient(DefaultSaveOrUpdateEventListener.java:195)
	at org.hibernate.event.def.DefaultSaveOrUpdateEventListener.performSaveOrUpdate(DefaultSaveOrUpdateEventListener.java:117)
	at org.hibernate.event.def.DefaultSaveOrUpdateEventListener.onSaveOrUpdate(DefaultSaveOrUpdateEventListener.java:93)
	at org.hibernate.impl.SessionImpl.fireSaveOrUpdate(SessionImpl.java:685)
	at org.hibernate.impl.SessionImpl.saveOrUpdate(SessionImpl.java:677)
	at org.hibernate.impl.SessionImpl.saveOrUpdate(SessionImpl.java:673)
	at net.lojika.gtfs.dao.impl.HibernateGenericDaoImpl.saveOrUpdate(HibernateGenericDaoImpl.java:48)
	at sun.reflect.NativeMethodAccessorImpl.invoke0(Native Method)
	at sun.reflect.NativeMethodAccessorImpl.invoke(NativeMethodAccessorImpl.java:57)
	at sun.reflect.DelegatingMethodAccessorImpl.invoke(DelegatingMethodAccessorImpl.java:43)
	at java.lang.reflect.Method.invoke(Method.java:606)
	at org.springframework.aop.support.AopUtils.invokeJoinpointUsingReflection(AopUtils.java:317)
	at org.springframework.aop.framework.ReflectiveMethodInvocation.invokeJoinpoint(ReflectiveMethodInvocation.java:183)
	at org.springframework.aop.framework.ReflectiveMethodInvocation.proceed(ReflectiveMethodInvocation.java:150)
	at org.springframework.transaction.interceptor.TransactionInterceptor$1.proceedWithInvocation(TransactionInterceptor.java:96)
	at org.springframework.transaction.interceptor.TransactionAspectSupport.invokeWithinTransaction(TransactionAspectSupport.java:260)
	at org.springframework.transaction.interceptor.TransactionInterceptor.invoke(TransactionInterceptor.java:94)
	at org.springframework.aop.framework.ReflectiveMethodInvocation.proceed(ReflectiveMethodInvocation.java:172)
	at org.springframework.aop.framework.JdkDynamicAopProxy.invoke(JdkDynamicAopProxy.java:204)
	at com.sun.proxy.$Proxy33.saveOrUpdate(Unknown Source)
	at net.lojika.gtfs.service.TripBuilder.build(TripBuilder.java:77)
	at net.lojika.gtfs.service.TripsDaoImplTest.fetchStopsAndPersist(TripsDaoImplTest.java:65)
	at sun.reflect.NativeMethodAccessorImpl.invoke0(Native Method)
	at sun.reflect.NativeMethodAccessorImpl.invoke(NativeMethodAccessorImpl.java:57)
	at sun.reflect.DelegatingMethodAccessorImpl.invoke(DelegatingMethodAccessorImpl.java:43)
	at java.lang.reflect.Method.invoke(Method.java:606)
	at org.junit.runners.model.FrameworkMethod$1.runReflectiveCall(FrameworkMethod.java:44)
	at org.junit.internal.runners.model.ReflectiveCallable.run(ReflectiveCallable.java:15)
	at org.junit.runners.model.FrameworkMethod.invokeExplosively(FrameworkMethod.java:41)
	at org.junit.internal.runners.statements.InvokeMethod.evaluate(InvokeMethod.java:20)
	at org.junit.internal.runners.statements.RunBefores.evaluate(RunBefores.java:28)
	at org.springframework.test.context.junit4.statements.RunBeforeTestMethodCallbacks.evaluate(RunBeforeTestMethodCallbacks.java:74)
	at org.junit.internal.runners.statements.RunAfters.evaluate(RunAfters.java:31)
	at org.springframework.test.context.junit4.statements.RunAfterTestMethodCallbacks.evaluate(RunAfterTestMethodCallbacks.java:83)
	at org.springframework.test.context.junit4.statements.SpringRepeat.evaluate(SpringRepeat.java:72)
	at org.springframework.test.context.junit4.SpringJUnit4ClassRunner.runChild(SpringJUnit4ClassRunner.java:231)
	at org.springframework.test.context.junit4.SpringJUnit4ClassRunner.runChild(SpringJUnit4ClassRunner.java:88)
	at org.junit.runners.ParentRunner$3.run(ParentRunner.java:193)
	at org.junit.runners.ParentRunner$1.schedule(ParentRunner.java:52)
	at org.junit.runners.ParentRunner.runChildren(ParentRunner.java:191)
	at org.junit.runners.ParentRunner.access$000(ParentRunner.java:42)
	at org.junit.runners.ParentRunner$2.evaluate(ParentRunner.java:184)
	at org.junit.internal.runners.statements.RunBefores.evaluate(RunBefores.java:28)
	at org.springframework.test.context.junit4.statements.RunBeforeTestClassCallbacks.evaluate(RunBeforeTestClassCallbacks.java:61)
	at org.junit.internal.runners.statements.RunAfters.evaluate(RunAfters.java:31)
	at org.springframework.test.context.junit4.statements.RunAfterTestClassCallbacks.evaluate(RunAfterTestClassCallbacks.java:71)
	at org.junit.runners.ParentRunner.run(ParentRunner.java:236)
	at org.springframework.test.context.junit4.SpringJUnit4ClassRunner.run(SpringJUnit4ClassRunner.java:174)
	at org.apache.maven.surefire.junit4.JUnit4Provider.execute(JUnit4Provider.java:252)
	at org.apache.maven.surefire.junit4.JUnit4Provider.executeTestSet(JUnit4Provider.java:141)
	at org.apache.maven.surefire.junit4.JUnit4Provider.invoke(JUnit4Provider.java:112)
	at sun.reflect.NativeMethodAccessorImpl.invoke0(Native Method)
	at sun.reflect.NativeMethodAccessorImpl.invoke(NativeMethodAccessorImpl.java:57)
	at sun.reflect.DelegatingMethodAccessorImpl.invoke(DelegatingMethodAccessorImpl.java:43)
	at java.lang.reflect.Method.invoke(Method.java:606)
	at org.apache.maven.surefire.util.ReflectionUtils.invokeMethodWithArray(ReflectionUtils.java:189)
	at org.apache.maven.surefire.booter.ProviderFactory$ProviderProxy.invoke(ProviderFactory.java:165)
	at org.apache.maven.surefire.booter.ProviderFactory.invokeProvider(ProviderFactory.java:85)
	at org.apache.maven.surefire.booter.ForkedBooter.runSuitesInProcess(ForkedBooter.java:115)
	at org.apache.maven.surefire.booter.ForkedBooter.main(ForkedBooter.java:75)
Caused by: org.postgresql.util.PSQLException: ERROR: null value in column &quot;trip_id&quot; violates not-null constraint
  Detail: Failing row contains (null, gtfs.line.5.bosada-1, null).
	at org.postgresql.core.v3.QueryExecutorImpl.receiveErrorResponse(QueryExecutorImpl.java:2102)
	at org.postgresql.core.v3.QueryExecutorImpl.processResults(QueryExecutorImpl.java:1835)
	at org.postgresql.core.v3.QueryExecutorImpl.execute(QueryExecutorImpl.java:257)
	at org.postgresql.jdbc2.AbstractJdbc2Statement.execute(AbstractJdbc2Statement.java:500)
	at org.postgresql.jdbc2.AbstractJdbc2Statement.executeWithFlags(AbstractJdbc2Statement.java:388)
	at org.postgresql.jdbc2.AbstractJdbc2Statement.executeUpdate(AbstractJdbc2Statement.java:334)
	at org.hibernate.id.IdentityGenerator$GetGeneratedKeysDelegate.executeAndExtract(IdentityGenerator.java:94)
	at org.hibernate.id.insert.AbstractReturningDelegate.performInsert(AbstractReturningDelegate.java:57)
	... 68 more
</error>
    <system-out>14:01:01.091 [main] DEBUG o.s.t.c.j.SpringJUnit4ClassRunner - SpringJUnit4ClassRunner constructor called with [class net.lojika.gtfs.service.TripsDaoImplTest].
14:01:01.123 [main] DEBUG o.s.t.c.s.AbstractDelegatingSmartContextLoader - Delegating to GenericXmlContextLoader to process context configuration [ContextConfigurationAttributes@1c907aee declaringClass = &apos;net.lojika.gtfs.service.AbstractServiceImplTest&apos;, locations = &apos;{classpath:/spring/bootstrap.xml}&apos;, classes = &apos;{}&apos;, inheritLocations = true, initializers = &apos;{}&apos;, inheritInitializers = true, name = [null], contextLoaderClass = &apos;org.springframework.test.context.ContextLoader&apos;].
14:01:01.125 [main] DEBUG o.s.test.context.ContextLoaderUtils - Could not find an &apos;annotation declaring class&apos; for annotation type [org.springframework.test.context.ActiveProfiles] and class [net.lojika.gtfs.service.TripsDaoImplTest]
14:01:01.126 [main] DEBUG o.s.test.context.TestContextManager - @TestExecutionListeners is not present for class [class net.lojika.gtfs.service.TripsDaoImplTest]: using defaults.
14:01:01.129 [main] DEBUG o.s.test.context.TestContextManager - Could not instantiate default TestExecutionListener class [org.springframework.test.context.web.ServletTestExecutionListener]. Specify custom listener classes or make the default listener classes available.
14:01:01.138 [main] DEBUG o.s.t.annotation.ProfileValueUtils - Retrieved @ProfileValueSourceConfiguration [null] for test class [net.lojika.gtfs.service.TripsDaoImplTest]
14:01:01.138 [main] DEBUG o.s.t.annotation.ProfileValueUtils - Retrieved ProfileValueSource type [class org.springframework.test.annotation.SystemProfileValueSource] for class [net.lojika.gtfs.service.TripsDaoImplTest]
14:01:01.139 [main] DEBUG o.s.t.annotation.ProfileValueUtils - Retrieved @ProfileValueSourceConfiguration [null] for test class [net.lojika.gtfs.service.TripsDaoImplTest]
14:01:01.139 [main] DEBUG o.s.t.annotation.ProfileValueUtils - Retrieved ProfileValueSource type [class org.springframework.test.annotation.SystemProfileValueSource] for class [net.lojika.gtfs.service.TripsDaoImplTest]
14:01:01.141 [main] DEBUG o.s.t.annotation.ProfileValueUtils - Retrieved @ProfileValueSourceConfiguration [null] for test class [net.lojika.gtfs.service.TripsDaoImplTest]
14:01:01.141 [main] DEBUG o.s.t.annotation.ProfileValueUtils - Retrieved ProfileValueSource type [class org.springframework.test.annotation.SystemProfileValueSource] for class [net.lojika.gtfs.service.TripsDaoImplTest]
14:01:01.142 [main] DEBUG o.s.t.c.s.DependencyInjectionTestExecutionListener - Performing dependency injection for test context [[TestContext@a84da22 testClass = TripsDaoImplTest, testInstance = net.lojika.gtfs.service.TripsDaoImplTest@180cf393, testMethod = [null], testException = [null], mergedContextConfiguration = [MergedContextConfiguration@7a4b443a testClass = TripsDaoImplTest, locations = &apos;{classpath:/spring/bootstrap.xml}&apos;, classes = &apos;{}&apos;, contextInitializerClasses = &apos;[]&apos;, activeProfiles = &apos;{}&apos;, contextLoader = &apos;org.springframework.test.context.support.DelegatingSmartContextLoader&apos;, parent = [null]]]].
14:01:01.142 [main] DEBUG o.s.t.c.s.AbstractDelegatingSmartContextLoader - Delegating to GenericXmlContextLoader to load context from [MergedContextConfiguration@7a4b443a testClass = TripsDaoImplTest, locations = &apos;{classpath:/spring/bootstrap.xml}&apos;, classes = &apos;{}&apos;, contextInitializerClasses = &apos;[]&apos;, activeProfiles = &apos;{}&apos;, contextLoader = &apos;org.springframework.test.context.support.DelegatingSmartContextLoader&apos;, parent = [null]].
14:01:01.143 [main] DEBUG o.s.t.c.s.AbstractGenericContextLoader - Loading ApplicationContext for merged context configuration [[MergedContextConfiguration@7a4b443a testClass = TripsDaoImplTest, locations = &apos;{classpath:/spring/bootstrap.xml}&apos;, classes = &apos;{}&apos;, contextInitializerClasses = &apos;[]&apos;, activeProfiles = &apos;{}&apos;, contextLoader = &apos;org.springframework.test.context.support.DelegatingSmartContextLoader&apos;, parent = [null]]].
14:01:01.238 [main] DEBUG o.s.core.env.StandardEnvironment - Initializing new StandardEnvironment
14:01:01.241 [main] DEBUG o.s.core.env.StandardEnvironment - Adding [systemProperties] PropertySource with lowest search precedence
14:01:01.242 [main] DEBUG o.s.core.env.StandardEnvironment - Adding [systemEnvironment] PropertySource with lowest search precedence
14:01:01.242 [main] DEBUG o.s.core.env.StandardEnvironment - Initialized StandardEnvironment with PropertySources [systemProperties,systemEnvironment]
14:01:01.248 [main] DEBUG o.s.core.env.StandardEnvironment - Initializing new StandardEnvironment
14:01:01.249 [main] DEBUG o.s.core.env.StandardEnvironment - Adding [systemProperties] PropertySource with lowest search precedence
14:01:01.249 [main] DEBUG o.s.core.env.StandardEnvironment - Adding [systemEnvironment] PropertySource with lowest search precedence
14:01:01.249 [main] DEBUG o.s.core.env.StandardEnvironment - Initialized StandardEnvironment with PropertySources [systemProperties,systemEnvironment]
14:01:01.260 [main] INFO  o.s.b.f.xml.XmlBeanDefinitionReader - Loading XML bean definitions from class path resource [spring/bootstrap.xml]
14:01:01.279 [main] DEBUG o.s.b.f.xml.DefaultDocumentLoader - Using JAXP provider [com.sun.org.apache.xerces.internal.jaxp.DocumentBuilderFactoryImpl]
14:01:01.304 [main] DEBUG o.s.b.f.xml.PluggableSchemaResolver - Loading schema mappings from [META-INF/spring.schemas]
14:01:01.308 [main] DEBUG o.s.b.f.xml.PluggableSchemaResolver - Loaded schema mappings: {http://www.springframework.org/schema/tx/spring-tx-2.5.xsd=org/springframework/transaction/config/spring-tx-2.5.xsd, http://www.springframework.org/schema/context/spring-context-3.1.xsd=org/springframework/context/config/spring-context-3.1.xsd, http://www.springframework.org/schema/data/repository/spring-repository-1.4.xsd=org/springframework/data/repository/config/spring-repository-1.4.xsd, http://www.springframework.org/schema/util/spring-util-3.0.xsd=org/springframework/beans/factory/xml/spring-util-3.0.xsd, http://www.springframework.org/schema/tool/spring-tool.xsd=org/springframework/beans/factory/xml/spring-tool-3.2.xsd, http://www.springframework.org/schema/aop/spring-aop-3.2.xsd=org/springframework/aop/config/spring-aop-3.2.xsd, http://www.springframework.org/schema/mvc/spring-mvc-3.2.xsd=org/springframework/web/servlet/config/spring-mvc-3.2.xsd, http://www.springframework.org/schema/oxm/spring-oxm-3.0.xsd=org/springframework/oxm/config/spring-oxm-3.0.xsd, http://www.springframework.org/schema/lang/spring-lang-3.2.xsd=org/springframework/scripting/config/spring-lang-3.2.xsd, http://www.springframework.org/schema/cache/spring-cache-3.2.xsd=org/springframework/cache/config/spring-cache-3.2.xsd, http://www.springframework.org/schema/integration/spring-integration-2.1.xsd=org/springframework/integration/config/xml/spring-integration-2.1.xsd, http://www.springframework.org/schema/jdbc/spring-jdbc-3.1.xsd=org/springframework/jdbc/config/spring-jdbc-3.1.xsd, http://www.springframework.org/schema/util/spring-util-2.0.xsd=org/springframework/beans/factory/xml/spring-util-2.0.xsd, http://www.springframework.org/schema/tool/spring-tool-3.2.xsd=org/springframework/beans/factory/xml/spring-tool-3.2.xsd, http://www.springframework.org/schema/context/spring-context.xsd=org/springframework/context/config/spring-context-3.2.xsd, http://www.springframework.org/schema/jee/spring-jee-3.2.xsd=org/springframework/ejb/config/spring-jee-3.2.xsd, http://www.springframework.org/schema/context/spring-context-3.0.xsd=org/springframework/context/config/spring-context-3.0.xsd, http://www.springframework.org/schema/integration/spring-integration.xsd=org/springframework/integration/config/xml/spring-integration-2.2.xsd, http://www.springframework.org/schema/util/spring-util-2.5.xsd=org/springframework/beans/factory/xml/spring-util-2.5.xsd, http://www.springframework.org/schema/beans/spring-beans-3.2.xsd=org/springframework/beans/factory/xml/spring-beans-3.2.xsd, http://www.springframework.org/schema/aop/spring-aop-3.1.xsd=org/springframework/aop/config/spring-aop-3.1.xsd, http://www.springframework.org/schema/mvc/spring-mvc.xsd=org/springframework/web/servlet/config/spring-mvc-3.2.xsd, http://www.springframework.org/schema/mvc/spring-mvc-3.1.xsd=org/springframework/web/servlet/config/spring-mvc-3.1.xsd, http://www.springframework.org/schema/lang/spring-lang-3.1.xsd=org/springframework/scripting/config/spring-lang-3.1.xsd, http://www.springframework.org/schema/tx/spring-tx-3.2.xsd=org/springframework/transaction/config/spring-tx-3.2.xsd, http://www.springframework.org/schema/cache/spring-cache-3.1.xsd=org/springframework/cache/config/spring-cache-3.1.xsd, http://www.springframework.org/schema/integration/spring-integration-2.0.xsd=org/springframework/integration/config/xml/spring-integration-2.0.xsd, http://www.springframework.org/schema/jdbc/spring-jdbc-3.0.xsd=org/springframework/jdbc/config/spring-jdbc-3.0.xsd, http://www.springframework.org/schema/data/mongo/spring-mongo-1.2.xsd=org/springframework/data/mongodb/config/spring-mongo-1.2.xsd, http://www.springframework.org/schema/jdbc/spring-jdbc.xsd=org/springframework/jdbc/config/spring-jdbc-3.2.xsd, http://www.springframework.org/schema/tool/spring-tool-3.1.xsd=org/springframework/beans/factory/xml/spring-tool-3.1.xsd, http://www.springframework.org/schema/jee/spring-jee-3.1.xsd=org/springframework/ejb/config/spring-jee-3.1.xsd, http://www.springframework.org/schema/task/spring-task-3.2.xsd=org/springframework/scheduling/config/spring-task-3.2.xsd, http://www.springframework.org/schema/beans/spring-beans-3.1.xsd=org/springframework/beans/factory/xml/spring-beans-3.1.xsd, http://www.springframework.org/schema/util/spring-util.xsd=org/springframework/beans/factory/xml/spring-util-3.2.xsd, http://www.springframework.org/schema/aop/spring-aop-3.0.xsd=org/springframework/aop/config/spring-aop-3.0.xsd, http://www.springframework.org/schema/data/repository/spring-repository.xsd=org/springframework/data/repository/config/spring-repository-1.5.xsd, http://www.springframework.org/schema/mvc/spring-mvc-3.0.xsd=org/springframework/web/servlet/config/spring-mvc-3.0.xsd, http://www.springframework.org/schema/beans/spring-beans.xsd=org/springframework/beans/factory/xml/spring-beans-3.2.xsd, http://www.springframework.org/schema/lang/spring-lang-3.0.xsd=org/springframework/scripting/config/spring-lang-3.0.xsd, http://www.springframework.org/schema/tx/spring-tx-3.1.xsd=org/springframework/transaction/config/spring-tx-3.1.xsd, http://www.springframework.org/schema/context/spring-context-2.5.xsd=org/springframework/context/config/spring-context-2.5.xsd, http://www.springframework.org/schema/data/mongo/spring-mongo-1.1.xsd=org/springframework/data/mongodb/config/spring-mongo-1.1.xsd, http://www.springframework.org/schema/tool/spring-tool-3.0.xsd=org/springframework/beans/factory/xml/spring-tool-3.0.xsd, http://www.springframework.org/schema/aop/spring-aop-2.0.xsd=org/springframework/aop/config/spring-aop-2.0.xsd, http://www.springframework.org/schema/jee/spring-jee-3.0.xsd=org/springframework/ejb/config/spring-jee-3.0.xsd, http://www.springframework.org/schema/integration/spring-integration-1.0.xsd=org/springframework/integration/config/xml/spring-integration-1.0.xsd, http://www.springframework.org/schema/task/spring-task-3.1.xsd=org/springframework/scheduling/config/spring-task-3.1.xsd, http://www.springframework.org/schema/beans/spring-beans-3.0.xsd=org/springframework/beans/factory/xml/spring-beans-3.0.xsd, http://www.springframework.org/schema/jee/spring-jee.xsd=org/springframework/ejb/config/spring-jee-3.2.xsd, http://www.springframework.org/schema/aop/spring-aop-2.5.xsd=org/springframework/aop/config/spring-aop-2.5.xsd, http://www.springframework.org/schema/lang/spring-lang-2.0.xsd=org/springframework/scripting/config/spring-lang-2.0.xsd, http://www.springframework.org/schema/oxm/spring-oxm.xsd=org/springframework/oxm/config/spring-oxm-3.2.xsd, http://www.springframework.org/schema/util/spring-util-3.2.xsd=org/springframework/beans/factory/xml/spring-util-3.2.xsd, http://www.springframework.org/schema/task/spring-task.xsd=org/springframework/scheduling/config/spring-task-3.2.xsd, http://www.springframework.org/schema/tool/spring-tool-2.0.xsd=org/springframework/beans/factory/xml/spring-tool-2.0.xsd, http://www.springframework.org/schema/tx/spring-tx-3.0.xsd=org/springframework/transaction/config/spring-tx-3.0.xsd, http://www.springframework.org/schema/lang/spring-lang-2.5.xsd=org/springframework/scripting/config/spring-lang-2.5.xsd, http://www.springframework.org/schema/jee/spring-jee-2.0.xsd=org/springframework/ejb/config/spring-jee-2.0.xsd, http://www.springframework.org/schema/data/mongo/spring-mongo-1.0.xsd=org/springframework/data/mongodb/config/spring-mongo-1.0.xsd, http://www.springframework.org/schema/oxm/spring-oxm-3.2.xsd=org/springframework/oxm/config/spring-oxm-3.2.xsd, http://www.springframework.org/schema/tool/spring-tool-2.5.xsd=org/springframework/beans/factory/xml/spring-tool-2.5.xsd, http://www.springframework.org/schema/jee/spring-jee-2.5.xsd=org/springframework/ejb/config/spring-jee-2.5.xsd, http://www.springframework.org/schema/data/repository/spring-repository-1.0.xsd=org/springframework/data/repository/config/spring-repository-1.0.xsd, http://www.springframework.org/schema/task/spring-task-3.0.xsd=org/springframework/scheduling/config/spring-task-3.0.xsd, http://www.springframework.org/schema/lang/spring-lang.xsd=org/springframework/scripting/config/spring-lang-3.2.xsd, http://www.springframework.org/schema/context/spring-context-3.2.xsd=org/springframework/context/config/spring-context-3.2.xsd, http://www.springframework.org/schema/data/repository/spring-repository-1.5.xsd=org/springframework/data/repository/config/spring-repository-1.5.xsd, http://www.springframework.org/schema/util/spring-util-3.1.xsd=org/springframework/beans/factory/xml/spring-util-3.1.xsd, http://www.springframework.org/schema/beans/spring-beans-2.0.xsd=org/springframework/beans/factory/xml/spring-beans-2.0.xsd, http://www.springframework.org/schema/cache/spring-cache.xsd=org/springframework/cache/config/spring-cache-3.2.xsd, http://www.springframework.org/schema/tx/spring-tx.xsd=org/springframework/transaction/config/spring-tx-3.2.xsd, http://www.springframework.org/schema/data/mongo/spring-mongo.xsd=org/springframework/data/mongodb/config/spring-mongo-1.2.xsd, http://www.springframework.org/schema/beans/spring-beans-2.5.xsd=org/springframework/beans/factory/xml/spring-beans-2.5.xsd, http://www.springframework.org/schema/oxm/spring-oxm-3.1.xsd=org/springframework/oxm/config/spring-oxm-3.1.xsd, http://www.springframework.org/schema/tx/spring-tx-2.0.xsd=org/springframework/transaction/config/spring-tx-2.0.xsd, http://www.springframework.org/schema/integration/spring-integration-2.2.xsd=org/springframework/integration/config/xml/spring-integration-2.2.xsd, http://www.springframework.org/schema/jdbc/spring-jdbc-3.2.xsd=org/springframework/jdbc/config/spring-jdbc-3.2.xsd, http://www.springframework.org/schema/aop/spring-aop.xsd=org/springframework/aop/config/spring-aop-3.2.xsd}
14:01:01.309 [main] DEBUG o.s.b.f.xml.PluggableSchemaResolver - Found XML schema [http://www.springframework.org/schema/beans/spring-beans-3.1.xsd] in classpath: org/springframework/beans/factory/xml/spring-beans-3.1.xsd
14:01:01.356 [main] DEBUG o.s.b.f.xml.PluggableSchemaResolver - Found XML schema [http://www.springframework.org/schema/context/spring-context-3.1.xsd] in classpath: org/springframework/context/config/spring-context-3.1.xsd
14:01:01.366 [main] DEBUG o.s.b.f.xml.PluggableSchemaResolver - Found XML schema [http://www.springframework.org/schema/tool/spring-tool-3.1.xsd] in classpath: org/springframework/beans/factory/xml/spring-tool-3.1.xsd
14:01:01.375 [main] DEBUG o.s.b.f.x.DefaultBeanDefinitionDocumentReader - Loading bean definitions
14:01:01.383 [main] INFO  o.s.b.f.xml.XmlBeanDefinitionReader - Loading XML bean definitions from URL [file:/home/canboanoglu/NetBeansProjects/gtfs-creator/target/classes/spring/application-context-property.xml]
14:01:01.384 [main] DEBUG o.s.b.f.xml.DefaultDocumentLoader - Using JAXP provider [com.sun.org.apache.xerces.internal.jaxp.DocumentBuilderFactoryImpl]
14:01:01.386 [main] DEBUG o.s.b.f.xml.PluggableSchemaResolver - Found XML schema [http://www.springframework.org/schema/beans/spring-beans-3.1.xsd] in classpath: org/springframework/beans/factory/xml/spring-beans-3.1.xsd
14:01:01.400 [main] DEBUG o.s.b.f.xml.PluggableSchemaResolver - Found XML schema [http://www.springframework.org/schema/context/spring-context-3.1.xsd] in classpath: org/springframework/context/config/spring-context-3.1.xsd
14:01:01.404 [main] DEBUG o.s.b.f.xml.PluggableSchemaResolver - Found XML schema [http://www.springframework.org/schema/tool/spring-tool-3.1.xsd] in classpath: org/springframework/beans/factory/xml/spring-tool-3.1.xsd
14:01:01.409 [main] DEBUG o.s.b.f.x.DefaultBeanDefinitionDocumentReader - Loading bean definitions
14:01:01.411 [main] DEBUG o.s.b.f.x.DefaultNamespaceHandlerResolver - Loaded NamespaceHandler mappings: {http://www.springframework.org/schema/p=org.springframework.beans.factory.xml.SimplePropertyNamespaceHandler, http://www.springframework.org/schema/mvc=org.springframework.web.servlet.config.MvcNamespaceHandler, http://www.springframework.org/schema/util=org.springframework.beans.factory.xml.UtilNamespaceHandler, http://www.springframework.org/schema/data/mongo=org.springframework.data.mongodb.config.MongoNamespaceHandler, http://www.springframework.org/schema/jee=org.springframework.ejb.config.JeeNamespaceHandler, http://www.springframework.org/schema/aop=org.springframework.aop.config.AopNamespaceHandler, http://www.springframework.org/schema/data/repository=org.springframework.data.repository.config.RepositoryNameSpaceHandler, http://www.springframework.org/schema/jdbc=org.springframework.jdbc.config.JdbcNamespaceHandler, http://www.springframework.org/schema/oxm=org.springframework.oxm.config.OxmNamespaceHandler, http://www.springframework.org/schema/cache=org.springframework.cache.config.CacheNamespaceHandler, http://www.springframework.org/schema/c=org.springframework.beans.factory.xml.SimpleConstructorNamespaceHandler, http://www.springframework.org/schema/tx=org.springframework.transaction.config.TxNamespaceHandler, http://www.springframework.org/schema/integration=org.springframework.integration.config.xml.IntegrationNamespaceHandler, http://www.springframework.org/schema/task=org.springframework.scheduling.config.TaskNamespaceHandler, http://www.springframework.org/schema/lang=org.springframework.scripting.config.LangNamespaceHandler, http://www.springframework.org/schema/context=org.springframework.context.config.ContextNamespaceHandler}
14:01:01.426 [main] DEBUG o.s.b.f.xml.XmlBeanDefinitionReader - Loaded 2 bean definitions from location pattern [classpath*:spring/application-context-property.xml]
14:01:01.426 [main] DEBUG o.s.b.f.x.DefaultBeanDefinitionDocumentReader - Imported 2 bean definitions from URL location [classpath*:spring/application-context-property.xml]
14:01:01.426 [main] INFO  o.s.b.f.xml.XmlBeanDefinitionReader - Loading XML bean definitions from URL [file:/home/canboanoglu/NetBeansProjects/gtfs-creator/target/classes/spring/application-context-hibernate-db.xml]
14:01:01.427 [main] DEBUG o.s.b.f.xml.DefaultDocumentLoader - Using JAXP provider [com.sun.org.apache.xerces.internal.jaxp.DocumentBuilderFactoryImpl]
14:01:01.429 [main] DEBUG o.s.b.f.xml.PluggableSchemaResolver - Found XML schema [http://www.springframework.org/schema/beans/spring-beans-3.0.xsd] in classpath: org/springframework/beans/factory/xml/spring-beans-3.0.xsd
14:01:01.443 [main] DEBUG o.s.b.f.xml.PluggableSchemaResolver - Found XML schema [http://www.springframework.org/schema/tx/spring-tx-3.0.xsd] in classpath: org/springframework/transaction/config/spring-tx-3.0.xsd
14:01:01.446 [main] DEBUG o.s.b.f.xml.PluggableSchemaResolver - Found XML schema [http://www.springframework.org/schema/tool/spring-tool-3.0.xsd] in classpath: org/springframework/beans/factory/xml/spring-tool-3.0.xsd
14:01:01.449 [main] DEBUG o.s.b.f.x.DefaultBeanDefinitionDocumentReader - Loading bean definitions
14:01:01.467 [main] DEBUG o.s.b.f.xml.XmlBeanDefinitionReader - Loaded 8 bean definitions from location pattern [classpath*:spring/application-context-hibernate-db.xml]
14:01:01.467 [main] DEBUG o.s.b.f.x.DefaultBeanDefinitionDocumentReader - Imported 8 bean definitions from URL location [classpath*:spring/application-context-hibernate-db.xml]
14:01:01.468 [main] INFO  o.s.b.f.xml.XmlBeanDefinitionReader - Loading XML bean definitions from URL [file:/home/canboanoglu/NetBeansProjects/gtfs-creator/target/classes/spring/application-context-hibernate-persistency.xml]
14:01:01.469 [main] DEBUG o.s.b.f.xml.DefaultDocumentLoader - Using JAXP provider [com.sun.org.apache.xerces.internal.jaxp.DocumentBuilderFactoryImpl]
14:01:01.472 [main] DEBUG o.s.b.f.xml.PluggableSchemaResolver - Found XML schema [http://www.springframework.org/schema/beans/spring-beans-3.1.xsd] in classpath: org/springframework/beans/factory/xml/spring-beans-3.1.xsd
14:01:01.488 [main] DEBUG o.s.b.f.x.DefaultBeanDefinitionDocumentReader - Loading bean definitions
14:01:01.490 [main] DEBUG o.s.b.f.xml.XmlBeanDefinitionReader - Loaded 5 bean definitions from location pattern [classpath*:spring/application-context-hibernate-persistency.xml]
14:01:01.490 [main] DEBUG o.s.b.f.x.DefaultBeanDefinitionDocumentReader - Imported 5 bean definitions from URL location [classpath*:spring/application-context-hibernate-persistency.xml]
14:01:01.491 [main] INFO  o.s.b.f.xml.XmlBeanDefinitionReader - Loading XML bean definitions from URL [file:/home/canboanoglu/NetBeansProjects/gtfs-creator/target/classes/spring/application-context-core.xml]
14:01:01.492 [main] DEBUG o.s.b.f.xml.DefaultDocumentLoader - Using JAXP provider [com.sun.org.apache.xerces.internal.jaxp.DocumentBuilderFactoryImpl]
14:01:01.494 [main] DEBUG o.s.b.f.xml.PluggableSchemaResolver - Found XML schema [http://www.springframework.org/schema/beans/spring-beans-3.2.xsd] in classpath: org/springframework/beans/factory/xml/spring-beans-3.2.xsd
14:01:01.505 [main] DEBUG o.s.b.f.x.DefaultBeanDefinitionDocumentReader - Loading bean definitions
14:01:01.506 [main] DEBUG o.s.b.f.xml.XmlBeanDefinitionReader - Loaded 0 bean definitions from location pattern [classpath*:spring/application-context-core.xml]
14:01:01.506 [main] DEBUG o.s.b.f.x.DefaultBeanDefinitionDocumentReader - Imported 0 bean definitions from URL location [classpath*:spring/application-context-core.xml]
14:01:01.514 [main] DEBUG o.s.c.i.s.PathMatchingResourcePatternResolver - Looking for matching resources in directory tree [/home/canboanoglu/NetBeansProjects/gtfs-creator/target/test-classes/net/lojika/gtfs]
14:01:01.514 [main] DEBUG o.s.c.i.s.PathMatchingResourcePatternResolver - Searching directory [/home/canboanoglu/NetBeansProjects/gtfs-creator/target/test-classes/net/lojika/gtfs] for files matching pattern [/home/canboanoglu/NetBeansProjects/gtfs-creator/target/test-classes/net/lojika/gtfs/**/*.class]
14:01:01.516 [main] DEBUG o.s.c.i.s.PathMatchingResourcePatternResolver - Searching directory [/home/canboanoglu/NetBeansProjects/gtfs-creator/target/test-classes/net/lojika/gtfs/service] for files matching pattern [/home/canboanoglu/NetBeansProjects/gtfs-creator/target/test-classes/net/lojika/gtfs/**/*.class]
14:01:01.519 [main] DEBUG o.s.c.i.s.PathMatchingResourcePatternResolver - Looking for matching resources in directory tree [/home/canboanoglu/NetBeansProjects/gtfs-creator/target/classes/net/lojika/gtfs]
14:01:01.519 [main] DEBUG o.s.c.i.s.PathMatchingResourcePatternResolver - Searching directory [/home/canboanoglu/NetBeansProjects/gtfs-creator/target/classes/net/lojika/gtfs] for files matching pattern [/home/canboanoglu/NetBeansProjects/gtfs-creator/target/classes/net/lojika/gtfs/**/*.class]
14:01:01.519 [main] DEBUG o.s.c.i.s.PathMatchingResourcePatternResolver - Searching directory [/home/canboanoglu/NetBeansProjects/gtfs-creator/target/classes/net/lojika/gtfs/dao] for files matching pattern [/home/canboanoglu/NetBeansProjects/gtfs-creator/target/classes/net/lojika/gtfs/**/*.class]
14:01:01.520 [main] DEBUG o.s.c.i.s.PathMatchingResourcePatternResolver - Searching directory [/home/canboanoglu/NetBeansProjects/gtfs-creator/target/classes/net/lojika/gtfs/dao/impl] for files matching pattern [/home/canboanoglu/NetBeansProjects/gtfs-creator/target/classes/net/lojika/gtfs/**/*.class]
14:01:01.521 [main] DEBUG o.s.c.i.s.PathMatchingResourcePatternResolver - Searching directory [/home/canboanoglu/NetBeansProjects/gtfs-creator/target/classes/net/lojika/gtfs/model] for files matching pattern [/home/canboanoglu/NetBeansProjects/gtfs-creator/target/classes/net/lojika/gtfs/**/*.class]
14:01:01.522 [main] DEBUG o.s.c.i.s.PathMatchingResourcePatternResolver - Searching directory [/home/canboanoglu/NetBeansProjects/gtfs-creator/target/classes/net/lojika/gtfs/service] for files matching pattern [/home/canboanoglu/NetBeansProjects/gtfs-creator/target/classes/net/lojika/gtfs/**/*.class]
14:01:01.523 [main] DEBUG o.s.c.i.s.PathMatchingResourcePatternResolver - Searching directory [/home/canboanoglu/NetBeansProjects/gtfs-creator/target/classes/net/lojika/gtfs/service/impl] for files matching pattern [/home/canboanoglu/NetBeansProjects/gtfs-creator/target/classes/net/lojika/gtfs/**/*.class]
14:01:01.526 [main] DEBUG o.s.c.i.s.PathMatchingResourcePatternResolver - Resolved location pattern [classpath*:net/lojika/gtfs/**/*.class] to resources [file [/home/canboanoglu/NetBeansProjects/gtfs-creator/target/test-classes/net/lojika/gtfs/service/RoutesDaoImplTest.class], file [/home/canboanoglu/NetBeansProjects/gtfs-creator/target/test-classes/net/lojika/gtfs/service/TripsDaoImplTest.class], file [/home/canboanoglu/NetBeansProjects/gtfs-creator/target/test-classes/net/lojika/gtfs/service/StopsDaoImplTest.class], file [/home/canboanoglu/NetBeansProjects/gtfs-creator/target/test-classes/net/lojika/gtfs/service/AbstractServiceImplTest.class], file [/home/canboanoglu/NetBeansProjects/gtfs-creator/target/classes/net/lojika/gtfs/dao/TripsDao.class], file [/home/canboanoglu/NetBeansProjects/gtfs-creator/target/classes/net/lojika/gtfs/dao/HibernateGenericDao.class], file [/home/canboanoglu/NetBeansProjects/gtfs-creator/target/classes/net/lojika/gtfs/dao/RoutesCdkDao.class], file [/home/canboanoglu/NetBeansProjects/gtfs-creator/target/classes/net/lojika/gtfs/dao/TripLineDao.class], file [/home/canboanoglu/NetBeansProjects/gtfs-creator/target/classes/net/lojika/gtfs/dao/StopsDao.class], file [/home/canboanoglu/NetBeansProjects/gtfs-creator/target/classes/net/lojika/gtfs/dao/impl/TripLineDaoImpl.class], file [/home/canboanoglu/NetBeansProjects/gtfs-creator/target/classes/net/lojika/gtfs/dao/impl/RoutesDaoImpl.class], file [/home/canboanoglu/NetBeansProjects/gtfs-creator/target/classes/net/lojika/gtfs/dao/impl/RoutesCdkDaoImpl.class], file [/home/canboanoglu/NetBeansProjects/gtfs-creator/target/classes/net/lojika/gtfs/dao/impl/HibernateGenericDaoImpl.class], file [/home/canboanoglu/NetBeansProjects/gtfs-creator/target/classes/net/lojika/gtfs/dao/impl/StopsDaoImpl.class], file [/home/canboanoglu/NetBeansProjects/gtfs-creator/target/classes/net/lojika/gtfs/dao/impl/TripsDaoImpl.class], file [/home/canboanoglu/NetBeansProjects/gtfs-creator/target/classes/net/lojika/gtfs/dao/RoutesDao.class], file [/home/canboanoglu/NetBeansProjects/gtfs-creator/target/classes/net/lojika/gtfs/model/StopTimes.class], file [/home/canboanoglu/NetBeansProjects/gtfs-creator/target/classes/net/lojika/gtfs/model/TripLine.class], file [/home/canboanoglu/NetBeansProjects/gtfs-creator/target/classes/net/lojika/gtfs/model/Routes.class], file [/home/canboanoglu/NetBeansProjects/gtfs-creator/target/classes/net/lojika/gtfs/model/RoutesCdkid.class], file [/home/canboanoglu/NetBeansProjects/gtfs-creator/target/classes/net/lojika/gtfs/model/Trips.class], file [/home/canboanoglu/NetBeansProjects/gtfs-creator/target/classes/net/lojika/gtfs/model/Calendar.class], file [/home/canboanoglu/NetBeansProjects/gtfs-creator/target/classes/net/lojika/gtfs/model/Stops.class], file [/home/canboanoglu/NetBeansProjects/gtfs-creator/target/classes/net/lojika/gtfs/model/Ptlines.class], file [/home/canboanoglu/NetBeansProjects/gtfs-creator/target/classes/net/lojika/gtfs/service/AbstractGtfsBuilder.class], file [/home/canboanoglu/NetBeansProjects/gtfs-creator/target/classes/net/lojika/gtfs/service/JsonReader.class], file [/home/canboanoglu/NetBeansProjects/gtfs-creator/target/classes/net/lojika/gtfs/service/CitySdkHandler.class], file [/home/canboanoglu/NetBeansProjects/gtfs-creator/target/classes/net/lojika/gtfs/service/impl/CitySdkHandlerImpl.class], file [/home/canboanoglu/NetBeansProjects/gtfs-creator/target/classes/net/lojika/gtfs/service/GtfsBuilder.class], file [/home/canboanoglu/NetBeansProjects/gtfs-creator/target/classes/net/lojika/gtfs/service/RoutesBuilder.class], file [/home/canboanoglu/NetBeansProjects/gtfs-creator/target/classes/net/lojika/gtfs/service/GetCdkId.class], file [/home/canboanoglu/NetBeansProjects/gtfs-creator/target/classes/net/lojika/gtfs/service/StopsBuilder.class], file [/home/canboanoglu/NetBeansProjects/gtfs-creator/target/classes/net/lojika/gtfs/service/CitySdkUrl.class], file [/home/canboanoglu/NetBeansProjects/gtfs-creator/target/classes/net/lojika/gtfs/service/TripBuilder.class]]
14:01:01.593 [main] DEBUG o.s.b.f.xml.XmlBeanDefinitionReader - Loaded 20 bean definitions from location pattern [classpath:/spring/bootstrap.xml]
14:01:01.596 [main] INFO  o.s.c.s.GenericApplicationContext - Refreshing org.springframework.context.support.GenericApplicationContext@5143dd30: startup date [Wed Aug 13 14:01:01 EEST 2014]; root of context hierarchy
14:01:01.597 [main] DEBUG o.s.c.s.GenericApplicationContext - Bean factory for org.springframework.context.support.GenericApplicationContext@5143dd30: org.springframework.beans.factory.support.DefaultListableBeanFactory@2f3a2c5a: defining beans [org.springframework.context.support.PropertySourcesPlaceholderConfigurer#0,org.springframework.context.support.PropertySourcesPlaceholderConfigurer#1,dataSource,hibernateTemplate,sessionFactory,transactionManager,org.springframework.aop.config.internalAutoProxyCreator,org.springframework.transaction.annotation.AnnotationTransactionAttributeSource#0,org.springframework.transaction.interceptor.TransactionInterceptor#0,org.springframework.transaction.config.internalTransactionAdvisor,stopsDao,routesDao,routesCdkDao,tripLineDao,tripsDao,org.springframework.context.annotation.internalConfigurationAnnotationProcessor,org.springframework.context.annotation.internalAutowiredAnnotationProcessor,org.springframework.context.annotation.internalRequiredAnnotationProcessor,org.springframework.context.annotation.internalCommonAnnotationProcessor,org.springframework.context.annotation.internalPersistenceAnnotationProcessor]; root of factory hierarchy
14:01:01.623 [main] DEBUG o.s.b.f.s.DefaultListableBeanFactory - Creating shared instance of singleton bean &apos;org.springframework.context.annotation.internalConfigurationAnnotationProcessor&apos;
14:01:01.624 [main] DEBUG o.s.b.f.s.DefaultListableBeanFactory - Creating instance of bean &apos;org.springframework.context.annotation.internalConfigurationAnnotationProcessor&apos;
14:01:01.643 [main] DEBUG o.s.b.f.s.DefaultListableBeanFactory - Eagerly caching bean &apos;org.springframework.context.annotation.internalConfigurationAnnotationProcessor&apos; to allow for resolving potential circular references
14:01:01.645 [main] DEBUG o.s.b.f.s.DefaultListableBeanFactory - Finished creating instance of bean &apos;org.springframework.context.annotation.internalConfigurationAnnotationProcessor&apos;
14:01:01.675 [main] DEBUG o.s.b.f.s.DefaultListableBeanFactory - Creating shared instance of singleton bean &apos;org.springframework.context.support.PropertySourcesPlaceholderConfigurer#0&apos;
14:01:01.675 [main] DEBUG o.s.b.f.s.DefaultListableBeanFactory - Creating instance of bean &apos;org.springframework.context.support.PropertySourcesPlaceholderConfigurer#0&apos;
14:01:01.676 [main] DEBUG o.s.b.f.s.DefaultListableBeanFactory - Eagerly caching bean &apos;org.springframework.context.support.PropertySourcesPlaceholderConfigurer#0&apos; to allow for resolving potential circular references
14:01:01.709 [main] DEBUG o.s.c.e.PropertySourcesPropertyResolver - Searching for key &apos;user.prop&apos; in [systemProperties]
14:01:01.710 [main] DEBUG o.s.c.e.PropertySourcesPropertyResolver - Searching for key &apos;user.prop&apos; in [systemEnvironment]
14:01:01.713 [main] DEBUG o.s.c.e.PropertySourcesPropertyResolver - Could not find key &apos;user.prop&apos; in any property source. Returning [null]
14:01:01.714 [main] DEBUG o.s.c.e.PropertySourcesPropertyResolver - Searching for key &apos;database.prop&apos; in [systemProperties]
14:01:01.714 [main] DEBUG o.s.c.e.PropertySourcesPropertyResolver - Searching for key &apos;database.prop&apos; in [systemEnvironment]
14:01:01.714 [main] DEBUG o.s.c.e.PropertySourcesPropertyResolver - Could not find key &apos;database.prop&apos; in any property source. Returning [null]
14:01:01.715 [main] DEBUG o.s.b.f.s.DefaultListableBeanFactory - Finished creating instance of bean &apos;org.springframework.context.support.PropertySourcesPlaceholderConfigurer#0&apos;
14:01:01.716 [main] DEBUG o.s.b.f.s.DefaultListableBeanFactory - Creating shared instance of singleton bean &apos;org.springframework.context.support.PropertySourcesPlaceholderConfigurer#1&apos;
14:01:01.716 [main] DEBUG o.s.b.f.s.DefaultListableBeanFactory - Creating instance of bean &apos;org.springframework.context.support.PropertySourcesPlaceholderConfigurer#1&apos;
14:01:01.716 [main] DEBUG o.s.b.f.s.DefaultListableBeanFactory - Eagerly caching bean &apos;org.springframework.context.support.PropertySourcesPlaceholderConfigurer#1&apos; to allow for resolving potential circular references
14:01:01.717 [main] DEBUG o.s.b.f.s.DefaultListableBeanFactory - Finished creating instance of bean &apos;org.springframework.context.support.PropertySourcesPlaceholderConfigurer#1&apos;
14:01:01.717 [main] DEBUG o.s.core.env.MutablePropertySources - Adding [environmentProperties] PropertySource with lowest search precedence
14:01:01.717 [main] INFO  o.s.c.s.PropertySourcesPlaceholderConfigurer - Loading properties file from class path resource [${user.prop}]
14:01:01.717 [main] WARN  o.s.c.s.PropertySourcesPlaceholderConfigurer - Could not load properties from class path resource [${user.prop}]: class path resource [${user.prop}] cannot be opened because it does not exist
14:01:01.718 [main] INFO  o.s.c.s.PropertySourcesPlaceholderConfigurer - Loading properties file from class path resource [${database.prop}]
14:01:01.718 [main] WARN  o.s.c.s.PropertySourcesPlaceholderConfigurer - Could not load properties from class path resource [${database.prop}]: class path resource [${database.prop}] cannot be opened because it does not exist
14:01:01.718 [main] DEBUG o.s.core.env.MutablePropertySources - Adding [localProperties] PropertySource with lowest search precedence
14:01:01.720 [main] DEBUG o.s.c.e.PropertySourcesPropertyResolver - Searching for key &apos;database.connection.driver&apos; in [environmentProperties]
14:01:01.720 [main] DEBUG o.s.c.e.PropertySourcesPropertyResolver - Searching for key &apos;database.connection.driver&apos; in [systemProperties]
14:01:01.720 [main] DEBUG o.s.c.e.PropertySourcesPropertyResolver - Searching for key &apos;database.connection.driver&apos; in [systemEnvironment]
14:01:01.721 [main] DEBUG o.s.c.e.PropertySourcesPropertyResolver - Could not find key &apos;database.connection.driver&apos; in any property source. Returning [null]
14:01:01.721 [main] DEBUG o.s.c.e.PropertySourcesPropertyResolver - Searching for key &apos;database.connection.driver&apos; in [localProperties]
14:01:01.721 [main] DEBUG o.s.c.e.PropertySourcesPropertyResolver - Could not find key &apos;database.connection.driver&apos; in any property source. Returning [null]
14:01:01.721 [main] DEBUG o.s.c.e.PropertySourcesPropertyResolver - Searching for key &apos;database.connection.url&apos; in [environmentProperties]
14:01:01.721 [main] DEBUG o.s.c.e.PropertySourcesPropertyResolver - Searching for key &apos;database.connection.url&apos; in [systemProperties]
14:01:01.721 [main] DEBUG o.s.c.e.PropertySourcesPropertyResolver - Searching for key &apos;database.connection.url&apos; in [systemEnvironment]
14:01:01.722 [main] DEBUG o.s.c.e.PropertySourcesPropertyResolver - Could not find key &apos;database.connection.url&apos; in any property source. Returning [null]
14:01:01.722 [main] DEBUG o.s.c.e.PropertySourcesPropertyResolver - Searching for key &apos;database.connection.url&apos; in [localProperties]
14:01:01.722 [main] DEBUG o.s.c.e.PropertySourcesPropertyResolver - Could not find key &apos;database.connection.url&apos; in any property source. Returning [null]
14:01:01.722 [main] DEBUG o.s.c.e.PropertySourcesPropertyResolver - Searching for key &apos;database.connection.username&apos; in [environmentProperties]
14:01:01.722 [main] DEBUG o.s.c.e.PropertySourcesPropertyResolver - Searching for key &apos;database.connection.username&apos; in [systemProperties]
14:01:01.722 [main] DEBUG o.s.c.e.PropertySourcesPropertyResolver - Searching for key &apos;database.connection.username&apos; in [systemEnvironment]
14:01:01.723 [main] DEBUG o.s.c.e.PropertySourcesPropertyResolver - Could not find key &apos;database.connection.username&apos; in any property source. Returning [null]
14:01:01.723 [main] DEBUG o.s.c.e.PropertySourcesPropertyResolver - Searching for key &apos;database.connection.username&apos; in [localProperties]
14:01:01.723 [main] DEBUG o.s.c.e.PropertySourcesPropertyResolver - Could not find key &apos;database.connection.username&apos; in any property source. Returning [null]
14:01:01.723 [main] DEBUG o.s.c.e.PropertySourcesPropertyResolver - Searching for key &apos;database.connection.password&apos; in [environmentProperties]
14:01:01.723 [main] DEBUG o.s.c.e.PropertySourcesPropertyResolver - Searching for key &apos;database.connection.password&apos; in [systemProperties]
14:01:01.723 [main] DEBUG o.s.c.e.PropertySourcesPropertyResolver - Searching for key &apos;database.connection.password&apos; in [systemEnvironment]
14:01:01.723 [main] DEBUG o.s.c.e.PropertySourcesPropertyResolver - Could not find key &apos;database.connection.password&apos; in any property source. Returning [null]
14:01:01.723 [main] DEBUG o.s.c.e.PropertySourcesPropertyResolver - Searching for key &apos;database.connection.password&apos; in [localProperties]
14:01:01.724 [main] DEBUG o.s.c.e.PropertySourcesPropertyResolver - Could not find key &apos;database.connection.password&apos; in any property source. Returning [null]
14:01:01.724 [main] DEBUG o.s.c.e.PropertySourcesPropertyResolver - Searching for key &apos;packages.to.scan&apos; in [environmentProperties]
14:01:01.724 [main] DEBUG o.s.c.e.PropertySourcesPropertyResolver - Searching for key &apos;packages.to.scan&apos; in [systemProperties]
14:01:01.724 [main] DEBUG o.s.c.e.PropertySourcesPropertyResolver - Searching for key &apos;packages.to.scan&apos; in [systemEnvironment]
14:01:01.724 [main] DEBUG o.s.c.e.PropertySourcesPropertyResolver - Could not find key &apos;packages.to.scan&apos; in any property source. Returning [null]
14:01:01.724 [main] DEBUG o.s.c.e.PropertySourcesPropertyResolver - Searching for key &apos;packages.to.scan&apos; in [localProperties]
14:01:01.724 [main] DEBUG o.s.c.e.PropertySourcesPropertyResolver - Could not find key &apos;packages.to.scan&apos; in any property source. Returning [null]
14:01:01.725 [main] DEBUG o.s.c.e.PropertySourcesPropertyResolver - Searching for key &apos;database.generate_statistics&apos; in [environmentProperties]
14:01:01.725 [main] DEBUG o.s.c.e.PropertySourcesPropertyResolver - Searching for key &apos;database.generate_statistics&apos; in [systemProperties]
14:01:01.725 [main] DEBUG o.s.c.e.PropertySourcesPropertyResolver - Searching for key &apos;database.generate_statistics&apos; in [systemEnvironment]
14:01:01.725 [main] DEBUG o.s.c.e.PropertySourcesPropertyResolver - Could not find key &apos;database.generate_statistics&apos; in any property source. Returning [null]
14:01:01.725 [main] DEBUG o.s.c.e.PropertySourcesPropertyResolver - Searching for key &apos;database.generate_statistics&apos; in [localProperties]
14:01:01.726 [main] DEBUG o.s.c.e.PropertySourcesPropertyResolver - Could not find key &apos;database.generate_statistics&apos; in any property source. Returning [null]
14:01:01.726 [main] DEBUG o.s.c.e.PropertySourcesPropertyResolver - Searching for key &apos;database.format_sql&apos; in [environmentProperties]
14:01:01.726 [main] DEBUG o.s.c.e.PropertySourcesPropertyResolver - Searching for key &apos;database.format_sql&apos; in [systemProperties]
14:01:01.726 [main] DEBUG o.s.c.e.PropertySourcesPropertyResolver - Searching for key &apos;database.format_sql&apos; in [systemEnvironment]
14:01:01.726 [main] DEBUG o.s.c.e.PropertySourcesPropertyResolver - Could not find key &apos;database.format_sql&apos; in any property source. Returning [null]
14:01:01.726 [main] DEBUG o.s.c.e.PropertySourcesPropertyResolver - Searching for key &apos;database.format_sql&apos; in [localProperties]
14:01:01.726 [main] DEBUG o.s.c.e.PropertySourcesPropertyResolver - Could not find key &apos;database.format_sql&apos; in any property source. Returning [null]
14:01:01.726 [main] DEBUG o.s.c.e.PropertySourcesPropertyResolver - Searching for key &apos;database.max_fetch_depth&apos; in [environmentProperties]
14:01:01.727 [main] DEBUG o.s.c.e.PropertySourcesPropertyResolver - Searching for key &apos;database.max_fetch_depth&apos; in [systemProperties]
14:01:01.727 [main] DEBUG o.s.c.e.PropertySourcesPropertyResolver - Searching for key &apos;database.max_fetch_depth&apos; in [systemEnvironment]
14:01:01.727 [main] DEBUG o.s.c.e.PropertySourcesPropertyResolver - Could not find key &apos;database.max_fetch_depth&apos; in any property source. Returning [null]
14:01:01.727 [main] DEBUG o.s.c.e.PropertySourcesPropertyResolver - Searching for key &apos;database.max_fetch_depth&apos; in [localProperties]
14:01:01.727 [main] DEBUG o.s.c.e.PropertySourcesPropertyResolver - Could not find key &apos;database.max_fetch_depth&apos; in any property source. Returning [null]
14:01:01.727 [main] DEBUG o.s.c.e.PropertySourcesPropertyResolver - Searching for key &apos;database.hbm2ddl&apos; in [environmentProperties]
14:01:01.727 [main] DEBUG o.s.c.e.PropertySourcesPropertyResolver - Searching for key &apos;database.hbm2ddl&apos; in [systemProperties]
14:01:01.727 [main] DEBUG o.s.c.e.PropertySourcesPropertyResolver - Searching for key &apos;database.hbm2ddl&apos; in [systemEnvironment]
14:01:01.728 [main] DEBUG o.s.c.e.PropertySourcesPropertyResolver - Could not find key &apos;database.hbm2ddl&apos; in any property source. Returning [null]
14:01:01.728 [main] DEBUG o.s.c.e.PropertySourcesPropertyResolver - Searching for key &apos;database.hbm2ddl&apos; in [localProperties]
14:01:01.728 [main] DEBUG o.s.c.e.PropertySourcesPropertyResolver - Could not find key &apos;database.hbm2ddl&apos; in any property source. Returning [null]
14:01:01.728 [main] DEBUG o.s.c.e.PropertySourcesPropertyResolver - Searching for key &apos;database.show_sql&apos; in [environmentProperties]
14:01:01.728 [main] DEBUG o.s.c.e.PropertySourcesPropertyResolver - Searching for key &apos;database.show_sql&apos; in [systemProperties]
14:01:01.728 [main] DEBUG o.s.c.e.PropertySourcesPropertyResolver - Searching for key &apos;database.show_sql&apos; in [systemEnvironment]
14:01:01.728 [main] DEBUG o.s.c.e.PropertySourcesPropertyResolver - Could not find key &apos;database.show_sql&apos; in any property source. Returning [null]
14:01:01.728 [main] DEBUG o.s.c.e.PropertySourcesPropertyResolver - Searching for key &apos;database.show_sql&apos; in [localProperties]
14:01:01.729 [main] DEBUG o.s.c.e.PropertySourcesPropertyResolver - Could not find key &apos;database.show_sql&apos; in any property source. Returning [null]
14:01:01.729 [main] DEBUG o.s.c.e.PropertySourcesPropertyResolver - Searching for key &apos;database.dialect&apos; in [environmentProperties]
14:01:01.729 [main] DEBUG o.s.c.e.PropertySourcesPropertyResolver - Searching for key &apos;database.dialect&apos; in [systemProperties]
14:01:01.729 [main] DEBUG o.s.c.e.PropertySourcesPropertyResolver - Searching for key &apos;database.dialect&apos; in [systemEnvironment]
14:01:01.729 [main] DEBUG o.s.c.e.PropertySourcesPropertyResolver - Could not find key &apos;database.dialect&apos; in any property source. Returning [null]
14:01:01.729 [main] DEBUG o.s.c.e.PropertySourcesPropertyResolver - Searching for key &apos;database.dialect&apos; in [localProperties]
14:01:01.729 [main] DEBUG o.s.c.e.PropertySourcesPropertyResolver - Could not find key &apos;database.dialect&apos; in any property source. Returning [null]
14:01:01.731 [main] DEBUG o.s.core.env.MutablePropertySources - Adding [environmentProperties] PropertySource with lowest search precedence
14:01:01.731 [main] INFO  o.s.c.s.PropertySourcesPlaceholderConfigurer - Loading properties file from class path resource [properties/app.properties]
14:01:01.732 [main] INFO  o.s.c.s.PropertySourcesPlaceholderConfigurer - Loading properties file from class path resource [properties/database.properties]
14:01:01.733 [main] DEBUG o.s.core.env.MutablePropertySources - Adding [localProperties] PropertySource with lowest search precedence
14:01:01.734 [main] DEBUG o.s.c.e.PropertySourcesPropertyResolver - Searching for key &apos;user.prop&apos; in [environmentProperties]
14:01:01.734 [main] DEBUG o.s.c.e.PropertySourcesPropertyResolver - Searching for key &apos;user.prop&apos; in [systemProperties]
14:01:01.734 [main] DEBUG o.s.c.e.PropertySourcesPropertyResolver - Searching for key &apos;user.prop&apos; in [systemEnvironment]
14:01:01.735 [main] DEBUG o.s.c.e.PropertySourcesPropertyResolver - Could not find key &apos;user.prop&apos; in any property source. Returning [null]
14:01:01.735 [main] DEBUG o.s.c.e.PropertySourcesPropertyResolver - Searching for key &apos;user.prop&apos; in [localProperties]
14:01:01.735 [main] DEBUG o.s.c.e.PropertySourcesPropertyResolver - Could not find key &apos;user.prop&apos; in any property source. Returning [null]
14:01:01.735 [main] DEBUG o.s.c.e.PropertySourcesPropertyResolver - Searching for key &apos;database.prop&apos; in [environmentProperties]
14:01:01.735 [main] DEBUG o.s.c.e.PropertySourcesPropertyResolver - Searching for key &apos;database.prop&apos; in [systemProperties]
14:01:01.735 [main] DEBUG o.s.c.e.PropertySourcesPropertyResolver - Searching for key &apos;database.prop&apos; in [systemEnvironment]
14:01:01.735 [main] DEBUG o.s.c.e.PropertySourcesPropertyResolver - Could not find key &apos;database.prop&apos; in any property source. Returning [null]
14:01:01.736 [main] DEBUG o.s.c.e.PropertySourcesPropertyResolver - Searching for key &apos;database.prop&apos; in [localProperties]
14:01:01.736 [main] DEBUG o.s.c.e.PropertySourcesPropertyResolver - Could not find key &apos;database.prop&apos; in any property source. Returning [null]
14:01:01.736 [main] DEBUG o.s.c.e.PropertySourcesPropertyResolver - Searching for key &apos;database.connection.driver&apos; in [environmentProperties]
14:01:01.736 [main] DEBUG o.s.c.e.PropertySourcesPropertyResolver - Searching for key &apos;database.connection.driver&apos; in [systemProperties]
14:01:01.736 [main] DEBUG o.s.c.e.PropertySourcesPropertyResolver - Searching for key &apos;database.connection.driver&apos; in [systemEnvironment]
14:01:01.737 [main] DEBUG o.s.c.e.PropertySourcesPropertyResolver - Could not find key &apos;database.connection.driver&apos; in any property source. Returning [null]
14:01:01.737 [main] DEBUG o.s.c.e.PropertySourcesPropertyResolver - Searching for key &apos;database.connection.driver&apos; in [localProperties]
14:01:01.737 [main] DEBUG o.s.c.e.PropertySourcesPropertyResolver - Found key &apos;database.connection.driver&apos; in [localProperties] with type [String] and value &apos;org.postgresql.Driver&apos;
14:01:01.739 [main] DEBUG o.s.c.e.PropertySourcesPropertyResolver - Searching for key &apos;database.connection.url&apos; in [environmentProperties]
14:01:01.739 [main] DEBUG o.s.c.e.PropertySourcesPropertyResolver - Searching for key &apos;database.connection.url&apos; in [systemProperties]
14:01:01.739 [main] DEBUG o.s.c.e.PropertySourcesPropertyResolver - Searching for key &apos;database.connection.url&apos; in [systemEnvironment]
14:01:01.740 [main] DEBUG o.s.c.e.PropertySourcesPropertyResolver - Could not find key &apos;database.connection.url&apos; in any property source. Returning [null]
14:01:01.740 [main] DEBUG o.s.c.e.PropertySourcesPropertyResolver - Searching for key &apos;database.connection.url&apos; in [localProperties]
14:01:01.740 [main] DEBUG o.s.c.e.PropertySourcesPropertyResolver - Found key &apos;database.connection.url&apos; in [localProperties] with type [String] and value &apos;jdbc:postgresql://localhost:5432/gtfs&apos;
14:01:01.740 [main] DEBUG o.s.c.e.PropertySourcesPropertyResolver - Searching for key &apos;database.connection.username&apos; in [environmentProperties]
14:01:01.740 [main] DEBUG o.s.c.e.PropertySourcesPropertyResolver - Searching for key &apos;database.connection.username&apos; in [systemProperties]
14:01:01.740 [main] DEBUG o.s.c.e.PropertySourcesPropertyResolver - Searching for key &apos;database.connection.username&apos; in [systemEnvironment]
14:01:01.741 [main] DEBUG o.s.c.e.PropertySourcesPropertyResolver - Could not find key &apos;database.connection.username&apos; in any property source. Returning [null]
14:01:01.741 [main] DEBUG o.s.c.e.PropertySourcesPropertyResolver - Searching for key &apos;database.connection.username&apos; in [localProperties]
14:01:01.741 [main] DEBUG o.s.c.e.PropertySourcesPropertyResolver - Found key &apos;database.connection.username&apos; in [localProperties] with type [String] and value &apos;postgres&apos;
14:01:01.741 [main] DEBUG o.s.c.e.PropertySourcesPropertyResolver - Searching for key &apos;database.connection.password&apos; in [environmentProperties]
14:01:01.741 [main] DEBUG o.s.c.e.PropertySourcesPropertyResolver - Searching for key &apos;database.connection.password&apos; in [systemProperties]
14:01:01.741 [main] DEBUG o.s.c.e.PropertySourcesPropertyResolver - Searching for key &apos;database.connection.password&apos; in [systemEnvironment]
14:01:01.742 [main] DEBUG o.s.c.e.PropertySourcesPropertyResolver - Could not find key &apos;database.connection.password&apos; in any property source. Returning [null]
14:01:01.742 [main] DEBUG o.s.c.e.PropertySourcesPropertyResolver - Searching for key &apos;database.connection.password&apos; in [localProperties]
14:01:01.742 [main] DEBUG o.s.c.e.PropertySourcesPropertyResolver - Found key &apos;database.connection.password&apos; in [localProperties] with type [String] and value &apos;1234&apos;
14:01:01.742 [main] DEBUG o.s.c.e.PropertySourcesPropertyResolver - Searching for key &apos;packages.to.scan&apos; in [environmentProperties]
14:01:01.742 [main] DEBUG o.s.c.e.PropertySourcesPropertyResolver - Searching for key &apos;packages.to.scan&apos; in [systemProperties]
14:01:01.742 [main] DEBUG o.s.c.e.PropertySourcesPropertyResolver - Searching for key &apos;packages.to.scan&apos; in [systemEnvironment]
14:01:01.743 [main] DEBUG o.s.c.e.PropertySourcesPropertyResolver - Could not find key &apos;packages.to.scan&apos; in any property source. Returning [null]
14:01:01.743 [main] DEBUG o.s.c.e.PropertySourcesPropertyResolver - Searching for key &apos;packages.to.scan&apos; in [localProperties]
14:01:01.743 [main] DEBUG o.s.c.e.PropertySourcesPropertyResolver - Found key &apos;packages.to.scan&apos; in [localProperties] with type [String] and value &apos;net.lojika&apos;
14:01:01.743 [main] DEBUG o.s.c.e.PropertySourcesPropertyResolver - Searching for key &apos;database.generate_statistics&apos; in [environmentProperties]
14:01:01.743 [main] DEBUG o.s.c.e.PropertySourcesPropertyResolver - Searching for key &apos;database.generate_statistics&apos; in [systemProperties]
14:01:01.743 [main] DEBUG o.s.c.e.PropertySourcesPropertyResolver - Searching for key &apos;database.generate_statistics&apos; in [systemEnvironment]
14:01:01.744 [main] DEBUG o.s.c.e.PropertySourcesPropertyResolver - Could not find key &apos;database.generate_statistics&apos; in any property source. Returning [null]
14:01:01.744 [main] DEBUG o.s.c.e.PropertySourcesPropertyResolver - Searching for key &apos;database.generate_statistics&apos; in [localProperties]
14:01:01.744 [main] DEBUG o.s.c.e.PropertySourcesPropertyResolver - Found key &apos;database.generate_statistics&apos; in [localProperties] with type [String] and value &apos;true&apos;
14:01:01.744 [main] DEBUG o.s.c.e.PropertySourcesPropertyResolver - Searching for key &apos;database.format_sql&apos; in [environmentProperties]
14:01:01.744 [main] DEBUG o.s.c.e.PropertySourcesPropertyResolver - Searching for key &apos;database.format_sql&apos; in [systemProperties]
14:01:01.744 [main] DEBUG o.s.c.e.PropertySourcesPropertyResolver - Searching for key &apos;database.format_sql&apos; in [systemEnvironment]
14:01:01.744 [main] DEBUG o.s.c.e.PropertySourcesPropertyResolver - Could not find key &apos;database.format_sql&apos; in any property source. Returning [null]
14:01:01.745 [main] DEBUG o.s.c.e.PropertySourcesPropertyResolver - Searching for key &apos;database.format_sql&apos; in [localProperties]
14:01:01.745 [main] DEBUG o.s.c.e.PropertySourcesPropertyResolver - Found key &apos;database.format_sql&apos; in [localProperties] with type [String] and value &apos;false&apos;
14:01:01.745 [main] DEBUG o.s.c.e.PropertySourcesPropertyResolver - Searching for key &apos;database.max_fetch_depth&apos; in [environmentProperties]
14:01:01.745 [main] DEBUG o.s.c.e.PropertySourcesPropertyResolver - Searching for key &apos;database.max_fetch_depth&apos; in [systemProperties]
14:01:01.745 [main] DEBUG o.s.c.e.PropertySourcesPropertyResolver - Searching for key &apos;database.max_fetch_depth&apos; in [systemEnvironment]
14:01:01.745 [main] DEBUG o.s.c.e.PropertySourcesPropertyResolver - Could not find key &apos;database.max_fetch_depth&apos; in any property source. Returning [null]
14:01:01.745 [main] DEBUG o.s.c.e.PropertySourcesPropertyResolver - Searching for key &apos;database.max_fetch_depth&apos; in [localProperties]
14:01:01.746 [main] DEBUG o.s.c.e.PropertySourcesPropertyResolver - Found key &apos;database.max_fetch_depth&apos; in [localProperties] with type [String] and value &apos;2&apos;
14:01:01.746 [main] DEBUG o.s.c.e.PropertySourcesPropertyResolver - Searching for key &apos;database.hbm2ddl&apos; in [environmentProperties]
14:01:01.746 [main] DEBUG o.s.c.e.PropertySourcesPropertyResolver - Searching for key &apos;database.hbm2ddl&apos; in [systemProperties]
14:01:01.746 [main] DEBUG o.s.c.e.PropertySourcesPropertyResolver - Searching for key &apos;database.hbm2ddl&apos; in [systemEnvironment]
14:01:01.746 [main] DEBUG o.s.c.e.PropertySourcesPropertyResolver - Could not find key &apos;database.hbm2ddl&apos; in any property source. Returning [null]
14:01:01.746 [main] DEBUG o.s.c.e.PropertySourcesPropertyResolver - Searching for key &apos;database.hbm2ddl&apos; in [localProperties]
14:01:01.747 [main] DEBUG o.s.c.e.PropertySourcesPropertyResolver - Found key &apos;database.hbm2ddl&apos; in [localProperties] with type [String] and value &apos;none&apos;
14:01:01.747 [main] DEBUG o.s.c.e.PropertySourcesPropertyResolver - Searching for key &apos;database.show_sql&apos; in [environmentProperties]
14:01:01.747 [main] DEBUG o.s.c.e.PropertySourcesPropertyResolver - Searching for key &apos;database.show_sql&apos; in [systemProperties]
14:01:01.747 [main] DEBUG o.s.c.e.PropertySourcesPropertyResolver - Searching for key &apos;database.show_sql&apos; in [systemEnvironment]
14:01:01.747 [main] DEBUG o.s.c.e.PropertySourcesPropertyResolver - Could not find key &apos;database.show_sql&apos; in any property source. Returning [null]
14:01:01.747 [main] DEBUG o.s.c.e.PropertySourcesPropertyResolver - Searching for key &apos;database.show_sql&apos; in [localProperties]
14:01:01.748 [main] DEBUG o.s.c.e.PropertySourcesPropertyResolver - Found key &apos;database.show_sql&apos; in [localProperties] with type [String] and value &apos;true&apos;
14:01:01.748 [main] DEBUG o.s.c.e.PropertySourcesPropertyResolver - Searching for key &apos;database.dialect&apos; in [environmentProperties]
14:01:01.748 [main] DEBUG o.s.c.e.PropertySourcesPropertyResolver - Searching for key &apos;database.dialect&apos; in [systemProperties]
14:01:01.748 [main] DEBUG o.s.c.e.PropertySourcesPropertyResolver - Searching for key &apos;database.dialect&apos; in [systemEnvironment]
14:01:01.748 [main] DEBUG o.s.c.e.PropertySourcesPropertyResolver - Could not find key &apos;database.dialect&apos; in any property source. Returning [null]
14:01:01.748 [main] DEBUG o.s.c.e.PropertySourcesPropertyResolver - Searching for key &apos;database.dialect&apos; in [localProperties]
14:01:01.748 [main] DEBUG o.s.c.e.PropertySourcesPropertyResolver - Found key &apos;database.dialect&apos; in [localProperties] with type [String] and value &apos;org.hibernate.dialect.PostgreSQLDialect&apos;
14:01:01.753 [main] DEBUG o.s.b.f.s.DefaultListableBeanFactory - Creating shared instance of singleton bean &apos;org.springframework.context.annotation.internalAutowiredAnnotationProcessor&apos;
14:01:01.753 [main] DEBUG o.s.b.f.s.DefaultListableBeanFactory - Creating instance of bean &apos;org.springframework.context.annotation.internalAutowiredAnnotationProcessor&apos;
14:01:01.754 [main] DEBUG o.s.b.f.s.DefaultListableBeanFactory - Eagerly caching bean &apos;org.springframework.context.annotation.internalAutowiredAnnotationProcessor&apos; to allow for resolving potential circular references
14:01:01.754 [main] DEBUG o.s.b.f.s.DefaultListableBeanFactory - Finished creating instance of bean &apos;org.springframework.context.annotation.internalAutowiredAnnotationProcessor&apos;
14:01:01.754 [main] DEBUG o.s.b.f.s.DefaultListableBeanFactory - Creating shared instance of singleton bean &apos;org.springframework.context.annotation.internalRequiredAnnotationProcessor&apos;
14:01:01.754 [main] DEBUG o.s.b.f.s.DefaultListableBeanFactory - Creating instance of bean &apos;org.springframework.context.annotation.internalRequiredAnnotationProcessor&apos;
14:01:01.755 [main] DEBUG o.s.b.f.s.DefaultListableBeanFactory - Eagerly caching bean &apos;org.springframework.context.annotation.internalRequiredAnnotationProcessor&apos; to allow for resolving potential circular references
14:01:01.755 [main] DEBUG o.s.b.f.s.DefaultListableBeanFactory - Finished creating instance of bean &apos;org.springframework.context.annotation.internalRequiredAnnotationProcessor&apos;
14:01:01.755 [main] DEBUG o.s.b.f.s.DefaultListableBeanFactory - Creating shared instance of singleton bean &apos;org.springframework.context.annotation.internalCommonAnnotationProcessor&apos;
14:01:01.755 [main] DEBUG o.s.b.f.s.DefaultListableBeanFactory - Creating instance of bean &apos;org.springframework.context.annotation.internalCommonAnnotationProcessor&apos;
14:01:01.761 [main] DEBUG o.s.b.f.s.DefaultListableBeanFactory - Eagerly caching bean &apos;org.springframework.context.annotation.internalCommonAnnotationProcessor&apos; to allow for resolving potential circular references
14:01:01.761 [main] DEBUG o.s.b.f.s.DefaultListableBeanFactory - Finished creating instance of bean &apos;org.springframework.context.annotation.internalCommonAnnotationProcessor&apos;
14:01:01.761 [main] DEBUG o.s.b.f.s.DefaultListableBeanFactory - Creating shared instance of singleton bean &apos;org.springframework.context.annotation.internalPersistenceAnnotationProcessor&apos;
14:01:01.762 [main] DEBUG o.s.b.f.s.DefaultListableBeanFactory - Creating instance of bean &apos;org.springframework.context.annotation.internalPersistenceAnnotationProcessor&apos;
14:01:01.762 [main] DEBUG o.s.b.f.s.DefaultListableBeanFactory - Eagerly caching bean &apos;org.springframework.context.annotation.internalPersistenceAnnotationProcessor&apos; to allow for resolving potential circular references
14:01:01.762 [main] DEBUG o.s.b.f.s.DefaultListableBeanFactory - Finished creating instance of bean &apos;org.springframework.context.annotation.internalPersistenceAnnotationProcessor&apos;
14:01:01.762 [main] DEBUG o.s.b.f.s.DefaultListableBeanFactory - Creating shared instance of singleton bean &apos;org.springframework.context.annotation.ConfigurationClassPostProcessor.importAwareProcessor&apos;
14:01:01.762 [main] DEBUG o.s.b.f.s.DefaultListableBeanFactory - Creating instance of bean &apos;org.springframework.context.annotation.ConfigurationClassPostProcessor.importAwareProcessor&apos;
14:01:01.762 [main] DEBUG o.s.b.f.s.DefaultListableBeanFactory - Eagerly caching bean &apos;org.springframework.context.annotation.ConfigurationClassPostProcessor.importAwareProcessor&apos; to allow for resolving potential circular references
14:01:01.762 [main] DEBUG o.s.b.f.s.DefaultListableBeanFactory - Finished creating instance of bean &apos;org.springframework.context.annotation.ConfigurationClassPostProcessor.importAwareProcessor&apos;
14:01:01.763 [main] DEBUG o.s.b.f.s.DefaultListableBeanFactory - Creating shared instance of singleton bean &apos;org.springframework.aop.config.internalAutoProxyCreator&apos;
14:01:01.763 [main] DEBUG o.s.b.f.s.DefaultListableBeanFactory - Creating instance of bean &apos;org.springframework.aop.config.internalAutoProxyCreator&apos;
14:01:01.775 [main] DEBUG o.s.b.f.s.DefaultListableBeanFactory - Eagerly caching bean &apos;org.springframework.aop.config.internalAutoProxyCreator&apos; to allow for resolving potential circular references
14:01:01.786 [main] DEBUG o.s.b.f.s.DefaultListableBeanFactory - Finished creating instance of bean &apos;org.springframework.aop.config.internalAutoProxyCreator&apos;
14:01:01.789 [main] DEBUG o.s.c.s.GenericApplicationContext - Unable to locate MessageSource with name &apos;messageSource&apos;: using default [org.springframework.context.support.DelegatingMessageSource@164f1d78]
14:01:01.792 [main] DEBUG o.s.c.s.GenericApplicationContext - Unable to locate ApplicationEventMulticaster with name &apos;applicationEventMulticaster&apos;: using default [org.springframework.context.event.SimpleApplicationEventMulticaster@81bddd9]
14:01:01.797 [main] INFO  o.s.b.f.s.DefaultListableBeanFactory - Pre-instantiating singletons in org.springframework.beans.factory.support.DefaultListableBeanFactory@2f3a2c5a: defining beans [org.springframework.context.support.PropertySourcesPlaceholderConfigurer#0,org.springframework.context.support.PropertySourcesPlaceholderConfigurer#1,dataSource,hibernateTemplate,sessionFactory,transactionManager,org.springframework.aop.config.internalAutoProxyCreator,org.springframework.transaction.annotation.AnnotationTransactionAttributeSource#0,org.springframework.transaction.interceptor.TransactionInterceptor#0,org.springframework.transaction.config.internalTransactionAdvisor,stopsDao,routesDao,routesCdkDao,tripLineDao,tripsDao,org.springframework.context.annotation.internalConfigurationAnnotationProcessor,org.springframework.context.annotation.internalAutowiredAnnotationProcessor,org.springframework.context.annotation.internalRequiredAnnotationProcessor,org.springframework.context.annotation.internalCommonAnnotationProcessor,org.springframework.context.annotation.internalPersistenceAnnotationProcessor,org.springframework.context.annotation.ConfigurationClassPostProcessor.importAwareProcessor]; root of factory hierarchy
14:01:01.798 [main] DEBUG o.s.b.f.s.DefaultListableBeanFactory - Returning cached instance of singleton bean &apos;org.springframework.context.support.PropertySourcesPlaceholderConfigurer#0&apos;
14:01:01.798 [main] DEBUG o.s.b.f.s.DefaultListableBeanFactory - Returning cached instance of singleton bean &apos;org.springframework.context.support.PropertySourcesPlaceholderConfigurer#1&apos;
14:01:01.798 [main] DEBUG o.s.b.f.s.DefaultListableBeanFactory - Creating shared instance of singleton bean &apos;dataSource&apos;
14:01:01.798 [main] DEBUG o.s.b.f.s.DefaultListableBeanFactory - Creating instance of bean &apos;dataSource&apos;
14:01:01.800 [main] DEBUG o.s.b.f.s.DefaultListableBeanFactory - Eagerly caching bean &apos;dataSource&apos; to allow for resolving potential circular references
14:01:01.816 [main] INFO  o.s.j.d.DriverManagerDataSource - Loaded JDBC driver: org.postgresql.Driver
14:01:01.818 [main] DEBUG o.s.b.f.s.DefaultListableBeanFactory - Creating shared instance of singleton bean &apos;org.springframework.transaction.config.internalTransactionAdvisor&apos;
14:01:01.818 [main] DEBUG o.s.b.f.s.DefaultListableBeanFactory - Creating instance of bean &apos;org.springframework.transaction.config.internalTransactionAdvisor&apos;
14:01:01.822 [main] DEBUG o.s.b.f.s.DefaultListableBeanFactory - Eagerly caching bean &apos;org.springframework.transaction.config.internalTransactionAdvisor&apos; to allow for resolving potential circular references
14:01:01.826 [main] DEBUG o.s.b.f.s.DefaultListableBeanFactory - Creating shared instance of singleton bean &apos;org.springframework.transaction.annotation.AnnotationTransactionAttributeSource#0&apos;
14:01:01.826 [main] DEBUG o.s.b.f.s.DefaultListableBeanFactory - Creating instance of bean &apos;org.springframework.transaction.annotation.AnnotationTransactionAttributeSource#0&apos;
14:01:01.827 [main] DEBUG o.s.b.f.s.DefaultListableBeanFactory - Eagerly caching bean &apos;org.springframework.transaction.annotation.AnnotationTransactionAttributeSource#0&apos; to allow for resolving potential circular references
14:01:01.831 [main] DEBUG o.s.b.f.s.DefaultListableBeanFactory - Finished creating instance of bean &apos;org.springframework.transaction.annotation.AnnotationTransactionAttributeSource#0&apos;
14:01:01.832 [main] DEBUG o.s.b.f.s.DefaultListableBeanFactory - Finished creating instance of bean &apos;org.springframework.transaction.config.internalTransactionAdvisor&apos;
14:01:01.834 [main] DEBUG o.s.b.f.s.DefaultListableBeanFactory - Finished creating instance of bean &apos;dataSource&apos;
14:01:01.835 [main] DEBUG o.s.b.f.s.DefaultListableBeanFactory - Creating shared instance of singleton bean &apos;hibernateTemplate&apos;
14:01:01.835 [main] DEBUG o.s.b.f.s.DefaultListableBeanFactory - Creating instance of bean &apos;hibernateTemplate&apos;
14:01:01.846 [main] DEBUG o.s.b.f.s.DefaultListableBeanFactory - Eagerly caching bean &apos;hibernateTemplate&apos; to allow for resolving potential circular references
14:01:01.855 [main] DEBUG o.s.b.f.s.DefaultListableBeanFactory - Creating shared instance of singleton bean &apos;sessionFactory&apos;
14:01:01.855 [main] DEBUG o.s.b.f.s.DefaultListableBeanFactory - Creating instance of bean &apos;sessionFactory&apos;
14:01:01.867 [main] DEBUG o.s.b.f.s.DefaultListableBeanFactory - Eagerly caching bean &apos;sessionFactory&apos; to allow for resolving potential circular references
14:01:01.889 [main] DEBUG o.s.b.f.s.DefaultListableBeanFactory - Returning cached instance of singleton bean &apos;dataSource&apos;
14:01:01.892 [main] DEBUG o.s.core.env.StandardEnvironment - Initializing new StandardEnvironment
14:01:01.892 [main] DEBUG o.s.core.env.StandardEnvironment - Adding [systemProperties] PropertySource with lowest search precedence
14:01:01.892 [main] DEBUG o.s.core.env.StandardEnvironment - Adding [systemEnvironment] PropertySource with lowest search precedence
14:01:01.892 [main] DEBUG o.s.core.env.StandardEnvironment - Initialized StandardEnvironment with PropertySources [systemProperties,systemEnvironment]
14:01:01.893 [main] DEBUG o.s.core.env.StandardEnvironment - Initializing new StandardEnvironment
14:01:01.893 [main] DEBUG o.s.core.env.StandardEnvironment - Adding [systemProperties] PropertySource with lowest search precedence
14:01:01.893 [main] DEBUG o.s.core.env.StandardEnvironment - Adding [systemEnvironment] PropertySource with lowest search precedence
14:01:01.893 [main] DEBUG o.s.core.env.StandardEnvironment - Initialized StandardEnvironment with PropertySources [systemProperties,systemEnvironment]
14:01:01.893 [main] DEBUG o.s.core.env.StandardEnvironment - Initializing new StandardEnvironment
14:01:01.893 [main] DEBUG o.s.core.env.StandardEnvironment - Adding [systemProperties] PropertySource with lowest search precedence
14:01:01.893 [main] DEBUG o.s.core.env.StandardEnvironment - Adding [systemEnvironment] PropertySource with lowest search precedence
14:01:01.894 [main] DEBUG o.s.core.env.StandardEnvironment - Initialized StandardEnvironment with PropertySources [systemProperties,systemEnvironment]
14:01:01.895 [main] DEBUG o.s.core.env.StandardEnvironment - Initializing new StandardEnvironment
14:01:01.895 [main] DEBUG o.s.core.env.StandardEnvironment - Adding [systemProperties] PropertySource with lowest search precedence
14:01:01.895 [main] DEBUG o.s.core.env.StandardEnvironment - Adding [systemEnvironment] PropertySource with lowest search precedence
14:01:01.896 [main] DEBUG o.s.core.env.StandardEnvironment - Initialized StandardEnvironment with PropertySources [systemProperties,systemEnvironment]
14:01:01.897 [main] DEBUG o.s.core.env.StandardEnvironment - Initializing new StandardEnvironment
14:01:01.897 [main] DEBUG o.s.core.env.StandardEnvironment - Adding [systemProperties] PropertySource with lowest search precedence
14:01:01.897 [main] DEBUG o.s.core.env.StandardEnvironment - Adding [systemEnvironment] PropertySource with lowest search precedence
14:01:01.897 [main] DEBUG o.s.core.env.StandardEnvironment - Initialized StandardEnvironment with PropertySources [systemProperties,systemEnvironment]
14:01:01.905 [main] DEBUG o.s.b.f.s.DefaultListableBeanFactory - Invoking afterPropertiesSet() on bean with name &apos;sessionFactory&apos;
14:01:01.928 [main] DEBUG org.hibernate.type.BasicTypeRegistry - Adding type registration boolean -&gt; org.hibernate.type.BooleanType@1199ebae
14:01:01.929 [main] DEBUG org.hibernate.type.BasicTypeRegistry - Adding type registration boolean -&gt; org.hibernate.type.BooleanType@1199ebae
14:01:01.929 [main] DEBUG org.hibernate.type.BasicTypeRegistry - Adding type registration java.lang.Boolean -&gt; org.hibernate.type.BooleanType@1199ebae
14:01:01.929 [main] DEBUG org.hibernate.type.BasicTypeRegistry - Adding type registration numeric_boolean -&gt; org.hibernate.type.NumericBooleanType@2b9562b6
14:01:01.930 [main] DEBUG org.hibernate.type.BasicTypeRegistry - Adding type registration true_false -&gt; org.hibernate.type.TrueFalseType@7e79a857
14:01:01.931 [main] DEBUG org.hibernate.type.BasicTypeRegistry - Adding type registration yes_no -&gt; org.hibernate.type.YesNoType@7a20fcab
14:01:01.932 [main] DEBUG org.hibernate.type.BasicTypeRegistry - Adding type registration byte -&gt; org.hibernate.type.ByteType@7edceebf
14:01:01.932 [main] DEBUG org.hibernate.type.BasicTypeRegistry - Adding type registration byte -&gt; org.hibernate.type.ByteType@7edceebf
14:01:01.932 [main] DEBUG org.hibernate.type.BasicTypeRegistry - Adding type registration java.lang.Byte -&gt; org.hibernate.type.ByteType@7edceebf
14:01:01.933 [main] DEBUG org.hibernate.type.BasicTypeRegistry - Adding type registration character -&gt; org.hibernate.type.CharacterType@30fcd103
14:01:01.933 [main] DEBUG org.hibernate.type.BasicTypeRegistry - Adding type registration char -&gt; org.hibernate.type.CharacterType@30fcd103
14:01:01.933 [main] DEBUG org.hibernate.type.BasicTypeRegistry - Adding type registration java.lang.Character -&gt; org.hibernate.type.CharacterType@30fcd103
14:01:01.934 [main] DEBUG org.hibernate.type.BasicTypeRegistry - Adding type registration short -&gt; org.hibernate.type.ShortType@2e956751
14:01:01.934 [main] DEBUG org.hibernate.type.BasicTypeRegistry - Adding type registration short -&gt; org.hibernate.type.ShortType@2e956751
14:01:01.934 [main] DEBUG org.hibernate.type.BasicTypeRegistry - Adding type registration java.lang.Short -&gt; org.hibernate.type.ShortType@2e956751
14:01:01.935 [main] DEBUG org.hibernate.type.BasicTypeRegistry - Adding type registration integer -&gt; org.hibernate.type.IntegerType@34476e01
14:01:01.935 [main] DEBUG org.hibernate.type.BasicTypeRegistry - Adding type registration int -&gt; org.hibernate.type.IntegerType@34476e01
14:01:01.935 [main] DEBUG org.hibernate.type.BasicTypeRegistry - Adding type registration java.lang.Integer -&gt; org.hibernate.type.IntegerType@34476e01
14:01:01.936 [main] DEBUG org.hibernate.type.BasicTypeRegistry - Adding type registration long -&gt; org.hibernate.type.LongType@620f3f85
14:01:01.937 [main] DEBUG org.hibernate.type.BasicTypeRegistry - Adding type registration long -&gt; org.hibernate.type.LongType@620f3f85
14:01:01.937 [main] DEBUG org.hibernate.type.BasicTypeRegistry - Adding type registration java.lang.Long -&gt; org.hibernate.type.LongType@620f3f85
14:01:01.938 [main] DEBUG org.hibernate.type.BasicTypeRegistry - Adding type registration float -&gt; org.hibernate.type.FloatType@2de176f9
14:01:01.938 [main] DEBUG org.hibernate.type.BasicTypeRegistry - Adding type registration float -&gt; org.hibernate.type.FloatType@2de176f9
14:01:01.938 [main] DEBUG org.hibernate.type.BasicTypeRegistry - Adding type registration java.lang.Float -&gt; org.hibernate.type.FloatType@2de176f9
14:01:01.939 [main] DEBUG org.hibernate.type.BasicTypeRegistry - Adding type registration double -&gt; org.hibernate.type.DoubleType@3867272d
14:01:01.939 [main] DEBUG org.hibernate.type.BasicTypeRegistry - Adding type registration double -&gt; org.hibernate.type.DoubleType@3867272d
14:01:01.939 [main] DEBUG org.hibernate.type.BasicTypeRegistry - Adding type registration java.lang.Double -&gt; org.hibernate.type.DoubleType@3867272d
14:01:01.940 [main] DEBUG org.hibernate.type.BasicTypeRegistry - Adding type registration big_decimal -&gt; org.hibernate.type.BigDecimalType@4c807a29
14:01:01.940 [main] DEBUG org.hibernate.type.BasicTypeRegistry - Adding type registration java.math.BigDecimal -&gt; org.hibernate.type.BigDecimalType@4c807a29
14:01:01.941 [main] DEBUG org.hibernate.type.BasicTypeRegistry - Adding type registration big_integer -&gt; org.hibernate.type.BigIntegerType@50b5c214
14:01:01.941 [main] DEBUG org.hibernate.type.BasicTypeRegistry - Adding type registration java.math.BigInteger -&gt; org.hibernate.type.BigIntegerType@50b5c214
14:01:01.942 [main] DEBUG org.hibernate.type.BasicTypeRegistry - Adding type registration string -&gt; org.hibernate.type.StringType@48f02081
14:01:01.942 [main] DEBUG org.hibernate.type.BasicTypeRegistry - Adding type registration java.lang.String -&gt; org.hibernate.type.StringType@48f02081
14:01:01.942 [main] DEBUG org.hibernate.type.BasicTypeRegistry - Adding type registration url -&gt; org.hibernate.type.UrlType@4fbea764
14:01:01.942 [main] DEBUG org.hibernate.type.BasicTypeRegistry - Adding type registration java.net.URL -&gt; org.hibernate.type.UrlType@4fbea764
14:01:01.944 [main] DEBUG org.hibernate.type.BasicTypeRegistry - Adding type registration date -&gt; org.hibernate.type.DateType@495434b9
14:01:01.944 [main] DEBUG org.hibernate.type.BasicTypeRegistry - Adding type registration java.sql.Date -&gt; org.hibernate.type.DateType@495434b9
14:01:01.945 [main] DEBUG org.hibernate.type.BasicTypeRegistry - Adding type registration time -&gt; org.hibernate.type.TimeType@1e2ed46c
14:01:01.945 [main] DEBUG org.hibernate.type.BasicTypeRegistry - Adding type registration java.sql.Time -&gt; org.hibernate.type.TimeType@1e2ed46c
14:01:01.947 [main] DEBUG org.hibernate.type.BasicTypeRegistry - Adding type registration timestamp -&gt; org.hibernate.type.TimestampType@21fd3d92
14:01:01.947 [main] DEBUG org.hibernate.type.BasicTypeRegistry - Adding type registration java.sql.Timestamp -&gt; org.hibernate.type.TimestampType@21fd3d92
14:01:01.947 [main] DEBUG org.hibernate.type.BasicTypeRegistry - Adding type registration java.util.Date -&gt; org.hibernate.type.TimestampType@21fd3d92
14:01:01.947 [main] DEBUG org.hibernate.type.BasicTypeRegistry - Adding type registration dbtimestamp -&gt; org.hibernate.type.DbTimestampType@3b7cb2ef
14:01:01.948 [main] DEBUG org.hibernate.type.BasicTypeRegistry - Adding type registration calendar -&gt; org.hibernate.type.CalendarType@75589a02
14:01:01.948 [main] DEBUG org.hibernate.type.BasicTypeRegistry - Adding type registration java.util.Calendar -&gt; org.hibernate.type.CalendarType@75589a02
14:01:01.948 [main] DEBUG org.hibernate.type.BasicTypeRegistry - Adding type registration java.util.GregorianCalendar -&gt; org.hibernate.type.CalendarType@75589a02
14:01:01.949 [main] DEBUG org.hibernate.type.BasicTypeRegistry - Adding type registration calendar_date -&gt; org.hibernate.type.CalendarDateType@74fd7c8d
14:01:01.950 [main] DEBUG org.hibernate.type.BasicTypeRegistry - Adding type registration locale -&gt; org.hibernate.type.LocaleType@6672b178
14:01:01.950 [main] DEBUG org.hibernate.type.BasicTypeRegistry - Adding type registration java.util.Locale -&gt; org.hibernate.type.LocaleType@6672b178
14:01:01.951 [main] DEBUG org.hibernate.type.BasicTypeRegistry - Adding type registration currency -&gt; org.hibernate.type.CurrencyType@2f53b135
14:01:01.951 [main] DEBUG org.hibernate.type.BasicTypeRegistry - Adding type registration java.util.Currency -&gt; org.hibernate.type.CurrencyType@2f53b135
14:01:01.953 [main] DEBUG org.hibernate.type.BasicTypeRegistry - Adding type registration timezone -&gt; org.hibernate.type.TimeZoneType@4e273069
14:01:01.953 [main] DEBUG org.hibernate.type.BasicTypeRegistry - Adding type registration java.util.TimeZone -&gt; org.hibernate.type.TimeZoneType@4e273069
14:01:01.954 [main] DEBUG org.hibernate.type.BasicTypeRegistry - Adding type registration class -&gt; org.hibernate.type.ClassType@bfcbfa
14:01:01.954 [main] DEBUG org.hibernate.type.BasicTypeRegistry - Adding type registration java.lang.Class -&gt; org.hibernate.type.ClassType@bfcbfa
14:01:01.956 [main] DEBUG org.hibernate.type.BasicTypeRegistry - Adding type registration uuid-binary -&gt; org.hibernate.type.UUIDBinaryType@17557412
14:01:01.956 [main] DEBUG org.hibernate.type.BasicTypeRegistry - Adding type registration java.util.UUID -&gt; org.hibernate.type.UUIDBinaryType@17557412
14:01:01.956 [main] DEBUG org.hibernate.type.BasicTypeRegistry - Adding type registration uuid-char -&gt; org.hibernate.type.UUIDCharType@47eef001
14:01:01.957 [main] DEBUG org.hibernate.type.BasicTypeRegistry - Adding type registration pg-uuid -&gt; org.hibernate.type.PostgresUUIDType@79ae7f53
14:01:01.958 [main] DEBUG org.hibernate.type.BasicTypeRegistry - Adding type registration binary -&gt; org.hibernate.type.BinaryType@1e6d7f85
14:01:01.958 [main] DEBUG org.hibernate.type.BasicTypeRegistry - Adding type registration byte[] -&gt; org.hibernate.type.BinaryType@1e6d7f85
14:01:01.958 [main] DEBUG org.hibernate.type.BasicTypeRegistry - Adding type registration [B -&gt; org.hibernate.type.BinaryType@1e6d7f85
14:01:01.959 [main] DEBUG org.hibernate.type.BasicTypeRegistry - Adding type registration wrapper-binary -&gt; org.hibernate.type.WrapperBinaryType@5b522d7c
14:01:01.959 [main] DEBUG org.hibernate.type.BasicTypeRegistry - Adding type registration Byte[] -&gt; org.hibernate.type.WrapperBinaryType@5b522d7c
14:01:01.959 [main] DEBUG org.hibernate.type.BasicTypeRegistry - Adding type registration [Ljava.lang.Byte; -&gt; org.hibernate.type.WrapperBinaryType@5b522d7c
14:01:01.959 [main] DEBUG org.hibernate.type.BasicTypeRegistry - Adding type registration image -&gt; org.hibernate.type.ImageType@4b7a3607
14:01:01.960 [main] DEBUG org.hibernate.type.BasicTypeRegistry - Adding type registration characters -&gt; org.hibernate.type.CharArrayType@7a0280ad
14:01:01.961 [main] DEBUG org.hibernate.type.BasicTypeRegistry - Adding type registration char[] -&gt; org.hibernate.type.CharArrayType@7a0280ad
14:01:01.961 [main] DEBUG org.hibernate.type.BasicTypeRegistry - Adding type registration [C -&gt; org.hibernate.type.CharArrayType@7a0280ad
14:01:01.961 [main] DEBUG org.hibernate.type.BasicTypeRegistry - Adding type registration wrapper-characters -&gt; org.hibernate.type.CharacterArrayType@69e9f93
14:01:01.961 [main] DEBUG org.hibernate.type.BasicTypeRegistry - Adding type registration [Ljava.lang.Character; -&gt; org.hibernate.type.CharacterArrayType@69e9f93
14:01:01.961 [main] DEBUG org.hibernate.type.BasicTypeRegistry - Adding type registration Character[] -&gt; org.hibernate.type.CharacterArrayType@69e9f93
14:01:01.962 [main] DEBUG org.hibernate.type.BasicTypeRegistry - Adding type registration text -&gt; org.hibernate.type.TextType@d903f07
14:01:01.966 [main] DEBUG org.hibernate.type.BasicTypeRegistry - Adding type registration blob -&gt; org.hibernate.type.BlobType@18074c85
14:01:01.967 [main] DEBUG org.hibernate.type.BasicTypeRegistry - Adding type registration java.sql.Blob -&gt; org.hibernate.type.BlobType@18074c85
14:01:01.967 [main] DEBUG org.hibernate.type.BasicTypeRegistry - Adding type registration materialized_blob -&gt; org.hibernate.type.MaterializedBlobType@4a377f4e
14:01:01.967 [main] DEBUG org.hibernate.type.BasicTypeRegistry - Adding type registration wrapper_materialized_blob -&gt; org.hibernate.type.WrappedMaterializedBlobType@5a59edb5
14:01:01.970 [main] DEBUG org.hibernate.type.BasicTypeRegistry - Adding type registration clob -&gt; org.hibernate.type.ClobType@1e2a3273
14:01:01.970 [main] DEBUG org.hibernate.type.BasicTypeRegistry - Adding type registration java.sql.Clob -&gt; org.hibernate.type.ClobType@1e2a3273
14:01:01.971 [main] DEBUG org.hibernate.type.BasicTypeRegistry - Adding type registration materialized_clob -&gt; org.hibernate.type.MaterializedClobType@40fd6cd8
14:01:01.971 [main] DEBUG org.hibernate.type.BasicTypeRegistry - Adding type registration wrapper_characters_clob -&gt; org.hibernate.type.CharacterArrayClobType@7d9c25e8
14:01:01.971 [main] DEBUG org.hibernate.type.BasicTypeRegistry - Adding type registration characters_clob -&gt; org.hibernate.type.PrimitiveCharacterArrayClobType@4c1070d2
14:01:01.972 [main] DEBUG org.hibernate.type.BasicTypeRegistry - Adding type registration serializable -&gt; org.hibernate.type.SerializableType@41fbdaef
14:01:01.974 [main] DEBUG org.hibernate.type.BasicTypeRegistry - Adding type registration object -&gt; org.hibernate.type.ObjectType@58fb8996
14:01:01.975 [main] DEBUG org.hibernate.type.BasicTypeRegistry - Adding type registration java.lang.Object -&gt; org.hibernate.type.ObjectType@58fb8996
14:01:01.975 [main] DEBUG org.hibernate.type.BasicTypeRegistry - Adding type registration imm_date -&gt; org.hibernate.type.AdaptedImmutableType@31eb9b15
14:01:01.975 [main] DEBUG org.hibernate.type.BasicTypeRegistry - Adding type registration imm_time -&gt; org.hibernate.type.AdaptedImmutableType@6312994d
14:01:01.975 [main] DEBUG org.hibernate.type.BasicTypeRegistry - Adding type registration imm_timestamp -&gt; org.hibernate.type.AdaptedImmutableType@5a0ec10b
14:01:01.975 [main] DEBUG org.hibernate.type.BasicTypeRegistry - Adding type registration imm_dbtimestamp -&gt; org.hibernate.type.AdaptedImmutableType@7ea3e75d
14:01:01.975 [main] DEBUG org.hibernate.type.BasicTypeRegistry - Adding type registration imm_calendar -&gt; org.hibernate.type.AdaptedImmutableType@3aaacb9f
14:01:01.975 [main] DEBUG org.hibernate.type.BasicTypeRegistry - Adding type registration imm_calendar_date -&gt; org.hibernate.type.AdaptedImmutableType@231e51d0
14:01:01.975 [main] DEBUG org.hibernate.type.BasicTypeRegistry - Adding type registration imm_binary -&gt; org.hibernate.type.AdaptedImmutableType@1b8d40b3
14:01:01.976 [main] DEBUG org.hibernate.type.BasicTypeRegistry - Adding type registration imm_serializable -&gt; org.hibernate.type.AdaptedImmutableType@5692b5e6
14:01:01.990 [main] INFO  o.h.annotations.common.Version - Hibernate Commons Annotations 3.2.0.Final
14:01:01.995 [main] INFO  org.hibernate.cfg.Environment - Hibernate 3.6.6.Final
14:01:01.996 [main] INFO  org.hibernate.cfg.Environment - hibernate.properties not found
14:01:01.998 [main] INFO  org.hibernate.cfg.Environment - Bytecode provider name : javassist
14:01:02.001 [main] INFO  org.hibernate.cfg.Environment - using JDK 1.4 java.sql.Timestamp handling
14:01:02.037 [main] DEBUG o.h.i.f.DefaultIdentifierGeneratorFactory - Registering IdentifierGenerator strategy [uuid2] -&gt; [class org.hibernate.id.UUIDGenerator]
14:01:02.037 [main] DEBUG o.h.i.f.DefaultIdentifierGeneratorFactory - Registering IdentifierGenerator strategy [guid] -&gt; [class org.hibernate.id.GUIDGenerator]
14:01:02.039 [main] DEBUG o.h.i.f.DefaultIdentifierGeneratorFactory - Registering IdentifierGenerator strategy [uuid] -&gt; [class org.hibernate.id.UUIDHexGenerator]
14:01:02.039 [main] DEBUG o.h.i.f.DefaultIdentifierGeneratorFactory - Registering IdentifierGenerator strategy [uuid.hex] -&gt; [class org.hibernate.id.UUIDHexGenerator]
14:01:02.041 [main] DEBUG o.h.i.f.DefaultIdentifierGeneratorFactory - Registering IdentifierGenerator strategy [hilo] -&gt; [class org.hibernate.id.TableHiLoGenerator]
14:01:02.041 [main] DEBUG o.h.i.f.DefaultIdentifierGeneratorFactory - Registering IdentifierGenerator strategy [assigned] -&gt; [class org.hibernate.id.Assigned]
14:01:02.042 [main] DEBUG o.h.i.f.DefaultIdentifierGeneratorFactory - Registering IdentifierGenerator strategy [identity] -&gt; [class org.hibernate.id.IdentityGenerator]
14:01:02.043 [main] DEBUG o.h.i.f.DefaultIdentifierGeneratorFactory - Registering IdentifierGenerator strategy [select] -&gt; [class org.hibernate.id.SelectGenerator]
14:01:02.043 [main] DEBUG o.h.i.f.DefaultIdentifierGeneratorFactory - Registering IdentifierGenerator strategy [sequence] -&gt; [class org.hibernate.id.SequenceGenerator]
14:01:02.044 [main] DEBUG o.h.i.f.DefaultIdentifierGeneratorFactory - Registering IdentifierGenerator strategy [seqhilo] -&gt; [class org.hibernate.id.SequenceHiLoGenerator]
14:01:02.044 [main] DEBUG o.h.i.f.DefaultIdentifierGeneratorFactory - Registering IdentifierGenerator strategy [increment] -&gt; [class org.hibernate.id.IncrementGenerator]
14:01:02.045 [main] DEBUG o.h.i.f.DefaultIdentifierGeneratorFactory - Registering IdentifierGenerator strategy [foreign] -&gt; [class org.hibernate.id.ForeignGenerator]
14:01:02.045 [main] DEBUG o.h.i.f.DefaultIdentifierGeneratorFactory - Registering IdentifierGenerator strategy [sequence-identity] -&gt; [class org.hibernate.id.SequenceIdentityGenerator]
14:01:02.046 [main] DEBUG o.h.i.f.DefaultIdentifierGeneratorFactory - Registering IdentifierGenerator strategy [enhanced-sequence] -&gt; [class org.hibernate.id.enhanced.SequenceStyleGenerator]
14:01:02.047 [main] DEBUG o.h.i.f.DefaultIdentifierGeneratorFactory - Registering IdentifierGenerator strategy [enhanced-table] -&gt; [class org.hibernate.id.enhanced.TableGenerator]
14:01:02.051 [main] DEBUG o.s.c.i.s.PathMatchingResourcePatternResolver - Looking for matching resources in directory tree [/home/canboanoglu/NetBeansProjects/gtfs-creator/target/test-classes/net/lojika]
14:01:02.051 [main] DEBUG o.s.c.i.s.PathMatchingResourcePatternResolver - Searching directory [/home/canboanoglu/NetBeansProjects/gtfs-creator/target/test-classes/net/lojika] for files matching pattern [/home/canboanoglu/NetBeansProjects/gtfs-creator/target/test-classes/net/lojika/**/*.class]
14:01:02.052 [main] DEBUG o.s.c.i.s.PathMatchingResourcePatternResolver - Searching directory [/home/canboanoglu/NetBeansProjects/gtfs-creator/target/test-classes/net/lojika/gtfs] for files matching pattern [/home/canboanoglu/NetBeansProjects/gtfs-creator/target/test-classes/net/lojika/**/*.class]
14:01:02.052 [main] DEBUG o.s.c.i.s.PathMatchingResourcePatternResolver - Searching directory [/home/canboanoglu/NetBeansProjects/gtfs-creator/target/test-classes/net/lojika/gtfs/service] for files matching pattern [/home/canboanoglu/NetBeansProjects/gtfs-creator/target/test-classes/net/lojika/**/*.class]
14:01:02.053 [main] DEBUG o.s.c.i.s.PathMatchingResourcePatternResolver - Looking for matching resources in directory tree [/home/canboanoglu/NetBeansProjects/gtfs-creator/target/classes/net/lojika]
14:01:02.053 [main] DEBUG o.s.c.i.s.PathMatchingResourcePatternResolver - Searching directory [/home/canboanoglu/NetBeansProjects/gtfs-creator/target/classes/net/lojika] for files matching pattern [/home/canboanoglu/NetBeansProjects/gtfs-creator/target/classes/net/lojika/**/*.class]
14:01:02.053 [main] DEBUG o.s.c.i.s.PathMatchingResourcePatternResolver - Searching directory [/home/canboanoglu/NetBeansProjects/gtfs-creator/target/classes/net/lojika/gtfs] for files matching pattern [/home/canboanoglu/NetBeansProjects/gtfs-creator/target/classes/net/lojika/**/*.class]
14:01:02.054 [main] DEBUG o.s.c.i.s.PathMatchingResourcePatternResolver - Searching directory [/home/canboanoglu/NetBeansProjects/gtfs-creator/target/classes/net/lojika/gtfs/dao] for files matching pattern [/home/canboanoglu/NetBeansProjects/gtfs-creator/target/classes/net/lojika/**/*.class]
14:01:02.054 [main] DEBUG o.s.c.i.s.PathMatchingResourcePatternResolver - Searching directory [/home/canboanoglu/NetBeansProjects/gtfs-creator/target/classes/net/lojika/gtfs/dao/impl] for files matching pattern [/home/canboanoglu/NetBeansProjects/gtfs-creator/target/classes/net/lojika/**/*.class]
14:01:02.056 [main] DEBUG o.s.c.i.s.PathMatchingResourcePatternResolver - Searching directory [/home/canboanoglu/NetBeansProjects/gtfs-creator/target/classes/net/lojika/gtfs/model] for files matching pattern [/home/canboanoglu/NetBeansProjects/gtfs-creator/target/classes/net/lojika/**/*.class]
14:01:02.057 [main] DEBUG o.s.c.i.s.PathMatchingResourcePatternResolver - Searching directory [/home/canboanoglu/NetBeansProjects/gtfs-creator/target/classes/net/lojika/gtfs/service] for files matching pattern [/home/canboanoglu/NetBeansProjects/gtfs-creator/target/classes/net/lojika/**/*.class]
14:01:02.057 [main] DEBUG o.s.c.i.s.PathMatchingResourcePatternResolver - Searching directory [/home/canboanoglu/NetBeansProjects/gtfs-creator/target/classes/net/lojika/gtfs/service/impl] for files matching pattern [/home/canboanoglu/NetBeansProjects/gtfs-creator/target/classes/net/lojika/**/*.class]
14:01:02.060 [main] DEBUG o.s.c.i.s.PathMatchingResourcePatternResolver - Resolved location pattern [classpath*:net/lojika/**/*.class] to resources [file [/home/canboanoglu/NetBeansProjects/gtfs-creator/target/test-classes/net/lojika/gtfs/service/RoutesDaoImplTest.class], file [/home/canboanoglu/NetBeansProjects/gtfs-creator/target/test-classes/net/lojika/gtfs/service/TripsDaoImplTest.class], file [/home/canboanoglu/NetBeansProjects/gtfs-creator/target/test-classes/net/lojika/gtfs/service/StopsDaoImplTest.class], file [/home/canboanoglu/NetBeansProjects/gtfs-creator/target/test-classes/net/lojika/gtfs/service/AbstractServiceImplTest.class], file [/home/canboanoglu/NetBeansProjects/gtfs-creator/target/classes/net/lojika/gtfs/dao/TripsDao.class], file [/home/canboanoglu/NetBeansProjects/gtfs-creator/target/classes/net/lojika/gtfs/dao/HibernateGenericDao.class], file [/home/canboanoglu/NetBeansProjects/gtfs-creator/target/classes/net/lojika/gtfs/dao/RoutesCdkDao.class], file [/home/canboanoglu/NetBeansProjects/gtfs-creator/target/classes/net/lojika/gtfs/dao/TripLineDao.class], file [/home/canboanoglu/NetBeansProjects/gtfs-creator/target/classes/net/lojika/gtfs/dao/StopsDao.class], file [/home/canboanoglu/NetBeansProjects/gtfs-creator/target/classes/net/lojika/gtfs/dao/impl/TripLineDaoImpl.class], file [/home/canboanoglu/NetBeansProjects/gtfs-creator/target/classes/net/lojika/gtfs/dao/impl/RoutesDaoImpl.class], file [/home/canboanoglu/NetBeansProjects/gtfs-creator/target/classes/net/lojika/gtfs/dao/impl/RoutesCdkDaoImpl.class], file [/home/canboanoglu/NetBeansProjects/gtfs-creator/target/classes/net/lojika/gtfs/dao/impl/HibernateGenericDaoImpl.class], file [/home/canboanoglu/NetBeansProjects/gtfs-creator/target/classes/net/lojika/gtfs/dao/impl/StopsDaoImpl.class], file [/home/canboanoglu/NetBeansProjects/gtfs-creator/target/classes/net/lojika/gtfs/dao/impl/TripsDaoImpl.class], file [/home/canboanoglu/NetBeansProjects/gtfs-creator/target/classes/net/lojika/gtfs/dao/RoutesDao.class], file [/home/canboanoglu/NetBeansProjects/gtfs-creator/target/classes/net/lojika/gtfs/model/StopTimes.class], file [/home/canboanoglu/NetBeansProjects/gtfs-creator/target/classes/net/lojika/gtfs/model/TripLine.class], file [/home/canboanoglu/NetBeansProjects/gtfs-creator/target/classes/net/lojika/gtfs/model/Routes.class], file [/home/canboanoglu/NetBeansProjects/gtfs-creator/target/classes/net/lojika/gtfs/model/RoutesCdkid.class], file [/home/canboanoglu/NetBeansProjects/gtfs-creator/target/classes/net/lojika/gtfs/model/Trips.class], file [/home/canboanoglu/NetBeansProjects/gtfs-creator/target/classes/net/lojika/gtfs/model/Calendar.class], file [/home/canboanoglu/NetBeansProjects/gtfs-creator/target/classes/net/lojika/gtfs/model/Stops.class], file [/home/canboanoglu/NetBeansProjects/gtfs-creator/target/classes/net/lojika/gtfs/model/Ptlines.class], file [/home/canboanoglu/NetBeansProjects/gtfs-creator/target/classes/net/lojika/gtfs/service/AbstractGtfsBuilder.class], file [/home/canboanoglu/NetBeansProjects/gtfs-creator/target/classes/net/lojika/gtfs/service/JsonReader.class], file [/home/canboanoglu/NetBeansProjects/gtfs-creator/target/classes/net/lojika/gtfs/service/CitySdkHandler.class], file [/home/canboanoglu/NetBeansProjects/gtfs-creator/target/classes/net/lojika/gtfs/service/impl/CitySdkHandlerImpl.class], file [/home/canboanoglu/NetBeansProjects/gtfs-creator/target/classes/net/lojika/gtfs/service/GtfsBuilder.class], file [/home/canboanoglu/NetBeansProjects/gtfs-creator/target/classes/net/lojika/gtfs/service/RoutesBuilder.class], file [/home/canboanoglu/NetBeansProjects/gtfs-creator/target/classes/net/lojika/gtfs/service/GetCdkId.class], file [/home/canboanoglu/NetBeansProjects/gtfs-creator/target/classes/net/lojika/gtfs/service/StopsBuilder.class], file [/home/canboanoglu/NetBeansProjects/gtfs-creator/target/classes/net/lojika/gtfs/service/CitySdkUrl.class], file [/home/canboanoglu/NetBeansProjects/gtfs-creator/target/classes/net/lojika/gtfs/service/TripBuilder.class]]
14:01:02.120 [main] DEBUG org.hibernate.cfg.Configuration - Processing hbm.xml files
14:01:02.120 [main] DEBUG org.hibernate.cfg.Configuration - Process annotated classes
14:01:02.125 [main] INFO  org.hibernate.cfg.AnnotationBinder - Binding entity from annotated class: net.lojika.gtfs.model.StopTimes
14:01:02.144 [main] INFO  o.h.cfg.annotations.QueryBinder - Binding Named query: StopTimes.findAll =&gt; SELECT s FROM StopTimes s
14:01:02.145 [main] INFO  o.h.cfg.annotations.QueryBinder - Binding Named query: StopTimes.findByArrivalTime =&gt; SELECT s FROM StopTimes s WHERE s.arrivalTime = :arrivalTime
14:01:02.145 [main] INFO  o.h.cfg.annotations.QueryBinder - Binding Named query: StopTimes.findByDepartureTime =&gt; SELECT s FROM StopTimes s WHERE s.departureTime = :departureTime
14:01:02.145 [main] INFO  o.h.cfg.annotations.QueryBinder - Binding Named query: StopTimes.findByStopSequence =&gt; SELECT s FROM StopTimes s WHERE s.stopSequence = :stopSequence
14:01:02.145 [main] INFO  o.h.cfg.annotations.QueryBinder - Binding Named query: StopTimes.findById =&gt; SELECT s FROM StopTimes s WHERE s.id = :id
14:01:02.159 [main] DEBUG org.hibernate.cfg.Ejb3Column - Binding column: Ejb3DiscriminatorColumn{logicalColumnName&apos;DTYPE&apos;, discriminatorTypeName=&apos;string&apos;}
14:01:02.187 [main] DEBUG org.hibernate.cfg.AnnotationBinder - no value specified for &apos;javax.persistence.sharedCache.mode&apos;; using UNSPECIFIED
14:01:02.200 [main] DEBUG o.h.cfg.annotations.EntityBinder - Import with entity name StopTimes
14:01:02.204 [main] INFO  o.h.cfg.annotations.EntityBinder - Bind entity net.lojika.gtfs.model.StopTimes on table stop_times
14:01:02.233 [main] DEBUG org.hibernate.cfg.Ejb3Column - Binding column: Ejb3Column{table=org.hibernate.mapping.Table(public.stop_times), mappingColumn=id, insertable=true, updatable=true, unique=false}
14:01:02.239 [main] DEBUG o.h.cfg.annotations.PropertyBinder - binding property id with lazy=false
14:01:02.241 [main] DEBUG o.h.c.annotations.SimpleValueBinder - building SimpleValue for id
14:01:02.242 [main] DEBUG o.h.cfg.annotations.PropertyBinder - Building property id
14:01:02.245 [main] DEBUG org.hibernate.cfg.Ejb3Column - Binding column: Ejb3Column{table=org.hibernate.mapping.Table(public.stop_times), mappingColumn=arrival_time, insertable=true, updatable=true, unique=false}
14:01:02.245 [main] DEBUG o.h.cfg.annotations.PropertyBinder - binding property arrivalTime with lazy=false
14:01:02.245 [main] DEBUG o.h.c.annotations.SimpleValueBinder - building SimpleValue for arrivalTime
14:01:02.245 [main] DEBUG o.h.cfg.annotations.PropertyBinder - Building property arrivalTime
14:01:02.245 [main] DEBUG org.hibernate.cfg.Ejb3Column - Binding column: Ejb3Column{table=org.hibernate.mapping.Table(public.stop_times), mappingColumn=departure_time, insertable=true, updatable=true, unique=false}
14:01:02.245 [main] DEBUG o.h.cfg.annotations.PropertyBinder - binding property departureTime with lazy=false
14:01:02.245 [main] DEBUG o.h.c.annotations.SimpleValueBinder - building SimpleValue for departureTime
14:01:02.245 [main] DEBUG o.h.cfg.annotations.PropertyBinder - Building property departureTime
14:01:02.246 [main] DEBUG org.hibernate.cfg.Ejb3Column - Binding column: Ejb3JoinColumn{logicalColumnName=&apos;stop_id&apos;, referencedColumn=&apos;stop_id&apos;, mappedBy=&apos;&apos;}
14:01:02.246 [main] DEBUG org.hibernate.cfg.Ejb3Column - Binding column: Ejb3Column{table=org.hibernate.mapping.Table(public.stop_times), mappingColumn=stopId, insertable=true, updatable=true, unique=false}
14:01:02.249 [main] DEBUG o.h.cfg.annotations.PropertyBinder - Building property stopId
14:01:02.249 [main] DEBUG org.hibernate.cfg.Ejb3Column - Binding column: Ejb3Column{table=org.hibernate.mapping.Table(public.stop_times), mappingColumn=stop_sequence, insertable=true, updatable=true, unique=false}
14:01:02.249 [main] DEBUG o.h.cfg.annotations.PropertyBinder - binding property stopSequence with lazy=false
14:01:02.250 [main] DEBUG o.h.c.annotations.SimpleValueBinder - building SimpleValue for stopSequence
14:01:02.250 [main] DEBUG o.h.cfg.annotations.PropertyBinder - Building property stopSequence
14:01:02.250 [main] DEBUG org.hibernate.cfg.Ejb3Column - Binding column: Ejb3JoinColumn{logicalColumnName=&apos;trip_id&apos;, referencedColumn=&apos;trip_id&apos;, mappedBy=&apos;&apos;}
14:01:02.250 [main] DEBUG org.hibernate.cfg.Ejb3Column - Binding column: Ejb3Column{table=org.hibernate.mapping.Table(public.stop_times), mappingColumn=tripId, insertable=true, updatable=true, unique=false}
14:01:02.250 [main] DEBUG o.h.cfg.annotations.PropertyBinder - Building property tripId
14:01:02.252 [main] INFO  org.hibernate.cfg.AnnotationBinder - Binding entity from annotated class: net.lojika.gtfs.model.TripLine
14:01:02.253 [main] INFO  o.h.cfg.annotations.QueryBinder - Binding Named query: TripLine.findAll =&gt; SELECT t FROM TripLine t
14:01:02.253 [main] INFO  o.h.cfg.annotations.QueryBinder - Binding Named query: TripLine.findById =&gt; SELECT t FROM TripLine t WHERE t.id = :id
14:01:02.254 [main] DEBUG org.hibernate.cfg.Ejb3Column - Binding column: Ejb3DiscriminatorColumn{logicalColumnName&apos;DTYPE&apos;, discriminatorTypeName=&apos;string&apos;}
14:01:02.255 [main] DEBUG org.hibernate.cfg.AnnotationBinder - no value specified for &apos;javax.persistence.sharedCache.mode&apos;; using UNSPECIFIED
14:01:02.255 [main] DEBUG o.h.cfg.annotations.EntityBinder - Import with entity name TripLine
14:01:02.255 [main] INFO  o.h.cfg.annotations.EntityBinder - Bind entity net.lojika.gtfs.model.TripLine on table trip_line
14:01:02.262 [main] DEBUG org.hibernate.cfg.Ejb3Column - Binding column: Ejb3Column{table=org.hibernate.mapping.Table(public.trip_line), mappingColumn=id, insertable=true, updatable=true, unique=false}
14:01:02.262 [main] DEBUG o.h.cfg.annotations.PropertyBinder - binding property id with lazy=false
14:01:02.262 [main] DEBUG o.h.c.annotations.SimpleValueBinder - building SimpleValue for id
14:01:02.262 [main] DEBUG o.h.cfg.annotations.PropertyBinder - Building property id
14:01:02.262 [main] DEBUG org.hibernate.cfg.Ejb3Column - Binding column: Ejb3JoinColumn{logicalColumnName=&apos;line_cdk_id&apos;, referencedColumn=&apos;route_cdk_id&apos;, mappedBy=&apos;&apos;}
14:01:02.262 [main] DEBUG org.hibernate.cfg.Ejb3Column - Binding column: Ejb3Column{table=org.hibernate.mapping.Table(public.trip_line), mappingColumn=lineCdkId, insertable=true, updatable=true, unique=false}
14:01:02.262 [main] DEBUG o.h.cfg.annotations.PropertyBinder - Building property lineCdkId
14:01:02.262 [main] DEBUG org.hibernate.cfg.Ejb3Column - Binding column: Ejb3JoinColumn{logicalColumnName=&apos;trip_id&apos;, referencedColumn=&apos;trip_id&apos;, mappedBy=&apos;&apos;}
14:01:02.262 [main] DEBUG org.hibernate.cfg.Ejb3Column - Binding column: Ejb3Column{table=org.hibernate.mapping.Table(public.trip_line), mappingColumn=tripId, insertable=true, updatable=true, unique=false}
14:01:02.263 [main] DEBUG o.h.cfg.annotations.PropertyBinder - Building property tripId
14:01:02.263 [main] INFO  org.hibernate.cfg.AnnotationBinder - Binding entity from annotated class: net.lojika.gtfs.model.Routes
14:01:02.263 [main] INFO  o.h.cfg.annotations.QueryBinder - Binding Named query: Routes.findAll =&gt; SELECT r FROM Routes r
14:01:02.263 [main] INFO  o.h.cfg.annotations.QueryBinder - Binding Named query: Routes.findByRouteId =&gt; SELECT r FROM Routes r WHERE r.routeId = :routeId
14:01:02.263 [main] INFO  o.h.cfg.annotations.QueryBinder - Binding Named query: Routes.findByRouteShortName =&gt; SELECT r FROM Routes r WHERE r.routeShortName = :routeShortName
14:01:02.263 [main] INFO  o.h.cfg.annotations.QueryBinder - Binding Named query: Routes.findByRouteLongName =&gt; SELECT r FROM Routes r WHERE r.routeLongName = :routeLongName
14:01:02.263 [main] INFO  o.h.cfg.annotations.QueryBinder - Binding Named query: Routes.findByRouteType =&gt; SELECT r FROM Routes r WHERE r.routeType = :routeType
14:01:02.263 [main] DEBUG org.hibernate.cfg.Ejb3Column - Binding column: Ejb3DiscriminatorColumn{logicalColumnName&apos;DTYPE&apos;, discriminatorTypeName=&apos;string&apos;}
14:01:02.263 [main] DEBUG org.hibernate.cfg.AnnotationBinder - no value specified for &apos;javax.persistence.sharedCache.mode&apos;; using UNSPECIFIED
14:01:02.263 [main] DEBUG o.h.cfg.annotations.EntityBinder - Import with entity name Routes
14:01:02.263 [main] INFO  o.h.cfg.annotations.EntityBinder - Bind entity net.lojika.gtfs.model.Routes on table routes
14:01:02.273 [main] DEBUG org.hibernate.cfg.Ejb3Column - Binding column: Ejb3Column{table=org.hibernate.mapping.Table(public.routes), mappingColumn=route_id, insertable=true, updatable=true, unique=false}
14:01:02.273 [main] DEBUG o.h.cfg.annotations.PropertyBinder - binding property routeId with lazy=false
14:01:02.273 [main] DEBUG o.h.c.annotations.SimpleValueBinder - building SimpleValue for routeId
14:01:02.273 [main] DEBUG o.h.cfg.annotations.PropertyBinder - Building property routeId
14:01:02.274 [main] DEBUG org.hibernate.cfg.Ejb3Column - Binding column: Ejb3Column{table=org.hibernate.mapping.Table(public.routes), mappingColumn=route_long_name, insertable=true, updatable=true, unique=false}
14:01:02.274 [main] DEBUG o.h.cfg.annotations.PropertyBinder - binding property routeLongName with lazy=false
14:01:02.274 [main] DEBUG o.h.c.annotations.SimpleValueBinder - building SimpleValue for routeLongName
14:01:02.274 [main] DEBUG o.h.cfg.annotations.PropertyBinder - Building property routeLongName
14:01:02.274 [main] DEBUG org.hibernate.cfg.Ejb3Column - Binding column: Ejb3Column{table=org.hibernate.mapping.Table(public.routes), mappingColumn=route_short_name, insertable=true, updatable=true, unique=false}
14:01:02.274 [main] DEBUG o.h.cfg.annotations.PropertyBinder - binding property routeShortName with lazy=false
14:01:02.274 [main] DEBUG o.h.c.annotations.SimpleValueBinder - building SimpleValue for routeShortName
14:01:02.274 [main] DEBUG o.h.cfg.annotations.PropertyBinder - Building property routeShortName
14:01:02.274 [main] DEBUG org.hibernate.cfg.Ejb3Column - Binding column: Ejb3Column{table=org.hibernate.mapping.Table(public.routes), mappingColumn=route_type, insertable=true, updatable=true, unique=false}
14:01:02.274 [main] DEBUG o.h.cfg.annotations.PropertyBinder - binding property routeType with lazy=false
14:01:02.274 [main] DEBUG o.h.c.annotations.SimpleValueBinder - building SimpleValue for routeType
14:01:02.274 [main] DEBUG o.h.cfg.annotations.PropertyBinder - Building property routeType
14:01:02.274 [main] DEBUG org.hibernate.cfg.Ejb3Column - Binding column: Ejb3JoinColumn{logicalColumnName=&apos;null&apos;, referencedColumn=&apos;null&apos;, mappedBy=&apos;routeId&apos;}
14:01:02.275 [main] DEBUG org.hibernate.cfg.Ejb3Column - Binding column: Ejb3Column{table=org.hibernate.mapping.Table(public.routes), mappingColumn=routesCdkidCollection, insertable=true, updatable=true, unique=false}
14:01:02.276 [main] DEBUG org.hibernate.cfg.Ejb3Column - Binding column: Ejb3Column{table=org.hibernate.mapping.Table(public.routes), mappingColumn=null, insertable=true, updatable=true, unique=false}
14:01:02.284 [main] DEBUG org.hibernate.cfg.Ejb3Column - Binding column: Ejb3Column{table=org.hibernate.mapping.Table(public.routes), mappingColumn=element, insertable=true, updatable=true, unique=false}
14:01:02.285 [main] DEBUG org.hibernate.cfg.Ejb3Column - Binding column: Ejb3Column{table=org.hibernate.mapping.Table(public.routes), mappingColumn=routesCdkidCollection_KEY, insertable=true, updatable=true, unique=false}
14:01:02.286 [main] DEBUG org.hibernate.cfg.Ejb3Column - Binding column: Ejb3JoinColumn{logicalColumnName=&apos;routesCdkidCollection_KEY&apos;, referencedColumn=&apos;null&apos;, mappedBy=&apos;null&apos;}
14:01:02.286 [main] DEBUG org.hibernate.cfg.Ejb3Column - Binding column: Ejb3JoinColumn{logicalColumnName=&apos;null&apos;, referencedColumn=&apos;null&apos;, mappedBy=&apos;routeId&apos;}
14:01:02.286 [main] DEBUG org.hibernate.cfg.Ejb3Column - Binding column: Ejb3JoinColumn{logicalColumnName=&apos;null&apos;, referencedColumn=&apos;null&apos;, mappedBy=&apos;routeId&apos;}
14:01:02.287 [main] DEBUG o.h.cfg.annotations.CollectionBinder - Collection role: net.lojika.gtfs.model.Routes.routesCdkidCollection
14:01:02.288 [main] DEBUG o.h.cfg.annotations.PropertyBinder - Building property routesCdkidCollection
14:01:02.288 [main] DEBUG org.hibernate.cfg.Ejb3Column - Binding column: Ejb3JoinColumn{logicalColumnName=&apos;null&apos;, referencedColumn=&apos;null&apos;, mappedBy=&apos;routeId&apos;}
14:01:02.288 [main] DEBUG org.hibernate.cfg.Ejb3Column - Binding column: Ejb3Column{table=org.hibernate.mapping.Table(public.routes), mappingColumn=tripsList, insertable=true, updatable=true, unique=false}
14:01:02.288 [main] DEBUG org.hibernate.cfg.Ejb3Column - Binding column: Ejb3Column{table=org.hibernate.mapping.Table(public.routes), mappingColumn=null, insertable=true, updatable=true, unique=false}
14:01:02.288 [main] DEBUG org.hibernate.cfg.Ejb3Column - Binding column: Ejb3Column{table=org.hibernate.mapping.Table(public.routes), mappingColumn=element, insertable=true, updatable=true, unique=false}
14:01:02.288 [main] DEBUG org.hibernate.cfg.Ejb3Column - Binding column: Ejb3Column{table=org.hibernate.mapping.Table(public.routes), mappingColumn=tripsList_KEY, insertable=true, updatable=true, unique=false}
14:01:02.289 [main] DEBUG org.hibernate.cfg.Ejb3Column - Binding column: Ejb3JoinColumn{logicalColumnName=&apos;tripsList_KEY&apos;, referencedColumn=&apos;null&apos;, mappedBy=&apos;null&apos;}
14:01:02.289 [main] DEBUG org.hibernate.cfg.Ejb3Column - Binding column: Ejb3JoinColumn{logicalColumnName=&apos;null&apos;, referencedColumn=&apos;null&apos;, mappedBy=&apos;routeId&apos;}
14:01:02.289 [main] DEBUG org.hibernate.cfg.Ejb3Column - Binding column: Ejb3JoinColumn{logicalColumnName=&apos;null&apos;, referencedColumn=&apos;null&apos;, mappedBy=&apos;routeId&apos;}
14:01:02.289 [main] DEBUG o.h.cfg.annotations.CollectionBinder - Collection role: net.lojika.gtfs.model.Routes.tripsList
14:01:02.289 [main] DEBUG o.h.cfg.annotations.PropertyBinder - Building property tripsList
14:01:02.289 [main] INFO  org.hibernate.cfg.AnnotationBinder - Binding entity from annotated class: net.lojika.gtfs.model.RoutesCdkid
14:01:02.289 [main] INFO  o.h.cfg.annotations.QueryBinder - Binding Named query: RoutesCdkid.findAll =&gt; SELECT r FROM RoutesCdkid r
14:01:02.289 [main] INFO  o.h.cfg.annotations.QueryBinder - Binding Named query: RoutesCdkid.findByRouteCdkId =&gt; SELECT r FROM RoutesCdkid r WHERE r.routeCdkId = :routeCdkId
14:01:02.289 [main] DEBUG org.hibernate.cfg.Ejb3Column - Binding column: Ejb3DiscriminatorColumn{logicalColumnName&apos;DTYPE&apos;, discriminatorTypeName=&apos;string&apos;}
14:01:02.289 [main] DEBUG org.hibernate.cfg.AnnotationBinder - no value specified for &apos;javax.persistence.sharedCache.mode&apos;; using UNSPECIFIED
14:01:02.289 [main] DEBUG o.h.cfg.annotations.EntityBinder - Import with entity name RoutesCdkid
14:01:02.289 [main] INFO  o.h.cfg.annotations.EntityBinder - Bind entity net.lojika.gtfs.model.RoutesCdkid on table routes_cdkid
14:01:02.290 [main] DEBUG org.hibernate.cfg.Ejb3Column - Binding column: Ejb3Column{table=org.hibernate.mapping.Table(public.routes_cdkid), mappingColumn=route_cdk_id, insertable=true, updatable=true, unique=false}
14:01:02.290 [main] DEBUG o.h.cfg.annotations.PropertyBinder - binding property routeCdkId with lazy=false
14:01:02.290 [main] DEBUG o.h.c.annotations.SimpleValueBinder - building SimpleValue for routeCdkId
14:01:02.290 [main] DEBUG o.h.cfg.annotations.PropertyBinder - Building property routeCdkId
14:01:02.290 [main] DEBUG org.hibernate.cfg.Ejb3Column - Binding column: Ejb3JoinColumn{logicalColumnName=&apos;route_id&apos;, referencedColumn=&apos;route_id&apos;, mappedBy=&apos;&apos;}
14:01:02.291 [main] DEBUG org.hibernate.cfg.Ejb3Column - Binding column: Ejb3Column{table=org.hibernate.mapping.Table(public.routes_cdkid), mappingColumn=routeId, insertable=true, updatable=true, unique=false}
14:01:02.291 [main] DEBUG o.h.cfg.annotations.PropertyBinder - Building property routeId
14:01:02.291 [main] INFO  org.hibernate.cfg.AnnotationBinder - Binding entity from annotated class: net.lojika.gtfs.model.Trips
14:01:02.291 [main] INFO  o.h.cfg.annotations.QueryBinder - Binding Named query: Trips.findAll =&gt; SELECT t FROM Trips t
14:01:02.291 [main] INFO  o.h.cfg.annotations.QueryBinder - Binding Named query: Trips.findByServiceId =&gt; SELECT t FROM Trips t WHERE t.serviceId = :serviceId
14:01:02.291 [main] INFO  o.h.cfg.annotations.QueryBinder - Binding Named query: Trips.findByTripId =&gt; SELECT t FROM Trips t WHERE t.tripId = :tripId
14:01:02.291 [main] DEBUG org.hibernate.cfg.Ejb3Column - Binding column: Ejb3DiscriminatorColumn{logicalColumnName&apos;DTYPE&apos;, discriminatorTypeName=&apos;string&apos;}
14:01:02.291 [main] DEBUG org.hibernate.cfg.AnnotationBinder - no value specified for &apos;javax.persistence.sharedCache.mode&apos;; using UNSPECIFIED
14:01:02.291 [main] DEBUG o.h.cfg.annotations.EntityBinder - Import with entity name Trips
14:01:02.291 [main] INFO  o.h.cfg.annotations.EntityBinder - Bind entity net.lojika.gtfs.model.Trips on table trips
14:01:02.293 [main] DEBUG org.hibernate.cfg.Ejb3Column - Binding column: Ejb3Column{table=org.hibernate.mapping.Table(public.trips), mappingColumn=trip_id, insertable=true, updatable=true, unique=false}
14:01:02.293 [main] DEBUG o.h.cfg.annotations.PropertyBinder - binding property tripId with lazy=false
14:01:02.293 [main] DEBUG o.h.c.annotations.SimpleValueBinder - building SimpleValue for tripId
14:01:02.293 [main] DEBUG o.h.cfg.annotations.PropertyBinder - Building property tripId
14:01:02.293 [main] DEBUG org.hibernate.cfg.Ejb3Column - Binding column: Ejb3JoinColumn{logicalColumnName=&apos;route_id&apos;, referencedColumn=&apos;route_id&apos;, mappedBy=&apos;&apos;}
14:01:02.293 [main] DEBUG org.hibernate.cfg.Ejb3Column - Binding column: Ejb3Column{table=org.hibernate.mapping.Table(public.trips), mappingColumn=routeId, insertable=true, updatable=true, unique=false}
14:01:02.293 [main] DEBUG o.h.cfg.annotations.PropertyBinder - Building property routeId
14:01:02.294 [main] DEBUG org.hibernate.cfg.Ejb3Column - Binding column: Ejb3Column{table=org.hibernate.mapping.Table(public.trips), mappingColumn=service_id, insertable=true, updatable=true, unique=false}
14:01:02.294 [main] DEBUG o.h.cfg.annotations.PropertyBinder - binding property serviceId with lazy=false
14:01:02.294 [main] DEBUG o.h.c.annotations.SimpleValueBinder - building SimpleValue for serviceId
14:01:02.294 [main] DEBUG o.h.cfg.annotations.PropertyBinder - Building property serviceId
14:01:02.294 [main] DEBUG org.hibernate.cfg.Ejb3Column - Binding column: Ejb3JoinColumn{logicalColumnName=&apos;null&apos;, referencedColumn=&apos;null&apos;, mappedBy=&apos;tripId&apos;}
14:01:02.294 [main] DEBUG org.hibernate.cfg.Ejb3Column - Binding column: Ejb3Column{table=org.hibernate.mapping.Table(public.trips), mappingColumn=stopTimesList, insertable=true, updatable=true, unique=false}
14:01:02.295 [main] DEBUG org.hibernate.cfg.Ejb3Column - Binding column: Ejb3Column{table=org.hibernate.mapping.Table(public.trips), mappingColumn=null, insertable=true, updatable=true, unique=false}
14:01:02.295 [main] DEBUG org.hibernate.cfg.Ejb3Column - Binding column: Ejb3Column{table=org.hibernate.mapping.Table(public.trips), mappingColumn=element, insertable=true, updatable=true, unique=false}
14:01:02.295 [main] DEBUG org.hibernate.cfg.Ejb3Column - Binding column: Ejb3Column{table=org.hibernate.mapping.Table(public.trips), mappingColumn=stopTimesList_KEY, insertable=true, updatable=true, unique=false}
14:01:02.295 [main] DEBUG org.hibernate.cfg.Ejb3Column - Binding column: Ejb3JoinColumn{logicalColumnName=&apos;stopTimesList_KEY&apos;, referencedColumn=&apos;null&apos;, mappedBy=&apos;null&apos;}
14:01:02.295 [main] DEBUG org.hibernate.cfg.Ejb3Column - Binding column: Ejb3JoinColumn{logicalColumnName=&apos;null&apos;, referencedColumn=&apos;null&apos;, mappedBy=&apos;tripId&apos;}
14:01:02.295 [main] DEBUG org.hibernate.cfg.Ejb3Column - Binding column: Ejb3JoinColumn{logicalColumnName=&apos;null&apos;, referencedColumn=&apos;null&apos;, mappedBy=&apos;tripId&apos;}
14:01:02.295 [main] DEBUG o.h.cfg.annotations.CollectionBinder - Collection role: net.lojika.gtfs.model.Trips.stopTimesList
14:01:02.295 [main] DEBUG o.h.cfg.annotations.PropertyBinder - Building property stopTimesList
14:01:02.296 [main] DEBUG org.hibernate.cfg.Ejb3Column - Binding column: Ejb3JoinColumn{logicalColumnName=&apos;null&apos;, referencedColumn=&apos;null&apos;, mappedBy=&apos;tripId&apos;}
14:01:02.296 [main] DEBUG org.hibernate.cfg.Ejb3Column - Binding column: Ejb3Column{table=org.hibernate.mapping.Table(public.trips), mappingColumn=tripLine, insertable=true, updatable=true, unique=false}
14:01:02.297 [main] INFO  org.hibernate.cfg.AnnotationBinder - Binding entity from annotated class: net.lojika.gtfs.model.Calendar
14:01:02.298 [main] INFO  o.h.cfg.annotations.QueryBinder - Binding Named query: Calendar.findAll =&gt; SELECT c FROM Calendar c
14:01:02.298 [main] INFO  o.h.cfg.annotations.QueryBinder - Binding Named query: Calendar.findByServiceId =&gt; SELECT c FROM Calendar c WHERE c.serviceId = :serviceId
14:01:02.298 [main] INFO  o.h.cfg.annotations.QueryBinder - Binding Named query: Calendar.findByMonday =&gt; SELECT c FROM Calendar c WHERE c.monday = :monday
14:01:02.298 [main] INFO  o.h.cfg.annotations.QueryBinder - Binding Named query: Calendar.findByTuesday =&gt; SELECT c FROM Calendar c WHERE c.tuesday = :tuesday
14:01:02.298 [main] INFO  o.h.cfg.annotations.QueryBinder - Binding Named query: Calendar.findByWednesday =&gt; SELECT c FROM Calendar c WHERE c.wednesday = :wednesday
14:01:02.298 [main] INFO  o.h.cfg.annotations.QueryBinder - Binding Named query: Calendar.findByThursday =&gt; SELECT c FROM Calendar c WHERE c.thursday = :thursday
14:01:02.298 [main] INFO  o.h.cfg.annotations.QueryBinder - Binding Named query: Calendar.findByFriday =&gt; SELECT c FROM Calendar c WHERE c.friday = :friday
14:01:02.298 [main] INFO  o.h.cfg.annotations.QueryBinder - Binding Named query: Calendar.findBySaturday =&gt; SELECT c FROM Calendar c WHERE c.saturday = :saturday
14:01:02.298 [main] INFO  o.h.cfg.annotations.QueryBinder - Binding Named query: Calendar.findBySunday =&gt; SELECT c FROM Calendar c WHERE c.sunday = :sunday
14:01:02.298 [main] INFO  o.h.cfg.annotations.QueryBinder - Binding Named query: Calendar.findByStartDate =&gt; SELECT c FROM Calendar c WHERE c.startDate = :startDate
14:01:02.298 [main] INFO  o.h.cfg.annotations.QueryBinder - Binding Named query: Calendar.findByEndDate =&gt; SELECT c FROM Calendar c WHERE c.endDate = :endDate
14:01:02.298 [main] DEBUG org.hibernate.cfg.Ejb3Column - Binding column: Ejb3DiscriminatorColumn{logicalColumnName&apos;DTYPE&apos;, discriminatorTypeName=&apos;string&apos;}
14:01:02.298 [main] DEBUG org.hibernate.cfg.AnnotationBinder - no value specified for &apos;javax.persistence.sharedCache.mode&apos;; using UNSPECIFIED
14:01:02.298 [main] DEBUG o.h.cfg.annotations.EntityBinder - Import with entity name Calendar
14:01:02.298 [main] INFO  o.h.cfg.annotations.EntityBinder - Bind entity net.lojika.gtfs.model.Calendar on table calendar
14:01:02.300 [main] DEBUG org.hibernate.cfg.Ejb3Column - Binding column: Ejb3Column{table=org.hibernate.mapping.Table(public.calendar), mappingColumn=service_id, insertable=true, updatable=true, unique=false}
14:01:02.301 [main] DEBUG o.h.cfg.annotations.PropertyBinder - binding property serviceId with lazy=false
14:01:02.301 [main] DEBUG o.h.c.annotations.SimpleValueBinder - building SimpleValue for serviceId
14:01:02.301 [main] DEBUG o.h.cfg.annotations.PropertyBinder - Building property serviceId
14:01:02.301 [main] DEBUG org.hibernate.cfg.Ejb3Column - Binding column: Ejb3Column{table=org.hibernate.mapping.Table(public.calendar), mappingColumn=end_date, insertable=true, updatable=true, unique=false}
14:01:02.301 [main] DEBUG o.h.cfg.annotations.PropertyBinder - binding property endDate with lazy=false
14:01:02.301 [main] DEBUG o.h.c.annotations.SimpleValueBinder - building SimpleValue for endDate
14:01:02.301 [main] DEBUG o.h.cfg.annotations.PropertyBinder - Building property endDate
14:01:02.301 [main] DEBUG org.hibernate.cfg.Ejb3Column - Binding column: Ejb3Column{table=org.hibernate.mapping.Table(public.calendar), mappingColumn=friday, insertable=true, updatable=true, unique=false}
14:01:02.301 [main] DEBUG o.h.cfg.annotations.PropertyBinder - binding property friday with lazy=false
14:01:02.302 [main] DEBUG o.h.c.annotations.SimpleValueBinder - building SimpleValue for friday
14:01:02.302 [main] DEBUG o.h.cfg.annotations.PropertyBinder - Building property friday
14:01:02.302 [main] DEBUG org.hibernate.cfg.Ejb3Column - Binding column: Ejb3Column{table=org.hibernate.mapping.Table(public.calendar), mappingColumn=monday, insertable=true, updatable=true, unique=false}
14:01:02.302 [main] DEBUG o.h.cfg.annotations.PropertyBinder - binding property monday with lazy=false
14:01:02.302 [main] DEBUG o.h.c.annotations.SimpleValueBinder - building SimpleValue for monday
14:01:02.302 [main] DEBUG o.h.cfg.annotations.PropertyBinder - Building property monday
14:01:02.302 [main] DEBUG org.hibernate.cfg.Ejb3Column - Binding column: Ejb3Column{table=org.hibernate.mapping.Table(public.calendar), mappingColumn=saturday, insertable=true, updatable=true, unique=false}
14:01:02.302 [main] DEBUG o.h.cfg.annotations.PropertyBinder - binding property saturday with lazy=false
14:01:02.302 [main] DEBUG o.h.c.annotations.SimpleValueBinder - building SimpleValue for saturday
14:01:02.302 [main] DEBUG o.h.cfg.annotations.PropertyBinder - Building property saturday
14:01:02.302 [main] DEBUG org.hibernate.cfg.Ejb3Column - Binding column: Ejb3Column{table=org.hibernate.mapping.Table(public.calendar), mappingColumn=start_date, insertable=true, updatable=true, unique=false}
14:01:02.302 [main] DEBUG o.h.cfg.annotations.PropertyBinder - binding property startDate with lazy=false
14:01:02.302 [main] DEBUG o.h.c.annotations.SimpleValueBinder - building SimpleValue for startDate
14:01:02.302 [main] DEBUG o.h.cfg.annotations.PropertyBinder - Building property startDate
14:01:02.303 [main] DEBUG org.hibernate.cfg.Ejb3Column - Binding column: Ejb3Column{table=org.hibernate.mapping.Table(public.calendar), mappingColumn=sunday, insertable=true, updatable=true, unique=false}
14:01:02.303 [main] DEBUG o.h.cfg.annotations.PropertyBinder - binding property sunday with lazy=false
14:01:02.303 [main] DEBUG o.h.c.annotations.SimpleValueBinder - building SimpleValue for sunday
14:01:02.303 [main] DEBUG o.h.cfg.annotations.PropertyBinder - Building property sunday
14:01:02.303 [main] DEBUG org.hibernate.cfg.Ejb3Column - Binding column: Ejb3Column{table=org.hibernate.mapping.Table(public.calendar), mappingColumn=thursday, insertable=true, updatable=true, unique=false}
14:01:02.303 [main] DEBUG o.h.cfg.annotations.PropertyBinder - binding property thursday with lazy=false
14:01:02.303 [main] DEBUG o.h.c.annotations.SimpleValueBinder - building SimpleValue for thursday
14:01:02.303 [main] DEBUG o.h.cfg.annotations.PropertyBinder - Building property thursday
14:01:02.303 [main] DEBUG org.hibernate.cfg.Ejb3Column - Binding column: Ejb3Column{table=org.hibernate.mapping.Table(public.calendar), mappingColumn=tuesday, insertable=true, updatable=true, unique=false}
14:01:02.303 [main] DEBUG o.h.cfg.annotations.PropertyBinder - binding property tuesday with lazy=false
14:01:02.303 [main] DEBUG o.h.c.annotations.SimpleValueBinder - building SimpleValue for tuesday
14:01:02.303 [main] DEBUG o.h.cfg.annotations.PropertyBinder - Building property tuesday
14:01:02.303 [main] DEBUG org.hibernate.cfg.Ejb3Column - Binding column: Ejb3Column{table=org.hibernate.mapping.Table(public.calendar), mappingColumn=wednesday, insertable=true, updatable=true, unique=false}
14:01:02.304 [main] DEBUG o.h.cfg.annotations.PropertyBinder - binding property wednesday with lazy=false
14:01:02.304 [main] DEBUG o.h.c.annotations.SimpleValueBinder - building SimpleValue for wednesday
14:01:02.304 [main] DEBUG o.h.cfg.annotations.PropertyBinder - Building property wednesday
14:01:02.304 [main] INFO  org.hibernate.cfg.AnnotationBinder - Binding entity from annotated class: net.lojika.gtfs.model.Stops
14:01:02.304 [main] INFO  o.h.cfg.annotations.QueryBinder - Binding Named query: Stops.findAll =&gt; SELECT s FROM Stops s
14:01:02.304 [main] INFO  o.h.cfg.annotations.QueryBinder - Binding Named query: Stops.findByStopId =&gt; SELECT s FROM Stops s WHERE s.stopId = :stopId
14:01:02.304 [main] INFO  o.h.cfg.annotations.QueryBinder - Binding Named query: Stops.findByStopName =&gt; SELECT s FROM Stops s WHERE s.stopName = :stopName
14:01:02.304 [main] INFO  o.h.cfg.annotations.QueryBinder - Binding Named query: Stops.findByStopLat =&gt; SELECT s FROM Stops s WHERE s.stopLat = :stopLat
14:01:02.304 [main] INFO  o.h.cfg.annotations.QueryBinder - Binding Named query: Stops.findByStopLon =&gt; SELECT s FROM Stops s WHERE s.stopLon = :stopLon
14:01:02.304 [main] DEBUG org.hibernate.cfg.Ejb3Column - Binding column: Ejb3DiscriminatorColumn{logicalColumnName&apos;DTYPE&apos;, discriminatorTypeName=&apos;string&apos;}
14:01:02.304 [main] DEBUG org.hibernate.cfg.AnnotationBinder - no value specified for &apos;javax.persistence.sharedCache.mode&apos;; using UNSPECIFIED
14:01:02.304 [main] DEBUG o.h.cfg.annotations.EntityBinder - Import with entity name Stops
14:01:02.304 [main] INFO  o.h.cfg.annotations.EntityBinder - Bind entity net.lojika.gtfs.model.Stops on table stops
14:01:02.306 [main] DEBUG org.hibernate.cfg.Ejb3Column - Binding column: Ejb3Column{table=org.hibernate.mapping.Table(public.stops), mappingColumn=stop_id, insertable=true, updatable=true, unique=false}
14:01:02.307 [main] DEBUG o.h.cfg.annotations.PropertyBinder - binding property stopId with lazy=false
14:01:02.307 [main] DEBUG o.h.c.annotations.SimpleValueBinder - building SimpleValue for stopId
14:01:02.307 [main] DEBUG o.h.cfg.annotations.PropertyBinder - Building property stopId
14:01:02.308 [main] DEBUG org.hibernate.cfg.Ejb3Column - Binding column: Ejb3Column{table=org.hibernate.mapping.Table(public.stops), mappingColumn=stop_lat, insertable=true, updatable=true, unique=false}
14:01:02.309 [main] DEBUG o.h.cfg.annotations.PropertyBinder - binding property stopLat with lazy=false
14:01:02.309 [main] DEBUG o.h.c.annotations.SimpleValueBinder - building SimpleValue for stopLat
14:01:02.309 [main] DEBUG o.h.cfg.annotations.PropertyBinder - Building property stopLat
14:01:02.309 [main] DEBUG org.hibernate.cfg.Ejb3Column - Binding column: Ejb3Column{table=org.hibernate.mapping.Table(public.stops), mappingColumn=stop_lon, insertable=true, updatable=true, unique=false}
14:01:02.309 [main] DEBUG o.h.cfg.annotations.PropertyBinder - binding property stopLon with lazy=false
14:01:02.310 [main] DEBUG o.h.c.annotations.SimpleValueBinder - building SimpleValue for stopLon
14:01:02.310 [main] DEBUG o.h.cfg.annotations.PropertyBinder - Building property stopLon
14:01:02.310 [main] DEBUG org.hibernate.cfg.Ejb3Column - Binding column: Ejb3Column{table=org.hibernate.mapping.Table(public.stops), mappingColumn=stop_name, insertable=true, updatable=true, unique=false}
14:01:02.310 [main] DEBUG o.h.cfg.annotations.PropertyBinder - binding property stopName with lazy=false
14:01:02.310 [main] DEBUG o.h.c.annotations.SimpleValueBinder - building SimpleValue for stopName
14:01:02.310 [main] DEBUG o.h.cfg.annotations.PropertyBinder - Building property stopName
14:01:02.310 [main] DEBUG org.hibernate.cfg.Ejb3Column - Binding column: Ejb3JoinColumn{logicalColumnName=&apos;null&apos;, referencedColumn=&apos;null&apos;, mappedBy=&apos;stopId&apos;}
14:01:02.310 [main] DEBUG org.hibernate.cfg.Ejb3Column - Binding column: Ejb3Column{table=org.hibernate.mapping.Table(public.stops), mappingColumn=stopTimesList, insertable=true, updatable=true, unique=false}
14:01:02.310 [main] DEBUG org.hibernate.cfg.Ejb3Column - Binding column: Ejb3Column{table=org.hibernate.mapping.Table(public.stops), mappingColumn=null, insertable=true, updatable=true, unique=false}
14:01:02.310 [main] DEBUG org.hibernate.cfg.Ejb3Column - Binding column: Ejb3Column{table=org.hibernate.mapping.Table(public.stops), mappingColumn=element, insertable=true, updatable=true, unique=false}
14:01:02.310 [main] DEBUG org.hibernate.cfg.Ejb3Column - Binding column: Ejb3Column{table=org.hibernate.mapping.Table(public.stops), mappingColumn=stopTimesList_KEY, insertable=true, updatable=true, unique=false}
14:01:02.310 [main] DEBUG org.hibernate.cfg.Ejb3Column - Binding column: Ejb3JoinColumn{logicalColumnName=&apos;stopTimesList_KEY&apos;, referencedColumn=&apos;null&apos;, mappedBy=&apos;null&apos;}
14:01:02.311 [main] DEBUG org.hibernate.cfg.Ejb3Column - Binding column: Ejb3JoinColumn{logicalColumnName=&apos;null&apos;, referencedColumn=&apos;null&apos;, mappedBy=&apos;stopId&apos;}
14:01:02.311 [main] DEBUG org.hibernate.cfg.Ejb3Column - Binding column: Ejb3JoinColumn{logicalColumnName=&apos;null&apos;, referencedColumn=&apos;null&apos;, mappedBy=&apos;stopId&apos;}
14:01:02.311 [main] DEBUG o.h.cfg.annotations.CollectionBinder - Collection role: net.lojika.gtfs.model.Stops.stopTimesList
14:01:02.311 [main] DEBUG o.h.cfg.annotations.PropertyBinder - Building property stopTimesList
14:01:02.311 [main] DEBUG o.h.c.annotations.SimpleValueBinder - Setting SimpleValue typeName for id
14:01:02.311 [main] DEBUG o.h.c.annotations.SimpleValueBinder - Setting SimpleValue typeName for arrivalTime
14:01:02.311 [main] DEBUG o.h.c.annotations.SimpleValueBinder - Setting SimpleValue typeName for departureTime
14:01:02.312 [main] DEBUG o.h.c.annotations.SimpleValueBinder - Setting SimpleValue typeName for stopSequence
14:01:02.312 [main] DEBUG o.h.c.annotations.SimpleValueBinder - Setting SimpleValue typeName for id
14:01:02.312 [main] DEBUG o.h.c.annotations.SimpleValueBinder - Setting SimpleValue typeName for routeId
14:01:02.312 [main] DEBUG o.h.c.annotations.SimpleValueBinder - Setting SimpleValue typeName for routeLongName
14:01:02.312 [main] DEBUG o.h.c.annotations.SimpleValueBinder - Setting SimpleValue typeName for routeShortName
14:01:02.312 [main] DEBUG o.h.c.annotations.SimpleValueBinder - Setting SimpleValue typeName for routeType
14:01:02.312 [main] DEBUG o.h.c.annotations.SimpleValueBinder - Setting SimpleValue typeName for routeCdkId
14:01:02.312 [main] DEBUG o.h.c.annotations.SimpleValueBinder - Setting SimpleValue typeName for tripId
14:01:02.312 [main] DEBUG o.h.c.annotations.SimpleValueBinder - Setting SimpleValue typeName for serviceId
14:01:02.312 [main] DEBUG o.h.c.annotations.SimpleValueBinder - Setting SimpleValue typeName for serviceId
14:01:02.312 [main] DEBUG o.h.c.annotations.SimpleValueBinder - Setting SimpleValue typeName for endDate
14:01:02.312 [main] DEBUG o.h.c.annotations.SimpleValueBinder - Setting SimpleValue typeName for friday
14:01:02.312 [main] DEBUG o.h.c.annotations.SimpleValueBinder - Setting SimpleValue typeName for monday
14:01:02.312 [main] DEBUG o.h.c.annotations.SimpleValueBinder - Setting SimpleValue typeName for saturday
14:01:02.312 [main] DEBUG o.h.c.annotations.SimpleValueBinder - Setting SimpleValue typeName for startDate
14:01:02.312 [main] DEBUG o.h.c.annotations.SimpleValueBinder - Setting SimpleValue typeName for sunday
14:01:02.312 [main] DEBUG o.h.c.annotations.SimpleValueBinder - Setting SimpleValue typeName for thursday
14:01:02.312 [main] DEBUG o.h.c.annotations.SimpleValueBinder - Setting SimpleValue typeName for tuesday
14:01:02.312 [main] DEBUG o.h.c.annotations.SimpleValueBinder - Setting SimpleValue typeName for wednesday
14:01:02.312 [main] DEBUG o.h.c.annotations.SimpleValueBinder - Setting SimpleValue typeName for stopId
14:01:02.313 [main] DEBUG o.h.c.annotations.SimpleValueBinder - Setting SimpleValue typeName for stopLat
14:01:02.313 [main] DEBUG o.h.c.annotations.SimpleValueBinder - Setting SimpleValue typeName for stopLon
14:01:02.313 [main] DEBUG o.h.c.annotations.SimpleValueBinder - Setting SimpleValue typeName for stopName
14:01:02.313 [main] DEBUG org.hibernate.cfg.Configuration - processing fk mappings (*ToOne and JoinedSubclass)
14:01:02.317 [main] DEBUG org.hibernate.cfg.Configuration - processing extends queue
14:01:02.317 [main] DEBUG org.hibernate.cfg.Configuration - processing extends queue
14:01:02.317 [main] DEBUG org.hibernate.cfg.Configuration - processing collection mappings
14:01:02.317 [main] DEBUG o.hibernate.cfg.CollectionSecondPass - Second pass for collection: net.lojika.gtfs.model.Routes.routesCdkidCollection
14:01:02.318 [main] DEBUG o.h.cfg.annotations.CollectionBinder - Binding a OneToMany: net.lojika.gtfs.model.Routes.routesCdkidCollection through a foreign key
14:01:02.318 [main] INFO  o.h.cfg.annotations.CollectionBinder - Mapping collection: net.lojika.gtfs.model.Routes.routesCdkidCollection -&gt; routes_cdkid
14:01:02.319 [main] DEBUG o.h.cfg.annotations.TableBinder - Retrieving property net.lojika.gtfs.model.RoutesCdkid.routeId
14:01:02.320 [main] DEBUG o.hibernate.cfg.CollectionSecondPass - Mapped collection key: route_id, one-to-many: net.lojika.gtfs.model.RoutesCdkid
14:01:02.320 [main] DEBUG o.hibernate.cfg.CollectionSecondPass - Second pass for collection: net.lojika.gtfs.model.Routes.tripsList
14:01:02.320 [main] DEBUG o.h.cfg.annotations.CollectionBinder - Binding a OneToMany: net.lojika.gtfs.model.Routes.tripsList through a foreign key
14:01:02.320 [main] INFO  o.h.cfg.annotations.CollectionBinder - Mapping collection: net.lojika.gtfs.model.Routes.tripsList -&gt; trips
14:01:02.320 [main] DEBUG o.h.cfg.annotations.TableBinder - Retrieving property net.lojika.gtfs.model.Trips.routeId
14:01:02.320 [main] DEBUG o.hibernate.cfg.CollectionSecondPass - Mapped collection key: route_id, one-to-many: net.lojika.gtfs.model.Trips
14:01:02.320 [main] DEBUG o.hibernate.cfg.CollectionSecondPass - Second pass for collection: net.lojika.gtfs.model.Trips.stopTimesList
14:01:02.320 [main] DEBUG o.h.cfg.annotations.CollectionBinder - Binding a OneToMany: net.lojika.gtfs.model.Trips.stopTimesList through a foreign key
14:01:02.320 [main] INFO  o.h.cfg.annotations.CollectionBinder - Mapping collection: net.lojika.gtfs.model.Trips.stopTimesList -&gt; stop_times
14:01:02.320 [main] DEBUG o.h.cfg.annotations.TableBinder - Retrieving property net.lojika.gtfs.model.StopTimes.tripId
14:01:02.320 [main] DEBUG o.hibernate.cfg.CollectionSecondPass - Mapped collection key: trip_id, one-to-many: net.lojika.gtfs.model.StopTimes
14:01:02.322 [main] DEBUG o.h.cfg.annotations.PropertyBinder - Building property tripLine
14:01:02.322 [main] DEBUG o.hibernate.cfg.CollectionSecondPass - Second pass for collection: net.lojika.gtfs.model.Stops.stopTimesList
14:01:02.322 [main] DEBUG o.h.cfg.annotations.CollectionBinder - Binding a OneToMany: net.lojika.gtfs.model.Stops.stopTimesList through a foreign key
14:01:02.322 [main] INFO  o.h.cfg.annotations.CollectionBinder - Mapping collection: net.lojika.gtfs.model.Stops.stopTimesList -&gt; stop_times
14:01:02.322 [main] DEBUG o.h.cfg.annotations.TableBinder - Retrieving property net.lojika.gtfs.model.StopTimes.stopId
14:01:02.322 [main] DEBUG o.hibernate.cfg.CollectionSecondPass - Mapped collection key: stop_id, one-to-many: net.lojika.gtfs.model.StopTimes
14:01:02.322 [main] DEBUG org.hibernate.cfg.Configuration - processing native query and ResultSetMapping mappings
14:01:02.323 [main] DEBUG org.hibernate.cfg.Configuration - processing association property references
14:01:02.323 [main] DEBUG org.hibernate.cfg.Configuration - processing foreign key constraints
14:01:02.323 [main] DEBUG org.hibernate.cfg.Configuration - resolving reference to class: net.lojika.gtfs.model.Routes
14:01:02.323 [main] DEBUG org.hibernate.cfg.Configuration - resolving reference to class: net.lojika.gtfs.model.Trips
14:01:02.323 [main] DEBUG org.hibernate.cfg.Configuration - resolving reference to class: net.lojika.gtfs.model.Stops
14:01:02.323 [main] DEBUG org.hibernate.cfg.Configuration - resolving reference to class: net.lojika.gtfs.model.RoutesCdkid
14:01:02.323 [main] DEBUG org.hibernate.cfg.Configuration - resolving reference to class: net.lojika.gtfs.model.Trips
14:01:02.323 [main] DEBUG org.hibernate.cfg.Configuration - resolving reference to class: net.lojika.gtfs.model.Routes
14:01:02.326 [main] INFO  org.hibernate.cfg.Configuration - Hibernate Validator not found: ignoring
14:01:02.336 [main] INFO  org.hibernate.validator.util.Version - Hibernate Validator 4.0.2.GA
14:01:02.339 [main] DEBUG o.h.v.e.ResourceBundleMessageInterpolator - ValidationMessages not found. Delegating to org.hibernate.validator.ValidationMessages
14:01:02.344 [main] DEBUG o.h.v.e.r.DefaultTraversableResolver - Found javax.persistence.PersistenceUtil on classpath.
14:01:02.345 [main] INFO  o.h.v.e.r.DefaultTraversableResolver - Instantiated an instance of org.hibernate.validator.engine.resolver.JPATraversableResolver.
14:01:02.348 [main] DEBUG o.h.v.xml.ValidationXmlParser - No META-INF/validation.xml found. Using annotation based configuration only
14:01:02.387 [main] INFO  o.s.o.h.a.AnnotationSessionFactoryBean - Building new Hibernate SessionFactory
14:01:02.387 [main] DEBUG org.hibernate.cfg.Configuration - Preparing to build session factory with filters : {}
14:01:02.387 [main] DEBUG org.hibernate.cfg.Configuration - Processing hbm.xml files
14:01:02.388 [main] DEBUG org.hibernate.cfg.Configuration - Process annotated classes
14:01:02.388 [main] DEBUG org.hibernate.cfg.Configuration - processing fk mappings (*ToOne and JoinedSubclass)
14:01:02.388 [main] DEBUG org.hibernate.cfg.Configuration - processing extends queue
14:01:02.388 [main] DEBUG org.hibernate.cfg.Configuration - processing extends queue
14:01:02.388 [main] DEBUG org.hibernate.cfg.Configuration - processing collection mappings
14:01:02.388 [main] DEBUG org.hibernate.cfg.Configuration - processing native query and ResultSetMapping mappings
14:01:02.388 [main] DEBUG org.hibernate.cfg.Configuration - processing association property references
14:01:02.388 [main] DEBUG org.hibernate.cfg.Configuration - processing foreign key constraints
14:01:02.388 [main] DEBUG org.hibernate.cfg.Configuration - resolving reference to class: net.lojika.gtfs.model.Routes
14:01:02.388 [main] DEBUG org.hibernate.cfg.Configuration - resolving reference to class: net.lojika.gtfs.model.Trips
14:01:02.388 [main] DEBUG org.hibernate.cfg.Configuration - resolving reference to class: net.lojika.gtfs.model.Stops
14:01:02.388 [main] DEBUG org.hibernate.cfg.Configuration - resolving reference to class: net.lojika.gtfs.model.RoutesCdkid
14:01:02.388 [main] DEBUG org.hibernate.cfg.Configuration - resolving reference to class: net.lojika.gtfs.model.Trips
14:01:02.388 [main] DEBUG org.hibernate.cfg.Configuration - resolving reference to class: net.lojika.gtfs.model.Routes
14:01:02.389 [main] DEBUG o.h.v.e.ResourceBundleMessageInterpolator - ValidationMessages not found. Delegating to org.hibernate.validator.ValidationMessages
14:01:02.390 [main] DEBUG o.h.v.e.r.DefaultTraversableResolver - Found javax.persistence.PersistenceUtil on classpath.
14:01:02.390 [main] INFO  o.h.v.e.r.DefaultTraversableResolver - Instantiated an instance of org.hibernate.validator.engine.resolver.JPATraversableResolver.
14:01:02.390 [main] DEBUG o.h.v.xml.ValidationXmlParser - No META-INF/validation.xml found. Using annotation based configuration only
14:01:02.400 [main] DEBUG org.hibernate.cfg.Configuration - Legacy Validator not present in classpath, ignoring event listener registration
14:01:02.401 [main] DEBUG o.h.v.e.ResourceBundleMessageInterpolator - ValidationMessages not found. Delegating to org.hibernate.validator.ValidationMessages
14:01:02.401 [main] DEBUG o.h.v.e.r.DefaultTraversableResolver - Found javax.persistence.PersistenceUtil on classpath.
14:01:02.401 [main] INFO  o.h.v.e.r.DefaultTraversableResolver - Instantiated an instance of org.hibernate.validator.engine.resolver.JPATraversableResolver.
14:01:02.402 [main] DEBUG o.h.v.xml.ValidationXmlParser - No META-INF/validation.xml found. Using annotation based configuration only
14:01:02.405 [main] DEBUG o.h.c.s.HibernateSearchEventListenerRegister - Search not present in classpath, ignoring event listener registration.
14:01:02.405 [main] INFO  o.h.c.s.HibernateSearchEventListenerRegister - Unable to find org.hibernate.search.event.FullTextIndexEventListener on the classpath. Hibernate Search is not enabled.
14:01:02.408 [main] INFO  o.h.c.ConnectionProviderFactory - Initializing connection provider: org.springframework.orm.hibernate3.LocalDataSourceConnectionProvider
14:01:02.409 [main] DEBUG o.s.j.d.DriverManagerDataSource - Creating new JDBC DriverManager Connection to [jdbc:postgresql://localhost:5432/gtfs]
14:01:02.470 [main] INFO  org.hibernate.dialect.Dialect - Using dialect: org.hibernate.dialect.PostgreSQLDialect
14:01:02.480 [main] INFO  o.h.engine.jdbc.JdbcSupportLoader - Disabling contextual LOB creation as createClob() method threw error : java.lang.reflect.InvocationTargetException
14:01:02.480 [main] INFO  org.hibernate.cfg.SettingsFactory - Database -&gt;
       name : PostgreSQL
    version : 9.3.2
      major : 9
      minor : 3
14:01:02.480 [main] INFO  org.hibernate.cfg.SettingsFactory - Driver -&gt;
       name : PostgreSQL Native Driver
    version : PostgreSQL 9.0 JDBC4 (build 801)
      major : 9
      minor : 0
14:01:02.484 [main] INFO  o.h.t.TransactionFactoryFactory - Transaction strategy: org.springframework.orm.hibernate3.SpringTransactionFactory
14:01:02.485 [main] INFO  o.h.t.TransactionManagerLookupFactory - No TransactionManagerLookup configured (in JTA environment, use of read-write or transactional second-level cache is not recommended)
14:01:02.485 [main] INFO  org.hibernate.cfg.SettingsFactory - Automatic flush during beforeCompletion(): disabled
14:01:02.485 [main] INFO  org.hibernate.cfg.SettingsFactory - Automatic session close at end of transaction: disabled
14:01:02.485 [main] INFO  org.hibernate.cfg.SettingsFactory - JDBC batch size: 15
14:01:02.485 [main] INFO  org.hibernate.cfg.SettingsFactory - JDBC batch updates for versioned data: disabled
14:01:02.486 [main] INFO  org.hibernate.cfg.SettingsFactory - Scrollable result sets: enabled
14:01:02.486 [main] DEBUG org.hibernate.cfg.SettingsFactory - Wrap result sets: disabled
14:01:02.486 [main] INFO  org.hibernate.cfg.SettingsFactory - JDBC3 getGeneratedKeys(): enabled
14:01:02.486 [main] INFO  org.hibernate.cfg.SettingsFactory - Connection release mode: auto
14:01:02.487 [main] INFO  org.hibernate.cfg.SettingsFactory - Maximum outer join fetch depth: 2
14:01:02.487 [main] INFO  org.hibernate.cfg.SettingsFactory - Default batch fetch size: 1
14:01:02.487 [main] INFO  org.hibernate.cfg.SettingsFactory - Generate SQL with comments: disabled
14:01:02.487 [main] INFO  org.hibernate.cfg.SettingsFactory - Order SQL updates by primary key: disabled
14:01:02.487 [main] INFO  org.hibernate.cfg.SettingsFactory - Order SQL inserts for batching: disabled
14:01:02.487 [main] INFO  org.hibernate.cfg.SettingsFactory - Query translator: org.hibernate.hql.ast.ASTQueryTranslatorFactory
14:01:02.488 [main] INFO  o.h.h.ast.ASTQueryTranslatorFactory - Using ASTQueryTranslatorFactory
14:01:02.488 [main] INFO  org.hibernate.cfg.SettingsFactory - Query language substitutions: {}
14:01:02.488 [main] INFO  org.hibernate.cfg.SettingsFactory - JPA-QL strict compliance: disabled
14:01:02.488 [main] INFO  org.hibernate.cfg.SettingsFactory - Second-level cache: enabled
14:01:02.489 [main] INFO  org.hibernate.cfg.SettingsFactory - Query cache: disabled
14:01:02.489 [main] INFO  org.hibernate.cfg.SettingsFactory - Cache region factory : org.hibernate.cache.impl.NoCachingRegionFactory
14:01:02.489 [main] INFO  org.hibernate.cfg.SettingsFactory - Optimize cache for minimal puts: disabled
14:01:02.489 [main] INFO  org.hibernate.cfg.SettingsFactory - Structured second-level cache entries: disabled
14:01:02.492 [main] INFO  org.hibernate.cfg.SettingsFactory - Echoing all SQL to stdout
14:01:02.492 [main] INFO  org.hibernate.cfg.SettingsFactory - Statistics: enabled
14:01:02.492 [main] INFO  org.hibernate.cfg.SettingsFactory - Deleted entity synthetic identifier rollback: disabled
14:01:02.492 [main] INFO  org.hibernate.cfg.SettingsFactory - Default entity-mode: pojo
14:01:02.492 [main] INFO  org.hibernate.cfg.SettingsFactory - Named query checking : enabled
14:01:02.492 [main] INFO  org.hibernate.cfg.SettingsFactory - Check Nullability in Core (should be disabled when Bean Validation is on): disabled
14:01:02.501 [main] INFO  o.hibernate.impl.SessionFactoryImpl - building session factory
14:01:02.504 [main] DEBUG o.hibernate.impl.SessionFactoryImpl - Statistics initialized [enabled=true]}
14:01:02.504 [main] DEBUG org.hibernate.type.BasicTypeRegistry - Adding type registration boolean -&gt; org.hibernate.type.BooleanType@1199ebae
14:01:02.504 [main] DEBUG org.hibernate.type.BasicTypeRegistry - Adding type registration boolean -&gt; org.hibernate.type.BooleanType@1199ebae
14:01:02.504 [main] DEBUG org.hibernate.type.BasicTypeRegistry - Adding type registration java.lang.Boolean -&gt; org.hibernate.type.BooleanType@1199ebae
14:01:02.504 [main] DEBUG org.hibernate.type.BasicTypeRegistry - Adding type registration numeric_boolean -&gt; org.hibernate.type.NumericBooleanType@2b9562b6
14:01:02.504 [main] DEBUG org.hibernate.type.BasicTypeRegistry - Adding type registration true_false -&gt; org.hibernate.type.TrueFalseType@7e79a857
14:01:02.504 [main] DEBUG org.hibernate.type.BasicTypeRegistry - Adding type registration yes_no -&gt; org.hibernate.type.YesNoType@7a20fcab
14:01:02.504 [main] DEBUG org.hibernate.type.BasicTypeRegistry - Adding type registration byte -&gt; org.hibernate.type.ByteType@7edceebf
14:01:02.505 [main] DEBUG org.hibernate.type.BasicTypeRegistry - Adding type registration byte -&gt; org.hibernate.type.ByteType@7edceebf
14:01:02.505 [main] DEBUG org.hibernate.type.BasicTypeRegistry - Adding type registration java.lang.Byte -&gt; org.hibernate.type.ByteType@7edceebf
14:01:02.505 [main] DEBUG org.hibernate.type.BasicTypeRegistry - Adding type registration character -&gt; org.hibernate.type.CharacterType@30fcd103
14:01:02.505 [main] DEBUG org.hibernate.type.BasicTypeRegistry - Adding type registration char -&gt; org.hibernate.type.CharacterType@30fcd103
14:01:02.505 [main] DEBUG org.hibernate.type.BasicTypeRegistry - Adding type registration java.lang.Character -&gt; org.hibernate.type.CharacterType@30fcd103
14:01:02.505 [main] DEBUG org.hibernate.type.BasicTypeRegistry - Adding type registration short -&gt; org.hibernate.type.ShortType@2e956751
14:01:02.505 [main] DEBUG org.hibernate.type.BasicTypeRegistry - Adding type registration short -&gt; org.hibernate.type.ShortType@2e956751
14:01:02.505 [main] DEBUG org.hibernate.type.BasicTypeRegistry - Adding type registration java.lang.Short -&gt; org.hibernate.type.ShortType@2e956751
14:01:02.505 [main] DEBUG org.hibernate.type.BasicTypeRegistry - Adding type registration integer -&gt; org.hibernate.type.IntegerType@34476e01
14:01:02.505 [main] DEBUG org.hibernate.type.BasicTypeRegistry - Adding type registration int -&gt; org.hibernate.type.IntegerType@34476e01
14:01:02.505 [main] DEBUG org.hibernate.type.BasicTypeRegistry - Adding type registration java.lang.Integer -&gt; org.hibernate.type.IntegerType@34476e01
14:01:02.505 [main] DEBUG org.hibernate.type.BasicTypeRegistry - Adding type registration long -&gt; org.hibernate.type.LongType@620f3f85
14:01:02.505 [main] DEBUG org.hibernate.type.BasicTypeRegistry - Adding type registration long -&gt; org.hibernate.type.LongType@620f3f85
14:01:02.505 [main] DEBUG org.hibernate.type.BasicTypeRegistry - Adding type registration java.lang.Long -&gt; org.hibernate.type.LongType@620f3f85
14:01:02.505 [main] DEBUG org.hibernate.type.BasicTypeRegistry - Adding type registration float -&gt; org.hibernate.type.FloatType@2de176f9
14:01:02.505 [main] DEBUG org.hibernate.type.BasicTypeRegistry - Adding type registration float -&gt; org.hibernate.type.FloatType@2de176f9
14:01:02.505 [main] DEBUG org.hibernate.type.BasicTypeRegistry - Adding type registration java.lang.Float -&gt; org.hibernate.type.FloatType@2de176f9
14:01:02.505 [main] DEBUG org.hibernate.type.BasicTypeRegistry - Adding type registration double -&gt; org.hibernate.type.DoubleType@3867272d
14:01:02.505 [main] DEBUG org.hibernate.type.BasicTypeRegistry - Adding type registration double -&gt; org.hibernate.type.DoubleType@3867272d
14:01:02.505 [main] DEBUG org.hibernate.type.BasicTypeRegistry - Adding type registration java.lang.Double -&gt; org.hibernate.type.DoubleType@3867272d
14:01:02.505 [main] DEBUG org.hibernate.type.BasicTypeRegistry - Adding type registration big_decimal -&gt; org.hibernate.type.BigDecimalType@4c807a29
14:01:02.505 [main] DEBUG org.hibernate.type.BasicTypeRegistry - Adding type registration java.math.BigDecimal -&gt; org.hibernate.type.BigDecimalType@4c807a29
14:01:02.505 [main] DEBUG org.hibernate.type.BasicTypeRegistry - Adding type registration big_integer -&gt; org.hibernate.type.BigIntegerType@50b5c214
14:01:02.505 [main] DEBUG org.hibernate.type.BasicTypeRegistry - Adding type registration java.math.BigInteger -&gt; org.hibernate.type.BigIntegerType@50b5c214
14:01:02.505 [main] DEBUG org.hibernate.type.BasicTypeRegistry - Adding type registration string -&gt; org.hibernate.type.StringType@48f02081
14:01:02.505 [main] DEBUG org.hibernate.type.BasicTypeRegistry - Adding type registration java.lang.String -&gt; org.hibernate.type.StringType@48f02081
14:01:02.505 [main] DEBUG org.hibernate.type.BasicTypeRegistry - Adding type registration url -&gt; org.hibernate.type.UrlType@4fbea764
14:01:02.506 [main] DEBUG org.hibernate.type.BasicTypeRegistry - Adding type registration java.net.URL -&gt; org.hibernate.type.UrlType@4fbea764
14:01:02.506 [main] DEBUG org.hibernate.type.BasicTypeRegistry - Adding type registration date -&gt; org.hibernate.type.DateType@495434b9
14:01:02.506 [main] DEBUG org.hibernate.type.BasicTypeRegistry - Adding type registration java.sql.Date -&gt; org.hibernate.type.DateType@495434b9
14:01:02.506 [main] DEBUG org.hibernate.type.BasicTypeRegistry - Adding type registration time -&gt; org.hibernate.type.TimeType@1e2ed46c
14:01:02.506 [main] DEBUG org.hibernate.type.BasicTypeRegistry - Adding type registration java.sql.Time -&gt; org.hibernate.type.TimeType@1e2ed46c
14:01:02.506 [main] DEBUG org.hibernate.type.BasicTypeRegistry - Adding type registration timestamp -&gt; org.hibernate.type.TimestampType@21fd3d92
14:01:02.506 [main] DEBUG org.hibernate.type.BasicTypeRegistry - Adding type registration java.sql.Timestamp -&gt; org.hibernate.type.TimestampType@21fd3d92
14:01:02.506 [main] DEBUG org.hibernate.type.BasicTypeRegistry - Adding type registration java.util.Date -&gt; org.hibernate.type.TimestampType@21fd3d92
14:01:02.506 [main] DEBUG org.hibernate.type.BasicTypeRegistry - Adding type registration dbtimestamp -&gt; org.hibernate.type.DbTimestampType@3b7cb2ef
14:01:02.506 [main] DEBUG org.hibernate.type.BasicTypeRegistry - Adding type registration calendar -&gt; org.hibernate.type.CalendarType@75589a02
14:01:02.506 [main] DEBUG org.hibernate.type.BasicTypeRegistry - Adding type registration java.util.Calendar -&gt; org.hibernate.type.CalendarType@75589a02
14:01:02.506 [main] DEBUG org.hibernate.type.BasicTypeRegistry - Adding type registration java.util.GregorianCalendar -&gt; org.hibernate.type.CalendarType@75589a02
14:01:02.506 [main] DEBUG org.hibernate.type.BasicTypeRegistry - Adding type registration calendar_date -&gt; org.hibernate.type.CalendarDateType@74fd7c8d
14:01:02.506 [main] DEBUG org.hibernate.type.BasicTypeRegistry - Adding type registration locale -&gt; org.hibernate.type.LocaleType@6672b178
14:01:02.506 [main] DEBUG org.hibernate.type.BasicTypeRegistry - Adding type registration java.util.Locale -&gt; org.hibernate.type.LocaleType@6672b178
14:01:02.506 [main] DEBUG org.hibernate.type.BasicTypeRegistry - Adding type registration currency -&gt; org.hibernate.type.CurrencyType@2f53b135
14:01:02.506 [main] DEBUG org.hibernate.type.BasicTypeRegistry - Adding type registration java.util.Currency -&gt; org.hibernate.type.CurrencyType@2f53b135
14:01:02.506 [main] DEBUG org.hibernate.type.BasicTypeRegistry - Adding type registration timezone -&gt; org.hibernate.type.TimeZoneType@4e273069
14:01:02.506 [main] DEBUG org.hibernate.type.BasicTypeRegistry - Adding type registration java.util.TimeZone -&gt; org.hibernate.type.TimeZoneType@4e273069
14:01:02.506 [main] DEBUG org.hibernate.type.BasicTypeRegistry - Adding type registration class -&gt; org.hibernate.type.ClassType@bfcbfa
14:01:02.506 [main] DEBUG org.hibernate.type.BasicTypeRegistry - Adding type registration java.lang.Class -&gt; org.hibernate.type.ClassType@bfcbfa
14:01:02.506 [main] DEBUG org.hibernate.type.BasicTypeRegistry - Adding type registration uuid-binary -&gt; org.hibernate.type.UUIDBinaryType@17557412
14:01:02.506 [main] DEBUG org.hibernate.type.BasicTypeRegistry - Adding type registration java.util.UUID -&gt; org.hibernate.type.UUIDBinaryType@17557412
14:01:02.506 [main] DEBUG org.hibernate.type.BasicTypeRegistry - Adding type registration uuid-char -&gt; org.hibernate.type.UUIDCharType@47eef001
14:01:02.507 [main] DEBUG org.hibernate.type.BasicTypeRegistry - Adding type registration pg-uuid -&gt; org.hibernate.type.PostgresUUIDType@79ae7f53
14:01:02.507 [main] DEBUG org.hibernate.type.BasicTypeRegistry - Adding type registration binary -&gt; org.hibernate.type.BinaryType@1e6d7f85
14:01:02.507 [main] DEBUG org.hibernate.type.BasicTypeRegistry - Adding type registration byte[] -&gt; org.hibernate.type.BinaryType@1e6d7f85
14:01:02.507 [main] DEBUG org.hibernate.type.BasicTypeRegistry - Adding type registration [B -&gt; org.hibernate.type.BinaryType@1e6d7f85
14:01:02.507 [main] DEBUG org.hibernate.type.BasicTypeRegistry - Adding type registration wrapper-binary -&gt; org.hibernate.type.WrapperBinaryType@5b522d7c
14:01:02.507 [main] DEBUG org.hibernate.type.BasicTypeRegistry - Adding type registration Byte[] -&gt; org.hibernate.type.WrapperBinaryType@5b522d7c
14:01:02.507 [main] DEBUG org.hibernate.type.BasicTypeRegistry - Adding type registration [Ljava.lang.Byte; -&gt; org.hibernate.type.WrapperBinaryType@5b522d7c
14:01:02.507 [main] DEBUG org.hibernate.type.BasicTypeRegistry - Adding type registration image -&gt; org.hibernate.type.ImageType@4b7a3607
14:01:02.507 [main] DEBUG org.hibernate.type.BasicTypeRegistry - Adding type registration characters -&gt; org.hibernate.type.CharArrayType@7a0280ad
14:01:02.507 [main] DEBUG org.hibernate.type.BasicTypeRegistry - Adding type registration char[] -&gt; org.hibernate.type.CharArrayType@7a0280ad
14:01:02.507 [main] DEBUG org.hibernate.type.BasicTypeRegistry - Adding type registration [C -&gt; org.hibernate.type.CharArrayType@7a0280ad
14:01:02.507 [main] DEBUG org.hibernate.type.BasicTypeRegistry - Adding type registration wrapper-characters -&gt; org.hibernate.type.CharacterArrayType@69e9f93
14:01:02.507 [main] DEBUG org.hibernate.type.BasicTypeRegistry - Adding type registration [Ljava.lang.Character; -&gt; org.hibernate.type.CharacterArrayType@69e9f93
14:01:02.507 [main] DEBUG org.hibernate.type.BasicTypeRegistry - Adding type registration Character[] -&gt; org.hibernate.type.CharacterArrayType@69e9f93
14:01:02.507 [main] DEBUG org.hibernate.type.BasicTypeRegistry - Adding type registration text -&gt; org.hibernate.type.TextType@d903f07
14:01:02.507 [main] DEBUG org.hibernate.type.BasicTypeRegistry - Adding type registration blob -&gt; org.hibernate.type.BlobType@18074c85
14:01:02.507 [main] DEBUG org.hibernate.type.BasicTypeRegistry - Adding type registration java.sql.Blob -&gt; org.hibernate.type.BlobType@18074c85
14:01:02.507 [main] DEBUG org.hibernate.type.BasicTypeRegistry - Adding type registration materialized_blob -&gt; org.hibernate.type.MaterializedBlobType@4a377f4e
14:01:02.507 [main] DEBUG org.hibernate.type.BasicTypeRegistry - Adding type registration wrapper_materialized_blob -&gt; org.hibernate.type.WrappedMaterializedBlobType@5a59edb5
14:01:02.508 [main] DEBUG org.hibernate.type.BasicTypeRegistry - Adding type registration clob -&gt; org.hibernate.type.ClobType@1e2a3273
14:01:02.508 [main] DEBUG org.hibernate.type.BasicTypeRegistry - Adding type registration java.sql.Clob -&gt; org.hibernate.type.ClobType@1e2a3273
14:01:02.508 [main] DEBUG org.hibernate.type.BasicTypeRegistry - Adding type registration materialized_clob -&gt; org.hibernate.type.MaterializedClobType@40fd6cd8
14:01:02.508 [main] DEBUG org.hibernate.type.BasicTypeRegistry - Adding type registration wrapper_characters_clob -&gt; org.hibernate.type.CharacterArrayClobType@7d9c25e8
14:01:02.508 [main] DEBUG org.hibernate.type.BasicTypeRegistry - Adding type registration characters_clob -&gt; org.hibernate.type.PrimitiveCharacterArrayClobType@4c1070d2
14:01:02.508 [main] DEBUG org.hibernate.type.BasicTypeRegistry - Adding type registration serializable -&gt; org.hibernate.type.SerializableType@41fbdaef
14:01:02.508 [main] DEBUG org.hibernate.type.BasicTypeRegistry - Adding type registration object -&gt; org.hibernate.type.ObjectType@58fb8996
14:01:02.508 [main] DEBUG org.hibernate.type.BasicTypeRegistry - Adding type registration java.lang.Object -&gt; org.hibernate.type.ObjectType@58fb8996
14:01:02.508 [main] DEBUG org.hibernate.type.BasicTypeRegistry - Adding type registration imm_date -&gt; org.hibernate.type.AdaptedImmutableType@19b88891
14:01:02.508 [main] DEBUG org.hibernate.type.BasicTypeRegistry - Adding type registration imm_time -&gt; org.hibernate.type.AdaptedImmutableType@220df4c8
14:01:02.508 [main] DEBUG org.hibernate.type.BasicTypeRegistry - Adding type registration imm_timestamp -&gt; org.hibernate.type.AdaptedImmutableType@424187ef
14:01:02.508 [main] DEBUG org.hibernate.type.BasicTypeRegistry - Adding type registration imm_dbtimestamp -&gt; org.hibernate.type.AdaptedImmutableType@5c437de4
14:01:02.508 [main] DEBUG org.hibernate.type.BasicTypeRegistry - Adding type registration imm_calendar -&gt; org.hibernate.type.AdaptedImmutableType@52fe330e
14:01:02.508 [main] DEBUG org.hibernate.type.BasicTypeRegistry - Adding type registration imm_calendar_date -&gt; org.hibernate.type.AdaptedImmutableType@2eca06b3
14:01:02.508 [main] DEBUG org.hibernate.type.BasicTypeRegistry - Adding type registration imm_binary -&gt; org.hibernate.type.AdaptedImmutableType@517de9c4
14:01:02.508 [main] DEBUG org.hibernate.type.BasicTypeRegistry - Adding type registration imm_serializable -&gt; org.hibernate.type.AdaptedImmutableType@217e6ca8
14:01:02.508 [main] DEBUG org.hibernate.type.BasicTypeRegistry - Adding type registration materialized_blob -&gt; org.hibernate.type.MaterializedBlobType@730f9ac5
14:01:02.508 [main] INFO  org.hibernate.type.BasicTypeRegistry - Type registration [materialized_blob] overrides previous : org.hibernate.type.MaterializedBlobType@4a377f4e
14:01:02.509 [main] DEBUG o.hibernate.impl.SessionFactoryImpl - Session factory constructed with filter configurations : {}
14:01:02.509 [main] DEBUG o.hibernate.impl.SessionFactoryImpl - instantiating session factory with properties: {java.runtime.name=Java(TM) SE Runtime Environment, sun.boot.library.path=/usr/lib/jvm/jdk1.7.0_51/jre/lib/amd64, java.vm.version=24.51-b03, java.vm.vendor=Oracle Corporation, java.vendor.url=http://java.oracle.com/, path.separator=:, java.vm.name=Java HotSpot(TM) 64-Bit Server VM, file.encoding.pkg=sun.io, user.country=US, sun.java.launcher=SUN_STANDARD, sun.os.patch.level=unknown, test=net.lojika.gtfs.service.TripsDaoImplTest, java.vm.specification.name=Java Virtual Machine Specification, user.dir=/home/canboanoglu/NetBeansProjects/gtfs-creator, java.runtime.version=1.7.0_51-b13, java.awt.graphicsenv=sun.awt.X11GraphicsEnvironment, basedir=/home/canboanoglu/NetBeansProjects/gtfs-creator, hibernate.current_session_context_class=org.springframework.orm.hibernate3.SpringSessionContext, java.endorsed.dirs=/usr/lib/jvm/jdk1.7.0_51/jre/lib/endorsed, os.arch=amd64, surefire.real.class.path=/home/canboanoglu/NetBeansProjects/gtfs-creator/target/surefire/surefirebooter2424430298206114593.jar, hibernate.check_nullability=false, java.io.tmpdir=/tmp, line.separator=
, java.vm.specification.vendor=Oracle Corporation, os.name=Linux, maven.ext.class.path=/home/canboanoglu/netbeans-8.0/java/maven-nblib/netbeans-eventspy.jar, netbeansProjectMappings=, sun.jnu.encoding=UTF-8, java.library.path=/usr/lib/jvm/jdk1.7.0_51/jre/lib/amd64:/usr/lib/jvm/jdk1.7.0_51/jre/lib/i386::/usr/java/packages/lib/amd64:/usr/lib64:/lib64:/lib:/usr/lib, surefire.test.class.path=/home/canboanoglu/NetBeansProjects/gtfs-creator/target/test-classes:/home/canboanoglu/NetBeansProjects/gtfs-creator/target/classes:/home/canboanoglu/.m2/repository/junit/junit/4.8.1/junit-4.8.1.jar:/home/canboanoglu/.m2/repository/org/slf4j/slf4j-api/1.6.1/slf4j-api-1.6.1.jar:/home/canboanoglu/.m2/repository/org/slf4j/jcl-over-slf4j/1.6.1/jcl-over-slf4j-1.6.1.jar:/home/canboanoglu/.m2/repository/org/slf4j/log4j-over-slf4j/1.6.1/log4j-over-slf4j-1.6.1.jar:/home/canboanoglu/.m2/repository/ch/qos/logback/logback-core/0.9.30/logback-core-0.9.30.jar:/home/canboanoglu/.m2/repository/ch/qos/logback/logback-classic/0.9.30/logback-classic-0.9.30.jar:/home/canboanoglu/.m2/repository/org/aspectj/aspectjweaver/1.7.2/aspectjweaver-1.7.2.jar:/home/canboanoglu/.m2/repository/commons-jexl/commons-jexl/1.1/commons-jexl-1.1.jar:/home/canboanoglu/.m2/repository/commons-logging/commons-logging/1.0.3/commons-logging-1.0.3.jar:/home/canboanoglu/.m2/repository/commons-io/commons-io/2.4/commons-io-2.4.jar:/home/canboanoglu/.m2/repository/org/hibernate/hibernate-core/3.6.6.Final/hibernate-core-3.6.6.Final.jar:/home/canboanoglu/.m2/repository/antlr/antlr/2.7.6/antlr-2.7.6.jar:/home/canboanoglu/.m2/repository/commons-collections/commons-collections/3.1/commons-collections-3.1.jar:/home/canboanoglu/.m2/repository/dom4j/dom4j/1.6.1/dom4j-1.6.1.jar:/home/canboanoglu/.m2/repository/org/hibernate/hibernate-commons-annotations/3.2.0.Final/hibernate-commons-annotations-3.2.0.Final.jar:/home/canboanoglu/.m2/repository/org/hibernate/javax/persistence/hibernate-jpa-2.0-api/1.0.1.Final/hibernate-jpa-2.0-api-1.0.1.Final.jar:/home/canboanoglu/.m2/repository/javax/transaction/jta/1.1/jta-1.1.jar:/home/canboanoglu/.m2/repository/org/hibernate/hibernate-validator/4.0.2.GA/hibernate-validator-4.0.2.GA.jar:/home/canboanoglu/.m2/repository/javax/validation/validation-api/1.0.0.GA/validation-api-1.0.0.GA.jar:/home/canboanoglu/.m2/repository/javax/xml/bind/jaxb-api/2.1/jaxb-api-2.1.jar:/home/canboanoglu/.m2/repository/javax/xml/stream/stax-api/1.0-2/stax-api-1.0-2.jar:/home/canboanoglu/.m2/repository/javax/activation/activation/1.1/activation-1.1.jar:/home/canboanoglu/.m2/repository/com/sun/xml/bind/jaxb-impl/2.1.3/jaxb-impl-2.1.3.jar:/home/canboanoglu/.m2/repository/postgresql/postgresql/9.1-901.jdbc4/postgresql-9.1-901.jdbc4.jar:/home/canboanoglu/.m2/repository/org/mongodb/mongo-java-driver/2.12.3/mongo-java-driver-2.12.3.jar:/home/canboanoglu/.m2/repository/com/foursquare/fongo/1.0.7/fongo-1.0.7.jar:/home/canboanoglu/.m2/repository/org/mockito/mockito-core/1.9.0/mockito-core-1.9.0.jar:/home/canboanoglu/.m2/repository/org/hamcrest/hamcrest-core/1.1/hamcrest-core-1.1.jar:/home/canboanoglu/.m2/repository/org/objenesis/objenesis/1.0/objenesis-1.0.jar:/home/canboanoglu/.m2/repository/org/codehaus/groovy/groovy-all/2.1.2/groovy-all-2.1.2.jar:/home/canboanoglu/.m2/repository/org/springframework/spring-web/3.2.2.RELEASE/spring-web-3.2.2.RELEASE.jar:/home/canboanoglu/.m2/repository/aopalliance/aopalliance/1.0/aopalliance-1.0.jar:/home/canboanoglu/.m2/repository/org/springframework/spring-beans/3.2.2.RELEASE/spring-beans-3.2.2.RELEASE.jar:/home/canboanoglu/.m2/repository/org/springframework/spring-core/3.2.2.RELEASE/spring-core-3.2.2.RELEASE.jar:/home/canboanoglu/.m2/repository/org/springframework/spring-webmvc/3.2.2.RELEASE/spring-webmvc-3.2.2.RELEASE.jar:/home/canboanoglu/.m2/repository/org/springframework/spring-expression/3.2.2.RELEASE/spring-expression-3.2.2.RELEASE.jar:/home/canboanoglu/.m2/repository/org/springframework/spring-aop/3.2.2.RELEASE/spring-aop-3.2.2.RELEASE.jar:/home/canboanoglu/.m2/repository/org/springframework/spring-oxm/3.2.2.RELEASE/spring-oxm-3.2.2.RELEASE.jar:/home/canboanoglu/.m2/repository/commons-lang/commons-lang/2.5/commons-lang-2.5.jar:/home/canboanoglu/.m2/repository/org/springframework/spring-tx/3.2.2.RELEASE/spring-tx-3.2.2.RELEASE.jar:/home/canboanoglu/.m2/repository/org/springframework/spring-context/3.2.2.RELEASE/spring-context-3.2.2.RELEASE.jar:/home/canboanoglu/.m2/repository/org/springframework/spring-test/3.2.2.RELEASE/spring-test-3.2.2.RELEASE.jar:/home/canboanoglu/.m2/repository/org/springframework/spring-aspects/3.2.2.RELEASE/spring-aspects-3.2.2.RELEASE.jar:/home/canboanoglu/.m2/repository/org/springframework/spring-orm/3.2.2.RELEASE/spring-orm-3.2.2.RELEASE.jar:/home/canboanoglu/.m2/repository/org/springframework/spring-jdbc/3.2.2.RELEASE/spring-jdbc-3.2.2.RELEASE.jar:/home/canboanoglu/.m2/repository/org/springframework/data/spring-data-mongodb/1.2.0.RELEASE/spring-data-mongodb-1.2.0.RELEASE.jar:/home/canboanoglu/.m2/repository/org/springframework/data/spring-data-commons/1.5.0.RELEASE/spring-data-commons-1.5.0.RELEASE.jar:/home/canboanoglu/.m2/repository/org/springframework/spring-context-support/3.2.2.RELEASE/spring-context-support-3.2.2.RELEASE.jar:/home/canboanoglu/.m2/repository/org/quartz-scheduler/quartz/1.8.6/quartz-1.8.6.jar:/home/canboanoglu/.m2/repository/org/springframework/integration/spring-integration-core/2.2.3.RELEASE/spring-integration-core-2.2.3.RELEASE.jar:/home/canboanoglu/.m2/repository/org/springframework/retry/spring-retry/1.0.2.RELEASE/spring-retry-1.0.2.RELEASE.jar:/home/canboanoglu/.m2/repository/javapns/javapns/2.2/javapns-2.2.jar:/home/canboanoglu/.m2/repository/org/bouncycastle/bcprov-jdk16/1.45/bcprov-jdk16-1.45.jar:/home/canboanoglu/.m2/repository/org/apache/tika/tika-core/1.3/tika-core-1.3.jar:/home/canboanoglu/.m2/repository/c3p0/c3p0/0.9.1.2/c3p0-0.9.1.2.jar:/home/canboanoglu/.m2/repository/javassist/javassist/3.9.0.GA/javassist-3.9.0.GA.jar:/home/canboanoglu/.m2/repository/com/sun/xml/ws/webservices-rt/1.4/webservices-rt-1.4.jar:/home/canboanoglu/.m2/repository/javax/xml/webservices-api/1.4/webservices-api-1.4.jar:/home/canboanoglu/.m2/repository/org/codehaus/jackson/jackson-core-lgpl/1.9.5/jackson-core-lgpl-1.9.5.jar:/home/canboanoglu/.m2/repository/org/codehaus/jackson/jackson-mapper-lgpl/1.9.5/jackson-mapper-lgpl-1.9.5.jar:/home/canboanoglu/.m2/repository/org/codehaus/jackson/jackson-mapper-asl/1.9.5/jackson-mapper-asl-1.9.5.jar:/home/canboanoglu/.m2/repository/org/codehaus/jackson/jackson-core-asl/1.9.5/jackson-core-asl-1.9.5.jar:/home/canboanoglu/.m2/repository/org/codehaus/jackson/jackson-xc/1.9.5/jackson-xc-1.9.5.jar:/home/canboanoglu/.m2/repository/commons-httpclient/commons-httpclient/3.1/commons-httpclient-3.1.jar:/home/canboanoglu/.m2/repository/commons-beanutils/commons-beanutils-core/1.8.3/commons-beanutils-core-1.8.3.jar:/home/canboanoglu/.m2/repository/net/coobird/thumbnailator/0.4.7/thumbnailator-0.4.7.jar:/home/canboanoglu/.m2/repository/org/cryptonode/jncryptor/jncryptor/1.0.1/jncryptor-1.0.1.jar:/home/canboanoglu/.m2/repository/commons-codec/commons-codec/1.7/commons-codec-1.7.jar:, hibernate.generate_statistics=true, java.specification.name=Java Platform API Specification, java.class.version=51.0, sun.management.compiler=HotSpot 64-Bit Tiered Compilers, hibernate.transaction.factory_class=org.springframework.orm.hibernate3.SpringTransactionFactory, os.version=3.13.0-32-generic, user.home=/home/canboanoglu, user.timezone=Europe/Istanbul, java.awt.printerjob=sun.print.PSPrinterJob, java.specification.version=1.7, file.encoding=UTF-8, hibernate.format_sql=false, user.name=canboanoglu, java.class.path=/home/canboanoglu/NetBeansProjects/gtfs-creator/target/test-classes:/home/canboanoglu/NetBeansProjects/gtfs-creator/target/classes:/home/canboanoglu/.m2/repository/junit/junit/4.8.1/junit-4.8.1.jar:/home/canboanoglu/.m2/repository/org/slf4j/slf4j-api/1.6.1/slf4j-api-1.6.1.jar:/home/canboanoglu/.m2/repository/org/slf4j/jcl-over-slf4j/1.6.1/jcl-over-slf4j-1.6.1.jar:/home/canboanoglu/.m2/repository/org/slf4j/log4j-over-slf4j/1.6.1/log4j-over-slf4j-1.6.1.jar:/home/canboanoglu/.m2/repository/ch/qos/logback/logback-core/0.9.30/logback-core-0.9.30.jar:/home/canboanoglu/.m2/repository/ch/qos/logback/logback-classic/0.9.30/logback-classic-0.9.30.jar:/home/canboanoglu/.m2/repository/org/aspectj/aspectjweaver/1.7.2/aspectjweaver-1.7.2.jar:/home/canboanoglu/.m2/repository/commons-jexl/commons-jexl/1.1/commons-jexl-1.1.jar:/home/canboanoglu/.m2/repository/commons-logging/commons-logging/1.0.3/commons-logging-1.0.3.jar:/home/canboanoglu/.m2/repository/commons-io/commons-io/2.4/commons-io-2.4.jar:/home/canboanoglu/.m2/repository/org/hibernate/hibernate-core/3.6.6.Final/hibernate-core-3.6.6.Final.jar:/home/canboanoglu/.m2/repository/antlr/antlr/2.7.6/antlr-2.7.6.jar:/home/canboanoglu/.m2/repository/commons-collections/commons-collections/3.1/commons-collections-3.1.jar:/home/canboanoglu/.m2/repository/dom4j/dom4j/1.6.1/dom4j-1.6.1.jar:/home/canboanoglu/.m2/repository/org/hibernate/hibernate-commons-annotations/3.2.0.Final/hibernate-commons-annotations-3.2.0.Final.jar:/home/canboanoglu/.m2/repository/org/hibernate/javax/persistence/hibernate-jpa-2.0-api/1.0.1.Final/hibernate-jpa-2.0-api-1.0.1.Final.jar:/home/canboanoglu/.m2/repository/javax/transaction/jta/1.1/jta-1.1.jar:/home/canboanoglu/.m2/repository/org/hibernate/hibernate-validator/4.0.2.GA/hibernate-validator-4.0.2.GA.jar:/home/canboanoglu/.m2/repository/javax/validation/validation-api/1.0.0.GA/validation-api-1.0.0.GA.jar:/home/canboanoglu/.m2/repository/javax/xml/bind/jaxb-api/2.1/jaxb-api-2.1.jar:/home/canboanoglu/.m2/repository/javax/xml/stream/stax-api/1.0-2/stax-api-1.0-2.jar:/home/canboanoglu/.m2/repository/javax/activation/activation/1.1/activation-1.1.jar:/home/canboanoglu/.m2/repository/com/sun/xml/bind/jaxb-impl/2.1.3/jaxb-impl-2.1.3.jar:/home/canboanoglu/.m2/repository/postgresql/postgresql/9.1-901.jdbc4/postgresql-9.1-901.jdbc4.jar:/home/canboanoglu/.m2/repository/org/mongodb/mongo-java-driver/2.12.3/mongo-java-driver-2.12.3.jar:/home/canboanoglu/.m2/repository/com/foursquare/fongo/1.0.7/fongo-1.0.7.jar:/home/canboanoglu/.m2/repository/org/mockito/mockito-core/1.9.0/mockito-core-1.9.0.jar:/home/canboanoglu/.m2/repository/org/hamcrest/hamcrest-core/1.1/hamcrest-core-1.1.jar:/home/canboanoglu/.m2/repository/org/objenesis/objenesis/1.0/objenesis-1.0.jar:/home/canboanoglu/.m2/repository/org/codehaus/groovy/groovy-all/2.1.2/groovy-all-2.1.2.jar:/home/canboanoglu/.m2/repository/org/springframework/spring-web/3.2.2.RELEASE/spring-web-3.2.2.RELEASE.jar:/home/canboanoglu/.m2/repository/aopalliance/aopalliance/1.0/aopalliance-1.0.jar:/home/canboanoglu/.m2/repository/org/springframework/spring-beans/3.2.2.RELEASE/spring-beans-3.2.2.RELEASE.jar:/home/canboanoglu/.m2/repository/org/springframework/spring-core/3.2.2.RELEASE/spring-core-3.2.2.RELEASE.jar:/home/canboanoglu/.m2/repository/org/springframework/spring-webmvc/3.2.2.RELEASE/spring-webmvc-3.2.2.RELEASE.jar:/home/canboanoglu/.m2/repository/org/springframework/spring-expression/3.2.2.RELEASE/spring-expression-3.2.2.RELEASE.jar:/home/canboanoglu/.m2/repository/org/springframework/spring-aop/3.2.2.RELEASE/spring-aop-3.2.2.RELEASE.jar:/home/canboanoglu/.m2/repository/org/springframework/spring-oxm/3.2.2.RELEASE/spring-oxm-3.2.2.RELEASE.jar:/home/canboanoglu/.m2/repository/commons-lang/commons-lang/2.5/commons-lang-2.5.jar:/home/canboanoglu/.m2/repository/org/springframework/spring-tx/3.2.2.RELEASE/spring-tx-3.2.2.RELEASE.jar:/home/canboanoglu/.m2/repository/org/springframework/spring-context/3.2.2.RELEASE/spring-context-3.2.2.RELEASE.jar:/home/canboanoglu/.m2/repository/org/springframework/spring-test/3.2.2.RELEASE/spring-test-3.2.2.RELEASE.jar:/home/canboanoglu/.m2/repository/org/springframework/spring-aspects/3.2.2.RELEASE/spring-aspects-3.2.2.RELEASE.jar:/home/canboanoglu/.m2/repository/org/springframework/spring-orm/3.2.2.RELEASE/spring-orm-3.2.2.RELEASE.jar:/home/canboanoglu/.m2/repository/org/springframework/spring-jdbc/3.2.2.RELEASE/spring-jdbc-3.2.2.RELEASE.jar:/home/canboanoglu/.m2/repository/org/springframework/data/spring-data-mongodb/1.2.0.RELEASE/spring-data-mongodb-1.2.0.RELEASE.jar:/home/canboanoglu/.m2/repository/org/springframework/data/spring-data-commons/1.5.0.RELEASE/spring-data-commons-1.5.0.RELEASE.jar:/home/canboanoglu/.m2/repository/org/springframework/spring-context-support/3.2.2.RELEASE/spring-context-support-3.2.2.RELEASE.jar:/home/canboanoglu/.m2/repository/org/quartz-scheduler/quartz/1.8.6/quartz-1.8.6.jar:/home/canboanoglu/.m2/repository/org/springframework/integration/spring-integration-core/2.2.3.RELEASE/spring-integration-core-2.2.3.RELEASE.jar:/home/canboanoglu/.m2/repository/org/springframework/retry/spring-retry/1.0.2.RELEASE/spring-retry-1.0.2.RELEASE.jar:/home/canboanoglu/.m2/repository/javapns/javapns/2.2/javapns-2.2.jar:/home/canboanoglu/.m2/repository/org/bouncycastle/bcprov-jdk16/1.45/bcprov-jdk16-1.45.jar:/home/canboanoglu/.m2/repository/org/apache/tika/tika-core/1.3/tika-core-1.3.jar:/home/canboanoglu/.m2/repository/c3p0/c3p0/0.9.1.2/c3p0-0.9.1.2.jar:/home/canboanoglu/.m2/repository/javassist/javassist/3.9.0.GA/javassist-3.9.0.GA.jar:/home/canboanoglu/.m2/repository/com/sun/xml/ws/webservices-rt/1.4/webservices-rt-1.4.jar:/home/canboanoglu/.m2/repository/javax/xml/webservices-api/1.4/webservices-api-1.4.jar:/home/canboanoglu/.m2/repository/org/codehaus/jackson/jackson-core-lgpl/1.9.5/jackson-core-lgpl-1.9.5.jar:/home/canboanoglu/.m2/repository/org/codehaus/jackson/jackson-mapper-lgpl/1.9.5/jackson-mapper-lgpl-1.9.5.jar:/home/canboanoglu/.m2/repository/org/codehaus/jackson/jackson-mapper-asl/1.9.5/jackson-mapper-asl-1.9.5.jar:/home/canboanoglu/.m2/repository/org/codehaus/jackson/jackson-core-asl/1.9.5/jackson-core-asl-1.9.5.jar:/home/canboanoglu/.m2/repository/org/codehaus/jackson/jackson-xc/1.9.5/jackson-xc-1.9.5.jar:/home/canboanoglu/.m2/repository/commons-httpclient/commons-httpclient/3.1/commons-httpclient-3.1.jar:/home/canboanoglu/.m2/repository/commons-beanutils/commons-beanutils-core/1.8.3/commons-beanutils-core-1.8.3.jar:/home/canboanoglu/.m2/repository/net/coobird/thumbnailator/0.4.7/thumbnailator-0.4.7.jar:/home/canboanoglu/.m2/repository/org/cryptonode/jncryptor/jncryptor/1.0.1/jncryptor-1.0.1.jar:/home/canboanoglu/.m2/repository/commons-codec/commons-codec/1.7/commons-codec-1.7.jar:, hibernate.bytecode.use_reflection_optimizer=false, hibernate.show_sql=true, java.vm.specification.version=1.7, sun.arch.data.model=64, java.home=/usr/lib/jvm/jdk1.7.0_51/jre, sun.java.command=/home/canboanoglu/NetBeansProjects/gtfs-creator/target/surefire/surefirebooter2424430298206114593.jar /home/canboanoglu/NetBeansProjects/gtfs-creator/target/surefire/surefire7524366831874657613tmp /home/canboanoglu/NetBeansProjects/gtfs-creator/target/surefire/surefire_0890246012116206796tmp, hibernate.dialect=org.hibernate.dialect.PostgreSQLDialect, java.specification.vendor=Oracle Corporation, user.language=en, awt.toolkit=sun.awt.X11.XToolkit, java.vm.info=mixed mode, java.version=1.7.0_51, java.ext.dirs=/usr/lib/jvm/jdk1.7.0_51/jre/lib/ext:/usr/java/packages/lib/ext, sun.boot.class.path=/usr/lib/jvm/jdk1.7.0_51/jre/lib/resources.jar:/usr/lib/jvm/jdk1.7.0_51/jre/lib/rt.jar:/usr/lib/jvm/jdk1.7.0_51/jre/lib/sunrsasign.jar:/usr/lib/jvm/jdk1.7.0_51/jre/lib/jsse.jar:/usr/lib/jvm/jdk1.7.0_51/jre/lib/jce.jar:/usr/lib/jvm/jdk1.7.0_51/jre/lib/charsets.jar:/usr/lib/jvm/jdk1.7.0_51/jre/lib/jfr.jar:/usr/lib/jvm/jdk1.7.0_51/jre/classes, java.vendor=Oracle Corporation, localRepository=/home/canboanoglu/.m2/repository, file.separator=/, java.vendor.url.bug=http://bugreport.sun.com/bugreport/, hibernate.hbm2ddl.auto=none, hibernate.connection.provider_class=org.springframework.orm.hibernate3.LocalDataSourceConnectionProvider, sun.cpu.endian=little, sun.io.unicode.encoding=UnicodeLittle, sun.desktop=gnome, hibernate.max_fetch_depth=2, sun.cpu.isalist=}
14:01:02.517 [main] DEBUG o.h.i.f.DefaultIdentifierGeneratorFactory - Setting dialect [org.hibernate.dialect.PostgreSQLDialect]
14:01:02.518 [main] DEBUG o.h.i.f.DefaultIdentifierGeneratorFactory - Setting dialect [org.hibernate.dialect.PostgreSQLDialect]
14:01:02.518 [main] DEBUG o.h.i.f.DefaultIdentifierGeneratorFactory - Setting dialect [org.hibernate.dialect.PostgreSQLDialect]
14:01:02.518 [main] DEBUG o.h.i.f.DefaultIdentifierGeneratorFactory - Setting dialect [org.hibernate.dialect.PostgreSQLDialect]
14:01:02.518 [main] DEBUG o.h.i.f.DefaultIdentifierGeneratorFactory - Setting dialect [org.hibernate.dialect.PostgreSQLDialect]
14:01:02.518 [main] DEBUG o.h.i.f.DefaultIdentifierGeneratorFactory - Setting dialect [org.hibernate.dialect.PostgreSQLDialect]
14:01:02.518 [main] DEBUG o.h.i.f.DefaultIdentifierGeneratorFactory - Setting dialect [org.hibernate.dialect.PostgreSQLDialect]
14:01:02.580 [main] DEBUG o.h.p.entity.AbstractEntityPersister - Static SQL for entity: net.lojika.gtfs.model.TripLine
14:01:02.581 [main] DEBUG o.h.p.entity.AbstractEntityPersister -  Version select: select id from public.trip_line where id =?
14:01:02.581 [main] DEBUG o.h.p.entity.AbstractEntityPersister -  Snapshot select: select tripline_.id, tripline_.line_cdk_id as line2_1_, tripline_.trip_id as trip3_1_ from public.trip_line tripline_ where tripline_.id=?
14:01:02.581 [main] DEBUG o.h.p.entity.AbstractEntityPersister -  Insert 0: insert into public.trip_line (line_cdk_id, trip_id, id) values (?, ?, ?)
14:01:02.581 [main] DEBUG o.h.p.entity.AbstractEntityPersister -  Update 0: update public.trip_line set line_cdk_id=?, trip_id=? where id=?
14:01:02.581 [main] DEBUG o.h.p.entity.AbstractEntityPersister -  Delete 0: delete from public.trip_line where id=?
14:01:02.581 [main] DEBUG o.h.p.entity.AbstractEntityPersister -  Identity insert: insert into public.trip_line (line_cdk_id, trip_id) values (?, ?)
14:01:02.584 [main] DEBUG o.h.p.entity.AbstractEntityPersister - Static SQL for entity: net.lojika.gtfs.model.StopTimes
14:01:02.584 [main] DEBUG o.h.p.entity.AbstractEntityPersister -  Version select: select id from public.stop_times where id =?
14:01:02.584 [main] DEBUG o.h.p.entity.AbstractEntityPersister -  Snapshot select: select stoptimes_.id, stoptimes_.arrival_time as arrival2_0_, stoptimes_.departure_time as departure3_0_, stoptimes_.stop_id as stop5_0_, stoptimes_.stop_sequence as stop4_0_, stoptimes_.trip_id as trip6_0_ from public.stop_times stoptimes_ where stoptimes_.id=?
14:01:02.584 [main] DEBUG o.h.p.entity.AbstractEntityPersister -  Insert 0: insert into public.stop_times (arrival_time, departure_time, stop_id, stop_sequence, trip_id, id) values (?, ?, ?, ?, ?, ?)
14:01:02.584 [main] DEBUG o.h.p.entity.AbstractEntityPersister -  Update 0: update public.stop_times set arrival_time=?, departure_time=?, stop_id=?, stop_sequence=?, trip_id=? where id=?
14:01:02.584 [main] DEBUG o.h.p.entity.AbstractEntityPersister -  Delete 0: delete from public.stop_times where id=?
14:01:02.588 [main] DEBUG o.h.p.entity.AbstractEntityPersister - Static SQL for entity: net.lojika.gtfs.model.Calendar
14:01:02.588 [main] DEBUG o.h.p.entity.AbstractEntityPersister -  Version select: select service_id from public.calendar where service_id =?
14:01:02.588 [main] DEBUG o.h.p.entity.AbstractEntityPersister -  Snapshot select: select calendar_.service_id, calendar_.end_date as end2_5_, calendar_.friday as friday5_, calendar_.monday as monday5_, calendar_.saturday as saturday5_, calendar_.start_date as start6_5_, calendar_.sunday as sunday5_, calendar_.thursday as thursday5_, calendar_.tuesday as tuesday5_, calendar_.wednesday as wednesday5_ from public.calendar calendar_ where calendar_.service_id=?
14:01:02.589 [main] DEBUG o.h.p.entity.AbstractEntityPersister -  Insert 0: insert into public.calendar (end_date, friday, monday, saturday, start_date, sunday, thursday, tuesday, wednesday, service_id) values (?, ?, ?, ?, ?, ?, ?, ?, ?, ?)
14:01:02.589 [main] DEBUG o.h.p.entity.AbstractEntityPersister -  Update 0: update public.calendar set end_date=?, friday=?, monday=?, saturday=?, start_date=?, sunday=?, thursday=?, tuesday=?, wednesday=? where service_id=?
14:01:02.589 [main] DEBUG o.h.p.entity.AbstractEntityPersister -  Delete 0: delete from public.calendar where service_id=?
14:01:02.595 [main] DEBUG o.h.p.entity.AbstractEntityPersister - Static SQL for entity: net.lojika.gtfs.model.Stops
14:01:02.595 [main] DEBUG o.h.p.entity.AbstractEntityPersister -  Version select: select stop_id from public.stops where stop_id =?
14:01:02.595 [main] DEBUG o.h.p.entity.AbstractEntityPersister -  Snapshot select: select stops_.stop_id, stops_.stop_lat as stop2_6_, stops_.stop_lon as stop3_6_, stops_.stop_name as stop4_6_ from public.stops stops_ where stops_.stop_id=?
14:01:02.595 [main] DEBUG o.h.p.entity.AbstractEntityPersister -  Insert 0: insert into public.stops (stop_lat, stop_lon, stop_name, stop_id) values (?, ?, ?, ?)
14:01:02.595 [main] DEBUG o.h.p.entity.AbstractEntityPersister -  Update 0: update public.stops set stop_lat=?, stop_lon=?, stop_name=? where stop_id=?
14:01:02.595 [main] DEBUG o.h.p.entity.AbstractEntityPersister -  Delete 0: delete from public.stops where stop_id=?
14:01:02.599 [main] DEBUG o.h.p.entity.AbstractEntityPersister - Static SQL for entity: net.lojika.gtfs.model.Routes
14:01:02.599 [main] DEBUG o.h.p.entity.AbstractEntityPersister -  Version select: select route_id from public.routes where route_id =?
14:01:02.599 [main] DEBUG o.h.p.entity.AbstractEntityPersister -  Snapshot select: select routes_.route_id, routes_.route_long_name as route2_2_, routes_.route_short_name as route3_2_, routes_.route_type as route4_2_ from public.routes routes_ where routes_.route_id=?
14:01:02.599 [main] DEBUG o.h.p.entity.AbstractEntityPersister -  Insert 0: insert into public.routes (route_long_name, route_short_name, route_type, route_id) values (?, ?, ?, ?)
14:01:02.599 [main] DEBUG o.h.p.entity.AbstractEntityPersister -  Update 0: update public.routes set route_long_name=?, route_short_name=?, route_type=? where route_id=?
14:01:02.599 [main] DEBUG o.h.p.entity.AbstractEntityPersister -  Delete 0: delete from public.routes where route_id=?
14:01:02.601 [main] DEBUG o.h.p.entity.AbstractEntityPersister - Static SQL for entity: net.lojika.gtfs.model.RoutesCdkid
14:01:02.601 [main] DEBUG o.h.p.entity.AbstractEntityPersister -  Version select: select route_cdk_id from public.routes_cdkid where route_cdk_id =?
14:01:02.601 [main] DEBUG o.h.p.entity.AbstractEntityPersister -  Snapshot select: select routescdki_.route_cdk_id, routescdki_.route_id as route2_3_ from public.routes_cdkid routescdki_ where routescdki_.route_cdk_id=?
14:01:02.601 [main] DEBUG o.h.p.entity.AbstractEntityPersister -  Insert 0: insert into public.routes_cdkid (route_id, route_cdk_id) values (?, ?)
14:01:02.602 [main] DEBUG o.h.p.entity.AbstractEntityPersister -  Update 0: update public.routes_cdkid set route_id=? where route_cdk_id=?
14:01:02.602 [main] DEBUG o.h.p.entity.AbstractEntityPersister -  Delete 0: delete from public.routes_cdkid where route_cdk_id=?
14:01:02.605 [main] DEBUG o.h.p.entity.AbstractEntityPersister - Static SQL for entity: net.lojika.gtfs.model.Trips
14:01:02.605 [main] DEBUG o.h.p.entity.AbstractEntityPersister -  Version select: select trip_id from public.trips where trip_id =?
14:01:02.605 [main] DEBUG o.h.p.entity.AbstractEntityPersister -  Snapshot select: select trips_.trip_id, trips_.route_id as route3_4_, trips_.service_id as service2_4_ from public.trips trips_ where trips_.trip_id=?
14:01:02.605 [main] DEBUG o.h.p.entity.AbstractEntityPersister -  Insert 0: insert into public.trips (route_id, service_id, trip_id) values (?, ?, ?)
14:01:02.605 [main] DEBUG o.h.p.entity.AbstractEntityPersister -  Update 0: update public.trips set route_id=?, service_id=? where trip_id=?
14:01:02.605 [main] DEBUG o.h.p.entity.AbstractEntityPersister -  Delete 0: delete from public.trips where trip_id=?
14:01:02.609 [main] DEBUG o.h.p.c.AbstractCollectionPersister - Static SQL for collection: net.lojika.gtfs.model.Routes.routesCdkidCollection
14:01:02.610 [main] DEBUG o.h.p.c.AbstractCollectionPersister -  Row insert: update public.routes_cdkid set route_id=? where route_cdk_id=?
14:01:02.610 [main] DEBUG o.h.p.c.AbstractCollectionPersister -  Row delete: update public.routes_cdkid set route_id=null where route_id=? and route_cdk_id=?
14:01:02.610 [main] DEBUG o.h.p.c.AbstractCollectionPersister -  One-shot delete: update public.routes_cdkid set route_id=null where route_id=?
14:01:02.610 [main] DEBUG o.h.p.c.AbstractCollectionPersister - Static SQL for collection: net.lojika.gtfs.model.Trips.stopTimesList
14:01:02.610 [main] DEBUG o.h.p.c.AbstractCollectionPersister -  Row insert: update public.stop_times set trip_id=? where id=?
14:01:02.611 [main] DEBUG o.h.p.c.AbstractCollectionPersister -  Row delete: update public.stop_times set trip_id=null where trip_id=? and id=?
14:01:02.611 [main] DEBUG o.h.p.c.AbstractCollectionPersister -  One-shot delete: update public.stop_times set trip_id=null where trip_id=?
14:01:02.611 [main] DEBUG o.h.p.c.AbstractCollectionPersister - Static SQL for collection: net.lojika.gtfs.model.Stops.stopTimesList
14:01:02.611 [main] DEBUG o.h.p.c.AbstractCollectionPersister -  Row insert: update public.stop_times set stop_id=? where id=?
14:01:02.611 [main] DEBUG o.h.p.c.AbstractCollectionPersister -  Row delete: update public.stop_times set stop_id=null where stop_id=? and id=?
14:01:02.611 [main] DEBUG o.h.p.c.AbstractCollectionPersister -  One-shot delete: update public.stop_times set stop_id=null where stop_id=?
14:01:02.611 [main] DEBUG o.h.p.c.AbstractCollectionPersister - Static SQL for collection: net.lojika.gtfs.model.Routes.tripsList
14:01:02.611 [main] DEBUG o.h.p.c.AbstractCollectionPersister -  Row insert: update public.trips set route_id=? where trip_id=?
14:01:02.611 [main] DEBUG o.h.p.c.AbstractCollectionPersister -  Row delete: update public.trips set route_id=null where route_id=? and trip_id=?
14:01:02.611 [main] DEBUG o.h.p.c.AbstractCollectionPersister -  One-shot delete: update public.trips set route_id=null where route_id=?
14:01:02.626 [main] DEBUG o.h.loader.entity.EntityLoader - Static select for entity net.lojika.gtfs.model.TripLine [NONE]: select tripline0_.id as id1_4_, tripline0_.line_cdk_id as line2_1_4_, tripline0_.trip_id as trip3_1_4_, routescdki1_.route_cdk_id as route1_3_0_, routescdki1_.route_id as route2_3_0_, routes2_.route_id as route1_2_1_, routes2_.route_long_name as route2_2_1_, routes2_.route_short_name as route3_2_1_, routes2_.route_type as route4_2_1_, trips3_.trip_id as trip1_4_2_, trips3_.route_id as route3_4_2_, trips3_.service_id as service2_4_2_, routes4_.route_id as route1_2_3_, routes4_.route_long_name as route2_2_3_, routes4_.route_short_name as route3_2_3_, routes4_.route_type as route4_2_3_ from public.trip_line tripline0_ left outer join public.routes_cdkid routescdki1_ on tripline0_.line_cdk_id=routescdki1_.route_cdk_id left outer join public.routes routes2_ on routescdki1_.route_id=routes2_.route_id inner join public.trips trips3_ on tripline0_.trip_id=trips3_.trip_id left outer join public.routes routes4_ on trips3_.route_id=routes4_.route_id where tripline0_.id=?
14:01:02.627 [main] DEBUG o.h.loader.entity.EntityLoader - Static select for entity net.lojika.gtfs.model.TripLine [READ]: select tripline0_.id as id1_4_, tripline0_.line_cdk_id as line2_1_4_, tripline0_.trip_id as trip3_1_4_, routescdki1_.route_cdk_id as route1_3_0_, routescdki1_.route_id as route2_3_0_, routes2_.route_id as route1_2_1_, routes2_.route_long_name as route2_2_1_, routes2_.route_short_name as route3_2_1_, routes2_.route_type as route4_2_1_, trips3_.trip_id as trip1_4_2_, trips3_.route_id as route3_4_2_, trips3_.service_id as service2_4_2_, routes4_.route_id as route1_2_3_, routes4_.route_long_name as route2_2_3_, routes4_.route_short_name as route3_2_3_, routes4_.route_type as route4_2_3_ from public.trip_line tripline0_ left outer join public.routes_cdkid routescdki1_ on tripline0_.line_cdk_id=routescdki1_.route_cdk_id left outer join public.routes routes2_ on routescdki1_.route_id=routes2_.route_id inner join public.trips trips3_ on tripline0_.trip_id=trips3_.trip_id left outer join public.routes routes4_ on trips3_.route_id=routes4_.route_id where tripline0_.id=?
14:01:02.627 [main] DEBUG o.h.loader.entity.EntityLoader - Static select for entity net.lojika.gtfs.model.TripLine [UPGRADE]: select tripline0_.id as id1_0_, tripline0_.line_cdk_id as line2_1_0_, tripline0_.trip_id as trip3_1_0_ from public.trip_line tripline0_ where tripline0_.id=? for update
14:01:02.628 [main] DEBUG o.h.loader.entity.EntityLoader - Static select for entity net.lojika.gtfs.model.TripLine [UPGRADE_NOWAIT]: select tripline0_.id as id1_0_, tripline0_.line_cdk_id as line2_1_0_, tripline0_.trip_id as trip3_1_0_ from public.trip_line tripline0_ where tripline0_.id=? for update
14:01:02.628 [main] DEBUG o.h.loader.entity.EntityLoader - Static select for entity net.lojika.gtfs.model.TripLine [FORCE]: select tripline0_.id as id1_0_, tripline0_.line_cdk_id as line2_1_0_, tripline0_.trip_id as trip3_1_0_ from public.trip_line tripline0_ where tripline0_.id=? for update
14:01:02.628 [main] DEBUG o.h.loader.entity.EntityLoader - Static select for entity net.lojika.gtfs.model.TripLine [PESSIMISTIC_READ]: select tripline0_.id as id1_0_, tripline0_.line_cdk_id as line2_1_0_, tripline0_.trip_id as trip3_1_0_ from public.trip_line tripline0_ where tripline0_.id=? for share
14:01:02.628 [main] DEBUG o.h.loader.entity.EntityLoader - Static select for entity net.lojika.gtfs.model.TripLine [PESSIMISTIC_WRITE]: select tripline0_.id as id1_0_, tripline0_.line_cdk_id as line2_1_0_, tripline0_.trip_id as trip3_1_0_ from public.trip_line tripline0_ where tripline0_.id=? for update
14:01:02.629 [main] DEBUG o.h.loader.entity.EntityLoader - Static select for entity net.lojika.gtfs.model.TripLine [PESSIMISTIC_FORCE_INCREMENT]: select tripline0_.id as id1_0_, tripline0_.line_cdk_id as line2_1_0_, tripline0_.trip_id as trip3_1_0_ from public.trip_line tripline0_ where tripline0_.id=? for update
14:01:02.629 [main] DEBUG o.h.loader.entity.EntityLoader - Static select for entity net.lojika.gtfs.model.TripLine [OPTIMISTIC]: select tripline0_.id as id1_4_, tripline0_.line_cdk_id as line2_1_4_, tripline0_.trip_id as trip3_1_4_, routescdki1_.route_cdk_id as route1_3_0_, routescdki1_.route_id as route2_3_0_, routes2_.route_id as route1_2_1_, routes2_.route_long_name as route2_2_1_, routes2_.route_short_name as route3_2_1_, routes2_.route_type as route4_2_1_, trips3_.trip_id as trip1_4_2_, trips3_.route_id as route3_4_2_, trips3_.service_id as service2_4_2_, routes4_.route_id as route1_2_3_, routes4_.route_long_name as route2_2_3_, routes4_.route_short_name as route3_2_3_, routes4_.route_type as route4_2_3_ from public.trip_line tripline0_ left outer join public.routes_cdkid routescdki1_ on tripline0_.line_cdk_id=routescdki1_.route_cdk_id left outer join public.routes routes2_ on routescdki1_.route_id=routes2_.route_id inner join public.trips trips3_ on tripline0_.trip_id=trips3_.trip_id left outer join public.routes routes4_ on trips3_.route_id=routes4_.route_id where tripline0_.id=?
14:01:02.630 [main] DEBUG o.h.loader.entity.EntityLoader - Static select for entity net.lojika.gtfs.model.TripLine [OPTIMISTIC_FORCE_INCREMENT]: select tripline0_.id as id1_4_, tripline0_.line_cdk_id as line2_1_4_, tripline0_.trip_id as trip3_1_4_, routescdki1_.route_cdk_id as route1_3_0_, routescdki1_.route_id as route2_3_0_, routes2_.route_id as route1_2_1_, routes2_.route_long_name as route2_2_1_, routes2_.route_short_name as route3_2_1_, routes2_.route_type as route4_2_1_, trips3_.trip_id as trip1_4_2_, trips3_.route_id as route3_4_2_, trips3_.service_id as service2_4_2_, routes4_.route_id as route1_2_3_, routes4_.route_long_name as route2_2_3_, routes4_.route_short_name as route3_2_3_, routes4_.route_type as route4_2_3_ from public.trip_line tripline0_ left outer join public.routes_cdkid routescdki1_ on tripline0_.line_cdk_id=routescdki1_.route_cdk_id left outer join public.routes routes2_ on routescdki1_.route_id=routes2_.route_id inner join public.trips trips3_ on tripline0_.trip_id=trips3_.trip_id left outer join public.routes routes4_ on trips3_.route_id=routes4_.route_id where tripline0_.id=?
14:01:02.637 [main] DEBUG o.h.loader.entity.EntityLoader - Static select for action ACTION_MERGE on entity net.lojika.gtfs.model.TripLine: select tripline0_.id as id1_0_, tripline0_.line_cdk_id as line2_1_0_, tripline0_.trip_id as trip3_1_0_ from public.trip_line tripline0_ where tripline0_.id=?
14:01:02.638 [main] DEBUG o.h.loader.entity.EntityLoader - Static select for action ACTION_REFRESH on entity net.lojika.gtfs.model.TripLine: select tripline0_.id as id1_0_, tripline0_.line_cdk_id as line2_1_0_, tripline0_.trip_id as trip3_1_0_ from public.trip_line tripline0_ where tripline0_.id=?
14:01:02.638 [main] DEBUG o.h.loader.entity.EntityLoader - Static select for entity net.lojika.gtfs.model.TripLine [NONE]: select tripline0_.id as id1_4_, tripline0_.line_cdk_id as line2_1_4_, tripline0_.trip_id as trip3_1_4_, routescdki1_.route_cdk_id as route1_3_0_, routescdki1_.route_id as route2_3_0_, routes2_.route_id as route1_2_1_, routes2_.route_long_name as route2_2_1_, routes2_.route_short_name as route3_2_1_, routes2_.route_type as route4_2_1_, trips3_.trip_id as trip1_4_2_, trips3_.route_id as route3_4_2_, trips3_.service_id as service2_4_2_, routes4_.route_id as route1_2_3_, routes4_.route_long_name as route2_2_3_, routes4_.route_short_name as route3_2_3_, routes4_.route_type as route4_2_3_ from public.trip_line tripline0_ left outer join public.routes_cdkid routescdki1_ on tripline0_.line_cdk_id=routescdki1_.route_cdk_id left outer join public.routes routes2_ on routescdki1_.route_id=routes2_.route_id inner join public.trips trips3_ on tripline0_.trip_id=trips3_.trip_id left outer join public.routes routes4_ on trips3_.route_id=routes4_.route_id where tripline0_.trip_id=?
14:01:02.640 [main] DEBUG o.h.loader.entity.EntityLoader - Static select for entity net.lojika.gtfs.model.StopTimes [NONE]: select stoptimes0_.id as id0_4_, stoptimes0_.arrival_time as arrival2_0_4_, stoptimes0_.departure_time as departure3_0_4_, stoptimes0_.stop_id as stop5_0_4_, stoptimes0_.stop_sequence as stop4_0_4_, stoptimes0_.trip_id as trip6_0_4_, stops1_.stop_id as stop1_6_0_, stops1_.stop_lat as stop2_6_0_, stops1_.stop_lon as stop3_6_0_, stops1_.stop_name as stop4_6_0_, trips2_.trip_id as trip1_4_1_, trips2_.route_id as route3_4_1_, trips2_.service_id as service2_4_1_, routes3_.route_id as route1_2_2_, routes3_.route_long_name as route2_2_2_, routes3_.route_short_name as route3_2_2_, routes3_.route_type as route4_2_2_, tripline4_.id as id1_3_, tripline4_.line_cdk_id as line2_1_3_, tripline4_.trip_id as trip3_1_3_ from public.stop_times stoptimes0_ left outer join public.stops stops1_ on stoptimes0_.stop_id=stops1_.stop_id left outer join public.trips trips2_ on stoptimes0_.trip_id=trips2_.trip_id left outer join public.routes routes3_ on trips2_.route_id=routes3_.route_id left outer join public.trip_line tripline4_ on trips2_.trip_id=tripline4_.trip_id where stoptimes0_.id=?
14:01:02.640 [main] DEBUG o.h.loader.entity.EntityLoader - Static select for entity net.lojika.gtfs.model.StopTimes [READ]: select stoptimes0_.id as id0_4_, stoptimes0_.arrival_time as arrival2_0_4_, stoptimes0_.departure_time as departure3_0_4_, stoptimes0_.stop_id as stop5_0_4_, stoptimes0_.stop_sequence as stop4_0_4_, stoptimes0_.trip_id as trip6_0_4_, stops1_.stop_id as stop1_6_0_, stops1_.stop_lat as stop2_6_0_, stops1_.stop_lon as stop3_6_0_, stops1_.stop_name as stop4_6_0_, trips2_.trip_id as trip1_4_1_, trips2_.route_id as route3_4_1_, trips2_.service_id as service2_4_1_, routes3_.route_id as route1_2_2_, routes3_.route_long_name as route2_2_2_, routes3_.route_short_name as route3_2_2_, routes3_.route_type as route4_2_2_, tripline4_.id as id1_3_, tripline4_.line_cdk_id as line2_1_3_, tripline4_.trip_id as trip3_1_3_ from public.stop_times stoptimes0_ left outer join public.stops stops1_ on stoptimes0_.stop_id=stops1_.stop_id left outer join public.trips trips2_ on stoptimes0_.trip_id=trips2_.trip_id left outer join public.routes routes3_ on trips2_.route_id=routes3_.route_id left outer join public.trip_line tripline4_ on trips2_.trip_id=tripline4_.trip_id where stoptimes0_.id=?
14:01:02.641 [main] DEBUG o.h.loader.entity.EntityLoader - Static select for entity net.lojika.gtfs.model.StopTimes [UPGRADE]: select stoptimes0_.id as id0_0_, stoptimes0_.arrival_time as arrival2_0_0_, stoptimes0_.departure_time as departure3_0_0_, stoptimes0_.stop_id as stop5_0_0_, stoptimes0_.stop_sequence as stop4_0_0_, stoptimes0_.trip_id as trip6_0_0_ from public.stop_times stoptimes0_ where stoptimes0_.id=? for update
14:01:02.641 [main] DEBUG o.h.loader.entity.EntityLoader - Static select for entity net.lojika.gtfs.model.StopTimes [UPGRADE_NOWAIT]: select stoptimes0_.id as id0_0_, stoptimes0_.arrival_time as arrival2_0_0_, stoptimes0_.departure_time as departure3_0_0_, stoptimes0_.stop_id as stop5_0_0_, stoptimes0_.stop_sequence as stop4_0_0_, stoptimes0_.trip_id as trip6_0_0_ from public.stop_times stoptimes0_ where stoptimes0_.id=? for update
14:01:02.641 [main] DEBUG o.h.loader.entity.EntityLoader - Static select for entity net.lojika.gtfs.model.StopTimes [FORCE]: select stoptimes0_.id as id0_0_, stoptimes0_.arrival_time as arrival2_0_0_, stoptimes0_.departure_time as departure3_0_0_, stoptimes0_.stop_id as stop5_0_0_, stoptimes0_.stop_sequence as stop4_0_0_, stoptimes0_.trip_id as trip6_0_0_ from public.stop_times stoptimes0_ where stoptimes0_.id=? for update
14:01:02.641 [main] DEBUG o.h.loader.entity.EntityLoader - Static select for entity net.lojika.gtfs.model.StopTimes [PESSIMISTIC_READ]: select stoptimes0_.id as id0_0_, stoptimes0_.arrival_time as arrival2_0_0_, stoptimes0_.departure_time as departure3_0_0_, stoptimes0_.stop_id as stop5_0_0_, stoptimes0_.stop_sequence as stop4_0_0_, stoptimes0_.trip_id as trip6_0_0_ from public.stop_times stoptimes0_ where stoptimes0_.id=? for share
14:01:02.642 [main] DEBUG o.h.loader.entity.EntityLoader - Static select for entity net.lojika.gtfs.model.StopTimes [PESSIMISTIC_WRITE]: select stoptimes0_.id as id0_0_, stoptimes0_.arrival_time as arrival2_0_0_, stoptimes0_.departure_time as departure3_0_0_, stoptimes0_.stop_id as stop5_0_0_, stoptimes0_.stop_sequence as stop4_0_0_, stoptimes0_.trip_id as trip6_0_0_ from public.stop_times stoptimes0_ where stoptimes0_.id=? for update
14:01:02.642 [main] DEBUG o.h.loader.entity.EntityLoader - Static select for entity net.lojika.gtfs.model.StopTimes [PESSIMISTIC_FORCE_INCREMENT]: select stoptimes0_.id as id0_0_, stoptimes0_.arrival_time as arrival2_0_0_, stoptimes0_.departure_time as departure3_0_0_, stoptimes0_.stop_id as stop5_0_0_, stoptimes0_.stop_sequence as stop4_0_0_, stoptimes0_.trip_id as trip6_0_0_ from public.stop_times stoptimes0_ where stoptimes0_.id=? for update
14:01:02.642 [main] DEBUG o.h.loader.entity.EntityLoader - Static select for entity net.lojika.gtfs.model.StopTimes [OPTIMISTIC]: select stoptimes0_.id as id0_4_, stoptimes0_.arrival_time as arrival2_0_4_, stoptimes0_.departure_time as departure3_0_4_, stoptimes0_.stop_id as stop5_0_4_, stoptimes0_.stop_sequence as stop4_0_4_, stoptimes0_.trip_id as trip6_0_4_, stops1_.stop_id as stop1_6_0_, stops1_.stop_lat as stop2_6_0_, stops1_.stop_lon as stop3_6_0_, stops1_.stop_name as stop4_6_0_, trips2_.trip_id as trip1_4_1_, trips2_.route_id as route3_4_1_, trips2_.service_id as service2_4_1_, routes3_.route_id as route1_2_2_, routes3_.route_long_name as route2_2_2_, routes3_.route_short_name as route3_2_2_, routes3_.route_type as route4_2_2_, tripline4_.id as id1_3_, tripline4_.line_cdk_id as line2_1_3_, tripline4_.trip_id as trip3_1_3_ from public.stop_times stoptimes0_ left outer join public.stops stops1_ on stoptimes0_.stop_id=stops1_.stop_id left outer join public.trips trips2_ on stoptimes0_.trip_id=trips2_.trip_id left outer join public.routes routes3_ on trips2_.route_id=routes3_.route_id left outer join public.trip_line tripline4_ on trips2_.trip_id=tripline4_.trip_id where stoptimes0_.id=?
14:01:02.643 [main] DEBUG o.h.loader.entity.EntityLoader - Static select for entity net.lojika.gtfs.model.StopTimes [OPTIMISTIC_FORCE_INCREMENT]: select stoptimes0_.id as id0_4_, stoptimes0_.arrival_time as arrival2_0_4_, stoptimes0_.departure_time as departure3_0_4_, stoptimes0_.stop_id as stop5_0_4_, stoptimes0_.stop_sequence as stop4_0_4_, stoptimes0_.trip_id as trip6_0_4_, stops1_.stop_id as stop1_6_0_, stops1_.stop_lat as stop2_6_0_, stops1_.stop_lon as stop3_6_0_, stops1_.stop_name as stop4_6_0_, trips2_.trip_id as trip1_4_1_, trips2_.route_id as route3_4_1_, trips2_.service_id as service2_4_1_, routes3_.route_id as route1_2_2_, routes3_.route_long_name as route2_2_2_, routes3_.route_short_name as route3_2_2_, routes3_.route_type as route4_2_2_, tripline4_.id as id1_3_, tripline4_.line_cdk_id as line2_1_3_, tripline4_.trip_id as trip3_1_3_ from public.stop_times stoptimes0_ left outer join public.stops stops1_ on stoptimes0_.stop_id=stops1_.stop_id left outer join public.trips trips2_ on stoptimes0_.trip_id=trips2_.trip_id left outer join public.routes routes3_ on trips2_.route_id=routes3_.route_id left outer join public.trip_line tripline4_ on trips2_.trip_id=tripline4_.trip_id where stoptimes0_.id=?
14:01:02.643 [main] DEBUG o.h.loader.entity.EntityLoader - Static select for action ACTION_MERGE on entity net.lojika.gtfs.model.StopTimes: select stoptimes0_.id as id0_0_, stoptimes0_.arrival_time as arrival2_0_0_, stoptimes0_.departure_time as departure3_0_0_, stoptimes0_.stop_id as stop5_0_0_, stoptimes0_.stop_sequence as stop4_0_0_, stoptimes0_.trip_id as trip6_0_0_ from public.stop_times stoptimes0_ where stoptimes0_.id=?
14:01:02.643 [main] DEBUG o.h.loader.entity.EntityLoader - Static select for action ACTION_REFRESH on entity net.lojika.gtfs.model.StopTimes: select stoptimes0_.id as id0_0_, stoptimes0_.arrival_time as arrival2_0_0_, stoptimes0_.departure_time as departure3_0_0_, stoptimes0_.stop_id as stop5_0_0_, stoptimes0_.stop_sequence as stop4_0_0_, stoptimes0_.trip_id as trip6_0_0_ from public.stop_times stoptimes0_ where stoptimes0_.id=?
14:01:02.643 [main] DEBUG o.h.loader.entity.EntityLoader - Static select for entity net.lojika.gtfs.model.Calendar [NONE]: select calendar0_.service_id as service1_5_0_, calendar0_.end_date as end2_5_0_, calendar0_.friday as friday5_0_, calendar0_.monday as monday5_0_, calendar0_.saturday as saturday5_0_, calendar0_.start_date as start6_5_0_, calendar0_.sunday as sunday5_0_, calendar0_.thursday as thursday5_0_, calendar0_.tuesday as tuesday5_0_, calendar0_.wednesday as wednesday5_0_ from public.calendar calendar0_ where calendar0_.service_id=?
14:01:02.644 [main] DEBUG o.h.loader.entity.EntityLoader - Static select for entity net.lojika.gtfs.model.Calendar [READ]: select calendar0_.service_id as service1_5_0_, calendar0_.end_date as end2_5_0_, calendar0_.friday as friday5_0_, calendar0_.monday as monday5_0_, calendar0_.saturday as saturday5_0_, calendar0_.start_date as start6_5_0_, calendar0_.sunday as sunday5_0_, calendar0_.thursday as thursday5_0_, calendar0_.tuesday as tuesday5_0_, calendar0_.wednesday as wednesday5_0_ from public.calendar calendar0_ where calendar0_.service_id=?
14:01:02.644 [main] DEBUG o.h.loader.entity.EntityLoader - Static select for entity net.lojika.gtfs.model.Calendar [UPGRADE]: select calendar0_.service_id as service1_5_0_, calendar0_.end_date as end2_5_0_, calendar0_.friday as friday5_0_, calendar0_.monday as monday5_0_, calendar0_.saturday as saturday5_0_, calendar0_.start_date as start6_5_0_, calendar0_.sunday as sunday5_0_, calendar0_.thursday as thursday5_0_, calendar0_.tuesday as tuesday5_0_, calendar0_.wednesday as wednesday5_0_ from public.calendar calendar0_ where calendar0_.service_id=? for update
14:01:02.644 [main] DEBUG o.h.loader.entity.EntityLoader - Static select for entity net.lojika.gtfs.model.Calendar [UPGRADE_NOWAIT]: select calendar0_.service_id as service1_5_0_, calendar0_.end_date as end2_5_0_, calendar0_.friday as friday5_0_, calendar0_.monday as monday5_0_, calendar0_.saturday as saturday5_0_, calendar0_.start_date as start6_5_0_, calendar0_.sunday as sunday5_0_, calendar0_.thursday as thursday5_0_, calendar0_.tuesday as tuesday5_0_, calendar0_.wednesday as wednesday5_0_ from public.calendar calendar0_ where calendar0_.service_id=? for update
14:01:02.644 [main] DEBUG o.h.loader.entity.EntityLoader - Static select for entity net.lojika.gtfs.model.Calendar [FORCE]: select calendar0_.service_id as service1_5_0_, calendar0_.end_date as end2_5_0_, calendar0_.friday as friday5_0_, calendar0_.monday as monday5_0_, calendar0_.saturday as saturday5_0_, calendar0_.start_date as start6_5_0_, calendar0_.sunday as sunday5_0_, calendar0_.thursday as thursday5_0_, calendar0_.tuesday as tuesday5_0_, calendar0_.wednesday as wednesday5_0_ from public.calendar calendar0_ where calendar0_.service_id=? for update
14:01:02.644 [main] DEBUG o.h.loader.entity.EntityLoader - Static select for entity net.lojika.gtfs.model.Calendar [PESSIMISTIC_READ]: select calendar0_.service_id as service1_5_0_, calendar0_.end_date as end2_5_0_, calendar0_.friday as friday5_0_, calendar0_.monday as monday5_0_, calendar0_.saturday as saturday5_0_, calendar0_.start_date as start6_5_0_, calendar0_.sunday as sunday5_0_, calendar0_.thursday as thursday5_0_, calendar0_.tuesday as tuesday5_0_, calendar0_.wednesday as wednesday5_0_ from public.calendar calendar0_ where calendar0_.service_id=? for share
14:01:02.645 [main] DEBUG o.h.loader.entity.EntityLoader - Static select for entity net.lojika.gtfs.model.Calendar [PESSIMISTIC_WRITE]: select calendar0_.service_id as service1_5_0_, calendar0_.end_date as end2_5_0_, calendar0_.friday as friday5_0_, calendar0_.monday as monday5_0_, calendar0_.saturday as saturday5_0_, calendar0_.start_date as start6_5_0_, calendar0_.sunday as sunday5_0_, calendar0_.thursday as thursday5_0_, calendar0_.tuesday as tuesday5_0_, calendar0_.wednesday as wednesday5_0_ from public.calendar calendar0_ where calendar0_.service_id=? for update
14:01:02.645 [main] DEBUG o.h.loader.entity.EntityLoader - Static select for entity net.lojika.gtfs.model.Calendar [PESSIMISTIC_FORCE_INCREMENT]: select calendar0_.service_id as service1_5_0_, calendar0_.end_date as end2_5_0_, calendar0_.friday as friday5_0_, calendar0_.monday as monday5_0_, calendar0_.saturday as saturday5_0_, calendar0_.start_date as start6_5_0_, calendar0_.sunday as sunday5_0_, calendar0_.thursday as thursday5_0_, calendar0_.tuesday as tuesday5_0_, calendar0_.wednesday as wednesday5_0_ from public.calendar calendar0_ where calendar0_.service_id=? for update
14:01:02.645 [main] DEBUG o.h.loader.entity.EntityLoader - Static select for entity net.lojika.gtfs.model.Calendar [OPTIMISTIC]: select calendar0_.service_id as service1_5_0_, calendar0_.end_date as end2_5_0_, calendar0_.friday as friday5_0_, calendar0_.monday as monday5_0_, calendar0_.saturday as saturday5_0_, calendar0_.start_date as start6_5_0_, calendar0_.sunday as sunday5_0_, calendar0_.thursday as thursday5_0_, calendar0_.tuesday as tuesday5_0_, calendar0_.wednesday as wednesday5_0_ from public.calendar calendar0_ where calendar0_.service_id=?
14:01:02.645 [main] DEBUG o.h.loader.entity.EntityLoader - Static select for entity net.lojika.gtfs.model.Calendar [OPTIMISTIC_FORCE_INCREMENT]: select calendar0_.service_id as service1_5_0_, calendar0_.end_date as end2_5_0_, calendar0_.friday as friday5_0_, calendar0_.monday as monday5_0_, calendar0_.saturday as saturday5_0_, calendar0_.start_date as start6_5_0_, calendar0_.sunday as sunday5_0_, calendar0_.thursday as thursday5_0_, calendar0_.tuesday as tuesday5_0_, calendar0_.wednesday as wednesday5_0_ from public.calendar calendar0_ where calendar0_.service_id=?
14:01:02.646 [main] DEBUG o.h.loader.entity.EntityLoader - Static select for action ACTION_MERGE on entity net.lojika.gtfs.model.Calendar: select calendar0_.service_id as service1_5_0_, calendar0_.end_date as end2_5_0_, calendar0_.friday as friday5_0_, calendar0_.monday as monday5_0_, calendar0_.saturday as saturday5_0_, calendar0_.start_date as start6_5_0_, calendar0_.sunday as sunday5_0_, calendar0_.thursday as thursday5_0_, calendar0_.tuesday as tuesday5_0_, calendar0_.wednesday as wednesday5_0_ from public.calendar calendar0_ where calendar0_.service_id=?
14:01:02.646 [main] DEBUG o.h.loader.entity.EntityLoader - Static select for action ACTION_REFRESH on entity net.lojika.gtfs.model.Calendar: select calendar0_.service_id as service1_5_0_, calendar0_.end_date as end2_5_0_, calendar0_.friday as friday5_0_, calendar0_.monday as monday5_0_, calendar0_.saturday as saturday5_0_, calendar0_.start_date as start6_5_0_, calendar0_.sunday as sunday5_0_, calendar0_.thursday as thursday5_0_, calendar0_.tuesday as tuesday5_0_, calendar0_.wednesday as wednesday5_0_ from public.calendar calendar0_ where calendar0_.service_id=?
14:01:02.648 [main] DEBUG o.h.loader.entity.EntityLoader - Static select for entity net.lojika.gtfs.model.Routes [NONE]: select routes0_.route_id as route1_2_1_, routes0_.route_long_name as route2_2_1_, routes0_.route_short_name as route3_2_1_, routes0_.route_type as route4_2_1_, routescdki1_.route_id as route2_2_3_, routescdki1_.route_cdk_id as route1_3_, routescdki1_.route_cdk_id as route1_3_0_, routescdki1_.route_id as route2_3_0_ from public.routes routes0_ left outer join public.routes_cdkid routescdki1_ on routes0_.route_id=routescdki1_.route_id where routes0_.route_id=?
14:01:02.649 [main] DEBUG o.h.loader.entity.EntityLoader - Static select for entity net.lojika.gtfs.model.Routes [READ]: select routes0_.route_id as route1_2_1_, routes0_.route_long_name as route2_2_1_, routes0_.route_short_name as route3_2_1_, routes0_.route_type as route4_2_1_, routescdki1_.route_id as route2_2_3_, routescdki1_.route_cdk_id as route1_3_, routescdki1_.route_cdk_id as route1_3_0_, routescdki1_.route_id as route2_3_0_ from public.routes routes0_ left outer join public.routes_cdkid routescdki1_ on routes0_.route_id=routescdki1_.route_id where routes0_.route_id=?
14:01:02.649 [main] DEBUG o.h.loader.entity.EntityLoader - Static select for entity net.lojika.gtfs.model.Routes [UPGRADE]: select routes0_.route_id as route1_2_0_, routes0_.route_long_name as route2_2_0_, routes0_.route_short_name as route3_2_0_, routes0_.route_type as route4_2_0_ from public.routes routes0_ where routes0_.route_id=? for update
14:01:02.649 [main] DEBUG o.h.loader.entity.EntityLoader - Static select for entity net.lojika.gtfs.model.Routes [UPGRADE_NOWAIT]: select routes0_.route_id as route1_2_0_, routes0_.route_long_name as route2_2_0_, routes0_.route_short_name as route3_2_0_, routes0_.route_type as route4_2_0_ from public.routes routes0_ where routes0_.route_id=? for update
14:01:02.649 [main] DEBUG o.h.loader.entity.EntityLoader - Static select for entity net.lojika.gtfs.model.Routes [FORCE]: select routes0_.route_id as route1_2_0_, routes0_.route_long_name as route2_2_0_, routes0_.route_short_name as route3_2_0_, routes0_.route_type as route4_2_0_ from public.routes routes0_ where routes0_.route_id=? for update
14:01:02.650 [main] DEBUG o.h.loader.entity.EntityLoader - Static select for entity net.lojika.gtfs.model.Routes [PESSIMISTIC_READ]: select routes0_.route_id as route1_2_0_, routes0_.route_long_name as route2_2_0_, routes0_.route_short_name as route3_2_0_, routes0_.route_type as route4_2_0_ from public.routes routes0_ where routes0_.route_id=? for share
14:01:02.650 [main] DEBUG o.h.loader.entity.EntityLoader - Static select for entity net.lojika.gtfs.model.Routes [PESSIMISTIC_WRITE]: select routes0_.route_id as route1_2_0_, routes0_.route_long_name as route2_2_0_, routes0_.route_short_name as route3_2_0_, routes0_.route_type as route4_2_0_ from public.routes routes0_ where routes0_.route_id=? for update
14:01:02.650 [main] DEBUG o.h.loader.entity.EntityLoader - Static select for entity net.lojika.gtfs.model.Routes [PESSIMISTIC_FORCE_INCREMENT]: select routes0_.route_id as route1_2_0_, routes0_.route_long_name as route2_2_0_, routes0_.route_short_name as route3_2_0_, routes0_.route_type as route4_2_0_ from public.routes routes0_ where routes0_.route_id=? for update
14:01:02.650 [main] DEBUG o.h.loader.entity.EntityLoader - Static select for entity net.lojika.gtfs.model.Routes [OPTIMISTIC]: select routes0_.route_id as route1_2_1_, routes0_.route_long_name as route2_2_1_, routes0_.route_short_name as route3_2_1_, routes0_.route_type as route4_2_1_, routescdki1_.route_id as route2_2_3_, routescdki1_.route_cdk_id as route1_3_, routescdki1_.route_cdk_id as route1_3_0_, routescdki1_.route_id as route2_3_0_ from public.routes routes0_ left outer join public.routes_cdkid routescdki1_ on routes0_.route_id=routescdki1_.route_id where routes0_.route_id=?
14:01:02.651 [main] DEBUG o.h.loader.entity.EntityLoader - Static select for entity net.lojika.gtfs.model.Routes [OPTIMISTIC_FORCE_INCREMENT]: select routes0_.route_id as route1_2_1_, routes0_.route_long_name as route2_2_1_, routes0_.route_short_name as route3_2_1_, routes0_.route_type as route4_2_1_, routescdki1_.route_id as route2_2_3_, routescdki1_.route_cdk_id as route1_3_, routescdki1_.route_cdk_id as route1_3_0_, routescdki1_.route_id as route2_3_0_ from public.routes routes0_ left outer join public.routes_cdkid routescdki1_ on routes0_.route_id=routescdki1_.route_id where routes0_.route_id=?
14:01:02.652 [main] DEBUG o.h.loader.entity.EntityLoader - Static select for action ACTION_MERGE on entity net.lojika.gtfs.model.Routes: select routes0_.route_id as route1_2_1_, routes0_.route_long_name as route2_2_1_, routes0_.route_short_name as route3_2_1_, routes0_.route_type as route4_2_1_, routescdki1_.route_id as route2_2_3_, routescdki1_.route_cdk_id as route1_3_, routescdki1_.route_cdk_id as route1_3_0_, routescdki1_.route_id as route2_3_0_ from public.routes routes0_ left outer join public.routes_cdkid routescdki1_ on routes0_.route_id=routescdki1_.route_id where routes0_.route_id=?
14:01:02.652 [main] DEBUG o.h.loader.entity.EntityLoader - Static select for action ACTION_REFRESH on entity net.lojika.gtfs.model.Routes: select routes0_.route_id as route1_2_1_, routes0_.route_long_name as route2_2_1_, routes0_.route_short_name as route3_2_1_, routes0_.route_type as route4_2_1_, routescdki1_.route_id as route2_2_3_, routescdki1_.route_cdk_id as route1_3_, routescdki1_.route_cdk_id as route1_3_0_, routescdki1_.route_id as route2_3_0_ from public.routes routes0_ left outer join public.routes_cdkid routescdki1_ on routes0_.route_id=routescdki1_.route_id where routes0_.route_id=?
14:01:02.652 [main] DEBUG o.h.loader.entity.EntityLoader - Static select for entity net.lojika.gtfs.model.Stops [NONE]: select stops0_.stop_id as stop1_6_0_, stops0_.stop_lat as stop2_6_0_, stops0_.stop_lon as stop3_6_0_, stops0_.stop_name as stop4_6_0_ from public.stops stops0_ where stops0_.stop_id=?
14:01:02.653 [main] DEBUG o.h.loader.entity.EntityLoader - Static select for entity net.lojika.gtfs.model.Stops [READ]: select stops0_.stop_id as stop1_6_0_, stops0_.stop_lat as stop2_6_0_, stops0_.stop_lon as stop3_6_0_, stops0_.stop_name as stop4_6_0_ from public.stops stops0_ where stops0_.stop_id=?
14:01:02.653 [main] DEBUG o.h.loader.entity.EntityLoader - Static select for entity net.lojika.gtfs.model.Stops [UPGRADE]: select stops0_.stop_id as stop1_6_0_, stops0_.stop_lat as stop2_6_0_, stops0_.stop_lon as stop3_6_0_, stops0_.stop_name as stop4_6_0_ from public.stops stops0_ where stops0_.stop_id=? for update
14:01:02.653 [main] DEBUG o.h.loader.entity.EntityLoader - Static select for entity net.lojika.gtfs.model.Stops [UPGRADE_NOWAIT]: select stops0_.stop_id as stop1_6_0_, stops0_.stop_lat as stop2_6_0_, stops0_.stop_lon as stop3_6_0_, stops0_.stop_name as stop4_6_0_ from public.stops stops0_ where stops0_.stop_id=? for update
14:01:02.653 [main] DEBUG o.h.loader.entity.EntityLoader - Static select for entity net.lojika.gtfs.model.Stops [FORCE]: select stops0_.stop_id as stop1_6_0_, stops0_.stop_lat as stop2_6_0_, stops0_.stop_lon as stop3_6_0_, stops0_.stop_name as stop4_6_0_ from public.stops stops0_ where stops0_.stop_id=? for update
14:01:02.653 [main] DEBUG o.h.loader.entity.EntityLoader - Static select for entity net.lojika.gtfs.model.Stops [PESSIMISTIC_READ]: select stops0_.stop_id as stop1_6_0_, stops0_.stop_lat as stop2_6_0_, stops0_.stop_lon as stop3_6_0_, stops0_.stop_name as stop4_6_0_ from public.stops stops0_ where stops0_.stop_id=? for share
14:01:02.654 [main] DEBUG o.h.loader.entity.EntityLoader - Static select for entity net.lojika.gtfs.model.Stops [PESSIMISTIC_WRITE]: select stops0_.stop_id as stop1_6_0_, stops0_.stop_lat as stop2_6_0_, stops0_.stop_lon as stop3_6_0_, stops0_.stop_name as stop4_6_0_ from public.stops stops0_ where stops0_.stop_id=? for update
14:01:02.654 [main] DEBUG o.h.loader.entity.EntityLoader - Static select for entity net.lojika.gtfs.model.Stops [PESSIMISTIC_FORCE_INCREMENT]: select stops0_.stop_id as stop1_6_0_, stops0_.stop_lat as stop2_6_0_, stops0_.stop_lon as stop3_6_0_, stops0_.stop_name as stop4_6_0_ from public.stops stops0_ where stops0_.stop_id=? for update
14:01:02.654 [main] DEBUG o.h.loader.entity.EntityLoader - Static select for entity net.lojika.gtfs.model.Stops [OPTIMISTIC]: select stops0_.stop_id as stop1_6_0_, stops0_.stop_lat as stop2_6_0_, stops0_.stop_lon as stop3_6_0_, stops0_.stop_name as stop4_6_0_ from public.stops stops0_ where stops0_.stop_id=?
14:01:02.654 [main] DEBUG o.h.loader.entity.EntityLoader - Static select for entity net.lojika.gtfs.model.Stops [OPTIMISTIC_FORCE_INCREMENT]: select stops0_.stop_id as stop1_6_0_, stops0_.stop_lat as stop2_6_0_, stops0_.stop_lon as stop3_6_0_, stops0_.stop_name as stop4_6_0_ from public.stops stops0_ where stops0_.stop_id=?
14:01:02.654 [main] DEBUG o.h.loader.entity.EntityLoader - Static select for action ACTION_MERGE on entity net.lojika.gtfs.model.Stops: select stops0_.stop_id as stop1_6_0_, stops0_.stop_lat as stop2_6_0_, stops0_.stop_lon as stop3_6_0_, stops0_.stop_name as stop4_6_0_ from public.stops stops0_ where stops0_.stop_id=?
14:01:02.654 [main] DEBUG o.h.loader.entity.EntityLoader - Static select for action ACTION_REFRESH on entity net.lojika.gtfs.model.Stops: select stops0_.stop_id as stop1_6_0_, stops0_.stop_lat as stop2_6_0_, stops0_.stop_lon as stop3_6_0_, stops0_.stop_name as stop4_6_0_ from public.stops stops0_ where stops0_.stop_id=?
14:01:02.654 [main] DEBUG o.h.loader.entity.EntityLoader - Static select for entity net.lojika.gtfs.model.RoutesCdkid [NONE]: select routescdki0_.route_cdk_id as route1_3_1_, routescdki0_.route_id as route2_3_1_, routes1_.route_id as route1_2_0_, routes1_.route_long_name as route2_2_0_, routes1_.route_short_name as route3_2_0_, routes1_.route_type as route4_2_0_ from public.routes_cdkid routescdki0_ left outer join public.routes routes1_ on routescdki0_.route_id=routes1_.route_id where routescdki0_.route_cdk_id=?
14:01:02.655 [main] DEBUG o.h.loader.entity.EntityLoader - Static select for entity net.lojika.gtfs.model.RoutesCdkid [READ]: select routescdki0_.route_cdk_id as route1_3_1_, routescdki0_.route_id as route2_3_1_, routes1_.route_id as route1_2_0_, routes1_.route_long_name as route2_2_0_, routes1_.route_short_name as route3_2_0_, routes1_.route_type as route4_2_0_ from public.routes_cdkid routescdki0_ left outer join public.routes routes1_ on routescdki0_.route_id=routes1_.route_id where routescdki0_.route_cdk_id=?
14:01:02.655 [main] DEBUG o.h.loader.entity.EntityLoader - Static select for entity net.lojika.gtfs.model.RoutesCdkid [UPGRADE]: select routescdki0_.route_cdk_id as route1_3_0_, routescdki0_.route_id as route2_3_0_ from public.routes_cdkid routescdki0_ where routescdki0_.route_cdk_id=? for update
14:01:02.655 [main] DEBUG o.h.loader.entity.EntityLoader - Static select for entity net.lojika.gtfs.model.RoutesCdkid [UPGRADE_NOWAIT]: select routescdki0_.route_cdk_id as route1_3_0_, routescdki0_.route_id as route2_3_0_ from public.routes_cdkid routescdki0_ where routescdki0_.route_cdk_id=? for update
14:01:02.655 [main] DEBUG o.h.loader.entity.EntityLoader - Static select for entity net.lojika.gtfs.model.RoutesCdkid [FORCE]: select routescdki0_.route_cdk_id as route1_3_0_, routescdki0_.route_id as route2_3_0_ from public.routes_cdkid routescdki0_ where routescdki0_.route_cdk_id=? for update
14:01:02.655 [main] DEBUG o.h.loader.entity.EntityLoader - Static select for entity net.lojika.gtfs.model.RoutesCdkid [PESSIMISTIC_READ]: select routescdki0_.route_cdk_id as route1_3_0_, routescdki0_.route_id as route2_3_0_ from public.routes_cdkid routescdki0_ where routescdki0_.route_cdk_id=? for share
14:01:02.655 [main] DEBUG o.h.loader.entity.EntityLoader - Static select for entity net.lojika.gtfs.model.RoutesCdkid [PESSIMISTIC_WRITE]: select routescdki0_.route_cdk_id as route1_3_0_, routescdki0_.route_id as route2_3_0_ from public.routes_cdkid routescdki0_ where routescdki0_.route_cdk_id=? for update
14:01:02.656 [main] DEBUG o.h.loader.entity.EntityLoader - Static select for entity net.lojika.gtfs.model.RoutesCdkid [PESSIMISTIC_FORCE_INCREMENT]: select routescdki0_.route_cdk_id as route1_3_0_, routescdki0_.route_id as route2_3_0_ from public.routes_cdkid routescdki0_ where routescdki0_.route_cdk_id=? for update
14:01:02.656 [main] DEBUG o.h.loader.entity.EntityLoader - Static select for entity net.lojika.gtfs.model.RoutesCdkid [OPTIMISTIC]: select routescdki0_.route_cdk_id as route1_3_1_, routescdki0_.route_id as route2_3_1_, routes1_.route_id as route1_2_0_, routes1_.route_long_name as route2_2_0_, routes1_.route_short_name as route3_2_0_, routes1_.route_type as route4_2_0_ from public.routes_cdkid routescdki0_ left outer join public.routes routes1_ on routescdki0_.route_id=routes1_.route_id where routescdki0_.route_cdk_id=?
14:01:02.656 [main] DEBUG o.h.loader.entity.EntityLoader - Static select for entity net.lojika.gtfs.model.RoutesCdkid [OPTIMISTIC_FORCE_INCREMENT]: select routescdki0_.route_cdk_id as route1_3_1_, routescdki0_.route_id as route2_3_1_, routes1_.route_id as route1_2_0_, routes1_.route_long_name as route2_2_0_, routes1_.route_short_name as route3_2_0_, routes1_.route_type as route4_2_0_ from public.routes_cdkid routescdki0_ left outer join public.routes routes1_ on routescdki0_.route_id=routes1_.route_id where routescdki0_.route_cdk_id=?
14:01:02.656 [main] DEBUG o.h.loader.entity.EntityLoader - Static select for action ACTION_MERGE on entity net.lojika.gtfs.model.RoutesCdkid: select routescdki0_.route_cdk_id as route1_3_0_, routescdki0_.route_id as route2_3_0_ from public.routes_cdkid routescdki0_ where routescdki0_.route_cdk_id=?
14:01:02.656 [main] DEBUG o.h.loader.entity.EntityLoader - Static select for action ACTION_REFRESH on entity net.lojika.gtfs.model.RoutesCdkid: select routescdki0_.route_cdk_id as route1_3_0_, routescdki0_.route_id as route2_3_0_ from public.routes_cdkid routescdki0_ where routescdki0_.route_cdk_id=?
14:01:02.657 [main] DEBUG o.h.loader.entity.EntityLoader - Static select for entity net.lojika.gtfs.model.Trips [NONE]: select trips0_.trip_id as trip1_4_4_, trips0_.route_id as route3_4_4_, trips0_.service_id as service2_4_4_, routes1_.route_id as route1_2_0_, routes1_.route_long_name as route2_2_0_, routes1_.route_short_name as route3_2_0_, routes1_.route_type as route4_2_0_, routescdki2_.route_id as route2_2_6_, routescdki2_.route_cdk_id as route1_6_, routescdki2_.route_cdk_id as route1_3_1_, routescdki2_.route_id as route2_3_1_, tripline3_.id as id1_2_, tripline3_.line_cdk_id as line2_1_2_, tripline3_.trip_id as trip3_1_2_, routescdki4_.route_cdk_id as route1_3_3_, routescdki4_.route_id as route2_3_3_ from public.trips trips0_ left outer join public.routes routes1_ on trips0_.route_id=routes1_.route_id left outer join public.routes_cdkid routescdki2_ on routes1_.route_id=routescdki2_.route_id left outer join public.trip_line tripline3_ on trips0_.trip_id=tripline3_.trip_id left outer join public.routes_cdkid routescdki4_ on tripline3_.line_cdk_id=routescdki4_.route_cdk_id where trips0_.trip_id=?
14:01:02.657 [main] DEBUG o.h.loader.entity.EntityLoader - Static select for entity net.lojika.gtfs.model.Trips [READ]: select trips0_.trip_id as trip1_4_4_, trips0_.route_id as route3_4_4_, trips0_.service_id as service2_4_4_, routes1_.route_id as route1_2_0_, routes1_.route_long_name as route2_2_0_, routes1_.route_short_name as route3_2_0_, routes1_.route_type as route4_2_0_, routescdki2_.route_id as route2_2_6_, routescdki2_.route_cdk_id as route1_6_, routescdki2_.route_cdk_id as route1_3_1_, routescdki2_.route_id as route2_3_1_, tripline3_.id as id1_2_, tripline3_.line_cdk_id as line2_1_2_, tripline3_.trip_id as trip3_1_2_, routescdki4_.route_cdk_id as route1_3_3_, routescdki4_.route_id as route2_3_3_ from public.trips trips0_ left outer join public.routes routes1_ on trips0_.route_id=routes1_.route_id left outer join public.routes_cdkid routescdki2_ on routes1_.route_id=routescdki2_.route_id left outer join public.trip_line tripline3_ on trips0_.trip_id=tripline3_.trip_id left outer join public.routes_cdkid routescdki4_ on tripline3_.line_cdk_id=routescdki4_.route_cdk_id where trips0_.trip_id=?
14:01:02.657 [main] DEBUG o.h.loader.entity.EntityLoader - Static select for entity net.lojika.gtfs.model.Trips [UPGRADE]: select trips0_.trip_id as trip1_4_0_, trips0_.route_id as route3_4_0_, trips0_.service_id as service2_4_0_ from public.trips trips0_ where trips0_.trip_id=? for update
14:01:02.657 [main] DEBUG o.h.loader.entity.EntityLoader - Static select for entity net.lojika.gtfs.model.Trips [UPGRADE_NOWAIT]: select trips0_.trip_id as trip1_4_0_, trips0_.route_id as route3_4_0_, trips0_.service_id as service2_4_0_ from public.trips trips0_ where trips0_.trip_id=? for update
14:01:02.658 [main] DEBUG o.h.loader.entity.EntityLoader - Static select for entity net.lojika.gtfs.model.Trips [FORCE]: select trips0_.trip_id as trip1_4_0_, trips0_.route_id as route3_4_0_, trips0_.service_id as service2_4_0_ from public.trips trips0_ where trips0_.trip_id=? for update
14:01:02.658 [main] DEBUG o.h.loader.entity.EntityLoader - Static select for entity net.lojika.gtfs.model.Trips [PESSIMISTIC_READ]: select trips0_.trip_id as trip1_4_0_, trips0_.route_id as route3_4_0_, trips0_.service_id as service2_4_0_ from public.trips trips0_ where trips0_.trip_id=? for share
14:01:02.658 [main] DEBUG o.h.loader.entity.EntityLoader - Static select for entity net.lojika.gtfs.model.Trips [PESSIMISTIC_WRITE]: select trips0_.trip_id as trip1_4_0_, trips0_.route_id as route3_4_0_, trips0_.service_id as service2_4_0_ from public.trips trips0_ where trips0_.trip_id=? for update
14:01:02.658 [main] DEBUG o.h.loader.entity.EntityLoader - Static select for entity net.lojika.gtfs.model.Trips [PESSIMISTIC_FORCE_INCREMENT]: select trips0_.trip_id as trip1_4_0_, trips0_.route_id as route3_4_0_, trips0_.service_id as service2_4_0_ from public.trips trips0_ where trips0_.trip_id=? for update
14:01:02.658 [main] DEBUG o.h.loader.entity.EntityLoader - Static select for entity net.lojika.gtfs.model.Trips [OPTIMISTIC]: select trips0_.trip_id as trip1_4_4_, trips0_.route_id as route3_4_4_, trips0_.service_id as service2_4_4_, routes1_.route_id as route1_2_0_, routes1_.route_long_name as route2_2_0_, routes1_.route_short_name as route3_2_0_, routes1_.route_type as route4_2_0_, routescdki2_.route_id as route2_2_6_, routescdki2_.route_cdk_id as route1_6_, routescdki2_.route_cdk_id as route1_3_1_, routescdki2_.route_id as route2_3_1_, tripline3_.id as id1_2_, tripline3_.line_cdk_id as line2_1_2_, tripline3_.trip_id as trip3_1_2_, routescdki4_.route_cdk_id as route1_3_3_, routescdki4_.route_id as route2_3_3_ from public.trips trips0_ left outer join public.routes routes1_ on trips0_.route_id=routes1_.route_id left outer join public.routes_cdkid routescdki2_ on routes1_.route_id=routescdki2_.route_id left outer join public.trip_line tripline3_ on trips0_.trip_id=tripline3_.trip_id left outer join public.routes_cdkid routescdki4_ on tripline3_.line_cdk_id=routescdki4_.route_cdk_id where trips0_.trip_id=?
14:01:02.659 [main] DEBUG o.h.loader.entity.EntityLoader - Static select for entity net.lojika.gtfs.model.Trips [OPTIMISTIC_FORCE_INCREMENT]: select trips0_.trip_id as trip1_4_4_, trips0_.route_id as route3_4_4_, trips0_.service_id as service2_4_4_, routes1_.route_id as route1_2_0_, routes1_.route_long_name as route2_2_0_, routes1_.route_short_name as route3_2_0_, routes1_.route_type as route4_2_0_, routescdki2_.route_id as route2_2_6_, routescdki2_.route_cdk_id as route1_6_, routescdki2_.route_cdk_id as route1_3_1_, routescdki2_.route_id as route2_3_1_, tripline3_.id as id1_2_, tripline3_.line_cdk_id as line2_1_2_, tripline3_.trip_id as trip3_1_2_, routescdki4_.route_cdk_id as route1_3_3_, routescdki4_.route_id as route2_3_3_ from public.trips trips0_ left outer join public.routes routes1_ on trips0_.route_id=routes1_.route_id left outer join public.routes_cdkid routescdki2_ on routes1_.route_id=routescdki2_.route_id left outer join public.trip_line tripline3_ on trips0_.trip_id=tripline3_.trip_id left outer join public.routes_cdkid routescdki4_ on tripline3_.line_cdk_id=routescdki4_.route_cdk_id where trips0_.trip_id=?
14:01:02.659 [main] DEBUG o.h.loader.entity.EntityLoader - Static select for action ACTION_MERGE on entity net.lojika.gtfs.model.Trips: select trips0_.trip_id as trip1_4_1_, trips0_.route_id as route3_4_1_, trips0_.service_id as service2_4_1_, tripline1_.id as id1_0_, tripline1_.line_cdk_id as line2_1_0_, tripline1_.trip_id as trip3_1_0_ from public.trips trips0_ left outer join public.trip_line tripline1_ on trips0_.trip_id=tripline1_.trip_id where trips0_.trip_id=?
14:01:02.659 [main] DEBUG o.h.loader.entity.EntityLoader - Static select for action ACTION_REFRESH on entity net.lojika.gtfs.model.Trips: select trips0_.trip_id as trip1_4_1_, trips0_.route_id as route3_4_1_, trips0_.service_id as service2_4_1_, tripline1_.id as id1_0_, tripline1_.line_cdk_id as line2_1_0_, tripline1_.trip_id as trip3_1_0_ from public.trips trips0_ left outer join public.trip_line tripline1_ on trips0_.trip_id=tripline1_.trip_id where trips0_.trip_id=?
14:01:02.662 [main] DEBUG o.h.l.collection.OneToManyLoader - Static select for one-to-many net.lojika.gtfs.model.Routes.routesCdkidCollection: select routescdki0_.route_id as route2_2_1_, routescdki0_.route_cdk_id as route1_1_, routescdki0_.route_cdk_id as route1_3_0_, routescdki0_.route_id as route2_3_0_ from public.routes_cdkid routescdki0_ where routescdki0_.route_id=?
14:01:02.662 [main] DEBUG o.h.l.collection.OneToManyLoader - Static select for one-to-many net.lojika.gtfs.model.Trips.stopTimesList: select stoptimesl0_.trip_id as trip6_4_2_, stoptimesl0_.id as id2_, stoptimesl0_.id as id0_1_, stoptimesl0_.arrival_time as arrival2_0_1_, stoptimesl0_.departure_time as departure3_0_1_, stoptimesl0_.stop_id as stop5_0_1_, stoptimesl0_.stop_sequence as stop4_0_1_, stoptimesl0_.trip_id as trip6_0_1_, stops1_.stop_id as stop1_6_0_, stops1_.stop_lat as stop2_6_0_, stops1_.stop_lon as stop3_6_0_, stops1_.stop_name as stop4_6_0_ from public.stop_times stoptimesl0_ left outer join public.stops stops1_ on stoptimesl0_.stop_id=stops1_.stop_id where stoptimesl0_.trip_id=?
14:01:02.662 [main] DEBUG o.h.l.collection.OneToManyLoader - Static select for one-to-many net.lojika.gtfs.model.Stops.stopTimesList: select stoptimesl0_.stop_id as stop5_6_4_, stoptimesl0_.id as id4_, stoptimesl0_.id as id0_3_, stoptimesl0_.arrival_time as arrival2_0_3_, stoptimesl0_.departure_time as departure3_0_3_, stoptimesl0_.stop_id as stop5_0_3_, stoptimesl0_.stop_sequence as stop4_0_3_, stoptimesl0_.trip_id as trip6_0_3_, trips1_.trip_id as trip1_4_0_, trips1_.route_id as route3_4_0_, trips1_.service_id as service2_4_0_, routes2_.route_id as route1_2_1_, routes2_.route_long_name as route2_2_1_, routes2_.route_short_name as route3_2_1_, routes2_.route_type as route4_2_1_, tripline3_.id as id1_2_, tripline3_.line_cdk_id as line2_1_2_, tripline3_.trip_id as trip3_1_2_ from public.stop_times stoptimesl0_ left outer join public.trips trips1_ on stoptimesl0_.trip_id=trips1_.trip_id left outer join public.routes routes2_ on trips1_.route_id=routes2_.route_id left outer join public.trip_line tripline3_ on trips1_.trip_id=tripline3_.trip_id where stoptimesl0_.stop_id=?
14:01:02.663 [main] DEBUG o.h.l.collection.OneToManyLoader - Static select for one-to-many net.lojika.gtfs.model.Routes.tripsList: select tripslist0_.route_id as route3_2_3_, tripslist0_.trip_id as trip1_3_, tripslist0_.trip_id as trip1_4_2_, tripslist0_.route_id as route3_4_2_, tripslist0_.service_id as service2_4_2_, tripline1_.id as id1_0_, tripline1_.line_cdk_id as line2_1_0_, tripline1_.trip_id as trip3_1_0_, routescdki2_.route_cdk_id as route1_3_1_, routescdki2_.route_id as route2_3_1_ from public.trips tripslist0_ left outer join public.trip_line tripline1_ on tripslist0_.trip_id=tripline1_.trip_id left outer join public.routes_cdkid routescdki2_ on tripline1_.line_cdk_id=routescdki2_.route_cdk_id where tripslist0_.route_id=?
14:01:02.665 [main] DEBUG o.h.impl.SessionFactoryObjectFactory - initializing class SessionFactoryObjectFactory
14:01:02.665 [main] DEBUG o.h.impl.SessionFactoryObjectFactory - registered: dc0d38f6-09bb-4ee4-a2bb-5f5116dfa11f (unnamed)
14:01:02.665 [main] INFO  o.h.impl.SessionFactoryObjectFactory - Not binding factory to JNDI, no JNDI name configured
14:01:02.665 [main] DEBUG o.hibernate.impl.SessionFactoryImpl - instantiated session factory
14:01:02.666 [main] DEBUG o.hibernate.impl.SessionFactoryImpl - Checking 33 named HQL queries
14:01:02.666 [main] DEBUG o.hibernate.impl.SessionFactoryImpl - Checking named query: StopTimes.findAll
14:01:02.692 [main] DEBUG o.h.hql.ast.QueryTranslatorImpl - parse() - HQL: SELECT s FROM net.lojika.gtfs.model.StopTimes s
14:01:02.700 [main] DEBUG org.hibernate.hql.ast.AST - --- HQL AST ---
 \-[QUERY] Node: &apos;query&apos;
    \-[SELECT_FROM] Node: &apos;SELECT_FROM&apos;
       +-[FROM] Node: &apos;FROM&apos;
       |  \-[RANGE] Node: &apos;RANGE&apos;
       |     +-[DOT] Node: &apos;.&apos;
       |     |  +-[DOT] Node: &apos;.&apos;
       |     |  |  +-[DOT] Node: &apos;.&apos;
       |     |  |  |  +-[DOT] Node: &apos;.&apos;
       |     |  |  |  |  +-[IDENT] Node: &apos;net&apos;
       |     |  |  |  |  \-[IDENT] Node: &apos;lojika&apos;
       |     |  |  |  \-[IDENT] Node: &apos;gtfs&apos;
       |     |  |  \-[IDENT] Node: &apos;model&apos;
       |     |  \-[IDENT] Node: &apos;StopTimes&apos;
       |     \-[ALIAS] Node: &apos;s&apos;
       \-[SELECT] Node: &apos;SELECT&apos;
          \-[IDENT] Node: &apos;s&apos;

14:01:02.700 [main] DEBUG org.hibernate.hql.ast.ErrorCounter - throwQueryException() : no errors
14:01:02.728 [main] DEBUG o.h.hql.antlr.HqlSqlBaseWalker - select &lt;&lt; begin [level=1, statement=select]
14:01:02.739 [main] DEBUG o.hibernate.hql.ast.tree.FromElement - FromClause{level=1} :  net.lojika.gtfs.model.StopTimes (s) -&gt; stoptimes0_
14:01:02.740 [main] DEBUG o.h.hql.ast.tree.FromReferenceNode - Resolved :  s -&gt; stoptimes0_.id
14:01:02.741 [main] DEBUG o.h.hql.antlr.HqlSqlBaseWalker - select : finishing up [level=1, statement=select]
14:01:02.742 [main] DEBUG org.hibernate.hql.ast.HqlSqlWalker - processQuery() :  ( SELECT ( {select clause} stoptimes0_.id ) ( FromClause{level=1} public.stop_times stoptimes0_ ) )
14:01:02.746 [main] DEBUG o.h.hql.ast.util.JoinProcessor - Using FROM fragment [public.stop_times stoptimes0_]
14:01:02.746 [main] DEBUG o.h.hql.antlr.HqlSqlBaseWalker - select &gt;&gt; end [level=1, statement=select]
14:01:02.747 [main] DEBUG org.hibernate.hql.ast.AST - --- SQL AST ---
 \-[SELECT] QueryNode: &apos;SELECT&apos;  querySpaces (public.stop_times)
    +-[SELECT_CLAUSE] SelectClause: &apos;{select clause}&apos;
    |  +-[ALIAS_REF] IdentNode: &apos;stoptimes0_.id as id0_&apos; {alias=s, className=net.lojika.gtfs.model.StopTimes, tableAlias=stoptimes0_}
    |  \-[SQL_TOKEN] SqlFragment: &apos;stoptimes0_.arrival_time as arrival2_0_, stoptimes0_.departure_time as departure3_0_, stoptimes0_.stop_id as stop5_0_, stoptimes0_.stop_sequence as stop4_0_, stoptimes0_.trip_id as trip6_0_&apos;
    \-[FROM] FromClause: &apos;FROM&apos; FromClause{level=1, fromElementCounter=1, fromElements=1, fromElementByClassAlias=[s], fromElementByTableAlias=[stoptimes0_], fromElementsByPath=[], collectionJoinFromElementsByPath=[], impliedElements=[]}
       \-[FROM_FRAGMENT] FromElement: &apos;public.stop_times stoptimes0_&apos; FromElement{explicit,not a collection join,not a fetch join,fetch non-lazy properties,classAlias=s,role=null,tableName=public.stop_times,tableAlias=stoptimes0_,origin=null,columns={,className=net.lojika.gtfs.model.StopTimes}}

14:01:02.747 [main] DEBUG org.hibernate.hql.ast.ErrorCounter - throwQueryException() : no errors
14:01:02.754 [main] DEBUG o.h.hql.ast.QueryTranslatorImpl - HQL: SELECT s FROM net.lojika.gtfs.model.StopTimes s
14:01:02.754 [main] DEBUG o.h.hql.ast.QueryTranslatorImpl - SQL: select stoptimes0_.id as id0_, stoptimes0_.arrival_time as arrival2_0_, stoptimes0_.departure_time as departure3_0_, stoptimes0_.stop_id as stop5_0_, stoptimes0_.stop_sequence as stop4_0_, stoptimes0_.trip_id as trip6_0_ from public.stop_times stoptimes0_
14:01:02.754 [main] DEBUG org.hibernate.hql.ast.ErrorCounter - throwQueryException() : no errors
14:01:02.757 [main] DEBUG o.hibernate.impl.SessionFactoryImpl - Checking named query: Routes.findAll
14:01:02.758 [main] DEBUG o.h.hql.ast.QueryTranslatorImpl - parse() - HQL: SELECT r FROM net.lojika.gtfs.model.Routes r
14:01:02.759 [main] DEBUG org.hibernate.hql.ast.AST - --- HQL AST ---
 \-[QUERY] Node: &apos;query&apos;
    \-[SELECT_FROM] Node: &apos;SELECT_FROM&apos;
       +-[FROM] Node: &apos;FROM&apos;
       |  \-[RANGE] Node: &apos;RANGE&apos;
       |     +-[DOT] Node: &apos;.&apos;
       |     |  +-[DOT] Node: &apos;.&apos;
       |     |  |  +-[DOT] Node: &apos;.&apos;
       |     |  |  |  +-[DOT] Node: &apos;.&apos;
       |     |  |  |  |  +-[IDENT] Node: &apos;net&apos;
       |     |  |  |  |  \-[IDENT] Node: &apos;lojika&apos;
       |     |  |  |  \-[IDENT] Node: &apos;gtfs&apos;
       |     |  |  \-[IDENT] Node: &apos;model&apos;
       |     |  \-[IDENT] Node: &apos;Routes&apos;
       |     \-[ALIAS] Node: &apos;r&apos;
       \-[SELECT] Node: &apos;SELECT&apos;
          \-[IDENT] Node: &apos;r&apos;

14:01:02.759 [main] DEBUG org.hibernate.hql.ast.ErrorCounter - throwQueryException() : no errors
14:01:02.760 [main] DEBUG o.h.hql.antlr.HqlSqlBaseWalker - select &lt;&lt; begin [level=1, statement=select]
14:01:02.760 [main] DEBUG o.hibernate.hql.ast.tree.FromElement - FromClause{level=1} :  net.lojika.gtfs.model.Routes (r) -&gt; routes0_
14:01:02.760 [main] DEBUG o.h.hql.ast.tree.FromReferenceNode - Resolved :  r -&gt; routes0_.route_id
14:01:02.760 [main] DEBUG o.h.hql.antlr.HqlSqlBaseWalker - select : finishing up [level=1, statement=select]
14:01:02.760 [main] DEBUG org.hibernate.hql.ast.HqlSqlWalker - processQuery() :  ( SELECT ( {select clause} routes0_.route_id ) ( FromClause{level=1} public.routes routes0_ ) )
14:01:02.760 [main] DEBUG o.h.hql.ast.util.JoinProcessor - Using FROM fragment [public.routes routes0_]
14:01:02.760 [main] DEBUG o.h.hql.antlr.HqlSqlBaseWalker - select &gt;&gt; end [level=1, statement=select]
14:01:02.761 [main] DEBUG org.hibernate.hql.ast.AST - --- SQL AST ---
 \-[SELECT] QueryNode: &apos;SELECT&apos;  querySpaces (public.routes)
    +-[SELECT_CLAUSE] SelectClause: &apos;{select clause}&apos;
    |  +-[ALIAS_REF] IdentNode: &apos;routes0_.route_id as route1_2_&apos; {alias=r, className=net.lojika.gtfs.model.Routes, tableAlias=routes0_}
    |  \-[SQL_TOKEN] SqlFragment: &apos;routes0_.route_long_name as route2_2_, routes0_.route_short_name as route3_2_, routes0_.route_type as route4_2_&apos;
    \-[FROM] FromClause: &apos;FROM&apos; FromClause{level=1, fromElementCounter=1, fromElements=1, fromElementByClassAlias=[r], fromElementByTableAlias=[routes0_], fromElementsByPath=[], collectionJoinFromElementsByPath=[], impliedElements=[]}
       \-[FROM_FRAGMENT] FromElement: &apos;public.routes routes0_&apos; FromElement{explicit,not a collection join,not a fetch join,fetch non-lazy properties,classAlias=r,role=null,tableName=public.routes,tableAlias=routes0_,origin=null,columns={,className=net.lojika.gtfs.model.Routes}}

14:01:02.761 [main] DEBUG org.hibernate.hql.ast.ErrorCounter - throwQueryException() : no errors
14:01:02.761 [main] DEBUG o.h.hql.ast.QueryTranslatorImpl - HQL: SELECT r FROM net.lojika.gtfs.model.Routes r
14:01:02.761 [main] DEBUG o.h.hql.ast.QueryTranslatorImpl - SQL: select routes0_.route_id as route1_2_, routes0_.route_long_name as route2_2_, routes0_.route_short_name as route3_2_, routes0_.route_type as route4_2_ from public.routes routes0_
14:01:02.761 [main] DEBUG org.hibernate.hql.ast.ErrorCounter - throwQueryException() : no errors
14:01:02.761 [main] DEBUG o.hibernate.impl.SessionFactoryImpl - Checking named query: Trips.findByServiceId
14:01:02.762 [main] DEBUG o.h.hql.ast.QueryTranslatorImpl - parse() - HQL: SELECT t FROM net.lojika.gtfs.model.Trips t WHERE t.serviceId = :serviceId
14:01:02.764 [main] DEBUG org.hibernate.hql.ast.AST - --- HQL AST ---
 \-[QUERY] Node: &apos;query&apos;
    +-[SELECT_FROM] Node: &apos;SELECT_FROM&apos;
    |  +-[FROM] Node: &apos;FROM&apos;
    |  |  \-[RANGE] Node: &apos;RANGE&apos;
    |  |     +-[DOT] Node: &apos;.&apos;
    |  |     |  +-[DOT] Node: &apos;.&apos;
    |  |     |  |  +-[DOT] Node: &apos;.&apos;
    |  |     |  |  |  +-[DOT] Node: &apos;.&apos;
    |  |     |  |  |  |  +-[IDENT] Node: &apos;net&apos;
    |  |     |  |  |  |  \-[IDENT] Node: &apos;lojika&apos;
    |  |     |  |  |  \-[IDENT] Node: &apos;gtfs&apos;
    |  |     |  |  \-[IDENT] Node: &apos;model&apos;
    |  |     |  \-[IDENT] Node: &apos;Trips&apos;
    |  |     \-[ALIAS] Node: &apos;t&apos;
    |  \-[SELECT] Node: &apos;SELECT&apos;
    |     \-[IDENT] Node: &apos;t&apos;
    \-[WHERE] Node: &apos;WHERE&apos;
       \-[EQ] Node: &apos;=&apos;
          +-[DOT] Node: &apos;.&apos;
          |  +-[IDENT] Node: &apos;t&apos;
          |  \-[IDENT] Node: &apos;serviceId&apos;
          \-[COLON] Node: &apos;:&apos;
             \-[IDENT] Node: &apos;serviceId&apos;

14:01:02.764 [main] DEBUG org.hibernate.hql.ast.ErrorCounter - throwQueryException() : no errors
14:01:02.764 [main] DEBUG o.h.hql.antlr.HqlSqlBaseWalker - select &lt;&lt; begin [level=1, statement=select]
14:01:02.764 [main] DEBUG o.hibernate.hql.ast.tree.FromElement - FromClause{level=1} :  net.lojika.gtfs.model.Trips (t) -&gt; trips0_
14:01:02.765 [main] DEBUG o.h.hql.ast.tree.FromReferenceNode - Resolved :  t -&gt; trips0_.trip_id
14:01:02.766 [main] DEBUG o.h.hql.ast.tree.FromReferenceNode - Resolved :  t -&gt; trips0_.trip_id
14:01:02.766 [main] DEBUG org.hibernate.hql.ast.tree.DotNode - getDataType() : serviceId -&gt; org.hibernate.type.StringType@48f02081
14:01:02.767 [main] DEBUG o.h.hql.ast.tree.FromReferenceNode - Resolved :  t.serviceId -&gt; trips0_.service_id
14:01:02.768 [main] DEBUG o.h.hql.antlr.HqlSqlBaseWalker - select : finishing up [level=1, statement=select]
14:01:02.768 [main] DEBUG org.hibernate.hql.ast.HqlSqlWalker - processQuery() :  ( SELECT ( {select clause} trips0_.trip_id ) ( FromClause{level=1} public.trips trips0_ ) ( WHERE ( = ( trips0_.service_id trips0_.trip_id serviceId ) ? ) ) )
14:01:02.768 [main] DEBUG o.h.hql.ast.util.JoinProcessor - Using FROM fragment [public.trips trips0_]
14:01:02.768 [main] DEBUG o.h.hql.antlr.HqlSqlBaseWalker - select &gt;&gt; end [level=1, statement=select]
14:01:02.769 [main] DEBUG org.hibernate.hql.ast.AST - --- SQL AST ---
 \-[SELECT] QueryNode: &apos;SELECT&apos;  querySpaces (public.trips)
    +-[SELECT_CLAUSE] SelectClause: &apos;{select clause}&apos;
    |  +-[ALIAS_REF] IdentNode: &apos;trips0_.trip_id as trip1_4_&apos; {alias=t, className=net.lojika.gtfs.model.Trips, tableAlias=trips0_}
    |  \-[SQL_TOKEN] SqlFragment: &apos;trips0_.route_id as route3_4_, trips0_.service_id as service2_4_&apos;
    +-[FROM] FromClause: &apos;FROM&apos; FromClause{level=1, fromElementCounter=1, fromElements=1, fromElementByClassAlias=[t], fromElementByTableAlias=[trips0_], fromElementsByPath=[], collectionJoinFromElementsByPath=[], impliedElements=[]}
    |  \-[FROM_FRAGMENT] FromElement: &apos;public.trips trips0_&apos; FromElement{explicit,not a collection join,not a fetch join,fetch non-lazy properties,classAlias=t,role=null,tableName=public.trips,tableAlias=trips0_,origin=null,columns={,className=net.lojika.gtfs.model.Trips}}
    \-[WHERE] SqlNode: &apos;WHERE&apos;
       \-[EQ] BinaryLogicOperatorNode: &apos;=&apos;
          +-[DOT] DotNode: &apos;trips0_.service_id&apos; {propertyName=serviceId,dereferenceType=ALL,propertyPath=serviceId,path=t.serviceId,tableAlias=trips0_,className=net.lojika.gtfs.model.Trips,classAlias=t}
          |  +-[ALIAS_REF] IdentNode: &apos;trips0_.trip_id&apos; {alias=t, className=net.lojika.gtfs.model.Trips, tableAlias=trips0_}
          |  \-[IDENT] IdentNode: &apos;serviceId&apos; {originalText=serviceId}
          \-[NAMED_PARAM] ParameterNode: &apos;?&apos; {name=serviceId, expectedType=org.hibernate.type.StringType@48f02081}

14:01:02.769 [main] DEBUG org.hibernate.hql.ast.ErrorCounter - throwQueryException() : no errors
14:01:02.769 [main] DEBUG o.h.hql.ast.QueryTranslatorImpl - HQL: SELECT t FROM net.lojika.gtfs.model.Trips t WHERE t.serviceId = :serviceId
14:01:02.769 [main] DEBUG o.h.hql.ast.QueryTranslatorImpl - SQL: select trips0_.trip_id as trip1_4_, trips0_.route_id as route3_4_, trips0_.service_id as service2_4_ from public.trips trips0_ where trips0_.service_id=?
14:01:02.769 [main] DEBUG org.hibernate.hql.ast.ErrorCounter - throwQueryException() : no errors
14:01:02.770 [main] DEBUG o.hibernate.impl.SessionFactoryImpl - Checking named query: StopTimes.findById
14:01:02.771 [main] DEBUG o.h.hql.ast.QueryTranslatorImpl - parse() - HQL: SELECT s FROM net.lojika.gtfs.model.StopTimes s WHERE s.id = :id
14:01:02.773 [main] DEBUG org.hibernate.hql.ast.AST - --- HQL AST ---
 \-[QUERY] Node: &apos;query&apos;
    +-[SELECT_FROM] Node: &apos;SELECT_FROM&apos;
    |  +-[FROM] Node: &apos;FROM&apos;
    |  |  \-[RANGE] Node: &apos;RANGE&apos;
    |  |     +-[DOT] Node: &apos;.&apos;
    |  |     |  +-[DOT] Node: &apos;.&apos;
    |  |     |  |  +-[DOT] Node: &apos;.&apos;
    |  |     |  |  |  +-[DOT] Node: &apos;.&apos;
    |  |     |  |  |  |  +-[IDENT] Node: &apos;net&apos;
    |  |     |  |  |  |  \-[IDENT] Node: &apos;lojika&apos;
    |  |     |  |  |  \-[IDENT] Node: &apos;gtfs&apos;
    |  |     |  |  \-[IDENT] Node: &apos;model&apos;
    |  |     |  \-[IDENT] Node: &apos;StopTimes&apos;
    |  |     \-[ALIAS] Node: &apos;s&apos;
    |  \-[SELECT] Node: &apos;SELECT&apos;
    |     \-[IDENT] Node: &apos;s&apos;
    \-[WHERE] Node: &apos;WHERE&apos;
       \-[EQ] Node: &apos;=&apos;
          +-[DOT] Node: &apos;.&apos;
          |  +-[IDENT] Node: &apos;s&apos;
          |  \-[IDENT] Node: &apos;id&apos;
          \-[COLON] Node: &apos;:&apos;
             \-[IDENT] Node: &apos;id&apos;

14:01:02.773 [main] DEBUG org.hibernate.hql.ast.ErrorCounter - throwQueryException() : no errors
14:01:02.773 [main] DEBUG o.h.hql.antlr.HqlSqlBaseWalker - select &lt;&lt; begin [level=1, statement=select]
14:01:02.773 [main] DEBUG o.hibernate.hql.ast.tree.FromElement - FromClause{level=1} :  net.lojika.gtfs.model.StopTimes (s) -&gt; stoptimes0_
14:01:02.773 [main] DEBUG o.h.hql.ast.tree.FromReferenceNode - Resolved :  s -&gt; stoptimes0_.id
14:01:02.774 [main] DEBUG o.h.hql.ast.tree.FromReferenceNode - Resolved :  s -&gt; stoptimes0_.id
14:01:02.774 [main] DEBUG org.hibernate.hql.ast.tree.DotNode - getDataType() : id -&gt; org.hibernate.type.LongType@620f3f85
14:01:02.774 [main] DEBUG o.h.hql.ast.tree.FromReferenceNode - Resolved :  s.id -&gt; stoptimes0_.id
14:01:02.774 [main] DEBUG o.h.hql.antlr.HqlSqlBaseWalker - select : finishing up [level=1, statement=select]
14:01:02.774 [main] DEBUG org.hibernate.hql.ast.HqlSqlWalker - processQuery() :  ( SELECT ( {select clause} stoptimes0_.id ) ( FromClause{level=1} public.stop_times stoptimes0_ ) ( WHERE ( = ( stoptimes0_.id stoptimes0_.id id ) ? ) ) )
14:01:02.774 [main] DEBUG o.h.hql.ast.util.JoinProcessor - Using FROM fragment [public.stop_times stoptimes0_]
14:01:02.774 [main] DEBUG o.h.hql.antlr.HqlSqlBaseWalker - select &gt;&gt; end [level=1, statement=select]
14:01:02.775 [main] DEBUG org.hibernate.hql.ast.AST - --- SQL AST ---
 \-[SELECT] QueryNode: &apos;SELECT&apos;  querySpaces (public.stop_times)
    +-[SELECT_CLAUSE] SelectClause: &apos;{select clause}&apos;
    |  +-[ALIAS_REF] IdentNode: &apos;stoptimes0_.id as id0_&apos; {alias=s, className=net.lojika.gtfs.model.StopTimes, tableAlias=stoptimes0_}
    |  \-[SQL_TOKEN] SqlFragment: &apos;stoptimes0_.arrival_time as arrival2_0_, stoptimes0_.departure_time as departure3_0_, stoptimes0_.stop_id as stop5_0_, stoptimes0_.stop_sequence as stop4_0_, stoptimes0_.trip_id as trip6_0_&apos;
    +-[FROM] FromClause: &apos;FROM&apos; FromClause{level=1, fromElementCounter=1, fromElements=1, fromElementByClassAlias=[s], fromElementByTableAlias=[stoptimes0_], fromElementsByPath=[], collectionJoinFromElementsByPath=[], impliedElements=[]}
    |  \-[FROM_FRAGMENT] FromElement: &apos;public.stop_times stoptimes0_&apos; FromElement{explicit,not a collection join,not a fetch join,fetch non-lazy properties,classAlias=s,role=null,tableName=public.stop_times,tableAlias=stoptimes0_,origin=null,columns={,className=net.lojika.gtfs.model.StopTimes}}
    \-[WHERE] SqlNode: &apos;WHERE&apos;
       \-[EQ] BinaryLogicOperatorNode: &apos;=&apos;
          +-[DOT] DotNode: &apos;stoptimes0_.id&apos; {propertyName=id,dereferenceType=ALL,propertyPath=id,path=s.id,tableAlias=stoptimes0_,className=net.lojika.gtfs.model.StopTimes,classAlias=s}
          |  +-[ALIAS_REF] IdentNode: &apos;stoptimes0_.id&apos; {alias=s, className=net.lojika.gtfs.model.StopTimes, tableAlias=stoptimes0_}
          |  \-[IDENT] IdentNode: &apos;id&apos; {originalText=id}
          \-[NAMED_PARAM] ParameterNode: &apos;?&apos; {name=id, expectedType=org.hibernate.type.LongType@620f3f85}

14:01:02.775 [main] DEBUG org.hibernate.hql.ast.ErrorCounter - throwQueryException() : no errors
14:01:02.775 [main] DEBUG o.h.hql.ast.QueryTranslatorImpl - HQL: SELECT s FROM net.lojika.gtfs.model.StopTimes s WHERE s.id = :id
14:01:02.775 [main] DEBUG o.h.hql.ast.QueryTranslatorImpl - SQL: select stoptimes0_.id as id0_, stoptimes0_.arrival_time as arrival2_0_, stoptimes0_.departure_time as departure3_0_, stoptimes0_.stop_id as stop5_0_, stoptimes0_.stop_sequence as stop4_0_, stoptimes0_.trip_id as trip6_0_ from public.stop_times stoptimes0_ where stoptimes0_.id=?
14:01:02.775 [main] DEBUG org.hibernate.hql.ast.ErrorCounter - throwQueryException() : no errors
14:01:02.776 [main] DEBUG o.hibernate.impl.SessionFactoryImpl - Checking named query: Trips.findByTripId
14:01:02.776 [main] DEBUG o.h.hql.ast.QueryTranslatorImpl - parse() - HQL: SELECT t FROM net.lojika.gtfs.model.Trips t WHERE t.tripId = :tripId
14:01:02.779 [main] DEBUG org.hibernate.hql.ast.AST - --- HQL AST ---
 \-[QUERY] Node: &apos;query&apos;
    +-[SELECT_FROM] Node: &apos;SELECT_FROM&apos;
    |  +-[FROM] Node: &apos;FROM&apos;
    |  |  \-[RANGE] Node: &apos;RANGE&apos;
    |  |     +-[DOT] Node: &apos;.&apos;
    |  |     |  +-[DOT] Node: &apos;.&apos;
    |  |     |  |  +-[DOT] Node: &apos;.&apos;
    |  |     |  |  |  +-[DOT] Node: &apos;.&apos;
    |  |     |  |  |  |  +-[IDENT] Node: &apos;net&apos;
    |  |     |  |  |  |  \-[IDENT] Node: &apos;lojika&apos;
    |  |     |  |  |  \-[IDENT] Node: &apos;gtfs&apos;
    |  |     |  |  \-[IDENT] Node: &apos;model&apos;
    |  |     |  \-[IDENT] Node: &apos;Trips&apos;
    |  |     \-[ALIAS] Node: &apos;t&apos;
    |  \-[SELECT] Node: &apos;SELECT&apos;
    |     \-[IDENT] Node: &apos;t&apos;
    \-[WHERE] Node: &apos;WHERE&apos;
       \-[EQ] Node: &apos;=&apos;
          +-[DOT] Node: &apos;.&apos;
          |  +-[IDENT] Node: &apos;t&apos;
          |  \-[IDENT] Node: &apos;tripId&apos;
          \-[COLON] Node: &apos;:&apos;
             \-[IDENT] Node: &apos;tripId&apos;

14:01:02.779 [main] DEBUG org.hibernate.hql.ast.ErrorCounter - throwQueryException() : no errors
14:01:02.779 [main] DEBUG o.h.hql.antlr.HqlSqlBaseWalker - select &lt;&lt; begin [level=1, statement=select]
14:01:02.779 [main] DEBUG o.hibernate.hql.ast.tree.FromElement - FromClause{level=1} :  net.lojika.gtfs.model.Trips (t) -&gt; trips0_
14:01:02.779 [main] DEBUG o.h.hql.ast.tree.FromReferenceNode - Resolved :  t -&gt; trips0_.trip_id
14:01:02.780 [main] DEBUG o.h.hql.ast.tree.FromReferenceNode - Resolved :  t -&gt; trips0_.trip_id
14:01:02.780 [main] DEBUG org.hibernate.hql.ast.tree.DotNode - getDataType() : tripId -&gt; org.hibernate.type.StringType@48f02081
14:01:02.780 [main] DEBUG o.h.hql.ast.tree.FromReferenceNode - Resolved :  t.tripId -&gt; trips0_.trip_id
14:01:02.780 [main] DEBUG o.h.hql.antlr.HqlSqlBaseWalker - select : finishing up [level=1, statement=select]
14:01:02.780 [main] DEBUG org.hibernate.hql.ast.HqlSqlWalker - processQuery() :  ( SELECT ( {select clause} trips0_.trip_id ) ( FromClause{level=1} public.trips trips0_ ) ( WHERE ( = ( trips0_.trip_id trips0_.trip_id tripId ) ? ) ) )
14:01:02.780 [main] DEBUG o.h.hql.ast.util.JoinProcessor - Using FROM fragment [public.trips trips0_]
14:01:02.780 [main] DEBUG o.h.hql.antlr.HqlSqlBaseWalker - select &gt;&gt; end [level=1, statement=select]
14:01:02.781 [main] DEBUG org.hibernate.hql.ast.AST - --- SQL AST ---
 \-[SELECT] QueryNode: &apos;SELECT&apos;  querySpaces (public.trips)
    +-[SELECT_CLAUSE] SelectClause: &apos;{select clause}&apos;
    |  +-[ALIAS_REF] IdentNode: &apos;trips0_.trip_id as trip1_4_&apos; {alias=t, className=net.lojika.gtfs.model.Trips, tableAlias=trips0_}
    |  \-[SQL_TOKEN] SqlFragment: &apos;trips0_.route_id as route3_4_, trips0_.service_id as service2_4_&apos;
    +-[FROM] FromClause: &apos;FROM&apos; FromClause{level=1, fromElementCounter=1, fromElements=1, fromElementByClassAlias=[t], fromElementByTableAlias=[trips0_], fromElementsByPath=[], collectionJoinFromElementsByPath=[], impliedElements=[]}
    |  \-[FROM_FRAGMENT] FromElement: &apos;public.trips trips0_&apos; FromElement{explicit,not a collection join,not a fetch join,fetch non-lazy properties,classAlias=t,role=null,tableName=public.trips,tableAlias=trips0_,origin=null,columns={,className=net.lojika.gtfs.model.Trips}}
    \-[WHERE] SqlNode: &apos;WHERE&apos;
       \-[EQ] BinaryLogicOperatorNode: &apos;=&apos;
          +-[DOT] DotNode: &apos;trips0_.trip_id&apos; {propertyName=tripId,dereferenceType=ALL,propertyPath=tripId,path=t.tripId,tableAlias=trips0_,className=net.lojika.gtfs.model.Trips,classAlias=t}
          |  +-[ALIAS_REF] IdentNode: &apos;trips0_.trip_id&apos; {alias=t, className=net.lojika.gtfs.model.Trips, tableAlias=trips0_}
          |  \-[IDENT] IdentNode: &apos;tripId&apos; {originalText=tripId}
          \-[NAMED_PARAM] ParameterNode: &apos;?&apos; {name=tripId, expectedType=org.hibernate.type.StringType@48f02081}

14:01:02.781 [main] DEBUG org.hibernate.hql.ast.ErrorCounter - throwQueryException() : no errors
14:01:02.782 [main] DEBUG o.h.hql.ast.QueryTranslatorImpl - HQL: SELECT t FROM net.lojika.gtfs.model.Trips t WHERE t.tripId = :tripId
14:01:02.782 [main] DEBUG o.h.hql.ast.QueryTranslatorImpl - SQL: select trips0_.trip_id as trip1_4_, trips0_.route_id as route3_4_, trips0_.service_id as service2_4_ from public.trips trips0_ where trips0_.trip_id=?
14:01:02.782 [main] DEBUG org.hibernate.hql.ast.ErrorCounter - throwQueryException() : no errors
14:01:02.782 [main] DEBUG o.hibernate.impl.SessionFactoryImpl - Checking named query: Routes.findByRouteType
14:01:02.783 [main] DEBUG o.h.hql.ast.QueryTranslatorImpl - parse() - HQL: SELECT r FROM net.lojika.gtfs.model.Routes r WHERE r.routeType = :routeType
14:01:02.785 [main] DEBUG org.hibernate.hql.ast.AST - --- HQL AST ---
 \-[QUERY] Node: &apos;query&apos;
    +-[SELECT_FROM] Node: &apos;SELECT_FROM&apos;
    |  +-[FROM] Node: &apos;FROM&apos;
    |  |  \-[RANGE] Node: &apos;RANGE&apos;
    |  |     +-[DOT] Node: &apos;.&apos;
    |  |     |  +-[DOT] Node: &apos;.&apos;
    |  |     |  |  +-[DOT] Node: &apos;.&apos;
    |  |     |  |  |  +-[DOT] Node: &apos;.&apos;
    |  |     |  |  |  |  +-[IDENT] Node: &apos;net&apos;
    |  |     |  |  |  |  \-[IDENT] Node: &apos;lojika&apos;
    |  |     |  |  |  \-[IDENT] Node: &apos;gtfs&apos;
    |  |     |  |  \-[IDENT] Node: &apos;model&apos;
    |  |     |  \-[IDENT] Node: &apos;Routes&apos;
    |  |     \-[ALIAS] Node: &apos;r&apos;
    |  \-[SELECT] Node: &apos;SELECT&apos;
    |     \-[IDENT] Node: &apos;r&apos;
    \-[WHERE] Node: &apos;WHERE&apos;
       \-[EQ] Node: &apos;=&apos;
          +-[DOT] Node: &apos;.&apos;
          |  +-[IDENT] Node: &apos;r&apos;
          |  \-[IDENT] Node: &apos;routeType&apos;
          \-[COLON] Node: &apos;:&apos;
             \-[IDENT] Node: &apos;routeType&apos;

14:01:02.785 [main] DEBUG org.hibernate.hql.ast.ErrorCounter - throwQueryException() : no errors
14:01:02.786 [main] DEBUG o.h.hql.antlr.HqlSqlBaseWalker - select &lt;&lt; begin [level=1, statement=select]
14:01:02.786 [main] DEBUG o.hibernate.hql.ast.tree.FromElement - FromClause{level=1} :  net.lojika.gtfs.model.Routes (r) -&gt; routes0_
14:01:02.786 [main] DEBUG o.h.hql.ast.tree.FromReferenceNode - Resolved :  r -&gt; routes0_.route_id
14:01:02.786 [main] DEBUG o.h.hql.ast.tree.FromReferenceNode - Resolved :  r -&gt; routes0_.route_id
14:01:02.787 [main] DEBUG org.hibernate.hql.ast.tree.DotNode - getDataType() : routeType -&gt; org.hibernate.type.StringType@48f02081
14:01:02.787 [main] DEBUG o.h.hql.ast.tree.FromReferenceNode - Resolved :  r.routeType -&gt; routes0_.route_type
14:01:02.787 [main] DEBUG o.h.hql.antlr.HqlSqlBaseWalker - select : finishing up [level=1, statement=select]
14:01:02.787 [main] DEBUG org.hibernate.hql.ast.HqlSqlWalker - processQuery() :  ( SELECT ( {select clause} routes0_.route_id ) ( FromClause{level=1} public.routes routes0_ ) ( WHERE ( = ( routes0_.route_type routes0_.route_id routeType ) ? ) ) )
14:01:02.787 [main] DEBUG o.h.hql.ast.util.JoinProcessor - Using FROM fragment [public.routes routes0_]
14:01:02.787 [main] DEBUG o.h.hql.antlr.HqlSqlBaseWalker - select &gt;&gt; end [level=1, statement=select]
14:01:02.788 [main] DEBUG org.hibernate.hql.ast.AST - --- SQL AST ---
 \-[SELECT] QueryNode: &apos;SELECT&apos;  querySpaces (public.routes)
    +-[SELECT_CLAUSE] SelectClause: &apos;{select clause}&apos;
    |  +-[ALIAS_REF] IdentNode: &apos;routes0_.route_id as route1_2_&apos; {alias=r, className=net.lojika.gtfs.model.Routes, tableAlias=routes0_}
    |  \-[SQL_TOKEN] SqlFragment: &apos;routes0_.route_long_name as route2_2_, routes0_.route_short_name as route3_2_, routes0_.route_type as route4_2_&apos;
    +-[FROM] FromClause: &apos;FROM&apos; FromClause{level=1, fromElementCounter=1, fromElements=1, fromElementByClassAlias=[r], fromElementByTableAlias=[routes0_], fromElementsByPath=[], collectionJoinFromElementsByPath=[], impliedElements=[]}
    |  \-[FROM_FRAGMENT] FromElement: &apos;public.routes routes0_&apos; FromElement{explicit,not a collection join,not a fetch join,fetch non-lazy properties,classAlias=r,role=null,tableName=public.routes,tableAlias=routes0_,origin=null,columns={,className=net.lojika.gtfs.model.Routes}}
    \-[WHERE] SqlNode: &apos;WHERE&apos;
       \-[EQ] BinaryLogicOperatorNode: &apos;=&apos;
          +-[DOT] DotNode: &apos;routes0_.route_type&apos; {propertyName=routeType,dereferenceType=ALL,propertyPath=routeType,path=r.routeType,tableAlias=routes0_,className=net.lojika.gtfs.model.Routes,classAlias=r}
          |  +-[ALIAS_REF] IdentNode: &apos;routes0_.route_id&apos; {alias=r, className=net.lojika.gtfs.model.Routes, tableAlias=routes0_}
          |  \-[IDENT] IdentNode: &apos;routeType&apos; {originalText=routeType}
          \-[NAMED_PARAM] ParameterNode: &apos;?&apos; {name=routeType, expectedType=org.hibernate.type.StringType@48f02081}

14:01:02.788 [main] DEBUG org.hibernate.hql.ast.ErrorCounter - throwQueryException() : no errors
14:01:02.788 [main] DEBUG o.h.hql.ast.QueryTranslatorImpl - HQL: SELECT r FROM net.lojika.gtfs.model.Routes r WHERE r.routeType = :routeType
14:01:02.788 [main] DEBUG o.h.hql.ast.QueryTranslatorImpl - SQL: select routes0_.route_id as route1_2_, routes0_.route_long_name as route2_2_, routes0_.route_short_name as route3_2_, routes0_.route_type as route4_2_ from public.routes routes0_ where routes0_.route_type=?
14:01:02.788 [main] DEBUG org.hibernate.hql.ast.ErrorCounter - throwQueryException() : no errors
14:01:02.789 [main] DEBUG o.hibernate.impl.SessionFactoryImpl - Checking named query: Trips.findAll
14:01:02.789 [main] DEBUG o.h.hql.ast.QueryTranslatorImpl - parse() - HQL: SELECT t FROM net.lojika.gtfs.model.Trips t
14:01:02.791 [main] DEBUG org.hibernate.hql.ast.AST - --- HQL AST ---
 \-[QUERY] Node: &apos;query&apos;
    \-[SELECT_FROM] Node: &apos;SELECT_FROM&apos;
       +-[FROM] Node: &apos;FROM&apos;
       |  \-[RANGE] Node: &apos;RANGE&apos;
       |     +-[DOT] Node: &apos;.&apos;
       |     |  +-[DOT] Node: &apos;.&apos;
       |     |  |  +-[DOT] Node: &apos;.&apos;
       |     |  |  |  +-[DOT] Node: &apos;.&apos;
       |     |  |  |  |  +-[IDENT] Node: &apos;net&apos;
       |     |  |  |  |  \-[IDENT] Node: &apos;lojika&apos;
       |     |  |  |  \-[IDENT] Node: &apos;gtfs&apos;
       |     |  |  \-[IDENT] Node: &apos;model&apos;
       |     |  \-[IDENT] Node: &apos;Trips&apos;
       |     \-[ALIAS] Node: &apos;t&apos;
       \-[SELECT] Node: &apos;SELECT&apos;
          \-[IDENT] Node: &apos;t&apos;

14:01:02.791 [main] DEBUG org.hibernate.hql.ast.ErrorCounter - throwQueryException() : no errors
14:01:02.792 [main] DEBUG o.h.hql.antlr.HqlSqlBaseWalker - select &lt;&lt; begin [level=1, statement=select]
14:01:02.792 [main] DEBUG o.hibernate.hql.ast.tree.FromElement - FromClause{level=1} :  net.lojika.gtfs.model.Trips (t) -&gt; trips0_
14:01:02.792 [main] DEBUG o.h.hql.ast.tree.FromReferenceNode - Resolved :  t -&gt; trips0_.trip_id
14:01:02.792 [main] DEBUG o.h.hql.antlr.HqlSqlBaseWalker - select : finishing up [level=1, statement=select]
14:01:02.792 [main] DEBUG org.hibernate.hql.ast.HqlSqlWalker - processQuery() :  ( SELECT ( {select clause} trips0_.trip_id ) ( FromClause{level=1} public.trips trips0_ ) )
14:01:02.793 [main] DEBUG o.h.hql.ast.util.JoinProcessor - Using FROM fragment [public.trips trips0_]
14:01:02.793 [main] DEBUG o.h.hql.antlr.HqlSqlBaseWalker - select &gt;&gt; end [level=1, statement=select]
14:01:02.793 [main] DEBUG org.hibernate.hql.ast.AST - --- SQL AST ---
 \-[SELECT] QueryNode: &apos;SELECT&apos;  querySpaces (public.trips)
    +-[SELECT_CLAUSE] SelectClause: &apos;{select clause}&apos;
    |  +-[ALIAS_REF] IdentNode: &apos;trips0_.trip_id as trip1_4_&apos; {alias=t, className=net.lojika.gtfs.model.Trips, tableAlias=trips0_}
    |  \-[SQL_TOKEN] SqlFragment: &apos;trips0_.route_id as route3_4_, trips0_.service_id as service2_4_&apos;
    \-[FROM] FromClause: &apos;FROM&apos; FromClause{level=1, fromElementCounter=1, fromElements=1, fromElementByClassAlias=[t], fromElementByTableAlias=[trips0_], fromElementsByPath=[], collectionJoinFromElementsByPath=[], impliedElements=[]}
       \-[FROM_FRAGMENT] FromElement: &apos;public.trips trips0_&apos; FromElement{explicit,not a collection join,not a fetch join,fetch non-lazy properties,classAlias=t,role=null,tableName=public.trips,tableAlias=trips0_,origin=null,columns={,className=net.lojika.gtfs.model.Trips}}

14:01:02.794 [main] DEBUG org.hibernate.hql.ast.ErrorCounter - throwQueryException() : no errors
14:01:02.794 [main] DEBUG o.h.hql.ast.QueryTranslatorImpl - HQL: SELECT t FROM net.lojika.gtfs.model.Trips t
14:01:02.794 [main] DEBUG o.h.hql.ast.QueryTranslatorImpl - SQL: select trips0_.trip_id as trip1_4_, trips0_.route_id as route3_4_, trips0_.service_id as service2_4_ from public.trips trips0_
14:01:02.794 [main] DEBUG org.hibernate.hql.ast.ErrorCounter - throwQueryException() : no errors
14:01:02.794 [main] DEBUG o.hibernate.impl.SessionFactoryImpl - Checking named query: Stops.findByStopLon
14:01:02.795 [main] DEBUG o.h.hql.ast.QueryTranslatorImpl - parse() - HQL: SELECT s FROM net.lojika.gtfs.model.Stops s WHERE s.stopLon = :stopLon
14:01:02.798 [main] DEBUG org.hibernate.hql.ast.AST - --- HQL AST ---
 \-[QUERY] Node: &apos;query&apos;
    +-[SELECT_FROM] Node: &apos;SELECT_FROM&apos;
    |  +-[FROM] Node: &apos;FROM&apos;
    |  |  \-[RANGE] Node: &apos;RANGE&apos;
    |  |     +-[DOT] Node: &apos;.&apos;
    |  |     |  +-[DOT] Node: &apos;.&apos;
    |  |     |  |  +-[DOT] Node: &apos;.&apos;
    |  |     |  |  |  +-[DOT] Node: &apos;.&apos;
    |  |     |  |  |  |  +-[IDENT] Node: &apos;net&apos;
    |  |     |  |  |  |  \-[IDENT] Node: &apos;lojika&apos;
    |  |     |  |  |  \-[IDENT] Node: &apos;gtfs&apos;
    |  |     |  |  \-[IDENT] Node: &apos;model&apos;
    |  |     |  \-[IDENT] Node: &apos;Stops&apos;
    |  |     \-[ALIAS] Node: &apos;s&apos;
    |  \-[SELECT] Node: &apos;SELECT&apos;
    |     \-[IDENT] Node: &apos;s&apos;
    \-[WHERE] Node: &apos;WHERE&apos;
       \-[EQ] Node: &apos;=&apos;
          +-[DOT] Node: &apos;.&apos;
          |  +-[IDENT] Node: &apos;s&apos;
          |  \-[IDENT] Node: &apos;stopLon&apos;
          \-[COLON] Node: &apos;:&apos;
             \-[IDENT] Node: &apos;stopLon&apos;

14:01:02.798 [main] DEBUG org.hibernate.hql.ast.ErrorCounter - throwQueryException() : no errors
14:01:02.798 [main] DEBUG o.h.hql.antlr.HqlSqlBaseWalker - select &lt;&lt; begin [level=1, statement=select]
14:01:02.798 [main] DEBUG o.hibernate.hql.ast.tree.FromElement - FromClause{level=1} :  net.lojika.gtfs.model.Stops (s) -&gt; stops0_
14:01:02.798 [main] DEBUG o.h.hql.ast.tree.FromReferenceNode - Resolved :  s -&gt; stops0_.stop_id
14:01:02.799 [main] DEBUG o.h.hql.ast.tree.FromReferenceNode - Resolved :  s -&gt; stops0_.stop_id
14:01:02.799 [main] DEBUG org.hibernate.hql.ast.tree.DotNode - getDataType() : stopLon -&gt; org.hibernate.type.StringType@48f02081
14:01:02.799 [main] DEBUG o.h.hql.ast.tree.FromReferenceNode - Resolved :  s.stopLon -&gt; stops0_.stop_lon
14:01:02.799 [main] DEBUG o.h.hql.antlr.HqlSqlBaseWalker - select : finishing up [level=1, statement=select]
14:01:02.799 [main] DEBUG org.hibernate.hql.ast.HqlSqlWalker - processQuery() :  ( SELECT ( {select clause} stops0_.stop_id ) ( FromClause{level=1} public.stops stops0_ ) ( WHERE ( = ( stops0_.stop_lon stops0_.stop_id stopLon ) ? ) ) )
14:01:02.799 [main] DEBUG o.h.hql.ast.util.JoinProcessor - Using FROM fragment [public.stops stops0_]
14:01:02.799 [main] DEBUG o.h.hql.antlr.HqlSqlBaseWalker - select &gt;&gt; end [level=1, statement=select]
14:01:02.800 [main] DEBUG org.hibernate.hql.ast.AST - --- SQL AST ---
 \-[SELECT] QueryNode: &apos;SELECT&apos;  querySpaces (public.stops)
    +-[SELECT_CLAUSE] SelectClause: &apos;{select clause}&apos;
    |  +-[ALIAS_REF] IdentNode: &apos;stops0_.stop_id as stop1_6_&apos; {alias=s, className=net.lojika.gtfs.model.Stops, tableAlias=stops0_}
    |  \-[SQL_TOKEN] SqlFragment: &apos;stops0_.stop_lat as stop2_6_, stops0_.stop_lon as stop3_6_, stops0_.stop_name as stop4_6_&apos;
    +-[FROM] FromClause: &apos;FROM&apos; FromClause{level=1, fromElementCounter=1, fromElements=1, fromElementByClassAlias=[s], fromElementByTableAlias=[stops0_], fromElementsByPath=[], collectionJoinFromElementsByPath=[], impliedElements=[]}
    |  \-[FROM_FRAGMENT] FromElement: &apos;public.stops stops0_&apos; FromElement{explicit,not a collection join,not a fetch join,fetch non-lazy properties,classAlias=s,role=null,tableName=public.stops,tableAlias=stops0_,origin=null,columns={,className=net.lojika.gtfs.model.Stops}}
    \-[WHERE] SqlNode: &apos;WHERE&apos;
       \-[EQ] BinaryLogicOperatorNode: &apos;=&apos;
          +-[DOT] DotNode: &apos;stops0_.stop_lon&apos; {propertyName=stopLon,dereferenceType=ALL,propertyPath=stopLon,path=s.stopLon,tableAlias=stops0_,className=net.lojika.gtfs.model.Stops,classAlias=s}
          |  +-[ALIAS_REF] IdentNode: &apos;stops0_.stop_id&apos; {alias=s, className=net.lojika.gtfs.model.Stops, tableAlias=stops0_}
          |  \-[IDENT] IdentNode: &apos;stopLon&apos; {originalText=stopLon}
          \-[NAMED_PARAM] ParameterNode: &apos;?&apos; {name=stopLon, expectedType=org.hibernate.type.StringType@48f02081}

14:01:02.800 [main] DEBUG org.hibernate.hql.ast.ErrorCounter - throwQueryException() : no errors
14:01:02.801 [main] DEBUG o.h.hql.ast.QueryTranslatorImpl - HQL: SELECT s FROM net.lojika.gtfs.model.Stops s WHERE s.stopLon = :stopLon
14:01:02.801 [main] DEBUG o.h.hql.ast.QueryTranslatorImpl - SQL: select stops0_.stop_id as stop1_6_, stops0_.stop_lat as stop2_6_, stops0_.stop_lon as stop3_6_, stops0_.stop_name as stop4_6_ from public.stops stops0_ where stops0_.stop_lon=?
14:01:02.801 [main] DEBUG org.hibernate.hql.ast.ErrorCounter - throwQueryException() : no errors
14:01:02.801 [main] DEBUG o.hibernate.impl.SessionFactoryImpl - Checking named query: RoutesCdkid.findAll
14:01:02.802 [main] DEBUG o.h.hql.ast.QueryTranslatorImpl - parse() - HQL: SELECT r FROM net.lojika.gtfs.model.RoutesCdkid r
14:01:02.804 [main] DEBUG org.hibernate.hql.ast.AST - --- HQL AST ---
 \-[QUERY] Node: &apos;query&apos;
    \-[SELECT_FROM] Node: &apos;SELECT_FROM&apos;
       +-[FROM] Node: &apos;FROM&apos;
       |  \-[RANGE] Node: &apos;RANGE&apos;
       |     +-[DOT] Node: &apos;.&apos;
       |     |  +-[DOT] Node: &apos;.&apos;
       |     |  |  +-[DOT] Node: &apos;.&apos;
       |     |  |  |  +-[DOT] Node: &apos;.&apos;
       |     |  |  |  |  +-[IDENT] Node: &apos;net&apos;
       |     |  |  |  |  \-[IDENT] Node: &apos;lojika&apos;
       |     |  |  |  \-[IDENT] Node: &apos;gtfs&apos;
       |     |  |  \-[IDENT] Node: &apos;model&apos;
       |     |  \-[IDENT] Node: &apos;RoutesCdkid&apos;
       |     \-[ALIAS] Node: &apos;r&apos;
       \-[SELECT] Node: &apos;SELECT&apos;
          \-[IDENT] Node: &apos;r&apos;

14:01:02.804 [main] DEBUG org.hibernate.hql.ast.ErrorCounter - throwQueryException() : no errors
14:01:02.804 [main] DEBUG o.h.hql.antlr.HqlSqlBaseWalker - select &lt;&lt; begin [level=1, statement=select]
14:01:02.805 [main] DEBUG o.hibernate.hql.ast.tree.FromElement - FromClause{level=1} :  net.lojika.gtfs.model.RoutesCdkid (r) -&gt; routescdki0_
14:01:02.805 [main] DEBUG o.h.hql.ast.tree.FromReferenceNode - Resolved :  r -&gt; routescdki0_.route_cdk_id
14:01:02.805 [main] DEBUG o.h.hql.antlr.HqlSqlBaseWalker - select : finishing up [level=1, statement=select]
14:01:02.805 [main] DEBUG org.hibernate.hql.ast.HqlSqlWalker - processQuery() :  ( SELECT ( {select clause} routescdki0_.route_cdk_id ) ( FromClause{level=1} public.routes_cdkid routescdki0_ ) )
14:01:02.805 [main] DEBUG o.h.hql.ast.util.JoinProcessor - Using FROM fragment [public.routes_cdkid routescdki0_]
14:01:02.805 [main] DEBUG o.h.hql.antlr.HqlSqlBaseWalker - select &gt;&gt; end [level=1, statement=select]
14:01:02.806 [main] DEBUG org.hibernate.hql.ast.AST - --- SQL AST ---
 \-[SELECT] QueryNode: &apos;SELECT&apos;  querySpaces (public.routes_cdkid)
    +-[SELECT_CLAUSE] SelectClause: &apos;{select clause}&apos;
    |  +-[ALIAS_REF] IdentNode: &apos;routescdki0_.route_cdk_id as route1_3_&apos; {alias=r, className=net.lojika.gtfs.model.RoutesCdkid, tableAlias=routescdki0_}
    |  \-[SQL_TOKEN] SqlFragment: &apos;routescdki0_.route_id as route2_3_&apos;
    \-[FROM] FromClause: &apos;FROM&apos; FromClause{level=1, fromElementCounter=1, fromElements=1, fromElementByClassAlias=[r], fromElementByTableAlias=[routescdki0_], fromElementsByPath=[], collectionJoinFromElementsByPath=[], impliedElements=[]}
       \-[FROM_FRAGMENT] FromElement: &apos;public.routes_cdkid routescdki0_&apos; FromElement{explicit,not a collection join,not a fetch join,fetch non-lazy properties,classAlias=r,role=null,tableName=public.routes_cdkid,tableAlias=routescdki0_,origin=null,columns={,className=net.lojika.gtfs.model.RoutesCdkid}}

14:01:02.806 [main] DEBUG org.hibernate.hql.ast.ErrorCounter - throwQueryException() : no errors
14:01:02.807 [main] DEBUG o.h.hql.ast.QueryTranslatorImpl - HQL: SELECT r FROM net.lojika.gtfs.model.RoutesCdkid r
14:01:02.807 [main] DEBUG o.h.hql.ast.QueryTranslatorImpl - SQL: select routescdki0_.route_cdk_id as route1_3_, routescdki0_.route_id as route2_3_ from public.routes_cdkid routescdki0_
14:01:02.807 [main] DEBUG org.hibernate.hql.ast.ErrorCounter - throwQueryException() : no errors
14:01:02.807 [main] DEBUG o.hibernate.impl.SessionFactoryImpl - Checking named query: Stops.findByStopLat
14:01:02.808 [main] DEBUG o.h.hql.ast.QueryTranslatorImpl - parse() - HQL: SELECT s FROM net.lojika.gtfs.model.Stops s WHERE s.stopLat = :stopLat
14:01:02.811 [main] DEBUG org.hibernate.hql.ast.AST - --- HQL AST ---
 \-[QUERY] Node: &apos;query&apos;
    +-[SELECT_FROM] Node: &apos;SELECT_FROM&apos;
    |  +-[FROM] Node: &apos;FROM&apos;
    |  |  \-[RANGE] Node: &apos;RANGE&apos;
    |  |     +-[DOT] Node: &apos;.&apos;
    |  |     |  +-[DOT] Node: &apos;.&apos;
    |  |     |  |  +-[DOT] Node: &apos;.&apos;
    |  |     |  |  |  +-[DOT] Node: &apos;.&apos;
    |  |     |  |  |  |  +-[IDENT] Node: &apos;net&apos;
    |  |     |  |  |  |  \-[IDENT] Node: &apos;lojika&apos;
    |  |     |  |  |  \-[IDENT] Node: &apos;gtfs&apos;
    |  |     |  |  \-[IDENT] Node: &apos;model&apos;
    |  |     |  \-[IDENT] Node: &apos;Stops&apos;
    |  |     \-[ALIAS] Node: &apos;s&apos;
    |  \-[SELECT] Node: &apos;SELECT&apos;
    |     \-[IDENT] Node: &apos;s&apos;
    \-[WHERE] Node: &apos;WHERE&apos;
       \-[EQ] Node: &apos;=&apos;
          +-[DOT] Node: &apos;.&apos;
          |  +-[IDENT] Node: &apos;s&apos;
          |  \-[IDENT] Node: &apos;stopLat&apos;
          \-[COLON] Node: &apos;:&apos;
             \-[IDENT] Node: &apos;stopLat&apos;

14:01:02.811 [main] DEBUG org.hibernate.hql.ast.ErrorCounter - throwQueryException() : no errors
14:01:02.811 [main] DEBUG o.h.hql.antlr.HqlSqlBaseWalker - select &lt;&lt; begin [level=1, statement=select]
14:01:02.811 [main] DEBUG o.hibernate.hql.ast.tree.FromElement - FromClause{level=1} :  net.lojika.gtfs.model.Stops (s) -&gt; stops0_
14:01:02.812 [main] DEBUG o.h.hql.ast.tree.FromReferenceNode - Resolved :  s -&gt; stops0_.stop_id
14:01:02.812 [main] DEBUG o.h.hql.ast.tree.FromReferenceNode - Resolved :  s -&gt; stops0_.stop_id
14:01:02.812 [main] DEBUG org.hibernate.hql.ast.tree.DotNode - getDataType() : stopLat -&gt; org.hibernate.type.StringType@48f02081
14:01:02.812 [main] DEBUG o.h.hql.ast.tree.FromReferenceNode - Resolved :  s.stopLat -&gt; stops0_.stop_lat
14:01:02.812 [main] DEBUG o.h.hql.antlr.HqlSqlBaseWalker - select : finishing up [level=1, statement=select]
14:01:02.812 [main] DEBUG org.hibernate.hql.ast.HqlSqlWalker - processQuery() :  ( SELECT ( {select clause} stops0_.stop_id ) ( FromClause{level=1} public.stops stops0_ ) ( WHERE ( = ( stops0_.stop_lat stops0_.stop_id stopLat ) ? ) ) )
14:01:02.812 [main] DEBUG o.h.hql.ast.util.JoinProcessor - Using FROM fragment [public.stops stops0_]
14:01:02.812 [main] DEBUG o.h.hql.antlr.HqlSqlBaseWalker - select &gt;&gt; end [level=1, statement=select]
14:01:02.813 [main] DEBUG org.hibernate.hql.ast.AST - --- SQL AST ---
 \-[SELECT] QueryNode: &apos;SELECT&apos;  querySpaces (public.stops)
    +-[SELECT_CLAUSE] SelectClause: &apos;{select clause}&apos;
    |  +-[ALIAS_REF] IdentNode: &apos;stops0_.stop_id as stop1_6_&apos; {alias=s, className=net.lojika.gtfs.model.Stops, tableAlias=stops0_}
    |  \-[SQL_TOKEN] SqlFragment: &apos;stops0_.stop_lat as stop2_6_, stops0_.stop_lon as stop3_6_, stops0_.stop_name as stop4_6_&apos;
    +-[FROM] FromClause: &apos;FROM&apos; FromClause{level=1, fromElementCounter=1, fromElements=1, fromElementByClassAlias=[s], fromElementByTableAlias=[stops0_], fromElementsByPath=[], collectionJoinFromElementsByPath=[], impliedElements=[]}
    |  \-[FROM_FRAGMENT] FromElement: &apos;public.stops stops0_&apos; FromElement{explicit,not a collection join,not a fetch join,fetch non-lazy properties,classAlias=s,role=null,tableName=public.stops,tableAlias=stops0_,origin=null,columns={,className=net.lojika.gtfs.model.Stops}}
    \-[WHERE] SqlNode: &apos;WHERE&apos;
       \-[EQ] BinaryLogicOperatorNode: &apos;=&apos;
          +-[DOT] DotNode: &apos;stops0_.stop_lat&apos; {propertyName=stopLat,dereferenceType=ALL,propertyPath=stopLat,path=s.stopLat,tableAlias=stops0_,className=net.lojika.gtfs.model.Stops,classAlias=s}
          |  +-[ALIAS_REF] IdentNode: &apos;stops0_.stop_id&apos; {alias=s, className=net.lojika.gtfs.model.Stops, tableAlias=stops0_}
          |  \-[IDENT] IdentNode: &apos;stopLat&apos; {originalText=stopLat}
          \-[NAMED_PARAM] ParameterNode: &apos;?&apos; {name=stopLat, expectedType=org.hibernate.type.StringType@48f02081}

14:01:02.814 [main] DEBUG org.hibernate.hql.ast.ErrorCounter - throwQueryException() : no errors
14:01:02.814 [main] DEBUG o.h.hql.ast.QueryTranslatorImpl - HQL: SELECT s FROM net.lojika.gtfs.model.Stops s WHERE s.stopLat = :stopLat
14:01:02.814 [main] DEBUG o.h.hql.ast.QueryTranslatorImpl - SQL: select stops0_.stop_id as stop1_6_, stops0_.stop_lat as stop2_6_, stops0_.stop_lon as stop3_6_, stops0_.stop_name as stop4_6_ from public.stops stops0_ where stops0_.stop_lat=?
14:01:02.814 [main] DEBUG org.hibernate.hql.ast.ErrorCounter - throwQueryException() : no errors
14:01:02.815 [main] DEBUG o.hibernate.impl.SessionFactoryImpl - Checking named query: Calendar.findByServiceId
14:01:02.815 [main] DEBUG o.h.hql.ast.QueryTranslatorImpl - parse() - HQL: SELECT c FROM net.lojika.gtfs.model.Calendar c WHERE c.serviceId = :serviceId
14:01:02.830 [main] DEBUG org.hibernate.hql.ast.AST - --- HQL AST ---
 \-[QUERY] Node: &apos;query&apos;
    +-[SELECT_FROM] Node: &apos;SELECT_FROM&apos;
    |  +-[FROM] Node: &apos;FROM&apos;
    |  |  \-[RANGE] Node: &apos;RANGE&apos;
    |  |     +-[DOT] Node: &apos;.&apos;
    |  |     |  +-[DOT] Node: &apos;.&apos;
    |  |     |  |  +-[DOT] Node: &apos;.&apos;
    |  |     |  |  |  +-[DOT] Node: &apos;.&apos;
    |  |     |  |  |  |  +-[IDENT] Node: &apos;net&apos;
    |  |     |  |  |  |  \-[IDENT] Node: &apos;lojika&apos;
    |  |     |  |  |  \-[IDENT] Node: &apos;gtfs&apos;
    |  |     |  |  \-[IDENT] Node: &apos;model&apos;
    |  |     |  \-[IDENT] Node: &apos;Calendar&apos;
    |  |     \-[ALIAS] Node: &apos;c&apos;
    |  \-[SELECT] Node: &apos;SELECT&apos;
    |     \-[IDENT] Node: &apos;c&apos;
    \-[WHERE] Node: &apos;WHERE&apos;
       \-[EQ] Node: &apos;=&apos;
          +-[DOT] Node: &apos;.&apos;
          |  +-[IDENT] Node: &apos;c&apos;
          |  \-[IDENT] Node: &apos;serviceId&apos;
          \-[COLON] Node: &apos;:&apos;
             \-[IDENT] Node: &apos;serviceId&apos;

14:01:02.830 [main] DEBUG org.hibernate.hql.ast.ErrorCounter - throwQueryException() : no errors
14:01:02.830 [main] DEBUG o.h.hql.antlr.HqlSqlBaseWalker - select &lt;&lt; begin [level=1, statement=select]
14:01:02.831 [main] DEBUG o.hibernate.hql.ast.tree.FromElement - FromClause{level=1} :  net.lojika.gtfs.model.Calendar (c) -&gt; calendar0_
14:01:02.831 [main] DEBUG o.h.hql.ast.tree.FromReferenceNode - Resolved :  c -&gt; calendar0_.service_id
14:01:02.831 [main] DEBUG o.h.hql.ast.tree.FromReferenceNode - Resolved :  c -&gt; calendar0_.service_id
14:01:02.831 [main] DEBUG org.hibernate.hql.ast.tree.DotNode - getDataType() : serviceId -&gt; org.hibernate.type.StringType@48f02081
14:01:02.831 [main] DEBUG o.h.hql.ast.tree.FromReferenceNode - Resolved :  c.serviceId -&gt; calendar0_.service_id
14:01:02.831 [main] DEBUG o.h.hql.antlr.HqlSqlBaseWalker - select : finishing up [level=1, statement=select]
14:01:02.831 [main] DEBUG org.hibernate.hql.ast.HqlSqlWalker - processQuery() :  ( SELECT ( {select clause} calendar0_.service_id ) ( FromClause{level=1} public.calendar calendar0_ ) ( WHERE ( = ( calendar0_.service_id calendar0_.service_id serviceId ) ? ) ) )
14:01:02.831 [main] DEBUG o.h.hql.ast.util.JoinProcessor - Using FROM fragment [public.calendar calendar0_]
14:01:02.831 [main] DEBUG o.h.hql.antlr.HqlSqlBaseWalker - select &gt;&gt; end [level=1, statement=select]
14:01:02.832 [main] DEBUG org.hibernate.hql.ast.AST - --- SQL AST ---
 \-[SELECT] QueryNode: &apos;SELECT&apos;  querySpaces (public.calendar)
    +-[SELECT_CLAUSE] SelectClause: &apos;{select clause}&apos;
    |  +-[ALIAS_REF] IdentNode: &apos;calendar0_.service_id as service1_5_&apos; {alias=c, className=net.lojika.gtfs.model.Calendar, tableAlias=calendar0_}
    |  \-[SQL_TOKEN] SqlFragment: &apos;calendar0_.end_date as end2_5_, calendar0_.friday as friday5_, calendar0_.monday as monday5_, calendar0_.saturday as saturday5_, calendar0_.start_date as start6_5_, calendar0_.sunday as sunday5_, calendar0_.thursday as thursday5_, calendar0_.tuesday as tuesday5_, calendar0_.wednesday as wednesday5_&apos;
    +-[FROM] FromClause: &apos;FROM&apos; FromClause{level=1, fromElementCounter=1, fromElements=1, fromElementByClassAlias=[c], fromElementByTableAlias=[calendar0_], fromElementsByPath=[], collectionJoinFromElementsByPath=[], impliedElements=[]}
    |  \-[FROM_FRAGMENT] FromElement: &apos;public.calendar calendar0_&apos; FromElement{explicit,not a collection join,not a fetch join,fetch non-lazy properties,classAlias=c,role=null,tableName=public.calendar,tableAlias=calendar0_,origin=null,columns={,className=net.lojika.gtfs.model.Calendar}}
    \-[WHERE] SqlNode: &apos;WHERE&apos;
       \-[EQ] BinaryLogicOperatorNode: &apos;=&apos;
          +-[DOT] DotNode: &apos;calendar0_.service_id&apos; {propertyName=serviceId,dereferenceType=ALL,propertyPath=serviceId,path=c.serviceId,tableAlias=calendar0_,className=net.lojika.gtfs.model.Calendar,classAlias=c}
          |  +-[ALIAS_REF] IdentNode: &apos;calendar0_.service_id&apos; {alias=c, className=net.lojika.gtfs.model.Calendar, tableAlias=calendar0_}
          |  \-[IDENT] IdentNode: &apos;serviceId&apos; {originalText=serviceId}
          \-[NAMED_PARAM] ParameterNode: &apos;?&apos; {name=serviceId, expectedType=org.hibernate.type.StringType@48f02081}

14:01:02.832 [main] DEBUG org.hibernate.hql.ast.ErrorCounter - throwQueryException() : no errors
14:01:02.832 [main] DEBUG o.h.hql.ast.QueryTranslatorImpl - HQL: SELECT c FROM net.lojika.gtfs.model.Calendar c WHERE c.serviceId = :serviceId
14:01:02.832 [main] DEBUG o.h.hql.ast.QueryTranslatorImpl - SQL: select calendar0_.service_id as service1_5_, calendar0_.end_date as end2_5_, calendar0_.friday as friday5_, calendar0_.monday as monday5_, calendar0_.saturday as saturday5_, calendar0_.start_date as start6_5_, calendar0_.sunday as sunday5_, calendar0_.thursday as thursday5_, calendar0_.tuesday as tuesday5_, calendar0_.wednesday as wednesday5_ from public.calendar calendar0_ where calendar0_.service_id=?
14:01:02.833 [main] DEBUG org.hibernate.hql.ast.ErrorCounter - throwQueryException() : no errors
14:01:02.833 [main] DEBUG o.hibernate.impl.SessionFactoryImpl - Checking named query: Calendar.findByWednesday
14:01:02.833 [main] DEBUG o.h.hql.ast.QueryTranslatorImpl - parse() - HQL: SELECT c FROM net.lojika.gtfs.model.Calendar c WHERE c.wednesday = :wednesday
14:01:02.836 [main] DEBUG org.hibernate.hql.ast.AST - --- HQL AST ---
 \-[QUERY] Node: &apos;query&apos;
    +-[SELECT_FROM] Node: &apos;SELECT_FROM&apos;
    |  +-[FROM] Node: &apos;FROM&apos;
    |  |  \-[RANGE] Node: &apos;RANGE&apos;
    |  |     +-[DOT] Node: &apos;.&apos;
    |  |     |  +-[DOT] Node: &apos;.&apos;
    |  |     |  |  +-[DOT] Node: &apos;.&apos;
    |  |     |  |  |  +-[DOT] Node: &apos;.&apos;
    |  |     |  |  |  |  +-[IDENT] Node: &apos;net&apos;
    |  |     |  |  |  |  \-[IDENT] Node: &apos;lojika&apos;
    |  |     |  |  |  \-[IDENT] Node: &apos;gtfs&apos;
    |  |     |  |  \-[IDENT] Node: &apos;model&apos;
    |  |     |  \-[IDENT] Node: &apos;Calendar&apos;
    |  |     \-[ALIAS] Node: &apos;c&apos;
    |  \-[SELECT] Node: &apos;SELECT&apos;
    |     \-[IDENT] Node: &apos;c&apos;
    \-[WHERE] Node: &apos;WHERE&apos;
       \-[EQ] Node: &apos;=&apos;
          +-[DOT] Node: &apos;.&apos;
          |  +-[IDENT] Node: &apos;c&apos;
          |  \-[IDENT] Node: &apos;wednesday&apos;
          \-[COLON] Node: &apos;:&apos;
             \-[IDENT] Node: &apos;wednesday&apos;

14:01:02.836 [main] DEBUG org.hibernate.hql.ast.ErrorCounter - throwQueryException() : no errors
14:01:02.836 [main] DEBUG o.h.hql.antlr.HqlSqlBaseWalker - select &lt;&lt; begin [level=1, statement=select]
14:01:02.836 [main] DEBUG o.hibernate.hql.ast.tree.FromElement - FromClause{level=1} :  net.lojika.gtfs.model.Calendar (c) -&gt; calendar0_
14:01:02.837 [main] DEBUG o.h.hql.ast.tree.FromReferenceNode - Resolved :  c -&gt; calendar0_.service_id
14:01:02.837 [main] DEBUG o.h.hql.ast.tree.FromReferenceNode - Resolved :  c -&gt; calendar0_.service_id
14:01:02.837 [main] DEBUG org.hibernate.hql.ast.tree.DotNode - getDataType() : wednesday -&gt; org.hibernate.type.StringType@48f02081
14:01:02.837 [main] DEBUG o.h.hql.ast.tree.FromReferenceNode - Resolved :  c.wednesday -&gt; calendar0_.wednesday
14:01:02.838 [main] DEBUG o.h.hql.antlr.HqlSqlBaseWalker - select : finishing up [level=1, statement=select]
14:01:02.838 [main] DEBUG org.hibernate.hql.ast.HqlSqlWalker - processQuery() :  ( SELECT ( {select clause} calendar0_.service_id ) ( FromClause{level=1} public.calendar calendar0_ ) ( WHERE ( = ( calendar0_.wednesday calendar0_.service_id wednesday ) ? ) ) )
14:01:02.839 [main] DEBUG o.h.hql.ast.util.JoinProcessor - Using FROM fragment [public.calendar calendar0_]
14:01:02.839 [main] DEBUG o.h.hql.antlr.HqlSqlBaseWalker - select &gt;&gt; end [level=1, statement=select]
14:01:02.840 [main] DEBUG org.hibernate.hql.ast.AST - --- SQL AST ---
 \-[SELECT] QueryNode: &apos;SELECT&apos;  querySpaces (public.calendar)
    +-[SELECT_CLAUSE] SelectClause: &apos;{select clause}&apos;
    |  +-[ALIAS_REF] IdentNode: &apos;calendar0_.service_id as service1_5_&apos; {alias=c, className=net.lojika.gtfs.model.Calendar, tableAlias=calendar0_}
    |  \-[SQL_TOKEN] SqlFragment: &apos;calendar0_.end_date as end2_5_, calendar0_.friday as friday5_, calendar0_.monday as monday5_, calendar0_.saturday as saturday5_, calendar0_.start_date as start6_5_, calendar0_.sunday as sunday5_, calendar0_.thursday as thursday5_, calendar0_.tuesday as tuesday5_, calendar0_.wednesday as wednesday5_&apos;
    +-[FROM] FromClause: &apos;FROM&apos; FromClause{level=1, fromElementCounter=1, fromElements=1, fromElementByClassAlias=[c], fromElementByTableAlias=[calendar0_], fromElementsByPath=[], collectionJoinFromElementsByPath=[], impliedElements=[]}
    |  \-[FROM_FRAGMENT] FromElement: &apos;public.calendar calendar0_&apos; FromElement{explicit,not a collection join,not a fetch join,fetch non-lazy properties,classAlias=c,role=null,tableName=public.calendar,tableAlias=calendar0_,origin=null,columns={,className=net.lojika.gtfs.model.Calendar}}
    \-[WHERE] SqlNode: &apos;WHERE&apos;
       \-[EQ] BinaryLogicOperatorNode: &apos;=&apos;
          +-[DOT] DotNode: &apos;calendar0_.wednesday&apos; {propertyName=wednesday,dereferenceType=ALL,propertyPath=wednesday,path=c.wednesday,tableAlias=calendar0_,className=net.lojika.gtfs.model.Calendar,classAlias=c}
          |  +-[ALIAS_REF] IdentNode: &apos;calendar0_.service_id&apos; {alias=c, className=net.lojika.gtfs.model.Calendar, tableAlias=calendar0_}
          |  \-[IDENT] IdentNode: &apos;wednesday&apos; {originalText=wednesday}
          \-[NAMED_PARAM] ParameterNode: &apos;?&apos; {name=wednesday, expectedType=org.hibernate.type.StringType@48f02081}

14:01:02.841 [main] DEBUG org.hibernate.hql.ast.ErrorCounter - throwQueryException() : no errors
14:01:02.841 [main] DEBUG o.h.hql.ast.QueryTranslatorImpl - HQL: SELECT c FROM net.lojika.gtfs.model.Calendar c WHERE c.wednesday = :wednesday
14:01:02.841 [main] DEBUG o.h.hql.ast.QueryTranslatorImpl - SQL: select calendar0_.service_id as service1_5_, calendar0_.end_date as end2_5_, calendar0_.friday as friday5_, calendar0_.monday as monday5_, calendar0_.saturday as saturday5_, calendar0_.start_date as start6_5_, calendar0_.sunday as sunday5_, calendar0_.thursday as thursday5_, calendar0_.tuesday as tuesday5_, calendar0_.wednesday as wednesday5_ from public.calendar calendar0_ where calendar0_.wednesday=?
14:01:02.841 [main] DEBUG org.hibernate.hql.ast.ErrorCounter - throwQueryException() : no errors
14:01:02.841 [main] DEBUG o.hibernate.impl.SessionFactoryImpl - Checking named query: Calendar.findByThursday
14:01:02.842 [main] DEBUG o.h.hql.ast.QueryTranslatorImpl - parse() - HQL: SELECT c FROM net.lojika.gtfs.model.Calendar c WHERE c.thursday = :thursday
14:01:02.845 [main] DEBUG org.hibernate.hql.ast.AST - --- HQL AST ---
 \-[QUERY] Node: &apos;query&apos;
    +-[SELECT_FROM] Node: &apos;SELECT_FROM&apos;
    |  +-[FROM] Node: &apos;FROM&apos;
    |  |  \-[RANGE] Node: &apos;RANGE&apos;
    |  |     +-[DOT] Node: &apos;.&apos;
    |  |     |  +-[DOT] Node: &apos;.&apos;
    |  |     |  |  +-[DOT] Node: &apos;.&apos;
    |  |     |  |  |  +-[DOT] Node: &apos;.&apos;
    |  |     |  |  |  |  +-[IDENT] Node: &apos;net&apos;
    |  |     |  |  |  |  \-[IDENT] Node: &apos;lojika&apos;
    |  |     |  |  |  \-[IDENT] Node: &apos;gtfs&apos;
    |  |     |  |  \-[IDENT] Node: &apos;model&apos;
    |  |     |  \-[IDENT] Node: &apos;Calendar&apos;
    |  |     \-[ALIAS] Node: &apos;c&apos;
    |  \-[SELECT] Node: &apos;SELECT&apos;
    |     \-[IDENT] Node: &apos;c&apos;
    \-[WHERE] Node: &apos;WHERE&apos;
       \-[EQ] Node: &apos;=&apos;
          +-[DOT] Node: &apos;.&apos;
          |  +-[IDENT] Node: &apos;c&apos;
          |  \-[IDENT] Node: &apos;thursday&apos;
          \-[COLON] Node: &apos;:&apos;
             \-[IDENT] Node: &apos;thursday&apos;

14:01:02.845 [main] DEBUG org.hibernate.hql.ast.ErrorCounter - throwQueryException() : no errors
14:01:02.846 [main] DEBUG o.h.hql.antlr.HqlSqlBaseWalker - select &lt;&lt; begin [level=1, statement=select]
14:01:02.846 [main] DEBUG o.hibernate.hql.ast.tree.FromElement - FromClause{level=1} :  net.lojika.gtfs.model.Calendar (c) -&gt; calendar0_
14:01:02.846 [main] DEBUG o.h.hql.ast.tree.FromReferenceNode - Resolved :  c -&gt; calendar0_.service_id
14:01:02.846 [main] DEBUG o.h.hql.ast.tree.FromReferenceNode - Resolved :  c -&gt; calendar0_.service_id
14:01:02.846 [main] DEBUG org.hibernate.hql.ast.tree.DotNode - getDataType() : thursday -&gt; org.hibernate.type.StringType@48f02081
14:01:02.846 [main] DEBUG o.h.hql.ast.tree.FromReferenceNode - Resolved :  c.thursday -&gt; calendar0_.thursday
14:01:02.846 [main] DEBUG o.h.hql.antlr.HqlSqlBaseWalker - select : finishing up [level=1, statement=select]
14:01:02.847 [main] DEBUG org.hibernate.hql.ast.HqlSqlWalker - processQuery() :  ( SELECT ( {select clause} calendar0_.service_id ) ( FromClause{level=1} public.calendar calendar0_ ) ( WHERE ( = ( calendar0_.thursday calendar0_.service_id thursday ) ? ) ) )
14:01:02.847 [main] DEBUG o.h.hql.ast.util.JoinProcessor - Using FROM fragment [public.calendar calendar0_]
14:01:02.847 [main] DEBUG o.h.hql.antlr.HqlSqlBaseWalker - select &gt;&gt; end [level=1, statement=select]
14:01:02.847 [main] DEBUG org.hibernate.hql.ast.AST - --- SQL AST ---
 \-[SELECT] QueryNode: &apos;SELECT&apos;  querySpaces (public.calendar)
    +-[SELECT_CLAUSE] SelectClause: &apos;{select clause}&apos;
    |  +-[ALIAS_REF] IdentNode: &apos;calendar0_.service_id as service1_5_&apos; {alias=c, className=net.lojika.gtfs.model.Calendar, tableAlias=calendar0_}
    |  \-[SQL_TOKEN] SqlFragment: &apos;calendar0_.end_date as end2_5_, calendar0_.friday as friday5_, calendar0_.monday as monday5_, calendar0_.saturday as saturday5_, calendar0_.start_date as start6_5_, calendar0_.sunday as sunday5_, calendar0_.thursday as thursday5_, calendar0_.tuesday as tuesday5_, calendar0_.wednesday as wednesday5_&apos;
    +-[FROM] FromClause: &apos;FROM&apos; FromClause{level=1, fromElementCounter=1, fromElements=1, fromElementByClassAlias=[c], fromElementByTableAlias=[calendar0_], fromElementsByPath=[], collectionJoinFromElementsByPath=[], impliedElements=[]}
    |  \-[FROM_FRAGMENT] FromElement: &apos;public.calendar calendar0_&apos; FromElement{explicit,not a collection join,not a fetch join,fetch non-lazy properties,classAlias=c,role=null,tableName=public.calendar,tableAlias=calendar0_,origin=null,columns={,className=net.lojika.gtfs.model.Calendar}}
    \-[WHERE] SqlNode: &apos;WHERE&apos;
       \-[EQ] BinaryLogicOperatorNode: &apos;=&apos;
          +-[DOT] DotNode: &apos;calendar0_.thursday&apos; {propertyName=thursday,dereferenceType=ALL,propertyPath=thursday,path=c.thursday,tableAlias=calendar0_,className=net.lojika.gtfs.model.Calendar,classAlias=c}
          |  +-[ALIAS_REF] IdentNode: &apos;calendar0_.service_id&apos; {alias=c, className=net.lojika.gtfs.model.Calendar, tableAlias=calendar0_}
          |  \-[IDENT] IdentNode: &apos;thursday&apos; {originalText=thursday}
          \-[NAMED_PARAM] ParameterNode: &apos;?&apos; {name=thursday, expectedType=org.hibernate.type.StringType@48f02081}

14:01:02.847 [main] DEBUG org.hibernate.hql.ast.ErrorCounter - throwQueryException() : no errors
14:01:02.848 [main] DEBUG o.h.hql.ast.QueryTranslatorImpl - HQL: SELECT c FROM net.lojika.gtfs.model.Calendar c WHERE c.thursday = :thursday
14:01:02.848 [main] DEBUG o.h.hql.ast.QueryTranslatorImpl - SQL: select calendar0_.service_id as service1_5_, calendar0_.end_date as end2_5_, calendar0_.friday as friday5_, calendar0_.monday as monday5_, calendar0_.saturday as saturday5_, calendar0_.start_date as start6_5_, calendar0_.sunday as sunday5_, calendar0_.thursday as thursday5_, calendar0_.tuesday as tuesday5_, calendar0_.wednesday as wednesday5_ from public.calendar calendar0_ where calendar0_.thursday=?
14:01:02.848 [main] DEBUG org.hibernate.hql.ast.ErrorCounter - throwQueryException() : no errors
14:01:02.848 [main] DEBUG o.hibernate.impl.SessionFactoryImpl - Checking named query: Calendar.findByTuesday
14:01:02.849 [main] DEBUG o.h.hql.ast.QueryTranslatorImpl - parse() - HQL: SELECT c FROM net.lojika.gtfs.model.Calendar c WHERE c.tuesday = :tuesday
14:01:02.851 [main] DEBUG org.hibernate.hql.ast.AST - --- HQL AST ---
 \-[QUERY] Node: &apos;query&apos;
    +-[SELECT_FROM] Node: &apos;SELECT_FROM&apos;
    |  +-[FROM] Node: &apos;FROM&apos;
    |  |  \-[RANGE] Node: &apos;RANGE&apos;
    |  |     +-[DOT] Node: &apos;.&apos;
    |  |     |  +-[DOT] Node: &apos;.&apos;
    |  |     |  |  +-[DOT] Node: &apos;.&apos;
    |  |     |  |  |  +-[DOT] Node: &apos;.&apos;
    |  |     |  |  |  |  +-[IDENT] Node: &apos;net&apos;
    |  |     |  |  |  |  \-[IDENT] Node: &apos;lojika&apos;
    |  |     |  |  |  \-[IDENT] Node: &apos;gtfs&apos;
    |  |     |  |  \-[IDENT] Node: &apos;model&apos;
    |  |     |  \-[IDENT] Node: &apos;Calendar&apos;
    |  |     \-[ALIAS] Node: &apos;c&apos;
    |  \-[SELECT] Node: &apos;SELECT&apos;
    |     \-[IDENT] Node: &apos;c&apos;
    \-[WHERE] Node: &apos;WHERE&apos;
       \-[EQ] Node: &apos;=&apos;
          +-[DOT] Node: &apos;.&apos;
          |  +-[IDENT] Node: &apos;c&apos;
          |  \-[IDENT] Node: &apos;tuesday&apos;
          \-[COLON] Node: &apos;:&apos;
             \-[IDENT] Node: &apos;tuesday&apos;

14:01:02.851 [main] DEBUG org.hibernate.hql.ast.ErrorCounter - throwQueryException() : no errors
14:01:02.851 [main] DEBUG o.h.hql.antlr.HqlSqlBaseWalker - select &lt;&lt; begin [level=1, statement=select]
14:01:02.852 [main] DEBUG o.hibernate.hql.ast.tree.FromElement - FromClause{level=1} :  net.lojika.gtfs.model.Calendar (c) -&gt; calendar0_
14:01:02.852 [main] DEBUG o.h.hql.ast.tree.FromReferenceNode - Resolved :  c -&gt; calendar0_.service_id
14:01:02.852 [main] DEBUG o.h.hql.ast.tree.FromReferenceNode - Resolved :  c -&gt; calendar0_.service_id
14:01:02.852 [main] DEBUG org.hibernate.hql.ast.tree.DotNode - getDataType() : tuesday -&gt; org.hibernate.type.StringType@48f02081
14:01:02.852 [main] DEBUG o.h.hql.ast.tree.FromReferenceNode - Resolved :  c.tuesday -&gt; calendar0_.tuesday
14:01:02.852 [main] DEBUG o.h.hql.antlr.HqlSqlBaseWalker - select : finishing up [level=1, statement=select]
14:01:02.853 [main] DEBUG org.hibernate.hql.ast.HqlSqlWalker - processQuery() :  ( SELECT ( {select clause} calendar0_.service_id ) ( FromClause{level=1} public.calendar calendar0_ ) ( WHERE ( = ( calendar0_.tuesday calendar0_.service_id tuesday ) ? ) ) )
14:01:02.853 [main] DEBUG o.h.hql.ast.util.JoinProcessor - Using FROM fragment [public.calendar calendar0_]
14:01:02.853 [main] DEBUG o.h.hql.antlr.HqlSqlBaseWalker - select &gt;&gt; end [level=1, statement=select]
14:01:02.853 [main] DEBUG org.hibernate.hql.ast.AST - --- SQL AST ---
 \-[SELECT] QueryNode: &apos;SELECT&apos;  querySpaces (public.calendar)
    +-[SELECT_CLAUSE] SelectClause: &apos;{select clause}&apos;
    |  +-[ALIAS_REF] IdentNode: &apos;calendar0_.service_id as service1_5_&apos; {alias=c, className=net.lojika.gtfs.model.Calendar, tableAlias=calendar0_}
    |  \-[SQL_TOKEN] SqlFragment: &apos;calendar0_.end_date as end2_5_, calendar0_.friday as friday5_, calendar0_.monday as monday5_, calendar0_.saturday as saturday5_, calendar0_.start_date as start6_5_, calendar0_.sunday as sunday5_, calendar0_.thursday as thursday5_, calendar0_.tuesday as tuesday5_, calendar0_.wednesday as wednesday5_&apos;
    +-[FROM] FromClause: &apos;FROM&apos; FromClause{level=1, fromElementCounter=1, fromElements=1, fromElementByClassAlias=[c], fromElementByTableAlias=[calendar0_], fromElementsByPath=[], collectionJoinFromElementsByPath=[], impliedElements=[]}
    |  \-[FROM_FRAGMENT] FromElement: &apos;public.calendar calendar0_&apos; FromElement{explicit,not a collection join,not a fetch join,fetch non-lazy properties,classAlias=c,role=null,tableName=public.calendar,tableAlias=calendar0_,origin=null,columns={,className=net.lojika.gtfs.model.Calendar}}
    \-[WHERE] SqlNode: &apos;WHERE&apos;
       \-[EQ] BinaryLogicOperatorNode: &apos;=&apos;
          +-[DOT] DotNode: &apos;calendar0_.tuesday&apos; {propertyName=tuesday,dereferenceType=ALL,propertyPath=tuesday,path=c.tuesday,tableAlias=calendar0_,className=net.lojika.gtfs.model.Calendar,classAlias=c}
          |  +-[ALIAS_REF] IdentNode: &apos;calendar0_.service_id&apos; {alias=c, className=net.lojika.gtfs.model.Calendar, tableAlias=calendar0_}
          |  \-[IDENT] IdentNode: &apos;tuesday&apos; {originalText=tuesday}
          \-[NAMED_PARAM] ParameterNode: &apos;?&apos; {name=tuesday, expectedType=org.hibernate.type.StringType@48f02081}

14:01:02.853 [main] DEBUG org.hibernate.hql.ast.ErrorCounter - throwQueryException() : no errors
14:01:02.854 [main] DEBUG o.h.hql.ast.QueryTranslatorImpl - HQL: SELECT c FROM net.lojika.gtfs.model.Calendar c WHERE c.tuesday = :tuesday
14:01:02.854 [main] DEBUG o.h.hql.ast.QueryTranslatorImpl - SQL: select calendar0_.service_id as service1_5_, calendar0_.end_date as end2_5_, calendar0_.friday as friday5_, calendar0_.monday as monday5_, calendar0_.saturday as saturday5_, calendar0_.start_date as start6_5_, calendar0_.sunday as sunday5_, calendar0_.thursday as thursday5_, calendar0_.tuesday as tuesday5_, calendar0_.wednesday as wednesday5_ from public.calendar calendar0_ where calendar0_.tuesday=?
14:01:02.854 [main] DEBUG org.hibernate.hql.ast.ErrorCounter - throwQueryException() : no errors
14:01:02.854 [main] DEBUG o.hibernate.impl.SessionFactoryImpl - Checking named query: RoutesCdkid.findByRouteCdkId
14:01:02.855 [main] DEBUG o.h.hql.ast.QueryTranslatorImpl - parse() - HQL: SELECT r FROM net.lojika.gtfs.model.RoutesCdkid r WHERE r.routeCdkId = :routeCdkId
14:01:02.857 [main] DEBUG org.hibernate.hql.ast.AST - --- HQL AST ---
 \-[QUERY] Node: &apos;query&apos;
    +-[SELECT_FROM] Node: &apos;SELECT_FROM&apos;
    |  +-[FROM] Node: &apos;FROM&apos;
    |  |  \-[RANGE] Node: &apos;RANGE&apos;
    |  |     +-[DOT] Node: &apos;.&apos;
    |  |     |  +-[DOT] Node: &apos;.&apos;
    |  |     |  |  +-[DOT] Node: &apos;.&apos;
    |  |     |  |  |  +-[DOT] Node: &apos;.&apos;
    |  |     |  |  |  |  +-[IDENT] Node: &apos;net&apos;
    |  |     |  |  |  |  \-[IDENT] Node: &apos;lojika&apos;
    |  |     |  |  |  \-[IDENT] Node: &apos;gtfs&apos;
    |  |     |  |  \-[IDENT] Node: &apos;model&apos;
    |  |     |  \-[IDENT] Node: &apos;RoutesCdkid&apos;
    |  |     \-[ALIAS] Node: &apos;r&apos;
    |  \-[SELECT] Node: &apos;SELECT&apos;
    |     \-[IDENT] Node: &apos;r&apos;
    \-[WHERE] Node: &apos;WHERE&apos;
       \-[EQ] Node: &apos;=&apos;
          +-[DOT] Node: &apos;.&apos;
          |  +-[IDENT] Node: &apos;r&apos;
          |  \-[IDENT] Node: &apos;routeCdkId&apos;
          \-[COLON] Node: &apos;:&apos;
             \-[IDENT] Node: &apos;routeCdkId&apos;

14:01:02.857 [main] DEBUG org.hibernate.hql.ast.ErrorCounter - throwQueryException() : no errors
14:01:02.857 [main] DEBUG o.h.hql.antlr.HqlSqlBaseWalker - select &lt;&lt; begin [level=1, statement=select]
14:01:02.857 [main] DEBUG o.hibernate.hql.ast.tree.FromElement - FromClause{level=1} :  net.lojika.gtfs.model.RoutesCdkid (r) -&gt; routescdki0_
14:01:02.857 [main] DEBUG o.h.hql.ast.tree.FromReferenceNode - Resolved :  r -&gt; routescdki0_.route_cdk_id
14:01:02.857 [main] DEBUG o.h.hql.ast.tree.FromReferenceNode - Resolved :  r -&gt; routescdki0_.route_cdk_id
14:01:02.857 [main] DEBUG org.hibernate.hql.ast.tree.DotNode - getDataType() : routeCdkId -&gt; org.hibernate.type.StringType@48f02081
14:01:02.858 [main] DEBUG o.h.hql.ast.tree.FromReferenceNode - Resolved :  r.routeCdkId -&gt; routescdki0_.route_cdk_id
14:01:02.858 [main] DEBUG o.h.hql.antlr.HqlSqlBaseWalker - select : finishing up [level=1, statement=select]
14:01:02.858 [main] DEBUG org.hibernate.hql.ast.HqlSqlWalker - processQuery() :  ( SELECT ( {select clause} routescdki0_.route_cdk_id ) ( FromClause{level=1} public.routes_cdkid routescdki0_ ) ( WHERE ( = ( routescdki0_.route_cdk_id routescdki0_.route_cdk_id routeCdkId ) ? ) ) )
14:01:02.858 [main] DEBUG o.h.hql.ast.util.JoinProcessor - Using FROM fragment [public.routes_cdkid routescdki0_]
14:01:02.858 [main] DEBUG o.h.hql.antlr.HqlSqlBaseWalker - select &gt;&gt; end [level=1, statement=select]
14:01:02.858 [main] DEBUG org.hibernate.hql.ast.AST - --- SQL AST ---
 \-[SELECT] QueryNode: &apos;SELECT&apos;  querySpaces (public.routes_cdkid)
    +-[SELECT_CLAUSE] SelectClause: &apos;{select clause}&apos;
    |  +-[ALIAS_REF] IdentNode: &apos;routescdki0_.route_cdk_id as route1_3_&apos; {alias=r, className=net.lojika.gtfs.model.RoutesCdkid, tableAlias=routescdki0_}
    |  \-[SQL_TOKEN] SqlFragment: &apos;routescdki0_.route_id as route2_3_&apos;
    +-[FROM] FromClause: &apos;FROM&apos; FromClause{level=1, fromElementCounter=1, fromElements=1, fromElementByClassAlias=[r], fromElementByTableAlias=[routescdki0_], fromElementsByPath=[], collectionJoinFromElementsByPath=[], impliedElements=[]}
    |  \-[FROM_FRAGMENT] FromElement: &apos;public.routes_cdkid routescdki0_&apos; FromElement{explicit,not a collection join,not a fetch join,fetch non-lazy properties,classAlias=r,role=null,tableName=public.routes_cdkid,tableAlias=routescdki0_,origin=null,columns={,className=net.lojika.gtfs.model.RoutesCdkid}}
    \-[WHERE] SqlNode: &apos;WHERE&apos;
       \-[EQ] BinaryLogicOperatorNode: &apos;=&apos;
          +-[DOT] DotNode: &apos;routescdki0_.route_cdk_id&apos; {propertyName=routeCdkId,dereferenceType=ALL,propertyPath=routeCdkId,path=r.routeCdkId,tableAlias=routescdki0_,className=net.lojika.gtfs.model.RoutesCdkid,classAlias=r}
          |  +-[ALIAS_REF] IdentNode: &apos;routescdki0_.route_cdk_id&apos; {alias=r, className=net.lojika.gtfs.model.RoutesCdkid, tableAlias=routescdki0_}
          |  \-[IDENT] IdentNode: &apos;routeCdkId&apos; {originalText=routeCdkId}
          \-[NAMED_PARAM] ParameterNode: &apos;?&apos; {name=routeCdkId, expectedType=org.hibernate.type.StringType@48f02081}

14:01:02.858 [main] DEBUG org.hibernate.hql.ast.ErrorCounter - throwQueryException() : no errors
14:01:02.859 [main] DEBUG o.h.hql.ast.QueryTranslatorImpl - HQL: SELECT r FROM net.lojika.gtfs.model.RoutesCdkid r WHERE r.routeCdkId = :routeCdkId
14:01:02.859 [main] DEBUG o.h.hql.ast.QueryTranslatorImpl - SQL: select routescdki0_.route_cdk_id as route1_3_, routescdki0_.route_id as route2_3_ from public.routes_cdkid routescdki0_ where routescdki0_.route_cdk_id=?
14:01:02.859 [main] DEBUG org.hibernate.hql.ast.ErrorCounter - throwQueryException() : no errors
14:01:02.859 [main] DEBUG o.hibernate.impl.SessionFactoryImpl - Checking named query: Calendar.findByEndDate
14:01:02.860 [main] DEBUG o.h.hql.ast.QueryTranslatorImpl - parse() - HQL: SELECT c FROM net.lojika.gtfs.model.Calendar c WHERE c.endDate = :endDate
14:01:02.862 [main] DEBUG org.hibernate.hql.ast.AST - --- HQL AST ---
 \-[QUERY] Node: &apos;query&apos;
    +-[SELECT_FROM] Node: &apos;SELECT_FROM&apos;
    |  +-[FROM] Node: &apos;FROM&apos;
    |  |  \-[RANGE] Node: &apos;RANGE&apos;
    |  |     +-[DOT] Node: &apos;.&apos;
    |  |     |  +-[DOT] Node: &apos;.&apos;
    |  |     |  |  +-[DOT] Node: &apos;.&apos;
    |  |     |  |  |  +-[DOT] Node: &apos;.&apos;
    |  |     |  |  |  |  +-[IDENT] Node: &apos;net&apos;
    |  |     |  |  |  |  \-[IDENT] Node: &apos;lojika&apos;
    |  |     |  |  |  \-[IDENT] Node: &apos;gtfs&apos;
    |  |     |  |  \-[IDENT] Node: &apos;model&apos;
    |  |     |  \-[IDENT] Node: &apos;Calendar&apos;
    |  |     \-[ALIAS] Node: &apos;c&apos;
    |  \-[SELECT] Node: &apos;SELECT&apos;
    |     \-[IDENT] Node: &apos;c&apos;
    \-[WHERE] Node: &apos;WHERE&apos;
       \-[EQ] Node: &apos;=&apos;
          +-[DOT] Node: &apos;.&apos;
          |  +-[IDENT] Node: &apos;c&apos;
          |  \-[IDENT] Node: &apos;endDate&apos;
          \-[COLON] Node: &apos;:&apos;
             \-[IDENT] Node: &apos;endDate&apos;

14:01:02.862 [main] DEBUG org.hibernate.hql.ast.ErrorCounter - throwQueryException() : no errors
14:01:02.862 [main] DEBUG o.h.hql.antlr.HqlSqlBaseWalker - select &lt;&lt; begin [level=1, statement=select]
14:01:02.863 [main] DEBUG o.hibernate.hql.ast.tree.FromElement - FromClause{level=1} :  net.lojika.gtfs.model.Calendar (c) -&gt; calendar0_
14:01:02.863 [main] DEBUG o.h.hql.ast.tree.FromReferenceNode - Resolved :  c -&gt; calendar0_.service_id
14:01:02.864 [main] DEBUG o.h.hql.ast.tree.FromReferenceNode - Resolved :  c -&gt; calendar0_.service_id
14:01:02.864 [main] DEBUG org.hibernate.hql.ast.tree.DotNode - getDataType() : endDate -&gt; org.hibernate.type.StringType@48f02081
14:01:02.864 [main] DEBUG o.h.hql.ast.tree.FromReferenceNode - Resolved :  c.endDate -&gt; calendar0_.end_date
14:01:02.864 [main] DEBUG o.h.hql.antlr.HqlSqlBaseWalker - select : finishing up [level=1, statement=select]
14:01:02.864 [main] DEBUG org.hibernate.hql.ast.HqlSqlWalker - processQuery() :  ( SELECT ( {select clause} calendar0_.service_id ) ( FromClause{level=1} public.calendar calendar0_ ) ( WHERE ( = ( calendar0_.end_date calendar0_.service_id endDate ) ? ) ) )
14:01:02.864 [main] DEBUG o.h.hql.ast.util.JoinProcessor - Using FROM fragment [public.calendar calendar0_]
14:01:02.864 [main] DEBUG o.h.hql.antlr.HqlSqlBaseWalker - select &gt;&gt; end [level=1, statement=select]
14:01:02.865 [main] DEBUG org.hibernate.hql.ast.AST - --- SQL AST ---
 \-[SELECT] QueryNode: &apos;SELECT&apos;  querySpaces (public.calendar)
    +-[SELECT_CLAUSE] SelectClause: &apos;{select clause}&apos;
    |  +-[ALIAS_REF] IdentNode: &apos;calendar0_.service_id as service1_5_&apos; {alias=c, className=net.lojika.gtfs.model.Calendar, tableAlias=calendar0_}
    |  \-[SQL_TOKEN] SqlFragment: &apos;calendar0_.end_date as end2_5_, calendar0_.friday as friday5_, calendar0_.monday as monday5_, calendar0_.saturday as saturday5_, calendar0_.start_date as start6_5_, calendar0_.sunday as sunday5_, calendar0_.thursday as thursday5_, calendar0_.tuesday as tuesday5_, calendar0_.wednesday as wednesday5_&apos;
    +-[FROM] FromClause: &apos;FROM&apos; FromClause{level=1, fromElementCounter=1, fromElements=1, fromElementByClassAlias=[c], fromElementByTableAlias=[calendar0_], fromElementsByPath=[], collectionJoinFromElementsByPath=[], impliedElements=[]}
    |  \-[FROM_FRAGMENT] FromElement: &apos;public.calendar calendar0_&apos; FromElement{explicit,not a collection join,not a fetch join,fetch non-lazy properties,classAlias=c,role=null,tableName=public.calendar,tableAlias=calendar0_,origin=null,columns={,className=net.lojika.gtfs.model.Calendar}}
    \-[WHERE] SqlNode: &apos;WHERE&apos;
       \-[EQ] BinaryLogicOperatorNode: &apos;=&apos;
          +-[DOT] DotNode: &apos;calendar0_.end_date&apos; {propertyName=endDate,dereferenceType=ALL,propertyPath=endDate,path=c.endDate,tableAlias=calendar0_,className=net.lojika.gtfs.model.Calendar,classAlias=c}
          |  +-[ALIAS_REF] IdentNode: &apos;calendar0_.service_id&apos; {alias=c, className=net.lojika.gtfs.model.Calendar, tableAlias=calendar0_}
          |  \-[IDENT] IdentNode: &apos;endDate&apos; {originalText=endDate}
          \-[NAMED_PARAM] ParameterNode: &apos;?&apos; {name=endDate, expectedType=org.hibernate.type.StringType@48f02081}

14:01:02.865 [main] DEBUG org.hibernate.hql.ast.ErrorCounter - throwQueryException() : no errors
14:01:02.865 [main] DEBUG o.h.hql.ast.QueryTranslatorImpl - HQL: SELECT c FROM net.lojika.gtfs.model.Calendar c WHERE c.endDate = :endDate
14:01:02.865 [main] DEBUG o.h.hql.ast.QueryTranslatorImpl - SQL: select calendar0_.service_id as service1_5_, calendar0_.end_date as end2_5_, calendar0_.friday as friday5_, calendar0_.monday as monday5_, calendar0_.saturday as saturday5_, calendar0_.start_date as start6_5_, calendar0_.sunday as sunday5_, calendar0_.thursday as thursday5_, calendar0_.tuesday as tuesday5_, calendar0_.wednesday as wednesday5_ from public.calendar calendar0_ where calendar0_.end_date=?
14:01:02.865 [main] DEBUG org.hibernate.hql.ast.ErrorCounter - throwQueryException() : no errors
14:01:02.865 [main] DEBUG o.hibernate.impl.SessionFactoryImpl - Checking named query: TripLine.findAll
14:01:02.865 [main] DEBUG o.h.hql.ast.QueryTranslatorImpl - parse() - HQL: SELECT t FROM net.lojika.gtfs.model.TripLine t
14:01:02.866 [main] DEBUG org.hibernate.hql.ast.AST - --- HQL AST ---
 \-[QUERY] Node: &apos;query&apos;
    \-[SELECT_FROM] Node: &apos;SELECT_FROM&apos;
       +-[FROM] Node: &apos;FROM&apos;
       |  \-[RANGE] Node: &apos;RANGE&apos;
       |     +-[DOT] Node: &apos;.&apos;
       |     |  +-[DOT] Node: &apos;.&apos;
       |     |  |  +-[DOT] Node: &apos;.&apos;
       |     |  |  |  +-[DOT] Node: &apos;.&apos;
       |     |  |  |  |  +-[IDENT] Node: &apos;net&apos;
       |     |  |  |  |  \-[IDENT] Node: &apos;lojika&apos;
       |     |  |  |  \-[IDENT] Node: &apos;gtfs&apos;
       |     |  |  \-[IDENT] Node: &apos;model&apos;
       |     |  \-[IDENT] Node: &apos;TripLine&apos;
       |     \-[ALIAS] Node: &apos;t&apos;
       \-[SELECT] Node: &apos;SELECT&apos;
          \-[IDENT] Node: &apos;t&apos;

14:01:02.866 [main] DEBUG org.hibernate.hql.ast.ErrorCounter - throwQueryException() : no errors
14:01:02.866 [main] DEBUG o.h.hql.antlr.HqlSqlBaseWalker - select &lt;&lt; begin [level=1, statement=select]
14:01:02.866 [main] DEBUG o.hibernate.hql.ast.tree.FromElement - FromClause{level=1} :  net.lojika.gtfs.model.TripLine (t) -&gt; tripline0_
14:01:02.867 [main] DEBUG o.h.hql.ast.tree.FromReferenceNode - Resolved :  t -&gt; tripline0_.id
14:01:02.867 [main] DEBUG o.h.hql.antlr.HqlSqlBaseWalker - select : finishing up [level=1, statement=select]
14:01:02.867 [main] DEBUG org.hibernate.hql.ast.HqlSqlWalker - processQuery() :  ( SELECT ( {select clause} tripline0_.id ) ( FromClause{level=1} public.trip_line tripline0_ ) )
14:01:02.867 [main] DEBUG o.h.hql.ast.util.JoinProcessor - Using FROM fragment [public.trip_line tripline0_]
14:01:02.867 [main] DEBUG o.h.hql.antlr.HqlSqlBaseWalker - select &gt;&gt; end [level=1, statement=select]
14:01:02.867 [main] DEBUG org.hibernate.hql.ast.AST - --- SQL AST ---
 \-[SELECT] QueryNode: &apos;SELECT&apos;  querySpaces (public.trip_line)
    +-[SELECT_CLAUSE] SelectClause: &apos;{select clause}&apos;
    |  +-[ALIAS_REF] IdentNode: &apos;tripline0_.id as id1_&apos; {alias=t, className=net.lojika.gtfs.model.TripLine, tableAlias=tripline0_}
    |  \-[SQL_TOKEN] SqlFragment: &apos;tripline0_.line_cdk_id as line2_1_, tripline0_.trip_id as trip3_1_&apos;
    \-[FROM] FromClause: &apos;FROM&apos; FromClause{level=1, fromElementCounter=1, fromElements=1, fromElementByClassAlias=[t], fromElementByTableAlias=[tripline0_], fromElementsByPath=[], collectionJoinFromElementsByPath=[], impliedElements=[]}
       \-[FROM_FRAGMENT] FromElement: &apos;public.trip_line tripline0_&apos; FromElement{explicit,not a collection join,not a fetch join,fetch non-lazy properties,classAlias=t,role=null,tableName=public.trip_line,tableAlias=tripline0_,origin=null,columns={,className=net.lojika.gtfs.model.TripLine}}

14:01:02.867 [main] DEBUG org.hibernate.hql.ast.ErrorCounter - throwQueryException() : no errors
14:01:02.867 [main] DEBUG o.h.hql.ast.QueryTranslatorImpl - HQL: SELECT t FROM net.lojika.gtfs.model.TripLine t
14:01:02.867 [main] DEBUG o.h.hql.ast.QueryTranslatorImpl - SQL: select tripline0_.id as id1_, tripline0_.line_cdk_id as line2_1_, tripline0_.trip_id as trip3_1_ from public.trip_line tripline0_
14:01:02.867 [main] DEBUG org.hibernate.hql.ast.ErrorCounter - throwQueryException() : no errors
14:01:02.867 [main] DEBUG o.hibernate.impl.SessionFactoryImpl - Checking named query: Routes.findByRouteLongName
14:01:02.868 [main] DEBUG o.h.hql.ast.QueryTranslatorImpl - parse() - HQL: SELECT r FROM net.lojika.gtfs.model.Routes r WHERE r.routeLongName = :routeLongName
14:01:02.870 [main] DEBUG org.hibernate.hql.ast.AST - --- HQL AST ---
 \-[QUERY] Node: &apos;query&apos;
    +-[SELECT_FROM] Node: &apos;SELECT_FROM&apos;
    |  +-[FROM] Node: &apos;FROM&apos;
    |  |  \-[RANGE] Node: &apos;RANGE&apos;
    |  |     +-[DOT] Node: &apos;.&apos;
    |  |     |  +-[DOT] Node: &apos;.&apos;
    |  |     |  |  +-[DOT] Node: &apos;.&apos;
    |  |     |  |  |  +-[DOT] Node: &apos;.&apos;
    |  |     |  |  |  |  +-[IDENT] Node: &apos;net&apos;
    |  |     |  |  |  |  \-[IDENT] Node: &apos;lojika&apos;
    |  |     |  |  |  \-[IDENT] Node: &apos;gtfs&apos;
    |  |     |  |  \-[IDENT] Node: &apos;model&apos;
    |  |     |  \-[IDENT] Node: &apos;Routes&apos;
    |  |     \-[ALIAS] Node: &apos;r&apos;
    |  \-[SELECT] Node: &apos;SELECT&apos;
    |     \-[IDENT] Node: &apos;r&apos;
    \-[WHERE] Node: &apos;WHERE&apos;
       \-[EQ] Node: &apos;=&apos;
          +-[DOT] Node: &apos;.&apos;
          |  +-[IDENT] Node: &apos;r&apos;
          |  \-[IDENT] Node: &apos;routeLongName&apos;
          \-[COLON] Node: &apos;:&apos;
             \-[IDENT] Node: &apos;routeLongName&apos;

14:01:02.870 [main] DEBUG org.hibernate.hql.ast.ErrorCounter - throwQueryException() : no errors
14:01:02.870 [main] DEBUG o.h.hql.antlr.HqlSqlBaseWalker - select &lt;&lt; begin [level=1, statement=select]
14:01:02.870 [main] DEBUG o.hibernate.hql.ast.tree.FromElement - FromClause{level=1} :  net.lojika.gtfs.model.Routes (r) -&gt; routes0_
14:01:02.870 [main] DEBUG o.h.hql.ast.tree.FromReferenceNode - Resolved :  r -&gt; routes0_.route_id
14:01:02.870 [main] DEBUG o.h.hql.ast.tree.FromReferenceNode - Resolved :  r -&gt; routes0_.route_id
14:01:02.870 [main] DEBUG org.hibernate.hql.ast.tree.DotNode - getDataType() : routeLongName -&gt; org.hibernate.type.StringType@48f02081
14:01:02.870 [main] DEBUG o.h.hql.ast.tree.FromReferenceNode - Resolved :  r.routeLongName -&gt; routes0_.route_long_name
14:01:02.870 [main] DEBUG o.h.hql.antlr.HqlSqlBaseWalker - select : finishing up [level=1, statement=select]
14:01:02.871 [main] DEBUG org.hibernate.hql.ast.HqlSqlWalker - processQuery() :  ( SELECT ( {select clause} routes0_.route_id ) ( FromClause{level=1} public.routes routes0_ ) ( WHERE ( = ( routes0_.route_long_name routes0_.route_id routeLongName ) ? ) ) )
14:01:02.871 [main] DEBUG o.h.hql.ast.util.JoinProcessor - Using FROM fragment [public.routes routes0_]
14:01:02.871 [main] DEBUG o.h.hql.antlr.HqlSqlBaseWalker - select &gt;&gt; end [level=1, statement=select]
14:01:02.871 [main] DEBUG org.hibernate.hql.ast.AST - --- SQL AST ---
 \-[SELECT] QueryNode: &apos;SELECT&apos;  querySpaces (public.routes)
    +-[SELECT_CLAUSE] SelectClause: &apos;{select clause}&apos;
    |  +-[ALIAS_REF] IdentNode: &apos;routes0_.route_id as route1_2_&apos; {alias=r, className=net.lojika.gtfs.model.Routes, tableAlias=routes0_}
    |  \-[SQL_TOKEN] SqlFragment: &apos;routes0_.route_long_name as route2_2_, routes0_.route_short_name as route3_2_, routes0_.route_type as route4_2_&apos;
    +-[FROM] FromClause: &apos;FROM&apos; FromClause{level=1, fromElementCounter=1, fromElements=1, fromElementByClassAlias=[r], fromElementByTableAlias=[routes0_], fromElementsByPath=[], collectionJoinFromElementsByPath=[], impliedElements=[]}
    |  \-[FROM_FRAGMENT] FromElement: &apos;public.routes routes0_&apos; FromElement{explicit,not a collection join,not a fetch join,fetch non-lazy properties,classAlias=r,role=null,tableName=public.routes,tableAlias=routes0_,origin=null,columns={,className=net.lojika.gtfs.model.Routes}}
    \-[WHERE] SqlNode: &apos;WHERE&apos;
       \-[EQ] BinaryLogicOperatorNode: &apos;=&apos;
          +-[DOT] DotNode: &apos;routes0_.route_long_name&apos; {propertyName=routeLongName,dereferenceType=ALL,propertyPath=routeLongName,path=r.routeLongName,tableAlias=routes0_,className=net.lojika.gtfs.model.Routes,classAlias=r}
          |  +-[ALIAS_REF] IdentNode: &apos;routes0_.route_id&apos; {alias=r, className=net.lojika.gtfs.model.Routes, tableAlias=routes0_}
          |  \-[IDENT] IdentNode: &apos;routeLongName&apos; {originalText=routeLongName}
          \-[NAMED_PARAM] ParameterNode: &apos;?&apos; {name=routeLongName, expectedType=org.hibernate.type.StringType@48f02081}

14:01:02.871 [main] DEBUG org.hibernate.hql.ast.ErrorCounter - throwQueryException() : no errors
14:01:02.871 [main] DEBUG o.h.hql.ast.QueryTranslatorImpl - HQL: SELECT r FROM net.lojika.gtfs.model.Routes r WHERE r.routeLongName = :routeLongName
14:01:02.871 [main] DEBUG o.h.hql.ast.QueryTranslatorImpl - SQL: select routes0_.route_id as route1_2_, routes0_.route_long_name as route2_2_, routes0_.route_short_name as route3_2_, routes0_.route_type as route4_2_ from public.routes routes0_ where routes0_.route_long_name=?
14:01:02.871 [main] DEBUG org.hibernate.hql.ast.ErrorCounter - throwQueryException() : no errors
14:01:02.872 [main] DEBUG o.hibernate.impl.SessionFactoryImpl - Checking named query: Routes.findByRouteId
14:01:02.872 [main] DEBUG o.h.hql.ast.QueryTranslatorImpl - parse() - HQL: SELECT r FROM net.lojika.gtfs.model.Routes r WHERE r.routeId = :routeId
14:01:02.873 [main] DEBUG org.hibernate.hql.ast.AST - --- HQL AST ---
 \-[QUERY] Node: &apos;query&apos;
    +-[SELECT_FROM] Node: &apos;SELECT_FROM&apos;
    |  +-[FROM] Node: &apos;FROM&apos;
    |  |  \-[RANGE] Node: &apos;RANGE&apos;
    |  |     +-[DOT] Node: &apos;.&apos;
    |  |     |  +-[DOT] Node: &apos;.&apos;
    |  |     |  |  +-[DOT] Node: &apos;.&apos;
    |  |     |  |  |  +-[DOT] Node: &apos;.&apos;
    |  |     |  |  |  |  +-[IDENT] Node: &apos;net&apos;
    |  |     |  |  |  |  \-[IDENT] Node: &apos;lojika&apos;
    |  |     |  |  |  \-[IDENT] Node: &apos;gtfs&apos;
    |  |     |  |  \-[IDENT] Node: &apos;model&apos;
    |  |     |  \-[IDENT] Node: &apos;Routes&apos;
    |  |     \-[ALIAS] Node: &apos;r&apos;
    |  \-[SELECT] Node: &apos;SELECT&apos;
    |     \-[IDENT] Node: &apos;r&apos;
    \-[WHERE] Node: &apos;WHERE&apos;
       \-[EQ] Node: &apos;=&apos;
          +-[DOT] Node: &apos;.&apos;
          |  +-[IDENT] Node: &apos;r&apos;
          |  \-[IDENT] Node: &apos;routeId&apos;
          \-[COLON] Node: &apos;:&apos;
             \-[IDENT] Node: &apos;routeId&apos;

14:01:02.873 [main] DEBUG org.hibernate.hql.ast.ErrorCounter - throwQueryException() : no errors
14:01:02.874 [main] DEBUG o.h.hql.antlr.HqlSqlBaseWalker - select &lt;&lt; begin [level=1, statement=select]
14:01:02.874 [main] DEBUG o.hibernate.hql.ast.tree.FromElement - FromClause{level=1} :  net.lojika.gtfs.model.Routes (r) -&gt; routes0_
14:01:02.874 [main] DEBUG o.h.hql.ast.tree.FromReferenceNode - Resolved :  r -&gt; routes0_.route_id
14:01:02.874 [main] DEBUG o.h.hql.ast.tree.FromReferenceNode - Resolved :  r -&gt; routes0_.route_id
14:01:02.874 [main] DEBUG org.hibernate.hql.ast.tree.DotNode - getDataType() : routeId -&gt; org.hibernate.type.StringType@48f02081
14:01:02.874 [main] DEBUG o.h.hql.ast.tree.FromReferenceNode - Resolved :  r.routeId -&gt; routes0_.route_id
14:01:02.874 [main] DEBUG o.h.hql.antlr.HqlSqlBaseWalker - select : finishing up [level=1, statement=select]
14:01:02.874 [main] DEBUG org.hibernate.hql.ast.HqlSqlWalker - processQuery() :  ( SELECT ( {select clause} routes0_.route_id ) ( FromClause{level=1} public.routes routes0_ ) ( WHERE ( = ( routes0_.route_id routes0_.route_id routeId ) ? ) ) )
14:01:02.874 [main] DEBUG o.h.hql.ast.util.JoinProcessor - Using FROM fragment [public.routes routes0_]
14:01:02.874 [main] DEBUG o.h.hql.antlr.HqlSqlBaseWalker - select &gt;&gt; end [level=1, statement=select]
14:01:02.875 [main] DEBUG org.hibernate.hql.ast.AST - --- SQL AST ---
 \-[SELECT] QueryNode: &apos;SELECT&apos;  querySpaces (public.routes)
    +-[SELECT_CLAUSE] SelectClause: &apos;{select clause}&apos;
    |  +-[ALIAS_REF] IdentNode: &apos;routes0_.route_id as route1_2_&apos; {alias=r, className=net.lojika.gtfs.model.Routes, tableAlias=routes0_}
    |  \-[SQL_TOKEN] SqlFragment: &apos;routes0_.route_long_name as route2_2_, routes0_.route_short_name as route3_2_, routes0_.route_type as route4_2_&apos;
    +-[FROM] FromClause: &apos;FROM&apos; FromClause{level=1, fromElementCounter=1, fromElements=1, fromElementByClassAlias=[r], fromElementByTableAlias=[routes0_], fromElementsByPath=[], collectionJoinFromElementsByPath=[], impliedElements=[]}
    |  \-[FROM_FRAGMENT] FromElement: &apos;public.routes routes0_&apos; FromElement{explicit,not a collection join,not a fetch join,fetch non-lazy properties,classAlias=r,role=null,tableName=public.routes,tableAlias=routes0_,origin=null,columns={,className=net.lojika.gtfs.model.Routes}}
    \-[WHERE] SqlNode: &apos;WHERE&apos;
       \-[EQ] BinaryLogicOperatorNode: &apos;=&apos;
          +-[DOT] DotNode: &apos;routes0_.route_id&apos; {propertyName=routeId,dereferenceType=ALL,propertyPath=routeId,path=r.routeId,tableAlias=routes0_,className=net.lojika.gtfs.model.Routes,classAlias=r}
          |  +-[ALIAS_REF] IdentNode: &apos;routes0_.route_id&apos; {alias=r, className=net.lojika.gtfs.model.Routes, tableAlias=routes0_}
          |  \-[IDENT] IdentNode: &apos;routeId&apos; {originalText=routeId}
          \-[NAMED_PARAM] ParameterNode: &apos;?&apos; {name=routeId, expectedType=org.hibernate.type.StringType@48f02081}

14:01:02.875 [main] DEBUG org.hibernate.hql.ast.ErrorCounter - throwQueryException() : no errors
14:01:02.875 [main] DEBUG o.h.hql.ast.QueryTranslatorImpl - HQL: SELECT r FROM net.lojika.gtfs.model.Routes r WHERE r.routeId = :routeId
14:01:02.875 [main] DEBUG o.h.hql.ast.QueryTranslatorImpl - SQL: select routes0_.route_id as route1_2_, routes0_.route_long_name as route2_2_, routes0_.route_short_name as route3_2_, routes0_.route_type as route4_2_ from public.routes routes0_ where routes0_.route_id=?
14:01:02.875 [main] DEBUG org.hibernate.hql.ast.ErrorCounter - throwQueryException() : no errors
14:01:02.875 [main] DEBUG o.hibernate.impl.SessionFactoryImpl - Checking named query: Calendar.findByFriday
14:01:02.875 [main] DEBUG o.h.hql.ast.QueryTranslatorImpl - parse() - HQL: SELECT c FROM net.lojika.gtfs.model.Calendar c WHERE c.friday = :friday
14:01:02.877 [main] DEBUG org.hibernate.hql.ast.AST - --- HQL AST ---
 \-[QUERY] Node: &apos;query&apos;
    +-[SELECT_FROM] Node: &apos;SELECT_FROM&apos;
    |  +-[FROM] Node: &apos;FROM&apos;
    |  |  \-[RANGE] Node: &apos;RANGE&apos;
    |  |     +-[DOT] Node: &apos;.&apos;
    |  |     |  +-[DOT] Node: &apos;.&apos;
    |  |     |  |  +-[DOT] Node: &apos;.&apos;
    |  |     |  |  |  +-[DOT] Node: &apos;.&apos;
    |  |     |  |  |  |  +-[IDENT] Node: &apos;net&apos;
    |  |     |  |  |  |  \-[IDENT] Node: &apos;lojika&apos;
    |  |     |  |  |  \-[IDENT] Node: &apos;gtfs&apos;
    |  |     |  |  \-[IDENT] Node: &apos;model&apos;
    |  |     |  \-[IDENT] Node: &apos;Calendar&apos;
    |  |     \-[ALIAS] Node: &apos;c&apos;
    |  \-[SELECT] Node: &apos;SELECT&apos;
    |     \-[IDENT] Node: &apos;c&apos;
    \-[WHERE] Node: &apos;WHERE&apos;
       \-[EQ] Node: &apos;=&apos;
          +-[DOT] Node: &apos;.&apos;
          |  +-[IDENT] Node: &apos;c&apos;
          |  \-[IDENT] Node: &apos;friday&apos;
          \-[COLON] Node: &apos;:&apos;
             \-[IDENT] Node: &apos;friday&apos;

14:01:02.877 [main] DEBUG org.hibernate.hql.ast.ErrorCounter - throwQueryException() : no errors
14:01:02.877 [main] DEBUG o.h.hql.antlr.HqlSqlBaseWalker - select &lt;&lt; begin [level=1, statement=select]
14:01:02.877 [main] DEBUG o.hibernate.hql.ast.tree.FromElement - FromClause{level=1} :  net.lojika.gtfs.model.Calendar (c) -&gt; calendar0_
14:01:02.878 [main] DEBUG o.h.hql.ast.tree.FromReferenceNode - Resolved :  c -&gt; calendar0_.service_id
14:01:02.878 [main] DEBUG o.h.hql.ast.tree.FromReferenceNode - Resolved :  c -&gt; calendar0_.service_id
14:01:02.878 [main] DEBUG org.hibernate.hql.ast.tree.DotNode - getDataType() : friday -&gt; org.hibernate.type.StringType@48f02081
14:01:02.878 [main] DEBUG o.h.hql.ast.tree.FromReferenceNode - Resolved :  c.friday -&gt; calendar0_.friday
14:01:02.878 [main] DEBUG o.h.hql.antlr.HqlSqlBaseWalker - select : finishing up [level=1, statement=select]
14:01:02.878 [main] DEBUG org.hibernate.hql.ast.HqlSqlWalker - processQuery() :  ( SELECT ( {select clause} calendar0_.service_id ) ( FromClause{level=1} public.calendar calendar0_ ) ( WHERE ( = ( calendar0_.friday calendar0_.service_id friday ) ? ) ) )
14:01:02.878 [main] DEBUG o.h.hql.ast.util.JoinProcessor - Using FROM fragment [public.calendar calendar0_]
14:01:02.878 [main] DEBUG o.h.hql.antlr.HqlSqlBaseWalker - select &gt;&gt; end [level=1, statement=select]
14:01:02.878 [main] DEBUG org.hibernate.hql.ast.AST - --- SQL AST ---
 \-[SELECT] QueryNode: &apos;SELECT&apos;  querySpaces (public.calendar)
    +-[SELECT_CLAUSE] SelectClause: &apos;{select clause}&apos;
    |  +-[ALIAS_REF] IdentNode: &apos;calendar0_.service_id as service1_5_&apos; {alias=c, className=net.lojika.gtfs.model.Calendar, tableAlias=calendar0_}
    |  \-[SQL_TOKEN] SqlFragment: &apos;calendar0_.end_date as end2_5_, calendar0_.friday as friday5_, calendar0_.monday as monday5_, calendar0_.saturday as saturday5_, calendar0_.start_date as start6_5_, calendar0_.sunday as sunday5_, calendar0_.thursday as thursday5_, calendar0_.tuesday as tuesday5_, calendar0_.wednesday as wednesday5_&apos;
    +-[FROM] FromClause: &apos;FROM&apos; FromClause{level=1, fromElementCounter=1, fromElements=1, fromElementByClassAlias=[c], fromElementByTableAlias=[calendar0_], fromElementsByPath=[], collectionJoinFromElementsByPath=[], impliedElements=[]}
    |  \-[FROM_FRAGMENT] FromElement: &apos;public.calendar calendar0_&apos; FromElement{explicit,not a collection join,not a fetch join,fetch non-lazy properties,classAlias=c,role=null,tableName=public.calendar,tableAlias=calendar0_,origin=null,columns={,className=net.lojika.gtfs.model.Calendar}}
    \-[WHERE] SqlNode: &apos;WHERE&apos;
       \-[EQ] BinaryLogicOperatorNode: &apos;=&apos;
          +-[DOT] DotNode: &apos;calendar0_.friday&apos; {propertyName=friday,dereferenceType=ALL,propertyPath=friday,path=c.friday,tableAlias=calendar0_,className=net.lojika.gtfs.model.Calendar,classAlias=c}
          |  +-[ALIAS_REF] IdentNode: &apos;calendar0_.service_id&apos; {alias=c, className=net.lojika.gtfs.model.Calendar, tableAlias=calendar0_}
          |  \-[IDENT] IdentNode: &apos;friday&apos; {originalText=friday}
          \-[NAMED_PARAM] ParameterNode: &apos;?&apos; {name=friday, expectedType=org.hibernate.type.StringType@48f02081}

14:01:02.879 [main] DEBUG org.hibernate.hql.ast.ErrorCounter - throwQueryException() : no errors
14:01:02.879 [main] DEBUG o.h.hql.ast.QueryTranslatorImpl - HQL: SELECT c FROM net.lojika.gtfs.model.Calendar c WHERE c.friday = :friday
14:01:02.879 [main] DEBUG o.h.hql.ast.QueryTranslatorImpl - SQL: select calendar0_.service_id as service1_5_, calendar0_.end_date as end2_5_, calendar0_.friday as friday5_, calendar0_.monday as monday5_, calendar0_.saturday as saturday5_, calendar0_.start_date as start6_5_, calendar0_.sunday as sunday5_, calendar0_.thursday as thursday5_, calendar0_.tuesday as tuesday5_, calendar0_.wednesday as wednesday5_ from public.calendar calendar0_ where calendar0_.friday=?
14:01:02.879 [main] DEBUG org.hibernate.hql.ast.ErrorCounter - throwQueryException() : no errors
14:01:02.879 [main] DEBUG o.hibernate.impl.SessionFactoryImpl - Checking named query: Calendar.findAll
14:01:02.879 [main] DEBUG o.h.hql.ast.QueryTranslatorImpl - parse() - HQL: SELECT c FROM net.lojika.gtfs.model.Calendar c
14:01:02.880 [main] DEBUG org.hibernate.hql.ast.AST - --- HQL AST ---
 \-[QUERY] Node: &apos;query&apos;
    \-[SELECT_FROM] Node: &apos;SELECT_FROM&apos;
       +-[FROM] Node: &apos;FROM&apos;
       |  \-[RANGE] Node: &apos;RANGE&apos;
       |     +-[DOT] Node: &apos;.&apos;
       |     |  +-[DOT] Node: &apos;.&apos;
       |     |  |  +-[DOT] Node: &apos;.&apos;
       |     |  |  |  +-[DOT] Node: &apos;.&apos;
       |     |  |  |  |  +-[IDENT] Node: &apos;net&apos;
       |     |  |  |  |  \-[IDENT] Node: &apos;lojika&apos;
       |     |  |  |  \-[IDENT] Node: &apos;gtfs&apos;
       |     |  |  \-[IDENT] Node: &apos;model&apos;
       |     |  \-[IDENT] Node: &apos;Calendar&apos;
       |     \-[ALIAS] Node: &apos;c&apos;
       \-[SELECT] Node: &apos;SELECT&apos;
          \-[IDENT] Node: &apos;c&apos;

14:01:02.880 [main] DEBUG org.hibernate.hql.ast.ErrorCounter - throwQueryException() : no errors
14:01:02.881 [main] DEBUG o.h.hql.antlr.HqlSqlBaseWalker - select &lt;&lt; begin [level=1, statement=select]
14:01:02.881 [main] DEBUG o.hibernate.hql.ast.tree.FromElement - FromClause{level=1} :  net.lojika.gtfs.model.Calendar (c) -&gt; calendar0_
14:01:02.881 [main] DEBUG o.h.hql.ast.tree.FromReferenceNode - Resolved :  c -&gt; calendar0_.service_id
14:01:02.881 [main] DEBUG o.h.hql.antlr.HqlSqlBaseWalker - select : finishing up [level=1, statement=select]
14:01:02.881 [main] DEBUG org.hibernate.hql.ast.HqlSqlWalker - processQuery() :  ( SELECT ( {select clause} calendar0_.service_id ) ( FromClause{level=1} public.calendar calendar0_ ) )
14:01:02.881 [main] DEBUG o.h.hql.ast.util.JoinProcessor - Using FROM fragment [public.calendar calendar0_]
14:01:02.881 [main] DEBUG o.h.hql.antlr.HqlSqlBaseWalker - select &gt;&gt; end [level=1, statement=select]
14:01:02.881 [main] DEBUG org.hibernate.hql.ast.AST - --- SQL AST ---
 \-[SELECT] QueryNode: &apos;SELECT&apos;  querySpaces (public.calendar)
    +-[SELECT_CLAUSE] SelectClause: &apos;{select clause}&apos;
    |  +-[ALIAS_REF] IdentNode: &apos;calendar0_.service_id as service1_5_&apos; {alias=c, className=net.lojika.gtfs.model.Calendar, tableAlias=calendar0_}
    |  \-[SQL_TOKEN] SqlFragment: &apos;calendar0_.end_date as end2_5_, calendar0_.friday as friday5_, calendar0_.monday as monday5_, calendar0_.saturday as saturday5_, calendar0_.start_date as start6_5_, calendar0_.sunday as sunday5_, calendar0_.thursday as thursday5_, calendar0_.tuesday as tuesday5_, calendar0_.wednesday as wednesday5_&apos;
    \-[FROM] FromClause: &apos;FROM&apos; FromClause{level=1, fromElementCounter=1, fromElements=1, fromElementByClassAlias=[c], fromElementByTableAlias=[calendar0_], fromElementsByPath=[], collectionJoinFromElementsByPath=[], impliedElements=[]}
       \-[FROM_FRAGMENT] FromElement: &apos;public.calendar calendar0_&apos; FromElement{explicit,not a collection join,not a fetch join,fetch non-lazy properties,classAlias=c,role=null,tableName=public.calendar,tableAlias=calendar0_,origin=null,columns={,className=net.lojika.gtfs.model.Calendar}}

14:01:02.882 [main] DEBUG org.hibernate.hql.ast.ErrorCounter - throwQueryException() : no errors
14:01:02.882 [main] DEBUG o.h.hql.ast.QueryTranslatorImpl - HQL: SELECT c FROM net.lojika.gtfs.model.Calendar c
14:01:02.882 [main] DEBUG o.h.hql.ast.QueryTranslatorImpl - SQL: select calendar0_.service_id as service1_5_, calendar0_.end_date as end2_5_, calendar0_.friday as friday5_, calendar0_.monday as monday5_, calendar0_.saturday as saturday5_, calendar0_.start_date as start6_5_, calendar0_.sunday as sunday5_, calendar0_.thursday as thursday5_, calendar0_.tuesday as tuesday5_, calendar0_.wednesday as wednesday5_ from public.calendar calendar0_
14:01:02.882 [main] DEBUG org.hibernate.hql.ast.ErrorCounter - throwQueryException() : no errors
14:01:02.882 [main] DEBUG o.hibernate.impl.SessionFactoryImpl - Checking named query: Stops.findAll
14:01:02.882 [main] DEBUG o.h.hql.ast.QueryTranslatorImpl - parse() - HQL: SELECT s FROM net.lojika.gtfs.model.Stops s
14:01:02.883 [main] DEBUG org.hibernate.hql.ast.AST - --- HQL AST ---
 \-[QUERY] Node: &apos;query&apos;
    \-[SELECT_FROM] Node: &apos;SELECT_FROM&apos;
       +-[FROM] Node: &apos;FROM&apos;
       |  \-[RANGE] Node: &apos;RANGE&apos;
       |     +-[DOT] Node: &apos;.&apos;
       |     |  +-[DOT] Node: &apos;.&apos;
       |     |  |  +-[DOT] Node: &apos;.&apos;
       |     |  |  |  +-[DOT] Node: &apos;.&apos;
       |     |  |  |  |  +-[IDENT] Node: &apos;net&apos;
       |     |  |  |  |  \-[IDENT] Node: &apos;lojika&apos;
       |     |  |  |  \-[IDENT] Node: &apos;gtfs&apos;
       |     |  |  \-[IDENT] Node: &apos;model&apos;
       |     |  \-[IDENT] Node: &apos;Stops&apos;
       |     \-[ALIAS] Node: &apos;s&apos;
       \-[SELECT] Node: &apos;SELECT&apos;
          \-[IDENT] Node: &apos;s&apos;

14:01:02.884 [main] DEBUG org.hibernate.hql.ast.ErrorCounter - throwQueryException() : no errors
14:01:02.884 [main] DEBUG o.h.hql.antlr.HqlSqlBaseWalker - select &lt;&lt; begin [level=1, statement=select]
14:01:02.884 [main] DEBUG o.hibernate.hql.ast.tree.FromElement - FromClause{level=1} :  net.lojika.gtfs.model.Stops (s) -&gt; stops0_
14:01:02.884 [main] DEBUG o.h.hql.ast.tree.FromReferenceNode - Resolved :  s -&gt; stops0_.stop_id
14:01:02.885 [main] DEBUG o.h.hql.antlr.HqlSqlBaseWalker - select : finishing up [level=1, statement=select]
14:01:02.885 [main] DEBUG org.hibernate.hql.ast.HqlSqlWalker - processQuery() :  ( SELECT ( {select clause} stops0_.stop_id ) ( FromClause{level=1} public.stops stops0_ ) )
14:01:02.885 [main] DEBUG o.h.hql.ast.util.JoinProcessor - Using FROM fragment [public.stops stops0_]
14:01:02.885 [main] DEBUG o.h.hql.antlr.HqlSqlBaseWalker - select &gt;&gt; end [level=1, statement=select]
14:01:02.885 [main] DEBUG org.hibernate.hql.ast.AST - --- SQL AST ---
 \-[SELECT] QueryNode: &apos;SELECT&apos;  querySpaces (public.stops)
    +-[SELECT_CLAUSE] SelectClause: &apos;{select clause}&apos;
    |  +-[ALIAS_REF] IdentNode: &apos;stops0_.stop_id as stop1_6_&apos; {alias=s, className=net.lojika.gtfs.model.Stops, tableAlias=stops0_}
    |  \-[SQL_TOKEN] SqlFragment: &apos;stops0_.stop_lat as stop2_6_, stops0_.stop_lon as stop3_6_, stops0_.stop_name as stop4_6_&apos;
    \-[FROM] FromClause: &apos;FROM&apos; FromClause{level=1, fromElementCounter=1, fromElements=1, fromElementByClassAlias=[s], fromElementByTableAlias=[stops0_], fromElementsByPath=[], collectionJoinFromElementsByPath=[], impliedElements=[]}
       \-[FROM_FRAGMENT] FromElement: &apos;public.stops stops0_&apos; FromElement{explicit,not a collection join,not a fetch join,fetch non-lazy properties,classAlias=s,role=null,tableName=public.stops,tableAlias=stops0_,origin=null,columns={,className=net.lojika.gtfs.model.Stops}}

14:01:02.885 [main] DEBUG org.hibernate.hql.ast.ErrorCounter - throwQueryException() : no errors
14:01:02.886 [main] DEBUG o.h.hql.ast.QueryTranslatorImpl - HQL: SELECT s FROM net.lojika.gtfs.model.Stops s
14:01:02.886 [main] DEBUG o.h.hql.ast.QueryTranslatorImpl - SQL: select stops0_.stop_id as stop1_6_, stops0_.stop_lat as stop2_6_, stops0_.stop_lon as stop3_6_, stops0_.stop_name as stop4_6_ from public.stops stops0_
14:01:02.886 [main] DEBUG org.hibernate.hql.ast.ErrorCounter - throwQueryException() : no errors
14:01:02.886 [main] DEBUG o.hibernate.impl.SessionFactoryImpl - Checking named query: Calendar.findByStartDate
14:01:02.886 [main] DEBUG o.h.hql.ast.QueryTranslatorImpl - parse() - HQL: SELECT c FROM net.lojika.gtfs.model.Calendar c WHERE c.startDate = :startDate
14:01:02.887 [main] DEBUG org.hibernate.hql.ast.AST - --- HQL AST ---
 \-[QUERY] Node: &apos;query&apos;
    +-[SELECT_FROM] Node: &apos;SELECT_FROM&apos;
    |  +-[FROM] Node: &apos;FROM&apos;
    |  |  \-[RANGE] Node: &apos;RANGE&apos;
    |  |     +-[DOT] Node: &apos;.&apos;
    |  |     |  +-[DOT] Node: &apos;.&apos;
    |  |     |  |  +-[DOT] Node: &apos;.&apos;
    |  |     |  |  |  +-[DOT] Node: &apos;.&apos;
    |  |     |  |  |  |  +-[IDENT] Node: &apos;net&apos;
    |  |     |  |  |  |  \-[IDENT] Node: &apos;lojika&apos;
    |  |     |  |  |  \-[IDENT] Node: &apos;gtfs&apos;
    |  |     |  |  \-[IDENT] Node: &apos;model&apos;
    |  |     |  \-[IDENT] Node: &apos;Calendar&apos;
    |  |     \-[ALIAS] Node: &apos;c&apos;
    |  \-[SELECT] Node: &apos;SELECT&apos;
    |     \-[IDENT] Node: &apos;c&apos;
    \-[WHERE] Node: &apos;WHERE&apos;
       \-[EQ] Node: &apos;=&apos;
          +-[DOT] Node: &apos;.&apos;
          |  +-[IDENT] Node: &apos;c&apos;
          |  \-[IDENT] Node: &apos;startDate&apos;
          \-[COLON] Node: &apos;:&apos;
             \-[IDENT] Node: &apos;startDate&apos;

14:01:02.888 [main] DEBUG org.hibernate.hql.ast.ErrorCounter - throwQueryException() : no errors
14:01:02.888 [main] DEBUG o.h.hql.antlr.HqlSqlBaseWalker - select &lt;&lt; begin [level=1, statement=select]
14:01:02.888 [main] DEBUG o.hibernate.hql.ast.tree.FromElement - FromClause{level=1} :  net.lojika.gtfs.model.Calendar (c) -&gt; calendar0_
14:01:02.888 [main] DEBUG o.h.hql.ast.tree.FromReferenceNode - Resolved :  c -&gt; calendar0_.service_id
14:01:02.888 [main] DEBUG o.h.hql.ast.tree.FromReferenceNode - Resolved :  c -&gt; calendar0_.service_id
14:01:02.888 [main] DEBUG org.hibernate.hql.ast.tree.DotNode - getDataType() : startDate -&gt; org.hibernate.type.StringType@48f02081
14:01:02.888 [main] DEBUG o.h.hql.ast.tree.FromReferenceNode - Resolved :  c.startDate -&gt; calendar0_.start_date
14:01:02.889 [main] DEBUG o.h.hql.antlr.HqlSqlBaseWalker - select : finishing up [level=1, statement=select]
14:01:02.889 [main] DEBUG org.hibernate.hql.ast.HqlSqlWalker - processQuery() :  ( SELECT ( {select clause} calendar0_.service_id ) ( FromClause{level=1} public.calendar calendar0_ ) ( WHERE ( = ( calendar0_.start_date calendar0_.service_id startDate ) ? ) ) )
14:01:02.889 [main] DEBUG o.h.hql.ast.util.JoinProcessor - Using FROM fragment [public.calendar calendar0_]
14:01:02.889 [main] DEBUG o.h.hql.antlr.HqlSqlBaseWalker - select &gt;&gt; end [level=1, statement=select]
14:01:02.889 [main] DEBUG org.hibernate.hql.ast.AST - --- SQL AST ---
 \-[SELECT] QueryNode: &apos;SELECT&apos;  querySpaces (public.calendar)
    +-[SELECT_CLAUSE] SelectClause: &apos;{select clause}&apos;
    |  +-[ALIAS_REF] IdentNode: &apos;calendar0_.service_id as service1_5_&apos; {alias=c, className=net.lojika.gtfs.model.Calendar, tableAlias=calendar0_}
    |  \-[SQL_TOKEN] SqlFragment: &apos;calendar0_.end_date as end2_5_, calendar0_.friday as friday5_, calendar0_.monday as monday5_, calendar0_.saturday as saturday5_, calendar0_.start_date as start6_5_, calendar0_.sunday as sunday5_, calendar0_.thursday as thursday5_, calendar0_.tuesday as tuesday5_, calendar0_.wednesday as wednesday5_&apos;
    +-[FROM] FromClause: &apos;FROM&apos; FromClause{level=1, fromElementCounter=1, fromElements=1, fromElementByClassAlias=[c], fromElementByTableAlias=[calendar0_], fromElementsByPath=[], collectionJoinFromElementsByPath=[], impliedElements=[]}
    |  \-[FROM_FRAGMENT] FromElement: &apos;public.calendar calendar0_&apos; FromElement{explicit,not a collection join,not a fetch join,fetch non-lazy properties,classAlias=c,role=null,tableName=public.calendar,tableAlias=calendar0_,origin=null,columns={,className=net.lojika.gtfs.model.Calendar}}
    \-[WHERE] SqlNode: &apos;WHERE&apos;
       \-[EQ] BinaryLogicOperatorNode: &apos;=&apos;
          +-[DOT] DotNode: &apos;calendar0_.start_date&apos; {propertyName=startDate,dereferenceType=ALL,propertyPath=startDate,path=c.startDate,tableAlias=calendar0_,className=net.lojika.gtfs.model.Calendar,classAlias=c}
          |  +-[ALIAS_REF] IdentNode: &apos;calendar0_.service_id&apos; {alias=c, className=net.lojika.gtfs.model.Calendar, tableAlias=calendar0_}
          |  \-[IDENT] IdentNode: &apos;startDate&apos; {originalText=startDate}
          \-[NAMED_PARAM] ParameterNode: &apos;?&apos; {name=startDate, expectedType=org.hibernate.type.StringType@48f02081}

14:01:02.889 [main] DEBUG org.hibernate.hql.ast.ErrorCounter - throwQueryException() : no errors
14:01:02.889 [main] DEBUG o.h.hql.ast.QueryTranslatorImpl - HQL: SELECT c FROM net.lojika.gtfs.model.Calendar c WHERE c.startDate = :startDate
14:01:02.889 [main] DEBUG o.h.hql.ast.QueryTranslatorImpl - SQL: select calendar0_.service_id as service1_5_, calendar0_.end_date as end2_5_, calendar0_.friday as friday5_, calendar0_.monday as monday5_, calendar0_.saturday as saturday5_, calendar0_.start_date as start6_5_, calendar0_.sunday as sunday5_, calendar0_.thursday as thursday5_, calendar0_.tuesday as tuesday5_, calendar0_.wednesday as wednesday5_ from public.calendar calendar0_ where calendar0_.start_date=?
14:01:02.889 [main] DEBUG org.hibernate.hql.ast.ErrorCounter - throwQueryException() : no errors
14:01:02.890 [main] DEBUG o.hibernate.impl.SessionFactoryImpl - Checking named query: StopTimes.findByArrivalTime
14:01:02.890 [main] DEBUG o.h.hql.ast.QueryTranslatorImpl - parse() - HQL: SELECT s FROM net.lojika.gtfs.model.StopTimes s WHERE s.arrivalTime = :arrivalTime
14:01:02.891 [main] DEBUG org.hibernate.hql.ast.AST - --- HQL AST ---
 \-[QUERY] Node: &apos;query&apos;
    +-[SELECT_FROM] Node: &apos;SELECT_FROM&apos;
    |  +-[FROM] Node: &apos;FROM&apos;
    |  |  \-[RANGE] Node: &apos;RANGE&apos;
    |  |     +-[DOT] Node: &apos;.&apos;
    |  |     |  +-[DOT] Node: &apos;.&apos;
    |  |     |  |  +-[DOT] Node: &apos;.&apos;
    |  |     |  |  |  +-[DOT] Node: &apos;.&apos;
    |  |     |  |  |  |  +-[IDENT] Node: &apos;net&apos;
    |  |     |  |  |  |  \-[IDENT] Node: &apos;lojika&apos;
    |  |     |  |  |  \-[IDENT] Node: &apos;gtfs&apos;
    |  |     |  |  \-[IDENT] Node: &apos;model&apos;
    |  |     |  \-[IDENT] Node: &apos;StopTimes&apos;
    |  |     \-[ALIAS] Node: &apos;s&apos;
    |  \-[SELECT] Node: &apos;SELECT&apos;
    |     \-[IDENT] Node: &apos;s&apos;
    \-[WHERE] Node: &apos;WHERE&apos;
       \-[EQ] Node: &apos;=&apos;
          +-[DOT] Node: &apos;.&apos;
          |  +-[IDENT] Node: &apos;s&apos;
          |  \-[IDENT] Node: &apos;arrivalTime&apos;
          \-[COLON] Node: &apos;:&apos;
             \-[IDENT] Node: &apos;arrivalTime&apos;

14:01:02.891 [main] DEBUG org.hibernate.hql.ast.ErrorCounter - throwQueryException() : no errors
14:01:02.891 [main] DEBUG o.h.hql.antlr.HqlSqlBaseWalker - select &lt;&lt; begin [level=1, statement=select]
14:01:02.891 [main] DEBUG o.hibernate.hql.ast.tree.FromElement - FromClause{level=1} :  net.lojika.gtfs.model.StopTimes (s) -&gt; stoptimes0_
14:01:02.891 [main] DEBUG o.h.hql.ast.tree.FromReferenceNode - Resolved :  s -&gt; stoptimes0_.id
14:01:02.892 [main] DEBUG o.h.hql.ast.tree.FromReferenceNode - Resolved :  s -&gt; stoptimes0_.id
14:01:02.892 [main] DEBUG org.hibernate.hql.ast.tree.DotNode - getDataType() : arrivalTime -&gt; org.hibernate.type.StringType@48f02081
14:01:02.892 [main] DEBUG o.h.hql.ast.tree.FromReferenceNode - Resolved :  s.arrivalTime -&gt; stoptimes0_.arrival_time
14:01:02.892 [main] DEBUG o.h.hql.antlr.HqlSqlBaseWalker - select : finishing up [level=1, statement=select]
14:01:02.892 [main] DEBUG org.hibernate.hql.ast.HqlSqlWalker - processQuery() :  ( SELECT ( {select clause} stoptimes0_.id ) ( FromClause{level=1} public.stop_times stoptimes0_ ) ( WHERE ( = ( stoptimes0_.arrival_time stoptimes0_.id arrivalTime ) ? ) ) )
14:01:02.892 [main] DEBUG o.h.hql.ast.util.JoinProcessor - Using FROM fragment [public.stop_times stoptimes0_]
14:01:02.892 [main] DEBUG o.h.hql.antlr.HqlSqlBaseWalker - select &gt;&gt; end [level=1, statement=select]
14:01:02.892 [main] DEBUG org.hibernate.hql.ast.AST - --- SQL AST ---
 \-[SELECT] QueryNode: &apos;SELECT&apos;  querySpaces (public.stop_times)
    +-[SELECT_CLAUSE] SelectClause: &apos;{select clause}&apos;
    |  +-[ALIAS_REF] IdentNode: &apos;stoptimes0_.id as id0_&apos; {alias=s, className=net.lojika.gtfs.model.StopTimes, tableAlias=stoptimes0_}
    |  \-[SQL_TOKEN] SqlFragment: &apos;stoptimes0_.arrival_time as arrival2_0_, stoptimes0_.departure_time as departure3_0_, stoptimes0_.stop_id as stop5_0_, stoptimes0_.stop_sequence as stop4_0_, stoptimes0_.trip_id as trip6_0_&apos;
    +-[FROM] FromClause: &apos;FROM&apos; FromClause{level=1, fromElementCounter=1, fromElements=1, fromElementByClassAlias=[s], fromElementByTableAlias=[stoptimes0_], fromElementsByPath=[], collectionJoinFromElementsByPath=[], impliedElements=[]}
    |  \-[FROM_FRAGMENT] FromElement: &apos;public.stop_times stoptimes0_&apos; FromElement{explicit,not a collection join,not a fetch join,fetch non-lazy properties,classAlias=s,role=null,tableName=public.stop_times,tableAlias=stoptimes0_,origin=null,columns={,className=net.lojika.gtfs.model.StopTimes}}
    \-[WHERE] SqlNode: &apos;WHERE&apos;
       \-[EQ] BinaryLogicOperatorNode: &apos;=&apos;
          +-[DOT] DotNode: &apos;stoptimes0_.arrival_time&apos; {propertyName=arrivalTime,dereferenceType=ALL,propertyPath=arrivalTime,path=s.arrivalTime,tableAlias=stoptimes0_,className=net.lojika.gtfs.model.StopTimes,classAlias=s}
          |  +-[ALIAS_REF] IdentNode: &apos;stoptimes0_.id&apos; {alias=s, className=net.lojika.gtfs.model.StopTimes, tableAlias=stoptimes0_}
          |  \-[IDENT] IdentNode: &apos;arrivalTime&apos; {originalText=arrivalTime}
          \-[NAMED_PARAM] ParameterNode: &apos;?&apos; {name=arrivalTime, expectedType=org.hibernate.type.StringType@48f02081}

14:01:02.892 [main] DEBUG org.hibernate.hql.ast.ErrorCounter - throwQueryException() : no errors
14:01:02.893 [main] DEBUG o.h.hql.ast.QueryTranslatorImpl - HQL: SELECT s FROM net.lojika.gtfs.model.StopTimes s WHERE s.arrivalTime = :arrivalTime
14:01:02.893 [main] DEBUG o.h.hql.ast.QueryTranslatorImpl - SQL: select stoptimes0_.id as id0_, stoptimes0_.arrival_time as arrival2_0_, stoptimes0_.departure_time as departure3_0_, stoptimes0_.stop_id as stop5_0_, stoptimes0_.stop_sequence as stop4_0_, stoptimes0_.trip_id as trip6_0_ from public.stop_times stoptimes0_ where stoptimes0_.arrival_time=?
14:01:02.893 [main] DEBUG org.hibernate.hql.ast.ErrorCounter - throwQueryException() : no errors
14:01:02.893 [main] DEBUG o.hibernate.impl.SessionFactoryImpl - Checking named query: StopTimes.findByStopSequence
14:01:02.893 [main] DEBUG o.h.hql.ast.QueryTranslatorImpl - parse() - HQL: SELECT s FROM net.lojika.gtfs.model.StopTimes s WHERE s.stopSequence = :stopSequence
14:01:02.894 [main] DEBUG org.hibernate.hql.ast.AST - --- HQL AST ---
 \-[QUERY] Node: &apos;query&apos;
    +-[SELECT_FROM] Node: &apos;SELECT_FROM&apos;
    |  +-[FROM] Node: &apos;FROM&apos;
    |  |  \-[RANGE] Node: &apos;RANGE&apos;
    |  |     +-[DOT] Node: &apos;.&apos;
    |  |     |  +-[DOT] Node: &apos;.&apos;
    |  |     |  |  +-[DOT] Node: &apos;.&apos;
    |  |     |  |  |  +-[DOT] Node: &apos;.&apos;
    |  |     |  |  |  |  +-[IDENT] Node: &apos;net&apos;
    |  |     |  |  |  |  \-[IDENT] Node: &apos;lojika&apos;
    |  |     |  |  |  \-[IDENT] Node: &apos;gtfs&apos;
    |  |     |  |  \-[IDENT] Node: &apos;model&apos;
    |  |     |  \-[IDENT] Node: &apos;StopTimes&apos;
    |  |     \-[ALIAS] Node: &apos;s&apos;
    |  \-[SELECT] Node: &apos;SELECT&apos;
    |     \-[IDENT] Node: &apos;s&apos;
    \-[WHERE] Node: &apos;WHERE&apos;
       \-[EQ] Node: &apos;=&apos;
          +-[DOT] Node: &apos;.&apos;
          |  +-[IDENT] Node: &apos;s&apos;
          |  \-[IDENT] Node: &apos;stopSequence&apos;
          \-[COLON] Node: &apos;:&apos;
             \-[IDENT] Node: &apos;stopSequence&apos;

14:01:02.894 [main] DEBUG org.hibernate.hql.ast.ErrorCounter - throwQueryException() : no errors
14:01:02.894 [main] DEBUG o.h.hql.antlr.HqlSqlBaseWalker - select &lt;&lt; begin [level=1, statement=select]
14:01:02.894 [main] DEBUG o.hibernate.hql.ast.tree.FromElement - FromClause{level=1} :  net.lojika.gtfs.model.StopTimes (s) -&gt; stoptimes0_
14:01:02.895 [main] DEBUG o.h.hql.ast.tree.FromReferenceNode - Resolved :  s -&gt; stoptimes0_.id
14:01:02.895 [main] DEBUG o.h.hql.ast.tree.FromReferenceNode - Resolved :  s -&gt; stoptimes0_.id
14:01:02.895 [main] DEBUG org.hibernate.hql.ast.tree.DotNode - getDataType() : stopSequence -&gt; org.hibernate.type.StringType@48f02081
14:01:02.895 [main] DEBUG o.h.hql.ast.tree.FromReferenceNode - Resolved :  s.stopSequence -&gt; stoptimes0_.stop_sequence
14:01:02.895 [main] DEBUG o.h.hql.antlr.HqlSqlBaseWalker - select : finishing up [level=1, statement=select]
14:01:02.895 [main] DEBUG org.hibernate.hql.ast.HqlSqlWalker - processQuery() :  ( SELECT ( {select clause} stoptimes0_.id ) ( FromClause{level=1} public.stop_times stoptimes0_ ) ( WHERE ( = ( stoptimes0_.stop_sequence stoptimes0_.id stopSequence ) ? ) ) )
14:01:02.895 [main] DEBUG o.h.hql.ast.util.JoinProcessor - Using FROM fragment [public.stop_times stoptimes0_]
14:01:02.895 [main] DEBUG o.h.hql.antlr.HqlSqlBaseWalker - select &gt;&gt; end [level=1, statement=select]
14:01:02.895 [main] DEBUG org.hibernate.hql.ast.AST - --- SQL AST ---
 \-[SELECT] QueryNode: &apos;SELECT&apos;  querySpaces (public.stop_times)
    +-[SELECT_CLAUSE] SelectClause: &apos;{select clause}&apos;
    |  +-[ALIAS_REF] IdentNode: &apos;stoptimes0_.id as id0_&apos; {alias=s, className=net.lojika.gtfs.model.StopTimes, tableAlias=stoptimes0_}
    |  \-[SQL_TOKEN] SqlFragment: &apos;stoptimes0_.arrival_time as arrival2_0_, stoptimes0_.departure_time as departure3_0_, stoptimes0_.stop_id as stop5_0_, stoptimes0_.stop_sequence as stop4_0_, stoptimes0_.trip_id as trip6_0_&apos;
    +-[FROM] FromClause: &apos;FROM&apos; FromClause{level=1, fromElementCounter=1, fromElements=1, fromElementByClassAlias=[s], fromElementByTableAlias=[stoptimes0_], fromElementsByPath=[], collectionJoinFromElementsByPath=[], impliedElements=[]}
    |  \-[FROM_FRAGMENT] FromElement: &apos;public.stop_times stoptimes0_&apos; FromElement{explicit,not a collection join,not a fetch join,fetch non-lazy properties,classAlias=s,role=null,tableName=public.stop_times,tableAlias=stoptimes0_,origin=null,columns={,className=net.lojika.gtfs.model.StopTimes}}
    \-[WHERE] SqlNode: &apos;WHERE&apos;
       \-[EQ] BinaryLogicOperatorNode: &apos;=&apos;
          +-[DOT] DotNode: &apos;stoptimes0_.stop_sequence&apos; {propertyName=stopSequence,dereferenceType=ALL,propertyPath=stopSequence,path=s.stopSequence,tableAlias=stoptimes0_,className=net.lojika.gtfs.model.StopTimes,classAlias=s}
          |  +-[ALIAS_REF] IdentNode: &apos;stoptimes0_.id&apos; {alias=s, className=net.lojika.gtfs.model.StopTimes, tableAlias=stoptimes0_}
          |  \-[IDENT] IdentNode: &apos;stopSequence&apos; {originalText=stopSequence}
          \-[NAMED_PARAM] ParameterNode: &apos;?&apos; {name=stopSequence, expectedType=org.hibernate.type.StringType@48f02081}

14:01:02.896 [main] DEBUG org.hibernate.hql.ast.ErrorCounter - throwQueryException() : no errors
14:01:02.896 [main] DEBUG o.h.hql.ast.QueryTranslatorImpl - HQL: SELECT s FROM net.lojika.gtfs.model.StopTimes s WHERE s.stopSequence = :stopSequence
14:01:02.896 [main] DEBUG o.h.hql.ast.QueryTranslatorImpl - SQL: select stoptimes0_.id as id0_, stoptimes0_.arrival_time as arrival2_0_, stoptimes0_.departure_time as departure3_0_, stoptimes0_.stop_id as stop5_0_, stoptimes0_.stop_sequence as stop4_0_, stoptimes0_.trip_id as trip6_0_ from public.stop_times stoptimes0_ where stoptimes0_.stop_sequence=?
14:01:02.896 [main] DEBUG org.hibernate.hql.ast.ErrorCounter - throwQueryException() : no errors
14:01:02.896 [main] DEBUG o.hibernate.impl.SessionFactoryImpl - Checking named query: Routes.findByRouteShortName
14:01:02.896 [main] DEBUG o.h.hql.ast.QueryTranslatorImpl - parse() - HQL: SELECT r FROM net.lojika.gtfs.model.Routes r WHERE r.routeShortName = :routeShortName
14:01:02.898 [main] DEBUG org.hibernate.hql.ast.AST - --- HQL AST ---
 \-[QUERY] Node: &apos;query&apos;
    +-[SELECT_FROM] Node: &apos;SELECT_FROM&apos;
    |  +-[FROM] Node: &apos;FROM&apos;
    |  |  \-[RANGE] Node: &apos;RANGE&apos;
    |  |     +-[DOT] Node: &apos;.&apos;
    |  |     |  +-[DOT] Node: &apos;.&apos;
    |  |     |  |  +-[DOT] Node: &apos;.&apos;
    |  |     |  |  |  +-[DOT] Node: &apos;.&apos;
    |  |     |  |  |  |  +-[IDENT] Node: &apos;net&apos;
    |  |     |  |  |  |  \-[IDENT] Node: &apos;lojika&apos;
    |  |     |  |  |  \-[IDENT] Node: &apos;gtfs&apos;
    |  |     |  |  \-[IDENT] Node: &apos;model&apos;
    |  |     |  \-[IDENT] Node: &apos;Routes&apos;
    |  |     \-[ALIAS] Node: &apos;r&apos;
    |  \-[SELECT] Node: &apos;SELECT&apos;
    |     \-[IDENT] Node: &apos;r&apos;
    \-[WHERE] Node: &apos;WHERE&apos;
       \-[EQ] Node: &apos;=&apos;
          +-[DOT] Node: &apos;.&apos;
          |  +-[IDENT] Node: &apos;r&apos;
          |  \-[IDENT] Node: &apos;routeShortName&apos;
          \-[COLON] Node: &apos;:&apos;
             \-[IDENT] Node: &apos;routeShortName&apos;

14:01:02.898 [main] DEBUG org.hibernate.hql.ast.ErrorCounter - throwQueryException() : no errors
14:01:02.898 [main] DEBUG o.h.hql.antlr.HqlSqlBaseWalker - select &lt;&lt; begin [level=1, statement=select]
14:01:02.898 [main] DEBUG o.hibernate.hql.ast.tree.FromElement - FromClause{level=1} :  net.lojika.gtfs.model.Routes (r) -&gt; routes0_
14:01:02.898 [main] DEBUG o.h.hql.ast.tree.FromReferenceNode - Resolved :  r -&gt; routes0_.route_id
14:01:02.898 [main] DEBUG o.h.hql.ast.tree.FromReferenceNode - Resolved :  r -&gt; routes0_.route_id
14:01:02.898 [main] DEBUG org.hibernate.hql.ast.tree.DotNode - getDataType() : routeShortName -&gt; org.hibernate.type.StringType@48f02081
14:01:02.898 [main] DEBUG o.h.hql.ast.tree.FromReferenceNode - Resolved :  r.routeShortName -&gt; routes0_.route_short_name
14:01:02.898 [main] DEBUG o.h.hql.antlr.HqlSqlBaseWalker - select : finishing up [level=1, statement=select]
14:01:02.898 [main] DEBUG org.hibernate.hql.ast.HqlSqlWalker - processQuery() :  ( SELECT ( {select clause} routes0_.route_id ) ( FromClause{level=1} public.routes routes0_ ) ( WHERE ( = ( routes0_.route_short_name routes0_.route_id routeShortName ) ? ) ) )
14:01:02.899 [main] DEBUG o.h.hql.ast.util.JoinProcessor - Using FROM fragment [public.routes routes0_]
14:01:02.899 [main] DEBUG o.h.hql.antlr.HqlSqlBaseWalker - select &gt;&gt; end [level=1, statement=select]
14:01:02.899 [main] DEBUG org.hibernate.hql.ast.AST - --- SQL AST ---
 \-[SELECT] QueryNode: &apos;SELECT&apos;  querySpaces (public.routes)
    +-[SELECT_CLAUSE] SelectClause: &apos;{select clause}&apos;
    |  +-[ALIAS_REF] IdentNode: &apos;routes0_.route_id as route1_2_&apos; {alias=r, className=net.lojika.gtfs.model.Routes, tableAlias=routes0_}
    |  \-[SQL_TOKEN] SqlFragment: &apos;routes0_.route_long_name as route2_2_, routes0_.route_short_name as route3_2_, routes0_.route_type as route4_2_&apos;
    +-[FROM] FromClause: &apos;FROM&apos; FromClause{level=1, fromElementCounter=1, fromElements=1, fromElementByClassAlias=[r], fromElementByTableAlias=[routes0_], fromElementsByPath=[], collectionJoinFromElementsByPath=[], impliedElements=[]}
    |  \-[FROM_FRAGMENT] FromElement: &apos;public.routes routes0_&apos; FromElement{explicit,not a collection join,not a fetch join,fetch non-lazy properties,classAlias=r,role=null,tableName=public.routes,tableAlias=routes0_,origin=null,columns={,className=net.lojika.gtfs.model.Routes}}
    \-[WHERE] SqlNode: &apos;WHERE&apos;
       \-[EQ] BinaryLogicOperatorNode: &apos;=&apos;
          +-[DOT] DotNode: &apos;routes0_.route_short_name&apos; {propertyName=routeShortName,dereferenceType=ALL,propertyPath=routeShortName,path=r.routeShortName,tableAlias=routes0_,className=net.lojika.gtfs.model.Routes,classAlias=r}
          |  +-[ALIAS_REF] IdentNode: &apos;routes0_.route_id&apos; {alias=r, className=net.lojika.gtfs.model.Routes, tableAlias=routes0_}
          |  \-[IDENT] IdentNode: &apos;routeShortName&apos; {originalText=routeShortName}
          \-[NAMED_PARAM] ParameterNode: &apos;?&apos; {name=routeShortName, expectedType=org.hibernate.type.StringType@48f02081}

14:01:02.899 [main] DEBUG org.hibernate.hql.ast.ErrorCounter - throwQueryException() : no errors
14:01:02.899 [main] DEBUG o.h.hql.ast.QueryTranslatorImpl - HQL: SELECT r FROM net.lojika.gtfs.model.Routes r WHERE r.routeShortName = :routeShortName
14:01:02.899 [main] DEBUG o.h.hql.ast.QueryTranslatorImpl - SQL: select routes0_.route_id as route1_2_, routes0_.route_long_name as route2_2_, routes0_.route_short_name as route3_2_, routes0_.route_type as route4_2_ from public.routes routes0_ where routes0_.route_short_name=?
14:01:02.899 [main] DEBUG org.hibernate.hql.ast.ErrorCounter - throwQueryException() : no errors
14:01:02.899 [main] DEBUG o.hibernate.impl.SessionFactoryImpl - Checking named query: Stops.findByStopName
14:01:02.900 [main] DEBUG o.h.hql.ast.QueryTranslatorImpl - parse() - HQL: SELECT s FROM net.lojika.gtfs.model.Stops s WHERE s.stopName = :stopName
14:01:02.901 [main] DEBUG org.hibernate.hql.ast.AST - --- HQL AST ---
 \-[QUERY] Node: &apos;query&apos;
    +-[SELECT_FROM] Node: &apos;SELECT_FROM&apos;
    |  +-[FROM] Node: &apos;FROM&apos;
    |  |  \-[RANGE] Node: &apos;RANGE&apos;
    |  |     +-[DOT] Node: &apos;.&apos;
    |  |     |  +-[DOT] Node: &apos;.&apos;
    |  |     |  |  +-[DOT] Node: &apos;.&apos;
    |  |     |  |  |  +-[DOT] Node: &apos;.&apos;
    |  |     |  |  |  |  +-[IDENT] Node: &apos;net&apos;
    |  |     |  |  |  |  \-[IDENT] Node: &apos;lojika&apos;
    |  |     |  |  |  \-[IDENT] Node: &apos;gtfs&apos;
    |  |     |  |  \-[IDENT] Node: &apos;model&apos;
    |  |     |  \-[IDENT] Node: &apos;Stops&apos;
    |  |     \-[ALIAS] Node: &apos;s&apos;
    |  \-[SELECT] Node: &apos;SELECT&apos;
    |     \-[IDENT] Node: &apos;s&apos;
    \-[WHERE] Node: &apos;WHERE&apos;
       \-[EQ] Node: &apos;=&apos;
          +-[DOT] Node: &apos;.&apos;
          |  +-[IDENT] Node: &apos;s&apos;
          |  \-[IDENT] Node: &apos;stopName&apos;
          \-[COLON] Node: &apos;:&apos;
             \-[IDENT] Node: &apos;stopName&apos;

14:01:02.901 [main] DEBUG org.hibernate.hql.ast.ErrorCounter - throwQueryException() : no errors
14:01:02.901 [main] DEBUG o.h.hql.antlr.HqlSqlBaseWalker - select &lt;&lt; begin [level=1, statement=select]
14:01:02.901 [main] DEBUG o.hibernate.hql.ast.tree.FromElement - FromClause{level=1} :  net.lojika.gtfs.model.Stops (s) -&gt; stops0_
14:01:02.901 [main] DEBUG o.h.hql.ast.tree.FromReferenceNode - Resolved :  s -&gt; stops0_.stop_id
14:01:02.901 [main] DEBUG o.h.hql.ast.tree.FromReferenceNode - Resolved :  s -&gt; stops0_.stop_id
14:01:02.901 [main] DEBUG org.hibernate.hql.ast.tree.DotNode - getDataType() : stopName -&gt; org.hibernate.type.StringType@48f02081
14:01:02.901 [main] DEBUG o.h.hql.ast.tree.FromReferenceNode - Resolved :  s.stopName -&gt; stops0_.stop_name
14:01:02.901 [main] DEBUG o.h.hql.antlr.HqlSqlBaseWalker - select : finishing up [level=1, statement=select]
14:01:02.901 [main] DEBUG org.hibernate.hql.ast.HqlSqlWalker - processQuery() :  ( SELECT ( {select clause} stops0_.stop_id ) ( FromClause{level=1} public.stops stops0_ ) ( WHERE ( = ( stops0_.stop_name stops0_.stop_id stopName ) ? ) ) )
14:01:02.902 [main] DEBUG o.h.hql.ast.util.JoinProcessor - Using FROM fragment [public.stops stops0_]
14:01:02.902 [main] DEBUG o.h.hql.antlr.HqlSqlBaseWalker - select &gt;&gt; end [level=1, statement=select]
14:01:02.902 [main] DEBUG org.hibernate.hql.ast.AST - --- SQL AST ---
 \-[SELECT] QueryNode: &apos;SELECT&apos;  querySpaces (public.stops)
    +-[SELECT_CLAUSE] SelectClause: &apos;{select clause}&apos;
    |  +-[ALIAS_REF] IdentNode: &apos;stops0_.stop_id as stop1_6_&apos; {alias=s, className=net.lojika.gtfs.model.Stops, tableAlias=stops0_}
    |  \-[SQL_TOKEN] SqlFragment: &apos;stops0_.stop_lat as stop2_6_, stops0_.stop_lon as stop3_6_, stops0_.stop_name as stop4_6_&apos;
    +-[FROM] FromClause: &apos;FROM&apos; FromClause{level=1, fromElementCounter=1, fromElements=1, fromElementByClassAlias=[s], fromElementByTableAlias=[stops0_], fromElementsByPath=[], collectionJoinFromElementsByPath=[], impliedElements=[]}
    |  \-[FROM_FRAGMENT] FromElement: &apos;public.stops stops0_&apos; FromElement{explicit,not a collection join,not a fetch join,fetch non-lazy properties,classAlias=s,role=null,tableName=public.stops,tableAlias=stops0_,origin=null,columns={,className=net.lojika.gtfs.model.Stops}}
    \-[WHERE] SqlNode: &apos;WHERE&apos;
       \-[EQ] BinaryLogicOperatorNode: &apos;=&apos;
          +-[DOT] DotNode: &apos;stops0_.stop_name&apos; {propertyName=stopName,dereferenceType=ALL,propertyPath=stopName,path=s.stopName,tableAlias=stops0_,className=net.lojika.gtfs.model.Stops,classAlias=s}
          |  +-[ALIAS_REF] IdentNode: &apos;stops0_.stop_id&apos; {alias=s, className=net.lojika.gtfs.model.Stops, tableAlias=stops0_}
          |  \-[IDENT] IdentNode: &apos;stopName&apos; {originalText=stopName}
          \-[NAMED_PARAM] ParameterNode: &apos;?&apos; {name=stopName, expectedType=org.hibernate.type.StringType@48f02081}

14:01:02.902 [main] DEBUG org.hibernate.hql.ast.ErrorCounter - throwQueryException() : no errors
14:01:02.902 [main] DEBUG o.h.hql.ast.QueryTranslatorImpl - HQL: SELECT s FROM net.lojika.gtfs.model.Stops s WHERE s.stopName = :stopName
14:01:02.902 [main] DEBUG o.h.hql.ast.QueryTranslatorImpl - SQL: select stops0_.stop_id as stop1_6_, stops0_.stop_lat as stop2_6_, stops0_.stop_lon as stop3_6_, stops0_.stop_name as stop4_6_ from public.stops stops0_ where stops0_.stop_name=?
14:01:02.902 [main] DEBUG org.hibernate.hql.ast.ErrorCounter - throwQueryException() : no errors
14:01:02.902 [main] DEBUG o.hibernate.impl.SessionFactoryImpl - Checking named query: StopTimes.findByDepartureTime
14:01:02.903 [main] DEBUG o.h.hql.ast.QueryTranslatorImpl - parse() - HQL: SELECT s FROM net.lojika.gtfs.model.StopTimes s WHERE s.departureTime = :departureTime
14:01:02.904 [main] DEBUG org.hibernate.hql.ast.AST - --- HQL AST ---
 \-[QUERY] Node: &apos;query&apos;
    +-[SELECT_FROM] Node: &apos;SELECT_FROM&apos;
    |  +-[FROM] Node: &apos;FROM&apos;
    |  |  \-[RANGE] Node: &apos;RANGE&apos;
    |  |     +-[DOT] Node: &apos;.&apos;
    |  |     |  +-[DOT] Node: &apos;.&apos;
    |  |     |  |  +-[DOT] Node: &apos;.&apos;
    |  |     |  |  |  +-[DOT] Node: &apos;.&apos;
    |  |     |  |  |  |  +-[IDENT] Node: &apos;net&apos;
    |  |     |  |  |  |  \-[IDENT] Node: &apos;lojika&apos;
    |  |     |  |  |  \-[IDENT] Node: &apos;gtfs&apos;
    |  |     |  |  \-[IDENT] Node: &apos;model&apos;
    |  |     |  \-[IDENT] Node: &apos;StopTimes&apos;
    |  |     \-[ALIAS] Node: &apos;s&apos;
    |  \-[SELECT] Node: &apos;SELECT&apos;
    |     \-[IDENT] Node: &apos;s&apos;
    \-[WHERE] Node: &apos;WHERE&apos;
       \-[EQ] Node: &apos;=&apos;
          +-[DOT] Node: &apos;.&apos;
          |  +-[IDENT] Node: &apos;s&apos;
          |  \-[IDENT] Node: &apos;departureTime&apos;
          \-[COLON] Node: &apos;:&apos;
             \-[IDENT] Node: &apos;departureTime&apos;

14:01:02.904 [main] DEBUG org.hibernate.hql.ast.ErrorCounter - throwQueryException() : no errors
14:01:02.904 [main] DEBUG o.h.hql.antlr.HqlSqlBaseWalker - select &lt;&lt; begin [level=1, statement=select]
14:01:02.905 [main] DEBUG o.hibernate.hql.ast.tree.FromElement - FromClause{level=1} :  net.lojika.gtfs.model.StopTimes (s) -&gt; stoptimes0_
14:01:02.905 [main] DEBUG o.h.hql.ast.tree.FromReferenceNode - Resolved :  s -&gt; stoptimes0_.id
14:01:02.905 [main] DEBUG o.h.hql.ast.tree.FromReferenceNode - Resolved :  s -&gt; stoptimes0_.id
14:01:02.905 [main] DEBUG org.hibernate.hql.ast.tree.DotNode - getDataType() : departureTime -&gt; org.hibernate.type.StringType@48f02081
14:01:02.905 [main] DEBUG o.h.hql.ast.tree.FromReferenceNode - Resolved :  s.departureTime -&gt; stoptimes0_.departure_time
14:01:02.905 [main] DEBUG o.h.hql.antlr.HqlSqlBaseWalker - select : finishing up [level=1, statement=select]
14:01:02.905 [main] DEBUG org.hibernate.hql.ast.HqlSqlWalker - processQuery() :  ( SELECT ( {select clause} stoptimes0_.id ) ( FromClause{level=1} public.stop_times stoptimes0_ ) ( WHERE ( = ( stoptimes0_.departure_time stoptimes0_.id departureTime ) ? ) ) )
14:01:02.905 [main] DEBUG o.h.hql.ast.util.JoinProcessor - Using FROM fragment [public.stop_times stoptimes0_]
14:01:02.905 [main] DEBUG o.h.hql.antlr.HqlSqlBaseWalker - select &gt;&gt; end [level=1, statement=select]
14:01:02.906 [main] DEBUG org.hibernate.hql.ast.AST - --- SQL AST ---
 \-[SELECT] QueryNode: &apos;SELECT&apos;  querySpaces (public.stop_times)
    +-[SELECT_CLAUSE] SelectClause: &apos;{select clause}&apos;
    |  +-[ALIAS_REF] IdentNode: &apos;stoptimes0_.id as id0_&apos; {alias=s, className=net.lojika.gtfs.model.StopTimes, tableAlias=stoptimes0_}
    |  \-[SQL_TOKEN] SqlFragment: &apos;stoptimes0_.arrival_time as arrival2_0_, stoptimes0_.departure_time as departure3_0_, stoptimes0_.stop_id as stop5_0_, stoptimes0_.stop_sequence as stop4_0_, stoptimes0_.trip_id as trip6_0_&apos;
    +-[FROM] FromClause: &apos;FROM&apos; FromClause{level=1, fromElementCounter=1, fromElements=1, fromElementByClassAlias=[s], fromElementByTableAlias=[stoptimes0_], fromElementsByPath=[], collectionJoinFromElementsByPath=[], impliedElements=[]}
    |  \-[FROM_FRAGMENT] FromElement: &apos;public.stop_times stoptimes0_&apos; FromElement{explicit,not a collection join,not a fetch join,fetch non-lazy properties,classAlias=s,role=null,tableName=public.stop_times,tableAlias=stoptimes0_,origin=null,columns={,className=net.lojika.gtfs.model.StopTimes}}
    \-[WHERE] SqlNode: &apos;WHERE&apos;
       \-[EQ] BinaryLogicOperatorNode: &apos;=&apos;
          +-[DOT] DotNode: &apos;stoptimes0_.departure_time&apos; {propertyName=departureTime,dereferenceType=ALL,propertyPath=departureTime,path=s.departureTime,tableAlias=stoptimes0_,className=net.lojika.gtfs.model.StopTimes,classAlias=s}
          |  +-[ALIAS_REF] IdentNode: &apos;stoptimes0_.id&apos; {alias=s, className=net.lojika.gtfs.model.StopTimes, tableAlias=stoptimes0_}
          |  \-[IDENT] IdentNode: &apos;departureTime&apos; {originalText=departureTime}
          \-[NAMED_PARAM] ParameterNode: &apos;?&apos; {name=departureTime, expectedType=org.hibernate.type.StringType@48f02081}

14:01:02.906 [main] DEBUG org.hibernate.hql.ast.ErrorCounter - throwQueryException() : no errors
14:01:02.906 [main] DEBUG o.h.hql.ast.QueryTranslatorImpl - HQL: SELECT s FROM net.lojika.gtfs.model.StopTimes s WHERE s.departureTime = :departureTime
14:01:02.906 [main] DEBUG o.h.hql.ast.QueryTranslatorImpl - SQL: select stoptimes0_.id as id0_, stoptimes0_.arrival_time as arrival2_0_, stoptimes0_.departure_time as departure3_0_, stoptimes0_.stop_id as stop5_0_, stoptimes0_.stop_sequence as stop4_0_, stoptimes0_.trip_id as trip6_0_ from public.stop_times stoptimes0_ where stoptimes0_.departure_time=?
14:01:02.906 [main] DEBUG org.hibernate.hql.ast.ErrorCounter - throwQueryException() : no errors
14:01:02.906 [main] DEBUG o.hibernate.impl.SessionFactoryImpl - Checking named query: Calendar.findByMonday
14:01:02.906 [main] DEBUG o.h.hql.ast.QueryTranslatorImpl - parse() - HQL: SELECT c FROM net.lojika.gtfs.model.Calendar c WHERE c.monday = :monday
14:01:02.908 [main] DEBUG org.hibernate.hql.ast.AST - --- HQL AST ---
 \-[QUERY] Node: &apos;query&apos;
    +-[SELECT_FROM] Node: &apos;SELECT_FROM&apos;
    |  +-[FROM] Node: &apos;FROM&apos;
    |  |  \-[RANGE] Node: &apos;RANGE&apos;
    |  |     +-[DOT] Node: &apos;.&apos;
    |  |     |  +-[DOT] Node: &apos;.&apos;
    |  |     |  |  +-[DOT] Node: &apos;.&apos;
    |  |     |  |  |  +-[DOT] Node: &apos;.&apos;
    |  |     |  |  |  |  +-[IDENT] Node: &apos;net&apos;
    |  |     |  |  |  |  \-[IDENT] Node: &apos;lojika&apos;
    |  |     |  |  |  \-[IDENT] Node: &apos;gtfs&apos;
    |  |     |  |  \-[IDENT] Node: &apos;model&apos;
    |  |     |  \-[IDENT] Node: &apos;Calendar&apos;
    |  |     \-[ALIAS] Node: &apos;c&apos;
    |  \-[SELECT] Node: &apos;SELECT&apos;
    |     \-[IDENT] Node: &apos;c&apos;
    \-[WHERE] Node: &apos;WHERE&apos;
       \-[EQ] Node: &apos;=&apos;
          +-[DOT] Node: &apos;.&apos;
          |  +-[IDENT] Node: &apos;c&apos;
          |  \-[IDENT] Node: &apos;monday&apos;
          \-[COLON] Node: &apos;:&apos;
             \-[IDENT] Node: &apos;monday&apos;

14:01:02.908 [main] DEBUG org.hibernate.hql.ast.ErrorCounter - throwQueryException() : no errors
14:01:02.908 [main] DEBUG o.h.hql.antlr.HqlSqlBaseWalker - select &lt;&lt; begin [level=1, statement=select]
14:01:02.909 [main] DEBUG o.hibernate.hql.ast.tree.FromElement - FromClause{level=1} :  net.lojika.gtfs.model.Calendar (c) -&gt; calendar0_
14:01:02.909 [main] DEBUG o.h.hql.ast.tree.FromReferenceNode - Resolved :  c -&gt; calendar0_.service_id
14:01:02.909 [main] DEBUG o.h.hql.ast.tree.FromReferenceNode - Resolved :  c -&gt; calendar0_.service_id
14:01:02.909 [main] DEBUG org.hibernate.hql.ast.tree.DotNode - getDataType() : monday -&gt; org.hibernate.type.StringType@48f02081
14:01:02.909 [main] DEBUG o.h.hql.ast.tree.FromReferenceNode - Resolved :  c.monday -&gt; calendar0_.monday
14:01:02.909 [main] DEBUG o.h.hql.antlr.HqlSqlBaseWalker - select : finishing up [level=1, statement=select]
14:01:02.910 [main] DEBUG org.hibernate.hql.ast.HqlSqlWalker - processQuery() :  ( SELECT ( {select clause} calendar0_.service_id ) ( FromClause{level=1} public.calendar calendar0_ ) ( WHERE ( = ( calendar0_.monday calendar0_.service_id monday ) ? ) ) )
14:01:02.910 [main] DEBUG o.h.hql.ast.util.JoinProcessor - Using FROM fragment [public.calendar calendar0_]
14:01:02.910 [main] DEBUG o.h.hql.antlr.HqlSqlBaseWalker - select &gt;&gt; end [level=1, statement=select]
14:01:02.910 [main] DEBUG org.hibernate.hql.ast.AST - --- SQL AST ---
 \-[SELECT] QueryNode: &apos;SELECT&apos;  querySpaces (public.calendar)
    +-[SELECT_CLAUSE] SelectClause: &apos;{select clause}&apos;
    |  +-[ALIAS_REF] IdentNode: &apos;calendar0_.service_id as service1_5_&apos; {alias=c, className=net.lojika.gtfs.model.Calendar, tableAlias=calendar0_}
    |  \-[SQL_TOKEN] SqlFragment: &apos;calendar0_.end_date as end2_5_, calendar0_.friday as friday5_, calendar0_.monday as monday5_, calendar0_.saturday as saturday5_, calendar0_.start_date as start6_5_, calendar0_.sunday as sunday5_, calendar0_.thursday as thursday5_, calendar0_.tuesday as tuesday5_, calendar0_.wednesday as wednesday5_&apos;
    +-[FROM] FromClause: &apos;FROM&apos; FromClause{level=1, fromElementCounter=1, fromElements=1, fromElementByClassAlias=[c], fromElementByTableAlias=[calendar0_], fromElementsByPath=[], collectionJoinFromElementsByPath=[], impliedElements=[]}
    |  \-[FROM_FRAGMENT] FromElement: &apos;public.calendar calendar0_&apos; FromElement{explicit,not a collection join,not a fetch join,fetch non-lazy properties,classAlias=c,role=null,tableName=public.calendar,tableAlias=calendar0_,origin=null,columns={,className=net.lojika.gtfs.model.Calendar}}
    \-[WHERE] SqlNode: &apos;WHERE&apos;
       \-[EQ] BinaryLogicOperatorNode: &apos;=&apos;
          +-[DOT] DotNode: &apos;calendar0_.monday&apos; {propertyName=monday,dereferenceType=ALL,propertyPath=monday,path=c.monday,tableAlias=calendar0_,className=net.lojika.gtfs.model.Calendar,classAlias=c}
          |  +-[ALIAS_REF] IdentNode: &apos;calendar0_.service_id&apos; {alias=c, className=net.lojika.gtfs.model.Calendar, tableAlias=calendar0_}
          |  \-[IDENT] IdentNode: &apos;monday&apos; {originalText=monday}
          \-[NAMED_PARAM] ParameterNode: &apos;?&apos; {name=monday, expectedType=org.hibernate.type.StringType@48f02081}

14:01:02.910 [main] DEBUG org.hibernate.hql.ast.ErrorCounter - throwQueryException() : no errors
14:01:02.911 [main] DEBUG o.h.hql.ast.QueryTranslatorImpl - HQL: SELECT c FROM net.lojika.gtfs.model.Calendar c WHERE c.monday = :monday
14:01:02.911 [main] DEBUG o.h.hql.ast.QueryTranslatorImpl - SQL: select calendar0_.service_id as service1_5_, calendar0_.end_date as end2_5_, calendar0_.friday as friday5_, calendar0_.monday as monday5_, calendar0_.saturday as saturday5_, calendar0_.start_date as start6_5_, calendar0_.sunday as sunday5_, calendar0_.thursday as thursday5_, calendar0_.tuesday as tuesday5_, calendar0_.wednesday as wednesday5_ from public.calendar calendar0_ where calendar0_.monday=?
14:01:02.911 [main] DEBUG org.hibernate.hql.ast.ErrorCounter - throwQueryException() : no errors
14:01:02.911 [main] DEBUG o.hibernate.impl.SessionFactoryImpl - Checking named query: Calendar.findBySaturday
14:01:02.911 [main] DEBUG o.h.hql.ast.QueryTranslatorImpl - parse() - HQL: SELECT c FROM net.lojika.gtfs.model.Calendar c WHERE c.saturday = :saturday
14:01:02.913 [main] DEBUG org.hibernate.hql.ast.AST - --- HQL AST ---
 \-[QUERY] Node: &apos;query&apos;
    +-[SELECT_FROM] Node: &apos;SELECT_FROM&apos;
    |  +-[FROM] Node: &apos;FROM&apos;
    |  |  \-[RANGE] Node: &apos;RANGE&apos;
    |  |     +-[DOT] Node: &apos;.&apos;
    |  |     |  +-[DOT] Node: &apos;.&apos;
    |  |     |  |  +-[DOT] Node: &apos;.&apos;
    |  |     |  |  |  +-[DOT] Node: &apos;.&apos;
    |  |     |  |  |  |  +-[IDENT] Node: &apos;net&apos;
    |  |     |  |  |  |  \-[IDENT] Node: &apos;lojika&apos;
    |  |     |  |  |  \-[IDENT] Node: &apos;gtfs&apos;
    |  |     |  |  \-[IDENT] Node: &apos;model&apos;
    |  |     |  \-[IDENT] Node: &apos;Calendar&apos;
    |  |     \-[ALIAS] Node: &apos;c&apos;
    |  \-[SELECT] Node: &apos;SELECT&apos;
    |     \-[IDENT] Node: &apos;c&apos;
    \-[WHERE] Node: &apos;WHERE&apos;
       \-[EQ] Node: &apos;=&apos;
          +-[DOT] Node: &apos;.&apos;
          |  +-[IDENT] Node: &apos;c&apos;
          |  \-[IDENT] Node: &apos;saturday&apos;
          \-[COLON] Node: &apos;:&apos;
             \-[IDENT] Node: &apos;saturday&apos;

14:01:02.913 [main] DEBUG org.hibernate.hql.ast.ErrorCounter - throwQueryException() : no errors
14:01:02.913 [main] DEBUG o.h.hql.antlr.HqlSqlBaseWalker - select &lt;&lt; begin [level=1, statement=select]
14:01:02.913 [main] DEBUG o.hibernate.hql.ast.tree.FromElement - FromClause{level=1} :  net.lojika.gtfs.model.Calendar (c) -&gt; calendar0_
14:01:02.913 [main] DEBUG o.h.hql.ast.tree.FromReferenceNode - Resolved :  c -&gt; calendar0_.service_id
14:01:02.913 [main] DEBUG o.h.hql.ast.tree.FromReferenceNode - Resolved :  c -&gt; calendar0_.service_id
14:01:02.913 [main] DEBUG org.hibernate.hql.ast.tree.DotNode - getDataType() : saturday -&gt; org.hibernate.type.StringType@48f02081
14:01:02.913 [main] DEBUG o.h.hql.ast.tree.FromReferenceNode - Resolved :  c.saturday -&gt; calendar0_.saturday
14:01:02.913 [main] DEBUG o.h.hql.antlr.HqlSqlBaseWalker - select : finishing up [level=1, statement=select]
14:01:02.914 [main] DEBUG org.hibernate.hql.ast.HqlSqlWalker - processQuery() :  ( SELECT ( {select clause} calendar0_.service_id ) ( FromClause{level=1} public.calendar calendar0_ ) ( WHERE ( = ( calendar0_.saturday calendar0_.service_id saturday ) ? ) ) )
14:01:02.914 [main] DEBUG o.h.hql.ast.util.JoinProcessor - Using FROM fragment [public.calendar calendar0_]
14:01:02.914 [main] DEBUG o.h.hql.antlr.HqlSqlBaseWalker - select &gt;&gt; end [level=1, statement=select]
14:01:02.914 [main] DEBUG org.hibernate.hql.ast.AST - --- SQL AST ---
 \-[SELECT] QueryNode: &apos;SELECT&apos;  querySpaces (public.calendar)
    +-[SELECT_CLAUSE] SelectClause: &apos;{select clause}&apos;
    |  +-[ALIAS_REF] IdentNode: &apos;calendar0_.service_id as service1_5_&apos; {alias=c, className=net.lojika.gtfs.model.Calendar, tableAlias=calendar0_}
    |  \-[SQL_TOKEN] SqlFragment: &apos;calendar0_.end_date as end2_5_, calendar0_.friday as friday5_, calendar0_.monday as monday5_, calendar0_.saturday as saturday5_, calendar0_.start_date as start6_5_, calendar0_.sunday as sunday5_, calendar0_.thursday as thursday5_, calendar0_.tuesday as tuesday5_, calendar0_.wednesday as wednesday5_&apos;
    +-[FROM] FromClause: &apos;FROM&apos; FromClause{level=1, fromElementCounter=1, fromElements=1, fromElementByClassAlias=[c], fromElementByTableAlias=[calendar0_], fromElementsByPath=[], collectionJoinFromElementsByPath=[], impliedElements=[]}
    |  \-[FROM_FRAGMENT] FromElement: &apos;public.calendar calendar0_&apos; FromElement{explicit,not a collection join,not a fetch join,fetch non-lazy properties,classAlias=c,role=null,tableName=public.calendar,tableAlias=calendar0_,origin=null,columns={,className=net.lojika.gtfs.model.Calendar}}
    \-[WHERE] SqlNode: &apos;WHERE&apos;
       \-[EQ] BinaryLogicOperatorNode: &apos;=&apos;
          +-[DOT] DotNode: &apos;calendar0_.saturday&apos; {propertyName=saturday,dereferenceType=ALL,propertyPath=saturday,path=c.saturday,tableAlias=calendar0_,className=net.lojika.gtfs.model.Calendar,classAlias=c}
          |  +-[ALIAS_REF] IdentNode: &apos;calendar0_.service_id&apos; {alias=c, className=net.lojika.gtfs.model.Calendar, tableAlias=calendar0_}
          |  \-[IDENT] IdentNode: &apos;saturday&apos; {originalText=saturday}
          \-[NAMED_PARAM] ParameterNode: &apos;?&apos; {name=saturday, expectedType=org.hibernate.type.StringType@48f02081}

14:01:02.914 [main] DEBUG org.hibernate.hql.ast.ErrorCounter - throwQueryException() : no errors
14:01:02.914 [main] DEBUG o.h.hql.ast.QueryTranslatorImpl - HQL: SELECT c FROM net.lojika.gtfs.model.Calendar c WHERE c.saturday = :saturday
14:01:02.914 [main] DEBUG o.h.hql.ast.QueryTranslatorImpl - SQL: select calendar0_.service_id as service1_5_, calendar0_.end_date as end2_5_, calendar0_.friday as friday5_, calendar0_.monday as monday5_, calendar0_.saturday as saturday5_, calendar0_.start_date as start6_5_, calendar0_.sunday as sunday5_, calendar0_.thursday as thursday5_, calendar0_.tuesday as tuesday5_, calendar0_.wednesday as wednesday5_ from public.calendar calendar0_ where calendar0_.saturday=?
14:01:02.915 [main] DEBUG org.hibernate.hql.ast.ErrorCounter - throwQueryException() : no errors
14:01:02.915 [main] DEBUG o.hibernate.impl.SessionFactoryImpl - Checking named query: TripLine.findById
14:01:02.915 [main] DEBUG o.h.hql.ast.QueryTranslatorImpl - parse() - HQL: SELECT t FROM net.lojika.gtfs.model.TripLine t WHERE t.id = :id
14:01:02.917 [main] DEBUG org.hibernate.hql.ast.AST - --- HQL AST ---
 \-[QUERY] Node: &apos;query&apos;
    +-[SELECT_FROM] Node: &apos;SELECT_FROM&apos;
    |  +-[FROM] Node: &apos;FROM&apos;
    |  |  \-[RANGE] Node: &apos;RANGE&apos;
    |  |     +-[DOT] Node: &apos;.&apos;
    |  |     |  +-[DOT] Node: &apos;.&apos;
    |  |     |  |  +-[DOT] Node: &apos;.&apos;
    |  |     |  |  |  +-[DOT] Node: &apos;.&apos;
    |  |     |  |  |  |  +-[IDENT] Node: &apos;net&apos;
    |  |     |  |  |  |  \-[IDENT] Node: &apos;lojika&apos;
    |  |     |  |  |  \-[IDENT] Node: &apos;gtfs&apos;
    |  |     |  |  \-[IDENT] Node: &apos;model&apos;
    |  |     |  \-[IDENT] Node: &apos;TripLine&apos;
    |  |     \-[ALIAS] Node: &apos;t&apos;
    |  \-[SELECT] Node: &apos;SELECT&apos;
    |     \-[IDENT] Node: &apos;t&apos;
    \-[WHERE] Node: &apos;WHERE&apos;
       \-[EQ] Node: &apos;=&apos;
          +-[DOT] Node: &apos;.&apos;
          |  +-[IDENT] Node: &apos;t&apos;
          |  \-[IDENT] Node: &apos;id&apos;
          \-[COLON] Node: &apos;:&apos;
             \-[IDENT] Node: &apos;id&apos;

14:01:02.917 [main] DEBUG org.hibernate.hql.ast.ErrorCounter - throwQueryException() : no errors
14:01:02.917 [main] DEBUG o.h.hql.antlr.HqlSqlBaseWalker - select &lt;&lt; begin [level=1, statement=select]
14:01:02.917 [main] DEBUG o.hibernate.hql.ast.tree.FromElement - FromClause{level=1} :  net.lojika.gtfs.model.TripLine (t) -&gt; tripline0_
14:01:02.917 [main] DEBUG o.h.hql.ast.tree.FromReferenceNode - Resolved :  t -&gt; tripline0_.id
14:01:02.917 [main] DEBUG o.h.hql.ast.tree.FromReferenceNode - Resolved :  t -&gt; tripline0_.id
14:01:02.917 [main] DEBUG org.hibernate.hql.ast.tree.DotNode - getDataType() : id -&gt; org.hibernate.type.LongType@620f3f85
14:01:02.917 [main] DEBUG o.h.hql.ast.tree.FromReferenceNode - Resolved :  t.id -&gt; tripline0_.id
14:01:02.918 [main] DEBUG o.h.hql.antlr.HqlSqlBaseWalker - select : finishing up [level=1, statement=select]
14:01:02.918 [main] DEBUG org.hibernate.hql.ast.HqlSqlWalker - processQuery() :  ( SELECT ( {select clause} tripline0_.id ) ( FromClause{level=1} public.trip_line tripline0_ ) ( WHERE ( = ( tripline0_.id tripline0_.id id ) ? ) ) )
14:01:02.918 [main] DEBUG o.h.hql.ast.util.JoinProcessor - Using FROM fragment [public.trip_line tripline0_]
14:01:02.918 [main] DEBUG o.h.hql.antlr.HqlSqlBaseWalker - select &gt;&gt; end [level=1, statement=select]
14:01:02.918 [main] DEBUG org.hibernate.hql.ast.AST - --- SQL AST ---
 \-[SELECT] QueryNode: &apos;SELECT&apos;  querySpaces (public.trip_line)
    +-[SELECT_CLAUSE] SelectClause: &apos;{select clause}&apos;
    |  +-[ALIAS_REF] IdentNode: &apos;tripline0_.id as id1_&apos; {alias=t, className=net.lojika.gtfs.model.TripLine, tableAlias=tripline0_}
    |  \-[SQL_TOKEN] SqlFragment: &apos;tripline0_.line_cdk_id as line2_1_, tripline0_.trip_id as trip3_1_&apos;
    +-[FROM] FromClause: &apos;FROM&apos; FromClause{level=1, fromElementCounter=1, fromElements=1, fromElementByClassAlias=[t], fromElementByTableAlias=[tripline0_], fromElementsByPath=[], collectionJoinFromElementsByPath=[], impliedElements=[]}
    |  \-[FROM_FRAGMENT] FromElement: &apos;public.trip_line tripline0_&apos; FromElement{explicit,not a collection join,not a fetch join,fetch non-lazy properties,classAlias=t,role=null,tableName=public.trip_line,tableAlias=tripline0_,origin=null,columns={,className=net.lojika.gtfs.model.TripLine}}
    \-[WHERE] SqlNode: &apos;WHERE&apos;
       \-[EQ] BinaryLogicOperatorNode: &apos;=&apos;
          +-[DOT] DotNode: &apos;tripline0_.id&apos; {propertyName=id,dereferenceType=ALL,propertyPath=id,path=t.id,tableAlias=tripline0_,className=net.lojika.gtfs.model.TripLine,classAlias=t}
          |  +-[ALIAS_REF] IdentNode: &apos;tripline0_.id&apos; {alias=t, className=net.lojika.gtfs.model.TripLine, tableAlias=tripline0_}
          |  \-[IDENT] IdentNode: &apos;id&apos; {originalText=id}
          \-[NAMED_PARAM] ParameterNode: &apos;?&apos; {name=id, expectedType=org.hibernate.type.LongType@620f3f85}

14:01:02.918 [main] DEBUG org.hibernate.hql.ast.ErrorCounter - throwQueryException() : no errors
14:01:02.919 [main] DEBUG o.h.hql.ast.QueryTranslatorImpl - HQL: SELECT t FROM net.lojika.gtfs.model.TripLine t WHERE t.id = :id
14:01:02.919 [main] DEBUG o.h.hql.ast.QueryTranslatorImpl - SQL: select tripline0_.id as id1_, tripline0_.line_cdk_id as line2_1_, tripline0_.trip_id as trip3_1_ from public.trip_line tripline0_ where tripline0_.id=?
14:01:02.919 [main] DEBUG org.hibernate.hql.ast.ErrorCounter - throwQueryException() : no errors
14:01:02.919 [main] DEBUG o.hibernate.impl.SessionFactoryImpl - Checking named query: Stops.findByStopId
14:01:02.919 [main] DEBUG o.h.hql.ast.QueryTranslatorImpl - parse() - HQL: SELECT s FROM net.lojika.gtfs.model.Stops s WHERE s.stopId = :stopId
14:01:02.921 [main] DEBUG org.hibernate.hql.ast.AST - --- HQL AST ---
 \-[QUERY] Node: &apos;query&apos;
    +-[SELECT_FROM] Node: &apos;SELECT_FROM&apos;
    |  +-[FROM] Node: &apos;FROM&apos;
    |  |  \-[RANGE] Node: &apos;RANGE&apos;
    |  |     +-[DOT] Node: &apos;.&apos;
    |  |     |  +-[DOT] Node: &apos;.&apos;
    |  |     |  |  +-[DOT] Node: &apos;.&apos;
    |  |     |  |  |  +-[DOT] Node: &apos;.&apos;
    |  |     |  |  |  |  +-[IDENT] Node: &apos;net&apos;
    |  |     |  |  |  |  \-[IDENT] Node: &apos;lojika&apos;
    |  |     |  |  |  \-[IDENT] Node: &apos;gtfs&apos;
    |  |     |  |  \-[IDENT] Node: &apos;model&apos;
    |  |     |  \-[IDENT] Node: &apos;Stops&apos;
    |  |     \-[ALIAS] Node: &apos;s&apos;
    |  \-[SELECT] Node: &apos;SELECT&apos;
    |     \-[IDENT] Node: &apos;s&apos;
    \-[WHERE] Node: &apos;WHERE&apos;
       \-[EQ] Node: &apos;=&apos;
          +-[DOT] Node: &apos;.&apos;
          |  +-[IDENT] Node: &apos;s&apos;
          |  \-[IDENT] Node: &apos;stopId&apos;
          \-[COLON] Node: &apos;:&apos;
             \-[IDENT] Node: &apos;stopId&apos;

14:01:02.921 [main] DEBUG org.hibernate.hql.ast.ErrorCounter - throwQueryException() : no errors
14:01:02.921 [main] DEBUG o.h.hql.antlr.HqlSqlBaseWalker - select &lt;&lt; begin [level=1, statement=select]
14:01:02.921 [main] DEBUG o.hibernate.hql.ast.tree.FromElement - FromClause{level=1} :  net.lojika.gtfs.model.Stops (s) -&gt; stops0_
14:01:02.921 [main] DEBUG o.h.hql.ast.tree.FromReferenceNode - Resolved :  s -&gt; stops0_.stop_id
14:01:02.921 [main] DEBUG o.h.hql.ast.tree.FromReferenceNode - Resolved :  s -&gt; stops0_.stop_id
14:01:02.922 [main] DEBUG org.hibernate.hql.ast.tree.DotNode - getDataType() : stopId -&gt; org.hibernate.type.StringType@48f02081
14:01:02.922 [main] DEBUG o.h.hql.ast.tree.FromReferenceNode - Resolved :  s.stopId -&gt; stops0_.stop_id
14:01:02.922 [main] DEBUG o.h.hql.antlr.HqlSqlBaseWalker - select : finishing up [level=1, statement=select]
14:01:02.922 [main] DEBUG org.hibernate.hql.ast.HqlSqlWalker - processQuery() :  ( SELECT ( {select clause} stops0_.stop_id ) ( FromClause{level=1} public.stops stops0_ ) ( WHERE ( = ( stops0_.stop_id stops0_.stop_id stopId ) ? ) ) )
14:01:02.922 [main] DEBUG o.h.hql.ast.util.JoinProcessor - Using FROM fragment [public.stops stops0_]
14:01:02.922 [main] DEBUG o.h.hql.antlr.HqlSqlBaseWalker - select &gt;&gt; end [level=1, statement=select]
14:01:02.922 [main] DEBUG org.hibernate.hql.ast.AST - --- SQL AST ---
 \-[SELECT] QueryNode: &apos;SELECT&apos;  querySpaces (public.stops)
    +-[SELECT_CLAUSE] SelectClause: &apos;{select clause}&apos;
    |  +-[ALIAS_REF] IdentNode: &apos;stops0_.stop_id as stop1_6_&apos; {alias=s, className=net.lojika.gtfs.model.Stops, tableAlias=stops0_}
    |  \-[SQL_TOKEN] SqlFragment: &apos;stops0_.stop_lat as stop2_6_, stops0_.stop_lon as stop3_6_, stops0_.stop_name as stop4_6_&apos;
    +-[FROM] FromClause: &apos;FROM&apos; FromClause{level=1, fromElementCounter=1, fromElements=1, fromElementByClassAlias=[s], fromElementByTableAlias=[stops0_], fromElementsByPath=[], collectionJoinFromElementsByPath=[], impliedElements=[]}
    |  \-[FROM_FRAGMENT] FromElement: &apos;public.stops stops0_&apos; FromElement{explicit,not a collection join,not a fetch join,fetch non-lazy properties,classAlias=s,role=null,tableName=public.stops,tableAlias=stops0_,origin=null,columns={,className=net.lojika.gtfs.model.Stops}}
    \-[WHERE] SqlNode: &apos;WHERE&apos;
       \-[EQ] BinaryLogicOperatorNode: &apos;=&apos;
          +-[DOT] DotNode: &apos;stops0_.stop_id&apos; {propertyName=stopId,dereferenceType=ALL,propertyPath=stopId,path=s.stopId,tableAlias=stops0_,className=net.lojika.gtfs.model.Stops,classAlias=s}
          |  +-[ALIAS_REF] IdentNode: &apos;stops0_.stop_id&apos; {alias=s, className=net.lojika.gtfs.model.Stops, tableAlias=stops0_}
          |  \-[IDENT] IdentNode: &apos;stopId&apos; {originalText=stopId}
          \-[NAMED_PARAM] ParameterNode: &apos;?&apos; {name=stopId, expectedType=org.hibernate.type.StringType@48f02081}

14:01:02.923 [main] DEBUG org.hibernate.hql.ast.ErrorCounter - throwQueryException() : no errors
14:01:02.923 [main] DEBUG o.h.hql.ast.QueryTranslatorImpl - HQL: SELECT s FROM net.lojika.gtfs.model.Stops s WHERE s.stopId = :stopId
14:01:02.923 [main] DEBUG o.h.hql.ast.QueryTranslatorImpl - SQL: select stops0_.stop_id as stop1_6_, stops0_.stop_lat as stop2_6_, stops0_.stop_lon as stop3_6_, stops0_.stop_name as stop4_6_ from public.stops stops0_ where stops0_.stop_id=?
14:01:02.923 [main] DEBUG org.hibernate.hql.ast.ErrorCounter - throwQueryException() : no errors
14:01:02.923 [main] DEBUG o.hibernate.impl.SessionFactoryImpl - Checking named query: Calendar.findBySunday
14:01:02.923 [main] DEBUG o.h.hql.ast.QueryTranslatorImpl - parse() - HQL: SELECT c FROM net.lojika.gtfs.model.Calendar c WHERE c.sunday = :sunday
14:01:02.924 [main] DEBUG org.hibernate.hql.ast.AST - --- HQL AST ---
 \-[QUERY] Node: &apos;query&apos;
    +-[SELECT_FROM] Node: &apos;SELECT_FROM&apos;
    |  +-[FROM] Node: &apos;FROM&apos;
    |  |  \-[RANGE] Node: &apos;RANGE&apos;
    |  |     +-[DOT] Node: &apos;.&apos;
    |  |     |  +-[DOT] Node: &apos;.&apos;
    |  |     |  |  +-[DOT] Node: &apos;.&apos;
    |  |     |  |  |  +-[DOT] Node: &apos;.&apos;
    |  |     |  |  |  |  +-[IDENT] Node: &apos;net&apos;
    |  |     |  |  |  |  \-[IDENT] Node: &apos;lojika&apos;
    |  |     |  |  |  \-[IDENT] Node: &apos;gtfs&apos;
    |  |     |  |  \-[IDENT] Node: &apos;model&apos;
    |  |     |  \-[IDENT] Node: &apos;Calendar&apos;
    |  |     \-[ALIAS] Node: &apos;c&apos;
    |  \-[SELECT] Node: &apos;SELECT&apos;
    |     \-[IDENT] Node: &apos;c&apos;
    \-[WHERE] Node: &apos;WHERE&apos;
       \-[EQ] Node: &apos;=&apos;
          +-[DOT] Node: &apos;.&apos;
          |  +-[IDENT] Node: &apos;c&apos;
          |  \-[IDENT] Node: &apos;sunday&apos;
          \-[COLON] Node: &apos;:&apos;
             \-[IDENT] Node: &apos;sunday&apos;

14:01:02.924 [main] DEBUG org.hibernate.hql.ast.ErrorCounter - throwQueryException() : no errors
14:01:02.925 [main] DEBUG o.h.hql.antlr.HqlSqlBaseWalker - select &lt;&lt; begin [level=1, statement=select]
14:01:02.925 [main] DEBUG o.hibernate.hql.ast.tree.FromElement - FromClause{level=1} :  net.lojika.gtfs.model.Calendar (c) -&gt; calendar0_
14:01:02.925 [main] DEBUG o.h.hql.ast.tree.FromReferenceNode - Resolved :  c -&gt; calendar0_.service_id
14:01:02.925 [main] DEBUG o.h.hql.ast.tree.FromReferenceNode - Resolved :  c -&gt; calendar0_.service_id
14:01:02.925 [main] DEBUG org.hibernate.hql.ast.tree.DotNode - getDataType() : sunday -&gt; org.hibernate.type.StringType@48f02081
14:01:02.925 [main] DEBUG o.h.hql.ast.tree.FromReferenceNode - Resolved :  c.sunday -&gt; calendar0_.sunday
14:01:02.925 [main] DEBUG o.h.hql.antlr.HqlSqlBaseWalker - select : finishing up [level=1, statement=select]
14:01:02.925 [main] DEBUG org.hibernate.hql.ast.HqlSqlWalker - processQuery() :  ( SELECT ( {select clause} calendar0_.service_id ) ( FromClause{level=1} public.calendar calendar0_ ) ( WHERE ( = ( calendar0_.sunday calendar0_.service_id sunday ) ? ) ) )
14:01:02.925 [main] DEBUG o.h.hql.ast.util.JoinProcessor - Using FROM fragment [public.calendar calendar0_]
14:01:02.925 [main] DEBUG o.h.hql.antlr.HqlSqlBaseWalker - select &gt;&gt; end [level=1, statement=select]
14:01:02.926 [main] DEBUG org.hibernate.hql.ast.AST - --- SQL AST ---
 \-[SELECT] QueryNode: &apos;SELECT&apos;  querySpaces (public.calendar)
    +-[SELECT_CLAUSE] SelectClause: &apos;{select clause}&apos;
    |  +-[ALIAS_REF] IdentNode: &apos;calendar0_.service_id as service1_5_&apos; {alias=c, className=net.lojika.gtfs.model.Calendar, tableAlias=calendar0_}
    |  \-[SQL_TOKEN] SqlFragment: &apos;calendar0_.end_date as end2_5_, calendar0_.friday as friday5_, calendar0_.monday as monday5_, calendar0_.saturday as saturday5_, calendar0_.start_date as start6_5_, calendar0_.sunday as sunday5_, calendar0_.thursday as thursday5_, calendar0_.tuesday as tuesday5_, calendar0_.wednesday as wednesday5_&apos;
    +-[FROM] FromClause: &apos;FROM&apos; FromClause{level=1, fromElementCounter=1, fromElements=1, fromElementByClassAlias=[c], fromElementByTableAlias=[calendar0_], fromElementsByPath=[], collectionJoinFromElementsByPath=[], impliedElements=[]}
    |  \-[FROM_FRAGMENT] FromElement: &apos;public.calendar calendar0_&apos; FromElement{explicit,not a collection join,not a fetch join,fetch non-lazy properties,classAlias=c,role=null,tableName=public.calendar,tableAlias=calendar0_,origin=null,columns={,className=net.lojika.gtfs.model.Calendar}}
    \-[WHERE] SqlNode: &apos;WHERE&apos;
       \-[EQ] BinaryLogicOperatorNode: &apos;=&apos;
          +-[DOT] DotNode: &apos;calendar0_.sunday&apos; {propertyName=sunday,dereferenceType=ALL,propertyPath=sunday,path=c.sunday,tableAlias=calendar0_,className=net.lojika.gtfs.model.Calendar,classAlias=c}
          |  +-[ALIAS_REF] IdentNode: &apos;calendar0_.service_id&apos; {alias=c, className=net.lojika.gtfs.model.Calendar, tableAlias=calendar0_}
          |  \-[IDENT] IdentNode: &apos;sunday&apos; {originalText=sunday}
          \-[NAMED_PARAM] ParameterNode: &apos;?&apos; {name=sunday, expectedType=org.hibernate.type.StringType@48f02081}

14:01:02.926 [main] DEBUG org.hibernate.hql.ast.ErrorCounter - throwQueryException() : no errors
14:01:02.926 [main] DEBUG o.h.hql.ast.QueryTranslatorImpl - HQL: SELECT c FROM net.lojika.gtfs.model.Calendar c WHERE c.sunday = :sunday
14:01:02.926 [main] DEBUG o.h.hql.ast.QueryTranslatorImpl - SQL: select calendar0_.service_id as service1_5_, calendar0_.end_date as end2_5_, calendar0_.friday as friday5_, calendar0_.monday as monday5_, calendar0_.saturday as saturday5_, calendar0_.start_date as start6_5_, calendar0_.sunday as sunday5_, calendar0_.thursday as thursday5_, calendar0_.tuesday as tuesday5_, calendar0_.wednesday as wednesday5_ from public.calendar calendar0_ where calendar0_.sunday=?
14:01:02.926 [main] DEBUG org.hibernate.hql.ast.ErrorCounter - throwQueryException() : no errors
14:01:02.926 [main] DEBUG o.hibernate.impl.SessionFactoryImpl - Checking 0 named SQL queries
14:01:02.927 [main] DEBUG o.s.b.f.s.DefaultListableBeanFactory - Returning cached instance of singleton bean &apos;org.springframework.transaction.config.internalTransactionAdvisor&apos;
14:01:02.928 [main] DEBUG o.s.b.f.s.DefaultListableBeanFactory - Finished creating instance of bean &apos;sessionFactory&apos;
14:01:02.929 [main] DEBUG o.s.b.f.s.DefaultListableBeanFactory - Returning cached instance of singleton bean &apos;org.springframework.transaction.config.internalTransactionAdvisor&apos;
14:01:02.933 [main] DEBUG o.s.b.f.s.DefaultListableBeanFactory - Invoking afterPropertiesSet() on bean with name &apos;hibernateTemplate&apos;
14:01:02.933 [main] DEBUG o.s.b.f.s.DefaultListableBeanFactory - Returning cached instance of singleton bean &apos;org.springframework.transaction.config.internalTransactionAdvisor&apos;
14:01:02.936 [main] DEBUG o.s.b.f.s.DefaultListableBeanFactory - Finished creating instance of bean &apos;hibernateTemplate&apos;
14:01:02.936 [main] DEBUG o.s.b.f.s.DefaultListableBeanFactory - Returning cached instance of singleton bean &apos;sessionFactory&apos;
14:01:02.936 [main] DEBUG o.s.b.f.s.DefaultListableBeanFactory - Creating shared instance of singleton bean &apos;transactionManager&apos;
14:01:02.937 [main] DEBUG o.s.b.f.s.DefaultListableBeanFactory - Creating instance of bean &apos;transactionManager&apos;
14:01:02.942 [main] DEBUG o.s.b.f.s.DefaultListableBeanFactory - Eagerly caching bean &apos;transactionManager&apos; to allow for resolving potential circular references
14:01:02.945 [main] DEBUG o.s.b.f.s.DefaultListableBeanFactory - Returning cached instance of singleton bean &apos;sessionFactory&apos;
14:01:02.945 [main] DEBUG o.s.b.f.s.DefaultListableBeanFactory - Invoking afterPropertiesSet() on bean with name &apos;transactionManager&apos;
14:01:02.949 [main] INFO  o.s.o.h.HibernateTransactionManager - Using DataSource [org.springframework.jdbc.datasource.DriverManagerDataSource@7ad12366] of Hibernate SessionFactory for HibernateTransactionManager
14:01:02.949 [main] DEBUG o.s.b.f.s.DefaultListableBeanFactory - Returning cached instance of singleton bean &apos;org.springframework.transaction.config.internalTransactionAdvisor&apos;
14:01:02.950 [main] DEBUG o.s.b.f.s.DefaultListableBeanFactory - Finished creating instance of bean &apos;transactionManager&apos;
14:01:02.951 [main] DEBUG o.s.b.f.s.DefaultListableBeanFactory - Returning cached instance of singleton bean &apos;org.springframework.aop.config.internalAutoProxyCreator&apos;
14:01:02.951 [main] DEBUG o.s.b.f.s.DefaultListableBeanFactory - Returning cached instance of singleton bean &apos;org.springframework.transaction.annotation.AnnotationTransactionAttributeSource#0&apos;
14:01:02.951 [main] DEBUG o.s.b.f.s.DefaultListableBeanFactory - Creating shared instance of singleton bean &apos;org.springframework.transaction.interceptor.TransactionInterceptor#0&apos;
14:01:02.951 [main] DEBUG o.s.b.f.s.DefaultListableBeanFactory - Creating instance of bean &apos;org.springframework.transaction.interceptor.TransactionInterceptor#0&apos;
14:01:02.953 [main] DEBUG o.s.b.f.s.DefaultListableBeanFactory - Eagerly caching bean &apos;org.springframework.transaction.interceptor.TransactionInterceptor#0&apos; to allow for resolving potential circular references
14:01:02.956 [main] DEBUG o.s.b.f.s.DefaultListableBeanFactory - Returning cached instance of singleton bean &apos;org.springframework.transaction.annotation.AnnotationTransactionAttributeSource#0&apos;
14:01:02.956 [main] DEBUG o.s.b.f.s.DefaultListableBeanFactory - Invoking afterPropertiesSet() on bean with name &apos;org.springframework.transaction.interceptor.TransactionInterceptor#0&apos;
14:01:02.956 [main] DEBUG o.s.b.f.s.DefaultListableBeanFactory - Finished creating instance of bean &apos;org.springframework.transaction.interceptor.TransactionInterceptor#0&apos;
14:01:02.956 [main] DEBUG o.s.b.f.s.DefaultListableBeanFactory - Returning cached instance of singleton bean &apos;org.springframework.transaction.config.internalTransactionAdvisor&apos;
14:01:02.956 [main] DEBUG o.s.b.f.s.DefaultListableBeanFactory - Creating shared instance of singleton bean &apos;stopsDao&apos;
14:01:02.956 [main] DEBUG o.s.b.f.s.DefaultListableBeanFactory - Creating instance of bean &apos;stopsDao&apos;
14:01:02.964 [main] DEBUG o.s.b.f.annotation.InjectionMetadata - Registered injected element on class [net.lojika.gtfs.dao.impl.StopsDaoImpl]: ResourceElement for public void net.lojika.gtfs.dao.impl.HibernateGenericDaoImpl.setSessionFactory(org.hibernate.SessionFactory)
14:01:02.964 [main] DEBUG o.s.b.f.s.DefaultListableBeanFactory - Eagerly caching bean &apos;stopsDao&apos; to allow for resolving potential circular references
14:01:02.967 [main] DEBUG o.s.b.f.annotation.InjectionMetadata - Processing injected method of bean &apos;stopsDao&apos;: ResourceElement for public void net.lojika.gtfs.dao.impl.HibernateGenericDaoImpl.setSessionFactory(org.hibernate.SessionFactory)
14:01:02.967 [main] DEBUG o.s.b.f.s.DefaultListableBeanFactory - Returning cached instance of singleton bean &apos;sessionFactory&apos;
14:01:02.967 [main] DEBUG o.s.b.f.s.DefaultListableBeanFactory - Returning cached instance of singleton bean &apos;org.springframework.transaction.config.internalTransactionAdvisor&apos;
14:01:02.969 [main] DEBUG o.s.t.a.AnnotationTransactionAttributeSource - Adding transactional method &apos;findById&apos; with attribute: PROPAGATION_REQUIRED,ISOLATION_DEFAULT; &apos;&apos;
14:01:02.972 [main] DEBUG o.s.a.f.a.InfrastructureAdvisorAutoProxyCreator - Creating implicit proxy for bean &apos;stopsDao&apos; with 0 common interceptors and 1 specific interceptors
14:01:02.973 [main] DEBUG o.s.aop.framework.JdkDynamicAopProxy - Creating JDK dynamic proxy: target source is SingletonTargetSource for target object [net.lojika.gtfs.dao.impl.StopsDaoImpl@39b39c39]
14:01:02.977 [main] DEBUG o.s.b.f.s.DefaultListableBeanFactory - Finished creating instance of bean &apos;stopsDao&apos;
14:01:02.978 [main] DEBUG o.s.b.f.s.DefaultListableBeanFactory - Creating shared instance of singleton bean &apos;routesDao&apos;
14:01:02.978 [main] DEBUG o.s.b.f.s.DefaultListableBeanFactory - Creating instance of bean &apos;routesDao&apos;
14:01:02.979 [main] DEBUG o.s.b.f.annotation.InjectionMetadata - Registered injected element on class [net.lojika.gtfs.dao.impl.RoutesDaoImpl]: ResourceElement for public void net.lojika.gtfs.dao.impl.HibernateGenericDaoImpl.setSessionFactory(org.hibernate.SessionFactory)
14:01:02.980 [main] DEBUG o.s.b.f.s.DefaultListableBeanFactory - Eagerly caching bean &apos;routesDao&apos; to allow for resolving potential circular references
14:01:02.982 [main] DEBUG o.s.b.f.annotation.InjectionMetadata - Processing injected method of bean &apos;routesDao&apos;: ResourceElement for public void net.lojika.gtfs.dao.impl.HibernateGenericDaoImpl.setSessionFactory(org.hibernate.SessionFactory)
14:01:02.982 [main] DEBUG o.s.b.f.s.DefaultListableBeanFactory - Returning cached instance of singleton bean &apos;sessionFactory&apos;
14:01:02.982 [main] DEBUG o.s.b.f.s.DefaultListableBeanFactory - Returning cached instance of singleton bean &apos;org.springframework.transaction.config.internalTransactionAdvisor&apos;
14:01:02.982 [main] DEBUG o.s.t.a.AnnotationTransactionAttributeSource - Adding transactional method &apos;findById&apos; with attribute: PROPAGATION_REQUIRED,ISOLATION_DEFAULT; &apos;&apos;
14:01:02.983 [main] DEBUG o.s.a.f.a.InfrastructureAdvisorAutoProxyCreator - Creating implicit proxy for bean &apos;routesDao&apos; with 0 common interceptors and 1 specific interceptors
14:01:02.983 [main] DEBUG o.s.aop.framework.JdkDynamicAopProxy - Creating JDK dynamic proxy: target source is SingletonTargetSource for target object [net.lojika.gtfs.dao.impl.RoutesDaoImpl@138a6240]
14:01:02.985 [main] DEBUG o.s.b.f.s.DefaultListableBeanFactory - Finished creating instance of bean &apos;routesDao&apos;
14:01:02.986 [main] DEBUG o.s.b.f.s.DefaultListableBeanFactory - Creating shared instance of singleton bean &apos;routesCdkDao&apos;
14:01:02.986 [main] DEBUG o.s.b.f.s.DefaultListableBeanFactory - Creating instance of bean &apos;routesCdkDao&apos;
14:01:02.987 [main] DEBUG o.s.b.f.annotation.InjectionMetadata - Registered injected element on class [net.lojika.gtfs.dao.impl.RoutesCdkDaoImpl]: ResourceElement for public void net.lojika.gtfs.dao.impl.HibernateGenericDaoImpl.setSessionFactory(org.hibernate.SessionFactory)
14:01:02.987 [main] DEBUG o.s.b.f.s.DefaultListableBeanFactory - Eagerly caching bean &apos;routesCdkDao&apos; to allow for resolving potential circular references
14:01:02.990 [main] DEBUG o.s.b.f.annotation.InjectionMetadata - Processing injected method of bean &apos;routesCdkDao&apos;: ResourceElement for public void net.lojika.gtfs.dao.impl.HibernateGenericDaoImpl.setSessionFactory(org.hibernate.SessionFactory)
14:01:02.990 [main] DEBUG o.s.b.f.s.DefaultListableBeanFactory - Returning cached instance of singleton bean &apos;sessionFactory&apos;
14:01:02.990 [main] DEBUG o.s.b.f.s.DefaultListableBeanFactory - Returning cached instance of singleton bean &apos;org.springframework.transaction.config.internalTransactionAdvisor&apos;
14:01:02.991 [main] DEBUG o.s.t.a.AnnotationTransactionAttributeSource - Adding transactional method &apos;findById&apos; with attribute: PROPAGATION_REQUIRED,ISOLATION_DEFAULT; &apos;&apos;
14:01:02.991 [main] DEBUG o.s.a.f.a.InfrastructureAdvisorAutoProxyCreator - Creating implicit proxy for bean &apos;routesCdkDao&apos; with 0 common interceptors and 1 specific interceptors
14:01:02.991 [main] DEBUG o.s.aop.framework.JdkDynamicAopProxy - Creating JDK dynamic proxy: target source is SingletonTargetSource for target object [net.lojika.gtfs.dao.impl.RoutesCdkDaoImpl@4d6c3e8d]
14:01:02.994 [main] DEBUG o.s.b.f.s.DefaultListableBeanFactory - Finished creating instance of bean &apos;routesCdkDao&apos;
14:01:02.994 [main] DEBUG o.s.b.f.s.DefaultListableBeanFactory - Creating shared instance of singleton bean &apos;tripLineDao&apos;
14:01:02.994 [main] DEBUG o.s.b.f.s.DefaultListableBeanFactory - Creating instance of bean &apos;tripLineDao&apos;
14:01:02.995 [main] DEBUG o.s.b.f.annotation.InjectionMetadata - Registered injected element on class [net.lojika.gtfs.dao.impl.TripLineDaoImpl]: ResourceElement for public void net.lojika.gtfs.dao.impl.HibernateGenericDaoImpl.setSessionFactory(org.hibernate.SessionFactory)
14:01:02.996 [main] DEBUG o.s.b.f.s.DefaultListableBeanFactory - Eagerly caching bean &apos;tripLineDao&apos; to allow for resolving potential circular references
14:01:02.999 [main] DEBUG o.s.b.f.annotation.InjectionMetadata - Processing injected method of bean &apos;tripLineDao&apos;: ResourceElement for public void net.lojika.gtfs.dao.impl.HibernateGenericDaoImpl.setSessionFactory(org.hibernate.SessionFactory)
14:01:02.999 [main] DEBUG o.s.b.f.s.DefaultListableBeanFactory - Returning cached instance of singleton bean &apos;sessionFactory&apos;
14:01:02.999 [main] DEBUG o.s.b.f.s.DefaultListableBeanFactory - Returning cached instance of singleton bean &apos;org.springframework.transaction.config.internalTransactionAdvisor&apos;
14:01:02.999 [main] DEBUG o.s.t.a.AnnotationTransactionAttributeSource - Adding transactional method &apos;findById&apos; with attribute: PROPAGATION_REQUIRED,ISOLATION_DEFAULT; &apos;&apos;
14:01:02.999 [main] DEBUG o.s.a.f.a.InfrastructureAdvisorAutoProxyCreator - Creating implicit proxy for bean &apos;tripLineDao&apos; with 0 common interceptors and 1 specific interceptors
14:01:02.999 [main] DEBUG o.s.aop.framework.JdkDynamicAopProxy - Creating JDK dynamic proxy: target source is SingletonTargetSource for target object [net.lojika.gtfs.dao.impl.TripLineDaoImpl@264948a0]
14:01:03.002 [main] DEBUG o.s.b.f.s.DefaultListableBeanFactory - Finished creating instance of bean &apos;tripLineDao&apos;
14:01:03.002 [main] DEBUG o.s.b.f.s.DefaultListableBeanFactory - Creating shared instance of singleton bean &apos;tripsDao&apos;
14:01:03.002 [main] DEBUG o.s.b.f.s.DefaultListableBeanFactory - Creating instance of bean &apos;tripsDao&apos;
14:01:03.003 [main] DEBUG o.s.b.f.annotation.InjectionMetadata - Registered injected element on class [net.lojika.gtfs.dao.impl.TripsDaoImpl]: ResourceElement for public void net.lojika.gtfs.dao.impl.HibernateGenericDaoImpl.setSessionFactory(org.hibernate.SessionFactory)
14:01:03.004 [main] DEBUG o.s.b.f.s.DefaultListableBeanFactory - Eagerly caching bean &apos;tripsDao&apos; to allow for resolving potential circular references
14:01:03.006 [main] DEBUG o.s.b.f.annotation.InjectionMetadata - Processing injected method of bean &apos;tripsDao&apos;: ResourceElement for public void net.lojika.gtfs.dao.impl.HibernateGenericDaoImpl.setSessionFactory(org.hibernate.SessionFactory)
14:01:03.006 [main] DEBUG o.s.b.f.s.DefaultListableBeanFactory - Returning cached instance of singleton bean &apos;sessionFactory&apos;
14:01:03.006 [main] DEBUG o.s.b.f.s.DefaultListableBeanFactory - Returning cached instance of singleton bean &apos;org.springframework.transaction.config.internalTransactionAdvisor&apos;
14:01:03.007 [main] DEBUG o.s.t.a.AnnotationTransactionAttributeSource - Adding transactional method &apos;findById&apos; with attribute: PROPAGATION_REQUIRED,ISOLATION_DEFAULT; &apos;&apos;
14:01:03.007 [main] DEBUG o.s.a.f.a.InfrastructureAdvisorAutoProxyCreator - Creating implicit proxy for bean &apos;tripsDao&apos; with 0 common interceptors and 1 specific interceptors
14:01:03.007 [main] DEBUG o.s.aop.framework.JdkDynamicAopProxy - Creating JDK dynamic proxy: target source is SingletonTargetSource for target object [net.lojika.gtfs.dao.impl.TripsDaoImpl@61616da4]
14:01:03.009 [main] DEBUG o.s.b.f.s.DefaultListableBeanFactory - Finished creating instance of bean &apos;tripsDao&apos;
14:01:03.009 [main] DEBUG o.s.b.f.s.DefaultListableBeanFactory - Returning cached instance of singleton bean &apos;org.springframework.context.annotation.internalConfigurationAnnotationProcessor&apos;
14:01:03.009 [main] DEBUG o.s.b.f.s.DefaultListableBeanFactory - Returning cached instance of singleton bean &apos;org.springframework.context.annotation.internalAutowiredAnnotationProcessor&apos;
14:01:03.009 [main] DEBUG o.s.b.f.s.DefaultListableBeanFactory - Returning cached instance of singleton bean &apos;org.springframework.context.annotation.internalRequiredAnnotationProcessor&apos;
14:01:03.009 [main] DEBUG o.s.b.f.s.DefaultListableBeanFactory - Returning cached instance of singleton bean &apos;org.springframework.context.annotation.internalCommonAnnotationProcessor&apos;
14:01:03.009 [main] DEBUG o.s.b.f.s.DefaultListableBeanFactory - Returning cached instance of singleton bean &apos;org.springframework.context.annotation.internalPersistenceAnnotationProcessor&apos;
14:01:03.010 [main] DEBUG o.s.b.f.s.DefaultListableBeanFactory - Returning cached instance of singleton bean &apos;org.springframework.context.annotation.ConfigurationClassPostProcessor.importAwareProcessor&apos;
14:01:03.011 [main] DEBUG o.s.c.s.GenericApplicationContext - Unable to locate LifecycleProcessor with name &apos;lifecycleProcessor&apos;: using default [org.springframework.context.support.DefaultLifecycleProcessor@35f51410]
14:01:03.011 [main] DEBUG o.s.b.f.s.DefaultListableBeanFactory - Returning cached instance of singleton bean &apos;lifecycleProcessor&apos;
14:01:03.013 [main] DEBUG o.s.c.e.PropertySourcesPropertyResolver - Searching for key &apos;spring.liveBeansView.mbeanDomain&apos; in [systemProperties]
14:01:03.013 [main] DEBUG o.s.c.e.PropertySourcesPropertyResolver - Searching for key &apos;spring.liveBeansView.mbeanDomain&apos; in [systemEnvironment]
14:01:03.013 [main] DEBUG o.s.c.e.PropertySourcesPropertyResolver - Could not find key &apos;spring.liveBeansView.mbeanDomain&apos; in any property source. Returning [null]
14:01:03.014 [main] DEBUG o.s.t.c.CacheAwareContextLoaderDelegate - Storing ApplicationContext in cache under key [[MergedContextConfiguration@7a4b443a testClass = TripsDaoImplTest, locations = &apos;{classpath:/spring/bootstrap.xml}&apos;, classes = &apos;{}&apos;, contextInitializerClasses = &apos;[]&apos;, activeProfiles = &apos;{}&apos;, contextLoader = &apos;org.springframework.test.context.support.DelegatingSmartContextLoader&apos;, parent = [null]]].
14:01:03.018 [main] DEBUG o.s.b.f.annotation.InjectionMetadata - Processing injected method of bean &apos;net.lojika.gtfs.service.TripsDaoImplTest&apos;: AutowiredFieldElement for private net.lojika.gtfs.dao.StopsDao net.lojika.gtfs.service.TripsDaoImplTest.stopsDao
14:01:03.019 [main] DEBUG o.s.b.f.s.DefaultListableBeanFactory - Returning cached instance of singleton bean &apos;stopsDao&apos;
14:01:03.019 [main] DEBUG o.s.b.f.a.AutowiredAnnotationBeanPostProcessor - Autowiring by type from bean name &apos;net.lojika.gtfs.service.TripsDaoImplTest&apos; to bean named &apos;stopsDao&apos;
14:01:03.019 [main] DEBUG o.s.b.f.annotation.InjectionMetadata - Processing injected method of bean &apos;net.lojika.gtfs.service.TripsDaoImplTest&apos;: AutowiredFieldElement for private net.lojika.gtfs.dao.RoutesCdkDao net.lojika.gtfs.service.TripsDaoImplTest.routesCdkDao
14:01:03.019 [main] DEBUG o.s.b.f.s.DefaultListableBeanFactory - Returning cached instance of singleton bean &apos;routesCdkDao&apos;
14:01:03.020 [main] DEBUG o.s.b.f.a.AutowiredAnnotationBeanPostProcessor - Autowiring by type from bean name &apos;net.lojika.gtfs.service.TripsDaoImplTest&apos; to bean named &apos;routesCdkDao&apos;
14:01:03.020 [main] DEBUG o.s.b.f.annotation.InjectionMetadata - Processing injected method of bean &apos;net.lojika.gtfs.service.TripsDaoImplTest&apos;: AutowiredFieldElement for private net.lojika.gtfs.dao.TripsDao net.lojika.gtfs.service.TripsDaoImplTest.tripsDao
14:01:03.020 [main] DEBUG o.s.b.f.s.DefaultListableBeanFactory - Returning cached instance of singleton bean &apos;tripsDao&apos;
14:01:03.020 [main] DEBUG o.s.b.f.a.AutowiredAnnotationBeanPostProcessor - Autowiring by type from bean name &apos;net.lojika.gtfs.service.TripsDaoImplTest&apos; to bean named &apos;tripsDao&apos;
14:01:03.020 [main] DEBUG o.s.b.f.annotation.InjectionMetadata - Processing injected method of bean &apos;net.lojika.gtfs.service.TripsDaoImplTest&apos;: AutowiredFieldElement for private net.lojika.gtfs.dao.TripLineDao net.lojika.gtfs.service.TripsDaoImplTest.tripLineDao
14:01:03.020 [main] DEBUG o.s.b.f.s.DefaultListableBeanFactory - Returning cached instance of singleton bean &apos;tripLineDao&apos;
14:01:03.020 [main] DEBUG o.s.b.f.a.AutowiredAnnotationBeanPostProcessor - Autowiring by type from bean name &apos;net.lojika.gtfs.service.TripsDaoImplTest&apos; to bean named &apos;tripLineDao&apos;
14:01:03.021 [main] DEBUG o.s.b.f.s.DefaultListableBeanFactory - Returning cached instance of singleton bean &apos;org.springframework.transaction.config.internalTransactionAdvisor&apos;
14:01:03.024 [main] DEBUG o.s.b.f.s.DefaultListableBeanFactory - Returning cached instance of singleton bean &apos;org.springframework.transaction.interceptor.TransactionInterceptor#0&apos;
14:01:03.026 [main] DEBUG o.s.t.a.AnnotationTransactionAttributeSource - Adding transactional method &apos;findAll&apos; with attribute: PROPAGATION_REQUIRED,ISOLATION_DEFAULT; &apos;&apos;
14:01:03.027 [main] DEBUG o.s.b.f.s.DefaultListableBeanFactory - Returning cached instance of singleton bean &apos;transactionManager&apos;
14:01:03.031 [main] DEBUG o.s.o.h.HibernateTransactionManager - Creating new transaction with name [net.lojika.gtfs.dao.impl.RoutesCdkDaoImpl.findAll]: PROPAGATION_REQUIRED,ISOLATION_DEFAULT; &apos;&apos;
14:01:03.050 [main] DEBUG org.hibernate.impl.SessionImpl - opened session at timestamp: 14079276630
14:01:03.050 [main] DEBUG o.s.o.h.HibernateTransactionManager - Opened new Session [org.hibernate.impl.SessionImpl@3c7c3041] for Hibernate transaction
14:01:03.052 [main] DEBUG o.s.o.h.HibernateTransactionManager - Preparing JDBC Connection of Hibernate Session [org.hibernate.impl.SessionImpl@3c7c3041]
14:01:03.057 [main] DEBUG o.h.transaction.JDBCTransaction - begin
14:01:03.057 [main] DEBUG org.hibernate.jdbc.ConnectionManager - opening JDBC connection
14:01:03.057 [main] DEBUG o.s.j.d.DriverManagerDataSource - Creating new JDBC DriverManager Connection to [jdbc:postgresql://localhost:5432/gtfs]
14:01:03.059 [main] DEBUG o.h.transaction.JDBCTransaction - current autocommit status: true
14:01:03.059 [main] DEBUG o.h.transaction.JDBCTransaction - disabling autocommit
14:01:03.061 [main] DEBUG o.s.o.h.HibernateTransactionManager - Exposing Hibernate transaction as JDBC transaction [org.postgresql.jdbc4.Jdbc4Connection@e854e0]
14:01:03.071 [main] DEBUG org.hibernate.jdbc.AbstractBatcher - about to open PreparedStatement (open PreparedStatements: 0, globally: 0)
14:01:03.075 [main] DEBUG org.hibernate.SQL - select this_.route_cdk_id as route1_3_1_, this_.route_id as route2_3_1_, routes2_.route_id as route1_2_0_, routes2_.route_long_name as route2_2_0_, routes2_.route_short_name as route3_2_0_, routes2_.route_type as route4_2_0_ from public.routes_cdkid this_ left outer join public.routes routes2_ on this_.route_id=routes2_.route_id
Hibernate: select this_.route_cdk_id as route1_3_1_, this_.route_id as route2_3_1_, routes2_.route_id as route1_2_0_, routes2_.route_long_name as route2_2_0_, routes2_.route_short_name as route3_2_0_, routes2_.route_type as route4_2_0_ from public.routes_cdkid this_ left outer join public.routes routes2_ on this_.route_id=routes2_.route_id
14:01:03.099 [main] DEBUG org.hibernate.jdbc.AbstractBatcher - about to open ResultSet (open ResultSets: 0, globally: 0)
14:01:03.102 [main] DEBUG org.hibernate.loader.Loader - result row: EntityKey[net.lojika.gtfs.model.Routes#istb.5241], EntityKey[net.lojika.gtfs.model.RoutesCdkid#gtfs.line.5.bosada-1]
14:01:03.106 [main] DEBUG org.hibernate.loader.Loader - result row: EntityKey[net.lojika.gtfs.model.Routes#istb.5240], EntityKey[net.lojika.gtfs.model.RoutesCdkid#gtfs.line.5.kbt_kdyada-1]
14:01:03.106 [main] DEBUG org.hibernate.loader.Loader - result row: EntityKey[net.lojika.gtfs.model.Routes#istb.5231], EntityKey[net.lojika.gtfs.model.RoutesCdkid#gtfs.line.5.bosada-0]
14:01:03.107 [main] DEBUG org.hibernate.loader.Loader - result row: EntityKey[net.lojika.gtfs.model.Routes#istb.5230], EntityKey[net.lojika.gtfs.model.RoutesCdkid#gtfs.line.5.kbtkdyada-1]
14:01:03.107 [main] DEBUG org.hibernate.loader.Loader - result row: EntityKey[net.lojika.gtfs.model.Routes#istb.5230], EntityKey[net.lojika.gtfs.model.RoutesCdkid#gtfs.line.5.kbtkdyada-0]
14:01:03.107 [main] DEBUG org.hibernate.loader.Loader - result row: EntityKey[net.lojika.gtfs.model.Routes#istb.5199], EntityKey[net.lojika.gtfs.model.RoutesCdkid#gtfs.line.5.emnakv-1]
14:01:03.107 [main] DEBUG org.hibernate.loader.Loader - result row: EntityKey[net.lojika.gtfs.model.Routes#istb.5199], EntityKey[net.lojika.gtfs.model.RoutesCdkid#gtfs.line.5.emnakv-0]
14:01:03.107 [main] DEBUG org.hibernate.loader.Loader - result row: EntityKey[net.lojika.gtfs.model.Routes#istb.5198], EntityKey[net.lojika.gtfs.model.RoutesCdkid#gtfs.line.5.bykemn-1]
14:01:03.107 [main] DEBUG org.hibernate.loader.Loader - result row: EntityKey[net.lojika.gtfs.model.Routes#istb.5190], EntityKey[net.lojika.gtfs.model.RoutesCdkid#gtfs.line.5.emnahs-0]
14:01:03.107 [main] DEBUG org.hibernate.loader.Loader - result row: EntityKey[net.lojika.gtfs.model.Routes#istb.5170], EntityKey[net.lojika.gtfs.model.RoutesCdkid#gtfs.line.5.emnbyk-0]
14:01:03.108 [main] DEBUG org.hibernate.loader.Loader - result row: EntityKey[net.lojika.gtfs.model.Routes#istb.5163], EntityKey[net.lojika.gtfs.model.RoutesCdkid#gtfs.line.5.emrcng-1]
14:01:03.108 [main] DEBUG org.hibernate.loader.Loader - result row: EntityKey[net.lojika.gtfs.model.Routes#istb.5160], EntityKey[net.lojika.gtfs.model.RoutesCdkid#gtfs.line.5.kbtbyk-0]
14:01:03.108 [main] DEBUG org.hibernate.loader.Loader - result row: EntityKey[net.lojika.gtfs.model.Routes#istb.5156], EntityKey[net.lojika.gtfs.model.RoutesCdkid#gtfs.line.5.arnemn-1]
14:01:03.108 [main] DEBUG org.hibernate.loader.Loader - result row: EntityKey[net.lojika.gtfs.model.Routes#istb.5155], EntityKey[net.lojika.gtfs.model.RoutesCdkid#gtfs.line.5.ahsemn-1]
14:01:03.108 [main] DEBUG org.hibernate.loader.Loader - result row: EntityKey[net.lojika.gtfs.model.Routes#istb.5154], EntityKey[net.lojika.gtfs.model.RoutesCdkid#gtfs.line.5.cngemn-1]
14:01:03.108 [main] DEBUG org.hibernate.loader.Loader - result row: EntityKey[net.lojika.gtfs.model.Routes#istb.5153], EntityKey[net.lojika.gtfs.model.RoutesCdkid#gtfs.line.5.cngist-1]
14:01:03.109 [main] DEBUG org.hibernate.loader.Loader - result row: EntityKey[net.lojika.gtfs.model.Routes#istb.5150], EntityKey[net.lojika.gtfs.model.RoutesCdkid#gtfs.line.5.emnbyk-1]
14:01:03.109 [main] DEBUG org.hibernate.loader.Loader - result row: EntityKey[net.lojika.gtfs.model.Routes#istb.5143], EntityKey[net.lojika.gtfs.model.RoutesCdkid#gtfs.line.5.cngist-0]
14:01:03.109 [main] DEBUG org.hibernate.loader.Loader - result row: EntityKey[net.lojika.gtfs.model.Routes#istb.5111], EntityKey[net.lojika.gtfs.model.RoutesCdkid#gtfs.line.5.sryakv-1]
14:01:03.109 [main] DEBUG org.hibernate.loader.Loader - result row: EntityKey[net.lojika.gtfs.model.Routes#istb.5111], EntityKey[net.lojika.gtfs.model.RoutesCdkid#gtfs.line.5.sryakv-0]
14:01:03.110 [main] DEBUG org.hibernate.loader.Loader - result row: EntityKey[net.lojika.gtfs.model.Routes#istb.5104], EntityKey[net.lojika.gtfs.model.RoutesCdkid#gtfs.line.5.kcsist-0]
14:01:03.110 [main] DEBUG org.hibernate.loader.Loader - result row: EntityKey[net.lojika.gtfs.model.Routes#istb.5102], EntityKey[net.lojika.gtfs.model.RoutesCdkid#gtfs.line.5.kcsbsk-1]
14:01:03.110 [main] DEBUG org.hibernate.loader.Loader - result row: EntityKey[net.lojika.gtfs.model.Routes#istb.5013], EntityKey[net.lojika.gtfs.model.RoutesCdkid#gtfs.line.5.krkhyd-1]
14:01:03.110 [main] DEBUG org.hibernate.loader.Loader - result row: EntityKey[net.lojika.gtfs.model.Routes#istb.5012], EntityKey[net.lojika.gtfs.model.RoutesCdkid#gtfs.line.5.krkkdy-0]
14:01:03.110 [main] DEBUG org.hibernate.loader.Loader - result row: EntityKey[net.lojika.gtfs.model.Routes#istb.5011], EntityKey[net.lojika.gtfs.model.RoutesCdkid#gtfs.line.5.kdyemn-1]
14:01:03.110 [main] DEBUG org.hibernate.loader.Loader - result row: EntityKey[net.lojika.gtfs.model.Routes#istb.5008], EntityKey[net.lojika.gtfs.model.RoutesCdkid#gtfs.line.5.hlc-1]
14:01:03.110 [main] DEBUG org.hibernate.loader.Loader - result row: EntityKey[net.lojika.gtfs.model.Routes#istb.5008], EntityKey[net.lojika.gtfs.model.RoutesCdkid#gtfs.line.5.hlc-0]
14:01:03.111 [main] DEBUG org.hibernate.loader.Loader - result row: EntityKey[net.lojika.gtfs.model.Routes#istb.5006], EntityKey[net.lojika.gtfs.model.RoutesCdkid#gtfs.line.5.kdybsk-0]
14:01:03.111 [main] DEBUG org.hibernate.loader.Loader - result row: EntityKey[net.lojika.gtfs.model.Routes#istb.5005], EntityKey[net.lojika.gtfs.model.RoutesCdkid#gtfs.line.5.uskbsk-1]
14:01:03.111 [main] DEBUG org.hibernate.loader.Loader - result row: EntityKey[net.lojika.gtfs.model.Routes#istb.5005], EntityKey[net.lojika.gtfs.model.RoutesCdkid#gtfs.line.5.uskbsk-0]
14:01:03.111 [main] DEBUG org.hibernate.loader.Loader - result row: EntityKey[net.lojika.gtfs.model.Routes#istb.5004], EntityKey[net.lojika.gtfs.model.RoutesCdkid#gtfs.line.5.uskemn-1]
14:01:03.111 [main] DEBUG org.hibernate.loader.Loader - result row: EntityKey[net.lojika.gtfs.model.Routes#istb.5004], EntityKey[net.lojika.gtfs.model.RoutesCdkid#gtfs.line.5.uskemn-0]
14:01:03.111 [main] DEBUG org.hibernate.loader.Loader - result row: EntityKey[net.lojika.gtfs.model.Routes#istb.5003], EntityKey[net.lojika.gtfs.model.RoutesCdkid#gtfs.line.5.krkhyd-0]
14:01:03.111 [main] DEBUG org.hibernate.loader.Loader - result row: EntityKey[net.lojika.gtfs.model.Routes#istb.5002], EntityKey[net.lojika.gtfs.model.RoutesCdkid#gtfs.line.5.krkkdy-1]
14:01:03.111 [main] DEBUG org.hibernate.loader.Loader - result row: EntityKey[net.lojika.gtfs.model.Routes#istb.5001], EntityKey[net.lojika.gtfs.model.RoutesCdkid#gtfs.line.5.kdyemn-0]
14:01:03.112 [main] DEBUG org.hibernate.loader.Loader - result row: EntityKey[net.lojika.gtfs.model.Routes#istb.4007], EntityKey[net.lojika.gtfs.model.RoutesCdkid#gtfs.line.1.34z-1]
14:01:03.112 [main] DEBUG org.hibernate.loader.Loader - result row: EntityKey[net.lojika.gtfs.model.Routes#istb.4007], EntityKey[net.lojika.gtfs.model.RoutesCdkid#gtfs.line.1.34z-0]
14:01:03.112 [main] DEBUG org.hibernate.loader.Loader - result row: EntityKey[net.lojika.gtfs.model.Routes#istb.4006], EntityKey[net.lojika.gtfs.model.RoutesCdkid#gtfs.line.1.34t-1]
14:01:03.112 [main] DEBUG org.hibernate.loader.Loader - result row: EntityKey[net.lojika.gtfs.model.Routes#istb.4006], EntityKey[net.lojika.gtfs.model.RoutesCdkid#gtfs.line.1.34t-0]
14:01:03.112 [main] DEBUG org.hibernate.loader.Loader - result row: EntityKey[net.lojika.gtfs.model.Routes#istb.4005], EntityKey[net.lojika.gtfs.model.RoutesCdkid#gtfs.line.1.34g-1]
14:01:03.112 [main] DEBUG org.hibernate.loader.Loader - result row: EntityKey[net.lojika.gtfs.model.Routes#istb.4005], EntityKey[net.lojika.gtfs.model.RoutesCdkid#gtfs.line.1.34g-0]
14:01:03.112 [main] DEBUG org.hibernate.loader.Loader - result row: EntityKey[net.lojika.gtfs.model.Routes#istb.4004], EntityKey[net.lojika.gtfs.model.RoutesCdkid#gtfs.line.1.34c-1]
14:01:03.112 [main] DEBUG org.hibernate.loader.Loader - result row: EntityKey[net.lojika.gtfs.model.Routes#istb.4004], EntityKey[net.lojika.gtfs.model.RoutesCdkid#gtfs.line.1.34c-0]
14:01:03.112 [main] DEBUG org.hibernate.loader.Loader - result row: EntityKey[net.lojika.gtfs.model.Routes#istb.4003], EntityKey[net.lojika.gtfs.model.RoutesCdkid#gtfs.line.1.34b-1]
14:01:03.113 [main] DEBUG org.hibernate.loader.Loader - result row: EntityKey[net.lojika.gtfs.model.Routes#istb.4003], EntityKey[net.lojika.gtfs.model.RoutesCdkid#gtfs.line.1.34b-0]
14:01:03.113 [main] DEBUG org.hibernate.loader.Loader - result row: EntityKey[net.lojika.gtfs.model.Routes#istb.4002], EntityKey[net.lojika.gtfs.model.RoutesCdkid#gtfs.line.1.34a-1]
14:01:03.113 [main] DEBUG org.hibernate.loader.Loader - result row: EntityKey[net.lojika.gtfs.model.Routes#istb.4002], EntityKey[net.lojika.gtfs.model.RoutesCdkid#gtfs.line.1.34a-0]
14:01:03.113 [main] DEBUG org.hibernate.loader.Loader - result row: EntityKey[net.lojika.gtfs.model.Routes#istb.4001], EntityKey[net.lojika.gtfs.model.RoutesCdkid#gtfs.line.1.34-1]
14:01:03.113 [main] DEBUG org.hibernate.loader.Loader - result row: EntityKey[net.lojika.gtfs.model.Routes#istb.4001], EntityKey[net.lojika.gtfs.model.RoutesCdkid#gtfs.line.1.34-0]
14:01:03.113 [main] DEBUG org.hibernate.loader.Loader - result row: EntityKey[net.lojika.gtfs.model.Routes#istb.280828], EntityKey[net.lojika.gtfs.model.RoutesCdkid#gtfs.line.1.tb2-0]
14:01:03.113 [main] DEBUG org.hibernate.loader.Loader - result row: EntityKey[net.lojika.gtfs.model.Routes#istb.280827], EntityKey[net.lojika.gtfs.model.RoutesCdkid#gtfs.line.1.tb1-0]
14:01:03.113 [main] DEBUG org.hibernate.loader.Loader - result row: EntityKey[net.lojika.gtfs.model.Routes#istb.280825], EntityKey[net.lojika.gtfs.model.RoutesCdkid#gtfs.line.1.t1-0]
14:01:03.113 [main] DEBUG org.hibernate.loader.Loader - result row: EntityKey[net.lojika.gtfs.model.Routes#istb.280824], EntityKey[net.lojika.gtfs.model.RoutesCdkid#gtfs.line.1.sg2-1]
14:01:03.114 [main] DEBUG org.hibernate.loader.Loader - result row: EntityKey[net.lojika.gtfs.model.Routes#istb.280824], EntityKey[net.lojika.gtfs.model.RoutesCdkid#gtfs.line.1.sg2-0]
14:01:03.114 [main] DEBUG org.hibernate.loader.Loader - result row: EntityKey[net.lojika.gtfs.model.Routes#istb.280823], EntityKey[net.lojika.gtfs.model.RoutesCdkid#gtfs.line.1.sg1-1]
14:01:03.114 [main] DEBUG org.hibernate.loader.Loader - result row: EntityKey[net.lojika.gtfs.model.Routes#istb.280823], EntityKey[net.lojika.gtfs.model.RoutesCdkid#gtfs.line.1.sg1-0]
14:01:03.114 [main] DEBUG org.hibernate.loader.Loader - result row: EntityKey[net.lojika.gtfs.model.Routes#istb.280805], EntityKey[net.lojika.gtfs.model.RoutesCdkid#gtfs.line.1.ht5-0]
14:01:03.114 [main] DEBUG org.hibernate.loader.Loader - result row: EntityKey[net.lojika.gtfs.model.Routes#istb.280804], EntityKey[net.lojika.gtfs.model.RoutesCdkid#gtfs.line.1.ht48-1]
14:01:03.114 [main] DEBUG org.hibernate.loader.Loader - result row: EntityKey[net.lojika.gtfs.model.Routes#istb.280804], EntityKey[net.lojika.gtfs.model.RoutesCdkid#gtfs.line.1.ht48-0]
14:01:03.114 [main] DEBUG org.hibernate.loader.Loader - result row: EntityKey[net.lojika.gtfs.model.Routes#istb.280803], EntityKey[net.lojika.gtfs.model.RoutesCdkid#gtfs.line.1.ht29-1]
14:01:03.114 [main] DEBUG org.hibernate.loader.Loader - result row: EntityKey[net.lojika.gtfs.model.Routes#istb.280803], EntityKey[net.lojika.gtfs.model.RoutesCdkid#gtfs.line.1.ht29-0]
14:01:03.115 [main] DEBUG org.hibernate.loader.Loader - result row: EntityKey[net.lojika.gtfs.model.Routes#istb.280802], EntityKey[net.lojika.gtfs.model.RoutesCdkid#gtfs.line.1.ht20-1]
14:01:03.115 [main] DEBUG org.hibernate.loader.Loader - result row: EntityKey[net.lojika.gtfs.model.Routes#istb.280802], EntityKey[net.lojika.gtfs.model.RoutesCdkid#gtfs.line.1.ht20-0]
14:01:03.115 [main] DEBUG org.hibernate.loader.Loader - result row: EntityKey[net.lojika.gtfs.model.Routes#istb.280801], EntityKey[net.lojika.gtfs.model.RoutesCdkid#gtfs.line.1.ht2-1]
14:01:03.115 [main] DEBUG org.hibernate.loader.Loader - result row: EntityKey[net.lojika.gtfs.model.Routes#istb.280801], EntityKey[net.lojika.gtfs.model.RoutesCdkid#gtfs.line.1.ht2-0]
14:01:03.115 [main] DEBUG org.hibernate.loader.Loader - result row: EntityKey[net.lojika.gtfs.model.Routes#istb.280800], EntityKey[net.lojika.gtfs.model.RoutesCdkid#gtfs.line.1.ht18-1]
14:01:03.115 [main] DEBUG org.hibernate.loader.Loader - result row: EntityKey[net.lojika.gtfs.model.Routes#istb.280800], EntityKey[net.lojika.gtfs.model.RoutesCdkid#gtfs.line.1.ht18-0]
14:01:03.115 [main] DEBUG org.hibernate.loader.Loader - result row: EntityKey[net.lojika.gtfs.model.Routes#istb.280799], EntityKey[net.lojika.gtfs.model.RoutesCdkid#gtfs.line.1.ht12-1]
14:01:03.115 [main] DEBUG org.hibernate.loader.Loader - result row: EntityKey[net.lojika.gtfs.model.Routes#istb.280799], EntityKey[net.lojika.gtfs.model.RoutesCdkid#gtfs.line.1.ht12-0]
14:01:03.115 [main] DEBUG org.hibernate.loader.Loader - result row: EntityKey[net.lojika.gtfs.model.Routes#istb.280798], EntityKey[net.lojika.gtfs.model.RoutesCdkid#gtfs.line.1.ht11-1]
14:01:03.116 [main] DEBUG org.hibernate.loader.Loader - result row: EntityKey[net.lojika.gtfs.model.Routes#istb.280798], EntityKey[net.lojika.gtfs.model.RoutesCdkid#gtfs.line.1.ht11-0]
14:01:03.116 [main] DEBUG org.hibernate.loader.Loader - result row: EntityKey[net.lojika.gtfs.model.Routes#istb.280796], EntityKey[net.lojika.gtfs.model.RoutesCdkid#gtfs.line.1.gz2-0]
14:01:03.116 [main] DEBUG org.hibernate.loader.Loader - result row: EntityKey[net.lojika.gtfs.model.Routes#istb.280795], EntityKey[net.lojika.gtfs.model.RoutesCdkid#gtfs.line.1.gz1-0]
14:01:03.116 [main] DEBUG org.hibernate.loader.Loader - result row: EntityKey[net.lojika.gtfs.model.Routes#istb.280794], EntityKey[net.lojika.gtfs.model.RoutesCdkid#gtfs.line.1.fb2-0]
14:01:03.116 [main] DEBUG org.hibernate.loader.Loader - result row: EntityKey[net.lojika.gtfs.model.Routes#istb.280793], EntityKey[net.lojika.gtfs.model.RoutesCdkid#gtfs.line.1.fb1-0]
14:01:03.116 [main] DEBUG org.hibernate.loader.Loader - result row: EntityKey[net.lojika.gtfs.model.Routes#istb.280792], EntityKey[net.lojika.gtfs.model.RoutesCdkid#gtfs.line.1.er2-0]
14:01:03.116 [main] DEBUG org.hibernate.loader.Loader - result row: EntityKey[net.lojika.gtfs.model.Routes#istb.280791], EntityKey[net.lojika.gtfs.model.RoutesCdkid#gtfs.line.1.er1-0]
14:01:03.116 [main] DEBUG org.hibernate.loader.Loader - result row: EntityKey[net.lojika.gtfs.model.Routes#istb.280790], EntityKey[net.lojika.gtfs.model.RoutesCdkid#gtfs.line.1.em2-0]
14:01:03.117 [main] DEBUG org.hibernate.loader.Loader - result row: EntityKey[net.lojika.gtfs.model.Routes#istb.280789], EntityKey[net.lojika.gtfs.model.RoutesCdkid#gtfs.line.1.em1-0]
14:01:03.117 [main] DEBUG org.hibernate.loader.Loader - result row: EntityKey[net.lojika.gtfs.model.Routes#istb.280787], EntityKey[net.lojika.gtfs.model.RoutesCdkid#gtfs.line.1.e9-1]
14:01:03.117 [main] DEBUG org.hibernate.loader.Loader - result row: EntityKey[net.lojika.gtfs.model.Routes#istb.280787], EntityKey[net.lojika.gtfs.model.RoutesCdkid#gtfs.line.1.e9-0]
14:01:03.117 [main] DEBUG org.hibernate.loader.Loader - result row: EntityKey[net.lojika.gtfs.model.Routes#istb.280785], EntityKey[net.lojika.gtfs.model.RoutesCdkid#gtfs.line.1.e60-1]
14:01:03.117 [main] DEBUG org.hibernate.loader.Loader - result row: EntityKey[net.lojika.gtfs.model.Routes#istb.280785], EntityKey[net.lojika.gtfs.model.RoutesCdkid#gtfs.line.1.e60-0]
14:01:03.117 [main] DEBUG org.hibernate.loader.Loader - result row: EntityKey[net.lojika.gtfs.model.Routes#istb.280784], EntityKey[net.lojika.gtfs.model.RoutesCdkid#gtfs.line.1.e58-1]
14:01:03.117 [main] DEBUG org.hibernate.loader.Loader - result row: EntityKey[net.lojika.gtfs.model.Routes#istb.280784], EntityKey[net.lojika.gtfs.model.RoutesCdkid#gtfs.line.1.e58-0]
14:01:03.117 [main] DEBUG org.hibernate.loader.Loader - result row: EntityKey[net.lojika.gtfs.model.Routes#istb.280783], EntityKey[net.lojika.gtfs.model.RoutesCdkid#gtfs.line.1.e57-1]
14:01:03.117 [main] DEBUG org.hibernate.loader.Loader - result row: EntityKey[net.lojika.gtfs.model.Routes#istb.280783], EntityKey[net.lojika.gtfs.model.RoutesCdkid#gtfs.line.1.e57-0]
14:01:03.118 [main] DEBUG org.hibernate.loader.Loader - result row: EntityKey[net.lojika.gtfs.model.Routes#istb.280763], EntityKey[net.lojika.gtfs.model.RoutesCdkid#gtfs.line.1.98-0]
14:01:03.118 [main] DEBUG org.hibernate.loader.Loader - result row: EntityKey[net.lojika.gtfs.model.Routes#istb.280762], EntityKey[net.lojika.gtfs.model.RoutesCdkid#gtfs.line.1.98y-1]
14:01:03.118 [main] DEBUG org.hibernate.loader.Loader - result row: EntityKey[net.lojika.gtfs.model.Routes#istb.280762], EntityKey[net.lojika.gtfs.model.RoutesCdkid#gtfs.line.1.98y-0]
14:01:03.118 [main] DEBUG org.hibernate.loader.Loader - result row: EntityKey[net.lojika.gtfs.model.Routes#istb.280761], EntityKey[net.lojika.gtfs.model.RoutesCdkid#gtfs.line.1.98t-1]
14:01:03.118 [main] DEBUG org.hibernate.loader.Loader - result row: EntityKey[net.lojika.gtfs.model.Routes#istb.280761], EntityKey[net.lojika.gtfs.model.RoutesCdkid#gtfs.line.1.98t-0]
14:01:03.118 [main] DEBUG org.hibernate.loader.Loader - result row: EntityKey[net.lojika.gtfs.model.Routes#istb.280760], EntityKey[net.lojika.gtfs.model.RoutesCdkid#gtfs.line.1.98s-1]
14:01:03.118 [main] DEBUG org.hibernate.loader.Loader - result row: EntityKey[net.lojika.gtfs.model.Routes#istb.280760], EntityKey[net.lojika.gtfs.model.RoutesCdkid#gtfs.line.1.98s-0]
14:01:03.118 [main] DEBUG org.hibernate.loader.Loader - result row: EntityKey[net.lojika.gtfs.model.Routes#istb.280758], EntityKey[net.lojika.gtfs.model.RoutesCdkid#gtfs.line.1.98m-1]
14:01:03.118 [main] DEBUG org.hibernate.loader.Loader - result row: EntityKey[net.lojika.gtfs.model.Routes#istb.280758], EntityKey[net.lojika.gtfs.model.RoutesCdkid#gtfs.line.1.98m-0]
14:01:03.119 [main] DEBUG org.hibernate.loader.Loader - result row: EntityKey[net.lojika.gtfs.model.Routes#istb.280757], EntityKey[net.lojika.gtfs.model.RoutesCdkid#gtfs.line.1.98k-1]
14:01:03.119 [main] DEBUG org.hibernate.loader.Loader - result row: EntityKey[net.lojika.gtfs.model.Routes#istb.280757], EntityKey[net.lojika.gtfs.model.RoutesCdkid#gtfs.line.1.98k-0]
14:01:03.119 [main] DEBUG org.hibernate.loader.Loader - result row: EntityKey[net.lojika.gtfs.model.Routes#istb.280756], EntityKey[net.lojika.gtfs.model.RoutesCdkid#gtfs.line.1.98h-1]
14:01:03.119 [main] DEBUG org.hibernate.loader.Loader - result row: EntityKey[net.lojika.gtfs.model.Routes#istb.280756], EntityKey[net.lojika.gtfs.model.RoutesCdkid#gtfs.line.1.98h-0]
14:01:03.119 [main] DEBUG org.hibernate.loader.Loader - result row: EntityKey[net.lojika.gtfs.model.Routes#istb.280755], EntityKey[net.lojika.gtfs.model.RoutesCdkid#gtfs.line.1.98g-1]
14:01:03.119 [main] DEBUG org.hibernate.loader.Loader - result row: EntityKey[net.lojika.gtfs.model.Routes#istb.280755], EntityKey[net.lojika.gtfs.model.RoutesCdkid#gtfs.line.1.98g-0]
14:01:03.119 [main] DEBUG org.hibernate.loader.Loader - result row: EntityKey[net.lojika.gtfs.model.Routes#istb.280754], EntityKey[net.lojika.gtfs.model.RoutesCdkid#gtfs.line.1.98e-1]
14:01:03.119 [main] DEBUG org.hibernate.loader.Loader - result row: EntityKey[net.lojika.gtfs.model.Routes#istb.280754], EntityKey[net.lojika.gtfs.model.RoutesCdkid#gtfs.line.1.98e-0]
14:01:03.119 [main] DEBUG org.hibernate.loader.Loader - result row: EntityKey[net.lojika.gtfs.model.Routes#istb.280753], EntityKey[net.lojika.gtfs.model.RoutesCdkid#gtfs.line.1.98d-1]
14:01:03.120 [main] DEBUG org.hibernate.loader.Loader - result row: EntityKey[net.lojika.gtfs.model.Routes#istb.280753], EntityKey[net.lojika.gtfs.model.RoutesCdkid#gtfs.line.1.98d-0]
14:01:03.120 [main] DEBUG org.hibernate.loader.Loader - result row: EntityKey[net.lojika.gtfs.model.Routes#istb.280752], EntityKey[net.lojika.gtfs.model.RoutesCdkid#gtfs.line.1.98c-1]
14:01:03.120 [main] DEBUG org.hibernate.loader.Loader - result row: EntityKey[net.lojika.gtfs.model.Routes#istb.280752], EntityKey[net.lojika.gtfs.model.RoutesCdkid#gtfs.line.1.98c-0]
14:01:03.120 [main] DEBUG org.hibernate.loader.Loader - result row: EntityKey[net.lojika.gtfs.model.Routes#istb.280751], EntityKey[net.lojika.gtfs.model.RoutesCdkid#gtfs.line.1.98b-1]
14:01:03.120 [main] DEBUG org.hibernate.loader.Loader - result row: EntityKey[net.lojika.gtfs.model.Routes#istb.280747], EntityKey[net.lojika.gtfs.model.RoutesCdkid#gtfs.line.1.97t-1]
14:01:03.120 [main] DEBUG org.hibernate.loader.Loader - result row: EntityKey[net.lojika.gtfs.model.Routes#istb.280747], EntityKey[net.lojika.gtfs.model.RoutesCdkid#gtfs.line.1.97t-0]
14:01:03.120 [main] DEBUG org.hibernate.loader.Loader - result row: EntityKey[net.lojika.gtfs.model.Routes#istb.280746], EntityKey[net.lojika.gtfs.model.RoutesCdkid#gtfs.line.1.97m-1]
14:01:03.120 [main] DEBUG org.hibernate.loader.Loader - result row: EntityKey[net.lojika.gtfs.model.Routes#istb.280746], EntityKey[net.lojika.gtfs.model.RoutesCdkid#gtfs.line.1.97m-0]
14:01:03.121 [main] DEBUG org.hibernate.loader.Loader - result row: EntityKey[net.lojika.gtfs.model.Routes#istb.280743], EntityKey[net.lojika.gtfs.model.RoutesCdkid#gtfs.line.1.97g-1]
14:01:03.121 [main] DEBUG org.hibernate.loader.Loader - result row: EntityKey[net.lojika.gtfs.model.Routes#istb.280743], EntityKey[net.lojika.gtfs.model.RoutesCdkid#gtfs.line.1.97g-0]
14:01:03.121 [main] DEBUG org.hibernate.loader.Loader - result row: EntityKey[net.lojika.gtfs.model.Routes#istb.280742], EntityKey[net.lojika.gtfs.model.RoutesCdkid#gtfs.line.1.97e-0]
14:01:03.121 [main] DEBUG org.hibernate.loader.Loader - result row: EntityKey[net.lojika.gtfs.model.Routes#istb.280741], EntityKey[net.lojika.gtfs.model.RoutesCdkid#gtfs.line.1.97b-1]
14:01:03.121 [main] DEBUG org.hibernate.loader.Loader - result row: EntityKey[net.lojika.gtfs.model.Routes#istb.280741], EntityKey[net.lojika.gtfs.model.RoutesCdkid#gtfs.line.1.97b-0]
14:01:03.121 [main] DEBUG org.hibernate.loader.Loader - result row: EntityKey[net.lojika.gtfs.model.Routes#istb.280740], EntityKey[net.lojika.gtfs.model.RoutesCdkid#gtfs.line.1.97a-1]
14:01:03.121 [main] DEBUG org.hibernate.loader.Loader - result row: EntityKey[net.lojika.gtfs.model.Routes#istb.280740], EntityKey[net.lojika.gtfs.model.RoutesCdkid#gtfs.line.1.97a-0]
14:01:03.121 [main] DEBUG org.hibernate.loader.Loader - result row: EntityKey[net.lojika.gtfs.model.Routes#istb.280739], EntityKey[net.lojika.gtfs.model.RoutesCdkid#gtfs.line.1.97-1]
14:01:03.122 [main] DEBUG org.hibernate.loader.Loader - result row: EntityKey[net.lojika.gtfs.model.Routes#istb.280739], EntityKey[net.lojika.gtfs.model.RoutesCdkid#gtfs.line.1.97-0]
14:01:03.122 [main] DEBUG org.hibernate.loader.Loader - result row: EntityKey[net.lojika.gtfs.model.Routes#istb.280738], EntityKey[net.lojika.gtfs.model.RoutesCdkid#gtfs.line.1.96t-1]
14:01:03.122 [main] DEBUG org.hibernate.loader.Loader - result row: EntityKey[net.lojika.gtfs.model.Routes#istb.280738], EntityKey[net.lojika.gtfs.model.RoutesCdkid#gtfs.line.1.96t-0]
14:01:03.122 [main] DEBUG org.hibernate.loader.Loader - result row: EntityKey[net.lojika.gtfs.model.Routes#istb.280737], EntityKey[net.lojika.gtfs.model.RoutesCdkid#gtfs.line.1.94a-1]
14:01:03.122 [main] DEBUG org.hibernate.loader.Loader - result row: EntityKey[net.lojika.gtfs.model.Routes#istb.280737], EntityKey[net.lojika.gtfs.model.RoutesCdkid#gtfs.line.1.94a-0]
14:01:03.122 [main] DEBUG org.hibernate.loader.Loader - result row: EntityKey[net.lojika.gtfs.model.Routes#istb.280736], EntityKey[net.lojika.gtfs.model.RoutesCdkid#gtfs.line.1.94-1]
14:01:03.122 [main] DEBUG org.hibernate.loader.Loader - result row: EntityKey[net.lojika.gtfs.model.Routes#istb.280736], EntityKey[net.lojika.gtfs.model.RoutesCdkid#gtfs.line.1.94-0]
14:01:03.122 [main] DEBUG org.hibernate.loader.Loader - result row: EntityKey[net.lojika.gtfs.model.Routes#istb.280735], EntityKey[net.lojika.gtfs.model.RoutesCdkid#gtfs.line.1.93t-1]
14:01:03.122 [main] DEBUG org.hibernate.loader.Loader - result row: EntityKey[net.lojika.gtfs.model.Routes#istb.280735], EntityKey[net.lojika.gtfs.model.RoutesCdkid#gtfs.line.1.93t-0]
14:01:03.123 [main] DEBUG org.hibernate.loader.Loader - result row: EntityKey[net.lojika.gtfs.model.Routes#istb.280734], EntityKey[net.lojika.gtfs.model.RoutesCdkid#gtfs.line.1.93m-1]
14:01:03.123 [main] DEBUG org.hibernate.loader.Loader - result row: EntityKey[net.lojika.gtfs.model.Routes#istb.280734], EntityKey[net.lojika.gtfs.model.RoutesCdkid#gtfs.line.1.93m-0]
14:01:03.123 [main] DEBUG org.hibernate.loader.Loader - result row: EntityKey[net.lojika.gtfs.model.Routes#istb.280733], EntityKey[net.lojika.gtfs.model.RoutesCdkid#gtfs.line.1.93c-1]
14:01:03.123 [main] DEBUG org.hibernate.loader.Loader - result row: EntityKey[net.lojika.gtfs.model.Routes#istb.280733], EntityKey[net.lojika.gtfs.model.RoutesCdkid#gtfs.line.1.93c-0]
14:01:03.123 [main] DEBUG org.hibernate.loader.Loader - result row: EntityKey[net.lojika.gtfs.model.Routes#istb.280732], EntityKey[net.lojika.gtfs.model.RoutesCdkid#gtfs.line.1.93-1]
14:01:03.123 [main] DEBUG org.hibernate.loader.Loader - result row: EntityKey[net.lojika.gtfs.model.Routes#istb.280732], EntityKey[net.lojika.gtfs.model.RoutesCdkid#gtfs.line.1.93-0]
14:01:03.123 [main] DEBUG org.hibernate.loader.Loader - result row: EntityKey[net.lojika.gtfs.model.Routes#istb.280731], EntityKey[net.lojika.gtfs.model.RoutesCdkid#gtfs.line.1.92-1]
14:01:03.123 [main] DEBUG org.hibernate.loader.Loader - result row: EntityKey[net.lojika.gtfs.model.Routes#istb.280731], EntityKey[net.lojika.gtfs.model.RoutesCdkid#gtfs.line.1.92-0]
14:01:03.124 [main] DEBUG org.hibernate.loader.Loader - result row: EntityKey[net.lojika.gtfs.model.Routes#istb.280730], EntityKey[net.lojika.gtfs.model.RoutesCdkid#gtfs.line.1.92t-1]
14:01:03.124 [main] DEBUG org.hibernate.loader.Loader - result row: EntityKey[net.lojika.gtfs.model.Routes#istb.280730], EntityKey[net.lojika.gtfs.model.RoutesCdkid#gtfs.line.1.92t-0]
14:01:03.124 [main] DEBUG org.hibernate.loader.Loader - result row: EntityKey[net.lojika.gtfs.model.Routes#istb.280729], EntityKey[net.lojika.gtfs.model.RoutesCdkid#gtfs.line.1.92k-1]
14:01:03.124 [main] DEBUG org.hibernate.loader.Loader - result row: EntityKey[net.lojika.gtfs.model.Routes#istb.280729], EntityKey[net.lojika.gtfs.model.RoutesCdkid#gtfs.line.1.92k-0]
14:01:03.124 [main] DEBUG org.hibernate.loader.Loader - result row: EntityKey[net.lojika.gtfs.model.Routes#istb.280728], EntityKey[net.lojika.gtfs.model.RoutesCdkid#gtfs.line.1.92c-1]
14:01:03.124 [main] DEBUG org.hibernate.loader.Loader - result row: EntityKey[net.lojika.gtfs.model.Routes#istb.280728], EntityKey[net.lojika.gtfs.model.RoutesCdkid#gtfs.line.1.92c-0]
14:01:03.124 [main] DEBUG org.hibernate.loader.Loader - result row: EntityKey[net.lojika.gtfs.model.Routes#istb.280724], EntityKey[net.lojika.gtfs.model.RoutesCdkid#gtfs.line.1.91o-1]
14:01:03.124 [main] DEBUG org.hibernate.loader.Loader - result row: EntityKey[net.lojika.gtfs.model.Routes#istb.280724], EntityKey[net.lojika.gtfs.model.RoutesCdkid#gtfs.line.1.91o-0]
14:01:03.124 [main] DEBUG org.hibernate.loader.Loader - result row: EntityKey[net.lojika.gtfs.model.Routes#istb.280723], EntityKey[net.lojika.gtfs.model.RoutesCdkid#gtfs.line.1.91e-1]
14:01:03.125 [main] DEBUG org.hibernate.loader.Loader - result row: EntityKey[net.lojika.gtfs.model.Routes#istb.280723], EntityKey[net.lojika.gtfs.model.RoutesCdkid#gtfs.line.1.91e-0]
14:01:03.125 [main] DEBUG org.hibernate.loader.Loader - result row: EntityKey[net.lojika.gtfs.model.Routes#istb.280722], EntityKey[net.lojika.gtfs.model.RoutesCdkid#gtfs.line.1.90b-1]
14:01:03.125 [main] DEBUG org.hibernate.loader.Loader - result row: EntityKey[net.lojika.gtfs.model.Routes#istb.280722], EntityKey[net.lojika.gtfs.model.RoutesCdkid#gtfs.line.1.90b-0]
14:01:03.125 [main] DEBUG org.hibernate.loader.Loader - result row: EntityKey[net.lojika.gtfs.model.Routes#istb.280721], EntityKey[net.lojika.gtfs.model.RoutesCdkid#gtfs.line.1.90-1]
14:01:03.125 [main] DEBUG org.hibernate.loader.Loader - result row: EntityKey[net.lojika.gtfs.model.Routes#istb.280721], EntityKey[net.lojika.gtfs.model.RoutesCdkid#gtfs.line.1.90-0]
14:01:03.125 [main] DEBUG org.hibernate.loader.Loader - result row: EntityKey[net.lojika.gtfs.model.Routes#istb.280720], EntityKey[net.lojika.gtfs.model.RoutesCdkid#gtfs.line.1.8m-1]
14:01:03.125 [main] DEBUG org.hibernate.loader.Loader - result row: EntityKey[net.lojika.gtfs.model.Routes#istb.280720], EntityKey[net.lojika.gtfs.model.RoutesCdkid#gtfs.line.1.8m-0]
14:01:03.125 [main] DEBUG org.hibernate.loader.Loader - result row: EntityKey[net.lojika.gtfs.model.Routes#istb.280719], EntityKey[net.lojika.gtfs.model.RoutesCdkid#gtfs.line.1.8e-1]
14:01:03.126 [main] DEBUG org.hibernate.loader.Loader - result row: EntityKey[net.lojika.gtfs.model.Routes#istb.280719], EntityKey[net.lojika.gtfs.model.RoutesCdkid#gtfs.line.1.8e-0]
14:01:03.126 [main] DEBUG org.hibernate.loader.Loader - result row: EntityKey[net.lojika.gtfs.model.Routes#istb.280718], EntityKey[net.lojika.gtfs.model.RoutesCdkid#gtfs.line.1.8d-1]
14:01:03.126 [main] DEBUG org.hibernate.loader.Loader - result row: EntityKey[net.lojika.gtfs.model.Routes#istb.280718], EntityKey[net.lojika.gtfs.model.RoutesCdkid#gtfs.line.1.8d-0]
14:01:03.126 [main] DEBUG org.hibernate.loader.Loader - result row: EntityKey[net.lojika.gtfs.model.Routes#istb.280717], EntityKey[net.lojika.gtfs.model.RoutesCdkid#gtfs.line.1.8a-1]
14:01:03.126 [main] DEBUG org.hibernate.loader.Loader - result row: EntityKey[net.lojika.gtfs.model.Routes#istb.280717], EntityKey[net.lojika.gtfs.model.RoutesCdkid#gtfs.line.1.8a-0]
14:01:03.126 [main] DEBUG org.hibernate.loader.Loader - result row: EntityKey[net.lojika.gtfs.model.Routes#istb.280716], EntityKey[net.lojika.gtfs.model.RoutesCdkid#gtfs.line.1.89-1]
14:01:03.126 [main] DEBUG org.hibernate.loader.Loader - result row: EntityKey[net.lojika.gtfs.model.Routes#istb.280716], EntityKey[net.lojika.gtfs.model.RoutesCdkid#gtfs.line.1.89-0]
14:01:03.126 [main] DEBUG org.hibernate.loader.Loader - result row: EntityKey[net.lojika.gtfs.model.Routes#istb.280715], EntityKey[net.lojika.gtfs.model.RoutesCdkid#gtfs.line.1.89yb-1]
14:01:03.127 [main] DEBUG org.hibernate.loader.Loader - result row: EntityKey[net.lojika.gtfs.model.Routes#istb.280715], EntityKey[net.lojika.gtfs.model.RoutesCdkid#gtfs.line.1.89yb-0]
14:01:03.127 [main] DEBUG org.hibernate.loader.Loader - result row: EntityKey[net.lojika.gtfs.model.Routes#istb.280714], EntityKey[net.lojika.gtfs.model.RoutesCdkid#gtfs.line.1.89t-1]
14:01:03.127 [main] DEBUG org.hibernate.loader.Loader - result row: EntityKey[net.lojika.gtfs.model.Routes#istb.280714], EntityKey[net.lojika.gtfs.model.RoutesCdkid#gtfs.line.1.89t-0]
14:01:03.127 [main] DEBUG org.hibernate.loader.Loader - result row: EntityKey[net.lojika.gtfs.model.Routes#istb.280713], EntityKey[net.lojika.gtfs.model.RoutesCdkid#gtfs.line.1.89s-1]
14:01:03.127 [main] DEBUG org.hibernate.loader.Loader - result row: EntityKey[net.lojika.gtfs.model.Routes#istb.280713], EntityKey[net.lojika.gtfs.model.RoutesCdkid#gtfs.line.1.89s-0]
14:01:03.127 [main] DEBUG org.hibernate.loader.Loader - result row: EntityKey[net.lojika.gtfs.model.Routes#istb.280712], EntityKey[net.lojika.gtfs.model.RoutesCdkid#gtfs.line.1.89m-1]
14:01:03.127 [main] DEBUG org.hibernate.loader.Loader - result row: EntityKey[net.lojika.gtfs.model.Routes#istb.280712], EntityKey[net.lojika.gtfs.model.RoutesCdkid#gtfs.line.1.89m-0]
14:01:03.127 [main] DEBUG org.hibernate.loader.Loader - result row: EntityKey[net.lojika.gtfs.model.Routes#istb.280711], EntityKey[net.lojika.gtfs.model.RoutesCdkid#gtfs.line.1.89c-1]
14:01:03.128 [main] DEBUG org.hibernate.loader.Loader - result row: EntityKey[net.lojika.gtfs.model.Routes#istb.280711], EntityKey[net.lojika.gtfs.model.RoutesCdkid#gtfs.line.1.89c-0]
14:01:03.128 [main] DEBUG org.hibernate.loader.Loader - result row: EntityKey[net.lojika.gtfs.model.Routes#istb.280710], EntityKey[net.lojika.gtfs.model.RoutesCdkid#gtfs.line.1.89b-1]
14:01:03.128 [main] DEBUG org.hibernate.loader.Loader - result row: EntityKey[net.lojika.gtfs.model.Routes#istb.280710], EntityKey[net.lojika.gtfs.model.RoutesCdkid#gtfs.line.1.89b-0]
14:01:03.128 [main] DEBUG org.hibernate.loader.Loader - result row: EntityKey[net.lojika.gtfs.model.Routes#istb.280709], EntityKey[net.lojika.gtfs.model.RoutesCdkid#gtfs.line.1.89a-1]
14:01:03.128 [main] DEBUG org.hibernate.loader.Loader - result row: EntityKey[net.lojika.gtfs.model.Routes#istb.280709], EntityKey[net.lojika.gtfs.model.RoutesCdkid#gtfs.line.1.89a-0]
14:01:03.128 [main] DEBUG org.hibernate.loader.Loader - result row: EntityKey[net.lojika.gtfs.model.Routes#istb.280707], EntityKey[net.lojika.gtfs.model.RoutesCdkid#gtfs.line.1.88a-1]
14:01:03.128 [main] DEBUG org.hibernate.loader.Loader - result row: EntityKey[net.lojika.gtfs.model.Routes#istb.280705], EntityKey[net.lojika.gtfs.model.RoutesCdkid#gtfs.line.1.87-1]
14:01:03.128 [main] DEBUG org.hibernate.loader.Loader - result row: EntityKey[net.lojika.gtfs.model.Routes#istb.280705], EntityKey[net.lojika.gtfs.model.RoutesCdkid#gtfs.line.1.87-0]
14:01:03.128 [main] DEBUG org.hibernate.loader.Loader - result row: EntityKey[net.lojika.gtfs.model.Routes#istb.280704], EntityKey[net.lojika.gtfs.model.RoutesCdkid#gtfs.line.1.86v-1]
14:01:03.129 [main] DEBUG org.hibernate.loader.Loader - result row: EntityKey[net.lojika.gtfs.model.Routes#istb.280704], EntityKey[net.lojika.gtfs.model.RoutesCdkid#gtfs.line.1.86v-0]
14:01:03.129 [main] DEBUG org.hibernate.loader.Loader - result row: EntityKey[net.lojika.gtfs.model.Routes#istb.280703], EntityKey[net.lojika.gtfs.model.RoutesCdkid#gtfs.line.1.85t-1]
14:01:03.129 [main] DEBUG org.hibernate.loader.Loader - result row: EntityKey[net.lojika.gtfs.model.Routes#istb.280703], EntityKey[net.lojika.gtfs.model.RoutesCdkid#gtfs.line.1.85t-0]
14:01:03.129 [main] DEBUG org.hibernate.loader.Loader - result row: EntityKey[net.lojika.gtfs.model.Routes#istb.280702], EntityKey[net.lojika.gtfs.model.RoutesCdkid#gtfs.line.1.85c-1]
14:01:03.129 [main] DEBUG org.hibernate.loader.Loader - result row: EntityKey[net.lojika.gtfs.model.Routes#istb.280701], EntityKey[net.lojika.gtfs.model.RoutesCdkid#gtfs.line.1.83o-1]
14:01:03.129 [main] DEBUG org.hibernate.loader.Loader - result row: EntityKey[net.lojika.gtfs.model.Routes#istb.280701], EntityKey[net.lojika.gtfs.model.RoutesCdkid#gtfs.line.1.83o-0]
14:01:03.129 [main] DEBUG org.hibernate.loader.Loader - result row: EntityKey[net.lojika.gtfs.model.Routes#istb.280700], EntityKey[net.lojika.gtfs.model.RoutesCdkid#gtfs.line.1.83-1]
14:01:03.129 [main] DEBUG org.hibernate.loader.Loader - result row: EntityKey[net.lojika.gtfs.model.Routes#istb.280700], EntityKey[net.lojika.gtfs.model.RoutesCdkid#gtfs.line.1.83-0]
14:01:03.130 [main] DEBUG org.hibernate.loader.Loader - result row: EntityKey[net.lojika.gtfs.model.Routes#istb.280699], EntityKey[net.lojika.gtfs.model.RoutesCdkid#gtfs.line.1.82b-0]
14:01:03.130 [main] DEBUG org.hibernate.loader.Loader - result row: EntityKey[net.lojika.gtfs.model.Routes#istb.280698], EntityKey[net.lojika.gtfs.model.RoutesCdkid#gtfs.line.1.82-1]
14:01:03.130 [main] DEBUG org.hibernate.loader.Loader - result row: EntityKey[net.lojika.gtfs.model.Routes#istb.280698], EntityKey[net.lojika.gtfs.model.RoutesCdkid#gtfs.line.1.82-0]
14:01:03.130 [main] DEBUG org.hibernate.loader.Loader - result row: EntityKey[net.lojika.gtfs.model.Routes#istb.280697], EntityKey[net.lojika.gtfs.model.RoutesCdkid#gtfs.line.1.81-1]
14:01:03.130 [main] DEBUG org.hibernate.loader.Loader - result row: EntityKey[net.lojika.gtfs.model.Routes#istb.280697], EntityKey[net.lojika.gtfs.model.RoutesCdkid#gtfs.line.1.81-0]
14:01:03.130 [main] DEBUG org.hibernate.loader.Loader - result row: EntityKey[net.lojika.gtfs.model.Routes#istb.280696], EntityKey[net.lojika.gtfs.model.RoutesCdkid#gtfs.line.1.80t-1]
14:01:03.130 [main] DEBUG org.hibernate.loader.Loader - result row: EntityKey[net.lojika.gtfs.model.Routes#istb.280696], EntityKey[net.lojika.gtfs.model.RoutesCdkid#gtfs.line.1.80t-0]
14:01:03.130 [main] DEBUG org.hibernate.loader.Loader - result row: EntityKey[net.lojika.gtfs.model.Routes#istb.280695], EntityKey[net.lojika.gtfs.model.RoutesCdkid#gtfs.line.1.80-1]
14:01:03.131 [main] DEBUG org.hibernate.loader.Loader - result row: EntityKey[net.lojika.gtfs.model.Routes#istb.280695], EntityKey[net.lojika.gtfs.model.RoutesCdkid#gtfs.line.1.80-0]
14:01:03.131 [main] DEBUG org.hibernate.loader.Loader - result row: EntityKey[net.lojika.gtfs.model.Routes#istb.280692], EntityKey[net.lojika.gtfs.model.RoutesCdkid#gtfs.line.1.79y-1]
14:01:03.131 [main] DEBUG org.hibernate.loader.Loader - result row: EntityKey[net.lojika.gtfs.model.Routes#istb.280692], EntityKey[net.lojika.gtfs.model.RoutesCdkid#gtfs.line.1.79y-0]
14:01:03.131 [main] DEBUG org.hibernate.loader.Loader - result row: EntityKey[net.lojika.gtfs.model.Routes#istb.280691], EntityKey[net.lojika.gtfs.model.RoutesCdkid#gtfs.line.1.79t-1]
14:01:03.131 [main] DEBUG org.hibernate.loader.Loader - result row: EntityKey[net.lojika.gtfs.model.Routes#istb.280691], EntityKey[net.lojika.gtfs.model.RoutesCdkid#gtfs.line.1.79t-0]
14:01:03.131 [main] DEBUG org.hibernate.loader.Loader - result row: EntityKey[net.lojika.gtfs.model.Routes#istb.280690], EntityKey[net.lojika.gtfs.model.RoutesCdkid#gtfs.line.1.79m-1]
14:01:03.131 [main] DEBUG org.hibernate.loader.Loader - result row: EntityKey[net.lojika.gtfs.model.Routes#istb.280690], EntityKey[net.lojika.gtfs.model.RoutesCdkid#gtfs.line.1.79m-0]
14:01:03.131 [main] DEBUG org.hibernate.loader.Loader - result row: EntityKey[net.lojika.gtfs.model.Routes#istb.280688], EntityKey[net.lojika.gtfs.model.RoutesCdkid#gtfs.line.1.79k-1]
14:01:03.132 [main] DEBUG org.hibernate.loader.Loader - result row: EntityKey[net.lojika.gtfs.model.Routes#istb.280688], EntityKey[net.lojika.gtfs.model.RoutesCdkid#gtfs.line.1.79k-0]
14:01:03.132 [main] DEBUG org.hibernate.loader.Loader - result row: EntityKey[net.lojika.gtfs.model.Routes#istb.280687], EntityKey[net.lojika.gtfs.model.RoutesCdkid#gtfs.line.1.79g-1]
14:01:03.132 [main] DEBUG org.hibernate.loader.Loader - result row: EntityKey[net.lojika.gtfs.model.Routes#istb.280687], EntityKey[net.lojika.gtfs.model.RoutesCdkid#gtfs.line.1.79g-0]
14:01:03.132 [main] DEBUG org.hibernate.loader.Loader - result row: EntityKey[net.lojika.gtfs.model.Routes#istb.280684], EntityKey[net.lojika.gtfs.model.RoutesCdkid#gtfs.line.1.79c-1]
14:01:03.132 [main] DEBUG org.hibernate.loader.Loader - result row: EntityKey[net.lojika.gtfs.model.Routes#istb.280684], EntityKey[net.lojika.gtfs.model.RoutesCdkid#gtfs.line.1.79c-0]
14:01:03.132 [main] DEBUG org.hibernate.loader.Loader - result row: EntityKey[net.lojika.gtfs.model.Routes#istb.280683], EntityKey[net.lojika.gtfs.model.RoutesCdkid#gtfs.line.1.79b-1]
14:01:03.132 [main] DEBUG org.hibernate.loader.Loader - result row: EntityKey[net.lojika.gtfs.model.Routes#istb.280683], EntityKey[net.lojika.gtfs.model.RoutesCdkid#gtfs.line.1.79b-0]
14:01:03.133 [main] DEBUG org.hibernate.loader.Loader - result row: EntityKey[net.lojika.gtfs.model.Routes#istb.280682], EntityKey[net.lojika.gtfs.model.RoutesCdkid#gtfs.line.1.78-1]
14:01:03.133 [main] DEBUG org.hibernate.loader.Loader - result row: EntityKey[net.lojika.gtfs.model.Routes#istb.280682], EntityKey[net.lojika.gtfs.model.RoutesCdkid#gtfs.line.1.78-0]
14:01:03.133 [main] DEBUG org.hibernate.loader.Loader - result row: EntityKey[net.lojika.gtfs.model.Routes#istb.280681], EntityKey[net.lojika.gtfs.model.RoutesCdkid#gtfs.line.1.78zb-1]
14:01:03.133 [main] DEBUG org.hibernate.loader.Loader - result row: EntityKey[net.lojika.gtfs.model.Routes#istb.280681], EntityKey[net.lojika.gtfs.model.RoutesCdkid#gtfs.line.1.78zb-0]
14:01:03.133 [main] DEBUG org.hibernate.loader.Loader - result row: EntityKey[net.lojika.gtfs.model.Routes#istb.280680], EntityKey[net.lojika.gtfs.model.RoutesCdkid#gtfs.line.1.78m-1]
14:01:03.133 [main] DEBUG org.hibernate.loader.Loader - result row: EntityKey[net.lojika.gtfs.model.Routes#istb.280680], EntityKey[net.lojika.gtfs.model.RoutesCdkid#gtfs.line.1.78m-0]
14:01:03.133 [main] DEBUG org.hibernate.loader.Loader - result row: EntityKey[net.lojika.gtfs.model.Routes#istb.280678], EntityKey[net.lojika.gtfs.model.RoutesCdkid#gtfs.line.1.78g-1]
14:01:03.133 [main] DEBUG org.hibernate.loader.Loader - result row: EntityKey[net.lojika.gtfs.model.Routes#istb.280678], EntityKey[net.lojika.gtfs.model.RoutesCdkid#gtfs.line.1.78g-0]
14:01:03.133 [main] DEBUG org.hibernate.loader.Loader - result row: EntityKey[net.lojika.gtfs.model.Routes#istb.280676], EntityKey[net.lojika.gtfs.model.RoutesCdkid#gtfs.line.1.78e-1]
14:01:03.134 [main] DEBUG org.hibernate.loader.Loader - result row: EntityKey[net.lojika.gtfs.model.Routes#istb.280676], EntityKey[net.lojika.gtfs.model.RoutesCdkid#gtfs.line.1.78e-0]
14:01:03.134 [main] DEBUG org.hibernate.loader.Loader - result row: EntityKey[net.lojika.gtfs.model.Routes#istb.280675], EntityKey[net.lojika.gtfs.model.RoutesCdkid#gtfs.line.1.78c-1]
14:01:03.134 [main] DEBUG org.hibernate.loader.Loader - result row: EntityKey[net.lojika.gtfs.model.Routes#istb.280675], EntityKey[net.lojika.gtfs.model.RoutesCdkid#gtfs.line.1.78c-0]
14:01:03.134 [main] DEBUG org.hibernate.loader.Loader - result row: EntityKey[net.lojika.gtfs.model.Routes#istb.280673], EntityKey[net.lojika.gtfs.model.RoutesCdkid#gtfs.line.1.78b-1]
14:01:03.134 [main] DEBUG org.hibernate.loader.Loader - result row: EntityKey[net.lojika.gtfs.model.Routes#istb.280673], EntityKey[net.lojika.gtfs.model.RoutesCdkid#gtfs.line.1.78b-0]
14:01:03.134 [main] DEBUG org.hibernate.loader.Loader - result row: EntityKey[net.lojika.gtfs.model.Routes#istb.280670], EntityKey[net.lojika.gtfs.model.RoutesCdkid#gtfs.line.1.77-1]
14:01:03.134 [main] DEBUG org.hibernate.loader.Loader - result row: EntityKey[net.lojika.gtfs.model.Routes#istb.280670], EntityKey[net.lojika.gtfs.model.RoutesCdkid#gtfs.line.1.77-0]
14:01:03.134 [main] DEBUG org.hibernate.loader.Loader - result row: EntityKey[net.lojika.gtfs.model.Routes#istb.280669], EntityKey[net.lojika.gtfs.model.RoutesCdkid#gtfs.line.1.77mt-1]
14:01:03.135 [main] DEBUG org.hibernate.loader.Loader - result row: EntityKey[net.lojika.gtfs.model.Routes#istb.280668], EntityKey[net.lojika.gtfs.model.RoutesCdkid#gtfs.line.1.77a-0]
14:01:03.135 [main] DEBUG org.hibernate.loader.Loader - result row: EntityKey[net.lojika.gtfs.model.Routes#istb.280665], EntityKey[net.lojika.gtfs.model.RoutesCdkid#gtfs.line.1.76y-1]
14:01:03.135 [main] DEBUG org.hibernate.loader.Loader - result row: EntityKey[net.lojika.gtfs.model.Routes#istb.280665], EntityKey[net.lojika.gtfs.model.RoutesCdkid#gtfs.line.1.76y-0]
14:01:03.135 [main] DEBUG org.hibernate.loader.Loader - result row: EntityKey[net.lojika.gtfs.model.Routes#istb.280662], EntityKey[net.lojika.gtfs.model.RoutesCdkid#gtfs.line.1.76o-1]
14:01:03.135 [main] DEBUG org.hibernate.loader.Loader - result row: EntityKey[net.lojika.gtfs.model.Routes#istb.280662], EntityKey[net.lojika.gtfs.model.RoutesCdkid#gtfs.line.1.76o-0]
14:01:03.135 [main] DEBUG org.hibernate.loader.Loader - result row: EntityKey[net.lojika.gtfs.model.Routes#istb.280661], EntityKey[net.lojika.gtfs.model.RoutesCdkid#gtfs.line.1.76m-1]
14:01:03.135 [main] DEBUG org.hibernate.loader.Loader - result row: EntityKey[net.lojika.gtfs.model.Routes#istb.280661], EntityKey[net.lojika.gtfs.model.RoutesCdkid#gtfs.line.1.76m-0]
14:01:03.135 [main] DEBUG org.hibernate.loader.Loader - result row: EntityKey[net.lojika.gtfs.model.Routes#istb.280658], EntityKey[net.lojika.gtfs.model.RoutesCdkid#gtfs.line.1.76e-1]
14:01:03.135 [main] DEBUG org.hibernate.loader.Loader - result row: EntityKey[net.lojika.gtfs.model.Routes#istb.280658], EntityKey[net.lojika.gtfs.model.RoutesCdkid#gtfs.line.1.76e-0]
14:01:03.136 [main] DEBUG org.hibernate.loader.Loader - result row: EntityKey[net.lojika.gtfs.model.Routes#istb.280657], EntityKey[net.lojika.gtfs.model.RoutesCdkid#gtfs.line.1.76d-1]
14:01:03.136 [main] DEBUG org.hibernate.loader.Loader - result row: EntityKey[net.lojika.gtfs.model.Routes#istb.280657], EntityKey[net.lojika.gtfs.model.RoutesCdkid#gtfs.line.1.76d-0]
14:01:03.136 [main] DEBUG org.hibernate.loader.Loader - result row: EntityKey[net.lojika.gtfs.model.Routes#istb.280655], EntityKey[net.lojika.gtfs.model.RoutesCdkid#gtfs.line.1.76b-1]
14:01:03.136 [main] DEBUG org.hibernate.loader.Loader - result row: EntityKey[net.lojika.gtfs.model.Routes#istb.280655], EntityKey[net.lojika.gtfs.model.RoutesCdkid#gtfs.line.1.76b-0]
14:01:03.136 [main] DEBUG org.hibernate.loader.Loader - result row: EntityKey[net.lojika.gtfs.model.Routes#istb.280654], EntityKey[net.lojika.gtfs.model.RoutesCdkid#gtfs.line.1.76-1]
14:01:03.136 [main] DEBUG org.hibernate.loader.Loader - result row: EntityKey[net.lojika.gtfs.model.Routes#istb.280654], EntityKey[net.lojika.gtfs.model.RoutesCdkid#gtfs.line.1.76-0]
14:01:03.136 [main] DEBUG org.hibernate.loader.Loader - result row: EntityKey[net.lojika.gtfs.model.Routes#istb.280653], EntityKey[net.lojika.gtfs.model.RoutesCdkid#gtfs.line.1.75o-1]
14:01:03.136 [main] DEBUG org.hibernate.loader.Loader - result row: EntityKey[net.lojika.gtfs.model.Routes#istb.280653], EntityKey[net.lojika.gtfs.model.RoutesCdkid#gtfs.line.1.75o-0]
14:01:03.136 [main] DEBUG org.hibernate.loader.Loader - result row: EntityKey[net.lojika.gtfs.model.Routes#istb.280652], EntityKey[net.lojika.gtfs.model.RoutesCdkid#gtfs.line.1.75m-1]
14:01:03.137 [main] DEBUG org.hibernate.loader.Loader - result row: EntityKey[net.lojika.gtfs.model.Routes#istb.280652], EntityKey[net.lojika.gtfs.model.RoutesCdkid#gtfs.line.1.75m-0]
14:01:03.137 [main] DEBUG org.hibernate.loader.Loader - result row: EntityKey[net.lojika.gtfs.model.Routes#istb.280651], EntityKey[net.lojika.gtfs.model.RoutesCdkid#gtfs.line.1.74a-1]
14:01:03.137 [main] DEBUG org.hibernate.loader.Loader - result row: EntityKey[net.lojika.gtfs.model.Routes#istb.280651], EntityKey[net.lojika.gtfs.model.RoutesCdkid#gtfs.line.1.74a-0]
14:01:03.137 [main] DEBUG org.hibernate.loader.Loader - result row: EntityKey[net.lojika.gtfs.model.Routes#istb.280650], EntityKey[net.lojika.gtfs.model.RoutesCdkid#gtfs.line.1.74-1]
14:01:03.137 [main] DEBUG org.hibernate.loader.Loader - result row: EntityKey[net.lojika.gtfs.model.Routes#istb.280650], EntityKey[net.lojika.gtfs.model.RoutesCdkid#gtfs.line.1.74-0]
14:01:03.137 [main] DEBUG org.hibernate.loader.Loader - result row: EntityKey[net.lojika.gtfs.model.Routes#istb.280648], EntityKey[net.lojika.gtfs.model.RoutesCdkid#gtfs.line.1.73t-1]
14:01:03.137 [main] DEBUG org.hibernate.loader.Loader - result row: EntityKey[net.lojika.gtfs.model.Routes#istb.280648], EntityKey[net.lojika.gtfs.model.RoutesCdkid#gtfs.line.1.73t-0]
14:01:03.137 [main] DEBUG org.hibernate.loader.Loader - result row: EntityKey[net.lojika.gtfs.model.Routes#istb.280647], EntityKey[net.lojika.gtfs.model.RoutesCdkid#gtfs.line.1.73f-1]
14:01:03.138 [main] DEBUG org.hibernate.loader.Loader - result row: EntityKey[net.lojika.gtfs.model.Routes#istb.280647], EntityKey[net.lojika.gtfs.model.RoutesCdkid#gtfs.line.1.73f-0]
14:01:03.138 [main] DEBUG org.hibernate.loader.Loader - result row: EntityKey[net.lojika.gtfs.model.Routes#istb.280646], EntityKey[net.lojika.gtfs.model.RoutesCdkid#gtfs.line.1.73-1]
14:01:03.138 [main] DEBUG org.hibernate.loader.Loader - result row: EntityKey[net.lojika.gtfs.model.Routes#istb.280646], EntityKey[net.lojika.gtfs.model.RoutesCdkid#gtfs.line.1.73-0]
14:01:03.138 [main] DEBUG org.hibernate.loader.Loader - result row: EntityKey[net.lojika.gtfs.model.Routes#istb.280644], EntityKey[net.lojika.gtfs.model.RoutesCdkid#gtfs.line.1.72t-1]
14:01:03.138 [main] DEBUG org.hibernate.loader.Loader - result row: EntityKey[net.lojika.gtfs.model.Routes#istb.280644], EntityKey[net.lojika.gtfs.model.RoutesCdkid#gtfs.line.1.72t-0]
14:01:03.138 [main] DEBUG org.hibernate.loader.Loader - result row: EntityKey[net.lojika.gtfs.model.Routes#istb.280643], EntityKey[net.lojika.gtfs.model.RoutesCdkid#gtfs.line.1.71t-1]
14:01:03.138 [main] DEBUG org.hibernate.loader.Loader - result row: EntityKey[net.lojika.gtfs.model.Routes#istb.280643], EntityKey[net.lojika.gtfs.model.RoutesCdkid#gtfs.line.1.71t-0]
14:01:03.138 [main] DEBUG org.hibernate.loader.Loader - result row: EntityKey[net.lojika.gtfs.model.Routes#istb.280641], EntityKey[net.lojika.gtfs.model.RoutesCdkid#gtfs.line.1.70ky-1]
14:01:03.138 [main] DEBUG org.hibernate.loader.Loader - result row: EntityKey[net.lojika.gtfs.model.Routes#istb.280641], EntityKey[net.lojika.gtfs.model.RoutesCdkid#gtfs.line.1.70ky-0]
14:01:03.139 [main] DEBUG org.hibernate.loader.Loader - result row: EntityKey[net.lojika.gtfs.model.Routes#istb.280640], EntityKey[net.lojika.gtfs.model.RoutesCdkid#gtfs.line.1.70ke-1]
14:01:03.139 [main] DEBUG org.hibernate.loader.Loader - result row: EntityKey[net.lojika.gtfs.model.Routes#istb.280640], EntityKey[net.lojika.gtfs.model.RoutesCdkid#gtfs.line.1.70ke-0]
14:01:03.139 [main] DEBUG org.hibernate.loader.Loader - result row: EntityKey[net.lojika.gtfs.model.Routes#istb.280639], EntityKey[net.lojika.gtfs.model.RoutesCdkid#gtfs.line.1.70fy-1]
14:01:03.139 [main] DEBUG org.hibernate.loader.Loader - result row: EntityKey[net.lojika.gtfs.model.Routes#istb.280639], EntityKey[net.lojika.gtfs.model.RoutesCdkid#gtfs.line.1.70fy-0]
14:01:03.139 [main] DEBUG org.hibernate.loader.Loader - result row: EntityKey[net.lojika.gtfs.model.Routes#istb.280638], EntityKey[net.lojika.gtfs.model.RoutesCdkid#gtfs.line.1.70fe-1]
14:01:03.139 [main] DEBUG org.hibernate.loader.Loader - result row: EntityKey[net.lojika.gtfs.model.Routes#istb.280638], EntityKey[net.lojika.gtfs.model.RoutesCdkid#gtfs.line.1.70fe-0]
14:01:03.139 [main] DEBUG org.hibernate.loader.Loader - result row: EntityKey[net.lojika.gtfs.model.Routes#istb.280637], EntityKey[net.lojika.gtfs.model.RoutesCdkid#gtfs.line.1.7-0]
14:01:03.140 [main] DEBUG org.hibernate.loader.Loader - result row: EntityKey[net.lojika.gtfs.model.Routes#istb.280636], EntityKey[net.lojika.gtfs.model.RoutesCdkid#gtfs.line.1.69a-1]
14:01:03.140 [main] DEBUG org.hibernate.loader.Loader - result row: EntityKey[net.lojika.gtfs.model.Routes#istb.280636], EntityKey[net.lojika.gtfs.model.RoutesCdkid#gtfs.line.1.69a-0]
14:01:03.140 [main] DEBUG org.hibernate.loader.Loader - result row: EntityKey[net.lojika.gtfs.model.Routes#istb.280635], EntityKey[net.lojika.gtfs.model.RoutesCdkid#gtfs.line.1.66z-0]
14:01:03.140 [main] DEBUG org.hibernate.loader.Loader - result row: EntityKey[net.lojika.gtfs.model.Routes#istb.280634], EntityKey[net.lojika.gtfs.model.RoutesCdkid#gtfs.line.1.66-1]
14:01:03.140 [main] DEBUG org.hibernate.loader.Loader - result row: EntityKey[net.lojika.gtfs.model.Routes#istb.280634], EntityKey[net.lojika.gtfs.model.RoutesCdkid#gtfs.line.1.66-0]
14:01:03.140 [main] DEBUG org.hibernate.loader.Loader - result row: EntityKey[net.lojika.gtfs.model.Routes#istb.280630], EntityKey[net.lojika.gtfs.model.RoutesCdkid#gtfs.line.1.62g-1]
14:01:03.140 [main] DEBUG org.hibernate.loader.Loader - result row: EntityKey[net.lojika.gtfs.model.Routes#istb.280630], EntityKey[net.lojika.gtfs.model.RoutesCdkid#gtfs.line.1.62g-0]
14:01:03.140 [main] DEBUG org.hibernate.loader.Loader - result row: EntityKey[net.lojika.gtfs.model.Routes#istb.280628], EntityKey[net.lojika.gtfs.model.RoutesCdkid#gtfs.line.1.61b-1]
14:01:03.140 [main] DEBUG org.hibernate.loader.Loader - result row: EntityKey[net.lojika.gtfs.model.Routes#istb.280627], EntityKey[net.lojika.gtfs.model.RoutesCdkid#gtfs.line.1.6-1]
14:01:03.141 [main] DEBUG org.hibernate.loader.Loader - result row: EntityKey[net.lojika.gtfs.model.Routes#istb.280627], EntityKey[net.lojika.gtfs.model.RoutesCdkid#gtfs.line.1.6-0]
14:01:03.141 [main] DEBUG org.hibernate.loader.Loader - result row: EntityKey[net.lojika.gtfs.model.Routes#istb.280626], EntityKey[net.lojika.gtfs.model.RoutesCdkid#gtfs.line.1.59u-0]
14:01:03.141 [main] DEBUG org.hibernate.loader.Loader - result row: EntityKey[net.lojika.gtfs.model.Routes#istb.280625], EntityKey[net.lojika.gtfs.model.RoutesCdkid#gtfs.line.1.59s-0]
14:01:03.141 [main] DEBUG org.hibernate.loader.Loader - result row: EntityKey[net.lojika.gtfs.model.Routes#istb.280624], EntityKey[net.lojika.gtfs.model.RoutesCdkid#gtfs.line.1.59rs-1]
14:01:03.141 [main] DEBUG org.hibernate.loader.Loader - result row: EntityKey[net.lojika.gtfs.model.Routes#istb.280624], EntityKey[net.lojika.gtfs.model.RoutesCdkid#gtfs.line.1.59rs-0]
14:01:03.141 [main] DEBUG org.hibernate.loader.Loader - result row: EntityKey[net.lojika.gtfs.model.Routes#istb.280623], EntityKey[net.lojika.gtfs.model.RoutesCdkid#gtfs.line.1.59rk-1]
14:01:03.141 [main] DEBUG org.hibernate.loader.Loader - result row: EntityKey[net.lojika.gtfs.model.Routes#istb.280623], EntityKey[net.lojika.gtfs.model.RoutesCdkid#gtfs.line.1.59rk-0]
14:01:03.141 [main] DEBUG org.hibernate.loader.Loader - result row: EntityKey[net.lojika.gtfs.model.Routes#istb.280622], EntityKey[net.lojika.gtfs.model.RoutesCdkid#gtfs.line.1.59rh-1]
14:01:03.141 [main] DEBUG org.hibernate.loader.Loader - result row: EntityKey[net.lojika.gtfs.model.Routes#istb.280622], EntityKey[net.lojika.gtfs.model.RoutesCdkid#gtfs.line.1.59rh-0]
14:01:03.142 [main] DEBUG org.hibernate.loader.Loader - result row: EntityKey[net.lojika.gtfs.model.Routes#istb.280621], EntityKey[net.lojika.gtfs.model.RoutesCdkid#gtfs.line.1.59r-0]
14:01:03.142 [main] DEBUG org.hibernate.loader.Loader - result row: EntityKey[net.lojika.gtfs.model.Routes#istb.280620], EntityKey[net.lojika.gtfs.model.RoutesCdkid#gtfs.line.1.59n-0]
14:01:03.142 [main] DEBUG org.hibernate.loader.Loader - result row: EntityKey[net.lojika.gtfs.model.Routes#istb.280619], EntityKey[net.lojika.gtfs.model.RoutesCdkid#gtfs.line.1.59k-0]
14:01:03.142 [main] DEBUG org.hibernate.loader.Loader - result row: EntityKey[net.lojika.gtfs.model.Routes#istb.280618], EntityKey[net.lojika.gtfs.model.RoutesCdkid#gtfs.line.1.59h-0]
14:01:03.142 [main] DEBUG org.hibernate.loader.Loader - result row: EntityKey[net.lojika.gtfs.model.Routes#istb.280617], EntityKey[net.lojika.gtfs.model.RoutesCdkid#gtfs.line.1.59c-1]
14:01:03.142 [main] DEBUG org.hibernate.loader.Loader - result row: EntityKey[net.lojika.gtfs.model.Routes#istb.280555], EntityKey[net.lojika.gtfs.model.RoutesCdkid#gtfs.line.1.42t-1]
14:01:03.142 [main] DEBUG org.hibernate.loader.Loader - result row: EntityKey[net.lojika.gtfs.model.Routes#istb.280555], EntityKey[net.lojika.gtfs.model.RoutesCdkid#gtfs.line.1.42t-0]
14:01:03.142 [main] DEBUG org.hibernate.loader.Loader - result row: EntityKey[net.lojika.gtfs.model.Routes#istb.280554], EntityKey[net.lojika.gtfs.model.RoutesCdkid#gtfs.line.1.42m-1]
14:01:03.142 [main] DEBUG org.hibernate.loader.Loader - result row: EntityKey[net.lojika.gtfs.model.Routes#istb.280554], EntityKey[net.lojika.gtfs.model.RoutesCdkid#gtfs.line.1.42m-0]
14:01:03.143 [main] DEBUG org.hibernate.loader.Loader - result row: EntityKey[net.lojika.gtfs.model.Routes#istb.280553], EntityKey[net.lojika.gtfs.model.RoutesCdkid#gtfs.line.1.42kt-1]
14:01:03.143 [main] DEBUG org.hibernate.loader.Loader - result row: EntityKey[net.lojika.gtfs.model.Routes#istb.280553], EntityKey[net.lojika.gtfs.model.RoutesCdkid#gtfs.line.1.42kt-0]
14:01:03.143 [main] DEBUG org.hibernate.loader.Loader - result row: EntityKey[net.lojika.gtfs.model.Routes#istb.280552], EntityKey[net.lojika.gtfs.model.RoutesCdkid#gtfs.line.1.42km-1]
14:01:03.143 [main] DEBUG org.hibernate.loader.Loader - result row: EntityKey[net.lojika.gtfs.model.Routes#istb.280552], EntityKey[net.lojika.gtfs.model.RoutesCdkid#gtfs.line.1.42km-0]
14:01:03.143 [main] DEBUG org.hibernate.loader.Loader - result row: EntityKey[net.lojika.gtfs.model.Routes#istb.280551], EntityKey[net.lojika.gtfs.model.RoutesCdkid#gtfs.line.1.42k-1]
14:01:03.143 [main] DEBUG org.hibernate.loader.Loader - result row: EntityKey[net.lojika.gtfs.model.Routes#istb.280551], EntityKey[net.lojika.gtfs.model.RoutesCdkid#gtfs.line.1.42k-0]
14:01:03.143 [main] DEBUG org.hibernate.loader.Loader - result row: EntityKey[net.lojika.gtfs.model.Routes#istb.280550], EntityKey[net.lojika.gtfs.model.RoutesCdkid#gtfs.line.1.42hm-1]
14:01:03.143 [main] DEBUG org.hibernate.loader.Loader - result row: EntityKey[net.lojika.gtfs.model.Routes#istb.280550], EntityKey[net.lojika.gtfs.model.RoutesCdkid#gtfs.line.1.42hm-0]
14:01:03.143 [main] DEBUG org.hibernate.loader.Loader - result row: EntityKey[net.lojika.gtfs.model.Routes#istb.280549], EntityKey[net.lojika.gtfs.model.RoutesCdkid#gtfs.line.1.429-1]
14:01:03.144 [main] DEBUG org.hibernate.loader.Loader - result row: EntityKey[net.lojika.gtfs.model.Routes#istb.280549], EntityKey[net.lojika.gtfs.model.RoutesCdkid#gtfs.line.1.429-0]
14:01:03.144 [main] DEBUG org.hibernate.loader.Loader - result row: EntityKey[net.lojika.gtfs.model.Routes#istb.280548], EntityKey[net.lojika.gtfs.model.RoutesCdkid#gtfs.line.1.42-1]
14:01:03.144 [main] DEBUG org.hibernate.loader.Loader - result row: EntityKey[net.lojika.gtfs.model.Routes#istb.280548], EntityKey[net.lojika.gtfs.model.RoutesCdkid#gtfs.line.1.42-0]
14:01:03.144 [main] DEBUG org.hibernate.loader.Loader - result row: EntityKey[net.lojika.gtfs.model.Routes#istb.280547], EntityKey[net.lojika.gtfs.model.RoutesCdkid#gtfs.line.1.41st-1]
14:01:03.144 [main] DEBUG org.hibernate.loader.Loader - result row: EntityKey[net.lojika.gtfs.model.Routes#istb.280547], EntityKey[net.lojika.gtfs.model.RoutesCdkid#gtfs.line.1.41st-0]
14:01:03.144 [main] DEBUG org.hibernate.loader.Loader - result row: EntityKey[net.lojika.gtfs.model.Routes#istb.280546], EntityKey[net.lojika.gtfs.model.RoutesCdkid#gtfs.line.1.41sm-1]
14:01:03.144 [main] DEBUG org.hibernate.loader.Loader - result row: EntityKey[net.lojika.gtfs.model.Routes#istb.280546], EntityKey[net.lojika.gtfs.model.RoutesCdkid#gtfs.line.1.41sm-0]
14:01:03.144 [main] DEBUG org.hibernate.loader.Loader - result row: EntityKey[net.lojika.gtfs.model.Routes#istb.280545], EntityKey[net.lojika.gtfs.model.RoutesCdkid#gtfs.line.1.41sf-1]
14:01:03.144 [main] DEBUG org.hibernate.loader.Loader - result row: EntityKey[net.lojika.gtfs.model.Routes#istb.280545], EntityKey[net.lojika.gtfs.model.RoutesCdkid#gtfs.line.1.41sf-0]
14:01:03.145 [main] DEBUG org.hibernate.loader.Loader - result row: EntityKey[net.lojika.gtfs.model.Routes#istb.280541], EntityKey[net.lojika.gtfs.model.RoutesCdkid#gtfs.line.1.41at-1]
14:01:03.145 [main] DEBUG org.hibernate.loader.Loader - result row: EntityKey[net.lojika.gtfs.model.Routes#istb.280541], EntityKey[net.lojika.gtfs.model.RoutesCdkid#gtfs.line.1.41at-0]
14:01:03.145 [main] DEBUG org.hibernate.loader.Loader - result row: EntityKey[net.lojika.gtfs.model.Routes#istb.280540], EntityKey[net.lojika.gtfs.model.RoutesCdkid#gtfs.line.1.418-1]
14:01:03.145 [main] DEBUG org.hibernate.loader.Loader - result row: EntityKey[net.lojika.gtfs.model.Routes#istb.280540], EntityKey[net.lojika.gtfs.model.RoutesCdkid#gtfs.line.1.418-0]
14:01:03.145 [main] DEBUG org.hibernate.loader.Loader - result row: EntityKey[net.lojika.gtfs.model.Routes#istb.280539], EntityKey[net.lojika.gtfs.model.RoutesCdkid#gtfs.line.1.41-1]
14:01:03.145 [main] DEBUG org.hibernate.loader.Loader - result row: EntityKey[net.lojika.gtfs.model.Routes#istb.280539], EntityKey[net.lojika.gtfs.model.RoutesCdkid#gtfs.line.1.41-0]
14:01:03.145 [main] DEBUG org.hibernate.loader.Loader - result row: EntityKey[net.lojika.gtfs.model.Routes#istb.280538], EntityKey[net.lojika.gtfs.model.RoutesCdkid#gtfs.line.1.40t-1]
14:01:03.145 [main] DEBUG org.hibernate.loader.Loader - result row: EntityKey[net.lojika.gtfs.model.Routes#istb.280538], EntityKey[net.lojika.gtfs.model.RoutesCdkid#gtfs.line.1.40t-0]
14:01:03.146 [main] DEBUG org.hibernate.loader.Loader - result row: EntityKey[net.lojika.gtfs.model.Routes#istb.280537], EntityKey[net.lojika.gtfs.model.RoutesCdkid#gtfs.line.1.40b-1]
14:01:03.146 [main] DEBUG org.hibernate.loader.Loader - result row: EntityKey[net.lojika.gtfs.model.Routes#istb.280537], EntityKey[net.lojika.gtfs.model.RoutesCdkid#gtfs.line.1.40b-0]
14:01:03.146 [main] DEBUG org.hibernate.loader.Loader - result row: EntityKey[net.lojika.gtfs.model.Routes#istb.280536], EntityKey[net.lojika.gtfs.model.RoutesCdkid#gtfs.line.1.404-1]
14:01:03.146 [main] DEBUG org.hibernate.loader.Loader - result row: EntityKey[net.lojika.gtfs.model.Routes#istb.280536], EntityKey[net.lojika.gtfs.model.RoutesCdkid#gtfs.line.1.404-0]
14:01:03.146 [main] DEBUG org.hibernate.loader.Loader - result row: EntityKey[net.lojika.gtfs.model.Routes#istb.280535], EntityKey[net.lojika.gtfs.model.RoutesCdkid#gtfs.line.1.403-1]
14:01:03.146 [main] DEBUG org.hibernate.loader.Loader - result row: EntityKey[net.lojika.gtfs.model.Routes#istb.280535], EntityKey[net.lojika.gtfs.model.RoutesCdkid#gtfs.line.1.403-0]
14:01:03.146 [main] DEBUG org.hibernate.loader.Loader - result row: EntityKey[net.lojika.gtfs.model.Routes#istb.280534], EntityKey[net.lojika.gtfs.model.RoutesCdkid#gtfs.line.1.402-1]
14:01:03.146 [main] DEBUG org.hibernate.loader.Loader - result row: EntityKey[net.lojika.gtfs.model.Routes#istb.280534], EntityKey[net.lojika.gtfs.model.RoutesCdkid#gtfs.line.1.402-0]
14:01:03.146 [main] DEBUG org.hibernate.loader.Loader - result row: EntityKey[net.lojika.gtfs.model.Routes#istb.280533], EntityKey[net.lojika.gtfs.model.RoutesCdkid#gtfs.line.1.401t-1]
14:01:03.147 [main] DEBUG org.hibernate.loader.Loader - result row: EntityKey[net.lojika.gtfs.model.Routes#istb.280533], EntityKey[net.lojika.gtfs.model.RoutesCdkid#gtfs.line.1.401t-0]
14:01:03.147 [main] DEBUG org.hibernate.loader.Loader - result row: EntityKey[net.lojika.gtfs.model.Routes#istb.280532], EntityKey[net.lojika.gtfs.model.RoutesCdkid#gtfs.line.1.401-1]
14:01:03.147 [main] DEBUG org.hibernate.loader.Loader - result row: EntityKey[net.lojika.gtfs.model.Routes#istb.280532], EntityKey[net.lojika.gtfs.model.RoutesCdkid#gtfs.line.1.401-0]
14:01:03.147 [main] DEBUG org.hibernate.loader.Loader - result row: EntityKey[net.lojika.gtfs.model.Routes#istb.280531], EntityKey[net.lojika.gtfs.model.RoutesCdkid#gtfs.line.1.400a-1]
14:01:03.147 [main] DEBUG org.hibernate.loader.Loader - result row: EntityKey[net.lojika.gtfs.model.Routes#istb.280531], EntityKey[net.lojika.gtfs.model.RoutesCdkid#gtfs.line.1.400a-0]
14:01:03.147 [main] DEBUG org.hibernate.loader.Loader - result row: EntityKey[net.lojika.gtfs.model.Routes#istb.280530], EntityKey[net.lojika.gtfs.model.RoutesCdkid#gtfs.line.1.400-0]
14:01:03.147 [main] DEBUG org.hibernate.loader.Loader - result row: EntityKey[net.lojika.gtfs.model.Routes#istb.280529], EntityKey[net.lojika.gtfs.model.RoutesCdkid#gtfs.line.1.40-1]
14:01:03.147 [main] DEBUG org.hibernate.loader.Loader - result row: EntityKey[net.lojika.gtfs.model.Routes#istb.280529], EntityKey[net.lojika.gtfs.model.RoutesCdkid#gtfs.line.1.40-0]
14:01:03.147 [main] DEBUG org.hibernate.loader.Loader - result row: EntityKey[net.lojika.gtfs.model.Routes#istb.280528], EntityKey[net.lojika.gtfs.model.RoutesCdkid#gtfs.line.1.4-0]
14:01:03.148 [main] DEBUG org.hibernate.loader.Loader - result row: EntityKey[net.lojika.gtfs.model.Routes#istb.280527], EntityKey[net.lojika.gtfs.model.RoutesCdkid#gtfs.line.1.3b-0]
14:01:03.148 [main] DEBUG org.hibernate.loader.Loader - result row: EntityKey[net.lojika.gtfs.model.Routes#istb.280526], EntityKey[net.lojika.gtfs.model.RoutesCdkid#gtfs.line.1.3a-0]
14:01:03.148 [main] DEBUG org.hibernate.loader.Loader - result row: EntityKey[net.lojika.gtfs.model.Routes#istb.280525], EntityKey[net.lojika.gtfs.model.RoutesCdkid#gtfs.line.1.39-1]
14:01:03.148 [main] DEBUG org.hibernate.loader.Loader - result row: EntityKey[net.lojika.gtfs.model.Routes#istb.280525], EntityKey[net.lojika.gtfs.model.RoutesCdkid#gtfs.line.1.39-0]
14:01:03.148 [main] DEBUG org.hibernate.loader.Loader - result row: EntityKey[net.lojika.gtfs.model.Routes#istb.280524], EntityKey[net.lojika.gtfs.model.RoutesCdkid#gtfs.line.1.39y-1]
14:01:03.148 [main] DEBUG org.hibernate.loader.Loader - result row: EntityKey[net.lojika.gtfs.model.Routes#istb.280524], EntityKey[net.lojika.gtfs.model.RoutesCdkid#gtfs.line.1.39y-0]
14:01:03.148 [main] DEBUG org.hibernate.loader.Loader - result row: EntityKey[net.lojika.gtfs.model.Routes#istb.280523], EntityKey[net.lojika.gtfs.model.RoutesCdkid#gtfs.line.1.39o-1]
14:01:03.148 [main] DEBUG org.hibernate.loader.Loader - result row: EntityKey[net.lojika.gtfs.model.Routes#istb.280523], EntityKey[net.lojika.gtfs.model.RoutesCdkid#gtfs.line.1.39o-0]
14:01:03.149 [main] DEBUG org.hibernate.loader.Loader - result row: EntityKey[net.lojika.gtfs.model.Routes#istb.280522], EntityKey[net.lojika.gtfs.model.RoutesCdkid#gtfs.line.1.39d-1]
14:01:03.149 [main] DEBUG org.hibernate.loader.Loader - result row: EntityKey[net.lojika.gtfs.model.Routes#istb.280522], EntityKey[net.lojika.gtfs.model.RoutesCdkid#gtfs.line.1.39d-0]
14:01:03.149 [main] DEBUG org.hibernate.loader.Loader - result row: EntityKey[net.lojika.gtfs.model.Routes#istb.280521], EntityKey[net.lojika.gtfs.model.RoutesCdkid#gtfs.line.1.39b-1]
14:01:03.149 [main] DEBUG org.hibernate.loader.Loader - result row: EntityKey[net.lojika.gtfs.model.Routes#istb.280521], EntityKey[net.lojika.gtfs.model.RoutesCdkid#gtfs.line.1.39b-0]
14:01:03.149 [main] DEBUG org.hibernate.loader.Loader - result row: EntityKey[net.lojika.gtfs.model.Routes#istb.280520], EntityKey[net.lojika.gtfs.model.RoutesCdkid#gtfs.line.1.399c-1]
14:01:03.149 [main] DEBUG org.hibernate.loader.Loader - result row: EntityKey[net.lojika.gtfs.model.Routes#istb.280520], EntityKey[net.lojika.gtfs.model.RoutesCdkid#gtfs.line.1.399c-0]
14:01:03.149 [main] DEBUG org.hibernate.loader.Loader - result row: EntityKey[net.lojika.gtfs.model.Routes#istb.280519], EntityKey[net.lojika.gtfs.model.RoutesCdkid#gtfs.line.1.399b-1]
14:01:03.149 [main] DEBUG org.hibernate.loader.Loader - result row: EntityKey[net.lojika.gtfs.model.Routes#istb.280519], EntityKey[net.lojika.gtfs.model.RoutesCdkid#gtfs.line.1.399b-0]
14:01:03.149 [main] DEBUG org.hibernate.loader.Loader - result row: EntityKey[net.lojika.gtfs.model.Routes#istb.280517], EntityKey[net.lojika.gtfs.model.RoutesCdkid#gtfs.line.1.38z-1]
14:01:03.149 [main] DEBUG org.hibernate.loader.Loader - result row: EntityKey[net.lojika.gtfs.model.Routes#istb.280517], EntityKey[net.lojika.gtfs.model.RoutesCdkid#gtfs.line.1.38z-0]
14:01:03.150 [main] DEBUG org.hibernate.loader.Loader - result row: EntityKey[net.lojika.gtfs.model.Routes#istb.280516], EntityKey[net.lojika.gtfs.model.RoutesCdkid#gtfs.line.1.38e-1]
14:01:03.150 [main] DEBUG org.hibernate.loader.Loader - result row: EntityKey[net.lojika.gtfs.model.Routes#istb.280516], EntityKey[net.lojika.gtfs.model.RoutesCdkid#gtfs.line.1.38e-0]
14:01:03.150 [main] DEBUG org.hibernate.loader.Loader - result row: EntityKey[net.lojika.gtfs.model.Routes#istb.280515], EntityKey[net.lojika.gtfs.model.RoutesCdkid#gtfs.line.1.38b-1]
14:01:03.150 [main] DEBUG org.hibernate.loader.Loader - result row: EntityKey[net.lojika.gtfs.model.Routes#istb.280515], EntityKey[net.lojika.gtfs.model.RoutesCdkid#gtfs.line.1.38b-0]
14:01:03.150 [main] DEBUG org.hibernate.loader.Loader - result row: EntityKey[net.lojika.gtfs.model.Routes#istb.280514], EntityKey[net.lojika.gtfs.model.RoutesCdkid#gtfs.line.1.38-1]
14:01:03.150 [main] DEBUG org.hibernate.loader.Loader - result row: EntityKey[net.lojika.gtfs.model.Routes#istb.280514], EntityKey[net.lojika.gtfs.model.RoutesCdkid#gtfs.line.1.38-0]
14:01:03.150 [main] DEBUG org.hibernate.loader.Loader - result row: EntityKey[net.lojika.gtfs.model.Routes#istb.280513], EntityKey[net.lojika.gtfs.model.RoutesCdkid#gtfs.line.1.37y-1]
14:01:03.150 [main] DEBUG org.hibernate.loader.Loader - result row: EntityKey[net.lojika.gtfs.model.Routes#istb.280513], EntityKey[net.lojika.gtfs.model.RoutesCdkid#gtfs.line.1.37y-0]
14:01:03.150 [main] DEBUG org.hibernate.loader.Loader - result row: EntityKey[net.lojika.gtfs.model.Routes#istb.280512], EntityKey[net.lojika.gtfs.model.RoutesCdkid#gtfs.line.1.37t-1]
14:01:03.151 [main] DEBUG org.hibernate.loader.Loader - result row: EntityKey[net.lojika.gtfs.model.Routes#istb.280512], EntityKey[net.lojika.gtfs.model.RoutesCdkid#gtfs.line.1.37t-0]
14:01:03.151 [main] DEBUG org.hibernate.loader.Loader - result row: EntityKey[net.lojika.gtfs.model.Routes#istb.280511], EntityKey[net.lojika.gtfs.model.RoutesCdkid#gtfs.line.1.37m-1]
14:01:03.151 [main] DEBUG org.hibernate.loader.Loader - result row: EntityKey[net.lojika.gtfs.model.Routes#istb.280511], EntityKey[net.lojika.gtfs.model.RoutesCdkid#gtfs.line.1.37m-0]
14:01:03.151 [main] DEBUG org.hibernate.loader.Loader - result row: EntityKey[net.lojika.gtfs.model.Routes#istb.280510], EntityKey[net.lojika.gtfs.model.RoutesCdkid#gtfs.line.1.37e-1]
14:01:03.151 [main] DEBUG org.hibernate.loader.Loader - result row: EntityKey[net.lojika.gtfs.model.Routes#istb.280510], EntityKey[net.lojika.gtfs.model.RoutesCdkid#gtfs.line.1.37e-0]
14:01:03.151 [main] DEBUG org.hibernate.loader.Loader - result row: EntityKey[net.lojika.gtfs.model.Routes#istb.280509], EntityKey[net.lojika.gtfs.model.RoutesCdkid#gtfs.line.1.37a-1]
14:01:03.151 [main] DEBUG org.hibernate.loader.Loader - result row: EntityKey[net.lojika.gtfs.model.Routes#istb.280509], EntityKey[net.lojika.gtfs.model.RoutesCdkid#gtfs.line.1.37a-0]
14:01:03.151 [main] DEBUG org.hibernate.loader.Loader - result row: EntityKey[net.lojika.gtfs.model.Routes#istb.280508], EntityKey[net.lojika.gtfs.model.RoutesCdkid#gtfs.line.1.36v-1]
14:01:03.151 [main] DEBUG org.hibernate.loader.Loader - result row: EntityKey[net.lojika.gtfs.model.Routes#istb.280508], EntityKey[net.lojika.gtfs.model.RoutesCdkid#gtfs.line.1.36v-0]
14:01:03.152 [main] DEBUG org.hibernate.loader.Loader - result row: EntityKey[net.lojika.gtfs.model.Routes#istb.280507], EntityKey[net.lojika.gtfs.model.RoutesCdkid#gtfs.line.1.36t-1]
14:01:03.152 [main] DEBUG org.hibernate.loader.Loader - result row: EntityKey[net.lojika.gtfs.model.Routes#istb.280507], EntityKey[net.lojika.gtfs.model.RoutesCdkid#gtfs.line.1.36t-0]
14:01:03.152 [main] DEBUG org.hibernate.loader.Loader - result row: EntityKey[net.lojika.gtfs.model.Routes#istb.280506], EntityKey[net.lojika.gtfs.model.RoutesCdkid#gtfs.line.1.36s-0]
14:01:03.152 [main] DEBUG org.hibernate.loader.Loader - result row: EntityKey[net.lojika.gtfs.model.Routes#istb.280505], EntityKey[net.lojika.gtfs.model.RoutesCdkid#gtfs.line.1.36m-1]
14:01:03.152 [main] DEBUG org.hibernate.loader.Loader - result row: EntityKey[net.lojika.gtfs.model.Routes#istb.280505], EntityKey[net.lojika.gtfs.model.RoutesCdkid#gtfs.line.1.36m-0]
14:01:03.152 [main] DEBUG org.hibernate.loader.Loader - result row: EntityKey[net.lojika.gtfs.model.Routes#istb.280504], EntityKey[net.lojika.gtfs.model.RoutesCdkid#gtfs.line.1.36l-1]
14:01:03.152 [main] DEBUG org.hibernate.loader.Loader - result row: EntityKey[net.lojika.gtfs.model.Routes#istb.280504], EntityKey[net.lojika.gtfs.model.RoutesCdkid#gtfs.line.1.36l-0]
14:01:03.152 [main] DEBUG org.hibernate.loader.Loader - result row: EntityKey[net.lojika.gtfs.model.Routes#istb.280503], EntityKey[net.lojika.gtfs.model.RoutesCdkid#gtfs.line.1.36ke-1]
14:01:03.152 [main] DEBUG org.hibernate.loader.Loader - result row: EntityKey[net.lojika.gtfs.model.Routes#istb.280503], EntityKey[net.lojika.gtfs.model.RoutesCdkid#gtfs.line.1.36ke-0]
14:01:03.152 [main] DEBUG org.hibernate.loader.Loader - result row: EntityKey[net.lojika.gtfs.model.Routes#istb.280502], EntityKey[net.lojika.gtfs.model.RoutesCdkid#gtfs.line.1.36ht-1]
14:01:03.153 [main] DEBUG org.hibernate.loader.Loader - result row: EntityKey[net.lojika.gtfs.model.Routes#istb.280502], EntityKey[net.lojika.gtfs.model.RoutesCdkid#gtfs.line.1.36ht-0]
14:01:03.153 [main] DEBUG org.hibernate.loader.Loader - result row: EntityKey[net.lojika.gtfs.model.Routes#istb.280501], EntityKey[net.lojika.gtfs.model.RoutesCdkid#gtfs.line.1.36es-1]
14:01:03.153 [main] DEBUG org.hibernate.loader.Loader - result row: EntityKey[net.lojika.gtfs.model.Routes#istb.280501], EntityKey[net.lojika.gtfs.model.RoutesCdkid#gtfs.line.1.36es-0]
14:01:03.153 [main] DEBUG org.hibernate.loader.Loader - result row: EntityKey[net.lojika.gtfs.model.Routes#istb.280499], EntityKey[net.lojika.gtfs.model.RoutesCdkid#gtfs.line.1.36e-1]
14:01:03.153 [main] DEBUG org.hibernate.loader.Loader - result row: EntityKey[net.lojika.gtfs.model.Routes#istb.280499], EntityKey[net.lojika.gtfs.model.RoutesCdkid#gtfs.line.1.36e-0]
14:01:03.153 [main] DEBUG org.hibernate.loader.Loader - result row: EntityKey[net.lojika.gtfs.model.Routes#istb.280498], EntityKey[net.lojika.gtfs.model.RoutesCdkid#gtfs.line.1.36c-1]
14:01:03.153 [main] DEBUG org.hibernate.loader.Loader - result row: EntityKey[net.lojika.gtfs.model.Routes#istb.280498], EntityKey[net.lojika.gtfs.model.RoutesCdkid#gtfs.line.1.36c-0]
14:01:03.153 [main] DEBUG org.hibernate.loader.Loader - result row: EntityKey[net.lojika.gtfs.model.Routes#istb.280497], EntityKey[net.lojika.gtfs.model.RoutesCdkid#gtfs.line.1.36cy-1]
14:01:03.153 [main] DEBUG org.hibernate.loader.Loader - result row: EntityKey[net.lojika.gtfs.model.Routes#istb.280497], EntityKey[net.lojika.gtfs.model.RoutesCdkid#gtfs.line.1.36cy-0]
14:01:03.154 [main] DEBUG org.hibernate.loader.Loader - result row: EntityKey[net.lojika.gtfs.model.Routes#istb.280496], EntityKey[net.lojika.gtfs.model.RoutesCdkid#gtfs.line.1.36ce-1]
14:01:03.154 [main] DEBUG org.hibernate.loader.Loader - result row: EntityKey[net.lojika.gtfs.model.Routes#istb.280496], EntityKey[net.lojika.gtfs.model.RoutesCdkid#gtfs.line.1.36ce-0]
14:01:03.154 [main] DEBUG org.hibernate.loader.Loader - result row: EntityKey[net.lojika.gtfs.model.Routes#istb.280494], EntityKey[net.lojika.gtfs.model.RoutesCdkid#gtfs.line.1.36b-1]
14:01:03.154 [main] DEBUG org.hibernate.loader.Loader - result row: EntityKey[net.lojika.gtfs.model.Routes#istb.280494], EntityKey[net.lojika.gtfs.model.RoutesCdkid#gtfs.line.1.36b-0]
14:01:03.154 [main] DEBUG org.hibernate.loader.Loader - result row: EntityKey[net.lojika.gtfs.model.Routes#istb.280492], EntityKey[net.lojika.gtfs.model.RoutesCdkid#gtfs.line.1.36ay-0]
14:01:03.154 [main] DEBUG org.hibernate.loader.Loader - result row: EntityKey[net.lojika.gtfs.model.Routes#istb.280490], EntityKey[net.lojika.gtfs.model.RoutesCdkid#gtfs.line.1.36a-1]
14:01:03.154 [main] DEBUG org.hibernate.loader.Loader - result row: EntityKey[net.lojika.gtfs.model.Routes#istb.280490], EntityKey[net.lojika.gtfs.model.RoutesCdkid#gtfs.line.1.36a-0]
14:01:03.154 [main] DEBUG org.hibernate.loader.Loader - result row: EntityKey[net.lojika.gtfs.model.Routes#istb.280489], EntityKey[net.lojika.gtfs.model.RoutesCdkid#gtfs.line.1.36-1]
14:01:03.154 [main] DEBUG org.hibernate.loader.Loader - result row: EntityKey[net.lojika.gtfs.model.Routes#istb.280489], EntityKey[net.lojika.gtfs.model.RoutesCdkid#gtfs.line.1.36-0]
14:01:03.155 [main] DEBUG org.hibernate.loader.Loader - result row: EntityKey[net.lojika.gtfs.model.Routes#istb.280488], EntityKey[net.lojika.gtfs.model.RoutesCdkid#gtfs.line.1.35d-1]
14:01:03.156 [main] DEBUG org.hibernate.loader.Loader - result row: EntityKey[net.lojika.gtfs.model.Routes#istb.280488], EntityKey[net.lojika.gtfs.model.RoutesCdkid#gtfs.line.1.35d-0]
14:01:03.156 [main] DEBUG org.hibernate.loader.Loader - result row: EntityKey[net.lojika.gtfs.model.Routes#istb.280487], EntityKey[net.lojika.gtfs.model.RoutesCdkid#gtfs.line.1.35c-1]
14:01:03.157 [main] DEBUG org.hibernate.loader.Loader - result row: EntityKey[net.lojika.gtfs.model.Routes#istb.280487], EntityKey[net.lojika.gtfs.model.RoutesCdkid#gtfs.line.1.35c-0]
14:01:03.157 [main] DEBUG org.hibernate.loader.Loader - result row: EntityKey[net.lojika.gtfs.model.Routes#istb.280486], EntityKey[net.lojika.gtfs.model.RoutesCdkid#gtfs.line.1.35a-1]
14:01:03.157 [main] DEBUG org.hibernate.loader.Loader - result row: EntityKey[net.lojika.gtfs.model.Routes#istb.280485], EntityKey[net.lojika.gtfs.model.RoutesCdkid#gtfs.line.1.35-1]
14:01:03.157 [main] DEBUG org.hibernate.loader.Loader - result row: EntityKey[net.lojika.gtfs.model.Routes#istb.280485], EntityKey[net.lojika.gtfs.model.RoutesCdkid#gtfs.line.1.35-0]
14:01:03.157 [main] DEBUG org.hibernate.loader.Loader - result row: EntityKey[net.lojika.gtfs.model.Routes#istb.280483], EntityKey[net.lojika.gtfs.model.RoutesCdkid#gtfs.line.1.33y-1]
14:01:03.157 [main] DEBUG org.hibernate.loader.Loader - result row: EntityKey[net.lojika.gtfs.model.Routes#istb.280483], EntityKey[net.lojika.gtfs.model.RoutesCdkid#gtfs.line.1.33y-0]
14:01:03.169 [main] DEBUG org.hibernate.loader.Loader - result row: EntityKey[net.lojika.gtfs.model.Routes#istb.280480], EntityKey[net.lojika.gtfs.model.RoutesCdkid#gtfs.line.1.33m-1]
14:01:03.169 [main] DEBUG org.hibernate.loader.Loader - result row: EntityKey[net.lojika.gtfs.model.Routes#istb.280480], EntityKey[net.lojika.gtfs.model.RoutesCdkid#gtfs.line.1.33m-0]
14:01:03.170 [main] DEBUG org.hibernate.loader.Loader - result row: EntityKey[net.lojika.gtfs.model.Routes#istb.280479], EntityKey[net.lojika.gtfs.model.RoutesCdkid#gtfs.line.1.33es-1]
14:01:03.170 [main] DEBUG org.hibernate.loader.Loader - result row: EntityKey[net.lojika.gtfs.model.Routes#istb.280479], EntityKey[net.lojika.gtfs.model.RoutesCdkid#gtfs.line.1.33es-0]
14:01:03.170 [main] DEBUG org.hibernate.loader.Loader - result row: EntityKey[net.lojika.gtfs.model.Routes#istb.280478], EntityKey[net.lojika.gtfs.model.RoutesCdkid#gtfs.line.1.33e-1]
14:01:03.170 [main] DEBUG org.hibernate.loader.Loader - result row: EntityKey[net.lojika.gtfs.model.Routes#istb.280478], EntityKey[net.lojika.gtfs.model.RoutesCdkid#gtfs.line.1.33e-0]
14:01:03.170 [main] DEBUG org.hibernate.loader.Loader - result row: EntityKey[net.lojika.gtfs.model.Routes#istb.280477], EntityKey[net.lojika.gtfs.model.RoutesCdkid#gtfs.line.1.33b-1]
14:01:03.170 [main] DEBUG org.hibernate.loader.Loader - result row: EntityKey[net.lojika.gtfs.model.Routes#istb.280477], EntityKey[net.lojika.gtfs.model.RoutesCdkid#gtfs.line.1.33b-0]
14:01:03.170 [main] DEBUG org.hibernate.loader.Loader - result row: EntityKey[net.lojika.gtfs.model.Routes#istb.280476], EntityKey[net.lojika.gtfs.model.RoutesCdkid#gtfs.line.1.336m-1]
14:01:03.172 [main] DEBUG org.hibernate.loader.Loader - result row: EntityKey[net.lojika.gtfs.model.Routes#istb.280476], EntityKey[net.lojika.gtfs.model.RoutesCdkid#gtfs.line.1.336m-0]
14:01:03.172 [main] DEBUG org.hibernate.loader.Loader - result row: EntityKey[net.lojika.gtfs.model.Routes#istb.280475], EntityKey[net.lojika.gtfs.model.RoutesCdkid#gtfs.line.1.336t-1]
14:01:03.172 [main] DEBUG org.hibernate.loader.Loader - result row: EntityKey[net.lojika.gtfs.model.Routes#istb.280475], EntityKey[net.lojika.gtfs.model.RoutesCdkid#gtfs.line.1.336t-0]
14:01:03.172 [main] DEBUG org.hibernate.loader.Loader - result row: EntityKey[net.lojika.gtfs.model.Routes#istb.280474], EntityKey[net.lojika.gtfs.model.RoutesCdkid#gtfs.line.1.336h-1]
14:01:03.172 [main] DEBUG org.hibernate.loader.Loader - result row: EntityKey[net.lojika.gtfs.model.Routes#istb.280474], EntityKey[net.lojika.gtfs.model.RoutesCdkid#gtfs.line.1.336h-0]
14:01:03.173 [main] DEBUG org.hibernate.loader.Loader - result row: EntityKey[net.lojika.gtfs.model.Routes#istb.280473], EntityKey[net.lojika.gtfs.model.RoutesCdkid#gtfs.line.1.336e-1]
14:01:03.173 [main] DEBUG org.hibernate.loader.Loader - result row: EntityKey[net.lojika.gtfs.model.Routes#istb.280473], EntityKey[net.lojika.gtfs.model.RoutesCdkid#gtfs.line.1.336e-0]
14:01:03.173 [main] DEBUG org.hibernate.loader.Loader - result row: EntityKey[net.lojika.gtfs.model.Routes#istb.280472], EntityKey[net.lojika.gtfs.model.RoutesCdkid#gtfs.line.1.336d-1]
14:01:03.173 [main] DEBUG org.hibernate.loader.Loader - result row: EntityKey[net.lojika.gtfs.model.Routes#istb.280472], EntityKey[net.lojika.gtfs.model.RoutesCdkid#gtfs.line.1.336d-0]
14:01:03.173 [main] DEBUG org.hibernate.loader.Loader - result row: EntityKey[net.lojika.gtfs.model.Routes#istb.280470], EntityKey[net.lojika.gtfs.model.RoutesCdkid#gtfs.line.1.336a-1]
14:01:03.173 [main] DEBUG org.hibernate.loader.Loader - result row: EntityKey[net.lojika.gtfs.model.Routes#istb.280470], EntityKey[net.lojika.gtfs.model.RoutesCdkid#gtfs.line.1.336a-0]
14:01:03.173 [main] DEBUG org.hibernate.loader.Loader - result row: EntityKey[net.lojika.gtfs.model.Routes#istb.280469], EntityKey[net.lojika.gtfs.model.RoutesCdkid#gtfs.line.1.33-1]
14:01:03.174 [main] DEBUG org.hibernate.loader.Loader - result row: EntityKey[net.lojika.gtfs.model.Routes#istb.280469], EntityKey[net.lojika.gtfs.model.RoutesCdkid#gtfs.line.1.33-0]
14:01:03.174 [main] DEBUG org.hibernate.loader.Loader - result row: EntityKey[net.lojika.gtfs.model.Routes#istb.280468], EntityKey[net.lojika.gtfs.model.RoutesCdkid#gtfs.line.1.32t-1]
14:01:03.174 [main] DEBUG org.hibernate.loader.Loader - result row: EntityKey[net.lojika.gtfs.model.Routes#istb.280468], EntityKey[net.lojika.gtfs.model.RoutesCdkid#gtfs.line.1.32t-0]
14:01:03.174 [main] DEBUG org.hibernate.loader.Loader - result row: EntityKey[net.lojika.gtfs.model.Routes#istb.280467], EntityKey[net.lojika.gtfs.model.RoutesCdkid#gtfs.line.1.32m-1]
14:01:03.174 [main] DEBUG org.hibernate.loader.Loader - result row: EntityKey[net.lojika.gtfs.model.Routes#istb.280467], EntityKey[net.lojika.gtfs.model.RoutesCdkid#gtfs.line.1.32m-0]
14:01:03.174 [main] DEBUG org.hibernate.loader.Loader - result row: EntityKey[net.lojika.gtfs.model.Routes#istb.280466], EntityKey[net.lojika.gtfs.model.RoutesCdkid#gtfs.line.1.32a-1]
14:01:03.174 [main] DEBUG org.hibernate.loader.Loader - result row: EntityKey[net.lojika.gtfs.model.Routes#istb.280466], EntityKey[net.lojika.gtfs.model.RoutesCdkid#gtfs.line.1.32a-0]
14:01:03.174 [main] DEBUG org.hibernate.loader.Loader - result row: EntityKey[net.lojika.gtfs.model.Routes#istb.280465], EntityKey[net.lojika.gtfs.model.RoutesCdkid#gtfs.line.1.320a-1]
14:01:03.175 [main] DEBUG org.hibernate.loader.Loader - result row: EntityKey[net.lojika.gtfs.model.Routes#istb.280465], EntityKey[net.lojika.gtfs.model.RoutesCdkid#gtfs.line.1.320a-0]
14:01:03.175 [main] DEBUG org.hibernate.loader.Loader - result row: EntityKey[net.lojika.gtfs.model.Routes#istb.280464], EntityKey[net.lojika.gtfs.model.RoutesCdkid#gtfs.line.1.320-1]
14:01:03.175 [main] DEBUG org.hibernate.loader.Loader - result row: EntityKey[net.lojika.gtfs.model.Routes#istb.280464], EntityKey[net.lojika.gtfs.model.RoutesCdkid#gtfs.line.1.320-0]
14:01:03.175 [main] DEBUG org.hibernate.loader.Loader - result row: EntityKey[net.lojika.gtfs.model.Routes#istb.280463], EntityKey[net.lojika.gtfs.model.RoutesCdkid#gtfs.line.1.32-1]
14:01:03.175 [main] DEBUG org.hibernate.loader.Loader - result row: EntityKey[net.lojika.gtfs.model.Routes#istb.280463], EntityKey[net.lojika.gtfs.model.RoutesCdkid#gtfs.line.1.32-0]
14:01:03.175 [main] DEBUG org.hibernate.loader.Loader - result row: EntityKey[net.lojika.gtfs.model.Routes#istb.280462], EntityKey[net.lojika.gtfs.model.RoutesCdkid#gtfs.line.1.31y-1]
14:01:03.175 [main] DEBUG org.hibernate.loader.Loader - result row: EntityKey[net.lojika.gtfs.model.Routes#istb.280462], EntityKey[net.lojika.gtfs.model.RoutesCdkid#gtfs.line.1.31y-0]
14:01:03.176 [main] DEBUG org.hibernate.loader.Loader - result row: EntityKey[net.lojika.gtfs.model.Routes#istb.280461], EntityKey[net.lojika.gtfs.model.RoutesCdkid#gtfs.line.1.31k-1]
14:01:03.176 [main] DEBUG org.hibernate.loader.Loader - result row: EntityKey[net.lojika.gtfs.model.Routes#istb.280461], EntityKey[net.lojika.gtfs.model.RoutesCdkid#gtfs.line.1.31k-0]
14:01:03.176 [main] DEBUG org.hibernate.loader.Loader - result row: EntityKey[net.lojika.gtfs.model.Routes#istb.280460], EntityKey[net.lojika.gtfs.model.RoutesCdkid#gtfs.line.1.31e-1]
14:01:03.176 [main] DEBUG org.hibernate.loader.Loader - result row: EntityKey[net.lojika.gtfs.model.Routes#istb.280460], EntityKey[net.lojika.gtfs.model.RoutesCdkid#gtfs.line.1.31e-0]
14:01:03.176 [main] DEBUG org.hibernate.loader.Loader - result row: EntityKey[net.lojika.gtfs.model.Routes#istb.280459], EntityKey[net.lojika.gtfs.model.RoutesCdkid#gtfs.line.1.319-1]
14:01:03.176 [main] DEBUG org.hibernate.loader.Loader - result row: EntityKey[net.lojika.gtfs.model.Routes#istb.280459], EntityKey[net.lojika.gtfs.model.RoutesCdkid#gtfs.line.1.319-0]
14:01:03.176 [main] DEBUG org.hibernate.loader.Loader - result row: EntityKey[net.lojika.gtfs.model.Routes#istb.280458], EntityKey[net.lojika.gtfs.model.RoutesCdkid#gtfs.line.1.31-1]
14:01:03.177 [main] DEBUG org.hibernate.loader.Loader - result row: EntityKey[net.lojika.gtfs.model.Routes#istb.280458], EntityKey[net.lojika.gtfs.model.RoutesCdkid#gtfs.line.1.31-0]
14:01:03.177 [main] DEBUG org.hibernate.loader.Loader - result row: EntityKey[net.lojika.gtfs.model.Routes#istb.280457], EntityKey[net.lojika.gtfs.model.RoutesCdkid#gtfs.line.1.30m-0]
14:01:03.177 [main] DEBUG org.hibernate.loader.Loader - result row: EntityKey[net.lojika.gtfs.model.Routes#istb.280456], EntityKey[net.lojika.gtfs.model.RoutesCdkid#gtfs.line.1.30d-1]
14:01:03.177 [main] DEBUG org.hibernate.loader.Loader - result row: EntityKey[net.lojika.gtfs.model.Routes#istb.280456], EntityKey[net.lojika.gtfs.model.RoutesCdkid#gtfs.line.1.30d-0]
14:01:03.177 [main] DEBUG org.hibernate.loader.Loader - result row: EntityKey[net.lojika.gtfs.model.Routes#istb.280455], EntityKey[net.lojika.gtfs.model.RoutesCdkid#gtfs.line.1.30a-0]
14:01:03.177 [main] DEBUG org.hibernate.loader.Loader - result row: EntityKey[net.lojika.gtfs.model.Routes#istb.280453], EntityKey[net.lojika.gtfs.model.RoutesCdkid#gtfs.line.1.303b-1]
14:01:03.177 [main] DEBUG org.hibernate.loader.Loader - result row: EntityKey[net.lojika.gtfs.model.Routes#istb.280453], EntityKey[net.lojika.gtfs.model.RoutesCdkid#gtfs.line.1.303b-0]
14:01:03.178 [main] DEBUG org.hibernate.loader.Loader - result row: EntityKey[net.lojika.gtfs.model.Routes#istb.280452], EntityKey[net.lojika.gtfs.model.RoutesCdkid#gtfs.line.1.303-1]
14:01:03.178 [main] DEBUG org.hibernate.loader.Loader - result row: EntityKey[net.lojika.gtfs.model.Routes#istb.280452], EntityKey[net.lojika.gtfs.model.RoutesCdkid#gtfs.line.1.303-0]
14:01:03.178 [main] DEBUG org.hibernate.loader.Loader - result row: EntityKey[net.lojika.gtfs.model.Routes#istb.280451], EntityKey[net.lojika.gtfs.model.RoutesCdkid#gtfs.line.1.3-1]
14:01:03.178 [main] DEBUG org.hibernate.loader.Loader - result row: EntityKey[net.lojika.gtfs.model.Routes#istb.280451], EntityKey[net.lojika.gtfs.model.RoutesCdkid#gtfs.line.1.3-0]
14:01:03.178 [main] DEBUG org.hibernate.loader.Loader - result row: EntityKey[net.lojika.gtfs.model.Routes#istb.280450], EntityKey[net.lojika.gtfs.model.RoutesCdkid#gtfs.line.1.29-0]
14:01:03.178 [main] DEBUG org.hibernate.loader.Loader - result row: EntityKey[net.lojika.gtfs.model.Routes#istb.280449], EntityKey[net.lojika.gtfs.model.RoutesCdkid#gtfs.line.1.29t-1]
14:01:03.179 [main] DEBUG org.hibernate.loader.Loader - result row: EntityKey[net.lojika.gtfs.model.Routes#istb.280449], EntityKey[net.lojika.gtfs.model.RoutesCdkid#gtfs.line.1.29t-0]
14:01:03.179 [main] DEBUG org.hibernate.loader.Loader - result row: EntityKey[net.lojika.gtfs.model.Routes#istb.280448], EntityKey[net.lojika.gtfs.model.RoutesCdkid#gtfs.line.1.29p-0]
14:01:03.179 [main] DEBUG org.hibernate.loader.Loader - result row: EntityKey[net.lojika.gtfs.model.Routes#istb.280447], EntityKey[net.lojika.gtfs.model.RoutesCdkid#gtfs.line.1.29m2-0]
14:01:03.179 [main] DEBUG org.hibernate.loader.Loader - result row: EntityKey[net.lojika.gtfs.model.Routes#istb.280446], EntityKey[net.lojika.gtfs.model.RoutesCdkid#gtfs.line.1.29m1-0]
14:01:03.179 [main] DEBUG org.hibernate.loader.Loader - result row: EntityKey[net.lojika.gtfs.model.Routes#istb.280445], EntityKey[net.lojika.gtfs.model.RoutesCdkid#gtfs.line.1.29gm-0]
14:01:03.179 [main] DEBUG org.hibernate.loader.Loader - result row: EntityKey[net.lojika.gtfs.model.Routes#istb.280444], EntityKey[net.lojika.gtfs.model.RoutesCdkid#gtfs.line.1.29d-0]
14:01:03.180 [main] DEBUG org.hibernate.loader.Loader - result row: EntityKey[net.lojika.gtfs.model.Routes#istb.280442], EntityKey[net.lojika.gtfs.model.RoutesCdkid#gtfs.line.1.29b-1]
14:01:03.180 [main] DEBUG org.hibernate.loader.Loader - result row: EntityKey[net.lojika.gtfs.model.Routes#istb.280442], EntityKey[net.lojika.gtfs.model.RoutesCdkid#gtfs.line.1.29b-0]
14:01:03.180 [main] DEBUG org.hibernate.loader.Loader - result row: EntityKey[net.lojika.gtfs.model.Routes#istb.280441], EntityKey[net.lojika.gtfs.model.RoutesCdkid#gtfs.line.1.29a-1]
14:01:03.180 [main] DEBUG org.hibernate.loader.Loader - result row: EntityKey[net.lojika.gtfs.model.Routes#istb.280441], EntityKey[net.lojika.gtfs.model.RoutesCdkid#gtfs.line.1.29a-0]
14:01:03.180 [main] DEBUG org.hibernate.loader.Loader - result row: EntityKey[net.lojika.gtfs.model.Routes#istb.280782], EntityKey[net.lojika.gtfs.model.RoutesCdkid#gtfs.line.1.e3-1]
14:01:03.180 [main] DEBUG org.hibernate.loader.Loader - result row: EntityKey[net.lojika.gtfs.model.Routes#istb.280782], EntityKey[net.lojika.gtfs.model.RoutesCdkid#gtfs.line.1.e3-0]
14:01:03.181 [main] DEBUG org.hibernate.loader.Loader - result row: EntityKey[net.lojika.gtfs.model.Routes#istb.280781], EntityKey[net.lojika.gtfs.model.RoutesCdkid#gtfs.line.1.e2-1]
14:01:03.181 [main] DEBUG org.hibernate.loader.Loader - result row: EntityKey[net.lojika.gtfs.model.Routes#istb.280781], EntityKey[net.lojika.gtfs.model.RoutesCdkid#gtfs.line.1.e2-0]
14:01:03.181 [main] DEBUG org.hibernate.loader.Loader - result row: EntityKey[net.lojika.gtfs.model.Routes#istb.280779], EntityKey[net.lojika.gtfs.model.RoutesCdkid#gtfs.line.1.e10-1]
14:01:03.181 [main] DEBUG org.hibernate.loader.Loader - result row: EntityKey[net.lojika.gtfs.model.Routes#istb.280779], EntityKey[net.lojika.gtfs.model.RoutesCdkid#gtfs.line.1.e10-0]
14:01:03.181 [main] DEBUG org.hibernate.loader.Loader - result row: EntityKey[net.lojika.gtfs.model.Routes#istb.280778], EntityKey[net.lojika.gtfs.model.RoutesCdkid#gtfs.line.1.dt2-0]
14:01:03.181 [main] DEBUG org.hibernate.loader.Loader - result row: EntityKey[net.lojika.gtfs.model.Routes#istb.280777], EntityKey[net.lojika.gtfs.model.RoutesCdkid#gtfs.line.1.dt1-0]
14:01:03.182 [main] DEBUG org.hibernate.loader.Loader - result row: EntityKey[net.lojika.gtfs.model.Routes#istb.280770], EntityKey[net.lojika.gtfs.model.RoutesCdkid#gtfs.line.1.9-1]
14:01:03.182 [main] DEBUG org.hibernate.loader.Loader - result row: EntityKey[net.lojika.gtfs.model.Routes#istb.280770], EntityKey[net.lojika.gtfs.model.RoutesCdkid#gtfs.line.1.9-0]
14:01:03.182 [main] DEBUG org.hibernate.loader.Loader - result row: EntityKey[net.lojika.gtfs.model.Routes#istb.280769], EntityKey[net.lojika.gtfs.model.RoutesCdkid#gtfs.line.1.9d-1]
14:01:03.182 [main] DEBUG org.hibernate.loader.Loader - result row: EntityKey[net.lojika.gtfs.model.Routes#istb.280769], EntityKey[net.lojika.gtfs.model.RoutesCdkid#gtfs.line.1.9d-0]
14:01:03.182 [main] DEBUG org.hibernate.loader.Loader - result row: EntityKey[net.lojika.gtfs.model.Routes#istb.280768], EntityKey[net.lojika.gtfs.model.RoutesCdkid#gtfs.line.1.9n-1]
14:01:03.183 [main] DEBUG org.hibernate.loader.Loader - result row: EntityKey[net.lojika.gtfs.model.Routes#istb.280768], EntityKey[net.lojika.gtfs.model.RoutesCdkid#gtfs.line.1.9n-0]
14:01:03.183 [main] DEBUG org.hibernate.loader.Loader - result row: EntityKey[net.lojika.gtfs.model.Routes#istb.280766], EntityKey[net.lojika.gtfs.model.RoutesCdkid#gtfs.line.1.9a-0]
14:01:03.183 [main] DEBUG org.hibernate.loader.Loader - result row: EntityKey[net.lojika.gtfs.model.Routes#istb.280765], EntityKey[net.lojika.gtfs.model.RoutesCdkid#gtfs.line.1.99a-1]
14:01:03.183 [main] DEBUG org.hibernate.loader.Loader - result row: EntityKey[net.lojika.gtfs.model.Routes#istb.280765], EntityKey[net.lojika.gtfs.model.RoutesCdkid#gtfs.line.1.99a-0]
14:01:03.183 [main] DEBUG org.hibernate.loader.Loader - result row: EntityKey[net.lojika.gtfs.model.Routes#istb.280764], EntityKey[net.lojika.gtfs.model.RoutesCdkid#gtfs.line.1.99-1]
14:01:03.183 [main] DEBUG org.hibernate.loader.Loader - result row: EntityKey[net.lojika.gtfs.model.Routes#istb.280763], EntityKey[net.lojika.gtfs.model.RoutesCdkid#gtfs.line.1.98-1]
14:01:03.184 [main] DEBUG org.hibernate.loader.Loader - result row: EntityKey[net.lojika.gtfs.model.Routes#istb.280439], EntityKey[net.lojika.gtfs.model.RoutesCdkid#gtfs.line.1.28t-1]
14:01:03.184 [main] DEBUG org.hibernate.loader.Loader - result row: EntityKey[net.lojika.gtfs.model.Routes#istb.280439], EntityKey[net.lojika.gtfs.model.RoutesCdkid#gtfs.line.1.28t-0]
14:01:03.184 [main] DEBUG org.hibernate.loader.Loader - result row: EntityKey[net.lojika.gtfs.model.Routes#istb.280438], EntityKey[net.lojika.gtfs.model.RoutesCdkid#gtfs.line.1.28o-1]
14:01:03.184 [main] DEBUG org.hibernate.loader.Loader - result row: EntityKey[net.lojika.gtfs.model.Routes#istb.280438], EntityKey[net.lojika.gtfs.model.RoutesCdkid#gtfs.line.1.28o-0]
14:01:03.184 [main] DEBUG org.hibernate.loader.Loader - result row: EntityKey[net.lojika.gtfs.model.Routes#istb.280437], EntityKey[net.lojika.gtfs.model.RoutesCdkid#gtfs.line.1.28-1]
14:01:03.184 [main] DEBUG org.hibernate.loader.Loader - result row: EntityKey[net.lojika.gtfs.model.Routes#istb.280437], EntityKey[net.lojika.gtfs.model.RoutesCdkid#gtfs.line.1.28-0]
14:01:03.185 [main] DEBUG org.hibernate.loader.Loader - result row: EntityKey[net.lojika.gtfs.model.Routes#istb.280434], EntityKey[net.lojika.gtfs.model.RoutesCdkid#gtfs.line.1.27e-0]
14:01:03.185 [main] DEBUG org.hibernate.loader.Loader - result row: EntityKey[net.lojika.gtfs.model.Routes#istb.280433], EntityKey[net.lojika.gtfs.model.RoutesCdkid#gtfs.line.1.26b-1]
14:01:03.185 [main] DEBUG org.hibernate.loader.Loader - result row: EntityKey[net.lojika.gtfs.model.Routes#istb.280433], EntityKey[net.lojika.gtfs.model.RoutesCdkid#gtfs.line.1.26b-0]
14:01:03.185 [main] DEBUG org.hibernate.loader.Loader - result row: EntityKey[net.lojika.gtfs.model.Routes#istb.280432], EntityKey[net.lojika.gtfs.model.RoutesCdkid#gtfs.line.1.26a-1]
14:01:03.185 [main] DEBUG org.hibernate.loader.Loader - result row: EntityKey[net.lojika.gtfs.model.Routes#istb.280432], EntityKey[net.lojika.gtfs.model.RoutesCdkid#gtfs.line.1.26a-0]
14:01:03.185 [main] DEBUG org.hibernate.loader.Loader - result row: EntityKey[net.lojika.gtfs.model.Routes#istb.280431], EntityKey[net.lojika.gtfs.model.RoutesCdkid#gtfs.line.1.26-1]
14:01:03.186 [main] DEBUG org.hibernate.loader.Loader - result row: EntityKey[net.lojika.gtfs.model.Routes#istb.280431], EntityKey[net.lojika.gtfs.model.RoutesCdkid#gtfs.line.1.26-0]
14:01:03.186 [main] DEBUG org.hibernate.loader.Loader - result row: EntityKey[net.lojika.gtfs.model.Routes#istb.280429], EntityKey[net.lojika.gtfs.model.RoutesCdkid#gtfs.line.1.25y-1]
14:01:03.186 [main] DEBUG org.hibernate.loader.Loader - result row: EntityKey[net.lojika.gtfs.model.Routes#istb.280429], EntityKey[net.lojika.gtfs.model.RoutesCdkid#gtfs.line.1.25y-0]
14:01:03.186 [main] DEBUG org.hibernate.loader.Loader - result row: EntityKey[net.lojika.gtfs.model.Routes#istb.280428], EntityKey[net.lojika.gtfs.model.RoutesCdkid#gtfs.line.1.25t-1]
14:01:03.186 [main] DEBUG org.hibernate.loader.Loader - result row: EntityKey[net.lojika.gtfs.model.Routes#istb.280428], EntityKey[net.lojika.gtfs.model.RoutesCdkid#gtfs.line.1.25t-0]
14:01:03.186 [main] DEBUG org.hibernate.loader.Loader - result row: EntityKey[net.lojika.gtfs.model.Routes#istb.280427], EntityKey[net.lojika.gtfs.model.RoutesCdkid#gtfs.line.1.25h-0]
14:01:03.187 [main] DEBUG org.hibernate.loader.Loader - result row: EntityKey[net.lojika.gtfs.model.Routes#istb.280426], EntityKey[net.lojika.gtfs.model.RoutesCdkid#gtfs.line.1.25g-1]
14:01:03.187 [main] DEBUG org.hibernate.loader.Loader - result row: EntityKey[net.lojika.gtfs.model.Routes#istb.280426], EntityKey[net.lojika.gtfs.model.RoutesCdkid#gtfs.line.1.25g-0]
14:01:03.187 [main] DEBUG org.hibernate.loader.Loader - result row: EntityKey[net.lojika.gtfs.model.Routes#istb.280425], EntityKey[net.lojika.gtfs.model.RoutesCdkid#gtfs.line.1.25e-1]
14:01:03.187 [main] DEBUG org.hibernate.loader.Loader - result row: EntityKey[net.lojika.gtfs.model.Routes#istb.280425], EntityKey[net.lojika.gtfs.model.RoutesCdkid#gtfs.line.1.25e-0]
14:01:03.187 [main] DEBUG org.hibernate.loader.Loader - result row: EntityKey[net.lojika.gtfs.model.Routes#istb.280424], EntityKey[net.lojika.gtfs.model.RoutesCdkid#gtfs.line.1.25a-1]
14:01:03.187 [main] DEBUG org.hibernate.loader.Loader - result row: EntityKey[net.lojika.gtfs.model.Routes#istb.280424], EntityKey[net.lojika.gtfs.model.RoutesCdkid#gtfs.line.1.25a-0]
14:01:03.187 [main] DEBUG org.hibernate.loader.Loader - result row: EntityKey[net.lojika.gtfs.model.Routes#istb.280423], EntityKey[net.lojika.gtfs.model.RoutesCdkid#gtfs.line.1.256-1]
14:01:03.188 [main] DEBUG org.hibernate.loader.Loader - result row: EntityKey[net.lojika.gtfs.model.Routes#istb.280423], EntityKey[net.lojika.gtfs.model.RoutesCdkid#gtfs.line.1.256-0]
14:01:03.188 [main] DEBUG org.hibernate.loader.Loader - result row: EntityKey[net.lojika.gtfs.model.Routes#istb.280374], EntityKey[net.lojika.gtfs.model.RoutesCdkid#gtfs.line.1.16kh-1]
14:01:03.188 [main] DEBUG org.hibernate.loader.Loader - result row: EntityKey[net.lojika.gtfs.model.Routes#istb.280374], EntityKey[net.lojika.gtfs.model.RoutesCdkid#gtfs.line.1.16kh-0]
14:01:03.188 [main] DEBUG org.hibernate.loader.Loader - result row: EntityKey[net.lojika.gtfs.model.Routes#istb.280373], EntityKey[net.lojika.gtfs.model.RoutesCdkid#gtfs.line.1.16k-1]
14:01:03.188 [main] DEBUG org.hibernate.loader.Loader - result row: EntityKey[net.lojika.gtfs.model.Routes#istb.280373], EntityKey[net.lojika.gtfs.model.RoutesCdkid#gtfs.line.1.16k-0]
14:01:03.188 [main] DEBUG org.hibernate.loader.Loader - result row: EntityKey[net.lojika.gtfs.model.Routes#istb.280372], EntityKey[net.lojika.gtfs.model.RoutesCdkid#gtfs.line.1.16f-1]
14:01:03.188 [main] DEBUG org.hibernate.loader.Loader - result row: EntityKey[net.lojika.gtfs.model.Routes#istb.280372], EntityKey[net.lojika.gtfs.model.RoutesCdkid#gtfs.line.1.16f-0]
14:01:03.189 [main] DEBUG org.hibernate.loader.Loader - result row: EntityKey[net.lojika.gtfs.model.Routes#istb.280371], EntityKey[net.lojika.gtfs.model.RoutesCdkid#gtfs.line.1.16d-1]
14:01:03.189 [main] DEBUG org.hibernate.loader.Loader - result row: EntityKey[net.lojika.gtfs.model.Routes#istb.280371], EntityKey[net.lojika.gtfs.model.RoutesCdkid#gtfs.line.1.16d-0]
14:01:03.189 [main] DEBUG org.hibernate.loader.Loader - result row: EntityKey[net.lojika.gtfs.model.Routes#istb.280370], EntityKey[net.lojika.gtfs.model.RoutesCdkid#gtfs.line.1.16c-1]
14:01:03.189 [main] DEBUG org.hibernate.loader.Loader - result row: EntityKey[net.lojika.gtfs.model.Routes#istb.280370], EntityKey[net.lojika.gtfs.model.RoutesCdkid#gtfs.line.1.16c-0]
14:01:03.189 [main] DEBUG org.hibernate.loader.Loader - result row: EntityKey[net.lojika.gtfs.model.Routes#istb.280369], EntityKey[net.lojika.gtfs.model.RoutesCdkid#gtfs.line.1.16b-1]
14:01:03.189 [main] DEBUG org.hibernate.loader.Loader - result row: EntityKey[net.lojika.gtfs.model.Routes#istb.280369], EntityKey[net.lojika.gtfs.model.RoutesCdkid#gtfs.line.1.16b-0]
14:01:03.190 [main] DEBUG org.hibernate.loader.Loader - result row: EntityKey[net.lojika.gtfs.model.Routes#istb.280368], EntityKey[net.lojika.gtfs.model.RoutesCdkid#gtfs.line.1.16a-1]
14:01:03.190 [main] DEBUG org.hibernate.loader.Loader - result row: EntityKey[net.lojika.gtfs.model.Routes#istb.280368], EntityKey[net.lojika.gtfs.model.RoutesCdkid#gtfs.line.1.16a-0]
14:01:03.190 [main] DEBUG org.hibernate.loader.Loader - result row: EntityKey[net.lojika.gtfs.model.Routes#istb.280367], EntityKey[net.lojika.gtfs.model.RoutesCdkid#gtfs.line.1.16-1]
14:01:03.190 [main] DEBUG org.hibernate.loader.Loader - result row: EntityKey[net.lojika.gtfs.model.Routes#istb.280367], EntityKey[net.lojika.gtfs.model.RoutesCdkid#gtfs.line.1.16-0]
14:01:03.190 [main] DEBUG org.hibernate.loader.Loader - result row: EntityKey[net.lojika.gtfs.model.Routes#istb.280366], EntityKey[net.lojika.gtfs.model.RoutesCdkid#gtfs.line.1.15n-1]
14:01:03.190 [main] DEBUG org.hibernate.loader.Loader - result row: EntityKey[net.lojika.gtfs.model.Routes#istb.280366], EntityKey[net.lojika.gtfs.model.RoutesCdkid#gtfs.line.1.15n-0]
14:01:03.190 [main] DEBUG org.hibernate.loader.Loader - result row: EntityKey[net.lojika.gtfs.model.Routes#istb.280365], EntityKey[net.lojika.gtfs.model.RoutesCdkid#gtfs.line.1.15k-1]
14:01:03.190 [main] DEBUG org.hibernate.loader.Loader - result row: EntityKey[net.lojika.gtfs.model.Routes#istb.280365], EntityKey[net.lojika.gtfs.model.RoutesCdkid#gtfs.line.1.15k-0]
14:01:03.190 [main] DEBUG org.hibernate.loader.Loader - result row: EntityKey[net.lojika.gtfs.model.Routes#istb.280363], EntityKey[net.lojika.gtfs.model.RoutesCdkid#gtfs.line.1.15y-0]
14:01:03.191 [main] DEBUG org.hibernate.loader.Loader - result row: EntityKey[net.lojika.gtfs.model.Routes#istb.280362], EntityKey[net.lojika.gtfs.model.RoutesCdkid#gtfs.line.1.15u-1]
14:01:03.191 [main] DEBUG org.hibernate.loader.Loader - result row: EntityKey[net.lojika.gtfs.model.Routes#istb.280362], EntityKey[net.lojika.gtfs.model.RoutesCdkid#gtfs.line.1.15u-0]
14:01:03.191 [main] DEBUG org.hibernate.loader.Loader - result row: EntityKey[net.lojika.gtfs.model.Routes#istb.280361], EntityKey[net.lojika.gtfs.model.RoutesCdkid#gtfs.line.1.15ty-1]
14:01:03.191 [main] DEBUG org.hibernate.loader.Loader - result row: EntityKey[net.lojika.gtfs.model.Routes#istb.280361], EntityKey[net.lojika.gtfs.model.RoutesCdkid#gtfs.line.1.15ty-0]
14:01:03.191 [main] DEBUG org.hibernate.loader.Loader - result row: EntityKey[net.lojika.gtfs.model.Routes#istb.280359], EntityKey[net.lojika.gtfs.model.RoutesCdkid#gtfs.line.1.15s-1]
14:01:03.192 [main] DEBUG org.hibernate.loader.Loader - result row: EntityKey[net.lojika.gtfs.model.Routes#istb.280359], EntityKey[net.lojika.gtfs.model.RoutesCdkid#gtfs.line.1.15s-0]
14:01:03.192 [main] DEBUG org.hibernate.loader.Loader - result row: EntityKey[net.lojika.gtfs.model.Routes#istb.280358], EntityKey[net.lojika.gtfs.model.RoutesCdkid#gtfs.line.1.15r-1]
14:01:03.192 [main] DEBUG org.hibernate.loader.Loader - result row: EntityKey[net.lojika.gtfs.model.Routes#istb.280358], EntityKey[net.lojika.gtfs.model.RoutesCdkid#gtfs.line.1.15r-0]
14:01:03.192 [main] DEBUG org.hibernate.loader.Loader - result row: EntityKey[net.lojika.gtfs.model.Routes#istb.280357], EntityKey[net.lojika.gtfs.model.RoutesCdkid#gtfs.line.1.15p-1]
14:01:03.192 [main] DEBUG org.hibernate.loader.Loader - result row: EntityKey[net.lojika.gtfs.model.Routes#istb.280357], EntityKey[net.lojika.gtfs.model.RoutesCdkid#gtfs.line.1.15p-0]
14:01:03.192 [main] DEBUG org.hibernate.loader.Loader - result row: EntityKey[net.lojika.gtfs.model.Routes#istb.280350], EntityKey[net.lojika.gtfs.model.RoutesCdkid#gtfs.line.1.15e-1]
14:01:03.192 [main] DEBUG org.hibernate.loader.Loader - result row: EntityKey[net.lojika.gtfs.model.Routes#istb.280350], EntityKey[net.lojika.gtfs.model.RoutesCdkid#gtfs.line.1.15e-0]
14:01:03.192 [main] DEBUG org.hibernate.loader.Loader - result row: EntityKey[net.lojika.gtfs.model.Routes#istb.280349], EntityKey[net.lojika.gtfs.model.RoutesCdkid#gtfs.line.1.15d-1]
14:01:03.193 [main] DEBUG org.hibernate.loader.Loader - result row: EntityKey[net.lojika.gtfs.model.Routes#istb.280349], EntityKey[net.lojika.gtfs.model.RoutesCdkid#gtfs.line.1.15d-0]
14:01:03.193 [main] DEBUG org.hibernate.loader.Loader - result row: EntityKey[net.lojika.gtfs.model.Routes#istb.280348], EntityKey[net.lojika.gtfs.model.RoutesCdkid#gtfs.line.1.15c-1]
14:01:03.193 [main] DEBUG org.hibernate.loader.Loader - result row: EntityKey[net.lojika.gtfs.model.Routes#istb.280348], EntityKey[net.lojika.gtfs.model.RoutesCdkid#gtfs.line.1.15c-0]
14:01:03.193 [main] DEBUG org.hibernate.loader.Loader - result row: EntityKey[net.lojika.gtfs.model.Routes#istb.280347], EntityKey[net.lojika.gtfs.model.RoutesCdkid#gtfs.line.1.15bk-1]
14:01:03.193 [main] DEBUG org.hibernate.loader.Loader - result row: EntityKey[net.lojika.gtfs.model.Routes#istb.280347], EntityKey[net.lojika.gtfs.model.RoutesCdkid#gtfs.line.1.15bk-0]
14:01:03.193 [main] DEBUG org.hibernate.loader.Loader - result row: EntityKey[net.lojika.gtfs.model.Routes#istb.280346], EntityKey[net.lojika.gtfs.model.RoutesCdkid#gtfs.line.1.15b-1]
14:01:03.193 [main] DEBUG org.hibernate.loader.Loader - result row: EntityKey[net.lojika.gtfs.model.Routes#istb.280346], EntityKey[net.lojika.gtfs.model.RoutesCdkid#gtfs.line.1.15b-0]
14:01:03.194 [main] DEBUG org.hibernate.loader.Loader - result row: EntityKey[net.lojika.gtfs.model.Routes#istb.280345], EntityKey[net.lojika.gtfs.model.RoutesCdkid#gtfs.line.1.15a-1]
14:01:03.194 [main] DEBUG org.hibernate.loader.Loader - result row: EntityKey[net.lojika.gtfs.model.Routes#istb.280345], EntityKey[net.lojika.gtfs.model.RoutesCdkid#gtfs.line.1.15a-0]
14:01:03.194 [main] DEBUG org.hibernate.loader.Loader - result row: EntityKey[net.lojika.gtfs.model.Routes#istb.280344], EntityKey[net.lojika.gtfs.model.RoutesCdkid#gtfs.line.1.153-1]
14:01:03.194 [main] DEBUG org.hibernate.loader.Loader - result row: EntityKey[net.lojika.gtfs.model.Routes#istb.280344], EntityKey[net.lojika.gtfs.model.RoutesCdkid#gtfs.line.1.153-0]
14:01:03.194 [main] DEBUG org.hibernate.loader.Loader - result row: EntityKey[net.lojika.gtfs.model.Routes#istb.280342], EntityKey[net.lojika.gtfs.model.RoutesCdkid#gtfs.line.1.152-1]
14:01:03.195 [main] DEBUG org.hibernate.loader.Loader - result row: EntityKey[net.lojika.gtfs.model.Routes#istb.280342], EntityKey[net.lojika.gtfs.model.RoutesCdkid#gtfs.line.1.152-0]
14:01:03.195 [main] DEBUG org.hibernate.loader.Loader - result row: EntityKey[net.lojika.gtfs.model.Routes#istb.280341], EntityKey[net.lojika.gtfs.model.RoutesCdkid#gtfs.line.1.151-1]
14:01:03.195 [main] DEBUG org.hibernate.loader.Loader - result row: EntityKey[net.lojika.gtfs.model.Routes#istb.280341], EntityKey[net.lojika.gtfs.model.RoutesCdkid#gtfs.line.1.151-0]
14:01:03.195 [main] DEBUG org.hibernate.loader.Loader - result row: EntityKey[net.lojika.gtfs.model.Routes#istb.280340], EntityKey[net.lojika.gtfs.model.RoutesCdkid#gtfs.line.1.150-1]
14:01:03.195 [main] DEBUG org.hibernate.loader.Loader - result row: EntityKey[net.lojika.gtfs.model.Routes#istb.280340], EntityKey[net.lojika.gtfs.model.RoutesCdkid#gtfs.line.1.150-0]
14:01:03.195 [main] DEBUG org.hibernate.loader.Loader - result row: EntityKey[net.lojika.gtfs.model.Routes#istb.280339], EntityKey[net.lojika.gtfs.model.RoutesCdkid#gtfs.line.1.15-1]
14:01:03.195 [main] DEBUG org.hibernate.loader.Loader - result row: EntityKey[net.lojika.gtfs.model.Routes#istb.280339], EntityKey[net.lojika.gtfs.model.RoutesCdkid#gtfs.line.1.15-0]
14:01:03.196 [main] DEBUG org.hibernate.loader.Loader - result row: EntityKey[net.lojika.gtfs.model.Routes#istb.280338], EntityKey[net.lojika.gtfs.model.RoutesCdkid#gtfs.line.1.14b-1]
14:01:03.196 [main] DEBUG org.hibernate.loader.Loader - result row: EntityKey[net.lojika.gtfs.model.Routes#istb.280338], EntityKey[net.lojika.gtfs.model.RoutesCdkid#gtfs.line.1.14b-0]
14:01:03.196 [main] DEBUG org.hibernate.loader.Loader - result row: EntityKey[net.lojika.gtfs.model.Routes#istb.280337], EntityKey[net.lojika.gtfs.model.RoutesCdkid#gtfs.line.1.14k-1]
14:01:03.196 [main] DEBUG org.hibernate.loader.Loader - result row: EntityKey[net.lojika.gtfs.model.Routes#istb.280337], EntityKey[net.lojika.gtfs.model.RoutesCdkid#gtfs.line.1.14k-0]
14:01:03.196 [main] DEBUG org.hibernate.loader.Loader - result row: EntityKey[net.lojika.gtfs.model.Routes#istb.280336], EntityKey[net.lojika.gtfs.model.RoutesCdkid#gtfs.line.1.14y-1]
14:01:03.196 [main] DEBUG org.hibernate.loader.Loader - result row: EntityKey[net.lojika.gtfs.model.Routes#istb.280336], EntityKey[net.lojika.gtfs.model.RoutesCdkid#gtfs.line.1.14y-0]
14:01:03.196 [main] DEBUG org.hibernate.loader.Loader - result row: EntityKey[net.lojika.gtfs.model.Routes#istb.280335], EntityKey[net.lojika.gtfs.model.RoutesCdkid#gtfs.line.1.14s-1]
14:01:03.197 [main] DEBUG org.hibernate.loader.Loader - result row: EntityKey[net.lojika.gtfs.model.Routes#istb.280335], EntityKey[net.lojika.gtfs.model.RoutesCdkid#gtfs.line.1.14s-0]
14:01:03.197 [main] DEBUG org.hibernate.loader.Loader - result row: EntityKey[net.lojika.gtfs.model.Routes#istb.280334], EntityKey[net.lojika.gtfs.model.RoutesCdkid#gtfs.line.1.14r-1]
14:01:03.197 [main] DEBUG org.hibernate.loader.Loader - result row: EntityKey[net.lojika.gtfs.model.Routes#istb.280334], EntityKey[net.lojika.gtfs.model.RoutesCdkid#gtfs.line.1.14r-0]
14:01:03.197 [main] DEBUG org.hibernate.loader.Loader - result row: EntityKey[net.lojika.gtfs.model.Routes#istb.280333], EntityKey[net.lojika.gtfs.model.RoutesCdkid#gtfs.line.1.14m-1]
14:01:03.197 [main] DEBUG org.hibernate.loader.Loader - result row: EntityKey[net.lojika.gtfs.model.Routes#istb.280333], EntityKey[net.lojika.gtfs.model.RoutesCdkid#gtfs.line.1.14m-0]
14:01:03.197 [main] DEBUG org.hibernate.loader.Loader - result row: EntityKey[net.lojika.gtfs.model.Routes#istb.280332], EntityKey[net.lojika.gtfs.model.RoutesCdkid#gtfs.line.1.14ks-1]
14:01:03.197 [main] DEBUG org.hibernate.loader.Loader - result row: EntityKey[net.lojika.gtfs.model.Routes#istb.280332], EntityKey[net.lojika.gtfs.model.RoutesCdkid#gtfs.line.1.14ks-0]
14:01:03.197 [main] DEBUG org.hibernate.loader.Loader - result row: EntityKey[net.lojika.gtfs.model.Routes#istb.280330], EntityKey[net.lojika.gtfs.model.RoutesCdkid#gtfs.line.1.14f-1]
14:01:03.198 [main] DEBUG org.hibernate.loader.Loader - result row: EntityKey[net.lojika.gtfs.model.Routes#istb.280330], EntityKey[net.lojika.gtfs.model.RoutesCdkid#gtfs.line.1.14f-0]
14:01:03.198 [main] DEBUG org.hibernate.loader.Loader - result row: EntityKey[net.lojika.gtfs.model.Routes#istb.280329], EntityKey[net.lojika.gtfs.model.RoutesCdkid#gtfs.line.1.14es-1]
14:01:03.198 [main] DEBUG org.hibernate.loader.Loader - result row: EntityKey[net.lojika.gtfs.model.Routes#istb.280328], EntityKey[net.lojika.gtfs.model.RoutesCdkid#gtfs.line.1.14e-1]
14:01:03.198 [main] DEBUG org.hibernate.loader.Loader - result row: EntityKey[net.lojika.gtfs.model.Routes#istb.280328], EntityKey[net.lojika.gtfs.model.RoutesCdkid#gtfs.line.1.14e-0]
14:01:03.198 [main] DEBUG org.hibernate.loader.Loader - result row: EntityKey[net.lojika.gtfs.model.Routes#istb.280327], EntityKey[net.lojika.gtfs.model.RoutesCdkid#gtfs.line.1.14dk-1]
14:01:03.198 [main] DEBUG org.hibernate.loader.Loader - result row: EntityKey[net.lojika.gtfs.model.Routes#istb.280327], EntityKey[net.lojika.gtfs.model.RoutesCdkid#gtfs.line.1.14dk-0]
14:01:03.198 [main] DEBUG org.hibernate.loader.Loader - result row: EntityKey[net.lojika.gtfs.model.Routes#istb.280326], EntityKey[net.lojika.gtfs.model.RoutesCdkid#gtfs.line.1.14d-1]
14:01:03.199 [main] DEBUG org.hibernate.loader.Loader - result row: EntityKey[net.lojika.gtfs.model.Routes#istb.280326], EntityKey[net.lojika.gtfs.model.RoutesCdkid#gtfs.line.1.14d-0]
14:01:03.199 [main] DEBUG org.hibernate.loader.Loader - result row: EntityKey[net.lojika.gtfs.model.Routes#istb.280325], EntityKey[net.lojika.gtfs.model.RoutesCdkid#gtfs.line.1.14c-1]
14:01:03.199 [main] DEBUG org.hibernate.loader.Loader - result row: EntityKey[net.lojika.gtfs.model.Routes#istb.280325], EntityKey[net.lojika.gtfs.model.RoutesCdkid#gtfs.line.1.14c-0]
14:01:03.199 [main] DEBUG org.hibernate.loader.Loader - result row: EntityKey[net.lojika.gtfs.model.Routes#istb.280324], EntityKey[net.lojika.gtfs.model.RoutesCdkid#gtfs.line.1.14bk-1]
14:01:03.199 [main] DEBUG org.hibernate.loader.Loader - result row: EntityKey[net.lojika.gtfs.model.Routes#istb.280324], EntityKey[net.lojika.gtfs.model.RoutesCdkid#gtfs.line.1.14bk-0]
14:01:03.199 [main] DEBUG org.hibernate.loader.Loader - result row: EntityKey[net.lojika.gtfs.model.Routes#istb.280322], EntityKey[net.lojika.gtfs.model.RoutesCdkid#gtfs.line.1.14ak-1]
14:01:03.199 [main] DEBUG org.hibernate.loader.Loader - result row: EntityKey[net.lojika.gtfs.model.Routes#istb.280321], EntityKey[net.lojika.gtfs.model.RoutesCdkid#gtfs.line.1.14a-1]
14:01:03.200 [main] DEBUG org.hibernate.loader.Loader - result row: EntityKey[net.lojika.gtfs.model.Routes#istb.280321], EntityKey[net.lojika.gtfs.model.RoutesCdkid#gtfs.line.1.14a-0]
14:01:03.200 [main] DEBUG org.hibernate.loader.Loader - result row: EntityKey[net.lojika.gtfs.model.Routes#istb.280320], EntityKey[net.lojika.gtfs.model.RoutesCdkid#gtfs.line.1.147-1]
14:01:03.200 [main] DEBUG org.hibernate.loader.Loader - result row: EntityKey[net.lojika.gtfs.model.Routes#istb.280320], EntityKey[net.lojika.gtfs.model.RoutesCdkid#gtfs.line.1.147-0]
14:01:03.200 [main] DEBUG org.hibernate.loader.Loader - result row: EntityKey[net.lojika.gtfs.model.Routes#istb.280319], EntityKey[net.lojika.gtfs.model.RoutesCdkid#gtfs.line.1.146t-1]
14:01:03.200 [main] DEBUG org.hibernate.loader.Loader - result row: EntityKey[net.lojika.gtfs.model.Routes#istb.280319], EntityKey[net.lojika.gtfs.model.RoutesCdkid#gtfs.line.1.146t-0]
14:01:03.200 [main] DEBUG org.hibernate.loader.Loader - result row: EntityKey[net.lojika.gtfs.model.Routes#istb.280318], EntityKey[net.lojika.gtfs.model.RoutesCdkid#gtfs.line.1.146m-1]
14:01:03.200 [main] DEBUG org.hibernate.loader.Loader - result row: EntityKey[net.lojika.gtfs.model.Routes#istb.280318], EntityKey[net.lojika.gtfs.model.RoutesCdkid#gtfs.line.1.146m-0]
14:01:03.201 [main] DEBUG org.hibernate.loader.Loader - result row: EntityKey[net.lojika.gtfs.model.Routes#istb.280316], EntityKey[net.lojika.gtfs.model.RoutesCdkid#gtfs.line.1.146b-1]
14:01:03.201 [main] DEBUG org.hibernate.loader.Loader - result row: EntityKey[net.lojika.gtfs.model.Routes#istb.280316], EntityKey[net.lojika.gtfs.model.RoutesCdkid#gtfs.line.1.146b-0]
14:01:03.201 [main] DEBUG org.hibernate.loader.Loader - result row: EntityKey[net.lojika.gtfs.model.Routes#istb.280315], EntityKey[net.lojika.gtfs.model.RoutesCdkid#gtfs.line.1.146-1]
14:01:03.201 [main] DEBUG org.hibernate.loader.Loader - result row: EntityKey[net.lojika.gtfs.model.Routes#istb.280315], EntityKey[net.lojika.gtfs.model.RoutesCdkid#gtfs.line.1.146-0]
14:01:03.201 [main] DEBUG org.hibernate.loader.Loader - result row: EntityKey[net.lojika.gtfs.model.Routes#istb.280314], EntityKey[net.lojika.gtfs.model.RoutesCdkid#gtfs.line.1.145t-1]
14:01:03.201 [main] DEBUG org.hibernate.loader.Loader - result row: EntityKey[net.lojika.gtfs.model.Routes#istb.280314], EntityKey[net.lojika.gtfs.model.RoutesCdkid#gtfs.line.1.145t-0]
14:01:03.201 [main] DEBUG org.hibernate.loader.Loader - result row: EntityKey[net.lojika.gtfs.model.Routes#istb.280313], EntityKey[net.lojika.gtfs.model.RoutesCdkid#gtfs.line.1.145m-1]
14:01:03.202 [main] DEBUG org.hibernate.loader.Loader - result row: EntityKey[net.lojika.gtfs.model.Routes#istb.280313], EntityKey[net.lojika.gtfs.model.RoutesCdkid#gtfs.line.1.145m-0]
14:01:03.202 [main] DEBUG org.hibernate.loader.Loader - result row: EntityKey[net.lojika.gtfs.model.Routes#istb.280311], EntityKey[net.lojika.gtfs.model.RoutesCdkid#gtfs.line.1.145-1]
14:01:03.202 [main] DEBUG org.hibernate.loader.Loader - result row: EntityKey[net.lojika.gtfs.model.Routes#istb.280311], EntityKey[net.lojika.gtfs.model.RoutesCdkid#gtfs.line.1.145-0]
14:01:03.202 [main] DEBUG org.hibernate.loader.Loader - result row: EntityKey[net.lojika.gtfs.model.Routes#istb.280309], EntityKey[net.lojika.gtfs.model.RoutesCdkid#gtfs.line.1.143-1]
14:01:03.202 [main] DEBUG org.hibernate.loader.Loader - result row: EntityKey[net.lojika.gtfs.model.Routes#istb.280309], EntityKey[net.lojika.gtfs.model.RoutesCdkid#gtfs.line.1.143-0]
14:01:03.202 [main] DEBUG org.hibernate.loader.Loader - result row: EntityKey[net.lojika.gtfs.model.Routes#istb.280307], EntityKey[net.lojika.gtfs.model.RoutesCdkid#gtfs.line.1.142f-1]
14:01:03.203 [main] DEBUG org.hibernate.loader.Loader - result row: EntityKey[net.lojika.gtfs.model.Routes#istb.280307], EntityKey[net.lojika.gtfs.model.RoutesCdkid#gtfs.line.1.142f-0]
14:01:03.203 [main] DEBUG org.hibernate.loader.Loader - result row: EntityKey[net.lojika.gtfs.model.Routes#istb.280304], EntityKey[net.lojika.gtfs.model.RoutesCdkid#gtfs.line.1.142a-1]
14:01:03.203 [main] DEBUG org.hibernate.loader.Loader - result row: EntityKey[net.lojika.gtfs.model.Routes#istb.280304], EntityKey[net.lojika.gtfs.model.RoutesCdkid#gtfs.line.1.142a-0]
14:01:03.203 [main] DEBUG org.hibernate.loader.Loader - result row: EntityKey[net.lojika.gtfs.model.Routes#istb.280303], EntityKey[net.lojika.gtfs.model.RoutesCdkid#gtfs.line.1.142-1]
14:01:03.203 [main] DEBUG org.hibernate.loader.Loader - result row: EntityKey[net.lojika.gtfs.model.Routes#istb.280303], EntityKey[net.lojika.gtfs.model.RoutesCdkid#gtfs.line.1.142-0]
14:01:03.203 [main] DEBUG org.hibernate.loader.Loader - result row: EntityKey[net.lojika.gtfs.model.Routes#istb.280300], EntityKey[net.lojika.gtfs.model.RoutesCdkid#gtfs.line.1.14-1]
14:01:03.203 [main] DEBUG org.hibernate.loader.Loader - result row: EntityKey[net.lojika.gtfs.model.Routes#istb.280300], EntityKey[net.lojika.gtfs.model.RoutesCdkid#gtfs.line.1.14-0]
14:01:03.204 [main] DEBUG org.hibernate.loader.Loader - result row: EntityKey[net.lojika.gtfs.model.Routes#istb.280299], EntityKey[net.lojika.gtfs.model.RoutesCdkid#gtfs.line.1.13b-1]
14:01:03.204 [main] DEBUG org.hibernate.loader.Loader - result row: EntityKey[net.lojika.gtfs.model.Routes#istb.280299], EntityKey[net.lojika.gtfs.model.RoutesCdkid#gtfs.line.1.13b-0]
14:01:03.204 [main] DEBUG org.hibernate.loader.Loader - result row: EntityKey[net.lojika.gtfs.model.Routes#istb.280298], EntityKey[net.lojika.gtfs.model.RoutesCdkid#gtfs.line.1.13ab-1]
14:01:03.204 [main] DEBUG org.hibernate.loader.Loader - result row: EntityKey[net.lojika.gtfs.model.Routes#istb.280298], EntityKey[net.lojika.gtfs.model.RoutesCdkid#gtfs.line.1.13ab-0]
14:01:03.204 [main] DEBUG org.hibernate.loader.Loader - result row: EntityKey[net.lojika.gtfs.model.Routes#istb.280296], EntityKey[net.lojika.gtfs.model.RoutesCdkid#gtfs.line.1.139t-1]
14:01:03.204 [main] DEBUG org.hibernate.loader.Loader - result row: EntityKey[net.lojika.gtfs.model.Routes#istb.280296], EntityKey[net.lojika.gtfs.model.RoutesCdkid#gtfs.line.1.139t-0]
14:01:03.204 [main] DEBUG org.hibernate.loader.Loader - result row: EntityKey[net.lojika.gtfs.model.Routes#istb.280293], EntityKey[net.lojika.gtfs.model.RoutesCdkid#gtfs.line.1.139a-1]
14:01:03.204 [main] DEBUG org.hibernate.loader.Loader - result row: EntityKey[net.lojika.gtfs.model.Routes#istb.280293], EntityKey[net.lojika.gtfs.model.RoutesCdkid#gtfs.line.1.139a-0]
14:01:03.205 [main] DEBUG org.hibernate.loader.Loader - result row: EntityKey[net.lojika.gtfs.model.Routes#istb.280292], EntityKey[net.lojika.gtfs.model.RoutesCdkid#gtfs.line.1.139-1]
14:01:03.205 [main] DEBUG org.hibernate.loader.Loader - result row: EntityKey[net.lojika.gtfs.model.Routes#istb.280292], EntityKey[net.lojika.gtfs.model.RoutesCdkid#gtfs.line.1.139-0]
14:01:03.205 [main] DEBUG org.hibernate.loader.Loader - result row: EntityKey[net.lojika.gtfs.model.Routes#istb.280291], EntityKey[net.lojika.gtfs.model.RoutesCdkid#gtfs.line.1.138-1]
14:01:03.205 [main] DEBUG org.hibernate.loader.Loader - result row: EntityKey[net.lojika.gtfs.model.Routes#istb.280291], EntityKey[net.lojika.gtfs.model.RoutesCdkid#gtfs.line.1.138-0]
14:01:03.205 [main] DEBUG org.hibernate.loader.Loader - result row: EntityKey[net.lojika.gtfs.model.Routes#istb.280290], EntityKey[net.lojika.gtfs.model.RoutesCdkid#gtfs.line.1.137-1]
14:01:03.205 [main] DEBUG org.hibernate.loader.Loader - result row: EntityKey[net.lojika.gtfs.model.Routes#istb.280290], EntityKey[net.lojika.gtfs.model.RoutesCdkid#gtfs.line.1.137-0]
14:01:03.205 [main] DEBUG org.hibernate.loader.Loader - result row: EntityKey[net.lojika.gtfs.model.Routes#istb.280289], EntityKey[net.lojika.gtfs.model.RoutesCdkid#gtfs.line.1.136-1]
14:01:03.206 [main] DEBUG org.hibernate.loader.Loader - result row: EntityKey[net.lojika.gtfs.model.Routes#istb.280289], EntityKey[net.lojika.gtfs.model.RoutesCdkid#gtfs.line.1.136-0]
14:01:03.206 [main] DEBUG org.hibernate.loader.Loader - result row: EntityKey[net.lojika.gtfs.model.Routes#istb.280288], EntityKey[net.lojika.gtfs.model.RoutesCdkid#gtfs.line.1.135k-1]
14:01:03.206 [main] DEBUG org.hibernate.loader.Loader - result row: EntityKey[net.lojika.gtfs.model.Routes#istb.280288], EntityKey[net.lojika.gtfs.model.RoutesCdkid#gtfs.line.1.135k-0]
14:01:03.206 [main] DEBUG org.hibernate.loader.Loader - result row: EntityKey[net.lojika.gtfs.model.Routes#istb.280287], EntityKey[net.lojika.gtfs.model.RoutesCdkid#gtfs.line.1.135g-1]
14:01:03.206 [main] DEBUG org.hibernate.loader.Loader - result row: EntityKey[net.lojika.gtfs.model.Routes#istb.280287], EntityKey[net.lojika.gtfs.model.RoutesCdkid#gtfs.line.1.135g-0]
14:01:03.206 [main] DEBUG org.hibernate.loader.Loader - result row: EntityKey[net.lojika.gtfs.model.Routes#istb.280286], EntityKey[net.lojika.gtfs.model.RoutesCdkid#gtfs.line.1.135a-1]
14:01:03.206 [main] DEBUG org.hibernate.loader.Loader - result row: EntityKey[net.lojika.gtfs.model.Routes#istb.280286], EntityKey[net.lojika.gtfs.model.RoutesCdkid#gtfs.line.1.135a-0]
14:01:03.206 [main] DEBUG org.hibernate.loader.Loader - result row: EntityKey[net.lojika.gtfs.model.Routes#istb.280285], EntityKey[net.lojika.gtfs.model.RoutesCdkid#gtfs.line.1.135-1]
14:01:03.207 [main] DEBUG org.hibernate.loader.Loader - result row: EntityKey[net.lojika.gtfs.model.Routes#istb.280285], EntityKey[net.lojika.gtfs.model.RoutesCdkid#gtfs.line.1.135-0]
14:01:03.207 [main] DEBUG org.hibernate.loader.Loader - result row: EntityKey[net.lojika.gtfs.model.Routes#istb.280284], EntityKey[net.lojika.gtfs.model.RoutesCdkid#gtfs.line.1.134yk-1]
14:01:03.207 [main] DEBUG org.hibernate.loader.Loader - result row: EntityKey[net.lojika.gtfs.model.Routes#istb.280284], EntityKey[net.lojika.gtfs.model.RoutesCdkid#gtfs.line.1.134yk-0]
14:01:03.207 [main] DEBUG org.hibernate.loader.Loader - result row: EntityKey[net.lojika.gtfs.model.Routes#istb.280283], EntityKey[net.lojika.gtfs.model.RoutesCdkid#gtfs.line.1.134uk-1]
14:01:03.207 [main] DEBUG org.hibernate.loader.Loader - result row: EntityKey[net.lojika.gtfs.model.Routes#istb.280283], EntityKey[net.lojika.gtfs.model.RoutesCdkid#gtfs.line.1.134uk-0]
14:01:03.207 [main] DEBUG org.hibernate.loader.Loader - result row: EntityKey[net.lojika.gtfs.model.Routes#istb.280281], EntityKey[net.lojika.gtfs.model.RoutesCdkid#gtfs.line.1.134gk-1]
14:01:03.207 [main] DEBUG org.hibernate.loader.Loader - result row: EntityKey[net.lojika.gtfs.model.Routes#istb.280281], EntityKey[net.lojika.gtfs.model.RoutesCdkid#gtfs.line.1.134gk-0]
14:01:03.208 [main] DEBUG org.hibernate.loader.Loader - result row: EntityKey[net.lojika.gtfs.model.Routes#istb.280280], EntityKey[net.lojika.gtfs.model.RoutesCdkid#gtfs.line.1.134dk-1]
14:01:03.208 [main] DEBUG org.hibernate.loader.Loader - result row: EntityKey[net.lojika.gtfs.model.Routes#istb.280280], EntityKey[net.lojika.gtfs.model.RoutesCdkid#gtfs.line.1.134dk-0]
14:01:03.208 [main] DEBUG org.hibernate.loader.Loader - result row: EntityKey[net.lojika.gtfs.model.Routes#istb.280279], EntityKey[net.lojika.gtfs.model.RoutesCdkid#gtfs.line.1.134ck-1]
14:01:03.208 [main] DEBUG org.hibernate.loader.Loader - result row: EntityKey[net.lojika.gtfs.model.Routes#istb.280279], EntityKey[net.lojika.gtfs.model.RoutesCdkid#gtfs.line.1.134ck-0]
14:01:03.208 [main] DEBUG org.hibernate.loader.Loader - result row: EntityKey[net.lojika.gtfs.model.Routes#istb.280278], EntityKey[net.lojika.gtfs.model.RoutesCdkid#gtfs.line.1.134bk-1]
14:01:03.208 [main] DEBUG org.hibernate.loader.Loader - result row: EntityKey[net.lojika.gtfs.model.Routes#istb.280278], EntityKey[net.lojika.gtfs.model.RoutesCdkid#gtfs.line.1.134bk-0]
14:01:03.208 [main] DEBUG org.hibernate.loader.Loader - result row: EntityKey[net.lojika.gtfs.model.Routes#istb.280277], EntityKey[net.lojika.gtfs.model.RoutesCdkid#gtfs.line.1.134-1]
14:01:03.208 [main] DEBUG org.hibernate.loader.Loader - result row: EntityKey[net.lojika.gtfs.model.Routes#istb.280277], EntityKey[net.lojika.gtfs.model.RoutesCdkid#gtfs.line.1.134-0]
14:01:03.209 [main] DEBUG org.hibernate.loader.Loader - result row: EntityKey[net.lojika.gtfs.model.Routes#istb.280276], EntityKey[net.lojika.gtfs.model.RoutesCdkid#gtfs.line.1.133-1]
14:01:03.209 [main] DEBUG org.hibernate.loader.Loader - result row: EntityKey[net.lojika.gtfs.model.Routes#istb.280276], EntityKey[net.lojika.gtfs.model.RoutesCdkid#gtfs.line.1.133-0]
14:01:03.209 [main] DEBUG org.hibernate.loader.Loader - result row: EntityKey[net.lojika.gtfs.model.Routes#istb.280274], EntityKey[net.lojika.gtfs.model.RoutesCdkid#gtfs.line.1.133tk-1]
14:01:03.209 [main] DEBUG org.hibernate.loader.Loader - result row: EntityKey[net.lojika.gtfs.model.Routes#istb.280274], EntityKey[net.lojika.gtfs.model.RoutesCdkid#gtfs.line.1.133tk-0]
14:01:03.209 [main] DEBUG org.hibernate.loader.Loader - result row: EntityKey[net.lojika.gtfs.model.Routes#istb.280273], EntityKey[net.lojika.gtfs.model.RoutesCdkid#gtfs.line.1.133t-1]
14:01:03.209 [main] DEBUG org.hibernate.loader.Loader - result row: EntityKey[net.lojika.gtfs.model.Routes#istb.280273], EntityKey[net.lojika.gtfs.model.RoutesCdkid#gtfs.line.1.133t-0]
14:01:03.209 [main] DEBUG org.hibernate.loader.Loader - result row: EntityKey[net.lojika.gtfs.model.Routes#istb.280272], EntityKey[net.lojika.gtfs.model.RoutesCdkid#gtfs.line.1.133p-1]
14:01:03.210 [main] DEBUG org.hibernate.loader.Loader - result row: EntityKey[net.lojika.gtfs.model.Routes#istb.280272], EntityKey[net.lojika.gtfs.model.RoutesCdkid#gtfs.line.1.133p-0]
14:01:03.210 [main] DEBUG org.hibernate.loader.Loader - result row: EntityKey[net.lojika.gtfs.model.Routes#istb.280271], EntityKey[net.lojika.gtfs.model.RoutesCdkid#gtfs.line.1.133m-1]
14:01:03.210 [main] DEBUG org.hibernate.loader.Loader - result row: EntityKey[net.lojika.gtfs.model.Routes#istb.280271], EntityKey[net.lojika.gtfs.model.RoutesCdkid#gtfs.line.1.133m-0]
14:01:03.210 [main] DEBUG org.hibernate.loader.Loader - result row: EntityKey[net.lojika.gtfs.model.Routes#istb.280270], EntityKey[net.lojika.gtfs.model.RoutesCdkid#gtfs.line.1.133k-1]
14:01:03.210 [main] DEBUG org.hibernate.loader.Loader - result row: EntityKey[net.lojika.gtfs.model.Routes#istb.280270], EntityKey[net.lojika.gtfs.model.RoutesCdkid#gtfs.line.1.133k-0]
14:01:03.210 [main] DEBUG org.hibernate.loader.Loader - result row: EntityKey[net.lojika.gtfs.model.Routes#istb.280269], EntityKey[net.lojika.gtfs.model.RoutesCdkid#gtfs.line.1.133gp-1]
14:01:03.210 [main] DEBUG org.hibernate.loader.Loader - result row: EntityKey[net.lojika.gtfs.model.Routes#istb.280269], EntityKey[net.lojika.gtfs.model.RoutesCdkid#gtfs.line.1.133gp-0]
14:01:03.211 [main] DEBUG org.hibernate.loader.Loader - result row: EntityKey[net.lojika.gtfs.model.Routes#istb.280268], EntityKey[net.lojika.gtfs.model.RoutesCdkid#gtfs.line.1.133g-1]
14:01:03.211 [main] DEBUG org.hibernate.loader.Loader - result row: EntityKey[net.lojika.gtfs.model.Routes#istb.280268], EntityKey[net.lojika.gtfs.model.RoutesCdkid#gtfs.line.1.133g-0]
14:01:03.211 [main] DEBUG org.hibernate.loader.Loader - result row: EntityKey[net.lojika.gtfs.model.Routes#istb.280267], EntityKey[net.lojika.gtfs.model.RoutesCdkid#gtfs.line.1.133f-1]
14:01:03.211 [main] DEBUG org.hibernate.loader.Loader - result row: EntityKey[net.lojika.gtfs.model.Routes#istb.280267], EntityKey[net.lojika.gtfs.model.RoutesCdkid#gtfs.line.1.133f-0]
14:01:03.211 [main] DEBUG org.hibernate.loader.Loader - result row: EntityKey[net.lojika.gtfs.model.Routes#istb.280266], EntityKey[net.lojika.gtfs.model.RoutesCdkid#gtfs.line.1.133ak-1]
14:01:03.211 [main] DEBUG org.hibernate.loader.Loader - result row: EntityKey[net.lojika.gtfs.model.Routes#istb.280266], EntityKey[net.lojika.gtfs.model.RoutesCdkid#gtfs.line.1.133ak-0]
14:01:03.211 [main] DEBUG org.hibernate.loader.Loader - result row: EntityKey[net.lojika.gtfs.model.Routes#istb.280265], EntityKey[net.lojika.gtfs.model.RoutesCdkid#gtfs.line.1.133a-1]
14:01:03.212 [main] DEBUG org.hibernate.loader.Loader - result row: EntityKey[net.lojika.gtfs.model.Routes#istb.280265], EntityKey[net.lojika.gtfs.model.RoutesCdkid#gtfs.line.1.133a-0]
14:01:03.212 [main] DEBUG org.hibernate.loader.Loader - result row: EntityKey[net.lojika.gtfs.model.Routes#istb.280262], EntityKey[net.lojika.gtfs.model.RoutesCdkid#gtfs.line.1.132v-0]
14:01:03.212 [main] DEBUG org.hibernate.loader.Loader - result row: EntityKey[net.lojika.gtfs.model.Routes#istb.280261], EntityKey[net.lojika.gtfs.model.RoutesCdkid#gtfs.line.1.132s-0]
14:01:03.212 [main] DEBUG org.hibernate.loader.Loader - result row: EntityKey[net.lojika.gtfs.model.Routes#istb.280260], EntityKey[net.lojika.gtfs.model.RoutesCdkid#gtfs.line.1.132p-1]
14:01:03.212 [main] DEBUG org.hibernate.loader.Loader - result row: EntityKey[net.lojika.gtfs.model.Routes#istb.280260], EntityKey[net.lojika.gtfs.model.RoutesCdkid#gtfs.line.1.132p-0]
14:01:03.212 [main] DEBUG org.hibernate.loader.Loader - result row: EntityKey[net.lojika.gtfs.model.Routes#istb.280259], EntityKey[net.lojika.gtfs.model.RoutesCdkid#gtfs.line.1.132k-1]
14:01:03.212 [main] DEBUG org.hibernate.loader.Loader - result row: EntityKey[net.lojika.gtfs.model.Routes#istb.280259], EntityKey[net.lojika.gtfs.model.RoutesCdkid#gtfs.line.1.132k-0]
14:01:03.212 [main] DEBUG org.hibernate.loader.Loader - result row: EntityKey[net.lojika.gtfs.model.Routes#istb.280258], EntityKey[net.lojika.gtfs.model.RoutesCdkid#gtfs.line.1.132f-1]
14:01:03.213 [main] DEBUG org.hibernate.loader.Loader - result row: EntityKey[net.lojika.gtfs.model.Routes#istb.280258], EntityKey[net.lojika.gtfs.model.RoutesCdkid#gtfs.line.1.132f-0]
14:01:03.213 [main] DEBUG org.hibernate.loader.Loader - result row: EntityKey[net.lojika.gtfs.model.Routes#istb.2013], EntityKey[net.lojika.gtfs.model.RoutesCdkid#gtfs.line.2.m2b-1]
14:01:03.213 [main] DEBUG org.hibernate.loader.Loader - result row: EntityKey[net.lojika.gtfs.model.Routes#istb.280617], EntityKey[net.lojika.gtfs.model.RoutesCdkid#gtfs.line.1.59c-0]
14:01:03.213 [main] DEBUG org.hibernate.loader.Loader - result row: EntityKey[net.lojika.gtfs.model.Routes#istb.280616], EntityKey[net.lojika.gtfs.model.RoutesCdkid#gtfs.line.1.59b-0]
14:01:03.213 [main] DEBUG org.hibernate.loader.Loader - result row: EntityKey[net.lojika.gtfs.model.Routes#istb.280615], EntityKey[net.lojika.gtfs.model.RoutesCdkid#gtfs.line.1.59a-0]
14:01:03.213 [main] DEBUG org.hibernate.loader.Loader - result row: EntityKey[net.lojika.gtfs.model.Routes#istb.280613], EntityKey[net.lojika.gtfs.model.RoutesCdkid#gtfs.line.1.58s-0]
14:01:03.213 [main] DEBUG org.hibernate.loader.Loader - result row: EntityKey[net.lojika.gtfs.model.Routes#istb.280610], EntityKey[net.lojika.gtfs.model.RoutesCdkid#gtfs.line.1.57ul-1]
14:01:03.214 [main] DEBUG org.hibernate.loader.Loader - result row: EntityKey[net.lojika.gtfs.model.Routes#istb.280610], EntityKey[net.lojika.gtfs.model.RoutesCdkid#gtfs.line.1.57ul-0]
14:01:03.214 [main] DEBUG org.hibernate.loader.Loader - result row: EntityKey[net.lojika.gtfs.model.Routes#istb.280609], EntityKey[net.lojika.gtfs.model.RoutesCdkid#gtfs.line.1.55y-1]
14:01:03.214 [main] DEBUG org.hibernate.loader.Loader - result row: EntityKey[net.lojika.gtfs.model.Routes#istb.280609], EntityKey[net.lojika.gtfs.model.RoutesCdkid#gtfs.line.1.55y-0]
14:01:03.214 [main] DEBUG org.hibernate.loader.Loader - result row: EntityKey[net.lojika.gtfs.model.Routes#istb.280608], EntityKey[net.lojika.gtfs.model.RoutesCdkid#gtfs.line.1.55t-0]
14:01:03.214 [main] DEBUG org.hibernate.loader.Loader - result row: EntityKey[net.lojika.gtfs.model.Routes#istb.280607], EntityKey[net.lojika.gtfs.model.RoutesCdkid#gtfs.line.1.55m-0]
14:01:03.214 [main] DEBUG org.hibernate.loader.Loader - result row: EntityKey[net.lojika.gtfs.model.Routes#istb.280606], EntityKey[net.lojika.gtfs.model.RoutesCdkid#gtfs.line.1.55et-1]
14:01:03.214 [main] DEBUG org.hibernate.loader.Loader - result row: EntityKey[net.lojika.gtfs.model.Routes#istb.280606], EntityKey[net.lojika.gtfs.model.RoutesCdkid#gtfs.line.1.55et-0]
14:01:03.215 [main] DEBUG org.hibernate.loader.Loader - result row: EntityKey[net.lojika.gtfs.model.Routes#istb.280604], EntityKey[net.lojika.gtfs.model.RoutesCdkid#gtfs.line.1.559c-1]
14:01:03.215 [main] DEBUG org.hibernate.loader.Loader - result row: EntityKey[net.lojika.gtfs.model.Routes#istb.280604], EntityKey[net.lojika.gtfs.model.RoutesCdkid#gtfs.line.1.559c-0]
14:01:03.215 [main] DEBUG org.hibernate.loader.Loader - result row: EntityKey[net.lojika.gtfs.model.Routes#istb.280603], EntityKey[net.lojika.gtfs.model.RoutesCdkid#gtfs.line.1.55-0]
14:01:03.215 [main] DEBUG org.hibernate.loader.Loader - result row: EntityKey[net.lojika.gtfs.model.Routes#istb.280602], EntityKey[net.lojika.gtfs.model.RoutesCdkid#gtfs.line.1.54r-1]
14:01:03.215 [main] DEBUG org.hibernate.loader.Loader - result row: EntityKey[net.lojika.gtfs.model.Routes#istb.280602], EntityKey[net.lojika.gtfs.model.RoutesCdkid#gtfs.line.1.54r-0]
14:01:03.215 [main] DEBUG org.hibernate.loader.Loader - result row: EntityKey[net.lojika.gtfs.model.Routes#istb.280601], EntityKey[net.lojika.gtfs.model.RoutesCdkid#gtfs.line.1.54-1]
14:01:03.215 [main] DEBUG org.hibernate.loader.Loader - result row: EntityKey[net.lojika.gtfs.model.Routes#istb.280601], EntityKey[net.lojika.gtfs.model.RoutesCdkid#gtfs.line.1.54-0]
14:01:03.216 [main] DEBUG org.hibernate.loader.Loader - result row: EntityKey[net.lojika.gtfs.model.Routes#istb.280599], EntityKey[net.lojika.gtfs.model.RoutesCdkid#gtfs.line.1.54kt-0]
14:01:03.216 [main] DEBUG org.hibernate.loader.Loader - result row: EntityKey[net.lojika.gtfs.model.Routes#istb.280598], EntityKey[net.lojika.gtfs.model.RoutesCdkid#gtfs.line.1.54k-1]
14:01:03.216 [main] DEBUG org.hibernate.loader.Loader - result row: EntityKey[net.lojika.gtfs.model.Routes#istb.280598], EntityKey[net.lojika.gtfs.model.RoutesCdkid#gtfs.line.1.54k-0]
14:01:03.216 [main] DEBUG org.hibernate.loader.Loader - result row: EntityKey[net.lojika.gtfs.model.Routes#istb.280597], EntityKey[net.lojika.gtfs.model.RoutesCdkid#gtfs.line.1.54h-0]
14:01:03.216 [main] DEBUG org.hibernate.loader.Loader - result row: EntityKey[net.lojika.gtfs.model.Routes#istb.280596], EntityKey[net.lojika.gtfs.model.RoutesCdkid#gtfs.line.1.54ht-0]
14:01:03.216 [main] DEBUG org.hibernate.loader.Loader - result row: EntityKey[net.lojika.gtfs.model.Routes#istb.280595], EntityKey[net.lojika.gtfs.model.RoutesCdkid#gtfs.line.1.54e-1]
14:01:03.216 [main] DEBUG org.hibernate.loader.Loader - result row: EntityKey[net.lojika.gtfs.model.Routes#istb.280595], EntityKey[net.lojika.gtfs.model.RoutesCdkid#gtfs.line.1.54e-0]
14:01:03.216 [main] DEBUG org.hibernate.loader.Loader - result row: EntityKey[net.lojika.gtfs.model.Routes#istb.280594], EntityKey[net.lojika.gtfs.model.RoutesCdkid#gtfs.line.1.522st-1]
14:01:03.217 [main] DEBUG org.hibernate.loader.Loader - result row: EntityKey[net.lojika.gtfs.model.Routes#istb.280594], EntityKey[net.lojika.gtfs.model.RoutesCdkid#gtfs.line.1.522st-0]
14:01:03.217 [main] DEBUG org.hibernate.loader.Loader - result row: EntityKey[net.lojika.gtfs.model.Routes#istb.280592], EntityKey[net.lojika.gtfs.model.RoutesCdkid#gtfs.line.1.522b-1]
14:01:03.217 [main] DEBUG org.hibernate.loader.Loader - result row: EntityKey[net.lojika.gtfs.model.Routes#istb.280592], EntityKey[net.lojika.gtfs.model.RoutesCdkid#gtfs.line.1.522b-0]
14:01:03.217 [main] DEBUG org.hibernate.loader.Loader - result row: EntityKey[net.lojika.gtfs.model.Routes#istb.280591], EntityKey[net.lojika.gtfs.model.RoutesCdkid#gtfs.line.1.522-1]
14:01:03.217 [main] DEBUG org.hibernate.loader.Loader - result row: EntityKey[net.lojika.gtfs.model.Routes#istb.280591], EntityKey[net.lojika.gtfs.model.RoutesCdkid#gtfs.line.1.522-0]
14:01:03.217 [main] DEBUG org.hibernate.loader.Loader - result row: EntityKey[net.lojika.gtfs.model.Routes#istb.280590], EntityKey[net.lojika.gtfs.model.RoutesCdkid#gtfs.line.1.52-1]
14:01:03.217 [main] DEBUG org.hibernate.loader.Loader - result row: EntityKey[net.lojika.gtfs.model.Routes#istb.280590], EntityKey[net.lojika.gtfs.model.RoutesCdkid#gtfs.line.1.52-0]
14:01:03.218 [main] DEBUG org.hibernate.loader.Loader - result row: EntityKey[net.lojika.gtfs.model.Routes#istb.280589], EntityKey[net.lojika.gtfs.model.RoutesCdkid#gtfs.line.1.500t-1]
14:01:03.218 [main] DEBUG org.hibernate.loader.Loader - result row: EntityKey[net.lojika.gtfs.model.Routes#istb.280589], EntityKey[net.lojika.gtfs.model.RoutesCdkid#gtfs.line.1.500t-0]
14:01:03.218 [main] DEBUG org.hibernate.loader.Loader - result row: EntityKey[net.lojika.gtfs.model.Routes#istb.280588], EntityKey[net.lojika.gtfs.model.RoutesCdkid#gtfs.line.1.500l-0]
14:01:03.218 [main] DEBUG org.hibernate.loader.Loader - result row: EntityKey[net.lojika.gtfs.model.Routes#istb.280587], EntityKey[net.lojika.gtfs.model.RoutesCdkid#gtfs.line.1.500es-1]
14:01:03.218 [main] DEBUG org.hibernate.loader.Loader - result row: EntityKey[net.lojika.gtfs.model.Routes#istb.280587], EntityKey[net.lojika.gtfs.model.RoutesCdkid#gtfs.line.1.500es-0]
14:01:03.218 [main] DEBUG org.hibernate.loader.Loader - result row: EntityKey[net.lojika.gtfs.model.Routes#istb.280586], EntityKey[net.lojika.gtfs.model.RoutesCdkid#gtfs.line.1.500a-1]
14:01:03.218 [main] DEBUG org.hibernate.loader.Loader - result row: EntityKey[net.lojika.gtfs.model.Routes#istb.280586], EntityKey[net.lojika.gtfs.model.RoutesCdkid#gtfs.line.1.500a-0]
14:01:03.219 [main] DEBUG org.hibernate.loader.Loader - result row: EntityKey[net.lojika.gtfs.model.Routes#istb.280585], EntityKey[net.lojika.gtfs.model.RoutesCdkid#gtfs.line.1.49y-0]
14:01:03.219 [main] DEBUG org.hibernate.loader.Loader - result row: EntityKey[net.lojika.gtfs.model.Routes#istb.280584], EntityKey[net.lojika.gtfs.model.RoutesCdkid#gtfs.line.1.49g-1]
14:01:03.219 [main] DEBUG org.hibernate.loader.Loader - result row: EntityKey[net.lojika.gtfs.model.Routes#istb.280584], EntityKey[net.lojika.gtfs.model.RoutesCdkid#gtfs.line.1.49g-0]
14:01:03.219 [main] DEBUG org.hibernate.loader.Loader - result row: EntityKey[net.lojika.gtfs.model.Routes#istb.280583], EntityKey[net.lojika.gtfs.model.RoutesCdkid#gtfs.line.1.49b-0]
14:01:03.219 [main] DEBUG org.hibernate.loader.Loader - result row: EntityKey[net.lojika.gtfs.model.Routes#istb.280582], EntityKey[net.lojika.gtfs.model.RoutesCdkid#gtfs.line.1.49a-0]
14:01:03.219 [main] DEBUG org.hibernate.loader.Loader - result row: EntityKey[net.lojika.gtfs.model.Routes#istb.280580], EntityKey[net.lojika.gtfs.model.RoutesCdkid#gtfs.line.1.48t-1]
14:01:03.219 [main] DEBUG org.hibernate.loader.Loader - result row: EntityKey[net.lojika.gtfs.model.Routes#istb.280580], EntityKey[net.lojika.gtfs.model.RoutesCdkid#gtfs.line.1.48t-0]
14:01:03.220 [main] DEBUG org.hibernate.loader.Loader - result row: EntityKey[net.lojika.gtfs.model.Routes#istb.280577], EntityKey[net.lojika.gtfs.model.RoutesCdkid#gtfs.line.1.48n-1]
14:01:03.220 [main] DEBUG org.hibernate.loader.Loader - result row: EntityKey[net.lojika.gtfs.model.Routes#istb.280577], EntityKey[net.lojika.gtfs.model.RoutesCdkid#gtfs.line.1.48n-0]
14:01:03.220 [main] DEBUG org.hibernate.loader.Loader - result row: EntityKey[net.lojika.gtfs.model.Routes#istb.280574], EntityKey[net.lojika.gtfs.model.RoutesCdkid#gtfs.line.1.48h-0]
14:01:03.220 [main] DEBUG org.hibernate.loader.Loader - result row: EntityKey[net.lojika.gtfs.model.Routes#istb.280573], EntityKey[net.lojika.gtfs.model.RoutesCdkid#gtfs.line.1.48b-0]
14:01:03.220 [main] DEBUG org.hibernate.loader.Loader - result row: EntityKey[net.lojika.gtfs.model.Routes#istb.280572], EntityKey[net.lojika.gtfs.model.RoutesCdkid#gtfs.line.1.48a-1]
14:01:03.220 [main] DEBUG org.hibernate.loader.Loader - result row: EntityKey[net.lojika.gtfs.model.Routes#istb.280572], EntityKey[net.lojika.gtfs.model.RoutesCdkid#gtfs.line.1.48a-0]
14:01:03.220 [main] DEBUG org.hibernate.loader.Loader - result row: EntityKey[net.lojika.gtfs.model.Routes#istb.280571], EntityKey[net.lojika.gtfs.model.RoutesCdkid#gtfs.line.1.48-1]
14:01:03.221 [main] DEBUG org.hibernate.loader.Loader - result row: EntityKey[net.lojika.gtfs.model.Routes#istb.280571], EntityKey[net.lojika.gtfs.model.RoutesCdkid#gtfs.line.1.48-0]
14:01:03.221 [main] DEBUG org.hibernate.loader.Loader - result row: EntityKey[net.lojika.gtfs.model.Routes#istb.280570], EntityKey[net.lojika.gtfs.model.RoutesCdkid#gtfs.line.1.47-1]
14:01:03.221 [main] DEBUG org.hibernate.loader.Loader - result row: EntityKey[net.lojika.gtfs.model.Routes#istb.280570], EntityKey[net.lojika.gtfs.model.RoutesCdkid#gtfs.line.1.47-0]
14:01:03.221 [main] DEBUG org.hibernate.loader.Loader - result row: EntityKey[net.lojika.gtfs.model.Routes#istb.280567], EntityKey[net.lojika.gtfs.model.RoutesCdkid#gtfs.line.1.47e-1]
14:01:03.221 [main] DEBUG org.hibernate.loader.Loader - result row: EntityKey[net.lojika.gtfs.model.Routes#istb.280564], EntityKey[net.lojika.gtfs.model.RoutesCdkid#gtfs.line.1.46-1]
14:01:03.221 [main] DEBUG org.hibernate.loader.Loader - result row: EntityKey[net.lojika.gtfs.model.Routes#istb.280560], EntityKey[net.lojika.gtfs.model.RoutesCdkid#gtfs.line.1.458-1]
14:01:03.221 [main] DEBUG org.hibernate.loader.Loader - result row: EntityKey[net.lojika.gtfs.model.Routes#istb.280559], EntityKey[net.lojika.gtfs.model.RoutesCdkid#gtfs.line.1.44b-1]
14:01:03.222 [main] DEBUG org.hibernate.loader.Loader - result row: EntityKey[net.lojika.gtfs.model.Routes#istb.280559], EntityKey[net.lojika.gtfs.model.RoutesCdkid#gtfs.line.1.44b-0]
14:01:03.222 [main] DEBUG org.hibernate.loader.Loader - result row: EntityKey[net.lojika.gtfs.model.Routes#istb.280558], EntityKey[net.lojika.gtfs.model.RoutesCdkid#gtfs.line.1.448-1]
14:01:03.222 [main] DEBUG org.hibernate.loader.Loader - result row: EntityKey[net.lojika.gtfs.model.Routes#istb.280558], EntityKey[net.lojika.gtfs.model.RoutesCdkid#gtfs.line.1.448-0]
14:01:03.222 [main] DEBUG org.hibernate.loader.Loader - result row: EntityKey[net.lojika.gtfs.model.Routes#istb.280556], EntityKey[net.lojika.gtfs.model.RoutesCdkid#gtfs.line.1.43-1]
14:01:03.222 [main] DEBUG org.hibernate.loader.Loader - result row: EntityKey[net.lojika.gtfs.model.Routes#istb.280556], EntityKey[net.lojika.gtfs.model.RoutesCdkid#gtfs.line.1.43-0]
14:01:03.222 [main] DEBUG org.hibernate.loader.Loader - result row: EntityKey[net.lojika.gtfs.model.Routes#istb.2013], EntityKey[net.lojika.gtfs.model.RoutesCdkid#gtfs.line.2.m2b-0]
14:01:03.222 [main] DEBUG org.hibernate.loader.Loader - result row: EntityKey[net.lojika.gtfs.model.Routes#istb.2012], EntityKey[net.lojika.gtfs.model.RoutesCdkid#gtfs.line.2.m2a-1]
14:01:03.222 [main] DEBUG org.hibernate.loader.Loader - result row: EntityKey[net.lojika.gtfs.model.Routes#istb.2012], EntityKey[net.lojika.gtfs.model.RoutesCdkid#gtfs.line.2.m2a-0]
14:01:03.223 [main] DEBUG org.hibernate.loader.Loader - result row: EntityKey[net.lojika.gtfs.model.Routes#istb.2008], EntityKey[net.lojika.gtfs.model.RoutesCdkid#gtfs.line.2.f1-1]
14:01:03.223 [main] DEBUG org.hibernate.loader.Loader - result row: EntityKey[net.lojika.gtfs.model.Routes#istb.2007], EntityKey[net.lojika.gtfs.model.RoutesCdkid#gtfs.line.2.t4-1]
14:01:03.223 [main] DEBUG org.hibernate.loader.Loader - result row: EntityKey[net.lojika.gtfs.model.Routes#istb.2007], EntityKey[net.lojika.gtfs.model.RoutesCdkid#gtfs.line.2.t4-0]
14:01:03.223 [main] DEBUG org.hibernate.loader.Loader - result row: EntityKey[net.lojika.gtfs.model.Routes#istb.2005], EntityKey[net.lojika.gtfs.model.RoutesCdkid#gtfs.line.2.t1-1]
14:01:03.223 [main] DEBUG org.hibernate.loader.Loader - result row: EntityKey[net.lojika.gtfs.model.Routes#istb.2005], EntityKey[net.lojika.gtfs.model.RoutesCdkid#gtfs.line.2.t1-0]
14:01:03.223 [main] DEBUG org.hibernate.loader.Loader - result row: EntityKey[net.lojika.gtfs.model.Routes#istb.2004], EntityKey[net.lojika.gtfs.model.RoutesCdkid#gtfs.line.2.m4-1]
14:01:03.223 [main] DEBUG org.hibernate.loader.Loader - result row: EntityKey[net.lojika.gtfs.model.Routes#istb.2004], EntityKey[net.lojika.gtfs.model.RoutesCdkid#gtfs.line.2.m4-0]
14:01:03.223 [main] DEBUG org.hibernate.loader.Loader - result row: EntityKey[net.lojika.gtfs.model.Routes#istb.2003], EntityKey[net.lojika.gtfs.model.RoutesCdkid#gtfs.line.2.m3-1]
14:01:03.224 [main] DEBUG org.hibernate.loader.Loader - result row: EntityKey[net.lojika.gtfs.model.Routes#istb.2003], EntityKey[net.lojika.gtfs.model.RoutesCdkid#gtfs.line.2.m3-0]
14:01:03.224 [main] DEBUG org.hibernate.loader.Loader - result row: EntityKey[net.lojika.gtfs.model.Routes#istb.2002], EntityKey[net.lojika.gtfs.model.RoutesCdkid#gtfs.line.2.m2-1]
14:01:03.224 [main] DEBUG org.hibernate.loader.Loader - result row: EntityKey[net.lojika.gtfs.model.Routes#istb.2002], EntityKey[net.lojika.gtfs.model.RoutesCdkid#gtfs.line.2.m2-0]
14:01:03.224 [main] DEBUG org.hibernate.loader.Loader - result row: EntityKey[net.lojika.gtfs.model.Routes#istb.2001], EntityKey[net.lojika.gtfs.model.RoutesCdkid#gtfs.line.2.m1a-1]
14:01:03.224 [main] DEBUG org.hibernate.loader.Loader - result row: EntityKey[net.lojika.gtfs.model.Routes#istb.2001], EntityKey[net.lojika.gtfs.model.RoutesCdkid#gtfs.line.2.m1a-0]
14:01:03.224 [main] DEBUG org.hibernate.loader.Loader - result row: EntityKey[net.lojika.gtfs.model.Routes#istb.5160], EntityKey[net.lojika.gtfs.model.RoutesCdkid#gtfs.line.5.kbtbyk-1]
14:01:03.224 [main] DEBUG org.hibernate.loader.Loader - result row: EntityKey[net.lojika.gtfs.model.Routes#istb.5007], EntityKey[net.lojika.gtfs.model.RoutesCdkid#gtfs.line.5.kdykbt-1]
14:01:03.224 [main] DEBUG org.hibernate.loader.Loader - result row: EntityKey[net.lojika.gtfs.model.Routes#istb.5007], EntityKey[net.lojika.gtfs.model.RoutesCdkid#gtfs.line.5.kdykbt-0]
14:01:03.224 [main] DEBUG org.hibernate.loader.Loader - result row: EntityKey[net.lojika.gtfs.model.Routes#istb.280766], EntityKey[net.lojika.gtfs.model.RoutesCdkid#gtfs.line.1.9a-1]
14:01:03.224 [main] DEBUG org.hibernate.loader.Loader - result row: EntityKey[net.lojika.gtfs.model.Routes#istb.280668], EntityKey[net.lojika.gtfs.model.RoutesCdkid#gtfs.line.1.77a-1]
14:01:03.225 [main] DEBUG org.hibernate.loader.Loader - result row: EntityKey[net.lojika.gtfs.model.Routes#istb.280628], EntityKey[net.lojika.gtfs.model.RoutesCdkid#gtfs.line.1.61b-0]
14:01:03.225 [main] DEBUG org.hibernate.loader.Loader - result row: EntityKey[net.lojika.gtfs.model.Routes#istb.280422], EntityKey[net.lojika.gtfs.model.RoutesCdkid#gtfs.line.1.252-1]
14:01:03.225 [main] DEBUG org.hibernate.loader.Loader - result row: EntityKey[net.lojika.gtfs.model.Routes#istb.280422], EntityKey[net.lojika.gtfs.model.RoutesCdkid#gtfs.line.1.252-0]
14:01:03.225 [main] DEBUG org.hibernate.loader.Loader - result row: EntityKey[net.lojika.gtfs.model.Routes#istb.280421], EntityKey[net.lojika.gtfs.model.RoutesCdkid#gtfs.line.1.251-1]
14:01:03.225 [main] DEBUG org.hibernate.loader.Loader - result row: EntityKey[net.lojika.gtfs.model.Routes#istb.280421], EntityKey[net.lojika.gtfs.model.RoutesCdkid#gtfs.line.1.251-0]
14:01:03.225 [main] DEBUG org.hibernate.loader.Loader - result row: EntityKey[net.lojika.gtfs.model.Routes#istb.280419], EntityKey[net.lojika.gtfs.model.RoutesCdkid#gtfs.line.1.222-1]
14:01:03.225 [main] DEBUG org.hibernate.loader.Loader - result row: EntityKey[net.lojika.gtfs.model.Routes#istb.280419], EntityKey[net.lojika.gtfs.model.RoutesCdkid#gtfs.line.1.222-0]
14:01:03.225 [main] DEBUG org.hibernate.loader.Loader - result row: EntityKey[net.lojika.gtfs.model.Routes#istb.280418], EntityKey[net.lojika.gtfs.model.RoutesCdkid#gtfs.line.1.22-1]
14:01:03.225 [main] DEBUG org.hibernate.loader.Loader - result row: EntityKey[net.lojika.gtfs.model.Routes#istb.280418], EntityKey[net.lojika.gtfs.model.RoutesCdkid#gtfs.line.1.22-0]
14:01:03.226 [main] DEBUG org.hibernate.loader.Loader - result row: EntityKey[net.lojika.gtfs.model.Routes#istb.280417], EntityKey[net.lojika.gtfs.model.RoutesCdkid#gtfs.line.1.21y-1]
14:01:03.226 [main] DEBUG org.hibernate.loader.Loader - result row: EntityKey[net.lojika.gtfs.model.Routes#istb.280417], EntityKey[net.lojika.gtfs.model.RoutesCdkid#gtfs.line.1.21y-0]
14:01:03.226 [main] DEBUG org.hibernate.loader.Loader - result row: EntityKey[net.lojika.gtfs.model.Routes#istb.280416], EntityKey[net.lojika.gtfs.model.RoutesCdkid#gtfs.line.1.21u-1]
14:01:03.226 [main] DEBUG org.hibernate.loader.Loader - result row: EntityKey[net.lojika.gtfs.model.Routes#istb.280416], EntityKey[net.lojika.gtfs.model.RoutesCdkid#gtfs.line.1.21u-0]
14:01:03.226 [main] DEBUG org.hibernate.loader.Loader - result row: EntityKey[net.lojika.gtfs.model.Routes#istb.280415], EntityKey[net.lojika.gtfs.model.RoutesCdkid#gtfs.line.1.21k-1]
14:01:03.226 [main] DEBUG org.hibernate.loader.Loader - result row: EntityKey[net.lojika.gtfs.model.Routes#istb.280415], EntityKey[net.lojika.gtfs.model.RoutesCdkid#gtfs.line.1.21k-0]
14:01:03.226 [main] DEBUG org.hibernate.loader.Loader - result row: EntityKey[net.lojika.gtfs.model.Routes#istb.280414], EntityKey[net.lojika.gtfs.model.RoutesCdkid#gtfs.line.1.21g-1]
14:01:03.226 [main] DEBUG org.hibernate.loader.Loader - result row: EntityKey[net.lojika.gtfs.model.Routes#istb.280414], EntityKey[net.lojika.gtfs.model.RoutesCdkid#gtfs.line.1.21g-0]
14:01:03.226 [main] DEBUG org.hibernate.loader.Loader - result row: EntityKey[net.lojika.gtfs.model.Routes#istb.280413], EntityKey[net.lojika.gtfs.model.RoutesCdkid#gtfs.line.1.21c-1]
14:01:03.227 [main] DEBUG org.hibernate.loader.Loader - result row: EntityKey[net.lojika.gtfs.model.Routes#istb.280413], EntityKey[net.lojika.gtfs.model.RoutesCdkid#gtfs.line.1.21c-0]
14:01:03.227 [main] DEBUG org.hibernate.loader.Loader - result row: EntityKey[net.lojika.gtfs.model.Routes#istb.280412], EntityKey[net.lojika.gtfs.model.RoutesCdkid#gtfs.line.1.21b-1]
14:01:03.227 [main] DEBUG org.hibernate.loader.Loader - result row: EntityKey[net.lojika.gtfs.model.Routes#istb.280412], EntityKey[net.lojika.gtfs.model.RoutesCdkid#gtfs.line.1.21b-0]
14:01:03.227 [main] DEBUG org.hibernate.loader.Loader - result row: EntityKey[net.lojika.gtfs.model.Routes#istb.280411], EntityKey[net.lojika.gtfs.model.RoutesCdkid#gtfs.line.1.21a-1]
14:01:03.227 [main] DEBUG org.hibernate.loader.Loader - result row: EntityKey[net.lojika.gtfs.model.Routes#istb.280411], EntityKey[net.lojika.gtfs.model.RoutesCdkid#gtfs.line.1.21a-0]
14:01:03.228 [main] DEBUG org.hibernate.loader.Loader - result row: EntityKey[net.lojika.gtfs.model.Routes#istb.280410], EntityKey[net.lojika.gtfs.model.RoutesCdkid#gtfs.line.1.20-1]
14:01:03.228 [main] DEBUG org.hibernate.loader.Loader - result row: EntityKey[net.lojika.gtfs.model.Routes#istb.280410], EntityKey[net.lojika.gtfs.model.RoutesCdkid#gtfs.line.1.20-0]
14:01:03.228 [main] DEBUG org.hibernate.loader.Loader - result row: EntityKey[net.lojika.gtfs.model.Routes#istb.280409], EntityKey[net.lojika.gtfs.model.RoutesCdkid#gtfs.line.1.20k-1]
14:01:03.228 [main] DEBUG org.hibernate.loader.Loader - result row: EntityKey[net.lojika.gtfs.model.Routes#istb.280409], EntityKey[net.lojika.gtfs.model.RoutesCdkid#gtfs.line.1.20k-0]
14:01:03.228 [main] DEBUG org.hibernate.loader.Loader - result row: EntityKey[net.lojika.gtfs.model.Routes#istb.280408], EntityKey[net.lojika.gtfs.model.RoutesCdkid#gtfs.line.1.20e-1]
14:01:03.228 [main] DEBUG org.hibernate.loader.Loader - result row: EntityKey[net.lojika.gtfs.model.Routes#istb.280408], EntityKey[net.lojika.gtfs.model.RoutesCdkid#gtfs.line.1.20e-0]
14:01:03.228 [main] DEBUG org.hibernate.loader.Loader - result row: EntityKey[net.lojika.gtfs.model.Routes#istb.280407], EntityKey[net.lojika.gtfs.model.RoutesCdkid#gtfs.line.1.20d-1]
14:01:03.229 [main] DEBUG org.hibernate.loader.Loader - result row: EntityKey[net.lojika.gtfs.model.Routes#istb.280407], EntityKey[net.lojika.gtfs.model.RoutesCdkid#gtfs.line.1.20d-0]
14:01:03.229 [main] DEBUG org.hibernate.loader.Loader - result row: EntityKey[net.lojika.gtfs.model.Routes#istb.280406], EntityKey[net.lojika.gtfs.model.RoutesCdkid#gtfs.line.1.202-1]
14:01:03.229 [main] DEBUG org.hibernate.loader.Loader - result row: EntityKey[net.lojika.gtfs.model.Routes#istb.280406], EntityKey[net.lojika.gtfs.model.RoutesCdkid#gtfs.line.1.202-0]
14:01:03.229 [main] DEBUG org.hibernate.loader.Loader - result row: EntityKey[net.lojika.gtfs.model.Routes#istb.280404], EntityKey[net.lojika.gtfs.model.RoutesCdkid#gtfs.line.1.2-1]
14:01:03.229 [main] DEBUG org.hibernate.loader.Loader - result row: EntityKey[net.lojika.gtfs.model.Routes#istb.280404], EntityKey[net.lojika.gtfs.model.RoutesCdkid#gtfs.line.1.2-0]
14:01:03.229 [main] DEBUG org.hibernate.loader.Loader - result row: EntityKey[net.lojika.gtfs.model.Routes#istb.280403], EntityKey[net.lojika.gtfs.model.RoutesCdkid#gtfs.line.1.19z-1]
14:01:03.229 [main] DEBUG org.hibernate.loader.Loader - result row: EntityKey[net.lojika.gtfs.model.Routes#istb.280403], EntityKey[net.lojika.gtfs.model.RoutesCdkid#gtfs.line.1.19z-0]
14:01:03.229 [main] DEBUG org.hibernate.loader.Loader - result row: EntityKey[net.lojika.gtfs.model.Routes#istb.280402], EntityKey[net.lojika.gtfs.model.RoutesCdkid#gtfs.line.1.19y-1]
14:01:03.230 [main] DEBUG org.hibernate.loader.Loader - result row: EntityKey[net.lojika.gtfs.model.Routes#istb.280402], EntityKey[net.lojika.gtfs.model.RoutesCdkid#gtfs.line.1.19y-0]
14:01:03.230 [main] DEBUG org.hibernate.loader.Loader - result row: EntityKey[net.lojika.gtfs.model.Routes#istb.280401], EntityKey[net.lojika.gtfs.model.RoutesCdkid#gtfs.line.1.19v-1]
14:01:03.230 [main] DEBUG org.hibernate.loader.Loader - result row: EntityKey[net.lojika.gtfs.model.Routes#istb.280401], EntityKey[net.lojika.gtfs.model.RoutesCdkid#gtfs.line.1.19v-0]
14:01:03.230 [main] DEBUG org.hibernate.loader.Loader - result row: EntityKey[net.lojika.gtfs.model.Routes#istb.280400], EntityKey[net.lojika.gtfs.model.RoutesCdkid#gtfs.line.1.19t-1]
14:01:03.230 [main] DEBUG org.hibernate.loader.Loader - result row: EntityKey[net.lojika.gtfs.model.Routes#istb.280400], EntityKey[net.lojika.gtfs.model.RoutesCdkid#gtfs.line.1.19t-0]
14:01:03.230 [main] DEBUG org.hibernate.loader.Loader - result row: EntityKey[net.lojika.gtfs.model.Routes#istb.280399], EntityKey[net.lojika.gtfs.model.RoutesCdkid#gtfs.line.1.19sb-1]
14:01:03.230 [main] DEBUG org.hibernate.loader.Loader - result row: EntityKey[net.lojika.gtfs.model.Routes#istb.280399], EntityKey[net.lojika.gtfs.model.RoutesCdkid#gtfs.line.1.19sb-0]
14:01:03.230 [main] DEBUG org.hibernate.loader.Loader - result row: EntityKey[net.lojika.gtfs.model.Routes#istb.280398], EntityKey[net.lojika.gtfs.model.RoutesCdkid#gtfs.line.1.19s-1]
14:01:03.230 [main] DEBUG org.hibernate.loader.Loader - result row: EntityKey[net.lojika.gtfs.model.Routes#istb.280398], EntityKey[net.lojika.gtfs.model.RoutesCdkid#gtfs.line.1.19s-0]
14:01:03.230 [main] DEBUG org.hibernate.loader.Loader - result row: EntityKey[net.lojika.gtfs.model.Routes#istb.280397], EntityKey[net.lojika.gtfs.model.RoutesCdkid#gtfs.line.1.19m-1]
14:01:03.231 [main] DEBUG org.hibernate.loader.Loader - result row: EntityKey[net.lojika.gtfs.model.Routes#istb.280397], EntityKey[net.lojika.gtfs.model.RoutesCdkid#gtfs.line.1.19m-0]
14:01:03.231 [main] DEBUG org.hibernate.loader.Loader - result row: EntityKey[net.lojika.gtfs.model.Routes#istb.280395], EntityKey[net.lojika.gtfs.model.RoutesCdkid#gtfs.line.1.19f-1]
14:01:03.231 [main] DEBUG org.hibernate.loader.Loader - result row: EntityKey[net.lojika.gtfs.model.Routes#istb.280395], EntityKey[net.lojika.gtfs.model.RoutesCdkid#gtfs.line.1.19f-0]
14:01:03.231 [main] DEBUG org.hibernate.loader.Loader - result row: EntityKey[net.lojika.gtfs.model.Routes#istb.280394], EntityKey[net.lojika.gtfs.model.RoutesCdkid#gtfs.line.1.19es-1]
14:01:03.232 [main] DEBUG org.hibernate.loader.Loader - result row: EntityKey[net.lojika.gtfs.model.Routes#istb.280394], EntityKey[net.lojika.gtfs.model.RoutesCdkid#gtfs.line.1.19es-0]
14:01:03.232 [main] DEBUG org.hibernate.loader.Loader - result row: EntityKey[net.lojika.gtfs.model.Routes#istb.280393], EntityKey[net.lojika.gtfs.model.RoutesCdkid#gtfs.line.1.19e-1]
14:01:03.232 [main] DEBUG org.hibernate.loader.Loader - result row: EntityKey[net.lojika.gtfs.model.Routes#istb.280393], EntityKey[net.lojika.gtfs.model.RoutesCdkid#gtfs.line.1.19e-0]
14:01:03.232 [main] DEBUG org.hibernate.loader.Loader - result row: EntityKey[net.lojika.gtfs.model.Routes#istb.280392], EntityKey[net.lojika.gtfs.model.RoutesCdkid#gtfs.line.1.19d-1]
14:01:03.232 [main] DEBUG org.hibernate.loader.Loader - result row: EntityKey[net.lojika.gtfs.model.Routes#istb.280392], EntityKey[net.lojika.gtfs.model.RoutesCdkid#gtfs.line.1.19d-0]
14:01:03.233 [main] DEBUG org.hibernate.loader.Loader - result row: EntityKey[net.lojika.gtfs.model.Routes#istb.280391], EntityKey[net.lojika.gtfs.model.RoutesCdkid#gtfs.line.1.19b-1]
14:01:03.233 [main] DEBUG org.hibernate.loader.Loader - result row: EntityKey[net.lojika.gtfs.model.Routes#istb.280391], EntityKey[net.lojika.gtfs.model.RoutesCdkid#gtfs.line.1.19b-0]
14:01:03.233 [main] DEBUG org.hibernate.loader.Loader - result row: EntityKey[net.lojika.gtfs.model.Routes#istb.280390], EntityKey[net.lojika.gtfs.model.RoutesCdkid#gtfs.line.1.19-1]
14:01:03.233 [main] DEBUG org.hibernate.loader.Loader - result row: EntityKey[net.lojika.gtfs.model.Routes#istb.280390], EntityKey[net.lojika.gtfs.model.RoutesCdkid#gtfs.line.1.19-0]
14:01:03.234 [main] DEBUG org.hibernate.loader.Loader - result row: EntityKey[net.lojika.gtfs.model.Routes#istb.280389], EntityKey[net.lojika.gtfs.model.RoutesCdkid#gtfs.line.1.18-1]
14:01:03.234 [main] DEBUG org.hibernate.loader.Loader - result row: EntityKey[net.lojika.gtfs.model.Routes#istb.280389], EntityKey[net.lojika.gtfs.model.RoutesCdkid#gtfs.line.1.18-0]
14:01:03.234 [main] DEBUG org.hibernate.loader.Loader - result row: EntityKey[net.lojika.gtfs.model.Routes#istb.280388], EntityKey[net.lojika.gtfs.model.RoutesCdkid#gtfs.line.1.18s-1]
14:01:03.234 [main] DEBUG org.hibernate.loader.Loader - result row: EntityKey[net.lojika.gtfs.model.Routes#istb.280388], EntityKey[net.lojika.gtfs.model.RoutesCdkid#gtfs.line.1.18s-0]
14:01:03.234 [main] DEBUG org.hibernate.loader.Loader - result row: EntityKey[net.lojika.gtfs.model.Routes#istb.280387], EntityKey[net.lojika.gtfs.model.RoutesCdkid#gtfs.line.1.18m-1]
14:01:03.234 [main] DEBUG org.hibernate.loader.Loader - result row: EntityKey[net.lojika.gtfs.model.Routes#istb.280387], EntityKey[net.lojika.gtfs.model.RoutesCdkid#gtfs.line.1.18m-0]
14:01:03.234 [main] DEBUG org.hibernate.loader.Loader - result row: EntityKey[net.lojika.gtfs.model.Routes#istb.280386], EntityKey[net.lojika.gtfs.model.RoutesCdkid#gtfs.line.1.18k-1]
14:01:03.235 [main] DEBUG org.hibernate.loader.Loader - result row: EntityKey[net.lojika.gtfs.model.Routes#istb.280386], EntityKey[net.lojika.gtfs.model.RoutesCdkid#gtfs.line.1.18k-0]
14:01:03.235 [main] DEBUG org.hibernate.loader.Loader - result row: EntityKey[net.lojika.gtfs.model.Routes#istb.280385], EntityKey[net.lojika.gtfs.model.RoutesCdkid#gtfs.line.1.18h-1]
14:01:03.235 [main] DEBUG org.hibernate.loader.Loader - result row: EntityKey[net.lojika.gtfs.model.Routes#istb.280385], EntityKey[net.lojika.gtfs.model.RoutesCdkid#gtfs.line.1.18h-0]
14:01:03.235 [main] DEBUG org.hibernate.loader.Loader - result row: EntityKey[net.lojika.gtfs.model.Routes#istb.280384], EntityKey[net.lojika.gtfs.model.RoutesCdkid#gtfs.line.1.17s-1]
14:01:03.235 [main] DEBUG org.hibernate.loader.Loader - result row: EntityKey[net.lojika.gtfs.model.Routes#istb.280384], EntityKey[net.lojika.gtfs.model.RoutesCdkid#gtfs.line.1.17s-0]
14:01:03.235 [main] DEBUG org.hibernate.loader.Loader - result row: EntityKey[net.lojika.gtfs.model.Routes#istb.280383], EntityKey[net.lojika.gtfs.model.RoutesCdkid#gtfs.line.1.17l-1]
14:01:03.235 [main] DEBUG org.hibernate.loader.Loader - result row: EntityKey[net.lojika.gtfs.model.Routes#istb.280383], EntityKey[net.lojika.gtfs.model.RoutesCdkid#gtfs.line.1.17l-0]
14:01:03.236 [main] DEBUG org.hibernate.loader.Loader - result row: EntityKey[net.lojika.gtfs.model.Routes#istb.280382], EntityKey[net.lojika.gtfs.model.RoutesCdkid#gtfs.line.1.17k-1]
14:01:03.236 [main] DEBUG org.hibernate.loader.Loader - result row: EntityKey[net.lojika.gtfs.model.Routes#istb.280382], EntityKey[net.lojika.gtfs.model.RoutesCdkid#gtfs.line.1.17k-0]
14:01:03.236 [main] DEBUG org.hibernate.loader.Loader - result row: EntityKey[net.lojika.gtfs.model.Routes#istb.280380], EntityKey[net.lojika.gtfs.model.RoutesCdkid#gtfs.line.1.17-1]
14:01:03.236 [main] DEBUG org.hibernate.loader.Loader - result row: EntityKey[net.lojika.gtfs.model.Routes#istb.280380], EntityKey[net.lojika.gtfs.model.RoutesCdkid#gtfs.line.1.17-0]
14:01:03.236 [main] DEBUG org.hibernate.loader.Loader - result row: EntityKey[net.lojika.gtfs.model.Routes#istb.280379], EntityKey[net.lojika.gtfs.model.RoutesCdkid#gtfs.line.1.16y-1]
14:01:03.236 [main] DEBUG org.hibernate.loader.Loader - result row: EntityKey[net.lojika.gtfs.model.Routes#istb.280379], EntityKey[net.lojika.gtfs.model.RoutesCdkid#gtfs.line.1.16y-0]
14:01:03.236 [main] DEBUG org.hibernate.loader.Loader - result row: EntityKey[net.lojika.gtfs.model.Routes#istb.280377], EntityKey[net.lojika.gtfs.model.RoutesCdkid#gtfs.line.1.16u-1]
14:01:03.236 [main] DEBUG org.hibernate.loader.Loader - result row: EntityKey[net.lojika.gtfs.model.Routes#istb.280377], EntityKey[net.lojika.gtfs.model.RoutesCdkid#gtfs.line.1.16u-0]
14:01:03.237 [main] DEBUG org.hibernate.loader.Loader - result row: EntityKey[net.lojika.gtfs.model.Routes#istb.280376], EntityKey[net.lojika.gtfs.model.RoutesCdkid#gtfs.line.1.16s-1]
14:01:03.237 [main] DEBUG org.hibernate.loader.Loader - result row: EntityKey[net.lojika.gtfs.model.Routes#istb.280376], EntityKey[net.lojika.gtfs.model.RoutesCdkid#gtfs.line.1.16s-0]
14:01:03.237 [main] DEBUG org.hibernate.loader.Loader - result row: EntityKey[net.lojika.gtfs.model.Routes#istb.280375], EntityKey[net.lojika.gtfs.model.RoutesCdkid#gtfs.line.1.16m-0]
14:01:03.237 [main] DEBUG org.hibernate.loader.Loader - result row: EntityKey[net.lojika.gtfs.model.Routes#istb.280564], EntityKey[net.lojika.gtfs.model.RoutesCdkid#gtfs.line.1.46-0]
14:01:03.237 [main] DEBUG org.hibernate.loader.Loader - result row: EntityKey[net.lojika.gtfs.model.Routes#istb.280560], EntityKey[net.lojika.gtfs.model.RoutesCdkid#gtfs.line.1.458-0]
14:01:03.237 [main] DEBUG org.hibernate.loader.Loader - result row: EntityKey[net.lojika.gtfs.model.Routes#istb.280486], EntityKey[net.lojika.gtfs.model.RoutesCdkid#gtfs.line.1.35a-0]
14:01:03.237 [main] DEBUG org.hibernate.loader.Loader - result row: EntityKey[net.lojika.gtfs.model.Routes#istb.280355], EntityKey[net.lojika.gtfs.model.RoutesCdkid#gtfs.line.1.15m-1]
14:01:03.238 [main] DEBUG org.hibernate.loader.Loader - result row: EntityKey[net.lojika.gtfs.model.Routes#istb.280355], EntityKey[net.lojika.gtfs.model.RoutesCdkid#gtfs.line.1.15m-0]
14:01:03.238 [main] DEBUG org.hibernate.loader.Loader - result row: EntityKey[net.lojika.gtfs.model.Routes#istb.280351], EntityKey[net.lojika.gtfs.model.RoutesCdkid#gtfs.line.1.15f-0]
14:01:03.238 [main] DEBUG org.hibernate.loader.Loader - result row: EntityKey[net.lojika.gtfs.model.Routes#istb.280262], EntityKey[net.lojika.gtfs.model.RoutesCdkid#gtfs.line.1.132v-1]
14:01:03.238 [main] DEBUG org.hibernate.loader.Loader - result row: EntityKey[net.lojika.gtfs.model.Routes#istb.5157], EntityKey[net.lojika.gtfs.model.RoutesCdkid#gtfs.line.5.bybemn-1]
14:01:03.238 [main] DEBUG org.hibernate.loader.Loader - result row: EntityKey[net.lojika.gtfs.model.Routes#istb.5140], EntityKey[net.lojika.gtfs.model.RoutesCdkid#gtfs.line.5.emnarn-0]
14:01:03.238 [main] DEBUG org.hibernate.loader.Loader - result row: EntityKey[net.lojika.gtfs.model.Routes#istb.5110], EntityKey[net.lojika.gtfs.model.RoutesCdkid#gtfs.line.5.emncng-1]
14:01:03.238 [main] DEBUG org.hibernate.loader.Loader - result row: EntityKey[net.lojika.gtfs.model.Routes#istb.5104], EntityKey[net.lojika.gtfs.model.RoutesCdkid#gtfs.line.5.kcsist-1]
14:01:03.238 [main] DEBUG org.hibernate.loader.Loader - result row: EntityKey[net.lojika.gtfs.model.Routes#istb.5102], EntityKey[net.lojika.gtfs.model.RoutesCdkid#gtfs.line.5.kcsbsk-0]
14:01:03.239 [main] DEBUG org.hibernate.loader.Loader - result row: EntityKey[net.lojika.gtfs.model.Routes#istb.280764], EntityKey[net.lojika.gtfs.model.RoutesCdkid#gtfs.line.1.99-0]
14:01:03.239 [main] DEBUG org.hibernate.loader.Loader - result row: EntityKey[net.lojika.gtfs.model.Routes#istb.280751], EntityKey[net.lojika.gtfs.model.RoutesCdkid#gtfs.line.1.98b-0]
14:01:03.239 [main] DEBUG org.hibernate.loader.Loader - result row: EntityKey[net.lojika.gtfs.model.Routes#istb.280750], EntityKey[net.lojika.gtfs.model.RoutesCdkid#gtfs.line.1.98a-1]
14:01:03.239 [main] DEBUG org.hibernate.loader.Loader - result row: EntityKey[net.lojika.gtfs.model.Routes#istb.280750], EntityKey[net.lojika.gtfs.model.RoutesCdkid#gtfs.line.1.98a-0]
14:01:03.239 [main] DEBUG org.hibernate.loader.Loader - result row: EntityKey[net.lojika.gtfs.model.Routes#istb.280727], EntityKey[net.lojika.gtfs.model.RoutesCdkid#gtfs.line.1.92b-1]
14:01:03.239 [main] DEBUG org.hibernate.loader.Loader - result row: EntityKey[net.lojika.gtfs.model.Routes#istb.280727], EntityKey[net.lojika.gtfs.model.RoutesCdkid#gtfs.line.1.92b-0]
14:01:03.239 [main] DEBUG org.hibernate.loader.Loader - result row: EntityKey[net.lojika.gtfs.model.Routes#istb.280707], EntityKey[net.lojika.gtfs.model.RoutesCdkid#gtfs.line.1.88a-0]
14:01:03.239 [main] DEBUG org.hibernate.loader.Loader - result row: EntityKey[net.lojika.gtfs.model.Routes#istb.280706], EntityKey[net.lojika.gtfs.model.RoutesCdkid#gtfs.line.1.88-1]
14:01:03.240 [main] DEBUG org.hibernate.loader.Loader - result row: EntityKey[net.lojika.gtfs.model.Routes#istb.280706], EntityKey[net.lojika.gtfs.model.RoutesCdkid#gtfs.line.1.88-0]
14:01:03.240 [main] DEBUG org.hibernate.loader.Loader - result row: EntityKey[net.lojika.gtfs.model.Routes#istb.280702], EntityKey[net.lojika.gtfs.model.RoutesCdkid#gtfs.line.1.85c-0]
14:01:03.240 [main] DEBUG org.hibernate.loader.Loader - result row: EntityKey[net.lojika.gtfs.model.Routes#istb.280669], EntityKey[net.lojika.gtfs.model.RoutesCdkid#gtfs.line.1.77mt-0]
14:01:03.240 [main] DEBUG org.hibernate.loader.Loader - result row: EntityKey[net.lojika.gtfs.model.Routes#istb.280663], EntityKey[net.lojika.gtfs.model.RoutesCdkid#gtfs.line.1.76t-0]
14:01:03.240 [main] DEBUG org.hibernate.loader.Loader - result row: EntityKey[net.lojika.gtfs.model.Routes#istb.280567], EntityKey[net.lojika.gtfs.model.RoutesCdkid#gtfs.line.1.47e-0]
14:01:03.242 [main] DEBUG org.hibernate.loader.Loader - result row: EntityKey[net.lojika.gtfs.model.Routes#istb.280565], EntityKey[net.lojika.gtfs.model.RoutesCdkid#gtfs.line.1.46y-1]
14:01:03.242 [main] DEBUG org.hibernate.loader.Loader - result row: EntityKey[net.lojika.gtfs.model.Routes#istb.280565], EntityKey[net.lojika.gtfs.model.RoutesCdkid#gtfs.line.1.46y-0]
14:01:03.242 [main] DEBUG org.hibernate.loader.Loader - result row: EntityKey[net.lojika.gtfs.model.Routes#istb.280805], EntityKey[net.lojika.gtfs.model.RoutesCdkid#gtfs.line.1.ht5-1]
14:01:03.242 [main] DEBUG org.hibernate.loader.Loader - result row: EntityKey[net.lojika.gtfs.model.Routes#istb.280492], EntityKey[net.lojika.gtfs.model.RoutesCdkid#gtfs.line.1.36ay-1]
14:01:03.242 [main] DEBUG org.hibernate.loader.Loader - result row: EntityKey[net.lojika.gtfs.model.Routes#istb.280445], EntityKey[net.lojika.gtfs.model.RoutesCdkid#gtfs.line.1.29gm-1]
14:01:03.242 [main] DEBUG org.hibernate.loader.Loader - result row: EntityKey[net.lojika.gtfs.model.Routes#istb.280436], EntityKey[net.lojika.gtfs.model.RoutesCdkid#gtfs.line.1.27t-0]
14:01:03.242 [main] DEBUG org.hibernate.loader.Loader - result row: EntityKey[net.lojika.gtfs.model.Routes#istb.280375], EntityKey[net.lojika.gtfs.model.RoutesCdkid#gtfs.line.1.16m-1]
14:01:03.243 [main] DEBUG org.hibernate.loader.Loader - result row: EntityKey[net.lojika.gtfs.model.Routes#istb.280352], EntityKey[net.lojika.gtfs.model.RoutesCdkid#gtfs.line.1.15h-0]
14:01:03.243 [main] DEBUG org.hibernate.loader.Loader - result row: EntityKey[net.lojika.gtfs.model.Routes#istb.280351], EntityKey[net.lojika.gtfs.model.RoutesCdkid#gtfs.line.1.15f-1]
14:01:03.243 [main] DEBUG org.hibernate.loader.Loader - result row: EntityKey[net.lojika.gtfs.model.Routes#istb.280329], EntityKey[net.lojika.gtfs.model.RoutesCdkid#gtfs.line.1.14es-0]
14:01:03.243 [main] DEBUG org.hibernate.loader.Loader - result row: EntityKey[net.lojika.gtfs.model.Routes#istb.280322], EntityKey[net.lojika.gtfs.model.RoutesCdkid#gtfs.line.1.14ak-0]
14:01:03.243 [main] DEBUG org.hibernate.loader.Loader - result row: EntityKey[net.lojika.gtfs.model.Routes#istb.280261], EntityKey[net.lojika.gtfs.model.RoutesCdkid#gtfs.line.1.132s-1]
14:01:03.243 [main] DEBUG org.hibernate.loader.Loader - result row: EntityKey[net.lojika.gtfs.model.Routes#istb.2008], EntityKey[net.lojika.gtfs.model.RoutesCdkid#gtfs.line.2.f1-0]
14:01:03.244 [main] DEBUG org.hibernate.jdbc.AbstractBatcher - about to close ResultSet (open ResultSets: 1, globally: 1)
14:01:03.244 [main] DEBUG org.hibernate.jdbc.AbstractBatcher - about to close PreparedStatement (open PreparedStatements: 1, globally: 1)
14:01:03.245 [main] DEBUG org.hibernate.engine.TwoPhaseLoad - resolving associations for [net.lojika.gtfs.model.Routes#istb.5241]
14:01:03.251 [main] DEBUG org.hibernate.engine.TwoPhaseLoad - done materializing entity [net.lojika.gtfs.model.Routes#istb.5241]
14:01:03.251 [main] DEBUG org.hibernate.engine.TwoPhaseLoad - resolving associations for [net.lojika.gtfs.model.RoutesCdkid#gtfs.line.5.bosada-1]
14:01:03.252 [main] DEBUG org.hibernate.engine.TwoPhaseLoad - done materializing entity [net.lojika.gtfs.model.RoutesCdkid#gtfs.line.5.bosada-1]
14:01:03.252 [main] DEBUG org.hibernate.engine.TwoPhaseLoad - resolving associations for [net.lojika.gtfs.model.Routes#istb.5240]
14:01:03.252 [main] DEBUG org.hibernate.engine.TwoPhaseLoad - done materializing entity [net.lojika.gtfs.model.Routes#istb.5240]
14:01:03.252 [main] DEBUG org.hibernate.engine.TwoPhaseLoad - resolving associations for [net.lojika.gtfs.model.RoutesCdkid#gtfs.line.5.kbt_kdyada-1]
14:01:03.253 [main] DEBUG org.hibernate.engine.TwoPhaseLoad - done materializing entity [net.lojika.gtfs.model.RoutesCdkid#gtfs.line.5.kbt_kdyada-1]
14:01:03.253 [main] DEBUG org.hibernate.engine.TwoPhaseLoad - resolving associations for [net.lojika.gtfs.model.Routes#istb.5231]
14:01:03.253 [main] DEBUG org.hibernate.engine.TwoPhaseLoad - done materializing entity [net.lojika.gtfs.model.Routes#istb.5231]
14:01:03.253 [main] DEBUG org.hibernate.engine.TwoPhaseLoad - resolving associations for [net.lojika.gtfs.model.RoutesCdkid#gtfs.line.5.bosada-0]
14:01:03.253 [main] DEBUG org.hibernate.engine.TwoPhaseLoad - done materializing entity [net.lojika.gtfs.model.RoutesCdkid#gtfs.line.5.bosada-0]
14:01:03.253 [main] DEBUG org.hibernate.engine.TwoPhaseLoad - resolving associations for [net.lojika.gtfs.model.Routes#istb.5230]
14:01:03.253 [main] DEBUG org.hibernate.engine.TwoPhaseLoad - done materializing entity [net.lojika.gtfs.model.Routes#istb.5230]
14:01:03.253 [main] DEBUG org.hibernate.engine.TwoPhaseLoad - resolving associations for [net.lojika.gtfs.model.RoutesCdkid#gtfs.line.5.kbtkdyada-1]
14:01:03.253 [main] DEBUG org.hibernate.engine.TwoPhaseLoad - done materializing entity [net.lojika.gtfs.model.RoutesCdkid#gtfs.line.5.kbtkdyada-1]
14:01:03.253 [main] DEBUG org.hibernate.engine.TwoPhaseLoad - resolving associations for [net.lojika.gtfs.model.RoutesCdkid#gtfs.line.5.kbtkdyada-0]
14:01:03.253 [main] DEBUG org.hibernate.engine.TwoPhaseLoad - done materializing entity [net.lojika.gtfs.model.RoutesCdkid#gtfs.line.5.kbtkdyada-0]
14:01:03.253 [main] DEBUG org.hibernate.engine.TwoPhaseLoad - resolving associations for [net.lojika.gtfs.model.Routes#istb.5199]
14:01:03.253 [main] DEBUG org.hibernate.engine.TwoPhaseLoad - done materializing entity [net.lojika.gtfs.model.Routes#istb.5199]
14:01:03.253 [main] DEBUG org.hibernate.engine.TwoPhaseLoad - resolving associations for [net.lojika.gtfs.model.RoutesCdkid#gtfs.line.5.emnakv-1]
14:01:03.253 [main] DEBUG org.hibernate.engine.TwoPhaseLoad - done materializing entity [net.lojika.gtfs.model.RoutesCdkid#gtfs.line.5.emnakv-1]
14:01:03.253 [main] DEBUG org.hibernate.engine.TwoPhaseLoad - resolving associations for [net.lojika.gtfs.model.RoutesCdkid#gtfs.line.5.emnakv-0]
14:01:03.253 [main] DEBUG org.hibernate.engine.TwoPhaseLoad - done materializing entity [net.lojika.gtfs.model.RoutesCdkid#gtfs.line.5.emnakv-0]
14:01:03.253 [main] DEBUG org.hibernate.engine.TwoPhaseLoad - resolving associations for [net.lojika.gtfs.model.Routes#istb.5198]
14:01:03.253 [main] DEBUG org.hibernate.engine.TwoPhaseLoad - done materializing entity [net.lojika.gtfs.model.Routes#istb.5198]
14:01:03.253 [main] DEBUG org.hibernate.engine.TwoPhaseLoad - resolving associations for [net.lojika.gtfs.model.RoutesCdkid#gtfs.line.5.bykemn-1]
14:01:03.253 [main] DEBUG org.hibernate.engine.TwoPhaseLoad - done materializing entity [net.lojika.gtfs.model.RoutesCdkid#gtfs.line.5.bykemn-1]
14:01:03.253 [main] DEBUG org.hibernate.engine.TwoPhaseLoad - resolving associations for [net.lojika.gtfs.model.Routes#istb.5190]
14:01:03.254 [main] DEBUG org.hibernate.engine.TwoPhaseLoad - done materializing entity [net.lojika.gtfs.model.Routes#istb.5190]
14:01:03.254 [main] DEBUG org.hibernate.engine.TwoPhaseLoad - resolving associations for [net.lojika.gtfs.model.RoutesCdkid#gtfs.line.5.emnahs-0]
14:01:03.254 [main] DEBUG org.hibernate.engine.TwoPhaseLoad - done materializing entity [net.lojika.gtfs.model.RoutesCdkid#gtfs.line.5.emnahs-0]
14:01:03.254 [main] DEBUG org.hibernate.engine.TwoPhaseLoad - resolving associations for [net.lojika.gtfs.model.Routes#istb.5170]
14:01:03.254 [main] DEBUG org.hibernate.engine.TwoPhaseLoad - done materializing entity [net.lojika.gtfs.model.Routes#istb.5170]
14:01:03.254 [main] DEBUG org.hibernate.engine.TwoPhaseLoad - resolving associations for [net.lojika.gtfs.model.RoutesCdkid#gtfs.line.5.emnbyk-0]
14:01:03.254 [main] DEBUG org.hibernate.engine.TwoPhaseLoad - done materializing entity [net.lojika.gtfs.model.RoutesCdkid#gtfs.line.5.emnbyk-0]
14:01:03.254 [main] DEBUG org.hibernate.engine.TwoPhaseLoad - resolving associations for [net.lojika.gtfs.model.Routes#istb.5163]
14:01:03.254 [main] DEBUG org.hibernate.engine.TwoPhaseLoad - done materializing entity [net.lojika.gtfs.model.Routes#istb.5163]
14:01:03.254 [main] DEBUG org.hibernate.engine.TwoPhaseLoad - resolving associations for [net.lojika.gtfs.model.RoutesCdkid#gtfs.line.5.emrcng-1]
14:01:03.254 [main] DEBUG org.hibernate.engine.TwoPhaseLoad - done materializing entity [net.lojika.gtfs.model.RoutesCdkid#gtfs.line.5.emrcng-1]
14:01:03.254 [main] DEBUG org.hibernate.engine.TwoPhaseLoad - resolving associations for [net.lojika.gtfs.model.Routes#istb.5160]
14:01:03.254 [main] DEBUG org.hibernate.engine.TwoPhaseLoad - done materializing entity [net.lojika.gtfs.model.Routes#istb.5160]
14:01:03.254 [main] DEBUG org.hibernate.engine.TwoPhaseLoad - resolving associations for [net.lojika.gtfs.model.RoutesCdkid#gtfs.line.5.kbtbyk-0]
14:01:03.254 [main] DEBUG org.hibernate.engine.TwoPhaseLoad - done materializing entity [net.lojika.gtfs.model.RoutesCdkid#gtfs.line.5.kbtbyk-0]
14:01:03.254 [main] DEBUG org.hibernate.engine.TwoPhaseLoad - resolving associations for [net.lojika.gtfs.model.Routes#istb.5156]
14:01:03.254 [main] DEBUG org.hibernate.engine.TwoPhaseLoad - done materializing entity [net.lojika.gtfs.model.Routes#istb.5156]
14:01:03.254 [main] DEBUG org.hibernate.engine.TwoPhaseLoad - resolving associations for [net.lojika.gtfs.model.RoutesCdkid#gtfs.line.5.arnemn-1]
14:01:03.254 [main] DEBUG org.hibernate.engine.TwoPhaseLoad - done materializing entity [net.lojika.gtfs.model.RoutesCdkid#gtfs.line.5.arnemn-1]
14:01:03.254 [main] DEBUG org.hibernate.engine.TwoPhaseLoad - resolving associations for [net.lojika.gtfs.model.Routes#istb.5155]
14:01:03.254 [main] DEBUG org.hibernate.engine.TwoPhaseLoad - done materializing entity [net.lojika.gtfs.model.Routes#istb.5155]
14:01:03.254 [main] DEBUG org.hibernate.engine.TwoPhaseLoad - resolving associations for [net.lojika.gtfs.model.RoutesCdkid#gtfs.line.5.ahsemn-1]
14:01:03.255 [main] DEBUG org.hibernate.engine.TwoPhaseLoad - done materializing entity [net.lojika.gtfs.model.RoutesCdkid#gtfs.line.5.ahsemn-1]
14:01:03.255 [main] DEBUG org.hibernate.engine.TwoPhaseLoad - resolving associations for [net.lojika.gtfs.model.Routes#istb.5154]
14:01:03.255 [main] DEBUG org.hibernate.engine.TwoPhaseLoad - done materializing entity [net.lojika.gtfs.model.Routes#istb.5154]
14:01:03.255 [main] DEBUG org.hibernate.engine.TwoPhaseLoad - resolving associations for [net.lojika.gtfs.model.RoutesCdkid#gtfs.line.5.cngemn-1]
14:01:03.255 [main] DEBUG org.hibernate.engine.TwoPhaseLoad - done materializing entity [net.lojika.gtfs.model.RoutesCdkid#gtfs.line.5.cngemn-1]
14:01:03.255 [main] DEBUG org.hibernate.engine.TwoPhaseLoad - resolving associations for [net.lojika.gtfs.model.Routes#istb.5153]
14:01:03.255 [main] DEBUG org.hibernate.engine.TwoPhaseLoad - done materializing entity [net.lojika.gtfs.model.Routes#istb.5153]
14:01:03.255 [main] DEBUG org.hibernate.engine.TwoPhaseLoad - resolving associations for [net.lojika.gtfs.model.RoutesCdkid#gtfs.line.5.cngist-1]
14:01:03.255 [main] DEBUG org.hibernate.engine.TwoPhaseLoad - done materializing entity [net.lojika.gtfs.model.RoutesCdkid#gtfs.line.5.cngist-1]
14:01:03.255 [main] DEBUG org.hibernate.engine.TwoPhaseLoad - resolving associations for [net.lojika.gtfs.model.Routes#istb.5150]
14:01:03.255 [main] DEBUG org.hibernate.engine.TwoPhaseLoad - done materializing entity [net.lojika.gtfs.model.Routes#istb.5150]
14:01:03.255 [main] DEBUG org.hibernate.engine.TwoPhaseLoad - resolving associations for [net.lojika.gtfs.model.RoutesCdkid#gtfs.line.5.emnbyk-1]
14:01:03.255 [main] DEBUG org.hibernate.engine.TwoPhaseLoad - done materializing entity [net.lojika.gtfs.model.RoutesCdkid#gtfs.line.5.emnbyk-1]
14:01:03.255 [main] DEBUG org.hibernate.engine.TwoPhaseLoad - resolving associations for [net.lojika.gtfs.model.Routes#istb.5143]
14:01:03.255 [main] DEBUG org.hibernate.engine.TwoPhaseLoad - done materializing entity [net.lojika.gtfs.model.Routes#istb.5143]
14:01:03.255 [main] DEBUG org.hibernate.engine.TwoPhaseLoad - resolving associations for [net.lojika.gtfs.model.RoutesCdkid#gtfs.line.5.cngist-0]
14:01:03.255 [main] DEBUG org.hibernate.engine.TwoPhaseLoad - done materializing entity [net.lojika.gtfs.model.RoutesCdkid#gtfs.line.5.cngist-0]
14:01:03.255 [main] DEBUG org.hibernate.engine.TwoPhaseLoad - resolving associations for [net.lojika.gtfs.model.Routes#istb.5111]
14:01:03.255 [main] DEBUG org.hibernate.engine.TwoPhaseLoad - done materializing entity [net.lojika.gtfs.model.Routes#istb.5111]
14:01:03.255 [main] DEBUG org.hibernate.engine.TwoPhaseLoad - resolving associations for [net.lojika.gtfs.model.RoutesCdkid#gtfs.line.5.sryakv-1]
14:01:03.256 [main] DEBUG org.hibernate.engine.TwoPhaseLoad - done materializing entity [net.lojika.gtfs.model.RoutesCdkid#gtfs.line.5.sryakv-1]
14:01:03.256 [main] DEBUG org.hibernate.engine.TwoPhaseLoad - resolving associations for [net.lojika.gtfs.model.RoutesCdkid#gtfs.line.5.sryakv-0]
14:01:03.256 [main] DEBUG org.hibernate.engine.TwoPhaseLoad - done materializing entity [net.lojika.gtfs.model.RoutesCdkid#gtfs.line.5.sryakv-0]
14:01:03.256 [main] DEBUG org.hibernate.engine.TwoPhaseLoad - resolving associations for [net.lojika.gtfs.model.Routes#istb.5104]
14:01:03.256 [main] DEBUG org.hibernate.engine.TwoPhaseLoad - done materializing entity [net.lojika.gtfs.model.Routes#istb.5104]
14:01:03.256 [main] DEBUG org.hibernate.engine.TwoPhaseLoad - resolving associations for [net.lojika.gtfs.model.RoutesCdkid#gtfs.line.5.kcsist-0]
14:01:03.256 [main] DEBUG org.hibernate.engine.TwoPhaseLoad - done materializing entity [net.lojika.gtfs.model.RoutesCdkid#gtfs.line.5.kcsist-0]
14:01:03.256 [main] DEBUG org.hibernate.engine.TwoPhaseLoad - resolving associations for [net.lojika.gtfs.model.Routes#istb.5102]
14:01:03.256 [main] DEBUG org.hibernate.engine.TwoPhaseLoad - done materializing entity [net.lojika.gtfs.model.Routes#istb.5102]
14:01:03.256 [main] DEBUG org.hibernate.engine.TwoPhaseLoad - resolving associations for [net.lojika.gtfs.model.RoutesCdkid#gtfs.line.5.kcsbsk-1]
14:01:03.256 [main] DEBUG org.hibernate.engine.TwoPhaseLoad - done materializing entity [net.lojika.gtfs.model.RoutesCdkid#gtfs.line.5.kcsbsk-1]
14:01:03.256 [main] DEBUG org.hibernate.engine.TwoPhaseLoad - resolving associations for [net.lojika.gtfs.model.Routes#istb.5013]
14:01:03.256 [main] DEBUG org.hibernate.engine.TwoPhaseLoad - done materializing entity [net.lojika.gtfs.model.Routes#istb.5013]
14:01:03.256 [main] DEBUG org.hibernate.engine.TwoPhaseLoad - resolving associations for [net.lojika.gtfs.model.RoutesCdkid#gtfs.line.5.krkhyd-1]
14:01:03.256 [main] DEBUG org.hibernate.engine.TwoPhaseLoad - done materializing entity [net.lojika.gtfs.model.RoutesCdkid#gtfs.line.5.krkhyd-1]
14:01:03.256 [main] DEBUG org.hibernate.engine.TwoPhaseLoad - resolving associations for [net.lojika.gtfs.model.Routes#istb.5012]
14:01:03.256 [main] DEBUG org.hibernate.engine.TwoPhaseLoad - done materializing entity [net.lojika.gtfs.model.Routes#istb.5012]
14:01:03.256 [main] DEBUG org.hibernate.engine.TwoPhaseLoad - resolving associations for [net.lojika.gtfs.model.RoutesCdkid#gtfs.line.5.krkkdy-0]
14:01:03.256 [main] DEBUG org.hibernate.engine.TwoPhaseLoad - done materializing entity [net.lojika.gtfs.model.RoutesCdkid#gtfs.line.5.krkkdy-0]
14:01:03.256 [main] DEBUG org.hibernate.engine.TwoPhaseLoad - resolving associations for [net.lojika.gtfs.model.Routes#istb.5011]
14:01:03.257 [main] DEBUG org.hibernate.engine.TwoPhaseLoad - done materializing entity [net.lojika.gtfs.model.Routes#istb.5011]
14:01:03.257 [main] DEBUG org.hibernate.engine.TwoPhaseLoad - resolving associations for [net.lojika.gtfs.model.RoutesCdkid#gtfs.line.5.kdyemn-1]
14:01:03.257 [main] DEBUG org.hibernate.engine.TwoPhaseLoad - done materializing entity [net.lojika.gtfs.model.RoutesCdkid#gtfs.line.5.kdyemn-1]
14:01:03.257 [main] DEBUG org.hibernate.engine.TwoPhaseLoad - resolving associations for [net.lojika.gtfs.model.Routes#istb.5008]
14:01:03.257 [main] DEBUG org.hibernate.engine.TwoPhaseLoad - done materializing entity [net.lojika.gtfs.model.Routes#istb.5008]
14:01:03.257 [main] DEBUG org.hibernate.engine.TwoPhaseLoad - resolving associations for [net.lojika.gtfs.model.RoutesCdkid#gtfs.line.5.hlc-1]
14:01:03.257 [main] DEBUG org.hibernate.engine.TwoPhaseLoad - done materializing entity [net.lojika.gtfs.model.RoutesCdkid#gtfs.line.5.hlc-1]
14:01:03.257 [main] DEBUG org.hibernate.engine.TwoPhaseLoad - resolving associations for [net.lojika.gtfs.model.RoutesCdkid#gtfs.line.5.hlc-0]
14:01:03.257 [main] DEBUG org.hibernate.engine.TwoPhaseLoad - done materializing entity [net.lojika.gtfs.model.RoutesCdkid#gtfs.line.5.hlc-0]
14:01:03.257 [main] DEBUG org.hibernate.engine.TwoPhaseLoad - resolving associations for [net.lojika.gtfs.model.Routes#istb.5006]
14:01:03.257 [main] DEBUG org.hibernate.engine.TwoPhaseLoad - done materializing entity [net.lojika.gtfs.model.Routes#istb.5006]
14:01:03.257 [main] DEBUG org.hibernate.engine.TwoPhaseLoad - resolving associations for [net.lojika.gtfs.model.RoutesCdkid#gtfs.line.5.kdybsk-0]
14:01:03.257 [main] DEBUG org.hibernate.engine.TwoPhaseLoad - done materializing entity [net.lojika.gtfs.model.RoutesCdkid#gtfs.line.5.kdybsk-0]
14:01:03.257 [main] DEBUG org.hibernate.engine.TwoPhaseLoad - resolving associations for [net.lojika.gtfs.model.Routes#istb.5005]
14:01:03.257 [main] DEBUG org.hibernate.engine.TwoPhaseLoad - done materializing entity [net.lojika.gtfs.model.Routes#istb.5005]
14:01:03.257 [main] DEBUG org.hibernate.engine.TwoPhaseLoad - resolving associations for [net.lojika.gtfs.model.RoutesCdkid#gtfs.line.5.uskbsk-1]
14:01:03.257 [main] DEBUG org.hibernate.engine.TwoPhaseLoad - done materializing entity [net.lojika.gtfs.model.RoutesCdkid#gtfs.line.5.uskbsk-1]
14:01:03.257 [main] DEBUG org.hibernate.engine.TwoPhaseLoad - resolving associations for [net.lojika.gtfs.model.RoutesCdkid#gtfs.line.5.uskbsk-0]
14:01:03.257 [main] DEBUG org.hibernate.engine.TwoPhaseLoad - done materializing entity [net.lojika.gtfs.model.RoutesCdkid#gtfs.line.5.uskbsk-0]
14:01:03.258 [main] DEBUG org.hibernate.engine.TwoPhaseLoad - resolving associations for [net.lojika.gtfs.model.Routes#istb.5004]
14:01:03.258 [main] DEBUG org.hibernate.engine.TwoPhaseLoad - done materializing entity [net.lojika.gtfs.model.Routes#istb.5004]
14:01:03.258 [main] DEBUG org.hibernate.engine.TwoPhaseLoad - resolving associations for [net.lojika.gtfs.model.RoutesCdkid#gtfs.line.5.uskemn-1]
14:01:03.258 [main] DEBUG org.hibernate.engine.TwoPhaseLoad - done materializing entity [net.lojika.gtfs.model.RoutesCdkid#gtfs.line.5.uskemn-1]
14:01:03.258 [main] DEBUG org.hibernate.engine.TwoPhaseLoad - resolving associations for [net.lojika.gtfs.model.RoutesCdkid#gtfs.line.5.uskemn-0]
14:01:03.258 [main] DEBUG org.hibernate.engine.TwoPhaseLoad - done materializing entity [net.lojika.gtfs.model.RoutesCdkid#gtfs.line.5.uskemn-0]
14:01:03.258 [main] DEBUG org.hibernate.engine.TwoPhaseLoad - resolving associations for [net.lojika.gtfs.model.Routes#istb.5003]
14:01:03.258 [main] DEBUG org.hibernate.engine.TwoPhaseLoad - done materializing entity [net.lojika.gtfs.model.Routes#istb.5003]
14:01:03.258 [main] DEBUG org.hibernate.engine.TwoPhaseLoad - resolving associations for [net.lojika.gtfs.model.RoutesCdkid#gtfs.line.5.krkhyd-0]
14:01:03.258 [main] DEBUG org.hibernate.engine.TwoPhaseLoad - done materializing entity [net.lojika.gtfs.model.RoutesCdkid#gtfs.line.5.krkhyd-0]
14:01:03.258 [main] DEBUG org.hibernate.engine.TwoPhaseLoad - resolving associations for [net.lojika.gtfs.model.Routes#istb.5002]
14:01:03.258 [main] DEBUG org.hibernate.engine.TwoPhaseLoad - done materializing entity [net.lojika.gtfs.model.Routes#istb.5002]
14:01:03.258 [main] DEBUG org.hibernate.engine.TwoPhaseLoad - resolving associations for [net.lojika.gtfs.model.RoutesCdkid#gtfs.line.5.krkkdy-1]
14:01:03.258 [main] DEBUG org.hibernate.engine.TwoPhaseLoad - done materializing entity [net.lojika.gtfs.model.RoutesCdkid#gtfs.line.5.krkkdy-1]
14:01:03.258 [main] DEBUG org.hibernate.engine.TwoPhaseLoad - resolving associations for [net.lojika.gtfs.model.Routes#istb.5001]
14:01:03.258 [main] DEBUG org.hibernate.engine.TwoPhaseLoad - done materializing entity [net.lojika.gtfs.model.Routes#istb.5001]
14:01:03.258 [main] DEBUG org.hibernate.engine.TwoPhaseLoad - resolving associations for [net.lojika.gtfs.model.RoutesCdkid#gtfs.line.5.kdyemn-0]
14:01:03.258 [main] DEBUG org.hibernate.engine.TwoPhaseLoad - done materializing entity [net.lojika.gtfs.model.RoutesCdkid#gtfs.line.5.kdyemn-0]
14:01:03.259 [main] DEBUG org.hibernate.engine.TwoPhaseLoad - resolving associations for [net.lojika.gtfs.model.Routes#istb.4007]
14:01:03.259 [main] DEBUG org.hibernate.engine.TwoPhaseLoad - done materializing entity [net.lojika.gtfs.model.Routes#istb.4007]
14:01:03.259 [main] DEBUG org.hibernate.engine.TwoPhaseLoad - resolving associations for [net.lojika.gtfs.model.RoutesCdkid#gtfs.line.1.34z-1]
14:01:03.259 [main] DEBUG org.hibernate.engine.TwoPhaseLoad - done materializing entity [net.lojika.gtfs.model.RoutesCdkid#gtfs.line.1.34z-1]
14:01:03.259 [main] DEBUG org.hibernate.engine.TwoPhaseLoad - resolving associations for [net.lojika.gtfs.model.RoutesCdkid#gtfs.line.1.34z-0]
14:01:03.259 [main] DEBUG org.hibernate.engine.TwoPhaseLoad - done materializing entity [net.lojika.gtfs.model.RoutesCdkid#gtfs.line.1.34z-0]
14:01:03.259 [main] DEBUG org.hibernate.engine.TwoPhaseLoad - resolving associations for [net.lojika.gtfs.model.Routes#istb.4006]
14:01:03.259 [main] DEBUG org.hibernate.engine.TwoPhaseLoad - done materializing entity [net.lojika.gtfs.model.Routes#istb.4006]
14:01:03.259 [main] DEBUG org.hibernate.engine.TwoPhaseLoad - resolving associations for [net.lojika.gtfs.model.RoutesCdkid#gtfs.line.1.34t-1]
14:01:03.259 [main] DEBUG org.hibernate.engine.TwoPhaseLoad - done materializing entity [net.lojika.gtfs.model.RoutesCdkid#gtfs.line.1.34t-1]
14:01:03.259 [main] DEBUG org.hibernate.engine.TwoPhaseLoad - resolving associations for [net.lojika.gtfs.model.RoutesCdkid#gtfs.line.1.34t-0]
14:01:03.259 [main] DEBUG org.hibernate.engine.TwoPhaseLoad - done materializing entity [net.lojika.gtfs.model.RoutesCdkid#gtfs.line.1.34t-0]
14:01:03.259 [main] DEBUG org.hibernate.engine.TwoPhaseLoad - resolving associations for [net.lojika.gtfs.model.Routes#istb.4005]
14:01:03.259 [main] DEBUG org.hibernate.engine.TwoPhaseLoad - done materializing entity [net.lojika.gtfs.model.Routes#istb.4005]
14:01:03.259 [main] DEBUG org.hibernate.engine.TwoPhaseLoad - resolving associations for [net.lojika.gtfs.model.RoutesCdkid#gtfs.line.1.34g-1]
14:01:03.259 [main] DEBUG org.hibernate.engine.TwoPhaseLoad - done materializing entity [net.lojika.gtfs.model.RoutesCdkid#gtfs.line.1.34g-1]
14:01:03.259 [main] DEBUG org.hibernate.engine.TwoPhaseLoad - resolving associations for [net.lojika.gtfs.model.RoutesCdkid#gtfs.line.1.34g-0]
14:01:03.260 [main] DEBUG org.hibernate.engine.TwoPhaseLoad - done materializing entity [net.lojika.gtfs.model.RoutesCdkid#gtfs.line.1.34g-0]
14:01:03.260 [main] DEBUG org.hibernate.engine.TwoPhaseLoad - resolving associations for [net.lojika.gtfs.model.Routes#istb.4004]
14:01:03.260 [main] DEBUG org.hibernate.engine.TwoPhaseLoad - done materializing entity [net.lojika.gtfs.model.Routes#istb.4004]
14:01:03.260 [main] DEBUG org.hibernate.engine.TwoPhaseLoad - resolving associations for [net.lojika.gtfs.model.RoutesCdkid#gtfs.line.1.34c-1]
14:01:03.260 [main] DEBUG org.hibernate.engine.TwoPhaseLoad - done materializing entity [net.lojika.gtfs.model.RoutesCdkid#gtfs.line.1.34c-1]
14:01:03.260 [main] DEBUG org.hibernate.engine.TwoPhaseLoad - resolving associations for [net.lojika.gtfs.model.RoutesCdkid#gtfs.line.1.34c-0]
14:01:03.260 [main] DEBUG org.hibernate.engine.TwoPhaseLoad - done materializing entity [net.lojika.gtfs.model.RoutesCdkid#gtfs.line.1.34c-0]
14:01:03.260 [main] DEBUG org.hibernate.engine.TwoPhaseLoad - resolving associations for [net.lojika.gtfs.model.Routes#istb.4003]
14:01:03.260 [main] DEBUG org.hibernate.engine.TwoPhaseLoad - done materializing entity [net.lojika.gtfs.model.Routes#istb.4003]
14:01:03.260 [main] DEBUG org.hibernate.engine.TwoPhaseLoad - resolving associations for [net.lojika.gtfs.model.RoutesCdkid#gtfs.line.1.34b-1]
14:01:03.260 [main] DEBUG org.hibernate.engine.TwoPhaseLoad - done materializing entity [net.lojika.gtfs.model.RoutesCdkid#gtfs.line.1.34b-1]
14:01:03.260 [main] DEBUG org.hibernate.engine.TwoPhaseLoad - resolving associations for [net.lojika.gtfs.model.RoutesCdkid#gtfs.line.1.34b-0]
14:01:03.260 [main] DEBUG org.hibernate.engine.TwoPhaseLoad - done materializing entity [net.lojika.gtfs.model.RoutesCdkid#gtfs.line.1.34b-0]
14:01:03.260 [main] DEBUG org.hibernate.engine.TwoPhaseLoad - resolving associations for [net.lojika.gtfs.model.Routes#istb.4002]
14:01:03.261 [main] DEBUG org.hibernate.engine.TwoPhaseLoad - done materializing entity [net.lojika.gtfs.model.Routes#istb.4002]
14:01:03.261 [main] DEBUG org.hibernate.engine.TwoPhaseLoad - resolving associations for [net.lojika.gtfs.model.RoutesCdkid#gtfs.line.1.34a-1]
14:01:03.261 [main] DEBUG org.hibernate.engine.TwoPhaseLoad - done materializing entity [net.lojika.gtfs.model.RoutesCdkid#gtfs.line.1.34a-1]
14:01:03.261 [main] DEBUG org.hibernate.engine.TwoPhaseLoad - resolving associations for [net.lojika.gtfs.model.RoutesCdkid#gtfs.line.1.34a-0]
14:01:03.261 [main] DEBUG org.hibernate.engine.TwoPhaseLoad - done materializing entity [net.lojika.gtfs.model.RoutesCdkid#gtfs.line.1.34a-0]
14:01:03.261 [main] DEBUG org.hibernate.engine.TwoPhaseLoad - resolving associations for [net.lojika.gtfs.model.Routes#istb.4001]
14:01:03.261 [main] DEBUG org.hibernate.engine.TwoPhaseLoad - done materializing entity [net.lojika.gtfs.model.Routes#istb.4001]
14:01:03.261 [main] DEBUG org.hibernate.engine.TwoPhaseLoad - resolving associations for [net.lojika.gtfs.model.RoutesCdkid#gtfs.line.1.34-1]
14:01:03.261 [main] DEBUG org.hibernate.engine.TwoPhaseLoad - done materializing entity [net.lojika.gtfs.model.RoutesCdkid#gtfs.line.1.34-1]
14:01:03.261 [main] DEBUG org.hibernate.engine.TwoPhaseLoad - resolving associations for [net.lojika.gtfs.model.RoutesCdkid#gtfs.line.1.34-0]
14:01:03.261 [main] DEBUG org.hibernate.engine.TwoPhaseLoad - done materializing entity [net.lojika.gtfs.model.RoutesCdkid#gtfs.line.1.34-0]
14:01:03.262 [main] DEBUG org.hibernate.engine.TwoPhaseLoad - resolving associations for [net.lojika.gtfs.model.Routes#istb.280828]
14:01:03.262 [main] DEBUG org.hibernate.engine.TwoPhaseLoad - done materializing entity [net.lojika.gtfs.model.Routes#istb.280828]
14:01:03.262 [main] DEBUG org.hibernate.engine.TwoPhaseLoad - resolving associations for [net.lojika.gtfs.model.RoutesCdkid#gtfs.line.1.tb2-0]
14:01:03.262 [main] DEBUG org.hibernate.engine.TwoPhaseLoad - done materializing entity [net.lojika.gtfs.model.RoutesCdkid#gtfs.line.1.tb2-0]
14:01:03.262 [main] DEBUG org.hibernate.engine.TwoPhaseLoad - resolving associations for [net.lojika.gtfs.model.Routes#istb.280827]
14:01:03.262 [main] DEBUG org.hibernate.engine.TwoPhaseLoad - done materializing entity [net.lojika.gtfs.model.Routes#istb.280827]
14:01:03.262 [main] DEBUG org.hibernate.engine.TwoPhaseLoad - resolving associations for [net.lojika.gtfs.model.RoutesCdkid#gtfs.line.1.tb1-0]
14:01:03.262 [main] DEBUG org.hibernate.engine.TwoPhaseLoad - done materializing entity [net.lojika.gtfs.model.RoutesCdkid#gtfs.line.1.tb1-0]
14:01:03.262 [main] DEBUG org.hibernate.engine.TwoPhaseLoad - resolving associations for [net.lojika.gtfs.model.Routes#istb.280825]
14:01:03.262 [main] DEBUG org.hibernate.engine.TwoPhaseLoad - done materializing entity [net.lojika.gtfs.model.Routes#istb.280825]
14:01:03.262 [main] DEBUG org.hibernate.engine.TwoPhaseLoad - resolving associations for [net.lojika.gtfs.model.RoutesCdkid#gtfs.line.1.t1-0]
14:01:03.262 [main] DEBUG org.hibernate.engine.TwoPhaseLoad - done materializing entity [net.lojika.gtfs.model.RoutesCdkid#gtfs.line.1.t1-0]
14:01:03.262 [main] DEBUG org.hibernate.engine.TwoPhaseLoad - resolving associations for [net.lojika.gtfs.model.Routes#istb.280824]
14:01:03.263 [main] DEBUG org.hibernate.engine.TwoPhaseLoad - done materializing entity [net.lojika.gtfs.model.Routes#istb.280824]
14:01:03.263 [main] DEBUG org.hibernate.engine.TwoPhaseLoad - resolving associations for [net.lojika.gtfs.model.RoutesCdkid#gtfs.line.1.sg2-1]
14:01:03.263 [main] DEBUG org.hibernate.engine.TwoPhaseLoad - done materializing entity [net.lojika.gtfs.model.RoutesCdkid#gtfs.line.1.sg2-1]
14:01:03.263 [main] DEBUG org.hibernate.engine.TwoPhaseLoad - resolving associations for [net.lojika.gtfs.model.RoutesCdkid#gtfs.line.1.sg2-0]
14:01:03.263 [main] DEBUG org.hibernate.engine.TwoPhaseLoad - done materializing entity [net.lojika.gtfs.model.RoutesCdkid#gtfs.line.1.sg2-0]
14:01:03.263 [main] DEBUG org.hibernate.engine.TwoPhaseLoad - resolving associations for [net.lojika.gtfs.model.Routes#istb.280823]
14:01:03.263 [main] DEBUG org.hibernate.engine.TwoPhaseLoad - done materializing entity [net.lojika.gtfs.model.Routes#istb.280823]
14:01:03.263 [main] DEBUG org.hibernate.engine.TwoPhaseLoad - resolving associations for [net.lojika.gtfs.model.RoutesCdkid#gtfs.line.1.sg1-1]
14:01:03.263 [main] DEBUG org.hibernate.engine.TwoPhaseLoad - done materializing entity [net.lojika.gtfs.model.RoutesCdkid#gtfs.line.1.sg1-1]
14:01:03.263 [main] DEBUG org.hibernate.engine.TwoPhaseLoad - resolving associations for [net.lojika.gtfs.model.RoutesCdkid#gtfs.line.1.sg1-0]
14:01:03.263 [main] DEBUG org.hibernate.engine.TwoPhaseLoad - done materializing entity [net.lojika.gtfs.model.RoutesCdkid#gtfs.line.1.sg1-0]
14:01:03.263 [main] DEBUG org.hibernate.engine.TwoPhaseLoad - resolving associations for [net.lojika.gtfs.model.Routes#istb.280805]
14:01:03.263 [main] DEBUG org.hibernate.engine.TwoPhaseLoad - done materializing entity [net.lojika.gtfs.model.Routes#istb.280805]
14:01:03.264 [main] DEBUG org.hibernate.engine.TwoPhaseLoad - resolving associations for [net.lojika.gtfs.model.RoutesCdkid#gtfs.line.1.ht5-0]
14:01:03.264 [main] DEBUG org.hibernate.engine.TwoPhaseLoad - done materializing entity [net.lojika.gtfs.model.RoutesCdkid#gtfs.line.1.ht5-0]
14:01:03.264 [main] DEBUG org.hibernate.engine.TwoPhaseLoad - resolving associations for [net.lojika.gtfs.model.Routes#istb.280804]
14:01:03.264 [main] DEBUG org.hibernate.engine.TwoPhaseLoad - done materializing entity [net.lojika.gtfs.model.Routes#istb.280804]
14:01:03.264 [main] DEBUG org.hibernate.engine.TwoPhaseLoad - resolving associations for [net.lojika.gtfs.model.RoutesCdkid#gtfs.line.1.ht48-1]
14:01:03.264 [main] DEBUG org.hibernate.engine.TwoPhaseLoad - done materializing entity [net.lojika.gtfs.model.RoutesCdkid#gtfs.line.1.ht48-1]
14:01:03.264 [main] DEBUG org.hibernate.engine.TwoPhaseLoad - resolving associations for [net.lojika.gtfs.model.RoutesCdkid#gtfs.line.1.ht48-0]
14:01:03.264 [main] DEBUG org.hibernate.engine.TwoPhaseLoad - done materializing entity [net.lojika.gtfs.model.RoutesCdkid#gtfs.line.1.ht48-0]
14:01:03.264 [main] DEBUG org.hibernate.engine.TwoPhaseLoad - resolving associations for [net.lojika.gtfs.model.Routes#istb.280803]
14:01:03.264 [main] DEBUG org.hibernate.engine.TwoPhaseLoad - done materializing entity [net.lojika.gtfs.model.Routes#istb.280803]
14:01:03.264 [main] DEBUG org.hibernate.engine.TwoPhaseLoad - resolving associations for [net.lojika.gtfs.model.RoutesCdkid#gtfs.line.1.ht29-1]
14:01:03.264 [main] DEBUG org.hibernate.engine.TwoPhaseLoad - done materializing entity [net.lojika.gtfs.model.RoutesCdkid#gtfs.line.1.ht29-1]
14:01:03.264 [main] DEBUG org.hibernate.engine.TwoPhaseLoad - resolving associations for [net.lojika.gtfs.model.RoutesCdkid#gtfs.line.1.ht29-0]
14:01:03.265 [main] DEBUG org.hibernate.engine.TwoPhaseLoad - done materializing entity [net.lojika.gtfs.model.RoutesCdkid#gtfs.line.1.ht29-0]
14:01:03.265 [main] DEBUG org.hibernate.engine.TwoPhaseLoad - resolving associations for [net.lojika.gtfs.model.Routes#istb.280802]
14:01:03.265 [main] DEBUG org.hibernate.engine.TwoPhaseLoad - done materializing entity [net.lojika.gtfs.model.Routes#istb.280802]
14:01:03.265 [main] DEBUG org.hibernate.engine.TwoPhaseLoad - resolving associations for [net.lojika.gtfs.model.RoutesCdkid#gtfs.line.1.ht20-1]
14:01:03.265 [main] DEBUG org.hibernate.engine.TwoPhaseLoad - done materializing entity [net.lojika.gtfs.model.RoutesCdkid#gtfs.line.1.ht20-1]
14:01:03.265 [main] DEBUG org.hibernate.engine.TwoPhaseLoad - resolving associations for [net.lojika.gtfs.model.RoutesCdkid#gtfs.line.1.ht20-0]
14:01:03.265 [main] DEBUG org.hibernate.engine.TwoPhaseLoad - done materializing entity [net.lojika.gtfs.model.RoutesCdkid#gtfs.line.1.ht20-0]
14:01:03.265 [main] DEBUG org.hibernate.engine.TwoPhaseLoad - resolving associations for [net.lojika.gtfs.model.Routes#istb.280801]
14:01:03.265 [main] DEBUG org.hibernate.engine.TwoPhaseLoad - done materializing entity [net.lojika.gtfs.model.Routes#istb.280801]
14:01:03.265 [main] DEBUG org.hibernate.engine.TwoPhaseLoad - resolving associations for [net.lojika.gtfs.model.RoutesCdkid#gtfs.line.1.ht2-1]
14:01:03.265 [main] DEBUG org.hibernate.engine.TwoPhaseLoad - done materializing entity [net.lojika.gtfs.model.RoutesCdkid#gtfs.line.1.ht2-1]
14:01:03.265 [main] DEBUG org.hibernate.engine.TwoPhaseLoad - resolving associations for [net.lojika.gtfs.model.RoutesCdkid#gtfs.line.1.ht2-0]
14:01:03.265 [main] DEBUG org.hibernate.engine.TwoPhaseLoad - done materializing entity [net.lojika.gtfs.model.RoutesCdkid#gtfs.line.1.ht2-0]
14:01:03.265 [main] DEBUG org.hibernate.engine.TwoPhaseLoad - resolving associations for [net.lojika.gtfs.model.Routes#istb.280800]
14:01:03.265 [main] DEBUG org.hibernate.engine.TwoPhaseLoad - done materializing entity [net.lojika.gtfs.model.Routes#istb.280800]
14:01:03.266 [main] DEBUG org.hibernate.engine.TwoPhaseLoad - resolving associations for [net.lojika.gtfs.model.RoutesCdkid#gtfs.line.1.ht18-1]
14:01:03.266 [main] DEBUG org.hibernate.engine.TwoPhaseLoad - done materializing entity [net.lojika.gtfs.model.RoutesCdkid#gtfs.line.1.ht18-1]
14:01:03.266 [main] DEBUG org.hibernate.engine.TwoPhaseLoad - resolving associations for [net.lojika.gtfs.model.RoutesCdkid#gtfs.line.1.ht18-0]
14:01:03.266 [main] DEBUG org.hibernate.engine.TwoPhaseLoad - done materializing entity [net.lojika.gtfs.model.RoutesCdkid#gtfs.line.1.ht18-0]
14:01:03.266 [main] DEBUG org.hibernate.engine.TwoPhaseLoad - resolving associations for [net.lojika.gtfs.model.Routes#istb.280799]
14:01:03.266 [main] DEBUG org.hibernate.engine.TwoPhaseLoad - done materializing entity [net.lojika.gtfs.model.Routes#istb.280799]
14:01:03.266 [main] DEBUG org.hibernate.engine.TwoPhaseLoad - resolving associations for [net.lojika.gtfs.model.RoutesCdkid#gtfs.line.1.ht12-1]
14:01:03.266 [main] DEBUG org.hibernate.engine.TwoPhaseLoad - done materializing entity [net.lojika.gtfs.model.RoutesCdkid#gtfs.line.1.ht12-1]
14:01:03.267 [main] DEBUG org.hibernate.engine.TwoPhaseLoad - resolving associations for [net.lojika.gtfs.model.RoutesCdkid#gtfs.line.1.ht12-0]
14:01:03.267 [main] DEBUG org.hibernate.engine.TwoPhaseLoad - done materializing entity [net.lojika.gtfs.model.RoutesCdkid#gtfs.line.1.ht12-0]
14:01:03.267 [main] DEBUG org.hibernate.engine.TwoPhaseLoad - resolving associations for [net.lojika.gtfs.model.Routes#istb.280798]
14:01:03.267 [main] DEBUG org.hibernate.engine.TwoPhaseLoad - done materializing entity [net.lojika.gtfs.model.Routes#istb.280798]
14:01:03.267 [main] DEBUG org.hibernate.engine.TwoPhaseLoad - resolving associations for [net.lojika.gtfs.model.RoutesCdkid#gtfs.line.1.ht11-1]
14:01:03.267 [main] DEBUG org.hibernate.engine.TwoPhaseLoad - done materializing entity [net.lojika.gtfs.model.RoutesCdkid#gtfs.line.1.ht11-1]
14:01:03.267 [main] DEBUG org.hibernate.engine.TwoPhaseLoad - resolving associations for [net.lojika.gtfs.model.RoutesCdkid#gtfs.line.1.ht11-0]
14:01:03.267 [main] DEBUG org.hibernate.engine.TwoPhaseLoad - done materializing entity [net.lojika.gtfs.model.RoutesCdkid#gtfs.line.1.ht11-0]
14:01:03.268 [main] DEBUG org.hibernate.engine.TwoPhaseLoad - resolving associations for [net.lojika.gtfs.model.Routes#istb.280796]
14:01:03.268 [main] DEBUG org.hibernate.engine.TwoPhaseLoad - done materializing entity [net.lojika.gtfs.model.Routes#istb.280796]
14:01:03.268 [main] DEBUG org.hibernate.engine.TwoPhaseLoad - resolving associations for [net.lojika.gtfs.model.RoutesCdkid#gtfs.line.1.gz2-0]
14:01:03.268 [main] DEBUG org.hibernate.engine.TwoPhaseLoad - done materializing entity [net.lojika.gtfs.model.RoutesCdkid#gtfs.line.1.gz2-0]
14:01:03.268 [main] DEBUG org.hibernate.engine.TwoPhaseLoad - resolving associations for [net.lojika.gtfs.model.Routes#istb.280795]
14:01:03.268 [main] DEBUG org.hibernate.engine.TwoPhaseLoad - done materializing entity [net.lojika.gtfs.model.Routes#istb.280795]
14:01:03.268 [main] DEBUG org.hibernate.engine.TwoPhaseLoad - resolving associations for [net.lojika.gtfs.model.RoutesCdkid#gtfs.line.1.gz1-0]
14:01:03.268 [main] DEBUG org.hibernate.engine.TwoPhaseLoad - done materializing entity [net.lojika.gtfs.model.RoutesCdkid#gtfs.line.1.gz1-0]
14:01:03.268 [main] DEBUG org.hibernate.engine.TwoPhaseLoad - resolving associations for [net.lojika.gtfs.model.Routes#istb.280794]
14:01:03.268 [main] DEBUG org.hibernate.engine.TwoPhaseLoad - done materializing entity [net.lojika.gtfs.model.Routes#istb.280794]
14:01:03.269 [main] DEBUG org.hibernate.engine.TwoPhaseLoad - resolving associations for [net.lojika.gtfs.model.RoutesCdkid#gtfs.line.1.fb2-0]
14:01:03.269 [main] DEBUG org.hibernate.engine.TwoPhaseLoad - done materializing entity [net.lojika.gtfs.model.RoutesCdkid#gtfs.line.1.fb2-0]
14:01:03.269 [main] DEBUG org.hibernate.engine.TwoPhaseLoad - resolving associations for [net.lojika.gtfs.model.Routes#istb.280793]
14:01:03.269 [main] DEBUG org.hibernate.engine.TwoPhaseLoad - done materializing entity [net.lojika.gtfs.model.Routes#istb.280793]
14:01:03.269 [main] DEBUG org.hibernate.engine.TwoPhaseLoad - resolving associations for [net.lojika.gtfs.model.RoutesCdkid#gtfs.line.1.fb1-0]
14:01:03.269 [main] DEBUG org.hibernate.engine.TwoPhaseLoad - done materializing entity [net.lojika.gtfs.model.RoutesCdkid#gtfs.line.1.fb1-0]
14:01:03.269 [main] DEBUG org.hibernate.engine.TwoPhaseLoad - resolving associations for [net.lojika.gtfs.model.Routes#istb.280792]
14:01:03.269 [main] DEBUG org.hibernate.engine.TwoPhaseLoad - done materializing entity [net.lojika.gtfs.model.Routes#istb.280792]
14:01:03.269 [main] DEBUG org.hibernate.engine.TwoPhaseLoad - resolving associations for [net.lojika.gtfs.model.RoutesCdkid#gtfs.line.1.er2-0]
14:01:03.269 [main] DEBUG org.hibernate.engine.TwoPhaseLoad - done materializing entity [net.lojika.gtfs.model.RoutesCdkid#gtfs.line.1.er2-0]
14:01:03.269 [main] DEBUG org.hibernate.engine.TwoPhaseLoad - resolving associations for [net.lojika.gtfs.model.Routes#istb.280791]
14:01:03.269 [main] DEBUG org.hibernate.engine.TwoPhaseLoad - done materializing entity [net.lojika.gtfs.model.Routes#istb.280791]
14:01:03.269 [main] DEBUG org.hibernate.engine.TwoPhaseLoad - resolving associations for [net.lojika.gtfs.model.RoutesCdkid#gtfs.line.1.er1-0]
14:01:03.269 [main] DEBUG org.hibernate.engine.TwoPhaseLoad - done materializing entity [net.lojika.gtfs.model.RoutesCdkid#gtfs.line.1.er1-0]
14:01:03.270 [main] DEBUG org.hibernate.engine.TwoPhaseLoad - resolving associations for [net.lojika.gtfs.model.Routes#istb.280790]
14:01:03.270 [main] DEBUG org.hibernate.engine.TwoPhaseLoad - done materializing entity [net.lojika.gtfs.model.Routes#istb.280790]
14:01:03.270 [main] DEBUG org.hibernate.engine.TwoPhaseLoad - resolving associations for [net.lojika.gtfs.model.RoutesCdkid#gtfs.line.1.em2-0]
14:01:03.270 [main] DEBUG org.hibernate.engine.TwoPhaseLoad - done materializing entity [net.lojika.gtfs.model.RoutesCdkid#gtfs.line.1.em2-0]
14:01:03.270 [main] DEBUG org.hibernate.engine.TwoPhaseLoad - resolving associations for [net.lojika.gtfs.model.Routes#istb.280789]
14:01:03.270 [main] DEBUG org.hibernate.engine.TwoPhaseLoad - done materializing entity [net.lojika.gtfs.model.Routes#istb.280789]
14:01:03.270 [main] DEBUG org.hibernate.engine.TwoPhaseLoad - resolving associations for [net.lojika.gtfs.model.RoutesCdkid#gtfs.line.1.em1-0]
14:01:03.270 [main] DEBUG org.hibernate.engine.TwoPhaseLoad - done materializing entity [net.lojika.gtfs.model.RoutesCdkid#gtfs.line.1.em1-0]
14:01:03.270 [main] DEBUG org.hibernate.engine.TwoPhaseLoad - resolving associations for [net.lojika.gtfs.model.Routes#istb.280787]
14:01:03.270 [main] DEBUG org.hibernate.engine.TwoPhaseLoad - done materializing entity [net.lojika.gtfs.model.Routes#istb.280787]
14:01:03.270 [main] DEBUG org.hibernate.engine.TwoPhaseLoad - resolving associations for [net.lojika.gtfs.model.RoutesCdkid#gtfs.line.1.e9-1]
14:01:03.270 [main] DEBUG org.hibernate.engine.TwoPhaseLoad - done materializing entity [net.lojika.gtfs.model.RoutesCdkid#gtfs.line.1.e9-1]
14:01:03.271 [main] DEBUG org.hibernate.engine.TwoPhaseLoad - resolving associations for [net.lojika.gtfs.model.RoutesCdkid#gtfs.line.1.e9-0]
14:01:03.271 [main] DEBUG org.hibernate.engine.TwoPhaseLoad - done materializing entity [net.lojika.gtfs.model.RoutesCdkid#gtfs.line.1.e9-0]
14:01:03.271 [main] DEBUG org.hibernate.engine.TwoPhaseLoad - resolving associations for [net.lojika.gtfs.model.Routes#istb.280785]
14:01:03.271 [main] DEBUG org.hibernate.engine.TwoPhaseLoad - done materializing entity [net.lojika.gtfs.model.Routes#istb.280785]
14:01:03.271 [main] DEBUG org.hibernate.engine.TwoPhaseLoad - resolving associations for [net.lojika.gtfs.model.RoutesCdkid#gtfs.line.1.e60-1]
14:01:03.271 [main] DEBUG org.hibernate.engine.TwoPhaseLoad - done materializing entity [net.lojika.gtfs.model.RoutesCdkid#gtfs.line.1.e60-1]
14:01:03.271 [main] DEBUG org.hibernate.engine.TwoPhaseLoad - resolving associations for [net.lojika.gtfs.model.RoutesCdkid#gtfs.line.1.e60-0]
14:01:03.271 [main] DEBUG org.hibernate.engine.TwoPhaseLoad - done materializing entity [net.lojika.gtfs.model.RoutesCdkid#gtfs.line.1.e60-0]
14:01:03.271 [main] DEBUG org.hibernate.engine.TwoPhaseLoad - resolving associations for [net.lojika.gtfs.model.Routes#istb.280784]
14:01:03.271 [main] DEBUG org.hibernate.engine.TwoPhaseLoad - done materializing entity [net.lojika.gtfs.model.Routes#istb.280784]
14:01:03.271 [main] DEBUG org.hibernate.engine.TwoPhaseLoad - resolving associations for [net.lojika.gtfs.model.RoutesCdkid#gtfs.line.1.e58-1]
14:01:03.272 [main] DEBUG org.hibernate.engine.TwoPhaseLoad - done materializing entity [net.lojika.gtfs.model.RoutesCdkid#gtfs.line.1.e58-1]
14:01:03.272 [main] DEBUG org.hibernate.engine.TwoPhaseLoad - resolving associations for [net.lojika.gtfs.model.RoutesCdkid#gtfs.line.1.e58-0]
14:01:03.272 [main] DEBUG org.hibernate.engine.TwoPhaseLoad - done materializing entity [net.lojika.gtfs.model.RoutesCdkid#gtfs.line.1.e58-0]
14:01:03.272 [main] DEBUG org.hibernate.engine.TwoPhaseLoad - resolving associations for [net.lojika.gtfs.model.Routes#istb.280783]
14:01:03.272 [main] DEBUG org.hibernate.engine.TwoPhaseLoad - done materializing entity [net.lojika.gtfs.model.Routes#istb.280783]
14:01:03.272 [main] DEBUG org.hibernate.engine.TwoPhaseLoad - resolving associations for [net.lojika.gtfs.model.RoutesCdkid#gtfs.line.1.e57-1]
14:01:03.272 [main] DEBUG org.hibernate.engine.TwoPhaseLoad - done materializing entity [net.lojika.gtfs.model.RoutesCdkid#gtfs.line.1.e57-1]
14:01:03.272 [main] DEBUG org.hibernate.engine.TwoPhaseLoad - resolving associations for [net.lojika.gtfs.model.RoutesCdkid#gtfs.line.1.e57-0]
14:01:03.272 [main] DEBUG org.hibernate.engine.TwoPhaseLoad - done materializing entity [net.lojika.gtfs.model.RoutesCdkid#gtfs.line.1.e57-0]
14:01:03.272 [main] DEBUG org.hibernate.engine.TwoPhaseLoad - resolving associations for [net.lojika.gtfs.model.Routes#istb.280763]
14:01:03.272 [main] DEBUG org.hibernate.engine.TwoPhaseLoad - done materializing entity [net.lojika.gtfs.model.Routes#istb.280763]
14:01:03.272 [main] DEBUG org.hibernate.engine.TwoPhaseLoad - resolving associations for [net.lojika.gtfs.model.RoutesCdkid#gtfs.line.1.98-0]
14:01:03.272 [main] DEBUG org.hibernate.engine.TwoPhaseLoad - done materializing entity [net.lojika.gtfs.model.RoutesCdkid#gtfs.line.1.98-0]
14:01:03.273 [main] DEBUG org.hibernate.engine.TwoPhaseLoad - resolving associations for [net.lojika.gtfs.model.Routes#istb.280762]
14:01:03.273 [main] DEBUG org.hibernate.engine.TwoPhaseLoad - done materializing entity [net.lojika.gtfs.model.Routes#istb.280762]
14:01:03.273 [main] DEBUG org.hibernate.engine.TwoPhaseLoad - resolving associations for [net.lojika.gtfs.model.RoutesCdkid#gtfs.line.1.98y-1]
14:01:03.273 [main] DEBUG org.hibernate.engine.TwoPhaseLoad - done materializing entity [net.lojika.gtfs.model.RoutesCdkid#gtfs.line.1.98y-1]
14:01:03.273 [main] DEBUG org.hibernate.engine.TwoPhaseLoad - resolving associations for [net.lojika.gtfs.model.RoutesCdkid#gtfs.line.1.98y-0]
14:01:03.273 [main] DEBUG org.hibernate.engine.TwoPhaseLoad - done materializing entity [net.lojika.gtfs.model.RoutesCdkid#gtfs.line.1.98y-0]
14:01:03.273 [main] DEBUG org.hibernate.engine.TwoPhaseLoad - resolving associations for [net.lojika.gtfs.model.Routes#istb.280761]
14:01:03.273 [main] DEBUG org.hibernate.engine.TwoPhaseLoad - done materializing entity [net.lojika.gtfs.model.Routes#istb.280761]
14:01:03.273 [main] DEBUG org.hibernate.engine.TwoPhaseLoad - resolving associations for [net.lojika.gtfs.model.RoutesCdkid#gtfs.line.1.98t-1]
14:01:03.273 [main] DEBUG org.hibernate.engine.TwoPhaseLoad - done materializing entity [net.lojika.gtfs.model.RoutesCdkid#gtfs.line.1.98t-1]
14:01:03.273 [main] DEBUG org.hibernate.engine.TwoPhaseLoad - resolving associations for [net.lojika.gtfs.model.RoutesCdkid#gtfs.line.1.98t-0]
14:01:03.274 [main] DEBUG org.hibernate.engine.TwoPhaseLoad - done materializing entity [net.lojika.gtfs.model.RoutesCdkid#gtfs.line.1.98t-0]
14:01:03.274 [main] DEBUG org.hibernate.engine.TwoPhaseLoad - resolving associations for [net.lojika.gtfs.model.Routes#istb.280760]
14:01:03.274 [main] DEBUG org.hibernate.engine.TwoPhaseLoad - done materializing entity [net.lojika.gtfs.model.Routes#istb.280760]
14:01:03.274 [main] DEBUG org.hibernate.engine.TwoPhaseLoad - resolving associations for [net.lojika.gtfs.model.RoutesCdkid#gtfs.line.1.98s-1]
14:01:03.274 [main] DEBUG org.hibernate.engine.TwoPhaseLoad - done materializing entity [net.lojika.gtfs.model.RoutesCdkid#gtfs.line.1.98s-1]
14:01:03.274 [main] DEBUG org.hibernate.engine.TwoPhaseLoad - resolving associations for [net.lojika.gtfs.model.RoutesCdkid#gtfs.line.1.98s-0]
14:01:03.274 [main] DEBUG org.hibernate.engine.TwoPhaseLoad - done materializing entity [net.lojika.gtfs.model.RoutesCdkid#gtfs.line.1.98s-0]
14:01:03.274 [main] DEBUG org.hibernate.engine.TwoPhaseLoad - resolving associations for [net.lojika.gtfs.model.Routes#istb.280758]
14:01:03.274 [main] DEBUG org.hibernate.engine.TwoPhaseLoad - done materializing entity [net.lojika.gtfs.model.Routes#istb.280758]
14:01:03.274 [main] DEBUG org.hibernate.engine.TwoPhaseLoad - resolving associations for [net.lojika.gtfs.model.RoutesCdkid#gtfs.line.1.98m-1]
14:01:03.275 [main] DEBUG org.hibernate.engine.TwoPhaseLoad - done materializing entity [net.lojika.gtfs.model.RoutesCdkid#gtfs.line.1.98m-1]
14:01:03.275 [main] DEBUG org.hibernate.engine.TwoPhaseLoad - resolving associations for [net.lojika.gtfs.model.RoutesCdkid#gtfs.line.1.98m-0]
14:01:03.275 [main] DEBUG org.hibernate.engine.TwoPhaseLoad - done materializing entity [net.lojika.gtfs.model.RoutesCdkid#gtfs.line.1.98m-0]
14:01:03.275 [main] DEBUG org.hibernate.engine.TwoPhaseLoad - resolving associations for [net.lojika.gtfs.model.Routes#istb.280757]
14:01:03.275 [main] DEBUG org.hibernate.engine.TwoPhaseLoad - done materializing entity [net.lojika.gtfs.model.Routes#istb.280757]
14:01:03.275 [main] DEBUG org.hibernate.engine.TwoPhaseLoad - resolving associations for [net.lojika.gtfs.model.RoutesCdkid#gtfs.line.1.98k-1]
14:01:03.275 [main] DEBUG org.hibernate.engine.TwoPhaseLoad - done materializing entity [net.lojika.gtfs.model.RoutesCdkid#gtfs.line.1.98k-1]
14:01:03.275 [main] DEBUG org.hibernate.engine.TwoPhaseLoad - resolving associations for [net.lojika.gtfs.model.RoutesCdkid#gtfs.line.1.98k-0]
14:01:03.275 [main] DEBUG org.hibernate.engine.TwoPhaseLoad - done materializing entity [net.lojika.gtfs.model.RoutesCdkid#gtfs.line.1.98k-0]
14:01:03.275 [main] DEBUG org.hibernate.engine.TwoPhaseLoad - resolving associations for [net.lojika.gtfs.model.Routes#istb.280756]
14:01:03.276 [main] DEBUG org.hibernate.engine.TwoPhaseLoad - done materializing entity [net.lojika.gtfs.model.Routes#istb.280756]
14:01:03.276 [main] DEBUG org.hibernate.engine.TwoPhaseLoad - resolving associations for [net.lojika.gtfs.model.RoutesCdkid#gtfs.line.1.98h-1]
14:01:03.276 [main] DEBUG org.hibernate.engine.TwoPhaseLoad - done materializing entity [net.lojika.gtfs.model.RoutesCdkid#gtfs.line.1.98h-1]
14:01:03.276 [main] DEBUG org.hibernate.engine.TwoPhaseLoad - resolving associations for [net.lojika.gtfs.model.RoutesCdkid#gtfs.line.1.98h-0]
14:01:03.276 [main] DEBUG org.hibernate.engine.TwoPhaseLoad - done materializing entity [net.lojika.gtfs.model.RoutesCdkid#gtfs.line.1.98h-0]
14:01:03.276 [main] DEBUG org.hibernate.engine.TwoPhaseLoad - resolving associations for [net.lojika.gtfs.model.Routes#istb.280755]
14:01:03.276 [main] DEBUG org.hibernate.engine.TwoPhaseLoad - done materializing entity [net.lojika.gtfs.model.Routes#istb.280755]
14:01:03.276 [main] DEBUG org.hibernate.engine.TwoPhaseLoad - resolving associations for [net.lojika.gtfs.model.RoutesCdkid#gtfs.line.1.98g-1]
14:01:03.276 [main] DEBUG org.hibernate.engine.TwoPhaseLoad - done materializing entity [net.lojika.gtfs.model.RoutesCdkid#gtfs.line.1.98g-1]
14:01:03.276 [main] DEBUG org.hibernate.engine.TwoPhaseLoad - resolving associations for [net.lojika.gtfs.model.RoutesCdkid#gtfs.line.1.98g-0]
14:01:03.276 [main] DEBUG org.hibernate.engine.TwoPhaseLoad - done materializing entity [net.lojika.gtfs.model.RoutesCdkid#gtfs.line.1.98g-0]
14:01:03.276 [main] DEBUG org.hibernate.engine.TwoPhaseLoad - resolving associations for [net.lojika.gtfs.model.Routes#istb.280754]
14:01:03.276 [main] DEBUG org.hibernate.engine.TwoPhaseLoad - done materializing entity [net.lojika.gtfs.model.Routes#istb.280754]
14:01:03.276 [main] DEBUG org.hibernate.engine.TwoPhaseLoad - resolving associations for [net.lojika.gtfs.model.RoutesCdkid#gtfs.line.1.98e-1]
14:01:03.277 [main] DEBUG org.hibernate.engine.TwoPhaseLoad - done materializing entity [net.lojika.gtfs.model.RoutesCdkid#gtfs.line.1.98e-1]
14:01:03.277 [main] DEBUG org.hibernate.engine.TwoPhaseLoad - resolving associations for [net.lojika.gtfs.model.RoutesCdkid#gtfs.line.1.98e-0]
14:01:03.277 [main] DEBUG org.hibernate.engine.TwoPhaseLoad - done materializing entity [net.lojika.gtfs.model.RoutesCdkid#gtfs.line.1.98e-0]
14:01:03.277 [main] DEBUG org.hibernate.engine.TwoPhaseLoad - resolving associations for [net.lojika.gtfs.model.Routes#istb.280753]
14:01:03.277 [main] DEBUG org.hibernate.engine.TwoPhaseLoad - done materializing entity [net.lojika.gtfs.model.Routes#istb.280753]
14:01:03.277 [main] DEBUG org.hibernate.engine.TwoPhaseLoad - resolving associations for [net.lojika.gtfs.model.RoutesCdkid#gtfs.line.1.98d-1]
14:01:03.277 [main] DEBUG org.hibernate.engine.TwoPhaseLoad - done materializing entity [net.lojika.gtfs.model.RoutesCdkid#gtfs.line.1.98d-1]
14:01:03.277 [main] DEBUG org.hibernate.engine.TwoPhaseLoad - resolving associations for [net.lojika.gtfs.model.RoutesCdkid#gtfs.line.1.98d-0]
14:01:03.277 [main] DEBUG org.hibernate.engine.TwoPhaseLoad - done materializing entity [net.lojika.gtfs.model.RoutesCdkid#gtfs.line.1.98d-0]
14:01:03.277 [main] DEBUG org.hibernate.engine.TwoPhaseLoad - resolving associations for [net.lojika.gtfs.model.Routes#istb.280752]
14:01:03.278 [main] DEBUG org.hibernate.engine.TwoPhaseLoad - done materializing entity [net.lojika.gtfs.model.Routes#istb.280752]
14:01:03.278 [main] DEBUG org.hibernate.engine.TwoPhaseLoad - resolving associations for [net.lojika.gtfs.model.RoutesCdkid#gtfs.line.1.98c-1]
14:01:03.278 [main] DEBUG org.hibernate.engine.TwoPhaseLoad - done materializing entity [net.lojika.gtfs.model.RoutesCdkid#gtfs.line.1.98c-1]
14:01:03.278 [main] DEBUG org.hibernate.engine.TwoPhaseLoad - resolving associations for [net.lojika.gtfs.model.RoutesCdkid#gtfs.line.1.98c-0]
14:01:03.278 [main] DEBUG org.hibernate.engine.TwoPhaseLoad - done materializing entity [net.lojika.gtfs.model.RoutesCdkid#gtfs.line.1.98c-0]
14:01:03.278 [main] DEBUG org.hibernate.engine.TwoPhaseLoad - resolving associations for [net.lojika.gtfs.model.Routes#istb.280751]
14:01:03.278 [main] DEBUG org.hibernate.engine.TwoPhaseLoad - done materializing entity [net.lojika.gtfs.model.Routes#istb.280751]
14:01:03.278 [main] DEBUG org.hibernate.engine.TwoPhaseLoad - resolving associations for [net.lojika.gtfs.model.RoutesCdkid#gtfs.line.1.98b-1]
14:01:03.278 [main] DEBUG org.hibernate.engine.TwoPhaseLoad - done materializing entity [net.lojika.gtfs.model.RoutesCdkid#gtfs.line.1.98b-1]
14:01:03.278 [main] DEBUG org.hibernate.engine.TwoPhaseLoad - resolving associations for [net.lojika.gtfs.model.Routes#istb.280747]
14:01:03.279 [main] DEBUG org.hibernate.engine.TwoPhaseLoad - done materializing entity [net.lojika.gtfs.model.Routes#istb.280747]
14:01:03.279 [main] DEBUG org.hibernate.engine.TwoPhaseLoad - resolving associations for [net.lojika.gtfs.model.RoutesCdkid#gtfs.line.1.97t-1]
14:01:03.279 [main] DEBUG org.hibernate.engine.TwoPhaseLoad - done materializing entity [net.lojika.gtfs.model.RoutesCdkid#gtfs.line.1.97t-1]
14:01:03.279 [main] DEBUG org.hibernate.engine.TwoPhaseLoad - resolving associations for [net.lojika.gtfs.model.RoutesCdkid#gtfs.line.1.97t-0]
14:01:03.279 [main] DEBUG org.hibernate.engine.TwoPhaseLoad - done materializing entity [net.lojika.gtfs.model.RoutesCdkid#gtfs.line.1.97t-0]
14:01:03.279 [main] DEBUG org.hibernate.engine.TwoPhaseLoad - resolving associations for [net.lojika.gtfs.model.Routes#istb.280746]
14:01:03.279 [main] DEBUG org.hibernate.engine.TwoPhaseLoad - done materializing entity [net.lojika.gtfs.model.Routes#istb.280746]
14:01:03.279 [main] DEBUG org.hibernate.engine.TwoPhaseLoad - resolving associations for [net.lojika.gtfs.model.RoutesCdkid#gtfs.line.1.97m-1]
14:01:03.280 [main] DEBUG org.hibernate.engine.TwoPhaseLoad - done materializing entity [net.lojika.gtfs.model.RoutesCdkid#gtfs.line.1.97m-1]
14:01:03.280 [main] DEBUG org.hibernate.engine.TwoPhaseLoad - resolving associations for [net.lojika.gtfs.model.RoutesCdkid#gtfs.line.1.97m-0]
14:01:03.280 [main] DEBUG org.hibernate.engine.TwoPhaseLoad - done materializing entity [net.lojika.gtfs.model.RoutesCdkid#gtfs.line.1.97m-0]
14:01:03.280 [main] DEBUG org.hibernate.engine.TwoPhaseLoad - resolving associations for [net.lojika.gtfs.model.Routes#istb.280743]
14:01:03.280 [main] DEBUG org.hibernate.engine.TwoPhaseLoad - done materializing entity [net.lojika.gtfs.model.Routes#istb.280743]
14:01:03.280 [main] DEBUG org.hibernate.engine.TwoPhaseLoad - resolving associations for [net.lojika.gtfs.model.RoutesCdkid#gtfs.line.1.97g-1]
14:01:03.280 [main] DEBUG org.hibernate.engine.TwoPhaseLoad - done materializing entity [net.lojika.gtfs.model.RoutesCdkid#gtfs.line.1.97g-1]
14:01:03.280 [main] DEBUG org.hibernate.engine.TwoPhaseLoad - resolving associations for [net.lojika.gtfs.model.RoutesCdkid#gtfs.line.1.97g-0]
14:01:03.280 [main] DEBUG org.hibernate.engine.TwoPhaseLoad - done materializing entity [net.lojika.gtfs.model.RoutesCdkid#gtfs.line.1.97g-0]
14:01:03.280 [main] DEBUG org.hibernate.engine.TwoPhaseLoad - resolving associations for [net.lojika.gtfs.model.Routes#istb.280742]
14:01:03.281 [main] DEBUG org.hibernate.engine.TwoPhaseLoad - done materializing entity [net.lojika.gtfs.model.Routes#istb.280742]
14:01:03.281 [main] DEBUG org.hibernate.engine.TwoPhaseLoad - resolving associations for [net.lojika.gtfs.model.RoutesCdkid#gtfs.line.1.97e-0]
14:01:03.281 [main] DEBUG org.hibernate.engine.TwoPhaseLoad - done materializing entity [net.lojika.gtfs.model.RoutesCdkid#gtfs.line.1.97e-0]
14:01:03.281 [main] DEBUG org.hibernate.engine.TwoPhaseLoad - resolving associations for [net.lojika.gtfs.model.Routes#istb.280741]
14:01:03.281 [main] DEBUG org.hibernate.engine.TwoPhaseLoad - done materializing entity [net.lojika.gtfs.model.Routes#istb.280741]
14:01:03.281 [main] DEBUG org.hibernate.engine.TwoPhaseLoad - resolving associations for [net.lojika.gtfs.model.RoutesCdkid#gtfs.line.1.97b-1]
14:01:03.281 [main] DEBUG org.hibernate.engine.TwoPhaseLoad - done materializing entity [net.lojika.gtfs.model.RoutesCdkid#gtfs.line.1.97b-1]
14:01:03.281 [main] DEBUG org.hibernate.engine.TwoPhaseLoad - resolving associations for [net.lojika.gtfs.model.RoutesCdkid#gtfs.line.1.97b-0]
14:01:03.281 [main] DEBUG org.hibernate.engine.TwoPhaseLoad - done materializing entity [net.lojika.gtfs.model.RoutesCdkid#gtfs.line.1.97b-0]
14:01:03.281 [main] DEBUG org.hibernate.engine.TwoPhaseLoad - resolving associations for [net.lojika.gtfs.model.Routes#istb.280740]
14:01:03.281 [main] DEBUG org.hibernate.engine.TwoPhaseLoad - done materializing entity [net.lojika.gtfs.model.Routes#istb.280740]
14:01:03.281 [main] DEBUG org.hibernate.engine.TwoPhaseLoad - resolving associations for [net.lojika.gtfs.model.RoutesCdkid#gtfs.line.1.97a-1]
14:01:03.282 [main] DEBUG org.hibernate.engine.TwoPhaseLoad - done materializing entity [net.lojika.gtfs.model.RoutesCdkid#gtfs.line.1.97a-1]
14:01:03.282 [main] DEBUG org.hibernate.engine.TwoPhaseLoad - resolving associations for [net.lojika.gtfs.model.RoutesCdkid#gtfs.line.1.97a-0]
14:01:03.282 [main] DEBUG org.hibernate.engine.TwoPhaseLoad - done materializing entity [net.lojika.gtfs.model.RoutesCdkid#gtfs.line.1.97a-0]
14:01:03.282 [main] DEBUG org.hibernate.engine.TwoPhaseLoad - resolving associations for [net.lojika.gtfs.model.Routes#istb.280739]
14:01:03.282 [main] DEBUG org.hibernate.engine.TwoPhaseLoad - done materializing entity [net.lojika.gtfs.model.Routes#istb.280739]
14:01:03.282 [main] DEBUG org.hibernate.engine.TwoPhaseLoad - resolving associations for [net.lojika.gtfs.model.RoutesCdkid#gtfs.line.1.97-1]
14:01:03.282 [main] DEBUG org.hibernate.engine.TwoPhaseLoad - done materializing entity [net.lojika.gtfs.model.RoutesCdkid#gtfs.line.1.97-1]
14:01:03.282 [main] DEBUG org.hibernate.engine.TwoPhaseLoad - resolving associations for [net.lojika.gtfs.model.RoutesCdkid#gtfs.line.1.97-0]
14:01:03.282 [main] DEBUG org.hibernate.engine.TwoPhaseLoad - done materializing entity [net.lojika.gtfs.model.RoutesCdkid#gtfs.line.1.97-0]
14:01:03.282 [main] DEBUG org.hibernate.engine.TwoPhaseLoad - resolving associations for [net.lojika.gtfs.model.Routes#istb.280738]
14:01:03.282 [main] DEBUG org.hibernate.engine.TwoPhaseLoad - done materializing entity [net.lojika.gtfs.model.Routes#istb.280738]
14:01:03.282 [main] DEBUG org.hibernate.engine.TwoPhaseLoad - resolving associations for [net.lojika.gtfs.model.RoutesCdkid#gtfs.line.1.96t-1]
14:01:03.282 [main] DEBUG org.hibernate.engine.TwoPhaseLoad - done materializing entity [net.lojika.gtfs.model.RoutesCdkid#gtfs.line.1.96t-1]
14:01:03.283 [main] DEBUG org.hibernate.engine.TwoPhaseLoad - resolving associations for [net.lojika.gtfs.model.RoutesCdkid#gtfs.line.1.96t-0]
14:01:03.283 [main] DEBUG org.hibernate.engine.TwoPhaseLoad - done materializing entity [net.lojika.gtfs.model.RoutesCdkid#gtfs.line.1.96t-0]
14:01:03.283 [main] DEBUG org.hibernate.engine.TwoPhaseLoad - resolving associations for [net.lojika.gtfs.model.Routes#istb.280737]
14:01:03.283 [main] DEBUG org.hibernate.engine.TwoPhaseLoad - done materializing entity [net.lojika.gtfs.model.Routes#istb.280737]
14:01:03.283 [main] DEBUG org.hibernate.engine.TwoPhaseLoad - resolving associations for [net.lojika.gtfs.model.RoutesCdkid#gtfs.line.1.94a-1]
14:01:03.283 [main] DEBUG org.hibernate.engine.TwoPhaseLoad - done materializing entity [net.lojika.gtfs.model.RoutesCdkid#gtfs.line.1.94a-1]
14:01:03.283 [main] DEBUG org.hibernate.engine.TwoPhaseLoad - resolving associations for [net.lojika.gtfs.model.RoutesCdkid#gtfs.line.1.94a-0]
14:01:03.283 [main] DEBUG org.hibernate.engine.TwoPhaseLoad - done materializing entity [net.lojika.gtfs.model.RoutesCdkid#gtfs.line.1.94a-0]
14:01:03.283 [main] DEBUG org.hibernate.engine.TwoPhaseLoad - resolving associations for [net.lojika.gtfs.model.Routes#istb.280736]
14:01:03.283 [main] DEBUG org.hibernate.engine.TwoPhaseLoad - done materializing entity [net.lojika.gtfs.model.Routes#istb.280736]
14:01:03.283 [main] DEBUG org.hibernate.engine.TwoPhaseLoad - resolving associations for [net.lojika.gtfs.model.RoutesCdkid#gtfs.line.1.94-1]
14:01:03.283 [main] DEBUG org.hibernate.engine.TwoPhaseLoad - done materializing entity [net.lojika.gtfs.model.RoutesCdkid#gtfs.line.1.94-1]
14:01:03.283 [main] DEBUG org.hibernate.engine.TwoPhaseLoad - resolving associations for [net.lojika.gtfs.model.RoutesCdkid#gtfs.line.1.94-0]
14:01:03.283 [main] DEBUG org.hibernate.engine.TwoPhaseLoad - done materializing entity [net.lojika.gtfs.model.RoutesCdkid#gtfs.line.1.94-0]
14:01:03.283 [main] DEBUG org.hibernate.engine.TwoPhaseLoad - resolving associations for [net.lojika.gtfs.model.Routes#istb.280735]
14:01:03.284 [main] DEBUG org.hibernate.engine.TwoPhaseLoad - done materializing entity [net.lojika.gtfs.model.Routes#istb.280735]
14:01:03.284 [main] DEBUG org.hibernate.engine.TwoPhaseLoad - resolving associations for [net.lojika.gtfs.model.RoutesCdkid#gtfs.line.1.93t-1]
14:01:03.284 [main] DEBUG org.hibernate.engine.TwoPhaseLoad - done materializing entity [net.lojika.gtfs.model.RoutesCdkid#gtfs.line.1.93t-1]
14:01:03.284 [main] DEBUG org.hibernate.engine.TwoPhaseLoad - resolving associations for [net.lojika.gtfs.model.RoutesCdkid#gtfs.line.1.93t-0]
14:01:03.284 [main] DEBUG org.hibernate.engine.TwoPhaseLoad - done materializing entity [net.lojika.gtfs.model.RoutesCdkid#gtfs.line.1.93t-0]
14:01:03.284 [main] DEBUG org.hibernate.engine.TwoPhaseLoad - resolving associations for [net.lojika.gtfs.model.Routes#istb.280734]
14:01:03.284 [main] DEBUG org.hibernate.engine.TwoPhaseLoad - done materializing entity [net.lojika.gtfs.model.Routes#istb.280734]
14:01:03.284 [main] DEBUG org.hibernate.engine.TwoPhaseLoad - resolving associations for [net.lojika.gtfs.model.RoutesCdkid#gtfs.line.1.93m-1]
14:01:03.284 [main] DEBUG org.hibernate.engine.TwoPhaseLoad - done materializing entity [net.lojika.gtfs.model.RoutesCdkid#gtfs.line.1.93m-1]
14:01:03.284 [main] DEBUG org.hibernate.engine.TwoPhaseLoad - resolving associations for [net.lojika.gtfs.model.RoutesCdkid#gtfs.line.1.93m-0]
14:01:03.284 [main] DEBUG org.hibernate.engine.TwoPhaseLoad - done materializing entity [net.lojika.gtfs.model.RoutesCdkid#gtfs.line.1.93m-0]
14:01:03.284 [main] DEBUG org.hibernate.engine.TwoPhaseLoad - resolving associations for [net.lojika.gtfs.model.Routes#istb.280733]
14:01:03.284 [main] DEBUG org.hibernate.engine.TwoPhaseLoad - done materializing entity [net.lojika.gtfs.model.Routes#istb.280733]
14:01:03.284 [main] DEBUG org.hibernate.engine.TwoPhaseLoad - resolving associations for [net.lojika.gtfs.model.RoutesCdkid#gtfs.line.1.93c-1]
14:01:03.284 [main] DEBUG org.hibernate.engine.TwoPhaseLoad - done materializing entity [net.lojika.gtfs.model.RoutesCdkid#gtfs.line.1.93c-1]
14:01:03.284 [main] DEBUG org.hibernate.engine.TwoPhaseLoad - resolving associations for [net.lojika.gtfs.model.RoutesCdkid#gtfs.line.1.93c-0]
14:01:03.284 [main] DEBUG org.hibernate.engine.TwoPhaseLoad - done materializing entity [net.lojika.gtfs.model.RoutesCdkid#gtfs.line.1.93c-0]
14:01:03.285 [main] DEBUG org.hibernate.engine.TwoPhaseLoad - resolving associations for [net.lojika.gtfs.model.Routes#istb.280732]
14:01:03.285 [main] DEBUG org.hibernate.engine.TwoPhaseLoad - done materializing entity [net.lojika.gtfs.model.Routes#istb.280732]
14:01:03.285 [main] DEBUG org.hibernate.engine.TwoPhaseLoad - resolving associations for [net.lojika.gtfs.model.RoutesCdkid#gtfs.line.1.93-1]
14:01:03.285 [main] DEBUG org.hibernate.engine.TwoPhaseLoad - done materializing entity [net.lojika.gtfs.model.RoutesCdkid#gtfs.line.1.93-1]
14:01:03.285 [main] DEBUG org.hibernate.engine.TwoPhaseLoad - resolving associations for [net.lojika.gtfs.model.RoutesCdkid#gtfs.line.1.93-0]
14:01:03.285 [main] DEBUG org.hibernate.engine.TwoPhaseLoad - done materializing entity [net.lojika.gtfs.model.RoutesCdkid#gtfs.line.1.93-0]
14:01:03.285 [main] DEBUG org.hibernate.engine.TwoPhaseLoad - resolving associations for [net.lojika.gtfs.model.Routes#istb.280731]
14:01:03.285 [main] DEBUG org.hibernate.engine.TwoPhaseLoad - done materializing entity [net.lojika.gtfs.model.Routes#istb.280731]
14:01:03.285 [main] DEBUG org.hibernate.engine.TwoPhaseLoad - resolving associations for [net.lojika.gtfs.model.RoutesCdkid#gtfs.line.1.92-1]
14:01:03.285 [main] DEBUG org.hibernate.engine.TwoPhaseLoad - done materializing entity [net.lojika.gtfs.model.RoutesCdkid#gtfs.line.1.92-1]
14:01:03.285 [main] DEBUG org.hibernate.engine.TwoPhaseLoad - resolving associations for [net.lojika.gtfs.model.RoutesCdkid#gtfs.line.1.92-0]
14:01:03.285 [main] DEBUG org.hibernate.engine.TwoPhaseLoad - done materializing entity [net.lojika.gtfs.model.RoutesCdkid#gtfs.line.1.92-0]
14:01:03.285 [main] DEBUG org.hibernate.engine.TwoPhaseLoad - resolving associations for [net.lojika.gtfs.model.Routes#istb.280730]
14:01:03.285 [main] DEBUG org.hibernate.engine.TwoPhaseLoad - done materializing entity [net.lojika.gtfs.model.Routes#istb.280730]
14:01:03.285 [main] DEBUG org.hibernate.engine.TwoPhaseLoad - resolving associations for [net.lojika.gtfs.model.RoutesCdkid#gtfs.line.1.92t-1]
14:01:03.286 [main] DEBUG org.hibernate.engine.TwoPhaseLoad - done materializing entity [net.lojika.gtfs.model.RoutesCdkid#gtfs.line.1.92t-1]
14:01:03.286 [main] DEBUG org.hibernate.engine.TwoPhaseLoad - resolving associations for [net.lojika.gtfs.model.RoutesCdkid#gtfs.line.1.92t-0]
14:01:03.286 [main] DEBUG org.hibernate.engine.TwoPhaseLoad - done materializing entity [net.lojika.gtfs.model.RoutesCdkid#gtfs.line.1.92t-0]
14:01:03.286 [main] DEBUG org.hibernate.engine.TwoPhaseLoad - resolving associations for [net.lojika.gtfs.model.Routes#istb.280729]
14:01:03.286 [main] DEBUG org.hibernate.engine.TwoPhaseLoad - done materializing entity [net.lojika.gtfs.model.Routes#istb.280729]
14:01:03.286 [main] DEBUG org.hibernate.engine.TwoPhaseLoad - resolving associations for [net.lojika.gtfs.model.RoutesCdkid#gtfs.line.1.92k-1]
14:01:03.286 [main] DEBUG org.hibernate.engine.TwoPhaseLoad - done materializing entity [net.lojika.gtfs.model.RoutesCdkid#gtfs.line.1.92k-1]
14:01:03.286 [main] DEBUG org.hibernate.engine.TwoPhaseLoad - resolving associations for [net.lojika.gtfs.model.RoutesCdkid#gtfs.line.1.92k-0]
14:01:03.286 [main] DEBUG org.hibernate.engine.TwoPhaseLoad - done materializing entity [net.lojika.gtfs.model.RoutesCdkid#gtfs.line.1.92k-0]
14:01:03.286 [main] DEBUG org.hibernate.engine.TwoPhaseLoad - resolving associations for [net.lojika.gtfs.model.Routes#istb.280728]
14:01:03.286 [main] DEBUG org.hibernate.engine.TwoPhaseLoad - done materializing entity [net.lojika.gtfs.model.Routes#istb.280728]
14:01:03.286 [main] DEBUG org.hibernate.engine.TwoPhaseLoad - resolving associations for [net.lojika.gtfs.model.RoutesCdkid#gtfs.line.1.92c-1]
14:01:03.286 [main] DEBUG org.hibernate.engine.TwoPhaseLoad - done materializing entity [net.lojika.gtfs.model.RoutesCdkid#gtfs.line.1.92c-1]
14:01:03.286 [main] DEBUG org.hibernate.engine.TwoPhaseLoad - resolving associations for [net.lojika.gtfs.model.RoutesCdkid#gtfs.line.1.92c-0]
14:01:03.286 [main] DEBUG org.hibernate.engine.TwoPhaseLoad - done materializing entity [net.lojika.gtfs.model.RoutesCdkid#gtfs.line.1.92c-0]
14:01:03.286 [main] DEBUG org.hibernate.engine.TwoPhaseLoad - resolving associations for [net.lojika.gtfs.model.Routes#istb.280724]
14:01:03.287 [main] DEBUG org.hibernate.engine.TwoPhaseLoad - done materializing entity [net.lojika.gtfs.model.Routes#istb.280724]
14:01:03.287 [main] DEBUG org.hibernate.engine.TwoPhaseLoad - resolving associations for [net.lojika.gtfs.model.RoutesCdkid#gtfs.line.1.91o-1]
14:01:03.287 [main] DEBUG org.hibernate.engine.TwoPhaseLoad - done materializing entity [net.lojika.gtfs.model.RoutesCdkid#gtfs.line.1.91o-1]
14:01:03.287 [main] DEBUG org.hibernate.engine.TwoPhaseLoad - resolving associations for [net.lojika.gtfs.model.RoutesCdkid#gtfs.line.1.91o-0]
14:01:03.287 [main] DEBUG org.hibernate.engine.TwoPhaseLoad - done materializing entity [net.lojika.gtfs.model.RoutesCdkid#gtfs.line.1.91o-0]
14:01:03.287 [main] DEBUG org.hibernate.engine.TwoPhaseLoad - resolving associations for [net.lojika.gtfs.model.Routes#istb.280723]
14:01:03.287 [main] DEBUG org.hibernate.engine.TwoPhaseLoad - done materializing entity [net.lojika.gtfs.model.Routes#istb.280723]
14:01:03.287 [main] DEBUG org.hibernate.engine.TwoPhaseLoad - resolving associations for [net.lojika.gtfs.model.RoutesCdkid#gtfs.line.1.91e-1]
14:01:03.287 [main] DEBUG org.hibernate.engine.TwoPhaseLoad - done materializing entity [net.lojika.gtfs.model.RoutesCdkid#gtfs.line.1.91e-1]
14:01:03.287 [main] DEBUG org.hibernate.engine.TwoPhaseLoad - resolving associations for [net.lojika.gtfs.model.RoutesCdkid#gtfs.line.1.91e-0]
14:01:03.287 [main] DEBUG org.hibernate.engine.TwoPhaseLoad - done materializing entity [net.lojika.gtfs.model.RoutesCdkid#gtfs.line.1.91e-0]
14:01:03.288 [main] DEBUG org.hibernate.engine.TwoPhaseLoad - resolving associations for [net.lojika.gtfs.model.Routes#istb.280722]
14:01:03.288 [main] DEBUG org.hibernate.engine.TwoPhaseLoad - done materializing entity [net.lojika.gtfs.model.Routes#istb.280722]
14:01:03.288 [main] DEBUG org.hibernate.engine.TwoPhaseLoad - resolving associations for [net.lojika.gtfs.model.RoutesCdkid#gtfs.line.1.90b-1]
14:01:03.288 [main] DEBUG org.hibernate.engine.TwoPhaseLoad - done materializing entity [net.lojika.gtfs.model.RoutesCdkid#gtfs.line.1.90b-1]
14:01:03.288 [main] DEBUG org.hibernate.engine.TwoPhaseLoad - resolving associations for [net.lojika.gtfs.model.RoutesCdkid#gtfs.line.1.90b-0]
14:01:03.288 [main] DEBUG org.hibernate.engine.TwoPhaseLoad - done materializing entity [net.lojika.gtfs.model.RoutesCdkid#gtfs.line.1.90b-0]
14:01:03.288 [main] DEBUG org.hibernate.engine.TwoPhaseLoad - resolving associations for [net.lojika.gtfs.model.Routes#istb.280721]
14:01:03.288 [main] DEBUG org.hibernate.engine.TwoPhaseLoad - done materializing entity [net.lojika.gtfs.model.Routes#istb.280721]
14:01:03.288 [main] DEBUG org.hibernate.engine.TwoPhaseLoad - resolving associations for [net.lojika.gtfs.model.RoutesCdkid#gtfs.line.1.90-1]
14:01:03.288 [main] DEBUG org.hibernate.engine.TwoPhaseLoad - done materializing entity [net.lojika.gtfs.model.RoutesCdkid#gtfs.line.1.90-1]
14:01:03.288 [main] DEBUG org.hibernate.engine.TwoPhaseLoad - resolving associations for [net.lojika.gtfs.model.RoutesCdkid#gtfs.line.1.90-0]
14:01:03.288 [main] DEBUG org.hibernate.engine.TwoPhaseLoad - done materializing entity [net.lojika.gtfs.model.RoutesCdkid#gtfs.line.1.90-0]
14:01:03.288 [main] DEBUG org.hibernate.engine.TwoPhaseLoad - resolving associations for [net.lojika.gtfs.model.Routes#istb.280720]
14:01:03.288 [main] DEBUG org.hibernate.engine.TwoPhaseLoad - done materializing entity [net.lojika.gtfs.model.Routes#istb.280720]
14:01:03.289 [main] DEBUG org.hibernate.engine.TwoPhaseLoad - resolving associations for [net.lojika.gtfs.model.RoutesCdkid#gtfs.line.1.8m-1]
14:01:03.289 [main] DEBUG org.hibernate.engine.TwoPhaseLoad - done materializing entity [net.lojika.gtfs.model.RoutesCdkid#gtfs.line.1.8m-1]
14:01:03.289 [main] DEBUG org.hibernate.engine.TwoPhaseLoad - resolving associations for [net.lojika.gtfs.model.RoutesCdkid#gtfs.line.1.8m-0]
14:01:03.289 [main] DEBUG org.hibernate.engine.TwoPhaseLoad - done materializing entity [net.lojika.gtfs.model.RoutesCdkid#gtfs.line.1.8m-0]
14:01:03.289 [main] DEBUG org.hibernate.engine.TwoPhaseLoad - resolving associations for [net.lojika.gtfs.model.Routes#istb.280719]
14:01:03.289 [main] DEBUG org.hibernate.engine.TwoPhaseLoad - done materializing entity [net.lojika.gtfs.model.Routes#istb.280719]
14:01:03.289 [main] DEBUG org.hibernate.engine.TwoPhaseLoad - resolving associations for [net.lojika.gtfs.model.RoutesCdkid#gtfs.line.1.8e-1]
14:01:03.289 [main] DEBUG org.hibernate.engine.TwoPhaseLoad - done materializing entity [net.lojika.gtfs.model.RoutesCdkid#gtfs.line.1.8e-1]
14:01:03.289 [main] DEBUG org.hibernate.engine.TwoPhaseLoad - resolving associations for [net.lojika.gtfs.model.RoutesCdkid#gtfs.line.1.8e-0]
14:01:03.289 [main] DEBUG org.hibernate.engine.TwoPhaseLoad - done materializing entity [net.lojika.gtfs.model.RoutesCdkid#gtfs.line.1.8e-0]
14:01:03.289 [main] DEBUG org.hibernate.engine.TwoPhaseLoad - resolving associations for [net.lojika.gtfs.model.Routes#istb.280718]
14:01:03.289 [main] DEBUG org.hibernate.engine.TwoPhaseLoad - done materializing entity [net.lojika.gtfs.model.Routes#istb.280718]
14:01:03.289 [main] DEBUG org.hibernate.engine.TwoPhaseLoad - resolving associations for [net.lojika.gtfs.model.RoutesCdkid#gtfs.line.1.8d-1]
14:01:03.290 [main] DEBUG org.hibernate.engine.TwoPhaseLoad - done materializing entity [net.lojika.gtfs.model.RoutesCdkid#gtfs.line.1.8d-1]
14:01:03.290 [main] DEBUG org.hibernate.engine.TwoPhaseLoad - resolving associations for [net.lojika.gtfs.model.RoutesCdkid#gtfs.line.1.8d-0]
14:01:03.290 [main] DEBUG org.hibernate.engine.TwoPhaseLoad - done materializing entity [net.lojika.gtfs.model.RoutesCdkid#gtfs.line.1.8d-0]
14:01:03.290 [main] DEBUG org.hibernate.engine.TwoPhaseLoad - resolving associations for [net.lojika.gtfs.model.Routes#istb.280717]
14:01:03.290 [main] DEBUG org.hibernate.engine.TwoPhaseLoad - done materializing entity [net.lojika.gtfs.model.Routes#istb.280717]
14:01:03.290 [main] DEBUG org.hibernate.engine.TwoPhaseLoad - resolving associations for [net.lojika.gtfs.model.RoutesCdkid#gtfs.line.1.8a-1]
14:01:03.290 [main] DEBUG org.hibernate.engine.TwoPhaseLoad - done materializing entity [net.lojika.gtfs.model.RoutesCdkid#gtfs.line.1.8a-1]
14:01:03.290 [main] DEBUG org.hibernate.engine.TwoPhaseLoad - resolving associations for [net.lojika.gtfs.model.RoutesCdkid#gtfs.line.1.8a-0]
14:01:03.290 [main] DEBUG org.hibernate.engine.TwoPhaseLoad - done materializing entity [net.lojika.gtfs.model.RoutesCdkid#gtfs.line.1.8a-0]
14:01:03.290 [main] DEBUG org.hibernate.engine.TwoPhaseLoad - resolving associations for [net.lojika.gtfs.model.Routes#istb.280716]
14:01:03.290 [main] DEBUG org.hibernate.engine.TwoPhaseLoad - done materializing entity [net.lojika.gtfs.model.Routes#istb.280716]
14:01:03.290 [main] DEBUG org.hibernate.engine.TwoPhaseLoad - resolving associations for [net.lojika.gtfs.model.RoutesCdkid#gtfs.line.1.89-1]
14:01:03.290 [main] DEBUG org.hibernate.engine.TwoPhaseLoad - done materializing entity [net.lojika.gtfs.model.RoutesCdkid#gtfs.line.1.89-1]
14:01:03.290 [main] DEBUG org.hibernate.engine.TwoPhaseLoad - resolving associations for [net.lojika.gtfs.model.RoutesCdkid#gtfs.line.1.89-0]
14:01:03.290 [main] DEBUG org.hibernate.engine.TwoPhaseLoad - done materializing entity [net.lojika.gtfs.model.RoutesCdkid#gtfs.line.1.89-0]
14:01:03.290 [main] DEBUG org.hibernate.engine.TwoPhaseLoad - resolving associations for [net.lojika.gtfs.model.Routes#istb.280715]
14:01:03.291 [main] DEBUG org.hibernate.engine.TwoPhaseLoad - done materializing entity [net.lojika.gtfs.model.Routes#istb.280715]
14:01:03.291 [main] DEBUG org.hibernate.engine.TwoPhaseLoad - resolving associations for [net.lojika.gtfs.model.RoutesCdkid#gtfs.line.1.89yb-1]
14:01:03.291 [main] DEBUG org.hibernate.engine.TwoPhaseLoad - done materializing entity [net.lojika.gtfs.model.RoutesCdkid#gtfs.line.1.89yb-1]
14:01:03.291 [main] DEBUG org.hibernate.engine.TwoPhaseLoad - resolving associations for [net.lojika.gtfs.model.RoutesCdkid#gtfs.line.1.89yb-0]
14:01:03.291 [main] DEBUG org.hibernate.engine.TwoPhaseLoad - done materializing entity [net.lojika.gtfs.model.RoutesCdkid#gtfs.line.1.89yb-0]
14:01:03.291 [main] DEBUG org.hibernate.engine.TwoPhaseLoad - resolving associations for [net.lojika.gtfs.model.Routes#istb.280714]
14:01:03.291 [main] DEBUG org.hibernate.engine.TwoPhaseLoad - done materializing entity [net.lojika.gtfs.model.Routes#istb.280714]
14:01:03.291 [main] DEBUG org.hibernate.engine.TwoPhaseLoad - resolving associations for [net.lojika.gtfs.model.RoutesCdkid#gtfs.line.1.89t-1]
14:01:03.291 [main] DEBUG org.hibernate.engine.TwoPhaseLoad - done materializing entity [net.lojika.gtfs.model.RoutesCdkid#gtfs.line.1.89t-1]
14:01:03.291 [main] DEBUG org.hibernate.engine.TwoPhaseLoad - resolving associations for [net.lojika.gtfs.model.RoutesCdkid#gtfs.line.1.89t-0]
14:01:03.291 [main] DEBUG org.hibernate.engine.TwoPhaseLoad - done materializing entity [net.lojika.gtfs.model.RoutesCdkid#gtfs.line.1.89t-0]
14:01:03.291 [main] DEBUG org.hibernate.engine.TwoPhaseLoad - resolving associations for [net.lojika.gtfs.model.Routes#istb.280713]
14:01:03.291 [main] DEBUG org.hibernate.engine.TwoPhaseLoad - done materializing entity [net.lojika.gtfs.model.Routes#istb.280713]
14:01:03.291 [main] DEBUG org.hibernate.engine.TwoPhaseLoad - resolving associations for [net.lojika.gtfs.model.RoutesCdkid#gtfs.line.1.89s-1]
14:01:03.291 [main] DEBUG org.hibernate.engine.TwoPhaseLoad - done materializing entity [net.lojika.gtfs.model.RoutesCdkid#gtfs.line.1.89s-1]
14:01:03.292 [main] DEBUG org.hibernate.engine.TwoPhaseLoad - resolving associations for [net.lojika.gtfs.model.RoutesCdkid#gtfs.line.1.89s-0]
14:01:03.292 [main] DEBUG org.hibernate.engine.TwoPhaseLoad - done materializing entity [net.lojika.gtfs.model.RoutesCdkid#gtfs.line.1.89s-0]
14:01:03.292 [main] DEBUG org.hibernate.engine.TwoPhaseLoad - resolving associations for [net.lojika.gtfs.model.Routes#istb.280712]
14:01:03.292 [main] DEBUG org.hibernate.engine.TwoPhaseLoad - done materializing entity [net.lojika.gtfs.model.Routes#istb.280712]
14:01:03.292 [main] DEBUG org.hibernate.engine.TwoPhaseLoad - resolving associations for [net.lojika.gtfs.model.RoutesCdkid#gtfs.line.1.89m-1]
14:01:03.292 [main] DEBUG org.hibernate.engine.TwoPhaseLoad - done materializing entity [net.lojika.gtfs.model.RoutesCdkid#gtfs.line.1.89m-1]
14:01:03.292 [main] DEBUG org.hibernate.engine.TwoPhaseLoad - resolving associations for [net.lojika.gtfs.model.RoutesCdkid#gtfs.line.1.89m-0]
14:01:03.292 [main] DEBUG org.hibernate.engine.TwoPhaseLoad - done materializing entity [net.lojika.gtfs.model.RoutesCdkid#gtfs.line.1.89m-0]
14:01:03.292 [main] DEBUG org.hibernate.engine.TwoPhaseLoad - resolving associations for [net.lojika.gtfs.model.Routes#istb.280711]
14:01:03.292 [main] DEBUG org.hibernate.engine.TwoPhaseLoad - done materializing entity [net.lojika.gtfs.model.Routes#istb.280711]
14:01:03.292 [main] DEBUG org.hibernate.engine.TwoPhaseLoad - resolving associations for [net.lojika.gtfs.model.RoutesCdkid#gtfs.line.1.89c-1]
14:01:03.292 [main] DEBUG org.hibernate.engine.TwoPhaseLoad - done materializing entity [net.lojika.gtfs.model.RoutesCdkid#gtfs.line.1.89c-1]
14:01:03.292 [main] DEBUG org.hibernate.engine.TwoPhaseLoad - resolving associations for [net.lojika.gtfs.model.RoutesCdkid#gtfs.line.1.89c-0]
14:01:03.292 [main] DEBUG org.hibernate.engine.TwoPhaseLoad - done materializing entity [net.lojika.gtfs.model.RoutesCdkid#gtfs.line.1.89c-0]
14:01:03.293 [main] DEBUG org.hibernate.engine.TwoPhaseLoad - resolving associations for [net.lojika.gtfs.model.Routes#istb.280710]
14:01:03.293 [main] DEBUG org.hibernate.engine.TwoPhaseLoad - done materializing entity [net.lojika.gtfs.model.Routes#istb.280710]
14:01:03.293 [main] DEBUG org.hibernate.engine.TwoPhaseLoad - resolving associations for [net.lojika.gtfs.model.RoutesCdkid#gtfs.line.1.89b-1]
14:01:03.293 [main] DEBUG org.hibernate.engine.TwoPhaseLoad - done materializing entity [net.lojika.gtfs.model.RoutesCdkid#gtfs.line.1.89b-1]
14:01:03.293 [main] DEBUG org.hibernate.engine.TwoPhaseLoad - resolving associations for [net.lojika.gtfs.model.RoutesCdkid#gtfs.line.1.89b-0]
14:01:03.293 [main] DEBUG org.hibernate.engine.TwoPhaseLoad - done materializing entity [net.lojika.gtfs.model.RoutesCdkid#gtfs.line.1.89b-0]
14:01:03.293 [main] DEBUG org.hibernate.engine.TwoPhaseLoad - resolving associations for [net.lojika.gtfs.model.Routes#istb.280709]
14:01:03.293 [main] DEBUG org.hibernate.engine.TwoPhaseLoad - done materializing entity [net.lojika.gtfs.model.Routes#istb.280709]
14:01:03.293 [main] DEBUG org.hibernate.engine.TwoPhaseLoad - resolving associations for [net.lojika.gtfs.model.RoutesCdkid#gtfs.line.1.89a-1]
14:01:03.293 [main] DEBUG org.hibernate.engine.TwoPhaseLoad - done materializing entity [net.lojika.gtfs.model.RoutesCdkid#gtfs.line.1.89a-1]
14:01:03.293 [main] DEBUG org.hibernate.engine.TwoPhaseLoad - resolving associations for [net.lojika.gtfs.model.RoutesCdkid#gtfs.line.1.89a-0]
14:01:03.293 [main] DEBUG org.hibernate.engine.TwoPhaseLoad - done materializing entity [net.lojika.gtfs.model.RoutesCdkid#gtfs.line.1.89a-0]
14:01:03.293 [main] DEBUG org.hibernate.engine.TwoPhaseLoad - resolving associations for [net.lojika.gtfs.model.Routes#istb.280707]
14:01:03.294 [main] DEBUG org.hibernate.engine.TwoPhaseLoad - done materializing entity [net.lojika.gtfs.model.Routes#istb.280707]
14:01:03.294 [main] DEBUG org.hibernate.engine.TwoPhaseLoad - resolving associations for [net.lojika.gtfs.model.RoutesCdkid#gtfs.line.1.88a-1]
14:01:03.294 [main] DEBUG org.hibernate.engine.TwoPhaseLoad - done materializing entity [net.lojika.gtfs.model.RoutesCdkid#gtfs.line.1.88a-1]
14:01:03.294 [main] DEBUG org.hibernate.engine.TwoPhaseLoad - resolving associations for [net.lojika.gtfs.model.Routes#istb.280705]
14:01:03.294 [main] DEBUG org.hibernate.engine.TwoPhaseLoad - done materializing entity [net.lojika.gtfs.model.Routes#istb.280705]
14:01:03.294 [main] DEBUG org.hibernate.engine.TwoPhaseLoad - resolving associations for [net.lojika.gtfs.model.RoutesCdkid#gtfs.line.1.87-1]
14:01:03.294 [main] DEBUG org.hibernate.engine.TwoPhaseLoad - done materializing entity [net.lojika.gtfs.model.RoutesCdkid#gtfs.line.1.87-1]
14:01:03.294 [main] DEBUG org.hibernate.engine.TwoPhaseLoad - resolving associations for [net.lojika.gtfs.model.RoutesCdkid#gtfs.line.1.87-0]
14:01:03.294 [main] DEBUG org.hibernate.engine.TwoPhaseLoad - done materializing entity [net.lojika.gtfs.model.RoutesCdkid#gtfs.line.1.87-0]
14:01:03.294 [main] DEBUG org.hibernate.engine.TwoPhaseLoad - resolving associations for [net.lojika.gtfs.model.Routes#istb.280704]
14:01:03.294 [main] DEBUG org.hibernate.engine.TwoPhaseLoad - done materializing entity [net.lojika.gtfs.model.Routes#istb.280704]
14:01:03.295 [main] DEBUG org.hibernate.engine.TwoPhaseLoad - resolving associations for [net.lojika.gtfs.model.RoutesCdkid#gtfs.line.1.86v-1]
14:01:03.295 [main] DEBUG org.hibernate.engine.TwoPhaseLoad - done materializing entity [net.lojika.gtfs.model.RoutesCdkid#gtfs.line.1.86v-1]
14:01:03.295 [main] DEBUG org.hibernate.engine.TwoPhaseLoad - resolving associations for [net.lojika.gtfs.model.RoutesCdkid#gtfs.line.1.86v-0]
14:01:03.295 [main] DEBUG org.hibernate.engine.TwoPhaseLoad - done materializing entity [net.lojika.gtfs.model.RoutesCdkid#gtfs.line.1.86v-0]
14:01:03.295 [main] DEBUG org.hibernate.engine.TwoPhaseLoad - resolving associations for [net.lojika.gtfs.model.Routes#istb.280703]
14:01:03.295 [main] DEBUG org.hibernate.engine.TwoPhaseLoad - done materializing entity [net.lojika.gtfs.model.Routes#istb.280703]
14:01:03.295 [main] DEBUG org.hibernate.engine.TwoPhaseLoad - resolving associations for [net.lojika.gtfs.model.RoutesCdkid#gtfs.line.1.85t-1]
14:01:03.295 [main] DEBUG org.hibernate.engine.TwoPhaseLoad - done materializing entity [net.lojika.gtfs.model.RoutesCdkid#gtfs.line.1.85t-1]
14:01:03.295 [main] DEBUG org.hibernate.engine.TwoPhaseLoad - resolving associations for [net.lojika.gtfs.model.RoutesCdkid#gtfs.line.1.85t-0]
14:01:03.295 [main] DEBUG org.hibernate.engine.TwoPhaseLoad - done materializing entity [net.lojika.gtfs.model.RoutesCdkid#gtfs.line.1.85t-0]
14:01:03.295 [main] DEBUG org.hibernate.engine.TwoPhaseLoad - resolving associations for [net.lojika.gtfs.model.Routes#istb.280702]
14:01:03.296 [main] DEBUG org.hibernate.engine.TwoPhaseLoad - done materializing entity [net.lojika.gtfs.model.Routes#istb.280702]
14:01:03.296 [main] DEBUG org.hibernate.engine.TwoPhaseLoad - resolving associations for [net.lojika.gtfs.model.RoutesCdkid#gtfs.line.1.85c-1]
14:01:03.296 [main] DEBUG org.hibernate.engine.TwoPhaseLoad - done materializing entity [net.lojika.gtfs.model.RoutesCdkid#gtfs.line.1.85c-1]
14:01:03.296 [main] DEBUG org.hibernate.engine.TwoPhaseLoad - resolving associations for [net.lojika.gtfs.model.Routes#istb.280701]
14:01:03.296 [main] DEBUG org.hibernate.engine.TwoPhaseLoad - done materializing entity [net.lojika.gtfs.model.Routes#istb.280701]
14:01:03.296 [main] DEBUG org.hibernate.engine.TwoPhaseLoad - resolving associations for [net.lojika.gtfs.model.RoutesCdkid#gtfs.line.1.83o-1]
14:01:03.296 [main] DEBUG org.hibernate.engine.TwoPhaseLoad - done materializing entity [net.lojika.gtfs.model.RoutesCdkid#gtfs.line.1.83o-1]
14:01:03.296 [main] DEBUG org.hibernate.engine.TwoPhaseLoad - resolving associations for [net.lojika.gtfs.model.RoutesCdkid#gtfs.line.1.83o-0]
14:01:03.296 [main] DEBUG org.hibernate.engine.TwoPhaseLoad - done materializing entity [net.lojika.gtfs.model.RoutesCdkid#gtfs.line.1.83o-0]
14:01:03.296 [main] DEBUG org.hibernate.engine.TwoPhaseLoad - resolving associations for [net.lojika.gtfs.model.Routes#istb.280700]
14:01:03.297 [main] DEBUG org.hibernate.engine.TwoPhaseLoad - done materializing entity [net.lojika.gtfs.model.Routes#istb.280700]
14:01:03.297 [main] DEBUG org.hibernate.engine.TwoPhaseLoad - resolving associations for [net.lojika.gtfs.model.RoutesCdkid#gtfs.line.1.83-1]
14:01:03.297 [main] DEBUG org.hibernate.engine.TwoPhaseLoad - done materializing entity [net.lojika.gtfs.model.RoutesCdkid#gtfs.line.1.83-1]
14:01:03.297 [main] DEBUG org.hibernate.engine.TwoPhaseLoad - resolving associations for [net.lojika.gtfs.model.RoutesCdkid#gtfs.line.1.83-0]
14:01:03.297 [main] DEBUG org.hibernate.engine.TwoPhaseLoad - done materializing entity [net.lojika.gtfs.model.RoutesCdkid#gtfs.line.1.83-0]
14:01:03.297 [main] DEBUG org.hibernate.engine.TwoPhaseLoad - resolving associations for [net.lojika.gtfs.model.Routes#istb.280699]
14:01:03.297 [main] DEBUG org.hibernate.engine.TwoPhaseLoad - done materializing entity [net.lojika.gtfs.model.Routes#istb.280699]
14:01:03.297 [main] DEBUG org.hibernate.engine.TwoPhaseLoad - resolving associations for [net.lojika.gtfs.model.RoutesCdkid#gtfs.line.1.82b-0]
14:01:03.297 [main] DEBUG org.hibernate.engine.TwoPhaseLoad - done materializing entity [net.lojika.gtfs.model.RoutesCdkid#gtfs.line.1.82b-0]
14:01:03.297 [main] DEBUG org.hibernate.engine.TwoPhaseLoad - resolving associations for [net.lojika.gtfs.model.Routes#istb.280698]
14:01:03.298 [main] DEBUG org.hibernate.engine.TwoPhaseLoad - done materializing entity [net.lojika.gtfs.model.Routes#istb.280698]
14:01:03.298 [main] DEBUG org.hibernate.engine.TwoPhaseLoad - resolving associations for [net.lojika.gtfs.model.RoutesCdkid#gtfs.line.1.82-1]
14:01:03.298 [main] DEBUG org.hibernate.engine.TwoPhaseLoad - done materializing entity [net.lojika.gtfs.model.RoutesCdkid#gtfs.line.1.82-1]
14:01:03.298 [main] DEBUG org.hibernate.engine.TwoPhaseLoad - resolving associations for [net.lojika.gtfs.model.RoutesCdkid#gtfs.line.1.82-0]
14:01:03.298 [main] DEBUG org.hibernate.engine.TwoPhaseLoad - done materializing entity [net.lojika.gtfs.model.RoutesCdkid#gtfs.line.1.82-0]
14:01:03.298 [main] DEBUG org.hibernate.engine.TwoPhaseLoad - resolving associations for [net.lojika.gtfs.model.Routes#istb.280697]
14:01:03.298 [main] DEBUG org.hibernate.engine.TwoPhaseLoad - done materializing entity [net.lojika.gtfs.model.Routes#istb.280697]
14:01:03.298 [main] DEBUG org.hibernate.engine.TwoPhaseLoad - resolving associations for [net.lojika.gtfs.model.RoutesCdkid#gtfs.line.1.81-1]
14:01:03.298 [main] DEBUG org.hibernate.engine.TwoPhaseLoad - done materializing entity [net.lojika.gtfs.model.RoutesCdkid#gtfs.line.1.81-1]
14:01:03.298 [main] DEBUG org.hibernate.engine.TwoPhaseLoad - resolving associations for [net.lojika.gtfs.model.RoutesCdkid#gtfs.line.1.81-0]
14:01:03.298 [main] DEBUG org.hibernate.engine.TwoPhaseLoad - done materializing entity [net.lojika.gtfs.model.RoutesCdkid#gtfs.line.1.81-0]
14:01:03.298 [main] DEBUG org.hibernate.engine.TwoPhaseLoad - resolving associations for [net.lojika.gtfs.model.Routes#istb.280696]
14:01:03.299 [main] DEBUG org.hibernate.engine.TwoPhaseLoad - done materializing entity [net.lojika.gtfs.model.Routes#istb.280696]
14:01:03.299 [main] DEBUG org.hibernate.engine.TwoPhaseLoad - resolving associations for [net.lojika.gtfs.model.RoutesCdkid#gtfs.line.1.80t-1]
14:01:03.299 [main] DEBUG org.hibernate.engine.TwoPhaseLoad - done materializing entity [net.lojika.gtfs.model.RoutesCdkid#gtfs.line.1.80t-1]
14:01:03.299 [main] DEBUG org.hibernate.engine.TwoPhaseLoad - resolving associations for [net.lojika.gtfs.model.RoutesCdkid#gtfs.line.1.80t-0]
14:01:03.299 [main] DEBUG org.hibernate.engine.TwoPhaseLoad - done materializing entity [net.lojika.gtfs.model.RoutesCdkid#gtfs.line.1.80t-0]
14:01:03.299 [main] DEBUG org.hibernate.engine.TwoPhaseLoad - resolving associations for [net.lojika.gtfs.model.Routes#istb.280695]
14:01:03.299 [main] DEBUG org.hibernate.engine.TwoPhaseLoad - done materializing entity [net.lojika.gtfs.model.Routes#istb.280695]
14:01:03.299 [main] DEBUG org.hibernate.engine.TwoPhaseLoad - resolving associations for [net.lojika.gtfs.model.RoutesCdkid#gtfs.line.1.80-1]
14:01:03.299 [main] DEBUG org.hibernate.engine.TwoPhaseLoad - done materializing entity [net.lojika.gtfs.model.RoutesCdkid#gtfs.line.1.80-1]
14:01:03.300 [main] DEBUG org.hibernate.engine.TwoPhaseLoad - resolving associations for [net.lojika.gtfs.model.RoutesCdkid#gtfs.line.1.80-0]
14:01:03.300 [main] DEBUG org.hibernate.engine.TwoPhaseLoad - done materializing entity [net.lojika.gtfs.model.RoutesCdkid#gtfs.line.1.80-0]
14:01:03.300 [main] DEBUG org.hibernate.engine.TwoPhaseLoad - resolving associations for [net.lojika.gtfs.model.Routes#istb.280692]
14:01:03.300 [main] DEBUG org.hibernate.engine.TwoPhaseLoad - done materializing entity [net.lojika.gtfs.model.Routes#istb.280692]
14:01:03.300 [main] DEBUG org.hibernate.engine.TwoPhaseLoad - resolving associations for [net.lojika.gtfs.model.RoutesCdkid#gtfs.line.1.79y-1]
14:01:03.300 [main] DEBUG org.hibernate.engine.TwoPhaseLoad - done materializing entity [net.lojika.gtfs.model.RoutesCdkid#gtfs.line.1.79y-1]
14:01:03.300 [main] DEBUG org.hibernate.engine.TwoPhaseLoad - resolving associations for [net.lojika.gtfs.model.RoutesCdkid#gtfs.line.1.79y-0]
14:01:03.300 [main] DEBUG org.hibernate.engine.TwoPhaseLoad - done materializing entity [net.lojika.gtfs.model.RoutesCdkid#gtfs.line.1.79y-0]
14:01:03.300 [main] DEBUG org.hibernate.engine.TwoPhaseLoad - resolving associations for [net.lojika.gtfs.model.Routes#istb.280691]
14:01:03.301 [main] DEBUG org.hibernate.engine.TwoPhaseLoad - done materializing entity [net.lojika.gtfs.model.Routes#istb.280691]
14:01:03.301 [main] DEBUG org.hibernate.engine.TwoPhaseLoad - resolving associations for [net.lojika.gtfs.model.RoutesCdkid#gtfs.line.1.79t-1]
14:01:03.301 [main] DEBUG org.hibernate.engine.TwoPhaseLoad - done materializing entity [net.lojika.gtfs.model.RoutesCdkid#gtfs.line.1.79t-1]
14:01:03.301 [main] DEBUG org.hibernate.engine.TwoPhaseLoad - resolving associations for [net.lojika.gtfs.model.RoutesCdkid#gtfs.line.1.79t-0]
14:01:03.301 [main] DEBUG org.hibernate.engine.TwoPhaseLoad - done materializing entity [net.lojika.gtfs.model.RoutesCdkid#gtfs.line.1.79t-0]
14:01:03.301 [main] DEBUG org.hibernate.engine.TwoPhaseLoad - resolving associations for [net.lojika.gtfs.model.Routes#istb.280690]
14:01:03.301 [main] DEBUG org.hibernate.engine.TwoPhaseLoad - done materializing entity [net.lojika.gtfs.model.Routes#istb.280690]
14:01:03.301 [main] DEBUG org.hibernate.engine.TwoPhaseLoad - resolving associations for [net.lojika.gtfs.model.RoutesCdkid#gtfs.line.1.79m-1]
14:01:03.301 [main] DEBUG org.hibernate.engine.TwoPhaseLoad - done materializing entity [net.lojika.gtfs.model.RoutesCdkid#gtfs.line.1.79m-1]
14:01:03.301 [main] DEBUG org.hibernate.engine.TwoPhaseLoad - resolving associations for [net.lojika.gtfs.model.RoutesCdkid#gtfs.line.1.79m-0]
14:01:03.301 [main] DEBUG org.hibernate.engine.TwoPhaseLoad - done materializing entity [net.lojika.gtfs.model.RoutesCdkid#gtfs.line.1.79m-0]
14:01:03.301 [main] DEBUG org.hibernate.engine.TwoPhaseLoad - resolving associations for [net.lojika.gtfs.model.Routes#istb.280688]
14:01:03.301 [main] DEBUG org.hibernate.engine.TwoPhaseLoad - done materializing entity [net.lojika.gtfs.model.Routes#istb.280688]
14:01:03.301 [main] DEBUG org.hibernate.engine.TwoPhaseLoad - resolving associations for [net.lojika.gtfs.model.RoutesCdkid#gtfs.line.1.79k-1]
14:01:03.302 [main] DEBUG org.hibernate.engine.TwoPhaseLoad - done materializing entity [net.lojika.gtfs.model.RoutesCdkid#gtfs.line.1.79k-1]
14:01:03.302 [main] DEBUG org.hibernate.engine.TwoPhaseLoad - resolving associations for [net.lojika.gtfs.model.RoutesCdkid#gtfs.line.1.79k-0]
14:01:03.302 [main] DEBUG org.hibernate.engine.TwoPhaseLoad - done materializing entity [net.lojika.gtfs.model.RoutesCdkid#gtfs.line.1.79k-0]
14:01:03.302 [main] DEBUG org.hibernate.engine.TwoPhaseLoad - resolving associations for [net.lojika.gtfs.model.Routes#istb.280687]
14:01:03.302 [main] DEBUG org.hibernate.engine.TwoPhaseLoad - done materializing entity [net.lojika.gtfs.model.Routes#istb.280687]
14:01:03.302 [main] DEBUG org.hibernate.engine.TwoPhaseLoad - resolving associations for [net.lojika.gtfs.model.RoutesCdkid#gtfs.line.1.79g-1]
14:01:03.302 [main] DEBUG org.hibernate.engine.TwoPhaseLoad - done materializing entity [net.lojika.gtfs.model.RoutesCdkid#gtfs.line.1.79g-1]
14:01:03.302 [main] DEBUG org.hibernate.engine.TwoPhaseLoad - resolving associations for [net.lojika.gtfs.model.RoutesCdkid#gtfs.line.1.79g-0]
14:01:03.302 [main] DEBUG org.hibernate.engine.TwoPhaseLoad - done materializing entity [net.lojika.gtfs.model.RoutesCdkid#gtfs.line.1.79g-0]
14:01:03.302 [main] DEBUG org.hibernate.engine.TwoPhaseLoad - resolving associations for [net.lojika.gtfs.model.Routes#istb.280684]
14:01:03.302 [main] DEBUG org.hibernate.engine.TwoPhaseLoad - done materializing entity [net.lojika.gtfs.model.Routes#istb.280684]
14:01:03.302 [main] DEBUG org.hibernate.engine.TwoPhaseLoad - resolving associations for [net.lojika.gtfs.model.RoutesCdkid#gtfs.line.1.79c-1]
14:01:03.303 [main] DEBUG org.hibernate.engine.TwoPhaseLoad - done materializing entity [net.lojika.gtfs.model.RoutesCdkid#gtfs.line.1.79c-1]
14:01:03.303 [main] DEBUG org.hibernate.engine.TwoPhaseLoad - resolving associations for [net.lojika.gtfs.model.RoutesCdkid#gtfs.line.1.79c-0]
14:01:03.303 [main] DEBUG org.hibernate.engine.TwoPhaseLoad - done materializing entity [net.lojika.gtfs.model.RoutesCdkid#gtfs.line.1.79c-0]
14:01:03.303 [main] DEBUG org.hibernate.engine.TwoPhaseLoad - resolving associations for [net.lojika.gtfs.model.Routes#istb.280683]
14:01:03.303 [main] DEBUG org.hibernate.engine.TwoPhaseLoad - done materializing entity [net.lojika.gtfs.model.Routes#istb.280683]
14:01:03.303 [main] DEBUG org.hibernate.engine.TwoPhaseLoad - resolving associations for [net.lojika.gtfs.model.RoutesCdkid#gtfs.line.1.79b-1]
14:01:03.303 [main] DEBUG org.hibernate.engine.TwoPhaseLoad - done materializing entity [net.lojika.gtfs.model.RoutesCdkid#gtfs.line.1.79b-1]
14:01:03.303 [main] DEBUG org.hibernate.engine.TwoPhaseLoad - resolving associations for [net.lojika.gtfs.model.RoutesCdkid#gtfs.line.1.79b-0]
14:01:03.303 [main] DEBUG org.hibernate.engine.TwoPhaseLoad - done materializing entity [net.lojika.gtfs.model.RoutesCdkid#gtfs.line.1.79b-0]
14:01:03.303 [main] DEBUG org.hibernate.engine.TwoPhaseLoad - resolving associations for [net.lojika.gtfs.model.Routes#istb.280682]
14:01:03.303 [main] DEBUG org.hibernate.engine.TwoPhaseLoad - done materializing entity [net.lojika.gtfs.model.Routes#istb.280682]
14:01:03.303 [main] DEBUG org.hibernate.engine.TwoPhaseLoad - resolving associations for [net.lojika.gtfs.model.RoutesCdkid#gtfs.line.1.78-1]
14:01:03.303 [main] DEBUG org.hibernate.engine.TwoPhaseLoad - done materializing entity [net.lojika.gtfs.model.RoutesCdkid#gtfs.line.1.78-1]
14:01:03.303 [main] DEBUG org.hibernate.engine.TwoPhaseLoad - resolving associations for [net.lojika.gtfs.model.RoutesCdkid#gtfs.line.1.78-0]
14:01:03.303 [main] DEBUG org.hibernate.engine.TwoPhaseLoad - done materializing entity [net.lojika.gtfs.model.RoutesCdkid#gtfs.line.1.78-0]
14:01:03.303 [main] DEBUG org.hibernate.engine.TwoPhaseLoad - resolving associations for [net.lojika.gtfs.model.Routes#istb.280681]
14:01:03.304 [main] DEBUG org.hibernate.engine.TwoPhaseLoad - done materializing entity [net.lojika.gtfs.model.Routes#istb.280681]
14:01:03.304 [main] DEBUG org.hibernate.engine.TwoPhaseLoad - resolving associations for [net.lojika.gtfs.model.RoutesCdkid#gtfs.line.1.78zb-1]
14:01:03.304 [main] DEBUG org.hibernate.engine.TwoPhaseLoad - done materializing entity [net.lojika.gtfs.model.RoutesCdkid#gtfs.line.1.78zb-1]
14:01:03.304 [main] DEBUG org.hibernate.engine.TwoPhaseLoad - resolving associations for [net.lojika.gtfs.model.RoutesCdkid#gtfs.line.1.78zb-0]
14:01:03.304 [main] DEBUG org.hibernate.engine.TwoPhaseLoad - done materializing entity [net.lojika.gtfs.model.RoutesCdkid#gtfs.line.1.78zb-0]
14:01:03.304 [main] DEBUG org.hibernate.engine.TwoPhaseLoad - resolving associations for [net.lojika.gtfs.model.Routes#istb.280680]
14:01:03.304 [main] DEBUG org.hibernate.engine.TwoPhaseLoad - done materializing entity [net.lojika.gtfs.model.Routes#istb.280680]
14:01:03.304 [main] DEBUG org.hibernate.engine.TwoPhaseLoad - resolving associations for [net.lojika.gtfs.model.RoutesCdkid#gtfs.line.1.78m-1]
14:01:03.304 [main] DEBUG org.hibernate.engine.TwoPhaseLoad - done materializing entity [net.lojika.gtfs.model.RoutesCdkid#gtfs.line.1.78m-1]
14:01:03.304 [main] DEBUG org.hibernate.engine.TwoPhaseLoad - resolving associations for [net.lojika.gtfs.model.RoutesCdkid#gtfs.line.1.78m-0]
14:01:03.304 [main] DEBUG org.hibernate.engine.TwoPhaseLoad - done materializing entity [net.lojika.gtfs.model.RoutesCdkid#gtfs.line.1.78m-0]
14:01:03.304 [main] DEBUG org.hibernate.engine.TwoPhaseLoad - resolving associations for [net.lojika.gtfs.model.Routes#istb.280678]
14:01:03.304 [main] DEBUG org.hibernate.engine.TwoPhaseLoad - done materializing entity [net.lojika.gtfs.model.Routes#istb.280678]
14:01:03.304 [main] DEBUG org.hibernate.engine.TwoPhaseLoad - resolving associations for [net.lojika.gtfs.model.RoutesCdkid#gtfs.line.1.78g-1]
14:01:03.304 [main] DEBUG org.hibernate.engine.TwoPhaseLoad - done materializing entity [net.lojika.gtfs.model.RoutesCdkid#gtfs.line.1.78g-1]
14:01:03.305 [main] DEBUG org.hibernate.engine.TwoPhaseLoad - resolving associations for [net.lojika.gtfs.model.RoutesCdkid#gtfs.line.1.78g-0]
14:01:03.305 [main] DEBUG org.hibernate.engine.TwoPhaseLoad - done materializing entity [net.lojika.gtfs.model.RoutesCdkid#gtfs.line.1.78g-0]
14:01:03.305 [main] DEBUG org.hibernate.engine.TwoPhaseLoad - resolving associations for [net.lojika.gtfs.model.Routes#istb.280676]
14:01:03.305 [main] DEBUG org.hibernate.engine.TwoPhaseLoad - done materializing entity [net.lojika.gtfs.model.Routes#istb.280676]
14:01:03.305 [main] DEBUG org.hibernate.engine.TwoPhaseLoad - resolving associations for [net.lojika.gtfs.model.RoutesCdkid#gtfs.line.1.78e-1]
14:01:03.305 [main] DEBUG org.hibernate.engine.TwoPhaseLoad - done materializing entity [net.lojika.gtfs.model.RoutesCdkid#gtfs.line.1.78e-1]
14:01:03.305 [main] DEBUG org.hibernate.engine.TwoPhaseLoad - resolving associations for [net.lojika.gtfs.model.RoutesCdkid#gtfs.line.1.78e-0]
14:01:03.305 [main] DEBUG org.hibernate.engine.TwoPhaseLoad - done materializing entity [net.lojika.gtfs.model.RoutesCdkid#gtfs.line.1.78e-0]
14:01:03.305 [main] DEBUG org.hibernate.engine.TwoPhaseLoad - resolving associations for [net.lojika.gtfs.model.Routes#istb.280675]
14:01:03.305 [main] DEBUG org.hibernate.engine.TwoPhaseLoad - done materializing entity [net.lojika.gtfs.model.Routes#istb.280675]
14:01:03.305 [main] DEBUG org.hibernate.engine.TwoPhaseLoad - resolving associations for [net.lojika.gtfs.model.RoutesCdkid#gtfs.line.1.78c-1]
14:01:03.305 [main] DEBUG org.hibernate.engine.TwoPhaseLoad - done materializing entity [net.lojika.gtfs.model.RoutesCdkid#gtfs.line.1.78c-1]
14:01:03.305 [main] DEBUG org.hibernate.engine.TwoPhaseLoad - resolving associations for [net.lojika.gtfs.model.RoutesCdkid#gtfs.line.1.78c-0]
14:01:03.305 [main] DEBUG org.hibernate.engine.TwoPhaseLoad - done materializing entity [net.lojika.gtfs.model.RoutesCdkid#gtfs.line.1.78c-0]
14:01:03.305 [main] DEBUG org.hibernate.engine.TwoPhaseLoad - resolving associations for [net.lojika.gtfs.model.Routes#istb.280673]
14:01:03.305 [main] DEBUG org.hibernate.engine.TwoPhaseLoad - done materializing entity [net.lojika.gtfs.model.Routes#istb.280673]
14:01:03.305 [main] DEBUG org.hibernate.engine.TwoPhaseLoad - resolving associations for [net.lojika.gtfs.model.RoutesCdkid#gtfs.line.1.78b-1]
14:01:03.306 [main] DEBUG org.hibernate.engine.TwoPhaseLoad - done materializing entity [net.lojika.gtfs.model.RoutesCdkid#gtfs.line.1.78b-1]
14:01:03.306 [main] DEBUG org.hibernate.engine.TwoPhaseLoad - resolving associations for [net.lojika.gtfs.model.RoutesCdkid#gtfs.line.1.78b-0]
14:01:03.306 [main] DEBUG org.hibernate.engine.TwoPhaseLoad - done materializing entity [net.lojika.gtfs.model.RoutesCdkid#gtfs.line.1.78b-0]
14:01:03.306 [main] DEBUG org.hibernate.engine.TwoPhaseLoad - resolving associations for [net.lojika.gtfs.model.Routes#istb.280670]
14:01:03.306 [main] DEBUG org.hibernate.engine.TwoPhaseLoad - done materializing entity [net.lojika.gtfs.model.Routes#istb.280670]
14:01:03.306 [main] DEBUG org.hibernate.engine.TwoPhaseLoad - resolving associations for [net.lojika.gtfs.model.RoutesCdkid#gtfs.line.1.77-1]
14:01:03.306 [main] DEBUG org.hibernate.engine.TwoPhaseLoad - done materializing entity [net.lojika.gtfs.model.RoutesCdkid#gtfs.line.1.77-1]
14:01:03.306 [main] DEBUG org.hibernate.engine.TwoPhaseLoad - resolving associations for [net.lojika.gtfs.model.RoutesCdkid#gtfs.line.1.77-0]
14:01:03.306 [main] DEBUG org.hibernate.engine.TwoPhaseLoad - done materializing entity [net.lojika.gtfs.model.RoutesCdkid#gtfs.line.1.77-0]
14:01:03.306 [main] DEBUG org.hibernate.engine.TwoPhaseLoad - resolving associations for [net.lojika.gtfs.model.Routes#istb.280669]
14:01:03.306 [main] DEBUG org.hibernate.engine.TwoPhaseLoad - done materializing entity [net.lojika.gtfs.model.Routes#istb.280669]
14:01:03.306 [main] DEBUG org.hibernate.engine.TwoPhaseLoad - resolving associations for [net.lojika.gtfs.model.RoutesCdkid#gtfs.line.1.77mt-1]
14:01:03.306 [main] DEBUG org.hibernate.engine.TwoPhaseLoad - done materializing entity [net.lojika.gtfs.model.RoutesCdkid#gtfs.line.1.77mt-1]
14:01:03.306 [main] DEBUG org.hibernate.engine.TwoPhaseLoad - resolving associations for [net.lojika.gtfs.model.Routes#istb.280668]
14:01:03.306 [main] DEBUG org.hibernate.engine.TwoPhaseLoad - done materializing entity [net.lojika.gtfs.model.Routes#istb.280668]
14:01:03.306 [main] DEBUG org.hibernate.engine.TwoPhaseLoad - resolving associations for [net.lojika.gtfs.model.RoutesCdkid#gtfs.line.1.77a-0]
14:01:03.306 [main] DEBUG org.hibernate.engine.TwoPhaseLoad - done materializing entity [net.lojika.gtfs.model.RoutesCdkid#gtfs.line.1.77a-0]
14:01:03.307 [main] DEBUG org.hibernate.engine.TwoPhaseLoad - resolving associations for [net.lojika.gtfs.model.Routes#istb.280665]
14:01:03.307 [main] DEBUG org.hibernate.engine.TwoPhaseLoad - done materializing entity [net.lojika.gtfs.model.Routes#istb.280665]
14:01:03.307 [main] DEBUG org.hibernate.engine.TwoPhaseLoad - resolving associations for [net.lojika.gtfs.model.RoutesCdkid#gtfs.line.1.76y-1]
14:01:03.307 [main] DEBUG org.hibernate.engine.TwoPhaseLoad - done materializing entity [net.lojika.gtfs.model.RoutesCdkid#gtfs.line.1.76y-1]
14:01:03.307 [main] DEBUG org.hibernate.engine.TwoPhaseLoad - resolving associations for [net.lojika.gtfs.model.RoutesCdkid#gtfs.line.1.76y-0]
14:01:03.307 [main] DEBUG org.hibernate.engine.TwoPhaseLoad - done materializing entity [net.lojika.gtfs.model.RoutesCdkid#gtfs.line.1.76y-0]
14:01:03.307 [main] DEBUG org.hibernate.engine.TwoPhaseLoad - resolving associations for [net.lojika.gtfs.model.Routes#istb.280662]
14:01:03.307 [main] DEBUG org.hibernate.engine.TwoPhaseLoad - done materializing entity [net.lojika.gtfs.model.Routes#istb.280662]
14:01:03.307 [main] DEBUG org.hibernate.engine.TwoPhaseLoad - resolving associations for [net.lojika.gtfs.model.RoutesCdkid#gtfs.line.1.76o-1]
14:01:03.307 [main] DEBUG org.hibernate.engine.TwoPhaseLoad - done materializing entity [net.lojika.gtfs.model.RoutesCdkid#gtfs.line.1.76o-1]
14:01:03.307 [main] DEBUG org.hibernate.engine.TwoPhaseLoad - resolving associations for [net.lojika.gtfs.model.RoutesCdkid#gtfs.line.1.76o-0]
14:01:03.307 [main] DEBUG org.hibernate.engine.TwoPhaseLoad - done materializing entity [net.lojika.gtfs.model.RoutesCdkid#gtfs.line.1.76o-0]
14:01:03.307 [main] DEBUG org.hibernate.engine.TwoPhaseLoad - resolving associations for [net.lojika.gtfs.model.Routes#istb.280661]
14:01:03.307 [main] DEBUG org.hibernate.engine.TwoPhaseLoad - done materializing entity [net.lojika.gtfs.model.Routes#istb.280661]
14:01:03.307 [main] DEBUG org.hibernate.engine.TwoPhaseLoad - resolving associations for [net.lojika.gtfs.model.RoutesCdkid#gtfs.line.1.76m-1]
14:01:03.307 [main] DEBUG org.hibernate.engine.TwoPhaseLoad - done materializing entity [net.lojika.gtfs.model.RoutesCdkid#gtfs.line.1.76m-1]
14:01:03.307 [main] DEBUG org.hibernate.engine.TwoPhaseLoad - resolving associations for [net.lojika.gtfs.model.RoutesCdkid#gtfs.line.1.76m-0]
14:01:03.308 [main] DEBUG org.hibernate.engine.TwoPhaseLoad - done materializing entity [net.lojika.gtfs.model.RoutesCdkid#gtfs.line.1.76m-0]
14:01:03.308 [main] DEBUG org.hibernate.engine.TwoPhaseLoad - resolving associations for [net.lojika.gtfs.model.Routes#istb.280658]
14:01:03.308 [main] DEBUG org.hibernate.engine.TwoPhaseLoad - done materializing entity [net.lojika.gtfs.model.Routes#istb.280658]
14:01:03.308 [main] DEBUG org.hibernate.engine.TwoPhaseLoad - resolving associations for [net.lojika.gtfs.model.RoutesCdkid#gtfs.line.1.76e-1]
14:01:03.308 [main] DEBUG org.hibernate.engine.TwoPhaseLoad - done materializing entity [net.lojika.gtfs.model.RoutesCdkid#gtfs.line.1.76e-1]
14:01:03.308 [main] DEBUG org.hibernate.engine.TwoPhaseLoad - resolving associations for [net.lojika.gtfs.model.RoutesCdkid#gtfs.line.1.76e-0]
14:01:03.308 [main] DEBUG org.hibernate.engine.TwoPhaseLoad - done materializing entity [net.lojika.gtfs.model.RoutesCdkid#gtfs.line.1.76e-0]
14:01:03.308 [main] DEBUG org.hibernate.engine.TwoPhaseLoad - resolving associations for [net.lojika.gtfs.model.Routes#istb.280657]
14:01:03.308 [main] DEBUG org.hibernate.engine.TwoPhaseLoad - done materializing entity [net.lojika.gtfs.model.Routes#istb.280657]
14:01:03.308 [main] DEBUG org.hibernate.engine.TwoPhaseLoad - resolving associations for [net.lojika.gtfs.model.RoutesCdkid#gtfs.line.1.76d-1]
14:01:03.308 [main] DEBUG org.hibernate.engine.TwoPhaseLoad - done materializing entity [net.lojika.gtfs.model.RoutesCdkid#gtfs.line.1.76d-1]
14:01:03.308 [main] DEBUG org.hibernate.engine.TwoPhaseLoad - resolving associations for [net.lojika.gtfs.model.RoutesCdkid#gtfs.line.1.76d-0]
14:01:03.308 [main] DEBUG org.hibernate.engine.TwoPhaseLoad - done materializing entity [net.lojika.gtfs.model.RoutesCdkid#gtfs.line.1.76d-0]
14:01:03.308 [main] DEBUG org.hibernate.engine.TwoPhaseLoad - resolving associations for [net.lojika.gtfs.model.Routes#istb.280655]
14:01:03.308 [main] DEBUG org.hibernate.engine.TwoPhaseLoad - done materializing entity [net.lojika.gtfs.model.Routes#istb.280655]
14:01:03.308 [main] DEBUG org.hibernate.engine.TwoPhaseLoad - resolving associations for [net.lojika.gtfs.model.RoutesCdkid#gtfs.line.1.76b-1]
14:01:03.309 [main] DEBUG org.hibernate.engine.TwoPhaseLoad - done materializing entity [net.lojika.gtfs.model.RoutesCdkid#gtfs.line.1.76b-1]
14:01:03.309 [main] DEBUG org.hibernate.engine.TwoPhaseLoad - resolving associations for [net.lojika.gtfs.model.RoutesCdkid#gtfs.line.1.76b-0]
14:01:03.309 [main] DEBUG org.hibernate.engine.TwoPhaseLoad - done materializing entity [net.lojika.gtfs.model.RoutesCdkid#gtfs.line.1.76b-0]
14:01:03.309 [main] DEBUG org.hibernate.engine.TwoPhaseLoad - resolving associations for [net.lojika.gtfs.model.Routes#istb.280654]
14:01:03.309 [main] DEBUG org.hibernate.engine.TwoPhaseLoad - done materializing entity [net.lojika.gtfs.model.Routes#istb.280654]
14:01:03.309 [main] DEBUG org.hibernate.engine.TwoPhaseLoad - resolving associations for [net.lojika.gtfs.model.RoutesCdkid#gtfs.line.1.76-1]
14:01:03.309 [main] DEBUG org.hibernate.engine.TwoPhaseLoad - done materializing entity [net.lojika.gtfs.model.RoutesCdkid#gtfs.line.1.76-1]
14:01:03.309 [main] DEBUG org.hibernate.engine.TwoPhaseLoad - resolving associations for [net.lojika.gtfs.model.RoutesCdkid#gtfs.line.1.76-0]
14:01:03.309 [main] DEBUG org.hibernate.engine.TwoPhaseLoad - done materializing entity [net.lojika.gtfs.model.RoutesCdkid#gtfs.line.1.76-0]
14:01:03.309 [main] DEBUG org.hibernate.engine.TwoPhaseLoad - resolving associations for [net.lojika.gtfs.model.Routes#istb.280653]
14:01:03.309 [main] DEBUG org.hibernate.engine.TwoPhaseLoad - done materializing entity [net.lojika.gtfs.model.Routes#istb.280653]
14:01:03.309 [main] DEBUG org.hibernate.engine.TwoPhaseLoad - resolving associations for [net.lojika.gtfs.model.RoutesCdkid#gtfs.line.1.75o-1]
14:01:03.309 [main] DEBUG org.hibernate.engine.TwoPhaseLoad - done materializing entity [net.lojika.gtfs.model.RoutesCdkid#gtfs.line.1.75o-1]
14:01:03.309 [main] DEBUG org.hibernate.engine.TwoPhaseLoad - resolving associations for [net.lojika.gtfs.model.RoutesCdkid#gtfs.line.1.75o-0]
14:01:03.309 [main] DEBUG org.hibernate.engine.TwoPhaseLoad - done materializing entity [net.lojika.gtfs.model.RoutesCdkid#gtfs.line.1.75o-0]
14:01:03.309 [main] DEBUG org.hibernate.engine.TwoPhaseLoad - resolving associations for [net.lojika.gtfs.model.Routes#istb.280652]
14:01:03.309 [main] DEBUG org.hibernate.engine.TwoPhaseLoad - done materializing entity [net.lojika.gtfs.model.Routes#istb.280652]
14:01:03.309 [main] DEBUG org.hibernate.engine.TwoPhaseLoad - resolving associations for [net.lojika.gtfs.model.RoutesCdkid#gtfs.line.1.75m-1]
14:01:03.310 [main] DEBUG org.hibernate.engine.TwoPhaseLoad - done materializing entity [net.lojika.gtfs.model.RoutesCdkid#gtfs.line.1.75m-1]
14:01:03.310 [main] DEBUG org.hibernate.engine.TwoPhaseLoad - resolving associations for [net.lojika.gtfs.model.RoutesCdkid#gtfs.line.1.75m-0]
14:01:03.310 [main] DEBUG org.hibernate.engine.TwoPhaseLoad - done materializing entity [net.lojika.gtfs.model.RoutesCdkid#gtfs.line.1.75m-0]
14:01:03.310 [main] DEBUG org.hibernate.engine.TwoPhaseLoad - resolving associations for [net.lojika.gtfs.model.Routes#istb.280651]
14:01:03.310 [main] DEBUG org.hibernate.engine.TwoPhaseLoad - done materializing entity [net.lojika.gtfs.model.Routes#istb.280651]
14:01:03.310 [main] DEBUG org.hibernate.engine.TwoPhaseLoad - resolving associations for [net.lojika.gtfs.model.RoutesCdkid#gtfs.line.1.74a-1]
14:01:03.310 [main] DEBUG org.hibernate.engine.TwoPhaseLoad - done materializing entity [net.lojika.gtfs.model.RoutesCdkid#gtfs.line.1.74a-1]
14:01:03.310 [main] DEBUG org.hibernate.engine.TwoPhaseLoad - resolving associations for [net.lojika.gtfs.model.RoutesCdkid#gtfs.line.1.74a-0]
14:01:03.310 [main] DEBUG org.hibernate.engine.TwoPhaseLoad - done materializing entity [net.lojika.gtfs.model.RoutesCdkid#gtfs.line.1.74a-0]
14:01:03.310 [main] DEBUG org.hibernate.engine.TwoPhaseLoad - resolving associations for [net.lojika.gtfs.model.Routes#istb.280650]
14:01:03.310 [main] DEBUG org.hibernate.engine.TwoPhaseLoad - done materializing entity [net.lojika.gtfs.model.Routes#istb.280650]
14:01:03.310 [main] DEBUG org.hibernate.engine.TwoPhaseLoad - resolving associations for [net.lojika.gtfs.model.RoutesCdkid#gtfs.line.1.74-1]
14:01:03.311 [main] DEBUG org.hibernate.engine.TwoPhaseLoad - done materializing entity [net.lojika.gtfs.model.RoutesCdkid#gtfs.line.1.74-1]
14:01:03.311 [main] DEBUG org.hibernate.engine.TwoPhaseLoad - resolving associations for [net.lojika.gtfs.model.RoutesCdkid#gtfs.line.1.74-0]
14:01:03.311 [main] DEBUG org.hibernate.engine.TwoPhaseLoad - done materializing entity [net.lojika.gtfs.model.RoutesCdkid#gtfs.line.1.74-0]
14:01:03.311 [main] DEBUG org.hibernate.engine.TwoPhaseLoad - resolving associations for [net.lojika.gtfs.model.Routes#istb.280648]
14:01:03.311 [main] DEBUG org.hibernate.engine.TwoPhaseLoad - done materializing entity [net.lojika.gtfs.model.Routes#istb.280648]
14:01:03.311 [main] DEBUG org.hibernate.engine.TwoPhaseLoad - resolving associations for [net.lojika.gtfs.model.RoutesCdkid#gtfs.line.1.73t-1]
14:01:03.311 [main] DEBUG org.hibernate.engine.TwoPhaseLoad - done materializing entity [net.lojika.gtfs.model.RoutesCdkid#gtfs.line.1.73t-1]
14:01:03.311 [main] DEBUG org.hibernate.engine.TwoPhaseLoad - resolving associations for [net.lojika.gtfs.model.RoutesCdkid#gtfs.line.1.73t-0]
14:01:03.311 [main] DEBUG org.hibernate.engine.TwoPhaseLoad - done materializing entity [net.lojika.gtfs.model.RoutesCdkid#gtfs.line.1.73t-0]
14:01:03.311 [main] DEBUG org.hibernate.engine.TwoPhaseLoad - resolving associations for [net.lojika.gtfs.model.Routes#istb.280647]
14:01:03.311 [main] DEBUG org.hibernate.engine.TwoPhaseLoad - done materializing entity [net.lojika.gtfs.model.Routes#istb.280647]
14:01:03.311 [main] DEBUG org.hibernate.engine.TwoPhaseLoad - resolving associations for [net.lojika.gtfs.model.RoutesCdkid#gtfs.line.1.73f-1]
14:01:03.311 [main] DEBUG org.hibernate.engine.TwoPhaseLoad - done materializing entity [net.lojika.gtfs.model.RoutesCdkid#gtfs.line.1.73f-1]
14:01:03.311 [main] DEBUG org.hibernate.engine.TwoPhaseLoad - resolving associations for [net.lojika.gtfs.model.RoutesCdkid#gtfs.line.1.73f-0]
14:01:03.312 [main] DEBUG org.hibernate.engine.TwoPhaseLoad - done materializing entity [net.lojika.gtfs.model.RoutesCdkid#gtfs.line.1.73f-0]
14:01:03.312 [main] DEBUG org.hibernate.engine.TwoPhaseLoad - resolving associations for [net.lojika.gtfs.model.Routes#istb.280646]
14:01:03.312 [main] DEBUG org.hibernate.engine.TwoPhaseLoad - done materializing entity [net.lojika.gtfs.model.Routes#istb.280646]
14:01:03.312 [main] DEBUG org.hibernate.engine.TwoPhaseLoad - resolving associations for [net.lojika.gtfs.model.RoutesCdkid#gtfs.line.1.73-1]
14:01:03.312 [main] DEBUG org.hibernate.engine.TwoPhaseLoad - done materializing entity [net.lojika.gtfs.model.RoutesCdkid#gtfs.line.1.73-1]
14:01:03.312 [main] DEBUG org.hibernate.engine.TwoPhaseLoad - resolving associations for [net.lojika.gtfs.model.RoutesCdkid#gtfs.line.1.73-0]
14:01:03.312 [main] DEBUG org.hibernate.engine.TwoPhaseLoad - done materializing entity [net.lojika.gtfs.model.RoutesCdkid#gtfs.line.1.73-0]
14:01:03.312 [main] DEBUG org.hibernate.engine.TwoPhaseLoad - resolving associations for [net.lojika.gtfs.model.Routes#istb.280644]
14:01:03.312 [main] DEBUG org.hibernate.engine.TwoPhaseLoad - done materializing entity [net.lojika.gtfs.model.Routes#istb.280644]
14:01:03.312 [main] DEBUG org.hibernate.engine.TwoPhaseLoad - resolving associations for [net.lojika.gtfs.model.RoutesCdkid#gtfs.line.1.72t-1]
14:01:03.312 [main] DEBUG org.hibernate.engine.TwoPhaseLoad - done materializing entity [net.lojika.gtfs.model.RoutesCdkid#gtfs.line.1.72t-1]
14:01:03.312 [main] DEBUG org.hibernate.engine.TwoPhaseLoad - resolving associations for [net.lojika.gtfs.model.RoutesCdkid#gtfs.line.1.72t-0]
14:01:03.312 [main] DEBUG org.hibernate.engine.TwoPhaseLoad - done materializing entity [net.lojika.gtfs.model.RoutesCdkid#gtfs.line.1.72t-0]
14:01:03.312 [main] DEBUG org.hibernate.engine.TwoPhaseLoad - resolving associations for [net.lojika.gtfs.model.Routes#istb.280643]
14:01:03.312 [main] DEBUG org.hibernate.engine.TwoPhaseLoad - done materializing entity [net.lojika.gtfs.model.Routes#istb.280643]
14:01:03.312 [main] DEBUG org.hibernate.engine.TwoPhaseLoad - resolving associations for [net.lojika.gtfs.model.RoutesCdkid#gtfs.line.1.71t-1]
14:01:03.312 [main] DEBUG org.hibernate.engine.TwoPhaseLoad - done materializing entity [net.lojika.gtfs.model.RoutesCdkid#gtfs.line.1.71t-1]
14:01:03.313 [main] DEBUG org.hibernate.engine.TwoPhaseLoad - resolving associations for [net.lojika.gtfs.model.RoutesCdkid#gtfs.line.1.71t-0]
14:01:03.313 [main] DEBUG org.hibernate.engine.TwoPhaseLoad - done materializing entity [net.lojika.gtfs.model.RoutesCdkid#gtfs.line.1.71t-0]
14:01:03.313 [main] DEBUG org.hibernate.engine.TwoPhaseLoad - resolving associations for [net.lojika.gtfs.model.Routes#istb.280641]
14:01:03.313 [main] DEBUG org.hibernate.engine.TwoPhaseLoad - done materializing entity [net.lojika.gtfs.model.Routes#istb.280641]
14:01:03.313 [main] DEBUG org.hibernate.engine.TwoPhaseLoad - resolving associations for [net.lojika.gtfs.model.RoutesCdkid#gtfs.line.1.70ky-1]
14:01:03.313 [main] DEBUG org.hibernate.engine.TwoPhaseLoad - done materializing entity [net.lojika.gtfs.model.RoutesCdkid#gtfs.line.1.70ky-1]
14:01:03.313 [main] DEBUG org.hibernate.engine.TwoPhaseLoad - resolving associations for [net.lojika.gtfs.model.RoutesCdkid#gtfs.line.1.70ky-0]
14:01:03.313 [main] DEBUG org.hibernate.engine.TwoPhaseLoad - done materializing entity [net.lojika.gtfs.model.RoutesCdkid#gtfs.line.1.70ky-0]
14:01:03.313 [main] DEBUG org.hibernate.engine.TwoPhaseLoad - resolving associations for [net.lojika.gtfs.model.Routes#istb.280640]
14:01:03.313 [main] DEBUG org.hibernate.engine.TwoPhaseLoad - done materializing entity [net.lojika.gtfs.model.Routes#istb.280640]
14:01:03.313 [main] DEBUG org.hibernate.engine.TwoPhaseLoad - resolving associations for [net.lojika.gtfs.model.RoutesCdkid#gtfs.line.1.70ke-1]
14:01:03.313 [main] DEBUG org.hibernate.engine.TwoPhaseLoad - done materializing entity [net.lojika.gtfs.model.RoutesCdkid#gtfs.line.1.70ke-1]
14:01:03.313 [main] DEBUG org.hibernate.engine.TwoPhaseLoad - resolving associations for [net.lojika.gtfs.model.RoutesCdkid#gtfs.line.1.70ke-0]
14:01:03.313 [main] DEBUG org.hibernate.engine.TwoPhaseLoad - done materializing entity [net.lojika.gtfs.model.RoutesCdkid#gtfs.line.1.70ke-0]
14:01:03.313 [main] DEBUG org.hibernate.engine.TwoPhaseLoad - resolving associations for [net.lojika.gtfs.model.Routes#istb.280639]
14:01:03.313 [main] DEBUG org.hibernate.engine.TwoPhaseLoad - done materializing entity [net.lojika.gtfs.model.Routes#istb.280639]
14:01:03.313 [main] DEBUG org.hibernate.engine.TwoPhaseLoad - resolving associations for [net.lojika.gtfs.model.RoutesCdkid#gtfs.line.1.70fy-1]
14:01:03.313 [main] DEBUG org.hibernate.engine.TwoPhaseLoad - done materializing entity [net.lojika.gtfs.model.RoutesCdkid#gtfs.line.1.70fy-1]
14:01:03.313 [main] DEBUG org.hibernate.engine.TwoPhaseLoad - resolving associations for [net.lojika.gtfs.model.RoutesCdkid#gtfs.line.1.70fy-0]
14:01:03.313 [main] DEBUG org.hibernate.engine.TwoPhaseLoad - done materializing entity [net.lojika.gtfs.model.RoutesCdkid#gtfs.line.1.70fy-0]
14:01:03.313 [main] DEBUG org.hibernate.engine.TwoPhaseLoad - resolving associations for [net.lojika.gtfs.model.Routes#istb.280638]
14:01:03.313 [main] DEBUG org.hibernate.engine.TwoPhaseLoad - done materializing entity [net.lojika.gtfs.model.Routes#istb.280638]
14:01:03.314 [main] DEBUG org.hibernate.engine.TwoPhaseLoad - resolving associations for [net.lojika.gtfs.model.RoutesCdkid#gtfs.line.1.70fe-1]
14:01:03.314 [main] DEBUG org.hibernate.engine.TwoPhaseLoad - done materializing entity [net.lojika.gtfs.model.RoutesCdkid#gtfs.line.1.70fe-1]
14:01:03.314 [main] DEBUG org.hibernate.engine.TwoPhaseLoad - resolving associations for [net.lojika.gtfs.model.RoutesCdkid#gtfs.line.1.70fe-0]
14:01:03.314 [main] DEBUG org.hibernate.engine.TwoPhaseLoad - done materializing entity [net.lojika.gtfs.model.RoutesCdkid#gtfs.line.1.70fe-0]
14:01:03.314 [main] DEBUG org.hibernate.engine.TwoPhaseLoad - resolving associations for [net.lojika.gtfs.model.Routes#istb.280637]
14:01:03.314 [main] DEBUG org.hibernate.engine.TwoPhaseLoad - done materializing entity [net.lojika.gtfs.model.Routes#istb.280637]
14:01:03.314 [main] DEBUG org.hibernate.engine.TwoPhaseLoad - resolving associations for [net.lojika.gtfs.model.RoutesCdkid#gtfs.line.1.7-0]
14:01:03.314 [main] DEBUG org.hibernate.engine.TwoPhaseLoad - done materializing entity [net.lojika.gtfs.model.RoutesCdkid#gtfs.line.1.7-0]
14:01:03.314 [main] DEBUG org.hibernate.engine.TwoPhaseLoad - resolving associations for [net.lojika.gtfs.model.Routes#istb.280636]
14:01:03.314 [main] DEBUG org.hibernate.engine.TwoPhaseLoad - done materializing entity [net.lojika.gtfs.model.Routes#istb.280636]
14:01:03.314 [main] DEBUG org.hibernate.engine.TwoPhaseLoad - resolving associations for [net.lojika.gtfs.model.RoutesCdkid#gtfs.line.1.69a-1]
14:01:03.314 [main] DEBUG org.hibernate.engine.TwoPhaseLoad - done materializing entity [net.lojika.gtfs.model.RoutesCdkid#gtfs.line.1.69a-1]
14:01:03.314 [main] DEBUG org.hibernate.engine.TwoPhaseLoad - resolving associations for [net.lojika.gtfs.model.RoutesCdkid#gtfs.line.1.69a-0]
14:01:03.314 [main] DEBUG org.hibernate.engine.TwoPhaseLoad - done materializing entity [net.lojika.gtfs.model.RoutesCdkid#gtfs.line.1.69a-0]
14:01:03.314 [main] DEBUG org.hibernate.engine.TwoPhaseLoad - resolving associations for [net.lojika.gtfs.model.Routes#istb.280635]
14:01:03.314 [main] DEBUG org.hibernate.engine.TwoPhaseLoad - done materializing entity [net.lojika.gtfs.model.Routes#istb.280635]
14:01:03.314 [main] DEBUG org.hibernate.engine.TwoPhaseLoad - resolving associations for [net.lojika.gtfs.model.RoutesCdkid#gtfs.line.1.66z-0]
14:01:03.314 [main] DEBUG org.hibernate.engine.TwoPhaseLoad - done materializing entity [net.lojika.gtfs.model.RoutesCdkid#gtfs.line.1.66z-0]
14:01:03.314 [main] DEBUG org.hibernate.engine.TwoPhaseLoad - resolving associations for [net.lojika.gtfs.model.Routes#istb.280634]
14:01:03.314 [main] DEBUG org.hibernate.engine.TwoPhaseLoad - done materializing entity [net.lojika.gtfs.model.Routes#istb.280634]
14:01:03.314 [main] DEBUG org.hibernate.engine.TwoPhaseLoad - resolving associations for [net.lojika.gtfs.model.RoutesCdkid#gtfs.line.1.66-1]
14:01:03.314 [main] DEBUG org.hibernate.engine.TwoPhaseLoad - done materializing entity [net.lojika.gtfs.model.RoutesCdkid#gtfs.line.1.66-1]
14:01:03.314 [main] DEBUG org.hibernate.engine.TwoPhaseLoad - resolving associations for [net.lojika.gtfs.model.RoutesCdkid#gtfs.line.1.66-0]
14:01:03.314 [main] DEBUG org.hibernate.engine.TwoPhaseLoad - done materializing entity [net.lojika.gtfs.model.RoutesCdkid#gtfs.line.1.66-0]
14:01:03.314 [main] DEBUG org.hibernate.engine.TwoPhaseLoad - resolving associations for [net.lojika.gtfs.model.Routes#istb.280630]
14:01:03.315 [main] DEBUG org.hibernate.engine.TwoPhaseLoad - done materializing entity [net.lojika.gtfs.model.Routes#istb.280630]
14:01:03.315 [main] DEBUG org.hibernate.engine.TwoPhaseLoad - resolving associations for [net.lojika.gtfs.model.RoutesCdkid#gtfs.line.1.62g-1]
14:01:03.315 [main] DEBUG org.hibernate.engine.TwoPhaseLoad - done materializing entity [net.lojika.gtfs.model.RoutesCdkid#gtfs.line.1.62g-1]
14:01:03.315 [main] DEBUG org.hibernate.engine.TwoPhaseLoad - resolving associations for [net.lojika.gtfs.model.RoutesCdkid#gtfs.line.1.62g-0]
14:01:03.315 [main] DEBUG org.hibernate.engine.TwoPhaseLoad - done materializing entity [net.lojika.gtfs.model.RoutesCdkid#gtfs.line.1.62g-0]
14:01:03.315 [main] DEBUG org.hibernate.engine.TwoPhaseLoad - resolving associations for [net.lojika.gtfs.model.Routes#istb.280628]
14:01:03.315 [main] DEBUG org.hibernate.engine.TwoPhaseLoad - done materializing entity [net.lojika.gtfs.model.Routes#istb.280628]
14:01:03.315 [main] DEBUG org.hibernate.engine.TwoPhaseLoad - resolving associations for [net.lojika.gtfs.model.RoutesCdkid#gtfs.line.1.61b-1]
14:01:03.315 [main] DEBUG org.hibernate.engine.TwoPhaseLoad - done materializing entity [net.lojika.gtfs.model.RoutesCdkid#gtfs.line.1.61b-1]
14:01:03.315 [main] DEBUG org.hibernate.engine.TwoPhaseLoad - resolving associations for [net.lojika.gtfs.model.Routes#istb.280627]
14:01:03.315 [main] DEBUG org.hibernate.engine.TwoPhaseLoad - done materializing entity [net.lojika.gtfs.model.Routes#istb.280627]
14:01:03.315 [main] DEBUG org.hibernate.engine.TwoPhaseLoad - resolving associations for [net.lojika.gtfs.model.RoutesCdkid#gtfs.line.1.6-1]
14:01:03.315 [main] DEBUG org.hibernate.engine.TwoPhaseLoad - done materializing entity [net.lojika.gtfs.model.RoutesCdkid#gtfs.line.1.6-1]
14:01:03.315 [main] DEBUG org.hibernate.engine.TwoPhaseLoad - resolving associations for [net.lojika.gtfs.model.RoutesCdkid#gtfs.line.1.6-0]
14:01:03.315 [main] DEBUG org.hibernate.engine.TwoPhaseLoad - done materializing entity [net.lojika.gtfs.model.RoutesCdkid#gtfs.line.1.6-0]
14:01:03.315 [main] DEBUG org.hibernate.engine.TwoPhaseLoad - resolving associations for [net.lojika.gtfs.model.Routes#istb.280626]
14:01:03.315 [main] DEBUG org.hibernate.engine.TwoPhaseLoad - done materializing entity [net.lojika.gtfs.model.Routes#istb.280626]
14:01:03.315 [main] DEBUG org.hibernate.engine.TwoPhaseLoad - resolving associations for [net.lojika.gtfs.model.RoutesCdkid#gtfs.line.1.59u-0]
14:01:03.315 [main] DEBUG org.hibernate.engine.TwoPhaseLoad - done materializing entity [net.lojika.gtfs.model.RoutesCdkid#gtfs.line.1.59u-0]
14:01:03.315 [main] DEBUG org.hibernate.engine.TwoPhaseLoad - resolving associations for [net.lojika.gtfs.model.Routes#istb.280625]
14:01:03.315 [main] DEBUG org.hibernate.engine.TwoPhaseLoad - done materializing entity [net.lojika.gtfs.model.Routes#istb.280625]
14:01:03.315 [main] DEBUG org.hibernate.engine.TwoPhaseLoad - resolving associations for [net.lojika.gtfs.model.RoutesCdkid#gtfs.line.1.59s-0]
14:01:03.316 [main] DEBUG org.hibernate.engine.TwoPhaseLoad - done materializing entity [net.lojika.gtfs.model.RoutesCdkid#gtfs.line.1.59s-0]
14:01:03.316 [main] DEBUG org.hibernate.engine.TwoPhaseLoad - resolving associations for [net.lojika.gtfs.model.Routes#istb.280624]
14:01:03.316 [main] DEBUG org.hibernate.engine.TwoPhaseLoad - done materializing entity [net.lojika.gtfs.model.Routes#istb.280624]
14:01:03.316 [main] DEBUG org.hibernate.engine.TwoPhaseLoad - resolving associations for [net.lojika.gtfs.model.RoutesCdkid#gtfs.line.1.59rs-1]
14:01:03.316 [main] DEBUG org.hibernate.engine.TwoPhaseLoad - done materializing entity [net.lojika.gtfs.model.RoutesCdkid#gtfs.line.1.59rs-1]
14:01:03.316 [main] DEBUG org.hibernate.engine.TwoPhaseLoad - resolving associations for [net.lojika.gtfs.model.RoutesCdkid#gtfs.line.1.59rs-0]
14:01:03.316 [main] DEBUG org.hibernate.engine.TwoPhaseLoad - done materializing entity [net.lojika.gtfs.model.RoutesCdkid#gtfs.line.1.59rs-0]
14:01:03.316 [main] DEBUG org.hibernate.engine.TwoPhaseLoad - resolving associations for [net.lojika.gtfs.model.Routes#istb.280623]
14:01:03.316 [main] DEBUG org.hibernate.engine.TwoPhaseLoad - done materializing entity [net.lojika.gtfs.model.Routes#istb.280623]
14:01:03.316 [main] DEBUG org.hibernate.engine.TwoPhaseLoad - resolving associations for [net.lojika.gtfs.model.RoutesCdkid#gtfs.line.1.59rk-1]
14:01:03.316 [main] DEBUG org.hibernate.engine.TwoPhaseLoad - done materializing entity [net.lojika.gtfs.model.RoutesCdkid#gtfs.line.1.59rk-1]
14:01:03.316 [main] DEBUG org.hibernate.engine.TwoPhaseLoad - resolving associations for [net.lojika.gtfs.model.RoutesCdkid#gtfs.line.1.59rk-0]
14:01:03.316 [main] DEBUG org.hibernate.engine.TwoPhaseLoad - done materializing entity [net.lojika.gtfs.model.RoutesCdkid#gtfs.line.1.59rk-0]
14:01:03.316 [main] DEBUG org.hibernate.engine.TwoPhaseLoad - resolving associations for [net.lojika.gtfs.model.Routes#istb.280622]
14:01:03.316 [main] DEBUG org.hibernate.engine.TwoPhaseLoad - done materializing entity [net.lojika.gtfs.model.Routes#istb.280622]
14:01:03.316 [main] DEBUG org.hibernate.engine.TwoPhaseLoad - resolving associations for [net.lojika.gtfs.model.RoutesCdkid#gtfs.line.1.59rh-1]
14:01:03.316 [main] DEBUG org.hibernate.engine.TwoPhaseLoad - done materializing entity [net.lojika.gtfs.model.RoutesCdkid#gtfs.line.1.59rh-1]
14:01:03.316 [main] DEBUG org.hibernate.engine.TwoPhaseLoad - resolving associations for [net.lojika.gtfs.model.RoutesCdkid#gtfs.line.1.59rh-0]
14:01:03.317 [main] DEBUG org.hibernate.engine.TwoPhaseLoad - done materializing entity [net.lojika.gtfs.model.RoutesCdkid#gtfs.line.1.59rh-0]
14:01:03.317 [main] DEBUG org.hibernate.engine.TwoPhaseLoad - resolving associations for [net.lojika.gtfs.model.Routes#istb.280621]
14:01:03.317 [main] DEBUG org.hibernate.engine.TwoPhaseLoad - done materializing entity [net.lojika.gtfs.model.Routes#istb.280621]
14:01:03.317 [main] DEBUG org.hibernate.engine.TwoPhaseLoad - resolving associations for [net.lojika.gtfs.model.RoutesCdkid#gtfs.line.1.59r-0]
14:01:03.317 [main] DEBUG org.hibernate.engine.TwoPhaseLoad - done materializing entity [net.lojika.gtfs.model.RoutesCdkid#gtfs.line.1.59r-0]
14:01:03.317 [main] DEBUG org.hibernate.engine.TwoPhaseLoad - resolving associations for [net.lojika.gtfs.model.Routes#istb.280620]
14:01:03.317 [main] DEBUG org.hibernate.engine.TwoPhaseLoad - done materializing entity [net.lojika.gtfs.model.Routes#istb.280620]
14:01:03.317 [main] DEBUG org.hibernate.engine.TwoPhaseLoad - resolving associations for [net.lojika.gtfs.model.RoutesCdkid#gtfs.line.1.59n-0]
14:01:03.317 [main] DEBUG org.hibernate.engine.TwoPhaseLoad - done materializing entity [net.lojika.gtfs.model.RoutesCdkid#gtfs.line.1.59n-0]
14:01:03.317 [main] DEBUG org.hibernate.engine.TwoPhaseLoad - resolving associations for [net.lojika.gtfs.model.Routes#istb.280619]
14:01:03.317 [main] DEBUG org.hibernate.engine.TwoPhaseLoad - done materializing entity [net.lojika.gtfs.model.Routes#istb.280619]
14:01:03.317 [main] DEBUG org.hibernate.engine.TwoPhaseLoad - resolving associations for [net.lojika.gtfs.model.RoutesCdkid#gtfs.line.1.59k-0]
14:01:03.317 [main] DEBUG org.hibernate.engine.TwoPhaseLoad - done materializing entity [net.lojika.gtfs.model.RoutesCdkid#gtfs.line.1.59k-0]
14:01:03.317 [main] DEBUG org.hibernate.engine.TwoPhaseLoad - resolving associations for [net.lojika.gtfs.model.Routes#istb.280618]
14:01:03.317 [main] DEBUG org.hibernate.engine.TwoPhaseLoad - done materializing entity [net.lojika.gtfs.model.Routes#istb.280618]
14:01:03.317 [main] DEBUG org.hibernate.engine.TwoPhaseLoad - resolving associations for [net.lojika.gtfs.model.RoutesCdkid#gtfs.line.1.59h-0]
14:01:03.317 [main] DEBUG org.hibernate.engine.TwoPhaseLoad - done materializing entity [net.lojika.gtfs.model.RoutesCdkid#gtfs.line.1.59h-0]
14:01:03.318 [main] DEBUG org.hibernate.engine.TwoPhaseLoad - resolving associations for [net.lojika.gtfs.model.Routes#istb.280617]
14:01:03.318 [main] DEBUG org.hibernate.engine.TwoPhaseLoad - done materializing entity [net.lojika.gtfs.model.Routes#istb.280617]
14:01:03.318 [main] DEBUG org.hibernate.engine.TwoPhaseLoad - resolving associations for [net.lojika.gtfs.model.RoutesCdkid#gtfs.line.1.59c-1]
14:01:03.318 [main] DEBUG org.hibernate.engine.TwoPhaseLoad - done materializing entity [net.lojika.gtfs.model.RoutesCdkid#gtfs.line.1.59c-1]
14:01:03.318 [main] DEBUG org.hibernate.engine.TwoPhaseLoad - resolving associations for [net.lojika.gtfs.model.Routes#istb.280555]
14:01:03.318 [main] DEBUG org.hibernate.engine.TwoPhaseLoad - done materializing entity [net.lojika.gtfs.model.Routes#istb.280555]
14:01:03.318 [main] DEBUG org.hibernate.engine.TwoPhaseLoad - resolving associations for [net.lojika.gtfs.model.RoutesCdkid#gtfs.line.1.42t-1]
14:01:03.318 [main] DEBUG org.hibernate.engine.TwoPhaseLoad - done materializing entity [net.lojika.gtfs.model.RoutesCdkid#gtfs.line.1.42t-1]
14:01:03.318 [main] DEBUG org.hibernate.engine.TwoPhaseLoad - resolving associations for [net.lojika.gtfs.model.RoutesCdkid#gtfs.line.1.42t-0]
14:01:03.318 [main] DEBUG org.hibernate.engine.TwoPhaseLoad - done materializing entity [net.lojika.gtfs.model.RoutesCdkid#gtfs.line.1.42t-0]
14:01:03.318 [main] DEBUG org.hibernate.engine.TwoPhaseLoad - resolving associations for [net.lojika.gtfs.model.Routes#istb.280554]
14:01:03.318 [main] DEBUG org.hibernate.engine.TwoPhaseLoad - done materializing entity [net.lojika.gtfs.model.Routes#istb.280554]
14:01:03.318 [main] DEBUG org.hibernate.engine.TwoPhaseLoad - resolving associations for [net.lojika.gtfs.model.RoutesCdkid#gtfs.line.1.42m-1]
14:01:03.318 [main] DEBUG org.hibernate.engine.TwoPhaseLoad - done materializing entity [net.lojika.gtfs.model.RoutesCdkid#gtfs.line.1.42m-1]
14:01:03.318 [main] DEBUG org.hibernate.engine.TwoPhaseLoad - resolving associations for [net.lojika.gtfs.model.RoutesCdkid#gtfs.line.1.42m-0]
14:01:03.318 [main] DEBUG org.hibernate.engine.TwoPhaseLoad - done materializing entity [net.lojika.gtfs.model.RoutesCdkid#gtfs.line.1.42m-0]
14:01:03.318 [main] DEBUG org.hibernate.engine.TwoPhaseLoad - resolving associations for [net.lojika.gtfs.model.Routes#istb.280553]
14:01:03.319 [main] DEBUG org.hibernate.engine.TwoPhaseLoad - done materializing entity [net.lojika.gtfs.model.Routes#istb.280553]
14:01:03.319 [main] DEBUG org.hibernate.engine.TwoPhaseLoad - resolving associations for [net.lojika.gtfs.model.RoutesCdkid#gtfs.line.1.42kt-1]
14:01:03.319 [main] DEBUG org.hibernate.engine.TwoPhaseLoad - done materializing entity [net.lojika.gtfs.model.RoutesCdkid#gtfs.line.1.42kt-1]
14:01:03.319 [main] DEBUG org.hibernate.engine.TwoPhaseLoad - resolving associations for [net.lojika.gtfs.model.RoutesCdkid#gtfs.line.1.42kt-0]
14:01:03.319 [main] DEBUG org.hibernate.engine.TwoPhaseLoad - done materializing entity [net.lojika.gtfs.model.RoutesCdkid#gtfs.line.1.42kt-0]
14:01:03.319 [main] DEBUG org.hibernate.engine.TwoPhaseLoad - resolving associations for [net.lojika.gtfs.model.Routes#istb.280552]
14:01:03.319 [main] DEBUG org.hibernate.engine.TwoPhaseLoad - done materializing entity [net.lojika.gtfs.model.Routes#istb.280552]
14:01:03.319 [main] DEBUG org.hibernate.engine.TwoPhaseLoad - resolving associations for [net.lojika.gtfs.model.RoutesCdkid#gtfs.line.1.42km-1]
14:01:03.319 [main] DEBUG org.hibernate.engine.TwoPhaseLoad - done materializing entity [net.lojika.gtfs.model.RoutesCdkid#gtfs.line.1.42km-1]
14:01:03.319 [main] DEBUG org.hibernate.engine.TwoPhaseLoad - resolving associations for [net.lojika.gtfs.model.RoutesCdkid#gtfs.line.1.42km-0]
14:01:03.319 [main] DEBUG org.hibernate.engine.TwoPhaseLoad - done materializing entity [net.lojika.gtfs.model.RoutesCdkid#gtfs.line.1.42km-0]
14:01:03.319 [main] DEBUG org.hibernate.engine.TwoPhaseLoad - resolving associations for [net.lojika.gtfs.model.Routes#istb.280551]
14:01:03.319 [main] DEBUG org.hibernate.engine.TwoPhaseLoad - done materializing entity [net.lojika.gtfs.model.Routes#istb.280551]
14:01:03.319 [main] DEBUG org.hibernate.engine.TwoPhaseLoad - resolving associations for [net.lojika.gtfs.model.RoutesCdkid#gtfs.line.1.42k-1]
14:01:03.320 [main] DEBUG org.hibernate.engine.TwoPhaseLoad - done materializing entity [net.lojika.gtfs.model.RoutesCdkid#gtfs.line.1.42k-1]
14:01:03.320 [main] DEBUG org.hibernate.engine.TwoPhaseLoad - resolving associations for [net.lojika.gtfs.model.RoutesCdkid#gtfs.line.1.42k-0]
14:01:03.320 [main] DEBUG org.hibernate.engine.TwoPhaseLoad - done materializing entity [net.lojika.gtfs.model.RoutesCdkid#gtfs.line.1.42k-0]
14:01:03.320 [main] DEBUG org.hibernate.engine.TwoPhaseLoad - resolving associations for [net.lojika.gtfs.model.Routes#istb.280550]
14:01:03.320 [main] DEBUG org.hibernate.engine.TwoPhaseLoad - done materializing entity [net.lojika.gtfs.model.Routes#istb.280550]
14:01:03.320 [main] DEBUG org.hibernate.engine.TwoPhaseLoad - resolving associations for [net.lojika.gtfs.model.RoutesCdkid#gtfs.line.1.42hm-1]
14:01:03.320 [main] DEBUG org.hibernate.engine.TwoPhaseLoad - done materializing entity [net.lojika.gtfs.model.RoutesCdkid#gtfs.line.1.42hm-1]
14:01:03.320 [main] DEBUG org.hibernate.engine.TwoPhaseLoad - resolving associations for [net.lojika.gtfs.model.RoutesCdkid#gtfs.line.1.42hm-0]
14:01:03.320 [main] DEBUG org.hibernate.engine.TwoPhaseLoad - done materializing entity [net.lojika.gtfs.model.RoutesCdkid#gtfs.line.1.42hm-0]
14:01:03.320 [main] DEBUG org.hibernate.engine.TwoPhaseLoad - resolving associations for [net.lojika.gtfs.model.Routes#istb.280549]
14:01:03.320 [main] DEBUG org.hibernate.engine.TwoPhaseLoad - done materializing entity [net.lojika.gtfs.model.Routes#istb.280549]
14:01:03.320 [main] DEBUG org.hibernate.engine.TwoPhaseLoad - resolving associations for [net.lojika.gtfs.model.RoutesCdkid#gtfs.line.1.429-1]
14:01:03.320 [main] DEBUG org.hibernate.engine.TwoPhaseLoad - done materializing entity [net.lojika.gtfs.model.RoutesCdkid#gtfs.line.1.429-1]
14:01:03.320 [main] DEBUG org.hibernate.engine.TwoPhaseLoad - resolving associations for [net.lojika.gtfs.model.RoutesCdkid#gtfs.line.1.429-0]
14:01:03.320 [main] DEBUG org.hibernate.engine.TwoPhaseLoad - done materializing entity [net.lojika.gtfs.model.RoutesCdkid#gtfs.line.1.429-0]
14:01:03.320 [main] DEBUG org.hibernate.engine.TwoPhaseLoad - resolving associations for [net.lojika.gtfs.model.Routes#istb.280548]
14:01:03.320 [main] DEBUG org.hibernate.engine.TwoPhaseLoad - done materializing entity [net.lojika.gtfs.model.Routes#istb.280548]
14:01:03.320 [main] DEBUG org.hibernate.engine.TwoPhaseLoad - resolving associations for [net.lojika.gtfs.model.RoutesCdkid#gtfs.line.1.42-1]
14:01:03.320 [main] DEBUG org.hibernate.engine.TwoPhaseLoad - done materializing entity [net.lojika.gtfs.model.RoutesCdkid#gtfs.line.1.42-1]
14:01:03.321 [main] DEBUG org.hibernate.engine.TwoPhaseLoad - resolving associations for [net.lojika.gtfs.model.RoutesCdkid#gtfs.line.1.42-0]
14:01:03.321 [main] DEBUG org.hibernate.engine.TwoPhaseLoad - done materializing entity [net.lojika.gtfs.model.RoutesCdkid#gtfs.line.1.42-0]
14:01:03.321 [main] DEBUG org.hibernate.engine.TwoPhaseLoad - resolving associations for [net.lojika.gtfs.model.Routes#istb.280547]
14:01:03.321 [main] DEBUG org.hibernate.engine.TwoPhaseLoad - done materializing entity [net.lojika.gtfs.model.Routes#istb.280547]
14:01:03.321 [main] DEBUG org.hibernate.engine.TwoPhaseLoad - resolving associations for [net.lojika.gtfs.model.RoutesCdkid#gtfs.line.1.41st-1]
14:01:03.321 [main] DEBUG org.hibernate.engine.TwoPhaseLoad - done materializing entity [net.lojika.gtfs.model.RoutesCdkid#gtfs.line.1.41st-1]
14:01:03.321 [main] DEBUG org.hibernate.engine.TwoPhaseLoad - resolving associations for [net.lojika.gtfs.model.RoutesCdkid#gtfs.line.1.41st-0]
14:01:03.321 [main] DEBUG org.hibernate.engine.TwoPhaseLoad - done materializing entity [net.lojika.gtfs.model.RoutesCdkid#gtfs.line.1.41st-0]
14:01:03.321 [main] DEBUG org.hibernate.engine.TwoPhaseLoad - resolving associations for [net.lojika.gtfs.model.Routes#istb.280546]
14:01:03.321 [main] DEBUG org.hibernate.engine.TwoPhaseLoad - done materializing entity [net.lojika.gtfs.model.Routes#istb.280546]
14:01:03.321 [main] DEBUG org.hibernate.engine.TwoPhaseLoad - resolving associations for [net.lojika.gtfs.model.RoutesCdkid#gtfs.line.1.41sm-1]
14:01:03.321 [main] DEBUG org.hibernate.engine.TwoPhaseLoad - done materializing entity [net.lojika.gtfs.model.RoutesCdkid#gtfs.line.1.41sm-1]
14:01:03.321 [main] DEBUG org.hibernate.engine.TwoPhaseLoad - resolving associations for [net.lojika.gtfs.model.RoutesCdkid#gtfs.line.1.41sm-0]
14:01:03.321 [main] DEBUG org.hibernate.engine.TwoPhaseLoad - done materializing entity [net.lojika.gtfs.model.RoutesCdkid#gtfs.line.1.41sm-0]
14:01:03.321 [main] DEBUG org.hibernate.engine.TwoPhaseLoad - resolving associations for [net.lojika.gtfs.model.Routes#istb.280545]
14:01:03.321 [main] DEBUG org.hibernate.engine.TwoPhaseLoad - done materializing entity [net.lojika.gtfs.model.Routes#istb.280545]
14:01:03.321 [main] DEBUG org.hibernate.engine.TwoPhaseLoad - resolving associations for [net.lojika.gtfs.model.RoutesCdkid#gtfs.line.1.41sf-1]
14:01:03.321 [main] DEBUG org.hibernate.engine.TwoPhaseLoad - done materializing entity [net.lojika.gtfs.model.RoutesCdkid#gtfs.line.1.41sf-1]
14:01:03.321 [main] DEBUG org.hibernate.engine.TwoPhaseLoad - resolving associations for [net.lojika.gtfs.model.RoutesCdkid#gtfs.line.1.41sf-0]
14:01:03.322 [main] DEBUG org.hibernate.engine.TwoPhaseLoad - done materializing entity [net.lojika.gtfs.model.RoutesCdkid#gtfs.line.1.41sf-0]
14:01:03.322 [main] DEBUG org.hibernate.engine.TwoPhaseLoad - resolving associations for [net.lojika.gtfs.model.Routes#istb.280541]
14:01:03.322 [main] DEBUG org.hibernate.engine.TwoPhaseLoad - done materializing entity [net.lojika.gtfs.model.Routes#istb.280541]
14:01:03.322 [main] DEBUG org.hibernate.engine.TwoPhaseLoad - resolving associations for [net.lojika.gtfs.model.RoutesCdkid#gtfs.line.1.41at-1]
14:01:03.322 [main] DEBUG org.hibernate.engine.TwoPhaseLoad - done materializing entity [net.lojika.gtfs.model.RoutesCdkid#gtfs.line.1.41at-1]
14:01:03.322 [main] DEBUG org.hibernate.engine.TwoPhaseLoad - resolving associations for [net.lojika.gtfs.model.RoutesCdkid#gtfs.line.1.41at-0]
14:01:03.322 [main] DEBUG org.hibernate.engine.TwoPhaseLoad - done materializing entity [net.lojika.gtfs.model.RoutesCdkid#gtfs.line.1.41at-0]
14:01:03.322 [main] DEBUG org.hibernate.engine.TwoPhaseLoad - resolving associations for [net.lojika.gtfs.model.Routes#istb.280540]
14:01:03.322 [main] DEBUG org.hibernate.engine.TwoPhaseLoad - done materializing entity [net.lojika.gtfs.model.Routes#istb.280540]
14:01:03.322 [main] DEBUG org.hibernate.engine.TwoPhaseLoad - resolving associations for [net.lojika.gtfs.model.RoutesCdkid#gtfs.line.1.418-1]
14:01:03.322 [main] DEBUG org.hibernate.engine.TwoPhaseLoad - done materializing entity [net.lojika.gtfs.model.RoutesCdkid#gtfs.line.1.418-1]
14:01:03.322 [main] DEBUG org.hibernate.engine.TwoPhaseLoad - resolving associations for [net.lojika.gtfs.model.RoutesCdkid#gtfs.line.1.418-0]
14:01:03.322 [main] DEBUG org.hibernate.engine.TwoPhaseLoad - done materializing entity [net.lojika.gtfs.model.RoutesCdkid#gtfs.line.1.418-0]
14:01:03.322 [main] DEBUG org.hibernate.engine.TwoPhaseLoad - resolving associations for [net.lojika.gtfs.model.Routes#istb.280539]
14:01:03.322 [main] DEBUG org.hibernate.engine.TwoPhaseLoad - done materializing entity [net.lojika.gtfs.model.Routes#istb.280539]
14:01:03.322 [main] DEBUG org.hibernate.engine.TwoPhaseLoad - resolving associations for [net.lojika.gtfs.model.RoutesCdkid#gtfs.line.1.41-1]
14:01:03.322 [main] DEBUG org.hibernate.engine.TwoPhaseLoad - done materializing entity [net.lojika.gtfs.model.RoutesCdkid#gtfs.line.1.41-1]
14:01:03.322 [main] DEBUG org.hibernate.engine.TwoPhaseLoad - resolving associations for [net.lojika.gtfs.model.RoutesCdkid#gtfs.line.1.41-0]
14:01:03.322 [main] DEBUG org.hibernate.engine.TwoPhaseLoad - done materializing entity [net.lojika.gtfs.model.RoutesCdkid#gtfs.line.1.41-0]
14:01:03.323 [main] DEBUG org.hibernate.engine.TwoPhaseLoad - resolving associations for [net.lojika.gtfs.model.Routes#istb.280538]
14:01:03.323 [main] DEBUG org.hibernate.engine.TwoPhaseLoad - done materializing entity [net.lojika.gtfs.model.Routes#istb.280538]
14:01:03.323 [main] DEBUG org.hibernate.engine.TwoPhaseLoad - resolving associations for [net.lojika.gtfs.model.RoutesCdkid#gtfs.line.1.40t-1]
14:01:03.323 [main] DEBUG org.hibernate.engine.TwoPhaseLoad - done materializing entity [net.lojika.gtfs.model.RoutesCdkid#gtfs.line.1.40t-1]
14:01:03.323 [main] DEBUG org.hibernate.engine.TwoPhaseLoad - resolving associations for [net.lojika.gtfs.model.RoutesCdkid#gtfs.line.1.40t-0]
14:01:03.323 [main] DEBUG org.hibernate.engine.TwoPhaseLoad - done materializing entity [net.lojika.gtfs.model.RoutesCdkid#gtfs.line.1.40t-0]
14:01:03.323 [main] DEBUG org.hibernate.engine.TwoPhaseLoad - resolving associations for [net.lojika.gtfs.model.Routes#istb.280537]
14:01:03.323 [main] DEBUG org.hibernate.engine.TwoPhaseLoad - done materializing entity [net.lojika.gtfs.model.Routes#istb.280537]
14:01:03.323 [main] DEBUG org.hibernate.engine.TwoPhaseLoad - resolving associations for [net.lojika.gtfs.model.RoutesCdkid#gtfs.line.1.40b-1]
14:01:03.323 [main] DEBUG org.hibernate.engine.TwoPhaseLoad - done materializing entity [net.lojika.gtfs.model.RoutesCdkid#gtfs.line.1.40b-1]
14:01:03.323 [main] DEBUG org.hibernate.engine.TwoPhaseLoad - resolving associations for [net.lojika.gtfs.model.RoutesCdkid#gtfs.line.1.40b-0]
14:01:03.323 [main] DEBUG org.hibernate.engine.TwoPhaseLoad - done materializing entity [net.lojika.gtfs.model.RoutesCdkid#gtfs.line.1.40b-0]
14:01:03.323 [main] DEBUG org.hibernate.engine.TwoPhaseLoad - resolving associations for [net.lojika.gtfs.model.Routes#istb.280536]
14:01:03.323 [main] DEBUG org.hibernate.engine.TwoPhaseLoad - done materializing entity [net.lojika.gtfs.model.Routes#istb.280536]
14:01:03.323 [main] DEBUG org.hibernate.engine.TwoPhaseLoad - resolving associations for [net.lojika.gtfs.model.RoutesCdkid#gtfs.line.1.404-1]
14:01:03.323 [main] DEBUG org.hibernate.engine.TwoPhaseLoad - done materializing entity [net.lojika.gtfs.model.RoutesCdkid#gtfs.line.1.404-1]
14:01:03.323 [main] DEBUG org.hibernate.engine.TwoPhaseLoad - resolving associations for [net.lojika.gtfs.model.RoutesCdkid#gtfs.line.1.404-0]
14:01:03.323 [main] DEBUG org.hibernate.engine.TwoPhaseLoad - done materializing entity [net.lojika.gtfs.model.RoutesCdkid#gtfs.line.1.404-0]
14:01:03.323 [main] DEBUG org.hibernate.engine.TwoPhaseLoad - resolving associations for [net.lojika.gtfs.model.Routes#istb.280535]
14:01:03.324 [main] DEBUG org.hibernate.engine.TwoPhaseLoad - done materializing entity [net.lojika.gtfs.model.Routes#istb.280535]
14:01:03.324 [main] DEBUG org.hibernate.engine.TwoPhaseLoad - resolving associations for [net.lojika.gtfs.model.RoutesCdkid#gtfs.line.1.403-1]
14:01:03.324 [main] DEBUG org.hibernate.engine.TwoPhaseLoad - done materializing entity [net.lojika.gtfs.model.RoutesCdkid#gtfs.line.1.403-1]
14:01:03.324 [main] DEBUG org.hibernate.engine.TwoPhaseLoad - resolving associations for [net.lojika.gtfs.model.RoutesCdkid#gtfs.line.1.403-0]
14:01:03.324 [main] DEBUG org.hibernate.engine.TwoPhaseLoad - done materializing entity [net.lojika.gtfs.model.RoutesCdkid#gtfs.line.1.403-0]
14:01:03.324 [main] DEBUG org.hibernate.engine.TwoPhaseLoad - resolving associations for [net.lojika.gtfs.model.Routes#istb.280534]
14:01:03.324 [main] DEBUG org.hibernate.engine.TwoPhaseLoad - done materializing entity [net.lojika.gtfs.model.Routes#istb.280534]
14:01:03.324 [main] DEBUG org.hibernate.engine.TwoPhaseLoad - resolving associations for [net.lojika.gtfs.model.RoutesCdkid#gtfs.line.1.402-1]
14:01:03.324 [main] DEBUG org.hibernate.engine.TwoPhaseLoad - done materializing entity [net.lojika.gtfs.model.RoutesCdkid#gtfs.line.1.402-1]
14:01:03.324 [main] DEBUG org.hibernate.engine.TwoPhaseLoad - resolving associations for [net.lojika.gtfs.model.RoutesCdkid#gtfs.line.1.402-0]
14:01:03.324 [main] DEBUG org.hibernate.engine.TwoPhaseLoad - done materializing entity [net.lojika.gtfs.model.RoutesCdkid#gtfs.line.1.402-0]
14:01:03.324 [main] DEBUG org.hibernate.engine.TwoPhaseLoad - resolving associations for [net.lojika.gtfs.model.Routes#istb.280533]
14:01:03.324 [main] DEBUG org.hibernate.engine.TwoPhaseLoad - done materializing entity [net.lojika.gtfs.model.Routes#istb.280533]
14:01:03.324 [main] DEBUG org.hibernate.engine.TwoPhaseLoad - resolving associations for [net.lojika.gtfs.model.RoutesCdkid#gtfs.line.1.401t-1]
14:01:03.324 [main] DEBUG org.hibernate.engine.TwoPhaseLoad - done materializing entity [net.lojika.gtfs.model.RoutesCdkid#gtfs.line.1.401t-1]
14:01:03.324 [main] DEBUG org.hibernate.engine.TwoPhaseLoad - resolving associations for [net.lojika.gtfs.model.RoutesCdkid#gtfs.line.1.401t-0]
14:01:03.324 [main] DEBUG org.hibernate.engine.TwoPhaseLoad - done materializing entity [net.lojika.gtfs.model.RoutesCdkid#gtfs.line.1.401t-0]
14:01:03.324 [main] DEBUG org.hibernate.engine.TwoPhaseLoad - resolving associations for [net.lojika.gtfs.model.Routes#istb.280532]
14:01:03.325 [main] DEBUG org.hibernate.engine.TwoPhaseLoad - done materializing entity [net.lojika.gtfs.model.Routes#istb.280532]
14:01:03.325 [main] DEBUG org.hibernate.engine.TwoPhaseLoad - resolving associations for [net.lojika.gtfs.model.RoutesCdkid#gtfs.line.1.401-1]
14:01:03.325 [main] DEBUG org.hibernate.engine.TwoPhaseLoad - done materializing entity [net.lojika.gtfs.model.RoutesCdkid#gtfs.line.1.401-1]
14:01:03.325 [main] DEBUG org.hibernate.engine.TwoPhaseLoad - resolving associations for [net.lojika.gtfs.model.RoutesCdkid#gtfs.line.1.401-0]
14:01:03.325 [main] DEBUG org.hibernate.engine.TwoPhaseLoad - done materializing entity [net.lojika.gtfs.model.RoutesCdkid#gtfs.line.1.401-0]
14:01:03.325 [main] DEBUG org.hibernate.engine.TwoPhaseLoad - resolving associations for [net.lojika.gtfs.model.Routes#istb.280531]
14:01:03.325 [main] DEBUG org.hibernate.engine.TwoPhaseLoad - done materializing entity [net.lojika.gtfs.model.Routes#istb.280531]
14:01:03.325 [main] DEBUG org.hibernate.engine.TwoPhaseLoad - resolving associations for [net.lojika.gtfs.model.RoutesCdkid#gtfs.line.1.400a-1]
14:01:03.325 [main] DEBUG org.hibernate.engine.TwoPhaseLoad - done materializing entity [net.lojika.gtfs.model.RoutesCdkid#gtfs.line.1.400a-1]
14:01:03.325 [main] DEBUG org.hibernate.engine.TwoPhaseLoad - resolving associations for [net.lojika.gtfs.model.RoutesCdkid#gtfs.line.1.400a-0]
14:01:03.325 [main] DEBUG org.hibernate.engine.TwoPhaseLoad - done materializing entity [net.lojika.gtfs.model.RoutesCdkid#gtfs.line.1.400a-0]
14:01:03.325 [main] DEBUG org.hibernate.engine.TwoPhaseLoad - resolving associations for [net.lojika.gtfs.model.Routes#istb.280530]
14:01:03.325 [main] DEBUG org.hibernate.engine.TwoPhaseLoad - done materializing entity [net.lojika.gtfs.model.Routes#istb.280530]
14:01:03.325 [main] DEBUG org.hibernate.engine.TwoPhaseLoad - resolving associations for [net.lojika.gtfs.model.RoutesCdkid#gtfs.line.1.400-0]
14:01:03.325 [main] DEBUG org.hibernate.engine.TwoPhaseLoad - done materializing entity [net.lojika.gtfs.model.RoutesCdkid#gtfs.line.1.400-0]
14:01:03.325 [main] DEBUG org.hibernate.engine.TwoPhaseLoad - resolving associations for [net.lojika.gtfs.model.Routes#istb.280529]
14:01:03.325 [main] DEBUG org.hibernate.engine.TwoPhaseLoad - done materializing entity [net.lojika.gtfs.model.Routes#istb.280529]
14:01:03.325 [main] DEBUG org.hibernate.engine.TwoPhaseLoad - resolving associations for [net.lojika.gtfs.model.RoutesCdkid#gtfs.line.1.40-1]
14:01:03.326 [main] DEBUG org.hibernate.engine.TwoPhaseLoad - done materializing entity [net.lojika.gtfs.model.RoutesCdkid#gtfs.line.1.40-1]
14:01:03.326 [main] DEBUG org.hibernate.engine.TwoPhaseLoad - resolving associations for [net.lojika.gtfs.model.RoutesCdkid#gtfs.line.1.40-0]
14:01:03.326 [main] DEBUG org.hibernate.engine.TwoPhaseLoad - done materializing entity [net.lojika.gtfs.model.RoutesCdkid#gtfs.line.1.40-0]
14:01:03.326 [main] DEBUG org.hibernate.engine.TwoPhaseLoad - resolving associations for [net.lojika.gtfs.model.Routes#istb.280528]
14:01:03.326 [main] DEBUG org.hibernate.engine.TwoPhaseLoad - done materializing entity [net.lojika.gtfs.model.Routes#istb.280528]
14:01:03.326 [main] DEBUG org.hibernate.engine.TwoPhaseLoad - resolving associations for [net.lojika.gtfs.model.RoutesCdkid#gtfs.line.1.4-0]
14:01:03.326 [main] DEBUG org.hibernate.engine.TwoPhaseLoad - done materializing entity [net.lojika.gtfs.model.RoutesCdkid#gtfs.line.1.4-0]
14:01:03.326 [main] DEBUG org.hibernate.engine.TwoPhaseLoad - resolving associations for [net.lojika.gtfs.model.Routes#istb.280527]
14:01:03.326 [main] DEBUG org.hibernate.engine.TwoPhaseLoad - done materializing entity [net.lojika.gtfs.model.Routes#istb.280527]
14:01:03.326 [main] DEBUG org.hibernate.engine.TwoPhaseLoad - resolving associations for [net.lojika.gtfs.model.RoutesCdkid#gtfs.line.1.3b-0]
14:01:03.326 [main] DEBUG org.hibernate.engine.TwoPhaseLoad - done materializing entity [net.lojika.gtfs.model.RoutesCdkid#gtfs.line.1.3b-0]
14:01:03.326 [main] DEBUG org.hibernate.engine.TwoPhaseLoad - resolving associations for [net.lojika.gtfs.model.Routes#istb.280526]
14:01:03.326 [main] DEBUG org.hibernate.engine.TwoPhaseLoad - done materializing entity [net.lojika.gtfs.model.Routes#istb.280526]
14:01:03.326 [main] DEBUG org.hibernate.engine.TwoPhaseLoad - resolving associations for [net.lojika.gtfs.model.RoutesCdkid#gtfs.line.1.3a-0]
14:01:03.326 [main] DEBUG org.hibernate.engine.TwoPhaseLoad - done materializing entity [net.lojika.gtfs.model.RoutesCdkid#gtfs.line.1.3a-0]
14:01:03.326 [main] DEBUG org.hibernate.engine.TwoPhaseLoad - resolving associations for [net.lojika.gtfs.model.Routes#istb.280525]
14:01:03.326 [main] DEBUG org.hibernate.engine.TwoPhaseLoad - done materializing entity [net.lojika.gtfs.model.Routes#istb.280525]
14:01:03.326 [main] DEBUG org.hibernate.engine.TwoPhaseLoad - resolving associations for [net.lojika.gtfs.model.RoutesCdkid#gtfs.line.1.39-1]
14:01:03.327 [main] DEBUG org.hibernate.engine.TwoPhaseLoad - done materializing entity [net.lojika.gtfs.model.RoutesCdkid#gtfs.line.1.39-1]
14:01:03.327 [main] DEBUG org.hibernate.engine.TwoPhaseLoad - resolving associations for [net.lojika.gtfs.model.RoutesCdkid#gtfs.line.1.39-0]
14:01:03.327 [main] DEBUG org.hibernate.engine.TwoPhaseLoad - done materializing entity [net.lojika.gtfs.model.RoutesCdkid#gtfs.line.1.39-0]
14:01:03.327 [main] DEBUG org.hibernate.engine.TwoPhaseLoad - resolving associations for [net.lojika.gtfs.model.Routes#istb.280524]
14:01:03.327 [main] DEBUG org.hibernate.engine.TwoPhaseLoad - done materializing entity [net.lojika.gtfs.model.Routes#istb.280524]
14:01:03.327 [main] DEBUG org.hibernate.engine.TwoPhaseLoad - resolving associations for [net.lojika.gtfs.model.RoutesCdkid#gtfs.line.1.39y-1]
14:01:03.327 [main] DEBUG org.hibernate.engine.TwoPhaseLoad - done materializing entity [net.lojika.gtfs.model.RoutesCdkid#gtfs.line.1.39y-1]
14:01:03.327 [main] DEBUG org.hibernate.engine.TwoPhaseLoad - resolving associations for [net.lojika.gtfs.model.RoutesCdkid#gtfs.line.1.39y-0]
14:01:03.327 [main] DEBUG org.hibernate.engine.TwoPhaseLoad - done materializing entity [net.lojika.gtfs.model.RoutesCdkid#gtfs.line.1.39y-0]
14:01:03.327 [main] DEBUG org.hibernate.engine.TwoPhaseLoad - resolving associations for [net.lojika.gtfs.model.Routes#istb.280523]
14:01:03.327 [main] DEBUG org.hibernate.engine.TwoPhaseLoad - done materializing entity [net.lojika.gtfs.model.Routes#istb.280523]
14:01:03.327 [main] DEBUG org.hibernate.engine.TwoPhaseLoad - resolving associations for [net.lojika.gtfs.model.RoutesCdkid#gtfs.line.1.39o-1]
14:01:03.327 [main] DEBUG org.hibernate.engine.TwoPhaseLoad - done materializing entity [net.lojika.gtfs.model.RoutesCdkid#gtfs.line.1.39o-1]
14:01:03.327 [main] DEBUG org.hibernate.engine.TwoPhaseLoad - resolving associations for [net.lojika.gtfs.model.RoutesCdkid#gtfs.line.1.39o-0]
14:01:03.327 [main] DEBUG org.hibernate.engine.TwoPhaseLoad - done materializing entity [net.lojika.gtfs.model.RoutesCdkid#gtfs.line.1.39o-0]
14:01:03.327 [main] DEBUG org.hibernate.engine.TwoPhaseLoad - resolving associations for [net.lojika.gtfs.model.Routes#istb.280522]
14:01:03.327 [main] DEBUG org.hibernate.engine.TwoPhaseLoad - done materializing entity [net.lojika.gtfs.model.Routes#istb.280522]
14:01:03.328 [main] DEBUG org.hibernate.engine.TwoPhaseLoad - resolving associations for [net.lojika.gtfs.model.RoutesCdkid#gtfs.line.1.39d-1]
14:01:03.328 [main] DEBUG org.hibernate.engine.TwoPhaseLoad - done materializing entity [net.lojika.gtfs.model.RoutesCdkid#gtfs.line.1.39d-1]
14:01:03.328 [main] DEBUG org.hibernate.engine.TwoPhaseLoad - resolving associations for [net.lojika.gtfs.model.RoutesCdkid#gtfs.line.1.39d-0]
14:01:03.328 [main] DEBUG org.hibernate.engine.TwoPhaseLoad - done materializing entity [net.lojika.gtfs.model.RoutesCdkid#gtfs.line.1.39d-0]
14:01:03.328 [main] DEBUG org.hibernate.engine.TwoPhaseLoad - resolving associations for [net.lojika.gtfs.model.Routes#istb.280521]
14:01:03.328 [main] DEBUG org.hibernate.engine.TwoPhaseLoad - done materializing entity [net.lojika.gtfs.model.Routes#istb.280521]
14:01:03.328 [main] DEBUG org.hibernate.engine.TwoPhaseLoad - resolving associations for [net.lojika.gtfs.model.RoutesCdkid#gtfs.line.1.39b-1]
14:01:03.328 [main] DEBUG org.hibernate.engine.TwoPhaseLoad - done materializing entity [net.lojika.gtfs.model.RoutesCdkid#gtfs.line.1.39b-1]
14:01:03.328 [main] DEBUG org.hibernate.engine.TwoPhaseLoad - resolving associations for [net.lojika.gtfs.model.RoutesCdkid#gtfs.line.1.39b-0]
14:01:03.328 [main] DEBUG org.hibernate.engine.TwoPhaseLoad - done materializing entity [net.lojika.gtfs.model.RoutesCdkid#gtfs.line.1.39b-0]
14:01:03.328 [main] DEBUG org.hibernate.engine.TwoPhaseLoad - resolving associations for [net.lojika.gtfs.model.Routes#istb.280520]
14:01:03.328 [main] DEBUG org.hibernate.engine.TwoPhaseLoad - done materializing entity [net.lojika.gtfs.model.Routes#istb.280520]
14:01:03.328 [main] DEBUG org.hibernate.engine.TwoPhaseLoad - resolving associations for [net.lojika.gtfs.model.RoutesCdkid#gtfs.line.1.399c-1]
14:01:03.328 [main] DEBUG org.hibernate.engine.TwoPhaseLoad - done materializing entity [net.lojika.gtfs.model.RoutesCdkid#gtfs.line.1.399c-1]
14:01:03.328 [main] DEBUG org.hibernate.engine.TwoPhaseLoad - resolving associations for [net.lojika.gtfs.model.RoutesCdkid#gtfs.line.1.399c-0]
14:01:03.328 [main] DEBUG org.hibernate.engine.TwoPhaseLoad - done materializing entity [net.lojika.gtfs.model.RoutesCdkid#gtfs.line.1.399c-0]
14:01:03.328 [main] DEBUG org.hibernate.engine.TwoPhaseLoad - resolving associations for [net.lojika.gtfs.model.Routes#istb.280519]
14:01:03.328 [main] DEBUG org.hibernate.engine.TwoPhaseLoad - done materializing entity [net.lojika.gtfs.model.Routes#istb.280519]
14:01:03.328 [main] DEBUG org.hibernate.engine.TwoPhaseLoad - resolving associations for [net.lojika.gtfs.model.RoutesCdkid#gtfs.line.1.399b-1]
14:01:03.329 [main] DEBUG org.hibernate.engine.TwoPhaseLoad - done materializing entity [net.lojika.gtfs.model.RoutesCdkid#gtfs.line.1.399b-1]
14:01:03.329 [main] DEBUG org.hibernate.engine.TwoPhaseLoad - resolving associations for [net.lojika.gtfs.model.RoutesCdkid#gtfs.line.1.399b-0]
14:01:03.329 [main] DEBUG org.hibernate.engine.TwoPhaseLoad - done materializing entity [net.lojika.gtfs.model.RoutesCdkid#gtfs.line.1.399b-0]
14:01:03.329 [main] DEBUG org.hibernate.engine.TwoPhaseLoad - resolving associations for [net.lojika.gtfs.model.Routes#istb.280517]
14:01:03.329 [main] DEBUG org.hibernate.engine.TwoPhaseLoad - done materializing entity [net.lojika.gtfs.model.Routes#istb.280517]
14:01:03.329 [main] DEBUG org.hibernate.engine.TwoPhaseLoad - resolving associations for [net.lojika.gtfs.model.RoutesCdkid#gtfs.line.1.38z-1]
14:01:03.329 [main] DEBUG org.hibernate.engine.TwoPhaseLoad - done materializing entity [net.lojika.gtfs.model.RoutesCdkid#gtfs.line.1.38z-1]
14:01:03.329 [main] DEBUG org.hibernate.engine.TwoPhaseLoad - resolving associations for [net.lojika.gtfs.model.RoutesCdkid#gtfs.line.1.38z-0]
14:01:03.329 [main] DEBUG org.hibernate.engine.TwoPhaseLoad - done materializing entity [net.lojika.gtfs.model.RoutesCdkid#gtfs.line.1.38z-0]
14:01:03.329 [main] DEBUG org.hibernate.engine.TwoPhaseLoad - resolving associations for [net.lojika.gtfs.model.Routes#istb.280516]
14:01:03.329 [main] DEBUG org.hibernate.engine.TwoPhaseLoad - done materializing entity [net.lojika.gtfs.model.Routes#istb.280516]
14:01:03.329 [main] DEBUG org.hibernate.engine.TwoPhaseLoad - resolving associations for [net.lojika.gtfs.model.RoutesCdkid#gtfs.line.1.38e-1]
14:01:03.329 [main] DEBUG org.hibernate.engine.TwoPhaseLoad - done materializing entity [net.lojika.gtfs.model.RoutesCdkid#gtfs.line.1.38e-1]
14:01:03.329 [main] DEBUG org.hibernate.engine.TwoPhaseLoad - resolving associations for [net.lojika.gtfs.model.RoutesCdkid#gtfs.line.1.38e-0]
14:01:03.329 [main] DEBUG org.hibernate.engine.TwoPhaseLoad - done materializing entity [net.lojika.gtfs.model.RoutesCdkid#gtfs.line.1.38e-0]
14:01:03.329 [main] DEBUG org.hibernate.engine.TwoPhaseLoad - resolving associations for [net.lojika.gtfs.model.Routes#istb.280515]
14:01:03.329 [main] DEBUG org.hibernate.engine.TwoPhaseLoad - done materializing entity [net.lojika.gtfs.model.Routes#istb.280515]
14:01:03.329 [main] DEBUG org.hibernate.engine.TwoPhaseLoad - resolving associations for [net.lojika.gtfs.model.RoutesCdkid#gtfs.line.1.38b-1]
14:01:03.329 [main] DEBUG org.hibernate.engine.TwoPhaseLoad - done materializing entity [net.lojika.gtfs.model.RoutesCdkid#gtfs.line.1.38b-1]
14:01:03.329 [main] DEBUG org.hibernate.engine.TwoPhaseLoad - resolving associations for [net.lojika.gtfs.model.RoutesCdkid#gtfs.line.1.38b-0]
14:01:03.330 [main] DEBUG org.hibernate.engine.TwoPhaseLoad - done materializing entity [net.lojika.gtfs.model.RoutesCdkid#gtfs.line.1.38b-0]
14:01:03.330 [main] DEBUG org.hibernate.engine.TwoPhaseLoad - resolving associations for [net.lojika.gtfs.model.Routes#istb.280514]
14:01:03.330 [main] DEBUG org.hibernate.engine.TwoPhaseLoad - done materializing entity [net.lojika.gtfs.model.Routes#istb.280514]
14:01:03.330 [main] DEBUG org.hibernate.engine.TwoPhaseLoad - resolving associations for [net.lojika.gtfs.model.RoutesCdkid#gtfs.line.1.38-1]
14:01:03.330 [main] DEBUG org.hibernate.engine.TwoPhaseLoad - done materializing entity [net.lojika.gtfs.model.RoutesCdkid#gtfs.line.1.38-1]
14:01:03.330 [main] DEBUG org.hibernate.engine.TwoPhaseLoad - resolving associations for [net.lojika.gtfs.model.RoutesCdkid#gtfs.line.1.38-0]
14:01:03.330 [main] DEBUG org.hibernate.engine.TwoPhaseLoad - done materializing entity [net.lojika.gtfs.model.RoutesCdkid#gtfs.line.1.38-0]
14:01:03.330 [main] DEBUG org.hibernate.engine.TwoPhaseLoad - resolving associations for [net.lojika.gtfs.model.Routes#istb.280513]
14:01:03.330 [main] DEBUG org.hibernate.engine.TwoPhaseLoad - done materializing entity [net.lojika.gtfs.model.Routes#istb.280513]
14:01:03.330 [main] DEBUG org.hibernate.engine.TwoPhaseLoad - resolving associations for [net.lojika.gtfs.model.RoutesCdkid#gtfs.line.1.37y-1]
14:01:03.330 [main] DEBUG org.hibernate.engine.TwoPhaseLoad - done materializing entity [net.lojika.gtfs.model.RoutesCdkid#gtfs.line.1.37y-1]
14:01:03.330 [main] DEBUG org.hibernate.engine.TwoPhaseLoad - resolving associations for [net.lojika.gtfs.model.RoutesCdkid#gtfs.line.1.37y-0]
14:01:03.330 [main] DEBUG org.hibernate.engine.TwoPhaseLoad - done materializing entity [net.lojika.gtfs.model.RoutesCdkid#gtfs.line.1.37y-0]
14:01:03.330 [main] DEBUG org.hibernate.engine.TwoPhaseLoad - resolving associations for [net.lojika.gtfs.model.Routes#istb.280512]
14:01:03.330 [main] DEBUG org.hibernate.engine.TwoPhaseLoad - done materializing entity [net.lojika.gtfs.model.Routes#istb.280512]
14:01:03.330 [main] DEBUG org.hibernate.engine.TwoPhaseLoad - resolving associations for [net.lojika.gtfs.model.RoutesCdkid#gtfs.line.1.37t-1]
14:01:03.330 [main] DEBUG org.hibernate.engine.TwoPhaseLoad - done materializing entity [net.lojika.gtfs.model.RoutesCdkid#gtfs.line.1.37t-1]
14:01:03.330 [main] DEBUG org.hibernate.engine.TwoPhaseLoad - resolving associations for [net.lojika.gtfs.model.RoutesCdkid#gtfs.line.1.37t-0]
14:01:03.330 [main] DEBUG org.hibernate.engine.TwoPhaseLoad - done materializing entity [net.lojika.gtfs.model.RoutesCdkid#gtfs.line.1.37t-0]
14:01:03.331 [main] DEBUG org.hibernate.engine.TwoPhaseLoad - resolving associations for [net.lojika.gtfs.model.Routes#istb.280511]
14:01:03.331 [main] DEBUG org.hibernate.engine.TwoPhaseLoad - done materializing entity [net.lojika.gtfs.model.Routes#istb.280511]
14:01:03.331 [main] DEBUG org.hibernate.engine.TwoPhaseLoad - resolving associations for [net.lojika.gtfs.model.RoutesCdkid#gtfs.line.1.37m-1]
14:01:03.331 [main] DEBUG org.hibernate.engine.TwoPhaseLoad - done materializing entity [net.lojika.gtfs.model.RoutesCdkid#gtfs.line.1.37m-1]
14:01:03.331 [main] DEBUG org.hibernate.engine.TwoPhaseLoad - resolving associations for [net.lojika.gtfs.model.RoutesCdkid#gtfs.line.1.37m-0]
14:01:03.331 [main] DEBUG org.hibernate.engine.TwoPhaseLoad - done materializing entity [net.lojika.gtfs.model.RoutesCdkid#gtfs.line.1.37m-0]
14:01:03.331 [main] DEBUG org.hibernate.engine.TwoPhaseLoad - resolving associations for [net.lojika.gtfs.model.Routes#istb.280510]
14:01:03.331 [main] DEBUG org.hibernate.engine.TwoPhaseLoad - done materializing entity [net.lojika.gtfs.model.Routes#istb.280510]
14:01:03.331 [main] DEBUG org.hibernate.engine.TwoPhaseLoad - resolving associations for [net.lojika.gtfs.model.RoutesCdkid#gtfs.line.1.37e-1]
14:01:03.331 [main] DEBUG org.hibernate.engine.TwoPhaseLoad - done materializing entity [net.lojika.gtfs.model.RoutesCdkid#gtfs.line.1.37e-1]
14:01:03.331 [main] DEBUG org.hibernate.engine.TwoPhaseLoad - resolving associations for [net.lojika.gtfs.model.RoutesCdkid#gtfs.line.1.37e-0]
14:01:03.331 [main] DEBUG org.hibernate.engine.TwoPhaseLoad - done materializing entity [net.lojika.gtfs.model.RoutesCdkid#gtfs.line.1.37e-0]
14:01:03.331 [main] DEBUG org.hibernate.engine.TwoPhaseLoad - resolving associations for [net.lojika.gtfs.model.Routes#istb.280509]
14:01:03.331 [main] DEBUG org.hibernate.engine.TwoPhaseLoad - done materializing entity [net.lojika.gtfs.model.Routes#istb.280509]
14:01:03.331 [main] DEBUG org.hibernate.engine.TwoPhaseLoad - resolving associations for [net.lojika.gtfs.model.RoutesCdkid#gtfs.line.1.37a-1]
14:01:03.331 [main] DEBUG org.hibernate.engine.TwoPhaseLoad - done materializing entity [net.lojika.gtfs.model.RoutesCdkid#gtfs.line.1.37a-1]
14:01:03.331 [main] DEBUG org.hibernate.engine.TwoPhaseLoad - resolving associations for [net.lojika.gtfs.model.RoutesCdkid#gtfs.line.1.37a-0]
14:01:03.331 [main] DEBUG org.hibernate.engine.TwoPhaseLoad - done materializing entity [net.lojika.gtfs.model.RoutesCdkid#gtfs.line.1.37a-0]
14:01:03.331 [main] DEBUG org.hibernate.engine.TwoPhaseLoad - resolving associations for [net.lojika.gtfs.model.Routes#istb.280508]
14:01:03.332 [main] DEBUG org.hibernate.engine.TwoPhaseLoad - done materializing entity [net.lojika.gtfs.model.Routes#istb.280508]
14:01:03.332 [main] DEBUG org.hibernate.engine.TwoPhaseLoad - resolving associations for [net.lojika.gtfs.model.RoutesCdkid#gtfs.line.1.36v-1]
14:01:03.332 [main] DEBUG org.hibernate.engine.TwoPhaseLoad - done materializing entity [net.lojika.gtfs.model.RoutesCdkid#gtfs.line.1.36v-1]
14:01:03.332 [main] DEBUG org.hibernate.engine.TwoPhaseLoad - resolving associations for [net.lojika.gtfs.model.RoutesCdkid#gtfs.line.1.36v-0]
14:01:03.332 [main] DEBUG org.hibernate.engine.TwoPhaseLoad - done materializing entity [net.lojika.gtfs.model.RoutesCdkid#gtfs.line.1.36v-0]
14:01:03.332 [main] DEBUG org.hibernate.engine.TwoPhaseLoad - resolving associations for [net.lojika.gtfs.model.Routes#istb.280507]
14:01:03.332 [main] DEBUG org.hibernate.engine.TwoPhaseLoad - done materializing entity [net.lojika.gtfs.model.Routes#istb.280507]
14:01:03.332 [main] DEBUG org.hibernate.engine.TwoPhaseLoad - resolving associations for [net.lojika.gtfs.model.RoutesCdkid#gtfs.line.1.36t-1]
14:01:03.332 [main] DEBUG org.hibernate.engine.TwoPhaseLoad - done materializing entity [net.lojika.gtfs.model.RoutesCdkid#gtfs.line.1.36t-1]
14:01:03.332 [main] DEBUG org.hibernate.engine.TwoPhaseLoad - resolving associations for [net.lojika.gtfs.model.RoutesCdkid#gtfs.line.1.36t-0]
14:01:03.332 [main] DEBUG org.hibernate.engine.TwoPhaseLoad - done materializing entity [net.lojika.gtfs.model.RoutesCdkid#gtfs.line.1.36t-0]
14:01:03.332 [main] DEBUG org.hibernate.engine.TwoPhaseLoad - resolving associations for [net.lojika.gtfs.model.Routes#istb.280506]
14:01:03.332 [main] DEBUG org.hibernate.engine.TwoPhaseLoad - done materializing entity [net.lojika.gtfs.model.Routes#istb.280506]
14:01:03.332 [main] DEBUG org.hibernate.engine.TwoPhaseLoad - resolving associations for [net.lojika.gtfs.model.RoutesCdkid#gtfs.line.1.36s-0]
14:01:03.332 [main] DEBUG org.hibernate.engine.TwoPhaseLoad - done materializing entity [net.lojika.gtfs.model.RoutesCdkid#gtfs.line.1.36s-0]
14:01:03.332 [main] DEBUG org.hibernate.engine.TwoPhaseLoad - resolving associations for [net.lojika.gtfs.model.Routes#istb.280505]
14:01:03.332 [main] DEBUG org.hibernate.engine.TwoPhaseLoad - done materializing entity [net.lojika.gtfs.model.Routes#istb.280505]
14:01:03.332 [main] DEBUG org.hibernate.engine.TwoPhaseLoad - resolving associations for [net.lojika.gtfs.model.RoutesCdkid#gtfs.line.1.36m-1]
14:01:03.332 [main] DEBUG org.hibernate.engine.TwoPhaseLoad - done materializing entity [net.lojika.gtfs.model.RoutesCdkid#gtfs.line.1.36m-1]
14:01:03.332 [main] DEBUG org.hibernate.engine.TwoPhaseLoad - resolving associations for [net.lojika.gtfs.model.RoutesCdkid#gtfs.line.1.36m-0]
14:01:03.333 [main] DEBUG org.hibernate.engine.TwoPhaseLoad - done materializing entity [net.lojika.gtfs.model.RoutesCdkid#gtfs.line.1.36m-0]
14:01:03.333 [main] DEBUG org.hibernate.engine.TwoPhaseLoad - resolving associations for [net.lojika.gtfs.model.Routes#istb.280504]
14:01:03.333 [main] DEBUG org.hibernate.engine.TwoPhaseLoad - done materializing entity [net.lojika.gtfs.model.Routes#istb.280504]
14:01:03.333 [main] DEBUG org.hibernate.engine.TwoPhaseLoad - resolving associations for [net.lojika.gtfs.model.RoutesCdkid#gtfs.line.1.36l-1]
14:01:03.333 [main] DEBUG org.hibernate.engine.TwoPhaseLoad - done materializing entity [net.lojika.gtfs.model.RoutesCdkid#gtfs.line.1.36l-1]
14:01:03.333 [main] DEBUG org.hibernate.engine.TwoPhaseLoad - resolving associations for [net.lojika.gtfs.model.RoutesCdkid#gtfs.line.1.36l-0]
14:01:03.333 [main] DEBUG org.hibernate.engine.TwoPhaseLoad - done materializing entity [net.lojika.gtfs.model.RoutesCdkid#gtfs.line.1.36l-0]
14:01:03.333 [main] DEBUG org.hibernate.engine.TwoPhaseLoad - resolving associations for [net.lojika.gtfs.model.Routes#istb.280503]
14:01:03.333 [main] DEBUG org.hibernate.engine.TwoPhaseLoad - done materializing entity [net.lojika.gtfs.model.Routes#istb.280503]
14:01:03.333 [main] DEBUG org.hibernate.engine.TwoPhaseLoad - resolving associations for [net.lojika.gtfs.model.RoutesCdkid#gtfs.line.1.36ke-1]
14:01:03.333 [main] DEBUG org.hibernate.engine.TwoPhaseLoad - done materializing entity [net.lojika.gtfs.model.RoutesCdkid#gtfs.line.1.36ke-1]
14:01:03.333 [main] DEBUG org.hibernate.engine.TwoPhaseLoad - resolving associations for [net.lojika.gtfs.model.RoutesCdkid#gtfs.line.1.36ke-0]
14:01:03.333 [main] DEBUG org.hibernate.engine.TwoPhaseLoad - done materializing entity [net.lojika.gtfs.model.RoutesCdkid#gtfs.line.1.36ke-0]
14:01:03.333 [main] DEBUG org.hibernate.engine.TwoPhaseLoad - resolving associations for [net.lojika.gtfs.model.Routes#istb.280502]
14:01:03.333 [main] DEBUG org.hibernate.engine.TwoPhaseLoad - done materializing entity [net.lojika.gtfs.model.Routes#istb.280502]
14:01:03.333 [main] DEBUG org.hibernate.engine.TwoPhaseLoad - resolving associations for [net.lojika.gtfs.model.RoutesCdkid#gtfs.line.1.36ht-1]
14:01:03.333 [main] DEBUG org.hibernate.engine.TwoPhaseLoad - done materializing entity [net.lojika.gtfs.model.RoutesCdkid#gtfs.line.1.36ht-1]
14:01:03.333 [main] DEBUG org.hibernate.engine.TwoPhaseLoad - resolving associations for [net.lojika.gtfs.model.RoutesCdkid#gtfs.line.1.36ht-0]
14:01:03.334 [main] DEBUG org.hibernate.engine.TwoPhaseLoad - done materializing entity [net.lojika.gtfs.model.RoutesCdkid#gtfs.line.1.36ht-0]
14:01:03.334 [main] DEBUG org.hibernate.engine.TwoPhaseLoad - resolving associations for [net.lojika.gtfs.model.Routes#istb.280501]
14:01:03.334 [main] DEBUG org.hibernate.engine.TwoPhaseLoad - done materializing entity [net.lojika.gtfs.model.Routes#istb.280501]
14:01:03.334 [main] DEBUG org.hibernate.engine.TwoPhaseLoad - resolving associations for [net.lojika.gtfs.model.RoutesCdkid#gtfs.line.1.36es-1]
14:01:03.334 [main] DEBUG org.hibernate.engine.TwoPhaseLoad - done materializing entity [net.lojika.gtfs.model.RoutesCdkid#gtfs.line.1.36es-1]
14:01:03.334 [main] DEBUG org.hibernate.engine.TwoPhaseLoad - resolving associations for [net.lojika.gtfs.model.RoutesCdkid#gtfs.line.1.36es-0]
14:01:03.334 [main] DEBUG org.hibernate.engine.TwoPhaseLoad - done materializing entity [net.lojika.gtfs.model.RoutesCdkid#gtfs.line.1.36es-0]
14:01:03.334 [main] DEBUG org.hibernate.engine.TwoPhaseLoad - resolving associations for [net.lojika.gtfs.model.Routes#istb.280499]
14:01:03.334 [main] DEBUG org.hibernate.engine.TwoPhaseLoad - done materializing entity [net.lojika.gtfs.model.Routes#istb.280499]
14:01:03.334 [main] DEBUG org.hibernate.engine.TwoPhaseLoad - resolving associations for [net.lojika.gtfs.model.RoutesCdkid#gtfs.line.1.36e-1]
14:01:03.334 [main] DEBUG org.hibernate.engine.TwoPhaseLoad - done materializing entity [net.lojika.gtfs.model.RoutesCdkid#gtfs.line.1.36e-1]
14:01:03.334 [main] DEBUG org.hibernate.engine.TwoPhaseLoad - resolving associations for [net.lojika.gtfs.model.RoutesCdkid#gtfs.line.1.36e-0]
14:01:03.334 [main] DEBUG org.hibernate.engine.TwoPhaseLoad - done materializing entity [net.lojika.gtfs.model.RoutesCdkid#gtfs.line.1.36e-0]
14:01:03.334 [main] DEBUG org.hibernate.engine.TwoPhaseLoad - resolving associations for [net.lojika.gtfs.model.Routes#istb.280498]
14:01:03.334 [main] DEBUG org.hibernate.engine.TwoPhaseLoad - done materializing entity [net.lojika.gtfs.model.Routes#istb.280498]
14:01:03.334 [main] DEBUG org.hibernate.engine.TwoPhaseLoad - resolving associations for [net.lojika.gtfs.model.RoutesCdkid#gtfs.line.1.36c-1]
14:01:03.334 [main] DEBUG org.hibernate.engine.TwoPhaseLoad - done materializing entity [net.lojika.gtfs.model.RoutesCdkid#gtfs.line.1.36c-1]
14:01:03.334 [main] DEBUG org.hibernate.engine.TwoPhaseLoad - resolving associations for [net.lojika.gtfs.model.RoutesCdkid#gtfs.line.1.36c-0]
14:01:03.334 [main] DEBUG org.hibernate.engine.TwoPhaseLoad - done materializing entity [net.lojika.gtfs.model.RoutesCdkid#gtfs.line.1.36c-0]
14:01:03.334 [main] DEBUG org.hibernate.engine.TwoPhaseLoad - resolving associations for [net.lojika.gtfs.model.Routes#istb.280497]
14:01:03.335 [main] DEBUG org.hibernate.engine.TwoPhaseLoad - done materializing entity [net.lojika.gtfs.model.Routes#istb.280497]
14:01:03.335 [main] DEBUG org.hibernate.engine.TwoPhaseLoad - resolving associations for [net.lojika.gtfs.model.RoutesCdkid#gtfs.line.1.36cy-1]
14:01:03.335 [main] DEBUG org.hibernate.engine.TwoPhaseLoad - done materializing entity [net.lojika.gtfs.model.RoutesCdkid#gtfs.line.1.36cy-1]
14:01:03.335 [main] DEBUG org.hibernate.engine.TwoPhaseLoad - resolving associations for [net.lojika.gtfs.model.RoutesCdkid#gtfs.line.1.36cy-0]
14:01:03.335 [main] DEBUG org.hibernate.engine.TwoPhaseLoad - done materializing entity [net.lojika.gtfs.model.RoutesCdkid#gtfs.line.1.36cy-0]
14:01:03.335 [main] DEBUG org.hibernate.engine.TwoPhaseLoad - resolving associations for [net.lojika.gtfs.model.Routes#istb.280496]
14:01:03.335 [main] DEBUG org.hibernate.engine.TwoPhaseLoad - done materializing entity [net.lojika.gtfs.model.Routes#istb.280496]
14:01:03.335 [main] DEBUG org.hibernate.engine.TwoPhaseLoad - resolving associations for [net.lojika.gtfs.model.RoutesCdkid#gtfs.line.1.36ce-1]
14:01:03.335 [main] DEBUG org.hibernate.engine.TwoPhaseLoad - done materializing entity [net.lojika.gtfs.model.RoutesCdkid#gtfs.line.1.36ce-1]
14:01:03.335 [main] DEBUG org.hibernate.engine.TwoPhaseLoad - resolving associations for [net.lojika.gtfs.model.RoutesCdkid#gtfs.line.1.36ce-0]
14:01:03.335 [main] DEBUG org.hibernate.engine.TwoPhaseLoad - done materializing entity [net.lojika.gtfs.model.RoutesCdkid#gtfs.line.1.36ce-0]
14:01:03.335 [main] DEBUG org.hibernate.engine.TwoPhaseLoad - resolving associations for [net.lojika.gtfs.model.Routes#istb.280494]
14:01:03.335 [main] DEBUG org.hibernate.engine.TwoPhaseLoad - done materializing entity [net.lojika.gtfs.model.Routes#istb.280494]
14:01:03.335 [main] DEBUG org.hibernate.engine.TwoPhaseLoad - resolving associations for [net.lojika.gtfs.model.RoutesCdkid#gtfs.line.1.36b-1]
14:01:03.335 [main] DEBUG org.hibernate.engine.TwoPhaseLoad - done materializing entity [net.lojika.gtfs.model.RoutesCdkid#gtfs.line.1.36b-1]
14:01:03.335 [main] DEBUG org.hibernate.engine.TwoPhaseLoad - resolving associations for [net.lojika.gtfs.model.RoutesCdkid#gtfs.line.1.36b-0]
14:01:03.335 [main] DEBUG org.hibernate.engine.TwoPhaseLoad - done materializing entity [net.lojika.gtfs.model.RoutesCdkid#gtfs.line.1.36b-0]
14:01:03.335 [main] DEBUG org.hibernate.engine.TwoPhaseLoad - resolving associations for [net.lojika.gtfs.model.Routes#istb.280492]
14:01:03.336 [main] DEBUG org.hibernate.engine.TwoPhaseLoad - done materializing entity [net.lojika.gtfs.model.Routes#istb.280492]
14:01:03.336 [main] DEBUG org.hibernate.engine.TwoPhaseLoad - resolving associations for [net.lojika.gtfs.model.RoutesCdkid#gtfs.line.1.36ay-0]
14:01:03.336 [main] DEBUG org.hibernate.engine.TwoPhaseLoad - done materializing entity [net.lojika.gtfs.model.RoutesCdkid#gtfs.line.1.36ay-0]
14:01:03.336 [main] DEBUG org.hibernate.engine.TwoPhaseLoad - resolving associations for [net.lojika.gtfs.model.Routes#istb.280490]
14:01:03.336 [main] DEBUG org.hibernate.engine.TwoPhaseLoad - done materializing entity [net.lojika.gtfs.model.Routes#istb.280490]
14:01:03.336 [main] DEBUG org.hibernate.engine.TwoPhaseLoad - resolving associations for [net.lojika.gtfs.model.RoutesCdkid#gtfs.line.1.36a-1]
14:01:03.336 [main] DEBUG org.hibernate.engine.TwoPhaseLoad - done materializing entity [net.lojika.gtfs.model.RoutesCdkid#gtfs.line.1.36a-1]
14:01:03.336 [main] DEBUG org.hibernate.engine.TwoPhaseLoad - resolving associations for [net.lojika.gtfs.model.RoutesCdkid#gtfs.line.1.36a-0]
14:01:03.336 [main] DEBUG org.hibernate.engine.TwoPhaseLoad - done materializing entity [net.lojika.gtfs.model.RoutesCdkid#gtfs.line.1.36a-0]
14:01:03.336 [main] DEBUG org.hibernate.engine.TwoPhaseLoad - resolving associations for [net.lojika.gtfs.model.Routes#istb.280489]
14:01:03.336 [main] DEBUG org.hibernate.engine.TwoPhaseLoad - done materializing entity [net.lojika.gtfs.model.Routes#istb.280489]
14:01:03.336 [main] DEBUG org.hibernate.engine.TwoPhaseLoad - resolving associations for [net.lojika.gtfs.model.RoutesCdkid#gtfs.line.1.36-1]
14:01:03.336 [main] DEBUG org.hibernate.engine.TwoPhaseLoad - done materializing entity [net.lojika.gtfs.model.RoutesCdkid#gtfs.line.1.36-1]
14:01:03.336 [main] DEBUG org.hibernate.engine.TwoPhaseLoad - resolving associations for [net.lojika.gtfs.model.RoutesCdkid#gtfs.line.1.36-0]
14:01:03.336 [main] DEBUG org.hibernate.engine.TwoPhaseLoad - done materializing entity [net.lojika.gtfs.model.RoutesCdkid#gtfs.line.1.36-0]
14:01:03.336 [main] DEBUG org.hibernate.engine.TwoPhaseLoad - resolving associations for [net.lojika.gtfs.model.Routes#istb.280488]
14:01:03.336 [main] DEBUG org.hibernate.engine.TwoPhaseLoad - done materializing entity [net.lojika.gtfs.model.Routes#istb.280488]
14:01:03.336 [main] DEBUG org.hibernate.engine.TwoPhaseLoad - resolving associations for [net.lojika.gtfs.model.RoutesCdkid#gtfs.line.1.35d-1]
14:01:03.336 [main] DEBUG org.hibernate.engine.TwoPhaseLoad - done materializing entity [net.lojika.gtfs.model.RoutesCdkid#gtfs.line.1.35d-1]
14:01:03.336 [main] DEBUG org.hibernate.engine.TwoPhaseLoad - resolving associations for [net.lojika.gtfs.model.RoutesCdkid#gtfs.line.1.35d-0]
14:01:03.337 [main] DEBUG org.hibernate.engine.TwoPhaseLoad - done materializing entity [net.lojika.gtfs.model.RoutesCdkid#gtfs.line.1.35d-0]
14:01:03.337 [main] DEBUG org.hibernate.engine.TwoPhaseLoad - resolving associations for [net.lojika.gtfs.model.Routes#istb.280487]
14:01:03.337 [main] DEBUG org.hibernate.engine.TwoPhaseLoad - done materializing entity [net.lojika.gtfs.model.Routes#istb.280487]
14:01:03.337 [main] DEBUG org.hibernate.engine.TwoPhaseLoad - resolving associations for [net.lojika.gtfs.model.RoutesCdkid#gtfs.line.1.35c-1]
14:01:03.337 [main] DEBUG org.hibernate.engine.TwoPhaseLoad - done materializing entity [net.lojika.gtfs.model.RoutesCdkid#gtfs.line.1.35c-1]
14:01:03.337 [main] DEBUG org.hibernate.engine.TwoPhaseLoad - resolving associations for [net.lojika.gtfs.model.RoutesCdkid#gtfs.line.1.35c-0]
14:01:03.337 [main] DEBUG org.hibernate.engine.TwoPhaseLoad - done materializing entity [net.lojika.gtfs.model.RoutesCdkid#gtfs.line.1.35c-0]
14:01:03.337 [main] DEBUG org.hibernate.engine.TwoPhaseLoad - resolving associations for [net.lojika.gtfs.model.Routes#istb.280486]
14:01:03.337 [main] DEBUG org.hibernate.engine.TwoPhaseLoad - done materializing entity [net.lojika.gtfs.model.Routes#istb.280486]
14:01:03.337 [main] DEBUG org.hibernate.engine.TwoPhaseLoad - resolving associations for [net.lojika.gtfs.model.RoutesCdkid#gtfs.line.1.35a-1]
14:01:03.337 [main] DEBUG org.hibernate.engine.TwoPhaseLoad - done materializing entity [net.lojika.gtfs.model.RoutesCdkid#gtfs.line.1.35a-1]
14:01:03.337 [main] DEBUG org.hibernate.engine.TwoPhaseLoad - resolving associations for [net.lojika.gtfs.model.Routes#istb.280485]
14:01:03.337 [main] DEBUG org.hibernate.engine.TwoPhaseLoad - done materializing entity [net.lojika.gtfs.model.Routes#istb.280485]
14:01:03.337 [main] DEBUG org.hibernate.engine.TwoPhaseLoad - resolving associations for [net.lojika.gtfs.model.RoutesCdkid#gtfs.line.1.35-1]
14:01:03.337 [main] DEBUG org.hibernate.engine.TwoPhaseLoad - done materializing entity [net.lojika.gtfs.model.RoutesCdkid#gtfs.line.1.35-1]
14:01:03.337 [main] DEBUG org.hibernate.engine.TwoPhaseLoad - resolving associations for [net.lojika.gtfs.model.RoutesCdkid#gtfs.line.1.35-0]
14:01:03.337 [main] DEBUG org.hibernate.engine.TwoPhaseLoad - done materializing entity [net.lojika.gtfs.model.RoutesCdkid#gtfs.line.1.35-0]
14:01:03.337 [main] DEBUG org.hibernate.engine.TwoPhaseLoad - resolving associations for [net.lojika.gtfs.model.Routes#istb.280483]
14:01:03.338 [main] DEBUG org.hibernate.engine.TwoPhaseLoad - done materializing entity [net.lojika.gtfs.model.Routes#istb.280483]
14:01:03.338 [main] DEBUG org.hibernate.engine.TwoPhaseLoad - resolving associations for [net.lojika.gtfs.model.RoutesCdkid#gtfs.line.1.33y-1]
14:01:03.338 [main] DEBUG org.hibernate.engine.TwoPhaseLoad - done materializing entity [net.lojika.gtfs.model.RoutesCdkid#gtfs.line.1.33y-1]
14:01:03.338 [main] DEBUG org.hibernate.engine.TwoPhaseLoad - resolving associations for [net.lojika.gtfs.model.RoutesCdkid#gtfs.line.1.33y-0]
14:01:03.338 [main] DEBUG org.hibernate.engine.TwoPhaseLoad - done materializing entity [net.lojika.gtfs.model.RoutesCdkid#gtfs.line.1.33y-0]
14:01:03.338 [main] DEBUG org.hibernate.engine.TwoPhaseLoad - resolving associations for [net.lojika.gtfs.model.Routes#istb.280480]
14:01:03.338 [main] DEBUG org.hibernate.engine.TwoPhaseLoad - done materializing entity [net.lojika.gtfs.model.Routes#istb.280480]
14:01:03.338 [main] DEBUG org.hibernate.engine.TwoPhaseLoad - resolving associations for [net.lojika.gtfs.model.RoutesCdkid#gtfs.line.1.33m-1]
14:01:03.338 [main] DEBUG org.hibernate.engine.TwoPhaseLoad - done materializing entity [net.lojika.gtfs.model.RoutesCdkid#gtfs.line.1.33m-1]
14:01:03.338 [main] DEBUG org.hibernate.engine.TwoPhaseLoad - resolving associations for [net.lojika.gtfs.model.RoutesCdkid#gtfs.line.1.33m-0]
14:01:03.338 [main] DEBUG org.hibernate.engine.TwoPhaseLoad - done materializing entity [net.lojika.gtfs.model.RoutesCdkid#gtfs.line.1.33m-0]
14:01:03.338 [main] DEBUG org.hibernate.engine.TwoPhaseLoad - resolving associations for [net.lojika.gtfs.model.Routes#istb.280479]
14:01:03.338 [main] DEBUG org.hibernate.engine.TwoPhaseLoad - done materializing entity [net.lojika.gtfs.model.Routes#istb.280479]
14:01:03.338 [main] DEBUG org.hibernate.engine.TwoPhaseLoad - resolving associations for [net.lojika.gtfs.model.RoutesCdkid#gtfs.line.1.33es-1]
14:01:03.338 [main] DEBUG org.hibernate.engine.TwoPhaseLoad - done materializing entity [net.lojika.gtfs.model.RoutesCdkid#gtfs.line.1.33es-1]
14:01:03.338 [main] DEBUG org.hibernate.engine.TwoPhaseLoad - resolving associations for [net.lojika.gtfs.model.RoutesCdkid#gtfs.line.1.33es-0]
14:01:03.338 [main] DEBUG org.hibernate.engine.TwoPhaseLoad - done materializing entity [net.lojika.gtfs.model.RoutesCdkid#gtfs.line.1.33es-0]
14:01:03.338 [main] DEBUG org.hibernate.engine.TwoPhaseLoad - resolving associations for [net.lojika.gtfs.model.Routes#istb.280478]
14:01:03.339 [main] DEBUG org.hibernate.engine.TwoPhaseLoad - done materializing entity [net.lojika.gtfs.model.Routes#istb.280478]
14:01:03.339 [main] DEBUG org.hibernate.engine.TwoPhaseLoad - resolving associations for [net.lojika.gtfs.model.RoutesCdkid#gtfs.line.1.33e-1]
14:01:03.339 [main] DEBUG org.hibernate.engine.TwoPhaseLoad - done materializing entity [net.lojika.gtfs.model.RoutesCdkid#gtfs.line.1.33e-1]
14:01:03.339 [main] DEBUG org.hibernate.engine.TwoPhaseLoad - resolving associations for [net.lojika.gtfs.model.RoutesCdkid#gtfs.line.1.33e-0]
14:01:03.339 [main] DEBUG org.hibernate.engine.TwoPhaseLoad - done materializing entity [net.lojika.gtfs.model.RoutesCdkid#gtfs.line.1.33e-0]
14:01:03.339 [main] DEBUG org.hibernate.engine.TwoPhaseLoad - resolving associations for [net.lojika.gtfs.model.Routes#istb.280477]
14:01:03.339 [main] DEBUG org.hibernate.engine.TwoPhaseLoad - done materializing entity [net.lojika.gtfs.model.Routes#istb.280477]
14:01:03.339 [main] DEBUG org.hibernate.engine.TwoPhaseLoad - resolving associations for [net.lojika.gtfs.model.RoutesCdkid#gtfs.line.1.33b-1]
14:01:03.339 [main] DEBUG org.hibernate.engine.TwoPhaseLoad - done materializing entity [net.lojika.gtfs.model.RoutesCdkid#gtfs.line.1.33b-1]
14:01:03.339 [main] DEBUG org.hibernate.engine.TwoPhaseLoad - resolving associations for [net.lojika.gtfs.model.RoutesCdkid#gtfs.line.1.33b-0]
14:01:03.339 [main] DEBUG org.hibernate.engine.TwoPhaseLoad - done materializing entity [net.lojika.gtfs.model.RoutesCdkid#gtfs.line.1.33b-0]
14:01:03.339 [main] DEBUG org.hibernate.engine.TwoPhaseLoad - resolving associations for [net.lojika.gtfs.model.Routes#istb.280476]
14:01:03.339 [main] DEBUG org.hibernate.engine.TwoPhaseLoad - done materializing entity [net.lojika.gtfs.model.Routes#istb.280476]
14:01:03.339 [main] DEBUG org.hibernate.engine.TwoPhaseLoad - resolving associations for [net.lojika.gtfs.model.RoutesCdkid#gtfs.line.1.336m-1]
14:01:03.339 [main] DEBUG org.hibernate.engine.TwoPhaseLoad - done materializing entity [net.lojika.gtfs.model.RoutesCdkid#gtfs.line.1.336m-1]
14:01:03.339 [main] DEBUG org.hibernate.engine.TwoPhaseLoad - resolving associations for [net.lojika.gtfs.model.RoutesCdkid#gtfs.line.1.336m-0]
14:01:03.339 [main] DEBUG org.hibernate.engine.TwoPhaseLoad - done materializing entity [net.lojika.gtfs.model.RoutesCdkid#gtfs.line.1.336m-0]
14:01:03.339 [main] DEBUG org.hibernate.engine.TwoPhaseLoad - resolving associations for [net.lojika.gtfs.model.Routes#istb.280475]
14:01:03.340 [main] DEBUG org.hibernate.engine.TwoPhaseLoad - done materializing entity [net.lojika.gtfs.model.Routes#istb.280475]
14:01:03.340 [main] DEBUG org.hibernate.engine.TwoPhaseLoad - resolving associations for [net.lojika.gtfs.model.RoutesCdkid#gtfs.line.1.336t-1]
14:01:03.340 [main] DEBUG org.hibernate.engine.TwoPhaseLoad - done materializing entity [net.lojika.gtfs.model.RoutesCdkid#gtfs.line.1.336t-1]
14:01:03.340 [main] DEBUG org.hibernate.engine.TwoPhaseLoad - resolving associations for [net.lojika.gtfs.model.RoutesCdkid#gtfs.line.1.336t-0]
14:01:03.340 [main] DEBUG org.hibernate.engine.TwoPhaseLoad - done materializing entity [net.lojika.gtfs.model.RoutesCdkid#gtfs.line.1.336t-0]
14:01:03.340 [main] DEBUG org.hibernate.engine.TwoPhaseLoad - resolving associations for [net.lojika.gtfs.model.Routes#istb.280474]
14:01:03.340 [main] DEBUG org.hibernate.engine.TwoPhaseLoad - done materializing entity [net.lojika.gtfs.model.Routes#istb.280474]
14:01:03.340 [main] DEBUG org.hibernate.engine.TwoPhaseLoad - resolving associations for [net.lojika.gtfs.model.RoutesCdkid#gtfs.line.1.336h-1]
14:01:03.340 [main] DEBUG org.hibernate.engine.TwoPhaseLoad - done materializing entity [net.lojika.gtfs.model.RoutesCdkid#gtfs.line.1.336h-1]
14:01:03.340 [main] DEBUG org.hibernate.engine.TwoPhaseLoad - resolving associations for [net.lojika.gtfs.model.RoutesCdkid#gtfs.line.1.336h-0]
14:01:03.340 [main] DEBUG org.hibernate.engine.TwoPhaseLoad - done materializing entity [net.lojika.gtfs.model.RoutesCdkid#gtfs.line.1.336h-0]
14:01:03.340 [main] DEBUG org.hibernate.engine.TwoPhaseLoad - resolving associations for [net.lojika.gtfs.model.Routes#istb.280473]
14:01:03.340 [main] DEBUG org.hibernate.engine.TwoPhaseLoad - done materializing entity [net.lojika.gtfs.model.Routes#istb.280473]
14:01:03.340 [main] DEBUG org.hibernate.engine.TwoPhaseLoad - resolving associations for [net.lojika.gtfs.model.RoutesCdkid#gtfs.line.1.336e-1]
14:01:03.340 [main] DEBUG org.hibernate.engine.TwoPhaseLoad - done materializing entity [net.lojika.gtfs.model.RoutesCdkid#gtfs.line.1.336e-1]
14:01:03.340 [main] DEBUG org.hibernate.engine.TwoPhaseLoad - resolving associations for [net.lojika.gtfs.model.RoutesCdkid#gtfs.line.1.336e-0]
14:01:03.340 [main] DEBUG org.hibernate.engine.TwoPhaseLoad - done materializing entity [net.lojika.gtfs.model.RoutesCdkid#gtfs.line.1.336e-0]
14:01:03.340 [main] DEBUG org.hibernate.engine.TwoPhaseLoad - resolving associations for [net.lojika.gtfs.model.Routes#istb.280472]
14:01:03.340 [main] DEBUG org.hibernate.engine.TwoPhaseLoad - done materializing entity [net.lojika.gtfs.model.Routes#istb.280472]
14:01:03.341 [main] DEBUG org.hibernate.engine.TwoPhaseLoad - resolving associations for [net.lojika.gtfs.model.RoutesCdkid#gtfs.line.1.336d-1]
14:01:03.341 [main] DEBUG org.hibernate.engine.TwoPhaseLoad - done materializing entity [net.lojika.gtfs.model.RoutesCdkid#gtfs.line.1.336d-1]
14:01:03.341 [main] DEBUG org.hibernate.engine.TwoPhaseLoad - resolving associations for [net.lojika.gtfs.model.RoutesCdkid#gtfs.line.1.336d-0]
14:01:03.341 [main] DEBUG org.hibernate.engine.TwoPhaseLoad - done materializing entity [net.lojika.gtfs.model.RoutesCdkid#gtfs.line.1.336d-0]
14:01:03.341 [main] DEBUG org.hibernate.engine.TwoPhaseLoad - resolving associations for [net.lojika.gtfs.model.Routes#istb.280470]
14:01:03.341 [main] DEBUG org.hibernate.engine.TwoPhaseLoad - done materializing entity [net.lojika.gtfs.model.Routes#istb.280470]
14:01:03.341 [main] DEBUG org.hibernate.engine.TwoPhaseLoad - resolving associations for [net.lojika.gtfs.model.RoutesCdkid#gtfs.line.1.336a-1]
14:01:03.341 [main] DEBUG org.hibernate.engine.TwoPhaseLoad - done materializing entity [net.lojika.gtfs.model.RoutesCdkid#gtfs.line.1.336a-1]
14:01:03.341 [main] DEBUG org.hibernate.engine.TwoPhaseLoad - resolving associations for [net.lojika.gtfs.model.RoutesCdkid#gtfs.line.1.336a-0]
14:01:03.341 [main] DEBUG org.hibernate.engine.TwoPhaseLoad - done materializing entity [net.lojika.gtfs.model.RoutesCdkid#gtfs.line.1.336a-0]
14:01:03.341 [main] DEBUG org.hibernate.engine.TwoPhaseLoad - resolving associations for [net.lojika.gtfs.model.Routes#istb.280469]
14:01:03.341 [main] DEBUG org.hibernate.engine.TwoPhaseLoad - done materializing entity [net.lojika.gtfs.model.Routes#istb.280469]
14:01:03.341 [main] DEBUG org.hibernate.engine.TwoPhaseLoad - resolving associations for [net.lojika.gtfs.model.RoutesCdkid#gtfs.line.1.33-1]
14:01:03.341 [main] DEBUG org.hibernate.engine.TwoPhaseLoad - done materializing entity [net.lojika.gtfs.model.RoutesCdkid#gtfs.line.1.33-1]
14:01:03.341 [main] DEBUG org.hibernate.engine.TwoPhaseLoad - resolving associations for [net.lojika.gtfs.model.RoutesCdkid#gtfs.line.1.33-0]
14:01:03.341 [main] DEBUG org.hibernate.engine.TwoPhaseLoad - done materializing entity [net.lojika.gtfs.model.RoutesCdkid#gtfs.line.1.33-0]
14:01:03.341 [main] DEBUG org.hibernate.engine.TwoPhaseLoad - resolving associations for [net.lojika.gtfs.model.Routes#istb.280468]
14:01:03.341 [main] DEBUG org.hibernate.engine.TwoPhaseLoad - done materializing entity [net.lojika.gtfs.model.Routes#istb.280468]
14:01:03.341 [main] DEBUG org.hibernate.engine.TwoPhaseLoad - resolving associations for [net.lojika.gtfs.model.RoutesCdkid#gtfs.line.1.32t-1]
14:01:03.342 [main] DEBUG org.hibernate.engine.TwoPhaseLoad - done materializing entity [net.lojika.gtfs.model.RoutesCdkid#gtfs.line.1.32t-1]
14:01:03.342 [main] DEBUG org.hibernate.engine.TwoPhaseLoad - resolving associations for [net.lojika.gtfs.model.RoutesCdkid#gtfs.line.1.32t-0]
14:01:03.342 [main] DEBUG org.hibernate.engine.TwoPhaseLoad - done materializing entity [net.lojika.gtfs.model.RoutesCdkid#gtfs.line.1.32t-0]
14:01:03.342 [main] DEBUG org.hibernate.engine.TwoPhaseLoad - resolving associations for [net.lojika.gtfs.model.Routes#istb.280467]
14:01:03.342 [main] DEBUG org.hibernate.engine.TwoPhaseLoad - done materializing entity [net.lojika.gtfs.model.Routes#istb.280467]
14:01:03.342 [main] DEBUG org.hibernate.engine.TwoPhaseLoad - resolving associations for [net.lojika.gtfs.model.RoutesCdkid#gtfs.line.1.32m-1]
14:01:03.342 [main] DEBUG org.hibernate.engine.TwoPhaseLoad - done materializing entity [net.lojika.gtfs.model.RoutesCdkid#gtfs.line.1.32m-1]
14:01:03.342 [main] DEBUG org.hibernate.engine.TwoPhaseLoad - resolving associations for [net.lojika.gtfs.model.RoutesCdkid#gtfs.line.1.32m-0]
14:01:03.342 [main] DEBUG org.hibernate.engine.TwoPhaseLoad - done materializing entity [net.lojika.gtfs.model.RoutesCdkid#gtfs.line.1.32m-0]
14:01:03.342 [main] DEBUG org.hibernate.engine.TwoPhaseLoad - resolving associations for [net.lojika.gtfs.model.Routes#istb.280466]
14:01:03.342 [main] DEBUG org.hibernate.engine.TwoPhaseLoad - done materializing entity [net.lojika.gtfs.model.Routes#istb.280466]
14:01:03.342 [main] DEBUG org.hibernate.engine.TwoPhaseLoad - resolving associations for [net.lojika.gtfs.model.RoutesCdkid#gtfs.line.1.32a-1]
14:01:03.342 [main] DEBUG org.hibernate.engine.TwoPhaseLoad - done materializing entity [net.lojika.gtfs.model.RoutesCdkid#gtfs.line.1.32a-1]
14:01:03.342 [main] DEBUG org.hibernate.engine.TwoPhaseLoad - resolving associations for [net.lojika.gtfs.model.RoutesCdkid#gtfs.line.1.32a-0]
14:01:03.342 [main] DEBUG org.hibernate.engine.TwoPhaseLoad - done materializing entity [net.lojika.gtfs.model.RoutesCdkid#gtfs.line.1.32a-0]
14:01:03.342 [main] DEBUG org.hibernate.engine.TwoPhaseLoad - resolving associations for [net.lojika.gtfs.model.Routes#istb.280465]
14:01:03.342 [main] DEBUG org.hibernate.engine.TwoPhaseLoad - done materializing entity [net.lojika.gtfs.model.Routes#istb.280465]
14:01:03.342 [main] DEBUG org.hibernate.engine.TwoPhaseLoad - resolving associations for [net.lojika.gtfs.model.RoutesCdkid#gtfs.line.1.320a-1]
14:01:03.342 [main] DEBUG org.hibernate.engine.TwoPhaseLoad - done materializing entity [net.lojika.gtfs.model.RoutesCdkid#gtfs.line.1.320a-1]
14:01:03.343 [main] DEBUG org.hibernate.engine.TwoPhaseLoad - resolving associations for [net.lojika.gtfs.model.RoutesCdkid#gtfs.line.1.320a-0]
14:01:03.343 [main] DEBUG org.hibernate.engine.TwoPhaseLoad - done materializing entity [net.lojika.gtfs.model.RoutesCdkid#gtfs.line.1.320a-0]
14:01:03.343 [main] DEBUG org.hibernate.engine.TwoPhaseLoad - resolving associations for [net.lojika.gtfs.model.Routes#istb.280464]
14:01:03.343 [main] DEBUG org.hibernate.engine.TwoPhaseLoad - done materializing entity [net.lojika.gtfs.model.Routes#istb.280464]
14:01:03.343 [main] DEBUG org.hibernate.engine.TwoPhaseLoad - resolving associations for [net.lojika.gtfs.model.RoutesCdkid#gtfs.line.1.320-1]
14:01:03.343 [main] DEBUG org.hibernate.engine.TwoPhaseLoad - done materializing entity [net.lojika.gtfs.model.RoutesCdkid#gtfs.line.1.320-1]
14:01:03.343 [main] DEBUG org.hibernate.engine.TwoPhaseLoad - resolving associations for [net.lojika.gtfs.model.RoutesCdkid#gtfs.line.1.320-0]
14:01:03.343 [main] DEBUG org.hibernate.engine.TwoPhaseLoad - done materializing entity [net.lojika.gtfs.model.RoutesCdkid#gtfs.line.1.320-0]
14:01:03.343 [main] DEBUG org.hibernate.engine.TwoPhaseLoad - resolving associations for [net.lojika.gtfs.model.Routes#istb.280463]
14:01:03.343 [main] DEBUG org.hibernate.engine.TwoPhaseLoad - done materializing entity [net.lojika.gtfs.model.Routes#istb.280463]
14:01:03.343 [main] DEBUG org.hibernate.engine.TwoPhaseLoad - resolving associations for [net.lojika.gtfs.model.RoutesCdkid#gtfs.line.1.32-1]
14:01:03.343 [main] DEBUG org.hibernate.engine.TwoPhaseLoad - done materializing entity [net.lojika.gtfs.model.RoutesCdkid#gtfs.line.1.32-1]
14:01:03.343 [main] DEBUG org.hibernate.engine.TwoPhaseLoad - resolving associations for [net.lojika.gtfs.model.RoutesCdkid#gtfs.line.1.32-0]
14:01:03.343 [main] DEBUG org.hibernate.engine.TwoPhaseLoad - done materializing entity [net.lojika.gtfs.model.RoutesCdkid#gtfs.line.1.32-0]
14:01:03.343 [main] DEBUG org.hibernate.engine.TwoPhaseLoad - resolving associations for [net.lojika.gtfs.model.Routes#istb.280462]
14:01:03.343 [main] DEBUG org.hibernate.engine.TwoPhaseLoad - done materializing entity [net.lojika.gtfs.model.Routes#istb.280462]
14:01:03.343 [main] DEBUG org.hibernate.engine.TwoPhaseLoad - resolving associations for [net.lojika.gtfs.model.RoutesCdkid#gtfs.line.1.31y-1]
14:01:03.343 [main] DEBUG org.hibernate.engine.TwoPhaseLoad - done materializing entity [net.lojika.gtfs.model.RoutesCdkid#gtfs.line.1.31y-1]
14:01:03.343 [main] DEBUG org.hibernate.engine.TwoPhaseLoad - resolving associations for [net.lojika.gtfs.model.RoutesCdkid#gtfs.line.1.31y-0]
14:01:03.344 [main] DEBUG org.hibernate.engine.TwoPhaseLoad - done materializing entity [net.lojika.gtfs.model.RoutesCdkid#gtfs.line.1.31y-0]
14:01:03.344 [main] DEBUG org.hibernate.engine.TwoPhaseLoad - resolving associations for [net.lojika.gtfs.model.Routes#istb.280461]
14:01:03.344 [main] DEBUG org.hibernate.engine.TwoPhaseLoad - done materializing entity [net.lojika.gtfs.model.Routes#istb.280461]
14:01:03.344 [main] DEBUG org.hibernate.engine.TwoPhaseLoad - resolving associations for [net.lojika.gtfs.model.RoutesCdkid#gtfs.line.1.31k-1]
14:01:03.344 [main] DEBUG org.hibernate.engine.TwoPhaseLoad - done materializing entity [net.lojika.gtfs.model.RoutesCdkid#gtfs.line.1.31k-1]
14:01:03.344 [main] DEBUG org.hibernate.engine.TwoPhaseLoad - resolving associations for [net.lojika.gtfs.model.RoutesCdkid#gtfs.line.1.31k-0]
14:01:03.344 [main] DEBUG org.hibernate.engine.TwoPhaseLoad - done materializing entity [net.lojika.gtfs.model.RoutesCdkid#gtfs.line.1.31k-0]
14:01:03.344 [main] DEBUG org.hibernate.engine.TwoPhaseLoad - resolving associations for [net.lojika.gtfs.model.Routes#istb.280460]
14:01:03.344 [main] DEBUG org.hibernate.engine.TwoPhaseLoad - done materializing entity [net.lojika.gtfs.model.Routes#istb.280460]
14:01:03.344 [main] DEBUG org.hibernate.engine.TwoPhaseLoad - resolving associations for [net.lojika.gtfs.model.RoutesCdkid#gtfs.line.1.31e-1]
14:01:03.344 [main] DEBUG org.hibernate.engine.TwoPhaseLoad - done materializing entity [net.lojika.gtfs.model.RoutesCdkid#gtfs.line.1.31e-1]
14:01:03.344 [main] DEBUG org.hibernate.engine.TwoPhaseLoad - resolving associations for [net.lojika.gtfs.model.RoutesCdkid#gtfs.line.1.31e-0]
14:01:03.344 [main] DEBUG org.hibernate.engine.TwoPhaseLoad - done materializing entity [net.lojika.gtfs.model.RoutesCdkid#gtfs.line.1.31e-0]
14:01:03.344 [main] DEBUG org.hibernate.engine.TwoPhaseLoad - resolving associations for [net.lojika.gtfs.model.Routes#istb.280459]
14:01:03.344 [main] DEBUG org.hibernate.engine.TwoPhaseLoad - done materializing entity [net.lojika.gtfs.model.Routes#istb.280459]
14:01:03.344 [main] DEBUG org.hibernate.engine.TwoPhaseLoad - resolving associations for [net.lojika.gtfs.model.RoutesCdkid#gtfs.line.1.319-1]
14:01:03.344 [main] DEBUG org.hibernate.engine.TwoPhaseLoad - done materializing entity [net.lojika.gtfs.model.RoutesCdkid#gtfs.line.1.319-1]
14:01:03.344 [main] DEBUG org.hibernate.engine.TwoPhaseLoad - resolving associations for [net.lojika.gtfs.model.RoutesCdkid#gtfs.line.1.319-0]
14:01:03.345 [main] DEBUG org.hibernate.engine.TwoPhaseLoad - done materializing entity [net.lojika.gtfs.model.RoutesCdkid#gtfs.line.1.319-0]
14:01:03.345 [main] DEBUG org.hibernate.engine.TwoPhaseLoad - resolving associations for [net.lojika.gtfs.model.Routes#istb.280458]
14:01:03.345 [main] DEBUG org.hibernate.engine.TwoPhaseLoad - done materializing entity [net.lojika.gtfs.model.Routes#istb.280458]
14:01:03.345 [main] DEBUG org.hibernate.engine.TwoPhaseLoad - resolving associations for [net.lojika.gtfs.model.RoutesCdkid#gtfs.line.1.31-1]
14:01:03.345 [main] DEBUG org.hibernate.engine.TwoPhaseLoad - done materializing entity [net.lojika.gtfs.model.RoutesCdkid#gtfs.line.1.31-1]
14:01:03.345 [main] DEBUG org.hibernate.engine.TwoPhaseLoad - resolving associations for [net.lojika.gtfs.model.RoutesCdkid#gtfs.line.1.31-0]
14:01:03.345 [main] DEBUG org.hibernate.engine.TwoPhaseLoad - done materializing entity [net.lojika.gtfs.model.RoutesCdkid#gtfs.line.1.31-0]
14:01:03.345 [main] DEBUG org.hibernate.engine.TwoPhaseLoad - resolving associations for [net.lojika.gtfs.model.Routes#istb.280457]
14:01:03.345 [main] DEBUG org.hibernate.engine.TwoPhaseLoad - done materializing entity [net.lojika.gtfs.model.Routes#istb.280457]
14:01:03.345 [main] DEBUG org.hibernate.engine.TwoPhaseLoad - resolving associations for [net.lojika.gtfs.model.RoutesCdkid#gtfs.line.1.30m-0]
14:01:03.345 [main] DEBUG org.hibernate.engine.TwoPhaseLoad - done materializing entity [net.lojika.gtfs.model.RoutesCdkid#gtfs.line.1.30m-0]
14:01:03.345 [main] DEBUG org.hibernate.engine.TwoPhaseLoad - resolving associations for [net.lojika.gtfs.model.Routes#istb.280456]
14:01:03.345 [main] DEBUG org.hibernate.engine.TwoPhaseLoad - done materializing entity [net.lojika.gtfs.model.Routes#istb.280456]
14:01:03.345 [main] DEBUG org.hibernate.engine.TwoPhaseLoad - resolving associations for [net.lojika.gtfs.model.RoutesCdkid#gtfs.line.1.30d-1]
14:01:03.345 [main] DEBUG org.hibernate.engine.TwoPhaseLoad - done materializing entity [net.lojika.gtfs.model.RoutesCdkid#gtfs.line.1.30d-1]
14:01:03.345 [main] DEBUG org.hibernate.engine.TwoPhaseLoad - resolving associations for [net.lojika.gtfs.model.RoutesCdkid#gtfs.line.1.30d-0]
14:01:03.345 [main] DEBUG org.hibernate.engine.TwoPhaseLoad - done materializing entity [net.lojika.gtfs.model.RoutesCdkid#gtfs.line.1.30d-0]
14:01:03.345 [main] DEBUG org.hibernate.engine.TwoPhaseLoad - resolving associations for [net.lojika.gtfs.model.Routes#istb.280455]
14:01:03.346 [main] DEBUG org.hibernate.engine.TwoPhaseLoad - done materializing entity [net.lojika.gtfs.model.Routes#istb.280455]
14:01:03.346 [main] DEBUG org.hibernate.engine.TwoPhaseLoad - resolving associations for [net.lojika.gtfs.model.RoutesCdkid#gtfs.line.1.30a-0]
14:01:03.346 [main] DEBUG org.hibernate.engine.TwoPhaseLoad - done materializing entity [net.lojika.gtfs.model.RoutesCdkid#gtfs.line.1.30a-0]
14:01:03.346 [main] DEBUG org.hibernate.engine.TwoPhaseLoad - resolving associations for [net.lojika.gtfs.model.Routes#istb.280453]
14:01:03.346 [main] DEBUG org.hibernate.engine.TwoPhaseLoad - done materializing entity [net.lojika.gtfs.model.Routes#istb.280453]
14:01:03.346 [main] DEBUG org.hibernate.engine.TwoPhaseLoad - resolving associations for [net.lojika.gtfs.model.RoutesCdkid#gtfs.line.1.303b-1]
14:01:03.346 [main] DEBUG org.hibernate.engine.TwoPhaseLoad - done materializing entity [net.lojika.gtfs.model.RoutesCdkid#gtfs.line.1.303b-1]
14:01:03.346 [main] DEBUG org.hibernate.engine.TwoPhaseLoad - resolving associations for [net.lojika.gtfs.model.RoutesCdkid#gtfs.line.1.303b-0]
14:01:03.346 [main] DEBUG org.hibernate.engine.TwoPhaseLoad - done materializing entity [net.lojika.gtfs.model.RoutesCdkid#gtfs.line.1.303b-0]
14:01:03.346 [main] DEBUG org.hibernate.engine.TwoPhaseLoad - resolving associations for [net.lojika.gtfs.model.Routes#istb.280452]
14:01:03.346 [main] DEBUG org.hibernate.engine.TwoPhaseLoad - done materializing entity [net.lojika.gtfs.model.Routes#istb.280452]
14:01:03.346 [main] DEBUG org.hibernate.engine.TwoPhaseLoad - resolving associations for [net.lojika.gtfs.model.RoutesCdkid#gtfs.line.1.303-1]
14:01:03.346 [main] DEBUG org.hibernate.engine.TwoPhaseLoad - done materializing entity [net.lojika.gtfs.model.RoutesCdkid#gtfs.line.1.303-1]
14:01:03.346 [main] DEBUG org.hibernate.engine.TwoPhaseLoad - resolving associations for [net.lojika.gtfs.model.RoutesCdkid#gtfs.line.1.303-0]
14:01:03.346 [main] DEBUG org.hibernate.engine.TwoPhaseLoad - done materializing entity [net.lojika.gtfs.model.RoutesCdkid#gtfs.line.1.303-0]
14:01:03.346 [main] DEBUG org.hibernate.engine.TwoPhaseLoad - resolving associations for [net.lojika.gtfs.model.Routes#istb.280451]
14:01:03.346 [main] DEBUG org.hibernate.engine.TwoPhaseLoad - done materializing entity [net.lojika.gtfs.model.Routes#istb.280451]
14:01:03.346 [main] DEBUG org.hibernate.engine.TwoPhaseLoad - resolving associations for [net.lojika.gtfs.model.RoutesCdkid#gtfs.line.1.3-1]
14:01:03.347 [main] DEBUG org.hibernate.engine.TwoPhaseLoad - done materializing entity [net.lojika.gtfs.model.RoutesCdkid#gtfs.line.1.3-1]
14:01:03.347 [main] DEBUG org.hibernate.engine.TwoPhaseLoad - resolving associations for [net.lojika.gtfs.model.RoutesCdkid#gtfs.line.1.3-0]
14:01:03.347 [main] DEBUG org.hibernate.engine.TwoPhaseLoad - done materializing entity [net.lojika.gtfs.model.RoutesCdkid#gtfs.line.1.3-0]
14:01:03.347 [main] DEBUG org.hibernate.engine.TwoPhaseLoad - resolving associations for [net.lojika.gtfs.model.Routes#istb.280450]
14:01:03.347 [main] DEBUG org.hibernate.engine.TwoPhaseLoad - done materializing entity [net.lojika.gtfs.model.Routes#istb.280450]
14:01:03.347 [main] DEBUG org.hibernate.engine.TwoPhaseLoad - resolving associations for [net.lojika.gtfs.model.RoutesCdkid#gtfs.line.1.29-0]
14:01:03.347 [main] DEBUG org.hibernate.engine.TwoPhaseLoad - done materializing entity [net.lojika.gtfs.model.RoutesCdkid#gtfs.line.1.29-0]
14:01:03.347 [main] DEBUG org.hibernate.engine.TwoPhaseLoad - resolving associations for [net.lojika.gtfs.model.Routes#istb.280449]
14:01:03.347 [main] DEBUG org.hibernate.engine.TwoPhaseLoad - done materializing entity [net.lojika.gtfs.model.Routes#istb.280449]
14:01:03.347 [main] DEBUG org.hibernate.engine.TwoPhaseLoad - resolving associations for [net.lojika.gtfs.model.RoutesCdkid#gtfs.line.1.29t-1]
14:01:03.347 [main] DEBUG org.hibernate.engine.TwoPhaseLoad - done materializing entity [net.lojika.gtfs.model.RoutesCdkid#gtfs.line.1.29t-1]
14:01:03.347 [main] DEBUG org.hibernate.engine.TwoPhaseLoad - resolving associations for [net.lojika.gtfs.model.RoutesCdkid#gtfs.line.1.29t-0]
14:01:03.347 [main] DEBUG org.hibernate.engine.TwoPhaseLoad - done materializing entity [net.lojika.gtfs.model.RoutesCdkid#gtfs.line.1.29t-0]
14:01:03.347 [main] DEBUG org.hibernate.engine.TwoPhaseLoad - resolving associations for [net.lojika.gtfs.model.Routes#istb.280448]
14:01:03.347 [main] DEBUG org.hibernate.engine.TwoPhaseLoad - done materializing entity [net.lojika.gtfs.model.Routes#istb.280448]
14:01:03.347 [main] DEBUG org.hibernate.engine.TwoPhaseLoad - resolving associations for [net.lojika.gtfs.model.RoutesCdkid#gtfs.line.1.29p-0]
14:01:03.347 [main] DEBUG org.hibernate.engine.TwoPhaseLoad - done materializing entity [net.lojika.gtfs.model.RoutesCdkid#gtfs.line.1.29p-0]
14:01:03.348 [main] DEBUG org.hibernate.engine.TwoPhaseLoad - resolving associations for [net.lojika.gtfs.model.Routes#istb.280447]
14:01:03.348 [main] DEBUG org.hibernate.engine.TwoPhaseLoad - done materializing entity [net.lojika.gtfs.model.Routes#istb.280447]
14:01:03.348 [main] DEBUG org.hibernate.engine.TwoPhaseLoad - resolving associations for [net.lojika.gtfs.model.RoutesCdkid#gtfs.line.1.29m2-0]
14:01:03.348 [main] DEBUG org.hibernate.engine.TwoPhaseLoad - done materializing entity [net.lojika.gtfs.model.RoutesCdkid#gtfs.line.1.29m2-0]
14:01:03.348 [main] DEBUG org.hibernate.engine.TwoPhaseLoad - resolving associations for [net.lojika.gtfs.model.Routes#istb.280446]
14:01:03.348 [main] DEBUG org.hibernate.engine.TwoPhaseLoad - done materializing entity [net.lojika.gtfs.model.Routes#istb.280446]
14:01:03.348 [main] DEBUG org.hibernate.engine.TwoPhaseLoad - resolving associations for [net.lojika.gtfs.model.RoutesCdkid#gtfs.line.1.29m1-0]
14:01:03.348 [main] DEBUG org.hibernate.engine.TwoPhaseLoad - done materializing entity [net.lojika.gtfs.model.RoutesCdkid#gtfs.line.1.29m1-0]
14:01:03.348 [main] DEBUG org.hibernate.engine.TwoPhaseLoad - resolving associations for [net.lojika.gtfs.model.Routes#istb.280445]
14:01:03.348 [main] DEBUG org.hibernate.engine.TwoPhaseLoad - done materializing entity [net.lojika.gtfs.model.Routes#istb.280445]
14:01:03.348 [main] DEBUG org.hibernate.engine.TwoPhaseLoad - resolving associations for [net.lojika.gtfs.model.RoutesCdkid#gtfs.line.1.29gm-0]
14:01:03.348 [main] DEBUG org.hibernate.engine.TwoPhaseLoad - done materializing entity [net.lojika.gtfs.model.RoutesCdkid#gtfs.line.1.29gm-0]
14:01:03.348 [main] DEBUG org.hibernate.engine.TwoPhaseLoad - resolving associations for [net.lojika.gtfs.model.Routes#istb.280444]
14:01:03.348 [main] DEBUG org.hibernate.engine.TwoPhaseLoad - done materializing entity [net.lojika.gtfs.model.Routes#istb.280444]
14:01:03.348 [main] DEBUG org.hibernate.engine.TwoPhaseLoad - resolving associations for [net.lojika.gtfs.model.RoutesCdkid#gtfs.line.1.29d-0]
14:01:03.348 [main] DEBUG org.hibernate.engine.TwoPhaseLoad - done materializing entity [net.lojika.gtfs.model.RoutesCdkid#gtfs.line.1.29d-0]
14:01:03.348 [main] DEBUG org.hibernate.engine.TwoPhaseLoad - resolving associations for [net.lojika.gtfs.model.Routes#istb.280442]
14:01:03.348 [main] DEBUG org.hibernate.engine.TwoPhaseLoad - done materializing entity [net.lojika.gtfs.model.Routes#istb.280442]
14:01:03.348 [main] DEBUG org.hibernate.engine.TwoPhaseLoad - resolving associations for [net.lojika.gtfs.model.RoutesCdkid#gtfs.line.1.29b-1]
14:01:03.349 [main] DEBUG org.hibernate.engine.TwoPhaseLoad - done materializing entity [net.lojika.gtfs.model.RoutesCdkid#gtfs.line.1.29b-1]
14:01:03.349 [main] DEBUG org.hibernate.engine.TwoPhaseLoad - resolving associations for [net.lojika.gtfs.model.RoutesCdkid#gtfs.line.1.29b-0]
14:01:03.349 [main] DEBUG org.hibernate.engine.TwoPhaseLoad - done materializing entity [net.lojika.gtfs.model.RoutesCdkid#gtfs.line.1.29b-0]
14:01:03.349 [main] DEBUG org.hibernate.engine.TwoPhaseLoad - resolving associations for [net.lojika.gtfs.model.Routes#istb.280441]
14:01:03.349 [main] DEBUG org.hibernate.engine.TwoPhaseLoad - done materializing entity [net.lojika.gtfs.model.Routes#istb.280441]
14:01:03.349 [main] DEBUG org.hibernate.engine.TwoPhaseLoad - resolving associations for [net.lojika.gtfs.model.RoutesCdkid#gtfs.line.1.29a-1]
14:01:03.349 [main] DEBUG org.hibernate.engine.TwoPhaseLoad - done materializing entity [net.lojika.gtfs.model.RoutesCdkid#gtfs.line.1.29a-1]
14:01:03.349 [main] DEBUG org.hibernate.engine.TwoPhaseLoad - resolving associations for [net.lojika.gtfs.model.RoutesCdkid#gtfs.line.1.29a-0]
14:01:03.349 [main] DEBUG org.hibernate.engine.TwoPhaseLoad - done materializing entity [net.lojika.gtfs.model.RoutesCdkid#gtfs.line.1.29a-0]
14:01:03.349 [main] DEBUG org.hibernate.engine.TwoPhaseLoad - resolving associations for [net.lojika.gtfs.model.Routes#istb.280782]
14:01:03.349 [main] DEBUG org.hibernate.engine.TwoPhaseLoad - done materializing entity [net.lojika.gtfs.model.Routes#istb.280782]
14:01:03.349 [main] DEBUG org.hibernate.engine.TwoPhaseLoad - resolving associations for [net.lojika.gtfs.model.RoutesCdkid#gtfs.line.1.e3-1]
14:01:03.349 [main] DEBUG org.hibernate.engine.TwoPhaseLoad - done materializing entity [net.lojika.gtfs.model.RoutesCdkid#gtfs.line.1.e3-1]
14:01:03.349 [main] DEBUG org.hibernate.engine.TwoPhaseLoad - resolving associations for [net.lojika.gtfs.model.RoutesCdkid#gtfs.line.1.e3-0]
14:01:03.349 [main] DEBUG org.hibernate.engine.TwoPhaseLoad - done materializing entity [net.lojika.gtfs.model.RoutesCdkid#gtfs.line.1.e3-0]
14:01:03.349 [main] DEBUG org.hibernate.engine.TwoPhaseLoad - resolving associations for [net.lojika.gtfs.model.Routes#istb.280781]
14:01:03.349 [main] DEBUG org.hibernate.engine.TwoPhaseLoad - done materializing entity [net.lojika.gtfs.model.Routes#istb.280781]
14:01:03.349 [main] DEBUG org.hibernate.engine.TwoPhaseLoad - resolving associations for [net.lojika.gtfs.model.RoutesCdkid#gtfs.line.1.e2-1]
14:01:03.350 [main] DEBUG org.hibernate.engine.TwoPhaseLoad - done materializing entity [net.lojika.gtfs.model.RoutesCdkid#gtfs.line.1.e2-1]
14:01:03.350 [main] DEBUG org.hibernate.engine.TwoPhaseLoad - resolving associations for [net.lojika.gtfs.model.RoutesCdkid#gtfs.line.1.e2-0]
14:01:03.350 [main] DEBUG org.hibernate.engine.TwoPhaseLoad - done materializing entity [net.lojika.gtfs.model.RoutesCdkid#gtfs.line.1.e2-0]
14:01:03.350 [main] DEBUG org.hibernate.engine.TwoPhaseLoad - resolving associations for [net.lojika.gtfs.model.Routes#istb.280779]
14:01:03.350 [main] DEBUG org.hibernate.engine.TwoPhaseLoad - done materializing entity [net.lojika.gtfs.model.Routes#istb.280779]
14:01:03.350 [main] DEBUG org.hibernate.engine.TwoPhaseLoad - resolving associations for [net.lojika.gtfs.model.RoutesCdkid#gtfs.line.1.e10-1]
14:01:03.350 [main] DEBUG org.hibernate.engine.TwoPhaseLoad - done materializing entity [net.lojika.gtfs.model.RoutesCdkid#gtfs.line.1.e10-1]
14:01:03.350 [main] DEBUG org.hibernate.engine.TwoPhaseLoad - resolving associations for [net.lojika.gtfs.model.RoutesCdkid#gtfs.line.1.e10-0]
14:01:03.350 [main] DEBUG org.hibernate.engine.TwoPhaseLoad - done materializing entity [net.lojika.gtfs.model.RoutesCdkid#gtfs.line.1.e10-0]
14:01:03.350 [main] DEBUG org.hibernate.engine.TwoPhaseLoad - resolving associations for [net.lojika.gtfs.model.Routes#istb.280778]
14:01:03.350 [main] DEBUG org.hibernate.engine.TwoPhaseLoad - done materializing entity [net.lojika.gtfs.model.Routes#istb.280778]
14:01:03.350 [main] DEBUG org.hibernate.engine.TwoPhaseLoad - resolving associations for [net.lojika.gtfs.model.RoutesCdkid#gtfs.line.1.dt2-0]
14:01:03.350 [main] DEBUG org.hibernate.engine.TwoPhaseLoad - done materializing entity [net.lojika.gtfs.model.RoutesCdkid#gtfs.line.1.dt2-0]
14:01:03.350 [main] DEBUG org.hibernate.engine.TwoPhaseLoad - resolving associations for [net.lojika.gtfs.model.Routes#istb.280777]
14:01:03.350 [main] DEBUG org.hibernate.engine.TwoPhaseLoad - done materializing entity [net.lojika.gtfs.model.Routes#istb.280777]
14:01:03.350 [main] DEBUG org.hibernate.engine.TwoPhaseLoad - resolving associations for [net.lojika.gtfs.model.RoutesCdkid#gtfs.line.1.dt1-0]
14:01:03.350 [main] DEBUG org.hibernate.engine.TwoPhaseLoad - done materializing entity [net.lojika.gtfs.model.RoutesCdkid#gtfs.line.1.dt1-0]
14:01:03.350 [main] DEBUG org.hibernate.engine.TwoPhaseLoad - resolving associations for [net.lojika.gtfs.model.Routes#istb.280770]
14:01:03.351 [main] DEBUG org.hibernate.engine.TwoPhaseLoad - done materializing entity [net.lojika.gtfs.model.Routes#istb.280770]
14:01:03.351 [main] DEBUG org.hibernate.engine.TwoPhaseLoad - resolving associations for [net.lojika.gtfs.model.RoutesCdkid#gtfs.line.1.9-1]
14:01:03.351 [main] DEBUG org.hibernate.engine.TwoPhaseLoad - done materializing entity [net.lojika.gtfs.model.RoutesCdkid#gtfs.line.1.9-1]
14:01:03.351 [main] DEBUG org.hibernate.engine.TwoPhaseLoad - resolving associations for [net.lojika.gtfs.model.RoutesCdkid#gtfs.line.1.9-0]
14:01:03.351 [main] DEBUG org.hibernate.engine.TwoPhaseLoad - done materializing entity [net.lojika.gtfs.model.RoutesCdkid#gtfs.line.1.9-0]
14:01:03.351 [main] DEBUG org.hibernate.engine.TwoPhaseLoad - resolving associations for [net.lojika.gtfs.model.Routes#istb.280769]
14:01:03.351 [main] DEBUG org.hibernate.engine.TwoPhaseLoad - done materializing entity [net.lojika.gtfs.model.Routes#istb.280769]
14:01:03.351 [main] DEBUG org.hibernate.engine.TwoPhaseLoad - resolving associations for [net.lojika.gtfs.model.RoutesCdkid#gtfs.line.1.9d-1]
14:01:03.351 [main] DEBUG org.hibernate.engine.TwoPhaseLoad - done materializing entity [net.lojika.gtfs.model.RoutesCdkid#gtfs.line.1.9d-1]
14:01:03.351 [main] DEBUG org.hibernate.engine.TwoPhaseLoad - resolving associations for [net.lojika.gtfs.model.RoutesCdkid#gtfs.line.1.9d-0]
14:01:03.351 [main] DEBUG org.hibernate.engine.TwoPhaseLoad - done materializing entity [net.lojika.gtfs.model.RoutesCdkid#gtfs.line.1.9d-0]
14:01:03.351 [main] DEBUG org.hibernate.engine.TwoPhaseLoad - resolving associations for [net.lojika.gtfs.model.Routes#istb.280768]
14:01:03.351 [main] DEBUG org.hibernate.engine.TwoPhaseLoad - done materializing entity [net.lojika.gtfs.model.Routes#istb.280768]
14:01:03.351 [main] DEBUG org.hibernate.engine.TwoPhaseLoad - resolving associations for [net.lojika.gtfs.model.RoutesCdkid#gtfs.line.1.9n-1]
14:01:03.351 [main] DEBUG org.hibernate.engine.TwoPhaseLoad - done materializing entity [net.lojika.gtfs.model.RoutesCdkid#gtfs.line.1.9n-1]
14:01:03.351 [main] DEBUG org.hibernate.engine.TwoPhaseLoad - resolving associations for [net.lojika.gtfs.model.RoutesCdkid#gtfs.line.1.9n-0]
14:01:03.351 [main] DEBUG org.hibernate.engine.TwoPhaseLoad - done materializing entity [net.lojika.gtfs.model.RoutesCdkid#gtfs.line.1.9n-0]
14:01:03.351 [main] DEBUG org.hibernate.engine.TwoPhaseLoad - resolving associations for [net.lojika.gtfs.model.Routes#istb.280766]
14:01:03.351 [main] DEBUG org.hibernate.engine.TwoPhaseLoad - done materializing entity [net.lojika.gtfs.model.Routes#istb.280766]
14:01:03.352 [main] DEBUG org.hibernate.engine.TwoPhaseLoad - resolving associations for [net.lojika.gtfs.model.RoutesCdkid#gtfs.line.1.9a-0]
14:01:03.352 [main] DEBUG org.hibernate.engine.TwoPhaseLoad - done materializing entity [net.lojika.gtfs.model.RoutesCdkid#gtfs.line.1.9a-0]
14:01:03.352 [main] DEBUG org.hibernate.engine.TwoPhaseLoad - resolving associations for [net.lojika.gtfs.model.Routes#istb.280765]
14:01:03.352 [main] DEBUG org.hibernate.engine.TwoPhaseLoad - done materializing entity [net.lojika.gtfs.model.Routes#istb.280765]
14:01:03.352 [main] DEBUG org.hibernate.engine.TwoPhaseLoad - resolving associations for [net.lojika.gtfs.model.RoutesCdkid#gtfs.line.1.99a-1]
14:01:03.352 [main] DEBUG org.hibernate.engine.TwoPhaseLoad - done materializing entity [net.lojika.gtfs.model.RoutesCdkid#gtfs.line.1.99a-1]
14:01:03.352 [main] DEBUG org.hibernate.engine.TwoPhaseLoad - resolving associations for [net.lojika.gtfs.model.RoutesCdkid#gtfs.line.1.99a-0]
14:01:03.352 [main] DEBUG org.hibernate.engine.TwoPhaseLoad - done materializing entity [net.lojika.gtfs.model.RoutesCdkid#gtfs.line.1.99a-0]
14:01:03.352 [main] DEBUG org.hibernate.engine.TwoPhaseLoad - resolving associations for [net.lojika.gtfs.model.Routes#istb.280764]
14:01:03.352 [main] DEBUG org.hibernate.engine.TwoPhaseLoad - done materializing entity [net.lojika.gtfs.model.Routes#istb.280764]
14:01:03.352 [main] DEBUG org.hibernate.engine.TwoPhaseLoad - resolving associations for [net.lojika.gtfs.model.RoutesCdkid#gtfs.line.1.99-1]
14:01:03.352 [main] DEBUG org.hibernate.engine.TwoPhaseLoad - done materializing entity [net.lojika.gtfs.model.RoutesCdkid#gtfs.line.1.99-1]
14:01:03.352 [main] DEBUG org.hibernate.engine.TwoPhaseLoad - resolving associations for [net.lojika.gtfs.model.RoutesCdkid#gtfs.line.1.98-1]
14:01:03.352 [main] DEBUG org.hibernate.engine.TwoPhaseLoad - done materializing entity [net.lojika.gtfs.model.RoutesCdkid#gtfs.line.1.98-1]
14:01:03.352 [main] DEBUG org.hibernate.engine.TwoPhaseLoad - resolving associations for [net.lojika.gtfs.model.Routes#istb.280439]
14:01:03.352 [main] DEBUG org.hibernate.engine.TwoPhaseLoad - done materializing entity [net.lojika.gtfs.model.Routes#istb.280439]
14:01:03.352 [main] DEBUG org.hibernate.engine.TwoPhaseLoad - resolving associations for [net.lojika.gtfs.model.RoutesCdkid#gtfs.line.1.28t-1]
14:01:03.352 [main] DEBUG org.hibernate.engine.TwoPhaseLoad - done materializing entity [net.lojika.gtfs.model.RoutesCdkid#gtfs.line.1.28t-1]
14:01:03.352 [main] DEBUG org.hibernate.engine.TwoPhaseLoad - resolving associations for [net.lojika.gtfs.model.RoutesCdkid#gtfs.line.1.28t-0]
14:01:03.353 [main] DEBUG org.hibernate.engine.TwoPhaseLoad - done materializing entity [net.lojika.gtfs.model.RoutesCdkid#gtfs.line.1.28t-0]
14:01:03.353 [main] DEBUG org.hibernate.engine.TwoPhaseLoad - resolving associations for [net.lojika.gtfs.model.Routes#istb.280438]
14:01:03.353 [main] DEBUG org.hibernate.engine.TwoPhaseLoad - done materializing entity [net.lojika.gtfs.model.Routes#istb.280438]
14:01:03.353 [main] DEBUG org.hibernate.engine.TwoPhaseLoad - resolving associations for [net.lojika.gtfs.model.RoutesCdkid#gtfs.line.1.28o-1]
14:01:03.353 [main] DEBUG org.hibernate.engine.TwoPhaseLoad - done materializing entity [net.lojika.gtfs.model.RoutesCdkid#gtfs.line.1.28o-1]
14:01:03.353 [main] DEBUG org.hibernate.engine.TwoPhaseLoad - resolving associations for [net.lojika.gtfs.model.RoutesCdkid#gtfs.line.1.28o-0]
14:01:03.353 [main] DEBUG org.hibernate.engine.TwoPhaseLoad - done materializing entity [net.lojika.gtfs.model.RoutesCdkid#gtfs.line.1.28o-0]
14:01:03.353 [main] DEBUG org.hibernate.engine.TwoPhaseLoad - resolving associations for [net.lojika.gtfs.model.Routes#istb.280437]
14:01:03.353 [main] DEBUG org.hibernate.engine.TwoPhaseLoad - done materializing entity [net.lojika.gtfs.model.Routes#istb.280437]
14:01:03.353 [main] DEBUG org.hibernate.engine.TwoPhaseLoad - resolving associations for [net.lojika.gtfs.model.RoutesCdkid#gtfs.line.1.28-1]
14:01:03.353 [main] DEBUG org.hibernate.engine.TwoPhaseLoad - done materializing entity [net.lojika.gtfs.model.RoutesCdkid#gtfs.line.1.28-1]
14:01:03.353 [main] DEBUG org.hibernate.engine.TwoPhaseLoad - resolving associations for [net.lojika.gtfs.model.RoutesCdkid#gtfs.line.1.28-0]
14:01:03.353 [main] DEBUG org.hibernate.engine.TwoPhaseLoad - done materializing entity [net.lojika.gtfs.model.RoutesCdkid#gtfs.line.1.28-0]
14:01:03.353 [main] DEBUG org.hibernate.engine.TwoPhaseLoad - resolving associations for [net.lojika.gtfs.model.Routes#istb.280434]
14:01:03.353 [main] DEBUG org.hibernate.engine.TwoPhaseLoad - done materializing entity [net.lojika.gtfs.model.Routes#istb.280434]
14:01:03.353 [main] DEBUG org.hibernate.engine.TwoPhaseLoad - resolving associations for [net.lojika.gtfs.model.RoutesCdkid#gtfs.line.1.27e-0]
14:01:03.353 [main] DEBUG org.hibernate.engine.TwoPhaseLoad - done materializing entity [net.lojika.gtfs.model.RoutesCdkid#gtfs.line.1.27e-0]
14:01:03.353 [main] DEBUG org.hibernate.engine.TwoPhaseLoad - resolving associations for [net.lojika.gtfs.model.Routes#istb.280433]
14:01:03.353 [main] DEBUG org.hibernate.engine.TwoPhaseLoad - done materializing entity [net.lojika.gtfs.model.Routes#istb.280433]
14:01:03.354 [main] DEBUG org.hibernate.engine.TwoPhaseLoad - resolving associations for [net.lojika.gtfs.model.RoutesCdkid#gtfs.line.1.26b-1]
14:01:03.354 [main] DEBUG org.hibernate.engine.TwoPhaseLoad - done materializing entity [net.lojika.gtfs.model.RoutesCdkid#gtfs.line.1.26b-1]
14:01:03.354 [main] DEBUG org.hibernate.engine.TwoPhaseLoad - resolving associations for [net.lojika.gtfs.model.RoutesCdkid#gtfs.line.1.26b-0]
14:01:03.354 [main] DEBUG org.hibernate.engine.TwoPhaseLoad - done materializing entity [net.lojika.gtfs.model.RoutesCdkid#gtfs.line.1.26b-0]
14:01:03.354 [main] DEBUG org.hibernate.engine.TwoPhaseLoad - resolving associations for [net.lojika.gtfs.model.Routes#istb.280432]
14:01:03.354 [main] DEBUG org.hibernate.engine.TwoPhaseLoad - done materializing entity [net.lojika.gtfs.model.Routes#istb.280432]
14:01:03.354 [main] DEBUG org.hibernate.engine.TwoPhaseLoad - resolving associations for [net.lojika.gtfs.model.RoutesCdkid#gtfs.line.1.26a-1]
14:01:03.354 [main] DEBUG org.hibernate.engine.TwoPhaseLoad - done materializing entity [net.lojika.gtfs.model.RoutesCdkid#gtfs.line.1.26a-1]
14:01:03.354 [main] DEBUG org.hibernate.engine.TwoPhaseLoad - resolving associations for [net.lojika.gtfs.model.RoutesCdkid#gtfs.line.1.26a-0]
14:01:03.354 [main] DEBUG org.hibernate.engine.TwoPhaseLoad - done materializing entity [net.lojika.gtfs.model.RoutesCdkid#gtfs.line.1.26a-0]
14:01:03.354 [main] DEBUG org.hibernate.engine.TwoPhaseLoad - resolving associations for [net.lojika.gtfs.model.Routes#istb.280431]
14:01:03.354 [main] DEBUG org.hibernate.engine.TwoPhaseLoad - done materializing entity [net.lojika.gtfs.model.Routes#istb.280431]
14:01:03.354 [main] DEBUG org.hibernate.engine.TwoPhaseLoad - resolving associations for [net.lojika.gtfs.model.RoutesCdkid#gtfs.line.1.26-1]
14:01:03.354 [main] DEBUG org.hibernate.engine.TwoPhaseLoad - done materializing entity [net.lojika.gtfs.model.RoutesCdkid#gtfs.line.1.26-1]
14:01:03.354 [main] DEBUG org.hibernate.engine.TwoPhaseLoad - resolving associations for [net.lojika.gtfs.model.RoutesCdkid#gtfs.line.1.26-0]
14:01:03.354 [main] DEBUG org.hibernate.engine.TwoPhaseLoad - done materializing entity [net.lojika.gtfs.model.RoutesCdkid#gtfs.line.1.26-0]
14:01:03.354 [main] DEBUG org.hibernate.engine.TwoPhaseLoad - resolving associations for [net.lojika.gtfs.model.Routes#istb.280429]
14:01:03.354 [main] DEBUG org.hibernate.engine.TwoPhaseLoad - done materializing entity [net.lojika.gtfs.model.Routes#istb.280429]
14:01:03.355 [main] DEBUG org.hibernate.engine.TwoPhaseLoad - resolving associations for [net.lojika.gtfs.model.RoutesCdkid#gtfs.line.1.25y-1]
14:01:03.355 [main] DEBUG org.hibernate.engine.TwoPhaseLoad - done materializing entity [net.lojika.gtfs.model.RoutesCdkid#gtfs.line.1.25y-1]
14:01:03.355 [main] DEBUG org.hibernate.engine.TwoPhaseLoad - resolving associations for [net.lojika.gtfs.model.RoutesCdkid#gtfs.line.1.25y-0]
14:01:03.355 [main] DEBUG org.hibernate.engine.TwoPhaseLoad - done materializing entity [net.lojika.gtfs.model.RoutesCdkid#gtfs.line.1.25y-0]
14:01:03.355 [main] DEBUG org.hibernate.engine.TwoPhaseLoad - resolving associations for [net.lojika.gtfs.model.Routes#istb.280428]
14:01:03.355 [main] DEBUG org.hibernate.engine.TwoPhaseLoad - done materializing entity [net.lojika.gtfs.model.Routes#istb.280428]
14:01:03.355 [main] DEBUG org.hibernate.engine.TwoPhaseLoad - resolving associations for [net.lojika.gtfs.model.RoutesCdkid#gtfs.line.1.25t-1]
14:01:03.355 [main] DEBUG org.hibernate.engine.TwoPhaseLoad - done materializing entity [net.lojika.gtfs.model.RoutesCdkid#gtfs.line.1.25t-1]
14:01:03.355 [main] DEBUG org.hibernate.engine.TwoPhaseLoad - resolving associations for [net.lojika.gtfs.model.RoutesCdkid#gtfs.line.1.25t-0]
14:01:03.355 [main] DEBUG org.hibernate.engine.TwoPhaseLoad - done materializing entity [net.lojika.gtfs.model.RoutesCdkid#gtfs.line.1.25t-0]
14:01:03.355 [main] DEBUG org.hibernate.engine.TwoPhaseLoad - resolving associations for [net.lojika.gtfs.model.Routes#istb.280427]
14:01:03.355 [main] DEBUG org.hibernate.engine.TwoPhaseLoad - done materializing entity [net.lojika.gtfs.model.Routes#istb.280427]
14:01:03.355 [main] DEBUG org.hibernate.engine.TwoPhaseLoad - resolving associations for [net.lojika.gtfs.model.RoutesCdkid#gtfs.line.1.25h-0]
14:01:03.355 [main] DEBUG org.hibernate.engine.TwoPhaseLoad - done materializing entity [net.lojika.gtfs.model.RoutesCdkid#gtfs.line.1.25h-0]
14:01:03.355 [main] DEBUG org.hibernate.engine.TwoPhaseLoad - resolving associations for [net.lojika.gtfs.model.Routes#istb.280426]
14:01:03.355 [main] DEBUG org.hibernate.engine.TwoPhaseLoad - done materializing entity [net.lojika.gtfs.model.Routes#istb.280426]
14:01:03.355 [main] DEBUG org.hibernate.engine.TwoPhaseLoad - resolving associations for [net.lojika.gtfs.model.RoutesCdkid#gtfs.line.1.25g-1]
14:01:03.355 [main] DEBUG org.hibernate.engine.TwoPhaseLoad - done materializing entity [net.lojika.gtfs.model.RoutesCdkid#gtfs.line.1.25g-1]
14:01:03.356 [main] DEBUG org.hibernate.engine.TwoPhaseLoad - resolving associations for [net.lojika.gtfs.model.RoutesCdkid#gtfs.line.1.25g-0]
14:01:03.356 [main] DEBUG org.hibernate.engine.TwoPhaseLoad - done materializing entity [net.lojika.gtfs.model.RoutesCdkid#gtfs.line.1.25g-0]
14:01:03.356 [main] DEBUG org.hibernate.engine.TwoPhaseLoad - resolving associations for [net.lojika.gtfs.model.Routes#istb.280425]
14:01:03.356 [main] DEBUG org.hibernate.engine.TwoPhaseLoad - done materializing entity [net.lojika.gtfs.model.Routes#istb.280425]
14:01:03.356 [main] DEBUG org.hibernate.engine.TwoPhaseLoad - resolving associations for [net.lojika.gtfs.model.RoutesCdkid#gtfs.line.1.25e-1]
14:01:03.356 [main] DEBUG org.hibernate.engine.TwoPhaseLoad - done materializing entity [net.lojika.gtfs.model.RoutesCdkid#gtfs.line.1.25e-1]
14:01:03.356 [main] DEBUG org.hibernate.engine.TwoPhaseLoad - resolving associations for [net.lojika.gtfs.model.RoutesCdkid#gtfs.line.1.25e-0]
14:01:03.356 [main] DEBUG org.hibernate.engine.TwoPhaseLoad - done materializing entity [net.lojika.gtfs.model.RoutesCdkid#gtfs.line.1.25e-0]
14:01:03.356 [main] DEBUG org.hibernate.engine.TwoPhaseLoad - resolving associations for [net.lojika.gtfs.model.Routes#istb.280424]
14:01:03.356 [main] DEBUG org.hibernate.engine.TwoPhaseLoad - done materializing entity [net.lojika.gtfs.model.Routes#istb.280424]
14:01:03.356 [main] DEBUG org.hibernate.engine.TwoPhaseLoad - resolving associations for [net.lojika.gtfs.model.RoutesCdkid#gtfs.line.1.25a-1]
14:01:03.356 [main] DEBUG org.hibernate.engine.TwoPhaseLoad - done materializing entity [net.lojika.gtfs.model.RoutesCdkid#gtfs.line.1.25a-1]
14:01:03.356 [main] DEBUG org.hibernate.engine.TwoPhaseLoad - resolving associations for [net.lojika.gtfs.model.RoutesCdkid#gtfs.line.1.25a-0]
14:01:03.356 [main] DEBUG org.hibernate.engine.TwoPhaseLoad - done materializing entity [net.lojika.gtfs.model.RoutesCdkid#gtfs.line.1.25a-0]
14:01:03.356 [main] DEBUG org.hibernate.engine.TwoPhaseLoad - resolving associations for [net.lojika.gtfs.model.Routes#istb.280423]
14:01:03.356 [main] DEBUG org.hibernate.engine.TwoPhaseLoad - done materializing entity [net.lojika.gtfs.model.Routes#istb.280423]
14:01:03.356 [main] DEBUG org.hibernate.engine.TwoPhaseLoad - resolving associations for [net.lojika.gtfs.model.RoutesCdkid#gtfs.line.1.256-1]
14:01:03.356 [main] DEBUG org.hibernate.engine.TwoPhaseLoad - done materializing entity [net.lojika.gtfs.model.RoutesCdkid#gtfs.line.1.256-1]
14:01:03.356 [main] DEBUG org.hibernate.engine.TwoPhaseLoad - resolving associations for [net.lojika.gtfs.model.RoutesCdkid#gtfs.line.1.256-0]
14:01:03.357 [main] DEBUG org.hibernate.engine.TwoPhaseLoad - done materializing entity [net.lojika.gtfs.model.RoutesCdkid#gtfs.line.1.256-0]
14:01:03.357 [main] DEBUG org.hibernate.engine.TwoPhaseLoad - resolving associations for [net.lojika.gtfs.model.Routes#istb.280374]
14:01:03.357 [main] DEBUG org.hibernate.engine.TwoPhaseLoad - done materializing entity [net.lojika.gtfs.model.Routes#istb.280374]
14:01:03.357 [main] DEBUG org.hibernate.engine.TwoPhaseLoad - resolving associations for [net.lojika.gtfs.model.RoutesCdkid#gtfs.line.1.16kh-1]
14:01:03.357 [main] DEBUG org.hibernate.engine.TwoPhaseLoad - done materializing entity [net.lojika.gtfs.model.RoutesCdkid#gtfs.line.1.16kh-1]
14:01:03.357 [main] DEBUG org.hibernate.engine.TwoPhaseLoad - resolving associations for [net.lojika.gtfs.model.RoutesCdkid#gtfs.line.1.16kh-0]
14:01:03.357 [main] DEBUG org.hibernate.engine.TwoPhaseLoad - done materializing entity [net.lojika.gtfs.model.RoutesCdkid#gtfs.line.1.16kh-0]
14:01:03.357 [main] DEBUG org.hibernate.engine.TwoPhaseLoad - resolving associations for [net.lojika.gtfs.model.Routes#istb.280373]
14:01:03.357 [main] DEBUG org.hibernate.engine.TwoPhaseLoad - done materializing entity [net.lojika.gtfs.model.Routes#istb.280373]
14:01:03.357 [main] DEBUG org.hibernate.engine.TwoPhaseLoad - resolving associations for [net.lojika.gtfs.model.RoutesCdkid#gtfs.line.1.16k-1]
14:01:03.357 [main] DEBUG org.hibernate.engine.TwoPhaseLoad - done materializing entity [net.lojika.gtfs.model.RoutesCdkid#gtfs.line.1.16k-1]
14:01:03.357 [main] DEBUG org.hibernate.engine.TwoPhaseLoad - resolving associations for [net.lojika.gtfs.model.RoutesCdkid#gtfs.line.1.16k-0]
14:01:03.357 [main] DEBUG org.hibernate.engine.TwoPhaseLoad - done materializing entity [net.lojika.gtfs.model.RoutesCdkid#gtfs.line.1.16k-0]
14:01:03.357 [main] DEBUG org.hibernate.engine.TwoPhaseLoad - resolving associations for [net.lojika.gtfs.model.Routes#istb.280372]
14:01:03.357 [main] DEBUG org.hibernate.engine.TwoPhaseLoad - done materializing entity [net.lojika.gtfs.model.Routes#istb.280372]
14:01:03.357 [main] DEBUG org.hibernate.engine.TwoPhaseLoad - resolving associations for [net.lojika.gtfs.model.RoutesCdkid#gtfs.line.1.16f-1]
14:01:03.357 [main] DEBUG org.hibernate.engine.TwoPhaseLoad - done materializing entity [net.lojika.gtfs.model.RoutesCdkid#gtfs.line.1.16f-1]
14:01:03.357 [main] DEBUG org.hibernate.engine.TwoPhaseLoad - resolving associations for [net.lojika.gtfs.model.RoutesCdkid#gtfs.line.1.16f-0]
14:01:03.357 [main] DEBUG org.hibernate.engine.TwoPhaseLoad - done materializing entity [net.lojika.gtfs.model.RoutesCdkid#gtfs.line.1.16f-0]
14:01:03.357 [main] DEBUG org.hibernate.engine.TwoPhaseLoad - resolving associations for [net.lojika.gtfs.model.Routes#istb.280371]
14:01:03.358 [main] DEBUG org.hibernate.engine.TwoPhaseLoad - done materializing entity [net.lojika.gtfs.model.Routes#istb.280371]
14:01:03.358 [main] DEBUG org.hibernate.engine.TwoPhaseLoad - resolving associations for [net.lojika.gtfs.model.RoutesCdkid#gtfs.line.1.16d-1]
14:01:03.358 [main] DEBUG org.hibernate.engine.TwoPhaseLoad - done materializing entity [net.lojika.gtfs.model.RoutesCdkid#gtfs.line.1.16d-1]
14:01:03.358 [main] DEBUG org.hibernate.engine.TwoPhaseLoad - resolving associations for [net.lojika.gtfs.model.RoutesCdkid#gtfs.line.1.16d-0]
14:01:03.358 [main] DEBUG org.hibernate.engine.TwoPhaseLoad - done materializing entity [net.lojika.gtfs.model.RoutesCdkid#gtfs.line.1.16d-0]
14:01:03.358 [main] DEBUG org.hibernate.engine.TwoPhaseLoad - resolving associations for [net.lojika.gtfs.model.Routes#istb.280370]
14:01:03.358 [main] DEBUG org.hibernate.engine.TwoPhaseLoad - done materializing entity [net.lojika.gtfs.model.Routes#istb.280370]
14:01:03.358 [main] DEBUG org.hibernate.engine.TwoPhaseLoad - resolving associations for [net.lojika.gtfs.model.RoutesCdkid#gtfs.line.1.16c-1]
14:01:03.358 [main] DEBUG org.hibernate.engine.TwoPhaseLoad - done materializing entity [net.lojika.gtfs.model.RoutesCdkid#gtfs.line.1.16c-1]
14:01:03.358 [main] DEBUG org.hibernate.engine.TwoPhaseLoad - resolving associations for [net.lojika.gtfs.model.RoutesCdkid#gtfs.line.1.16c-0]
14:01:03.358 [main] DEBUG org.hibernate.engine.TwoPhaseLoad - done materializing entity [net.lojika.gtfs.model.RoutesCdkid#gtfs.line.1.16c-0]
14:01:03.358 [main] DEBUG org.hibernate.engine.TwoPhaseLoad - resolving associations for [net.lojika.gtfs.model.Routes#istb.280369]
14:01:03.358 [main] DEBUG org.hibernate.engine.TwoPhaseLoad - done materializing entity [net.lojika.gtfs.model.Routes#istb.280369]
14:01:03.358 [main] DEBUG org.hibernate.engine.TwoPhaseLoad - resolving associations for [net.lojika.gtfs.model.RoutesCdkid#gtfs.line.1.16b-1]
14:01:03.358 [main] DEBUG org.hibernate.engine.TwoPhaseLoad - done materializing entity [net.lojika.gtfs.model.RoutesCdkid#gtfs.line.1.16b-1]
14:01:03.358 [main] DEBUG org.hibernate.engine.TwoPhaseLoad - resolving associations for [net.lojika.gtfs.model.RoutesCdkid#gtfs.line.1.16b-0]
14:01:03.358 [main] DEBUG org.hibernate.engine.TwoPhaseLoad - done materializing entity [net.lojika.gtfs.model.RoutesCdkid#gtfs.line.1.16b-0]
14:01:03.358 [main] DEBUG org.hibernate.engine.TwoPhaseLoad - resolving associations for [net.lojika.gtfs.model.Routes#istb.280368]
14:01:03.358 [main] DEBUG org.hibernate.engine.TwoPhaseLoad - done materializing entity [net.lojika.gtfs.model.Routes#istb.280368]
14:01:03.359 [main] DEBUG org.hibernate.engine.TwoPhaseLoad - resolving associations for [net.lojika.gtfs.model.RoutesCdkid#gtfs.line.1.16a-1]
14:01:03.359 [main] DEBUG org.hibernate.engine.TwoPhaseLoad - done materializing entity [net.lojika.gtfs.model.RoutesCdkid#gtfs.line.1.16a-1]
14:01:03.359 [main] DEBUG org.hibernate.engine.TwoPhaseLoad - resolving associations for [net.lojika.gtfs.model.RoutesCdkid#gtfs.line.1.16a-0]
14:01:03.359 [main] DEBUG org.hibernate.engine.TwoPhaseLoad - done materializing entity [net.lojika.gtfs.model.RoutesCdkid#gtfs.line.1.16a-0]
14:01:03.359 [main] DEBUG org.hibernate.engine.TwoPhaseLoad - resolving associations for [net.lojika.gtfs.model.Routes#istb.280367]
14:01:03.359 [main] DEBUG org.hibernate.engine.TwoPhaseLoad - done materializing entity [net.lojika.gtfs.model.Routes#istb.280367]
14:01:03.359 [main] DEBUG org.hibernate.engine.TwoPhaseLoad - resolving associations for [net.lojika.gtfs.model.RoutesCdkid#gtfs.line.1.16-1]
14:01:03.359 [main] DEBUG org.hibernate.engine.TwoPhaseLoad - done materializing entity [net.lojika.gtfs.model.RoutesCdkid#gtfs.line.1.16-1]
14:01:03.359 [main] DEBUG org.hibernate.engine.TwoPhaseLoad - resolving associations for [net.lojika.gtfs.model.RoutesCdkid#gtfs.line.1.16-0]
14:01:03.359 [main] DEBUG org.hibernate.engine.TwoPhaseLoad - done materializing entity [net.lojika.gtfs.model.RoutesCdkid#gtfs.line.1.16-0]
14:01:03.359 [main] DEBUG org.hibernate.engine.TwoPhaseLoad - resolving associations for [net.lojika.gtfs.model.Routes#istb.280366]
14:01:03.359 [main] DEBUG org.hibernate.engine.TwoPhaseLoad - done materializing entity [net.lojika.gtfs.model.Routes#istb.280366]
14:01:03.359 [main] DEBUG org.hibernate.engine.TwoPhaseLoad - resolving associations for [net.lojika.gtfs.model.RoutesCdkid#gtfs.line.1.15n-1]
14:01:03.359 [main] DEBUG org.hibernate.engine.TwoPhaseLoad - done materializing entity [net.lojika.gtfs.model.RoutesCdkid#gtfs.line.1.15n-1]
14:01:03.359 [main] DEBUG org.hibernate.engine.TwoPhaseLoad - resolving associations for [net.lojika.gtfs.model.RoutesCdkid#gtfs.line.1.15n-0]
14:01:03.359 [main] DEBUG org.hibernate.engine.TwoPhaseLoad - done materializing entity [net.lojika.gtfs.model.RoutesCdkid#gtfs.line.1.15n-0]
14:01:03.359 [main] DEBUG org.hibernate.engine.TwoPhaseLoad - resolving associations for [net.lojika.gtfs.model.Routes#istb.280365]
14:01:03.359 [main] DEBUG org.hibernate.engine.TwoPhaseLoad - done materializing entity [net.lojika.gtfs.model.Routes#istb.280365]
14:01:03.359 [main] DEBUG org.hibernate.engine.TwoPhaseLoad - resolving associations for [net.lojika.gtfs.model.RoutesCdkid#gtfs.line.1.15k-1]
14:01:03.360 [main] DEBUG org.hibernate.engine.TwoPhaseLoad - done materializing entity [net.lojika.gtfs.model.RoutesCdkid#gtfs.line.1.15k-1]
14:01:03.360 [main] DEBUG org.hibernate.engine.TwoPhaseLoad - resolving associations for [net.lojika.gtfs.model.RoutesCdkid#gtfs.line.1.15k-0]
14:01:03.360 [main] DEBUG org.hibernate.engine.TwoPhaseLoad - done materializing entity [net.lojika.gtfs.model.RoutesCdkid#gtfs.line.1.15k-0]
14:01:03.360 [main] DEBUG org.hibernate.engine.TwoPhaseLoad - resolving associations for [net.lojika.gtfs.model.Routes#istb.280363]
14:01:03.360 [main] DEBUG org.hibernate.engine.TwoPhaseLoad - done materializing entity [net.lojika.gtfs.model.Routes#istb.280363]
14:01:03.360 [main] DEBUG org.hibernate.engine.TwoPhaseLoad - resolving associations for [net.lojika.gtfs.model.RoutesCdkid#gtfs.line.1.15y-0]
14:01:03.360 [main] DEBUG org.hibernate.engine.TwoPhaseLoad - done materializing entity [net.lojika.gtfs.model.RoutesCdkid#gtfs.line.1.15y-0]
14:01:03.360 [main] DEBUG org.hibernate.engine.TwoPhaseLoad - resolving associations for [net.lojika.gtfs.model.Routes#istb.280362]
14:01:03.360 [main] DEBUG org.hibernate.engine.TwoPhaseLoad - done materializing entity [net.lojika.gtfs.model.Routes#istb.280362]
14:01:03.360 [main] DEBUG org.hibernate.engine.TwoPhaseLoad - resolving associations for [net.lojika.gtfs.model.RoutesCdkid#gtfs.line.1.15u-1]
14:01:03.360 [main] DEBUG org.hibernate.engine.TwoPhaseLoad - done materializing entity [net.lojika.gtfs.model.RoutesCdkid#gtfs.line.1.15u-1]
14:01:03.360 [main] DEBUG org.hibernate.engine.TwoPhaseLoad - resolving associations for [net.lojika.gtfs.model.RoutesCdkid#gtfs.line.1.15u-0]
14:01:03.360 [main] DEBUG org.hibernate.engine.TwoPhaseLoad - done materializing entity [net.lojika.gtfs.model.RoutesCdkid#gtfs.line.1.15u-0]
14:01:03.360 [main] DEBUG org.hibernate.engine.TwoPhaseLoad - resolving associations for [net.lojika.gtfs.model.Routes#istb.280361]
14:01:03.360 [main] DEBUG org.hibernate.engine.TwoPhaseLoad - done materializing entity [net.lojika.gtfs.model.Routes#istb.280361]
14:01:03.360 [main] DEBUG org.hibernate.engine.TwoPhaseLoad - resolving associations for [net.lojika.gtfs.model.RoutesCdkid#gtfs.line.1.15ty-1]
14:01:03.360 [main] DEBUG org.hibernate.engine.TwoPhaseLoad - done materializing entity [net.lojika.gtfs.model.RoutesCdkid#gtfs.line.1.15ty-1]
14:01:03.360 [main] DEBUG org.hibernate.engine.TwoPhaseLoad - resolving associations for [net.lojika.gtfs.model.RoutesCdkid#gtfs.line.1.15ty-0]
14:01:03.360 [main] DEBUG org.hibernate.engine.TwoPhaseLoad - done materializing entity [net.lojika.gtfs.model.RoutesCdkid#gtfs.line.1.15ty-0]
14:01:03.361 [main] DEBUG org.hibernate.engine.TwoPhaseLoad - resolving associations for [net.lojika.gtfs.model.Routes#istb.280359]
14:01:03.361 [main] DEBUG org.hibernate.engine.TwoPhaseLoad - done materializing entity [net.lojika.gtfs.model.Routes#istb.280359]
14:01:03.361 [main] DEBUG org.hibernate.engine.TwoPhaseLoad - resolving associations for [net.lojika.gtfs.model.RoutesCdkid#gtfs.line.1.15s-1]
14:01:03.361 [main] DEBUG org.hibernate.engine.TwoPhaseLoad - done materializing entity [net.lojika.gtfs.model.RoutesCdkid#gtfs.line.1.15s-1]
14:01:03.361 [main] DEBUG org.hibernate.engine.TwoPhaseLoad - resolving associations for [net.lojika.gtfs.model.RoutesCdkid#gtfs.line.1.15s-0]
14:01:03.361 [main] DEBUG org.hibernate.engine.TwoPhaseLoad - done materializing entity [net.lojika.gtfs.model.RoutesCdkid#gtfs.line.1.15s-0]
14:01:03.361 [main] DEBUG org.hibernate.engine.TwoPhaseLoad - resolving associations for [net.lojika.gtfs.model.Routes#istb.280358]
14:01:03.361 [main] DEBUG org.hibernate.engine.TwoPhaseLoad - done materializing entity [net.lojika.gtfs.model.Routes#istb.280358]
14:01:03.361 [main] DEBUG org.hibernate.engine.TwoPhaseLoad - resolving associations for [net.lojika.gtfs.model.RoutesCdkid#gtfs.line.1.15r-1]
14:01:03.361 [main] DEBUG org.hibernate.engine.TwoPhaseLoad - done materializing entity [net.lojika.gtfs.model.RoutesCdkid#gtfs.line.1.15r-1]
14:01:03.361 [main] DEBUG org.hibernate.engine.TwoPhaseLoad - resolving associations for [net.lojika.gtfs.model.RoutesCdkid#gtfs.line.1.15r-0]
14:01:03.361 [main] DEBUG org.hibernate.engine.TwoPhaseLoad - done materializing entity [net.lojika.gtfs.model.RoutesCdkid#gtfs.line.1.15r-0]
14:01:03.361 [main] DEBUG org.hibernate.engine.TwoPhaseLoad - resolving associations for [net.lojika.gtfs.model.Routes#istb.280357]
14:01:03.361 [main] DEBUG org.hibernate.engine.TwoPhaseLoad - done materializing entity [net.lojika.gtfs.model.Routes#istb.280357]
14:01:03.361 [main] DEBUG org.hibernate.engine.TwoPhaseLoad - resolving associations for [net.lojika.gtfs.model.RoutesCdkid#gtfs.line.1.15p-1]
14:01:03.361 [main] DEBUG org.hibernate.engine.TwoPhaseLoad - done materializing entity [net.lojika.gtfs.model.RoutesCdkid#gtfs.line.1.15p-1]
14:01:03.361 [main] DEBUG org.hibernate.engine.TwoPhaseLoad - resolving associations for [net.lojika.gtfs.model.RoutesCdkid#gtfs.line.1.15p-0]
14:01:03.361 [main] DEBUG org.hibernate.engine.TwoPhaseLoad - done materializing entity [net.lojika.gtfs.model.RoutesCdkid#gtfs.line.1.15p-0]
14:01:03.361 [main] DEBUG org.hibernate.engine.TwoPhaseLoad - resolving associations for [net.lojika.gtfs.model.Routes#istb.280350]
14:01:03.362 [main] DEBUG org.hibernate.engine.TwoPhaseLoad - done materializing entity [net.lojika.gtfs.model.Routes#istb.280350]
14:01:03.362 [main] DEBUG org.hibernate.engine.TwoPhaseLoad - resolving associations for [net.lojika.gtfs.model.RoutesCdkid#gtfs.line.1.15e-1]
14:01:03.362 [main] DEBUG org.hibernate.engine.TwoPhaseLoad - done materializing entity [net.lojika.gtfs.model.RoutesCdkid#gtfs.line.1.15e-1]
14:01:03.362 [main] DEBUG org.hibernate.engine.TwoPhaseLoad - resolving associations for [net.lojika.gtfs.model.RoutesCdkid#gtfs.line.1.15e-0]
14:01:03.362 [main] DEBUG org.hibernate.engine.TwoPhaseLoad - done materializing entity [net.lojika.gtfs.model.RoutesCdkid#gtfs.line.1.15e-0]
14:01:03.362 [main] DEBUG org.hibernate.engine.TwoPhaseLoad - resolving associations for [net.lojika.gtfs.model.Routes#istb.280349]
14:01:03.362 [main] DEBUG org.hibernate.engine.TwoPhaseLoad - done materializing entity [net.lojika.gtfs.model.Routes#istb.280349]
14:01:03.362 [main] DEBUG org.hibernate.engine.TwoPhaseLoad - resolving associations for [net.lojika.gtfs.model.RoutesCdkid#gtfs.line.1.15d-1]
14:01:03.362 [main] DEBUG org.hibernate.engine.TwoPhaseLoad - done materializing entity [net.lojika.gtfs.model.RoutesCdkid#gtfs.line.1.15d-1]
14:01:03.362 [main] DEBUG org.hibernate.engine.TwoPhaseLoad - resolving associations for [net.lojika.gtfs.model.RoutesCdkid#gtfs.line.1.15d-0]
14:01:03.362 [main] DEBUG org.hibernate.engine.TwoPhaseLoad - done materializing entity [net.lojika.gtfs.model.RoutesCdkid#gtfs.line.1.15d-0]
14:01:03.362 [main] DEBUG org.hibernate.engine.TwoPhaseLoad - resolving associations for [net.lojika.gtfs.model.Routes#istb.280348]
14:01:03.362 [main] DEBUG org.hibernate.engine.TwoPhaseLoad - done materializing entity [net.lojika.gtfs.model.Routes#istb.280348]
14:01:03.362 [main] DEBUG org.hibernate.engine.TwoPhaseLoad - resolving associations for [net.lojika.gtfs.model.RoutesCdkid#gtfs.line.1.15c-1]
14:01:03.362 [main] DEBUG org.hibernate.engine.TwoPhaseLoad - done materializing entity [net.lojika.gtfs.model.RoutesCdkid#gtfs.line.1.15c-1]
14:01:03.362 [main] DEBUG org.hibernate.engine.TwoPhaseLoad - resolving associations for [net.lojika.gtfs.model.RoutesCdkid#gtfs.line.1.15c-0]
14:01:03.362 [main] DEBUG org.hibernate.engine.TwoPhaseLoad - done materializing entity [net.lojika.gtfs.model.RoutesCdkid#gtfs.line.1.15c-0]
14:01:03.362 [main] DEBUG org.hibernate.engine.TwoPhaseLoad - resolving associations for [net.lojika.gtfs.model.Routes#istb.280347]
14:01:03.362 [main] DEBUG org.hibernate.engine.TwoPhaseLoad - done materializing entity [net.lojika.gtfs.model.Routes#istb.280347]
14:01:03.362 [main] DEBUG org.hibernate.engine.TwoPhaseLoad - resolving associations for [net.lojika.gtfs.model.RoutesCdkid#gtfs.line.1.15bk-1]
14:01:03.363 [main] DEBUG org.hibernate.engine.TwoPhaseLoad - done materializing entity [net.lojika.gtfs.model.RoutesCdkid#gtfs.line.1.15bk-1]
14:01:03.363 [main] DEBUG org.hibernate.engine.TwoPhaseLoad - resolving associations for [net.lojika.gtfs.model.RoutesCdkid#gtfs.line.1.15bk-0]
14:01:03.363 [main] DEBUG org.hibernate.engine.TwoPhaseLoad - done materializing entity [net.lojika.gtfs.model.RoutesCdkid#gtfs.line.1.15bk-0]
14:01:03.363 [main] DEBUG org.hibernate.engine.TwoPhaseLoad - resolving associations for [net.lojika.gtfs.model.Routes#istb.280346]
14:01:03.363 [main] DEBUG org.hibernate.engine.TwoPhaseLoad - done materializing entity [net.lojika.gtfs.model.Routes#istb.280346]
14:01:03.363 [main] DEBUG org.hibernate.engine.TwoPhaseLoad - resolving associations for [net.lojika.gtfs.model.RoutesCdkid#gtfs.line.1.15b-1]
14:01:03.363 [main] DEBUG org.hibernate.engine.TwoPhaseLoad - done materializing entity [net.lojika.gtfs.model.RoutesCdkid#gtfs.line.1.15b-1]
14:01:03.363 [main] DEBUG org.hibernate.engine.TwoPhaseLoad - resolving associations for [net.lojika.gtfs.model.RoutesCdkid#gtfs.line.1.15b-0]
14:01:03.363 [main] DEBUG org.hibernate.engine.TwoPhaseLoad - done materializing entity [net.lojika.gtfs.model.RoutesCdkid#gtfs.line.1.15b-0]
14:01:03.363 [main] DEBUG org.hibernate.engine.TwoPhaseLoad - resolving associations for [net.lojika.gtfs.model.Routes#istb.280345]
14:01:03.363 [main] DEBUG org.hibernate.engine.TwoPhaseLoad - done materializing entity [net.lojika.gtfs.model.Routes#istb.280345]
14:01:03.363 [main] DEBUG org.hibernate.engine.TwoPhaseLoad - resolving associations for [net.lojika.gtfs.model.RoutesCdkid#gtfs.line.1.15a-1]
14:01:03.363 [main] DEBUG org.hibernate.engine.TwoPhaseLoad - done materializing entity [net.lojika.gtfs.model.RoutesCdkid#gtfs.line.1.15a-1]
14:01:03.363 [main] DEBUG org.hibernate.engine.TwoPhaseLoad - resolving associations for [net.lojika.gtfs.model.RoutesCdkid#gtfs.line.1.15a-0]
14:01:03.363 [main] DEBUG org.hibernate.engine.TwoPhaseLoad - done materializing entity [net.lojika.gtfs.model.RoutesCdkid#gtfs.line.1.15a-0]
14:01:03.363 [main] DEBUG org.hibernate.engine.TwoPhaseLoad - resolving associations for [net.lojika.gtfs.model.Routes#istb.280344]
14:01:03.363 [main] DEBUG org.hibernate.engine.TwoPhaseLoad - done materializing entity [net.lojika.gtfs.model.Routes#istb.280344]
14:01:03.363 [main] DEBUG org.hibernate.engine.TwoPhaseLoad - resolving associations for [net.lojika.gtfs.model.RoutesCdkid#gtfs.line.1.153-1]
14:01:03.363 [main] DEBUG org.hibernate.engine.TwoPhaseLoad - done materializing entity [net.lojika.gtfs.model.RoutesCdkid#gtfs.line.1.153-1]
14:01:03.364 [main] DEBUG org.hibernate.engine.TwoPhaseLoad - resolving associations for [net.lojika.gtfs.model.RoutesCdkid#gtfs.line.1.153-0]
14:01:03.364 [main] DEBUG org.hibernate.engine.TwoPhaseLoad - done materializing entity [net.lojika.gtfs.model.RoutesCdkid#gtfs.line.1.153-0]
14:01:03.364 [main] DEBUG org.hibernate.engine.TwoPhaseLoad - resolving associations for [net.lojika.gtfs.model.Routes#istb.280342]
14:01:03.364 [main] DEBUG org.hibernate.engine.TwoPhaseLoad - done materializing entity [net.lojika.gtfs.model.Routes#istb.280342]
14:01:03.364 [main] DEBUG org.hibernate.engine.TwoPhaseLoad - resolving associations for [net.lojika.gtfs.model.RoutesCdkid#gtfs.line.1.152-1]
14:01:03.364 [main] DEBUG org.hibernate.engine.TwoPhaseLoad - done materializing entity [net.lojika.gtfs.model.RoutesCdkid#gtfs.line.1.152-1]
14:01:03.364 [main] DEBUG org.hibernate.engine.TwoPhaseLoad - resolving associations for [net.lojika.gtfs.model.RoutesCdkid#gtfs.line.1.152-0]
14:01:03.364 [main] DEBUG org.hibernate.engine.TwoPhaseLoad - done materializing entity [net.lojika.gtfs.model.RoutesCdkid#gtfs.line.1.152-0]
14:01:03.364 [main] DEBUG org.hibernate.engine.TwoPhaseLoad - resolving associations for [net.lojika.gtfs.model.Routes#istb.280341]
14:01:03.364 [main] DEBUG org.hibernate.engine.TwoPhaseLoad - done materializing entity [net.lojika.gtfs.model.Routes#istb.280341]
14:01:03.364 [main] DEBUG org.hibernate.engine.TwoPhaseLoad - resolving associations for [net.lojika.gtfs.model.RoutesCdkid#gtfs.line.1.151-1]
14:01:03.364 [main] DEBUG org.hibernate.engine.TwoPhaseLoad - done materializing entity [net.lojika.gtfs.model.RoutesCdkid#gtfs.line.1.151-1]
14:01:03.364 [main] DEBUG org.hibernate.engine.TwoPhaseLoad - resolving associations for [net.lojika.gtfs.model.RoutesCdkid#gtfs.line.1.151-0]
14:01:03.364 [main] DEBUG org.hibernate.engine.TwoPhaseLoad - done materializing entity [net.lojika.gtfs.model.RoutesCdkid#gtfs.line.1.151-0]
14:01:03.364 [main] DEBUG org.hibernate.engine.TwoPhaseLoad - resolving associations for [net.lojika.gtfs.model.Routes#istb.280340]
14:01:03.364 [main] DEBUG org.hibernate.engine.TwoPhaseLoad - done materializing entity [net.lojika.gtfs.model.Routes#istb.280340]
14:01:03.364 [main] DEBUG org.hibernate.engine.TwoPhaseLoad - resolving associations for [net.lojika.gtfs.model.RoutesCdkid#gtfs.line.1.150-1]
14:01:03.364 [main] DEBUG org.hibernate.engine.TwoPhaseLoad - done materializing entity [net.lojika.gtfs.model.RoutesCdkid#gtfs.line.1.150-1]
14:01:03.364 [main] DEBUG org.hibernate.engine.TwoPhaseLoad - resolving associations for [net.lojika.gtfs.model.RoutesCdkid#gtfs.line.1.150-0]
14:01:03.365 [main] DEBUG org.hibernate.engine.TwoPhaseLoad - done materializing entity [net.lojika.gtfs.model.RoutesCdkid#gtfs.line.1.150-0]
14:01:03.365 [main] DEBUG org.hibernate.engine.TwoPhaseLoad - resolving associations for [net.lojika.gtfs.model.Routes#istb.280339]
14:01:03.365 [main] DEBUG org.hibernate.engine.TwoPhaseLoad - done materializing entity [net.lojika.gtfs.model.Routes#istb.280339]
14:01:03.365 [main] DEBUG org.hibernate.engine.TwoPhaseLoad - resolving associations for [net.lojika.gtfs.model.RoutesCdkid#gtfs.line.1.15-1]
14:01:03.365 [main] DEBUG org.hibernate.engine.TwoPhaseLoad - done materializing entity [net.lojika.gtfs.model.RoutesCdkid#gtfs.line.1.15-1]
14:01:03.365 [main] DEBUG org.hibernate.engine.TwoPhaseLoad - resolving associations for [net.lojika.gtfs.model.RoutesCdkid#gtfs.line.1.15-0]
14:01:03.365 [main] DEBUG org.hibernate.engine.TwoPhaseLoad - done materializing entity [net.lojika.gtfs.model.RoutesCdkid#gtfs.line.1.15-0]
14:01:03.365 [main] DEBUG org.hibernate.engine.TwoPhaseLoad - resolving associations for [net.lojika.gtfs.model.Routes#istb.280338]
14:01:03.365 [main] DEBUG org.hibernate.engine.TwoPhaseLoad - done materializing entity [net.lojika.gtfs.model.Routes#istb.280338]
14:01:03.365 [main] DEBUG org.hibernate.engine.TwoPhaseLoad - resolving associations for [net.lojika.gtfs.model.RoutesCdkid#gtfs.line.1.14b-1]
14:01:03.365 [main] DEBUG org.hibernate.engine.TwoPhaseLoad - done materializing entity [net.lojika.gtfs.model.RoutesCdkid#gtfs.line.1.14b-1]
14:01:03.365 [main] DEBUG org.hibernate.engine.TwoPhaseLoad - resolving associations for [net.lojika.gtfs.model.RoutesCdkid#gtfs.line.1.14b-0]
14:01:03.365 [main] DEBUG org.hibernate.engine.TwoPhaseLoad - done materializing entity [net.lojika.gtfs.model.RoutesCdkid#gtfs.line.1.14b-0]
14:01:03.365 [main] DEBUG org.hibernate.engine.TwoPhaseLoad - resolving associations for [net.lojika.gtfs.model.Routes#istb.280337]
14:01:03.365 [main] DEBUG org.hibernate.engine.TwoPhaseLoad - done materializing entity [net.lojika.gtfs.model.Routes#istb.280337]
14:01:03.365 [main] DEBUG org.hibernate.engine.TwoPhaseLoad - resolving associations for [net.lojika.gtfs.model.RoutesCdkid#gtfs.line.1.14k-1]
14:01:03.365 [main] DEBUG org.hibernate.engine.TwoPhaseLoad - done materializing entity [net.lojika.gtfs.model.RoutesCdkid#gtfs.line.1.14k-1]
14:01:03.365 [main] DEBUG org.hibernate.engine.TwoPhaseLoad - resolving associations for [net.lojika.gtfs.model.RoutesCdkid#gtfs.line.1.14k-0]
14:01:03.365 [main] DEBUG org.hibernate.engine.TwoPhaseLoad - done materializing entity [net.lojika.gtfs.model.RoutesCdkid#gtfs.line.1.14k-0]
14:01:03.366 [main] DEBUG org.hibernate.engine.TwoPhaseLoad - resolving associations for [net.lojika.gtfs.model.Routes#istb.280336]
14:01:03.366 [main] DEBUG org.hibernate.engine.TwoPhaseLoad - done materializing entity [net.lojika.gtfs.model.Routes#istb.280336]
14:01:03.366 [main] DEBUG org.hibernate.engine.TwoPhaseLoad - resolving associations for [net.lojika.gtfs.model.RoutesCdkid#gtfs.line.1.14y-1]
14:01:03.366 [main] DEBUG org.hibernate.engine.TwoPhaseLoad - done materializing entity [net.lojika.gtfs.model.RoutesCdkid#gtfs.line.1.14y-1]
14:01:03.366 [main] DEBUG org.hibernate.engine.TwoPhaseLoad - resolving associations for [net.lojika.gtfs.model.RoutesCdkid#gtfs.line.1.14y-0]
14:01:03.366 [main] DEBUG org.hibernate.engine.TwoPhaseLoad - done materializing entity [net.lojika.gtfs.model.RoutesCdkid#gtfs.line.1.14y-0]
14:01:03.366 [main] DEBUG org.hibernate.engine.TwoPhaseLoad - resolving associations for [net.lojika.gtfs.model.Routes#istb.280335]
14:01:03.366 [main] DEBUG org.hibernate.engine.TwoPhaseLoad - done materializing entity [net.lojika.gtfs.model.Routes#istb.280335]
14:01:03.366 [main] DEBUG org.hibernate.engine.TwoPhaseLoad - resolving associations for [net.lojika.gtfs.model.RoutesCdkid#gtfs.line.1.14s-1]
14:01:03.366 [main] DEBUG org.hibernate.engine.TwoPhaseLoad - done materializing entity [net.lojika.gtfs.model.RoutesCdkid#gtfs.line.1.14s-1]
14:01:03.366 [main] DEBUG org.hibernate.engine.TwoPhaseLoad - resolving associations for [net.lojika.gtfs.model.RoutesCdkid#gtfs.line.1.14s-0]
14:01:03.366 [main] DEBUG org.hibernate.engine.TwoPhaseLoad - done materializing entity [net.lojika.gtfs.model.RoutesCdkid#gtfs.line.1.14s-0]
14:01:03.366 [main] DEBUG org.hibernate.engine.TwoPhaseLoad - resolving associations for [net.lojika.gtfs.model.Routes#istb.280334]
14:01:03.366 [main] DEBUG org.hibernate.engine.TwoPhaseLoad - done materializing entity [net.lojika.gtfs.model.Routes#istb.280334]
14:01:03.366 [main] DEBUG org.hibernate.engine.TwoPhaseLoad - resolving associations for [net.lojika.gtfs.model.RoutesCdkid#gtfs.line.1.14r-1]
14:01:03.366 [main] DEBUG org.hibernate.engine.TwoPhaseLoad - done materializing entity [net.lojika.gtfs.model.RoutesCdkid#gtfs.line.1.14r-1]
14:01:03.366 [main] DEBUG org.hibernate.engine.TwoPhaseLoad - resolving associations for [net.lojika.gtfs.model.RoutesCdkid#gtfs.line.1.14r-0]
14:01:03.366 [main] DEBUG org.hibernate.engine.TwoPhaseLoad - done materializing entity [net.lojika.gtfs.model.RoutesCdkid#gtfs.line.1.14r-0]
14:01:03.367 [main] DEBUG org.hibernate.engine.TwoPhaseLoad - resolving associations for [net.lojika.gtfs.model.Routes#istb.280333]
14:01:03.367 [main] DEBUG org.hibernate.engine.TwoPhaseLoad - done materializing entity [net.lojika.gtfs.model.Routes#istb.280333]
14:01:03.367 [main] DEBUG org.hibernate.engine.TwoPhaseLoad - resolving associations for [net.lojika.gtfs.model.RoutesCdkid#gtfs.line.1.14m-1]
14:01:03.367 [main] DEBUG org.hibernate.engine.TwoPhaseLoad - done materializing entity [net.lojika.gtfs.model.RoutesCdkid#gtfs.line.1.14m-1]
14:01:03.367 [main] DEBUG org.hibernate.engine.TwoPhaseLoad - resolving associations for [net.lojika.gtfs.model.RoutesCdkid#gtfs.line.1.14m-0]
14:01:03.367 [main] DEBUG org.hibernate.engine.TwoPhaseLoad - done materializing entity [net.lojika.gtfs.model.RoutesCdkid#gtfs.line.1.14m-0]
14:01:03.367 [main] DEBUG org.hibernate.engine.TwoPhaseLoad - resolving associations for [net.lojika.gtfs.model.Routes#istb.280332]
14:01:03.367 [main] DEBUG org.hibernate.engine.TwoPhaseLoad - done materializing entity [net.lojika.gtfs.model.Routes#istb.280332]
14:01:03.367 [main] DEBUG org.hibernate.engine.TwoPhaseLoad - resolving associations for [net.lojika.gtfs.model.RoutesCdkid#gtfs.line.1.14ks-1]
14:01:03.367 [main] DEBUG org.hibernate.engine.TwoPhaseLoad - done materializing entity [net.lojika.gtfs.model.RoutesCdkid#gtfs.line.1.14ks-1]
14:01:03.367 [main] DEBUG org.hibernate.engine.TwoPhaseLoad - resolving associations for [net.lojika.gtfs.model.RoutesCdkid#gtfs.line.1.14ks-0]
14:01:03.367 [main] DEBUG org.hibernate.engine.TwoPhaseLoad - done materializing entity [net.lojika.gtfs.model.RoutesCdkid#gtfs.line.1.14ks-0]
14:01:03.367 [main] DEBUG org.hibernate.engine.TwoPhaseLoad - resolving associations for [net.lojika.gtfs.model.Routes#istb.280330]
14:01:03.367 [main] DEBUG org.hibernate.engine.TwoPhaseLoad - done materializing entity [net.lojika.gtfs.model.Routes#istb.280330]
14:01:03.367 [main] DEBUG org.hibernate.engine.TwoPhaseLoad - resolving associations for [net.lojika.gtfs.model.RoutesCdkid#gtfs.line.1.14f-1]
14:01:03.367 [main] DEBUG org.hibernate.engine.TwoPhaseLoad - done materializing entity [net.lojika.gtfs.model.RoutesCdkid#gtfs.line.1.14f-1]
14:01:03.367 [main] DEBUG org.hibernate.engine.TwoPhaseLoad - resolving associations for [net.lojika.gtfs.model.RoutesCdkid#gtfs.line.1.14f-0]
14:01:03.367 [main] DEBUG org.hibernate.engine.TwoPhaseLoad - done materializing entity [net.lojika.gtfs.model.RoutesCdkid#gtfs.line.1.14f-0]
14:01:03.367 [main] DEBUG org.hibernate.engine.TwoPhaseLoad - resolving associations for [net.lojika.gtfs.model.Routes#istb.280329]
14:01:03.368 [main] DEBUG org.hibernate.engine.TwoPhaseLoad - done materializing entity [net.lojika.gtfs.model.Routes#istb.280329]
14:01:03.368 [main] DEBUG org.hibernate.engine.TwoPhaseLoad - resolving associations for [net.lojika.gtfs.model.RoutesCdkid#gtfs.line.1.14es-1]
14:01:03.368 [main] DEBUG org.hibernate.engine.TwoPhaseLoad - done materializing entity [net.lojika.gtfs.model.RoutesCdkid#gtfs.line.1.14es-1]
14:01:03.368 [main] DEBUG org.hibernate.engine.TwoPhaseLoad - resolving associations for [net.lojika.gtfs.model.Routes#istb.280328]
14:01:03.368 [main] DEBUG org.hibernate.engine.TwoPhaseLoad - done materializing entity [net.lojika.gtfs.model.Routes#istb.280328]
14:01:03.368 [main] DEBUG org.hibernate.engine.TwoPhaseLoad - resolving associations for [net.lojika.gtfs.model.RoutesCdkid#gtfs.line.1.14e-1]
14:01:03.368 [main] DEBUG org.hibernate.engine.TwoPhaseLoad - done materializing entity [net.lojika.gtfs.model.RoutesCdkid#gtfs.line.1.14e-1]
14:01:03.368 [main] DEBUG org.hibernate.engine.TwoPhaseLoad - resolving associations for [net.lojika.gtfs.model.RoutesCdkid#gtfs.line.1.14e-0]
14:01:03.368 [main] DEBUG org.hibernate.engine.TwoPhaseLoad - done materializing entity [net.lojika.gtfs.model.RoutesCdkid#gtfs.line.1.14e-0]
14:01:03.368 [main] DEBUG org.hibernate.engine.TwoPhaseLoad - resolving associations for [net.lojika.gtfs.model.Routes#istb.280327]
14:01:03.368 [main] DEBUG org.hibernate.engine.TwoPhaseLoad - done materializing entity [net.lojika.gtfs.model.Routes#istb.280327]
14:01:03.368 [main] DEBUG org.hibernate.engine.TwoPhaseLoad - resolving associations for [net.lojika.gtfs.model.RoutesCdkid#gtfs.line.1.14dk-1]
14:01:03.368 [main] DEBUG org.hibernate.engine.TwoPhaseLoad - done materializing entity [net.lojika.gtfs.model.RoutesCdkid#gtfs.line.1.14dk-1]
14:01:03.368 [main] DEBUG org.hibernate.engine.TwoPhaseLoad - resolving associations for [net.lojika.gtfs.model.RoutesCdkid#gtfs.line.1.14dk-0]
14:01:03.368 [main] DEBUG org.hibernate.engine.TwoPhaseLoad - done materializing entity [net.lojika.gtfs.model.RoutesCdkid#gtfs.line.1.14dk-0]
14:01:03.368 [main] DEBUG org.hibernate.engine.TwoPhaseLoad - resolving associations for [net.lojika.gtfs.model.Routes#istb.280326]
14:01:03.368 [main] DEBUG org.hibernate.engine.TwoPhaseLoad - done materializing entity [net.lojika.gtfs.model.Routes#istb.280326]
14:01:03.368 [main] DEBUG org.hibernate.engine.TwoPhaseLoad - resolving associations for [net.lojika.gtfs.model.RoutesCdkid#gtfs.line.1.14d-1]
14:01:03.368 [main] DEBUG org.hibernate.engine.TwoPhaseLoad - done materializing entity [net.lojika.gtfs.model.RoutesCdkid#gtfs.line.1.14d-1]
14:01:03.369 [main] DEBUG org.hibernate.engine.TwoPhaseLoad - resolving associations for [net.lojika.gtfs.model.RoutesCdkid#gtfs.line.1.14d-0]
14:01:03.369 [main] DEBUG org.hibernate.engine.TwoPhaseLoad - done materializing entity [net.lojika.gtfs.model.RoutesCdkid#gtfs.line.1.14d-0]
14:01:03.369 [main] DEBUG org.hibernate.engine.TwoPhaseLoad - resolving associations for [net.lojika.gtfs.model.Routes#istb.280325]
14:01:03.369 [main] DEBUG org.hibernate.engine.TwoPhaseLoad - done materializing entity [net.lojika.gtfs.model.Routes#istb.280325]
14:01:03.369 [main] DEBUG org.hibernate.engine.TwoPhaseLoad - resolving associations for [net.lojika.gtfs.model.RoutesCdkid#gtfs.line.1.14c-1]
14:01:03.369 [main] DEBUG org.hibernate.engine.TwoPhaseLoad - done materializing entity [net.lojika.gtfs.model.RoutesCdkid#gtfs.line.1.14c-1]
14:01:03.369 [main] DEBUG org.hibernate.engine.TwoPhaseLoad - resolving associations for [net.lojika.gtfs.model.RoutesCdkid#gtfs.line.1.14c-0]
14:01:03.369 [main] DEBUG org.hibernate.engine.TwoPhaseLoad - done materializing entity [net.lojika.gtfs.model.RoutesCdkid#gtfs.line.1.14c-0]
14:01:03.369 [main] DEBUG org.hibernate.engine.TwoPhaseLoad - resolving associations for [net.lojika.gtfs.model.Routes#istb.280324]
14:01:03.369 [main] DEBUG org.hibernate.engine.TwoPhaseLoad - done materializing entity [net.lojika.gtfs.model.Routes#istb.280324]
14:01:03.369 [main] DEBUG org.hibernate.engine.TwoPhaseLoad - resolving associations for [net.lojika.gtfs.model.RoutesCdkid#gtfs.line.1.14bk-1]
14:01:03.369 [main] DEBUG org.hibernate.engine.TwoPhaseLoad - done materializing entity [net.lojika.gtfs.model.RoutesCdkid#gtfs.line.1.14bk-1]
14:01:03.369 [main] DEBUG org.hibernate.engine.TwoPhaseLoad - resolving associations for [net.lojika.gtfs.model.RoutesCdkid#gtfs.line.1.14bk-0]
14:01:03.369 [main] DEBUG org.hibernate.engine.TwoPhaseLoad - done materializing entity [net.lojika.gtfs.model.RoutesCdkid#gtfs.line.1.14bk-0]
14:01:03.369 [main] DEBUG org.hibernate.engine.TwoPhaseLoad - resolving associations for [net.lojika.gtfs.model.Routes#istb.280322]
14:01:03.369 [main] DEBUG org.hibernate.engine.TwoPhaseLoad - done materializing entity [net.lojika.gtfs.model.Routes#istb.280322]
14:01:03.369 [main] DEBUG org.hibernate.engine.TwoPhaseLoad - resolving associations for [net.lojika.gtfs.model.RoutesCdkid#gtfs.line.1.14ak-1]
14:01:03.369 [main] DEBUG org.hibernate.engine.TwoPhaseLoad - done materializing entity [net.lojika.gtfs.model.RoutesCdkid#gtfs.line.1.14ak-1]
14:01:03.369 [main] DEBUG org.hibernate.engine.TwoPhaseLoad - resolving associations for [net.lojika.gtfs.model.Routes#istb.280321]
14:01:03.370 [main] DEBUG org.hibernate.engine.TwoPhaseLoad - done materializing entity [net.lojika.gtfs.model.Routes#istb.280321]
14:01:03.370 [main] DEBUG org.hibernate.engine.TwoPhaseLoad - resolving associations for [net.lojika.gtfs.model.RoutesCdkid#gtfs.line.1.14a-1]
14:01:03.370 [main] DEBUG org.hibernate.engine.TwoPhaseLoad - done materializing entity [net.lojika.gtfs.model.RoutesCdkid#gtfs.line.1.14a-1]
14:01:03.370 [main] DEBUG org.hibernate.engine.TwoPhaseLoad - resolving associations for [net.lojika.gtfs.model.RoutesCdkid#gtfs.line.1.14a-0]
14:01:03.370 [main] DEBUG org.hibernate.engine.TwoPhaseLoad - done materializing entity [net.lojika.gtfs.model.RoutesCdkid#gtfs.line.1.14a-0]
14:01:03.370 [main] DEBUG org.hibernate.engine.TwoPhaseLoad - resolving associations for [net.lojika.gtfs.model.Routes#istb.280320]
14:01:03.370 [main] DEBUG org.hibernate.engine.TwoPhaseLoad - done materializing entity [net.lojika.gtfs.model.Routes#istb.280320]
14:01:03.370 [main] DEBUG org.hibernate.engine.TwoPhaseLoad - resolving associations for [net.lojika.gtfs.model.RoutesCdkid#gtfs.line.1.147-1]
14:01:03.370 [main] DEBUG org.hibernate.engine.TwoPhaseLoad - done materializing entity [net.lojika.gtfs.model.RoutesCdkid#gtfs.line.1.147-1]
14:01:03.370 [main] DEBUG org.hibernate.engine.TwoPhaseLoad - resolving associations for [net.lojika.gtfs.model.RoutesCdkid#gtfs.line.1.147-0]
14:01:03.370 [main] DEBUG org.hibernate.engine.TwoPhaseLoad - done materializing entity [net.lojika.gtfs.model.RoutesCdkid#gtfs.line.1.147-0]
14:01:03.370 [main] DEBUG org.hibernate.engine.TwoPhaseLoad - resolving associations for [net.lojika.gtfs.model.Routes#istb.280319]
14:01:03.370 [main] DEBUG org.hibernate.engine.TwoPhaseLoad - done materializing entity [net.lojika.gtfs.model.Routes#istb.280319]
14:01:03.370 [main] DEBUG org.hibernate.engine.TwoPhaseLoad - resolving associations for [net.lojika.gtfs.model.RoutesCdkid#gtfs.line.1.146t-1]
14:01:03.370 [main] DEBUG org.hibernate.engine.TwoPhaseLoad - done materializing entity [net.lojika.gtfs.model.RoutesCdkid#gtfs.line.1.146t-1]
14:01:03.370 [main] DEBUG org.hibernate.engine.TwoPhaseLoad - resolving associations for [net.lojika.gtfs.model.RoutesCdkid#gtfs.line.1.146t-0]
14:01:03.370 [main] DEBUG org.hibernate.engine.TwoPhaseLoad - done materializing entity [net.lojika.gtfs.model.RoutesCdkid#gtfs.line.1.146t-0]
14:01:03.370 [main] DEBUG org.hibernate.engine.TwoPhaseLoad - resolving associations for [net.lojika.gtfs.model.Routes#istb.280318]
14:01:03.371 [main] DEBUG org.hibernate.engine.TwoPhaseLoad - done materializing entity [net.lojika.gtfs.model.Routes#istb.280318]
14:01:03.371 [main] DEBUG org.hibernate.engine.TwoPhaseLoad - resolving associations for [net.lojika.gtfs.model.RoutesCdkid#gtfs.line.1.146m-1]
14:01:03.371 [main] DEBUG org.hibernate.engine.TwoPhaseLoad - done materializing entity [net.lojika.gtfs.model.RoutesCdkid#gtfs.line.1.146m-1]
14:01:03.371 [main] DEBUG org.hibernate.engine.TwoPhaseLoad - resolving associations for [net.lojika.gtfs.model.RoutesCdkid#gtfs.line.1.146m-0]
14:01:03.371 [main] DEBUG org.hibernate.engine.TwoPhaseLoad - done materializing entity [net.lojika.gtfs.model.RoutesCdkid#gtfs.line.1.146m-0]
14:01:03.371 [main] DEBUG org.hibernate.engine.TwoPhaseLoad - resolving associations for [net.lojika.gtfs.model.Routes#istb.280316]
14:01:03.371 [main] DEBUG org.hibernate.engine.TwoPhaseLoad - done materializing entity [net.lojika.gtfs.model.Routes#istb.280316]
14:01:03.371 [main] DEBUG org.hibernate.engine.TwoPhaseLoad - resolving associations for [net.lojika.gtfs.model.RoutesCdkid#gtfs.line.1.146b-1]
14:01:03.371 [main] DEBUG org.hibernate.engine.TwoPhaseLoad - done materializing entity [net.lojika.gtfs.model.RoutesCdkid#gtfs.line.1.146b-1]
14:01:03.371 [main] DEBUG org.hibernate.engine.TwoPhaseLoad - resolving associations for [net.lojika.gtfs.model.RoutesCdkid#gtfs.line.1.146b-0]
14:01:03.371 [main] DEBUG org.hibernate.engine.TwoPhaseLoad - done materializing entity [net.lojika.gtfs.model.RoutesCdkid#gtfs.line.1.146b-0]
14:01:03.371 [main] DEBUG org.hibernate.engine.TwoPhaseLoad - resolving associations for [net.lojika.gtfs.model.Routes#istb.280315]
14:01:03.371 [main] DEBUG org.hibernate.engine.TwoPhaseLoad - done materializing entity [net.lojika.gtfs.model.Routes#istb.280315]
14:01:03.371 [main] DEBUG org.hibernate.engine.TwoPhaseLoad - resolving associations for [net.lojika.gtfs.model.RoutesCdkid#gtfs.line.1.146-1]
14:01:03.371 [main] DEBUG org.hibernate.engine.TwoPhaseLoad - done materializing entity [net.lojika.gtfs.model.RoutesCdkid#gtfs.line.1.146-1]
14:01:03.371 [main] DEBUG org.hibernate.engine.TwoPhaseLoad - resolving associations for [net.lojika.gtfs.model.RoutesCdkid#gtfs.line.1.146-0]
14:01:03.371 [main] DEBUG org.hibernate.engine.TwoPhaseLoad - done materializing entity [net.lojika.gtfs.model.RoutesCdkid#gtfs.line.1.146-0]
14:01:03.371 [main] DEBUG org.hibernate.engine.TwoPhaseLoad - resolving associations for [net.lojika.gtfs.model.Routes#istb.280314]
14:01:03.372 [main] DEBUG org.hibernate.engine.TwoPhaseLoad - done materializing entity [net.lojika.gtfs.model.Routes#istb.280314]
14:01:03.372 [main] DEBUG org.hibernate.engine.TwoPhaseLoad - resolving associations for [net.lojika.gtfs.model.RoutesCdkid#gtfs.line.1.145t-1]
14:01:03.372 [main] DEBUG org.hibernate.engine.TwoPhaseLoad - done materializing entity [net.lojika.gtfs.model.RoutesCdkid#gtfs.line.1.145t-1]
14:01:03.372 [main] DEBUG org.hibernate.engine.TwoPhaseLoad - resolving associations for [net.lojika.gtfs.model.RoutesCdkid#gtfs.line.1.145t-0]
14:01:03.372 [main] DEBUG org.hibernate.engine.TwoPhaseLoad - done materializing entity [net.lojika.gtfs.model.RoutesCdkid#gtfs.line.1.145t-0]
14:01:03.372 [main] DEBUG org.hibernate.engine.TwoPhaseLoad - resolving associations for [net.lojika.gtfs.model.Routes#istb.280313]
14:01:03.372 [main] DEBUG org.hibernate.engine.TwoPhaseLoad - done materializing entity [net.lojika.gtfs.model.Routes#istb.280313]
14:01:03.372 [main] DEBUG org.hibernate.engine.TwoPhaseLoad - resolving associations for [net.lojika.gtfs.model.RoutesCdkid#gtfs.line.1.145m-1]
14:01:03.372 [main] DEBUG org.hibernate.engine.TwoPhaseLoad - done materializing entity [net.lojika.gtfs.model.RoutesCdkid#gtfs.line.1.145m-1]
14:01:03.372 [main] DEBUG org.hibernate.engine.TwoPhaseLoad - resolving associations for [net.lojika.gtfs.model.RoutesCdkid#gtfs.line.1.145m-0]
14:01:03.372 [main] DEBUG org.hibernate.engine.TwoPhaseLoad - done materializing entity [net.lojika.gtfs.model.RoutesCdkid#gtfs.line.1.145m-0]
14:01:03.372 [main] DEBUG org.hibernate.engine.TwoPhaseLoad - resolving associations for [net.lojika.gtfs.model.Routes#istb.280311]
14:01:03.372 [main] DEBUG org.hibernate.engine.TwoPhaseLoad - done materializing entity [net.lojika.gtfs.model.Routes#istb.280311]
14:01:03.372 [main] DEBUG org.hibernate.engine.TwoPhaseLoad - resolving associations for [net.lojika.gtfs.model.RoutesCdkid#gtfs.line.1.145-1]
14:01:03.372 [main] DEBUG org.hibernate.engine.TwoPhaseLoad - done materializing entity [net.lojika.gtfs.model.RoutesCdkid#gtfs.line.1.145-1]
14:01:03.372 [main] DEBUG org.hibernate.engine.TwoPhaseLoad - resolving associations for [net.lojika.gtfs.model.RoutesCdkid#gtfs.line.1.145-0]
14:01:03.372 [main] DEBUG org.hibernate.engine.TwoPhaseLoad - done materializing entity [net.lojika.gtfs.model.RoutesCdkid#gtfs.line.1.145-0]
14:01:03.373 [main] DEBUG org.hibernate.engine.TwoPhaseLoad - resolving associations for [net.lojika.gtfs.model.Routes#istb.280309]
14:01:03.373 [main] DEBUG org.hibernate.engine.TwoPhaseLoad - done materializing entity [net.lojika.gtfs.model.Routes#istb.280309]
14:01:03.373 [main] DEBUG org.hibernate.engine.TwoPhaseLoad - resolving associations for [net.lojika.gtfs.model.RoutesCdkid#gtfs.line.1.143-1]
14:01:03.373 [main] DEBUG org.hibernate.engine.TwoPhaseLoad - done materializing entity [net.lojika.gtfs.model.RoutesCdkid#gtfs.line.1.143-1]
14:01:03.373 [main] DEBUG org.hibernate.engine.TwoPhaseLoad - resolving associations for [net.lojika.gtfs.model.RoutesCdkid#gtfs.line.1.143-0]
14:01:03.373 [main] DEBUG org.hibernate.engine.TwoPhaseLoad - done materializing entity [net.lojika.gtfs.model.RoutesCdkid#gtfs.line.1.143-0]
14:01:03.373 [main] DEBUG org.hibernate.engine.TwoPhaseLoad - resolving associations for [net.lojika.gtfs.model.Routes#istb.280307]
14:01:03.373 [main] DEBUG org.hibernate.engine.TwoPhaseLoad - done materializing entity [net.lojika.gtfs.model.Routes#istb.280307]
14:01:03.373 [main] DEBUG org.hibernate.engine.TwoPhaseLoad - resolving associations for [net.lojika.gtfs.model.RoutesCdkid#gtfs.line.1.142f-1]
14:01:03.373 [main] DEBUG org.hibernate.engine.TwoPhaseLoad - done materializing entity [net.lojika.gtfs.model.RoutesCdkid#gtfs.line.1.142f-1]
14:01:03.373 [main] DEBUG org.hibernate.engine.TwoPhaseLoad - resolving associations for [net.lojika.gtfs.model.RoutesCdkid#gtfs.line.1.142f-0]
14:01:03.373 [main] DEBUG org.hibernate.engine.TwoPhaseLoad - done materializing entity [net.lojika.gtfs.model.RoutesCdkid#gtfs.line.1.142f-0]
14:01:03.373 [main] DEBUG org.hibernate.engine.TwoPhaseLoad - resolving associations for [net.lojika.gtfs.model.Routes#istb.280304]
14:01:03.373 [main] DEBUG org.hibernate.engine.TwoPhaseLoad - done materializing entity [net.lojika.gtfs.model.Routes#istb.280304]
14:01:03.373 [main] DEBUG org.hibernate.engine.TwoPhaseLoad - resolving associations for [net.lojika.gtfs.model.RoutesCdkid#gtfs.line.1.142a-1]
14:01:03.373 [main] DEBUG org.hibernate.engine.TwoPhaseLoad - done materializing entity [net.lojika.gtfs.model.RoutesCdkid#gtfs.line.1.142a-1]
14:01:03.373 [main] DEBUG org.hibernate.engine.TwoPhaseLoad - resolving associations for [net.lojika.gtfs.model.RoutesCdkid#gtfs.line.1.142a-0]
14:01:03.373 [main] DEBUG org.hibernate.engine.TwoPhaseLoad - done materializing entity [net.lojika.gtfs.model.RoutesCdkid#gtfs.line.1.142a-0]
14:01:03.374 [main] DEBUG org.hibernate.engine.TwoPhaseLoad - resolving associations for [net.lojika.gtfs.model.Routes#istb.280303]
14:01:03.374 [main] DEBUG org.hibernate.engine.TwoPhaseLoad - done materializing entity [net.lojika.gtfs.model.Routes#istb.280303]
14:01:03.374 [main] DEBUG org.hibernate.engine.TwoPhaseLoad - resolving associations for [net.lojika.gtfs.model.RoutesCdkid#gtfs.line.1.142-1]
14:01:03.374 [main] DEBUG org.hibernate.engine.TwoPhaseLoad - done materializing entity [net.lojika.gtfs.model.RoutesCdkid#gtfs.line.1.142-1]
14:01:03.374 [main] DEBUG org.hibernate.engine.TwoPhaseLoad - resolving associations for [net.lojika.gtfs.model.RoutesCdkid#gtfs.line.1.142-0]
14:01:03.374 [main] DEBUG org.hibernate.engine.TwoPhaseLoad - done materializing entity [net.lojika.gtfs.model.RoutesCdkid#gtfs.line.1.142-0]
14:01:03.374 [main] DEBUG org.hibernate.engine.TwoPhaseLoad - resolving associations for [net.lojika.gtfs.model.Routes#istb.280300]
14:01:03.374 [main] DEBUG org.hibernate.engine.TwoPhaseLoad - done materializing entity [net.lojika.gtfs.model.Routes#istb.280300]
14:01:03.374 [main] DEBUG org.hibernate.engine.TwoPhaseLoad - resolving associations for [net.lojika.gtfs.model.RoutesCdkid#gtfs.line.1.14-1]
14:01:03.374 [main] DEBUG org.hibernate.engine.TwoPhaseLoad - done materializing entity [net.lojika.gtfs.model.RoutesCdkid#gtfs.line.1.14-1]
14:01:03.374 [main] DEBUG org.hibernate.engine.TwoPhaseLoad - resolving associations for [net.lojika.gtfs.model.RoutesCdkid#gtfs.line.1.14-0]
14:01:03.374 [main] DEBUG org.hibernate.engine.TwoPhaseLoad - done materializing entity [net.lojika.gtfs.model.RoutesCdkid#gtfs.line.1.14-0]
14:01:03.374 [main] DEBUG org.hibernate.engine.TwoPhaseLoad - resolving associations for [net.lojika.gtfs.model.Routes#istb.280299]
14:01:03.374 [main] DEBUG org.hibernate.engine.TwoPhaseLoad - done materializing entity [net.lojika.gtfs.model.Routes#istb.280299]
14:01:03.374 [main] DEBUG org.hibernate.engine.TwoPhaseLoad - resolving associations for [net.lojika.gtfs.model.RoutesCdkid#gtfs.line.1.13b-1]
14:01:03.374 [main] DEBUG org.hibernate.engine.TwoPhaseLoad - done materializing entity [net.lojika.gtfs.model.RoutesCdkid#gtfs.line.1.13b-1]
14:01:03.374 [main] DEBUG org.hibernate.engine.TwoPhaseLoad - resolving associations for [net.lojika.gtfs.model.RoutesCdkid#gtfs.line.1.13b-0]
14:01:03.374 [main] DEBUG org.hibernate.engine.TwoPhaseLoad - done materializing entity [net.lojika.gtfs.model.RoutesCdkid#gtfs.line.1.13b-0]
14:01:03.374 [main] DEBUG org.hibernate.engine.TwoPhaseLoad - resolving associations for [net.lojika.gtfs.model.Routes#istb.280298]
14:01:03.375 [main] DEBUG org.hibernate.engine.TwoPhaseLoad - done materializing entity [net.lojika.gtfs.model.Routes#istb.280298]
14:01:03.375 [main] DEBUG org.hibernate.engine.TwoPhaseLoad - resolving associations for [net.lojika.gtfs.model.RoutesCdkid#gtfs.line.1.13ab-1]
14:01:03.375 [main] DEBUG org.hibernate.engine.TwoPhaseLoad - done materializing entity [net.lojika.gtfs.model.RoutesCdkid#gtfs.line.1.13ab-1]
14:01:03.375 [main] DEBUG org.hibernate.engine.TwoPhaseLoad - resolving associations for [net.lojika.gtfs.model.RoutesCdkid#gtfs.line.1.13ab-0]
14:01:03.375 [main] DEBUG org.hibernate.engine.TwoPhaseLoad - done materializing entity [net.lojika.gtfs.model.RoutesCdkid#gtfs.line.1.13ab-0]
14:01:03.375 [main] DEBUG org.hibernate.engine.TwoPhaseLoad - resolving associations for [net.lojika.gtfs.model.Routes#istb.280296]
14:01:03.375 [main] DEBUG org.hibernate.engine.TwoPhaseLoad - done materializing entity [net.lojika.gtfs.model.Routes#istb.280296]
14:01:03.375 [main] DEBUG org.hibernate.engine.TwoPhaseLoad - resolving associations for [net.lojika.gtfs.model.RoutesCdkid#gtfs.line.1.139t-1]
14:01:03.375 [main] DEBUG org.hibernate.engine.TwoPhaseLoad - done materializing entity [net.lojika.gtfs.model.RoutesCdkid#gtfs.line.1.139t-1]
14:01:03.375 [main] DEBUG org.hibernate.engine.TwoPhaseLoad - resolving associations for [net.lojika.gtfs.model.RoutesCdkid#gtfs.line.1.139t-0]
14:01:03.375 [main] DEBUG org.hibernate.engine.TwoPhaseLoad - done materializing entity [net.lojika.gtfs.model.RoutesCdkid#gtfs.line.1.139t-0]
14:01:03.375 [main] DEBUG org.hibernate.engine.TwoPhaseLoad - resolving associations for [net.lojika.gtfs.model.Routes#istb.280293]
14:01:03.375 [main] DEBUG org.hibernate.engine.TwoPhaseLoad - done materializing entity [net.lojika.gtfs.model.Routes#istb.280293]
14:01:03.375 [main] DEBUG org.hibernate.engine.TwoPhaseLoad - resolving associations for [net.lojika.gtfs.model.RoutesCdkid#gtfs.line.1.139a-1]
14:01:03.375 [main] DEBUG org.hibernate.engine.TwoPhaseLoad - done materializing entity [net.lojika.gtfs.model.RoutesCdkid#gtfs.line.1.139a-1]
14:01:03.375 [main] DEBUG org.hibernate.engine.TwoPhaseLoad - resolving associations for [net.lojika.gtfs.model.RoutesCdkid#gtfs.line.1.139a-0]
14:01:03.375 [main] DEBUG org.hibernate.engine.TwoPhaseLoad - done materializing entity [net.lojika.gtfs.model.RoutesCdkid#gtfs.line.1.139a-0]
14:01:03.375 [main] DEBUG org.hibernate.engine.TwoPhaseLoad - resolving associations for [net.lojika.gtfs.model.Routes#istb.280292]
14:01:03.375 [main] DEBUG org.hibernate.engine.TwoPhaseLoad - done materializing entity [net.lojika.gtfs.model.Routes#istb.280292]
14:01:03.376 [main] DEBUG org.hibernate.engine.TwoPhaseLoad - resolving associations for [net.lojika.gtfs.model.RoutesCdkid#gtfs.line.1.139-1]
14:01:03.376 [main] DEBUG org.hibernate.engine.TwoPhaseLoad - done materializing entity [net.lojika.gtfs.model.RoutesCdkid#gtfs.line.1.139-1]
14:01:03.376 [main] DEBUG org.hibernate.engine.TwoPhaseLoad - resolving associations for [net.lojika.gtfs.model.RoutesCdkid#gtfs.line.1.139-0]
14:01:03.376 [main] DEBUG org.hibernate.engine.TwoPhaseLoad - done materializing entity [net.lojika.gtfs.model.RoutesCdkid#gtfs.line.1.139-0]
14:01:03.376 [main] DEBUG org.hibernate.engine.TwoPhaseLoad - resolving associations for [net.lojika.gtfs.model.Routes#istb.280291]
14:01:03.376 [main] DEBUG org.hibernate.engine.TwoPhaseLoad - done materializing entity [net.lojika.gtfs.model.Routes#istb.280291]
14:01:03.376 [main] DEBUG org.hibernate.engine.TwoPhaseLoad - resolving associations for [net.lojika.gtfs.model.RoutesCdkid#gtfs.line.1.138-1]
14:01:03.376 [main] DEBUG org.hibernate.engine.TwoPhaseLoad - done materializing entity [net.lojika.gtfs.model.RoutesCdkid#gtfs.line.1.138-1]
14:01:03.376 [main] DEBUG org.hibernate.engine.TwoPhaseLoad - resolving associations for [net.lojika.gtfs.model.RoutesCdkid#gtfs.line.1.138-0]
14:01:03.376 [main] DEBUG org.hibernate.engine.TwoPhaseLoad - done materializing entity [net.lojika.gtfs.model.RoutesCdkid#gtfs.line.1.138-0]
14:01:03.376 [main] DEBUG org.hibernate.engine.TwoPhaseLoad - resolving associations for [net.lojika.gtfs.model.Routes#istb.280290]
14:01:03.376 [main] DEBUG org.hibernate.engine.TwoPhaseLoad - done materializing entity [net.lojika.gtfs.model.Routes#istb.280290]
14:01:03.376 [main] DEBUG org.hibernate.engine.TwoPhaseLoad - resolving associations for [net.lojika.gtfs.model.RoutesCdkid#gtfs.line.1.137-1]
14:01:03.376 [main] DEBUG org.hibernate.engine.TwoPhaseLoad - done materializing entity [net.lojika.gtfs.model.RoutesCdkid#gtfs.line.1.137-1]
14:01:03.376 [main] DEBUG org.hibernate.engine.TwoPhaseLoad - resolving associations for [net.lojika.gtfs.model.RoutesCdkid#gtfs.line.1.137-0]
14:01:03.376 [main] DEBUG org.hibernate.engine.TwoPhaseLoad - done materializing entity [net.lojika.gtfs.model.RoutesCdkid#gtfs.line.1.137-0]
14:01:03.376 [main] DEBUG org.hibernate.engine.TwoPhaseLoad - resolving associations for [net.lojika.gtfs.model.Routes#istb.280289]
14:01:03.376 [main] DEBUG org.hibernate.engine.TwoPhaseLoad - done materializing entity [net.lojika.gtfs.model.Routes#istb.280289]
14:01:03.376 [main] DEBUG org.hibernate.engine.TwoPhaseLoad - resolving associations for [net.lojika.gtfs.model.RoutesCdkid#gtfs.line.1.136-1]
14:01:03.377 [main] DEBUG org.hibernate.engine.TwoPhaseLoad - done materializing entity [net.lojika.gtfs.model.RoutesCdkid#gtfs.line.1.136-1]
14:01:03.377 [main] DEBUG org.hibernate.engine.TwoPhaseLoad - resolving associations for [net.lojika.gtfs.model.RoutesCdkid#gtfs.line.1.136-0]
14:01:03.377 [main] DEBUG org.hibernate.engine.TwoPhaseLoad - done materializing entity [net.lojika.gtfs.model.RoutesCdkid#gtfs.line.1.136-0]
14:01:03.377 [main] DEBUG org.hibernate.engine.TwoPhaseLoad - resolving associations for [net.lojika.gtfs.model.Routes#istb.280288]
14:01:03.377 [main] DEBUG org.hibernate.engine.TwoPhaseLoad - done materializing entity [net.lojika.gtfs.model.Routes#istb.280288]
14:01:03.377 [main] DEBUG org.hibernate.engine.TwoPhaseLoad - resolving associations for [net.lojika.gtfs.model.RoutesCdkid#gtfs.line.1.135k-1]
14:01:03.377 [main] DEBUG org.hibernate.engine.TwoPhaseLoad - done materializing entity [net.lojika.gtfs.model.RoutesCdkid#gtfs.line.1.135k-1]
14:01:03.377 [main] DEBUG org.hibernate.engine.TwoPhaseLoad - resolving associations for [net.lojika.gtfs.model.RoutesCdkid#gtfs.line.1.135k-0]
14:01:03.377 [main] DEBUG org.hibernate.engine.TwoPhaseLoad - done materializing entity [net.lojika.gtfs.model.RoutesCdkid#gtfs.line.1.135k-0]
14:01:03.377 [main] DEBUG org.hibernate.engine.TwoPhaseLoad - resolving associations for [net.lojika.gtfs.model.Routes#istb.280287]
14:01:03.377 [main] DEBUG org.hibernate.engine.TwoPhaseLoad - done materializing entity [net.lojika.gtfs.model.Routes#istb.280287]
14:01:03.377 [main] DEBUG org.hibernate.engine.TwoPhaseLoad - resolving associations for [net.lojika.gtfs.model.RoutesCdkid#gtfs.line.1.135g-1]
14:01:03.377 [main] DEBUG org.hibernate.engine.TwoPhaseLoad - done materializing entity [net.lojika.gtfs.model.RoutesCdkid#gtfs.line.1.135g-1]
14:01:03.377 [main] DEBUG org.hibernate.engine.TwoPhaseLoad - resolving associations for [net.lojika.gtfs.model.RoutesCdkid#gtfs.line.1.135g-0]
14:01:03.377 [main] DEBUG org.hibernate.engine.TwoPhaseLoad - done materializing entity [net.lojika.gtfs.model.RoutesCdkid#gtfs.line.1.135g-0]
14:01:03.377 [main] DEBUG org.hibernate.engine.TwoPhaseLoad - resolving associations for [net.lojika.gtfs.model.Routes#istb.280286]
14:01:03.377 [main] DEBUG org.hibernate.engine.TwoPhaseLoad - done materializing entity [net.lojika.gtfs.model.Routes#istb.280286]
14:01:03.377 [main] DEBUG org.hibernate.engine.TwoPhaseLoad - resolving associations for [net.lojika.gtfs.model.RoutesCdkid#gtfs.line.1.135a-1]
14:01:03.377 [main] DEBUG org.hibernate.engine.TwoPhaseLoad - done materializing entity [net.lojika.gtfs.model.RoutesCdkid#gtfs.line.1.135a-1]
14:01:03.377 [main] DEBUG org.hibernate.engine.TwoPhaseLoad - resolving associations for [net.lojika.gtfs.model.RoutesCdkid#gtfs.line.1.135a-0]
14:01:03.378 [main] DEBUG org.hibernate.engine.TwoPhaseLoad - done materializing entity [net.lojika.gtfs.model.RoutesCdkid#gtfs.line.1.135a-0]
14:01:03.378 [main] DEBUG org.hibernate.engine.TwoPhaseLoad - resolving associations for [net.lojika.gtfs.model.Routes#istb.280285]
14:01:03.378 [main] DEBUG org.hibernate.engine.TwoPhaseLoad - done materializing entity [net.lojika.gtfs.model.Routes#istb.280285]
14:01:03.378 [main] DEBUG org.hibernate.engine.TwoPhaseLoad - resolving associations for [net.lojika.gtfs.model.RoutesCdkid#gtfs.line.1.135-1]
14:01:03.378 [main] DEBUG org.hibernate.engine.TwoPhaseLoad - done materializing entity [net.lojika.gtfs.model.RoutesCdkid#gtfs.line.1.135-1]
14:01:03.378 [main] DEBUG org.hibernate.engine.TwoPhaseLoad - resolving associations for [net.lojika.gtfs.model.RoutesCdkid#gtfs.line.1.135-0]
14:01:03.378 [main] DEBUG org.hibernate.engine.TwoPhaseLoad - done materializing entity [net.lojika.gtfs.model.RoutesCdkid#gtfs.line.1.135-0]
14:01:03.378 [main] DEBUG org.hibernate.engine.TwoPhaseLoad - resolving associations for [net.lojika.gtfs.model.Routes#istb.280284]
14:01:03.378 [main] DEBUG org.hibernate.engine.TwoPhaseLoad - done materializing entity [net.lojika.gtfs.model.Routes#istb.280284]
14:01:03.378 [main] DEBUG org.hibernate.engine.TwoPhaseLoad - resolving associations for [net.lojika.gtfs.model.RoutesCdkid#gtfs.line.1.134yk-1]
14:01:03.378 [main] DEBUG org.hibernate.engine.TwoPhaseLoad - done materializing entity [net.lojika.gtfs.model.RoutesCdkid#gtfs.line.1.134yk-1]
14:01:03.378 [main] DEBUG org.hibernate.engine.TwoPhaseLoad - resolving associations for [net.lojika.gtfs.model.RoutesCdkid#gtfs.line.1.134yk-0]
14:01:03.378 [main] DEBUG org.hibernate.engine.TwoPhaseLoad - done materializing entity [net.lojika.gtfs.model.RoutesCdkid#gtfs.line.1.134yk-0]
14:01:03.378 [main] DEBUG org.hibernate.engine.TwoPhaseLoad - resolving associations for [net.lojika.gtfs.model.Routes#istb.280283]
14:01:03.378 [main] DEBUG org.hibernate.engine.TwoPhaseLoad - done materializing entity [net.lojika.gtfs.model.Routes#istb.280283]
14:01:03.378 [main] DEBUG org.hibernate.engine.TwoPhaseLoad - resolving associations for [net.lojika.gtfs.model.RoutesCdkid#gtfs.line.1.134uk-1]
14:01:03.378 [main] DEBUG org.hibernate.engine.TwoPhaseLoad - done materializing entity [net.lojika.gtfs.model.RoutesCdkid#gtfs.line.1.134uk-1]
14:01:03.378 [main] DEBUG org.hibernate.engine.TwoPhaseLoad - resolving associations for [net.lojika.gtfs.model.RoutesCdkid#gtfs.line.1.134uk-0]
14:01:03.379 [main] DEBUG org.hibernate.engine.TwoPhaseLoad - done materializing entity [net.lojika.gtfs.model.RoutesCdkid#gtfs.line.1.134uk-0]
14:01:03.379 [main] DEBUG org.hibernate.engine.TwoPhaseLoad - resolving associations for [net.lojika.gtfs.model.Routes#istb.280281]
14:01:03.379 [main] DEBUG org.hibernate.engine.TwoPhaseLoad - done materializing entity [net.lojika.gtfs.model.Routes#istb.280281]
14:01:03.379 [main] DEBUG org.hibernate.engine.TwoPhaseLoad - resolving associations for [net.lojika.gtfs.model.RoutesCdkid#gtfs.line.1.134gk-1]
14:01:03.379 [main] DEBUG org.hibernate.engine.TwoPhaseLoad - done materializing entity [net.lojika.gtfs.model.RoutesCdkid#gtfs.line.1.134gk-1]
14:01:03.379 [main] DEBUG org.hibernate.engine.TwoPhaseLoad - resolving associations for [net.lojika.gtfs.model.RoutesCdkid#gtfs.line.1.134gk-0]
14:01:03.379 [main] DEBUG org.hibernate.engine.TwoPhaseLoad - done materializing entity [net.lojika.gtfs.model.RoutesCdkid#gtfs.line.1.134gk-0]
14:01:03.379 [main] DEBUG org.hibernate.engine.TwoPhaseLoad - resolving associations for [net.lojika.gtfs.model.Routes#istb.280280]
14:01:03.379 [main] DEBUG org.hibernate.engine.TwoPhaseLoad - done materializing entity [net.lojika.gtfs.model.Routes#istb.280280]
14:01:03.379 [main] DEBUG org.hibernate.engine.TwoPhaseLoad - resolving associations for [net.lojika.gtfs.model.RoutesCdkid#gtfs.line.1.134dk-1]
14:01:03.379 [main] DEBUG org.hibernate.engine.TwoPhaseLoad - done materializing entity [net.lojika.gtfs.model.RoutesCdkid#gtfs.line.1.134dk-1]
14:01:03.379 [main] DEBUG org.hibernate.engine.TwoPhaseLoad - resolving associations for [net.lojika.gtfs.model.RoutesCdkid#gtfs.line.1.134dk-0]
14:01:03.379 [main] DEBUG org.hibernate.engine.TwoPhaseLoad - done materializing entity [net.lojika.gtfs.model.RoutesCdkid#gtfs.line.1.134dk-0]
14:01:03.379 [main] DEBUG org.hibernate.engine.TwoPhaseLoad - resolving associations for [net.lojika.gtfs.model.Routes#istb.280279]
14:01:03.379 [main] DEBUG org.hibernate.engine.TwoPhaseLoad - done materializing entity [net.lojika.gtfs.model.Routes#istb.280279]
14:01:03.379 [main] DEBUG org.hibernate.engine.TwoPhaseLoad - resolving associations for [net.lojika.gtfs.model.RoutesCdkid#gtfs.line.1.134ck-1]
14:01:03.379 [main] DEBUG org.hibernate.engine.TwoPhaseLoad - done materializing entity [net.lojika.gtfs.model.RoutesCdkid#gtfs.line.1.134ck-1]
14:01:03.379 [main] DEBUG org.hibernate.engine.TwoPhaseLoad - resolving associations for [net.lojika.gtfs.model.RoutesCdkid#gtfs.line.1.134ck-0]
14:01:03.379 [main] DEBUG org.hibernate.engine.TwoPhaseLoad - done materializing entity [net.lojika.gtfs.model.RoutesCdkid#gtfs.line.1.134ck-0]
14:01:03.379 [main] DEBUG org.hibernate.engine.TwoPhaseLoad - resolving associations for [net.lojika.gtfs.model.Routes#istb.280278]
14:01:03.380 [main] DEBUG org.hibernate.engine.TwoPhaseLoad - done materializing entity [net.lojika.gtfs.model.Routes#istb.280278]
14:01:03.380 [main] DEBUG org.hibernate.engine.TwoPhaseLoad - resolving associations for [net.lojika.gtfs.model.RoutesCdkid#gtfs.line.1.134bk-1]
14:01:03.380 [main] DEBUG org.hibernate.engine.TwoPhaseLoad - done materializing entity [net.lojika.gtfs.model.RoutesCdkid#gtfs.line.1.134bk-1]
14:01:03.380 [main] DEBUG org.hibernate.engine.TwoPhaseLoad - resolving associations for [net.lojika.gtfs.model.RoutesCdkid#gtfs.line.1.134bk-0]
14:01:03.380 [main] DEBUG org.hibernate.engine.TwoPhaseLoad - done materializing entity [net.lojika.gtfs.model.RoutesCdkid#gtfs.line.1.134bk-0]
14:01:03.380 [main] DEBUG org.hibernate.engine.TwoPhaseLoad - resolving associations for [net.lojika.gtfs.model.Routes#istb.280277]
14:01:03.380 [main] DEBUG org.hibernate.engine.TwoPhaseLoad - done materializing entity [net.lojika.gtfs.model.Routes#istb.280277]
14:01:03.380 [main] DEBUG org.hibernate.engine.TwoPhaseLoad - resolving associations for [net.lojika.gtfs.model.RoutesCdkid#gtfs.line.1.134-1]
14:01:03.380 [main] DEBUG org.hibernate.engine.TwoPhaseLoad - done materializing entity [net.lojika.gtfs.model.RoutesCdkid#gtfs.line.1.134-1]
14:01:03.380 [main] DEBUG org.hibernate.engine.TwoPhaseLoad - resolving associations for [net.lojika.gtfs.model.RoutesCdkid#gtfs.line.1.134-0]
14:01:03.380 [main] DEBUG org.hibernate.engine.TwoPhaseLoad - done materializing entity [net.lojika.gtfs.model.RoutesCdkid#gtfs.line.1.134-0]
14:01:03.380 [main] DEBUG org.hibernate.engine.TwoPhaseLoad - resolving associations for [net.lojika.gtfs.model.Routes#istb.280276]
14:01:03.380 [main] DEBUG org.hibernate.engine.TwoPhaseLoad - done materializing entity [net.lojika.gtfs.model.Routes#istb.280276]
14:01:03.380 [main] DEBUG org.hibernate.engine.TwoPhaseLoad - resolving associations for [net.lojika.gtfs.model.RoutesCdkid#gtfs.line.1.133-1]
14:01:03.380 [main] DEBUG org.hibernate.engine.TwoPhaseLoad - done materializing entity [net.lojika.gtfs.model.RoutesCdkid#gtfs.line.1.133-1]
14:01:03.380 [main] DEBUG org.hibernate.engine.TwoPhaseLoad - resolving associations for [net.lojika.gtfs.model.RoutesCdkid#gtfs.line.1.133-0]
14:01:03.380 [main] DEBUG org.hibernate.engine.TwoPhaseLoad - done materializing entity [net.lojika.gtfs.model.RoutesCdkid#gtfs.line.1.133-0]
14:01:03.380 [main] DEBUG org.hibernate.engine.TwoPhaseLoad - resolving associations for [net.lojika.gtfs.model.Routes#istb.280274]
14:01:03.380 [main] DEBUG org.hibernate.engine.TwoPhaseLoad - done materializing entity [net.lojika.gtfs.model.Routes#istb.280274]
14:01:03.380 [main] DEBUG org.hibernate.engine.TwoPhaseLoad - resolving associations for [net.lojika.gtfs.model.RoutesCdkid#gtfs.line.1.133tk-1]
14:01:03.381 [main] DEBUG org.hibernate.engine.TwoPhaseLoad - done materializing entity [net.lojika.gtfs.model.RoutesCdkid#gtfs.line.1.133tk-1]
14:01:03.381 [main] DEBUG org.hibernate.engine.TwoPhaseLoad - resolving associations for [net.lojika.gtfs.model.RoutesCdkid#gtfs.line.1.133tk-0]
14:01:03.381 [main] DEBUG org.hibernate.engine.TwoPhaseLoad - done materializing entity [net.lojika.gtfs.model.RoutesCdkid#gtfs.line.1.133tk-0]
14:01:03.381 [main] DEBUG org.hibernate.engine.TwoPhaseLoad - resolving associations for [net.lojika.gtfs.model.Routes#istb.280273]
14:01:03.381 [main] DEBUG org.hibernate.engine.TwoPhaseLoad - done materializing entity [net.lojika.gtfs.model.Routes#istb.280273]
14:01:03.381 [main] DEBUG org.hibernate.engine.TwoPhaseLoad - resolving associations for [net.lojika.gtfs.model.RoutesCdkid#gtfs.line.1.133t-1]
14:01:03.381 [main] DEBUG org.hibernate.engine.TwoPhaseLoad - done materializing entity [net.lojika.gtfs.model.RoutesCdkid#gtfs.line.1.133t-1]
14:01:03.381 [main] DEBUG org.hibernate.engine.TwoPhaseLoad - resolving associations for [net.lojika.gtfs.model.RoutesCdkid#gtfs.line.1.133t-0]
14:01:03.381 [main] DEBUG org.hibernate.engine.TwoPhaseLoad - done materializing entity [net.lojika.gtfs.model.RoutesCdkid#gtfs.line.1.133t-0]
14:01:03.381 [main] DEBUG org.hibernate.engine.TwoPhaseLoad - resolving associations for [net.lojika.gtfs.model.Routes#istb.280272]
14:01:03.381 [main] DEBUG org.hibernate.engine.TwoPhaseLoad - done materializing entity [net.lojika.gtfs.model.Routes#istb.280272]
14:01:03.381 [main] DEBUG org.hibernate.engine.TwoPhaseLoad - resolving associations for [net.lojika.gtfs.model.RoutesCdkid#gtfs.line.1.133p-1]
14:01:03.381 [main] DEBUG org.hibernate.engine.TwoPhaseLoad - done materializing entity [net.lojika.gtfs.model.RoutesCdkid#gtfs.line.1.133p-1]
14:01:03.381 [main] DEBUG org.hibernate.engine.TwoPhaseLoad - resolving associations for [net.lojika.gtfs.model.RoutesCdkid#gtfs.line.1.133p-0]
14:01:03.381 [main] DEBUG org.hibernate.engine.TwoPhaseLoad - done materializing entity [net.lojika.gtfs.model.RoutesCdkid#gtfs.line.1.133p-0]
14:01:03.381 [main] DEBUG org.hibernate.engine.TwoPhaseLoad - resolving associations for [net.lojika.gtfs.model.Routes#istb.280271]
14:01:03.381 [main] DEBUG org.hibernate.engine.TwoPhaseLoad - done materializing entity [net.lojika.gtfs.model.Routes#istb.280271]
14:01:03.381 [main] DEBUG org.hibernate.engine.TwoPhaseLoad - resolving associations for [net.lojika.gtfs.model.RoutesCdkid#gtfs.line.1.133m-1]
14:01:03.381 [main] DEBUG org.hibernate.engine.TwoPhaseLoad - done materializing entity [net.lojika.gtfs.model.RoutesCdkid#gtfs.line.1.133m-1]
14:01:03.382 [main] DEBUG org.hibernate.engine.TwoPhaseLoad - resolving associations for [net.lojika.gtfs.model.RoutesCdkid#gtfs.line.1.133m-0]
14:01:03.382 [main] DEBUG org.hibernate.engine.TwoPhaseLoad - done materializing entity [net.lojika.gtfs.model.RoutesCdkid#gtfs.line.1.133m-0]
14:01:03.382 [main] DEBUG org.hibernate.engine.TwoPhaseLoad - resolving associations for [net.lojika.gtfs.model.Routes#istb.280270]
14:01:03.382 [main] DEBUG org.hibernate.engine.TwoPhaseLoad - done materializing entity [net.lojika.gtfs.model.Routes#istb.280270]
14:01:03.382 [main] DEBUG org.hibernate.engine.TwoPhaseLoad - resolving associations for [net.lojika.gtfs.model.RoutesCdkid#gtfs.line.1.133k-1]
14:01:03.382 [main] DEBUG org.hibernate.engine.TwoPhaseLoad - done materializing entity [net.lojika.gtfs.model.RoutesCdkid#gtfs.line.1.133k-1]
14:01:03.382 [main] DEBUG org.hibernate.engine.TwoPhaseLoad - resolving associations for [net.lojika.gtfs.model.RoutesCdkid#gtfs.line.1.133k-0]
14:01:03.382 [main] DEBUG org.hibernate.engine.TwoPhaseLoad - done materializing entity [net.lojika.gtfs.model.RoutesCdkid#gtfs.line.1.133k-0]
14:01:03.382 [main] DEBUG org.hibernate.engine.TwoPhaseLoad - resolving associations for [net.lojika.gtfs.model.Routes#istb.280269]
14:01:03.382 [main] DEBUG org.hibernate.engine.TwoPhaseLoad - done materializing entity [net.lojika.gtfs.model.Routes#istb.280269]
14:01:03.382 [main] DEBUG org.hibernate.engine.TwoPhaseLoad - resolving associations for [net.lojika.gtfs.model.RoutesCdkid#gtfs.line.1.133gp-1]
14:01:03.382 [main] DEBUG org.hibernate.engine.TwoPhaseLoad - done materializing entity [net.lojika.gtfs.model.RoutesCdkid#gtfs.line.1.133gp-1]
14:01:03.382 [main] DEBUG org.hibernate.engine.TwoPhaseLoad - resolving associations for [net.lojika.gtfs.model.RoutesCdkid#gtfs.line.1.133gp-0]
14:01:03.382 [main] DEBUG org.hibernate.engine.TwoPhaseLoad - done materializing entity [net.lojika.gtfs.model.RoutesCdkid#gtfs.line.1.133gp-0]
14:01:03.382 [main] DEBUG org.hibernate.engine.TwoPhaseLoad - resolving associations for [net.lojika.gtfs.model.Routes#istb.280268]
14:01:03.382 [main] DEBUG org.hibernate.engine.TwoPhaseLoad - done materializing entity [net.lojika.gtfs.model.Routes#istb.280268]
14:01:03.382 [main] DEBUG org.hibernate.engine.TwoPhaseLoad - resolving associations for [net.lojika.gtfs.model.RoutesCdkid#gtfs.line.1.133g-1]
14:01:03.382 [main] DEBUG org.hibernate.engine.TwoPhaseLoad - done materializing entity [net.lojika.gtfs.model.RoutesCdkid#gtfs.line.1.133g-1]
14:01:03.382 [main] DEBUG org.hibernate.engine.TwoPhaseLoad - resolving associations for [net.lojika.gtfs.model.RoutesCdkid#gtfs.line.1.133g-0]
14:01:03.383 [main] DEBUG org.hibernate.engine.TwoPhaseLoad - done materializing entity [net.lojika.gtfs.model.RoutesCdkid#gtfs.line.1.133g-0]
14:01:03.383 [main] DEBUG org.hibernate.engine.TwoPhaseLoad - resolving associations for [net.lojika.gtfs.model.Routes#istb.280267]
14:01:03.383 [main] DEBUG org.hibernate.engine.TwoPhaseLoad - done materializing entity [net.lojika.gtfs.model.Routes#istb.280267]
14:01:03.383 [main] DEBUG org.hibernate.engine.TwoPhaseLoad - resolving associations for [net.lojika.gtfs.model.RoutesCdkid#gtfs.line.1.133f-1]
14:01:03.383 [main] DEBUG org.hibernate.engine.TwoPhaseLoad - done materializing entity [net.lojika.gtfs.model.RoutesCdkid#gtfs.line.1.133f-1]
14:01:03.383 [main] DEBUG org.hibernate.engine.TwoPhaseLoad - resolving associations for [net.lojika.gtfs.model.RoutesCdkid#gtfs.line.1.133f-0]
14:01:03.383 [main] DEBUG org.hibernate.engine.TwoPhaseLoad - done materializing entity [net.lojika.gtfs.model.RoutesCdkid#gtfs.line.1.133f-0]
14:01:03.383 [main] DEBUG org.hibernate.engine.TwoPhaseLoad - resolving associations for [net.lojika.gtfs.model.Routes#istb.280266]
14:01:03.383 [main] DEBUG org.hibernate.engine.TwoPhaseLoad - done materializing entity [net.lojika.gtfs.model.Routes#istb.280266]
14:01:03.383 [main] DEBUG org.hibernate.engine.TwoPhaseLoad - resolving associations for [net.lojika.gtfs.model.RoutesCdkid#gtfs.line.1.133ak-1]
14:01:03.383 [main] DEBUG org.hibernate.engine.TwoPhaseLoad - done materializing entity [net.lojika.gtfs.model.RoutesCdkid#gtfs.line.1.133ak-1]
14:01:03.383 [main] DEBUG org.hibernate.engine.TwoPhaseLoad - resolving associations for [net.lojika.gtfs.model.RoutesCdkid#gtfs.line.1.133ak-0]
14:01:03.383 [main] DEBUG org.hibernate.engine.TwoPhaseLoad - done materializing entity [net.lojika.gtfs.model.RoutesCdkid#gtfs.line.1.133ak-0]
14:01:03.383 [main] DEBUG org.hibernate.engine.TwoPhaseLoad - resolving associations for [net.lojika.gtfs.model.Routes#istb.280265]
14:01:03.383 [main] DEBUG org.hibernate.engine.TwoPhaseLoad - done materializing entity [net.lojika.gtfs.model.Routes#istb.280265]
14:01:03.383 [main] DEBUG org.hibernate.engine.TwoPhaseLoad - resolving associations for [net.lojika.gtfs.model.RoutesCdkid#gtfs.line.1.133a-1]
14:01:03.383 [main] DEBUG org.hibernate.engine.TwoPhaseLoad - done materializing entity [net.lojika.gtfs.model.RoutesCdkid#gtfs.line.1.133a-1]
14:01:03.384 [main] DEBUG org.hibernate.engine.TwoPhaseLoad - resolving associations for [net.lojika.gtfs.model.RoutesCdkid#gtfs.line.1.133a-0]
14:01:03.384 [main] DEBUG org.hibernate.engine.TwoPhaseLoad - done materializing entity [net.lojika.gtfs.model.RoutesCdkid#gtfs.line.1.133a-0]
14:01:03.384 [main] DEBUG org.hibernate.engine.TwoPhaseLoad - resolving associations for [net.lojika.gtfs.model.Routes#istb.280262]
14:01:03.384 [main] DEBUG org.hibernate.engine.TwoPhaseLoad - done materializing entity [net.lojika.gtfs.model.Routes#istb.280262]
14:01:03.384 [main] DEBUG org.hibernate.engine.TwoPhaseLoad - resolving associations for [net.lojika.gtfs.model.RoutesCdkid#gtfs.line.1.132v-0]
14:01:03.384 [main] DEBUG org.hibernate.engine.TwoPhaseLoad - done materializing entity [net.lojika.gtfs.model.RoutesCdkid#gtfs.line.1.132v-0]
14:01:03.384 [main] DEBUG org.hibernate.engine.TwoPhaseLoad - resolving associations for [net.lojika.gtfs.model.Routes#istb.280261]
14:01:03.384 [main] DEBUG org.hibernate.engine.TwoPhaseLoad - done materializing entity [net.lojika.gtfs.model.Routes#istb.280261]
14:01:03.384 [main] DEBUG org.hibernate.engine.TwoPhaseLoad - resolving associations for [net.lojika.gtfs.model.RoutesCdkid#gtfs.line.1.132s-0]
14:01:03.384 [main] DEBUG org.hibernate.engine.TwoPhaseLoad - done materializing entity [net.lojika.gtfs.model.RoutesCdkid#gtfs.line.1.132s-0]
14:01:03.384 [main] DEBUG org.hibernate.engine.TwoPhaseLoad - resolving associations for [net.lojika.gtfs.model.Routes#istb.280260]
14:01:03.384 [main] DEBUG org.hibernate.engine.TwoPhaseLoad - done materializing entity [net.lojika.gtfs.model.Routes#istb.280260]
14:01:03.384 [main] DEBUG org.hibernate.engine.TwoPhaseLoad - resolving associations for [net.lojika.gtfs.model.RoutesCdkid#gtfs.line.1.132p-1]
14:01:03.384 [main] DEBUG org.hibernate.engine.TwoPhaseLoad - done materializing entity [net.lojika.gtfs.model.RoutesCdkid#gtfs.line.1.132p-1]
14:01:03.384 [main] DEBUG org.hibernate.engine.TwoPhaseLoad - resolving associations for [net.lojika.gtfs.model.RoutesCdkid#gtfs.line.1.132p-0]
14:01:03.384 [main] DEBUG org.hibernate.engine.TwoPhaseLoad - done materializing entity [net.lojika.gtfs.model.RoutesCdkid#gtfs.line.1.132p-0]
14:01:03.384 [main] DEBUG org.hibernate.engine.TwoPhaseLoad - resolving associations for [net.lojika.gtfs.model.Routes#istb.280259]
14:01:03.385 [main] DEBUG org.hibernate.engine.TwoPhaseLoad - done materializing entity [net.lojika.gtfs.model.Routes#istb.280259]
14:01:03.385 [main] DEBUG org.hibernate.engine.TwoPhaseLoad - resolving associations for [net.lojika.gtfs.model.RoutesCdkid#gtfs.line.1.132k-1]
14:01:03.385 [main] DEBUG org.hibernate.engine.TwoPhaseLoad - done materializing entity [net.lojika.gtfs.model.RoutesCdkid#gtfs.line.1.132k-1]
14:01:03.385 [main] DEBUG org.hibernate.engine.TwoPhaseLoad - resolving associations for [net.lojika.gtfs.model.RoutesCdkid#gtfs.line.1.132k-0]
14:01:03.385 [main] DEBUG org.hibernate.engine.TwoPhaseLoad - done materializing entity [net.lojika.gtfs.model.RoutesCdkid#gtfs.line.1.132k-0]
14:01:03.385 [main] DEBUG org.hibernate.engine.TwoPhaseLoad - resolving associations for [net.lojika.gtfs.model.Routes#istb.280258]
14:01:03.385 [main] DEBUG org.hibernate.engine.TwoPhaseLoad - done materializing entity [net.lojika.gtfs.model.Routes#istb.280258]
14:01:03.385 [main] DEBUG org.hibernate.engine.TwoPhaseLoad - resolving associations for [net.lojika.gtfs.model.RoutesCdkid#gtfs.line.1.132f-1]
14:01:03.385 [main] DEBUG org.hibernate.engine.TwoPhaseLoad - done materializing entity [net.lojika.gtfs.model.RoutesCdkid#gtfs.line.1.132f-1]
14:01:03.385 [main] DEBUG org.hibernate.engine.TwoPhaseLoad - resolving associations for [net.lojika.gtfs.model.RoutesCdkid#gtfs.line.1.132f-0]
14:01:03.385 [main] DEBUG org.hibernate.engine.TwoPhaseLoad - done materializing entity [net.lojika.gtfs.model.RoutesCdkid#gtfs.line.1.132f-0]
14:01:03.385 [main] DEBUG org.hibernate.engine.TwoPhaseLoad - resolving associations for [net.lojika.gtfs.model.Routes#istb.2013]
14:01:03.385 [main] DEBUG org.hibernate.engine.TwoPhaseLoad - done materializing entity [net.lojika.gtfs.model.Routes#istb.2013]
14:01:03.385 [main] DEBUG org.hibernate.engine.TwoPhaseLoad - resolving associations for [net.lojika.gtfs.model.RoutesCdkid#gtfs.line.2.m2b-1]
14:01:03.385 [main] DEBUG org.hibernate.engine.TwoPhaseLoad - done materializing entity [net.lojika.gtfs.model.RoutesCdkid#gtfs.line.2.m2b-1]
14:01:03.385 [main] DEBUG org.hibernate.engine.TwoPhaseLoad - resolving associations for [net.lojika.gtfs.model.RoutesCdkid#gtfs.line.1.59c-0]
14:01:03.385 [main] DEBUG org.hibernate.engine.TwoPhaseLoad - done materializing entity [net.lojika.gtfs.model.RoutesCdkid#gtfs.line.1.59c-0]
14:01:03.385 [main] DEBUG org.hibernate.engine.TwoPhaseLoad - resolving associations for [net.lojika.gtfs.model.Routes#istb.280616]
14:01:03.386 [main] DEBUG org.hibernate.engine.TwoPhaseLoad - done materializing entity [net.lojika.gtfs.model.Routes#istb.280616]
14:01:03.386 [main] DEBUG org.hibernate.engine.TwoPhaseLoad - resolving associations for [net.lojika.gtfs.model.RoutesCdkid#gtfs.line.1.59b-0]
14:01:03.386 [main] DEBUG org.hibernate.engine.TwoPhaseLoad - done materializing entity [net.lojika.gtfs.model.RoutesCdkid#gtfs.line.1.59b-0]
14:01:03.386 [main] DEBUG org.hibernate.engine.TwoPhaseLoad - resolving associations for [net.lojika.gtfs.model.Routes#istb.280615]
14:01:03.386 [main] DEBUG org.hibernate.engine.TwoPhaseLoad - done materializing entity [net.lojika.gtfs.model.Routes#istb.280615]
14:01:03.386 [main] DEBUG org.hibernate.engine.TwoPhaseLoad - resolving associations for [net.lojika.gtfs.model.RoutesCdkid#gtfs.line.1.59a-0]
14:01:03.386 [main] DEBUG org.hibernate.engine.TwoPhaseLoad - done materializing entity [net.lojika.gtfs.model.RoutesCdkid#gtfs.line.1.59a-0]
14:01:03.386 [main] DEBUG org.hibernate.engine.TwoPhaseLoad - resolving associations for [net.lojika.gtfs.model.Routes#istb.280613]
14:01:03.386 [main] DEBUG org.hibernate.engine.TwoPhaseLoad - done materializing entity [net.lojika.gtfs.model.Routes#istb.280613]
14:01:03.386 [main] DEBUG org.hibernate.engine.TwoPhaseLoad - resolving associations for [net.lojika.gtfs.model.RoutesCdkid#gtfs.line.1.58s-0]
14:01:03.386 [main] DEBUG org.hibernate.engine.TwoPhaseLoad - done materializing entity [net.lojika.gtfs.model.RoutesCdkid#gtfs.line.1.58s-0]
14:01:03.386 [main] DEBUG org.hibernate.engine.TwoPhaseLoad - resolving associations for [net.lojika.gtfs.model.Routes#istb.280610]
14:01:03.386 [main] DEBUG org.hibernate.engine.TwoPhaseLoad - done materializing entity [net.lojika.gtfs.model.Routes#istb.280610]
14:01:03.386 [main] DEBUG org.hibernate.engine.TwoPhaseLoad - resolving associations for [net.lojika.gtfs.model.RoutesCdkid#gtfs.line.1.57ul-1]
14:01:03.386 [main] DEBUG org.hibernate.engine.TwoPhaseLoad - done materializing entity [net.lojika.gtfs.model.RoutesCdkid#gtfs.line.1.57ul-1]
14:01:03.386 [main] DEBUG org.hibernate.engine.TwoPhaseLoad - resolving associations for [net.lojika.gtfs.model.RoutesCdkid#gtfs.line.1.57ul-0]
14:01:03.386 [main] DEBUG org.hibernate.engine.TwoPhaseLoad - done materializing entity [net.lojika.gtfs.model.RoutesCdkid#gtfs.line.1.57ul-0]
14:01:03.386 [main] DEBUG org.hibernate.engine.TwoPhaseLoad - resolving associations for [net.lojika.gtfs.model.Routes#istb.280609]
14:01:03.386 [main] DEBUG org.hibernate.engine.TwoPhaseLoad - done materializing entity [net.lojika.gtfs.model.Routes#istb.280609]
14:01:03.387 [main] DEBUG org.hibernate.engine.TwoPhaseLoad - resolving associations for [net.lojika.gtfs.model.RoutesCdkid#gtfs.line.1.55y-1]
14:01:03.387 [main] DEBUG org.hibernate.engine.TwoPhaseLoad - done materializing entity [net.lojika.gtfs.model.RoutesCdkid#gtfs.line.1.55y-1]
14:01:03.387 [main] DEBUG org.hibernate.engine.TwoPhaseLoad - resolving associations for [net.lojika.gtfs.model.RoutesCdkid#gtfs.line.1.55y-0]
14:01:03.387 [main] DEBUG org.hibernate.engine.TwoPhaseLoad - done materializing entity [net.lojika.gtfs.model.RoutesCdkid#gtfs.line.1.55y-0]
14:01:03.387 [main] DEBUG org.hibernate.engine.TwoPhaseLoad - resolving associations for [net.lojika.gtfs.model.Routes#istb.280608]
14:01:03.387 [main] DEBUG org.hibernate.engine.TwoPhaseLoad - done materializing entity [net.lojika.gtfs.model.Routes#istb.280608]
14:01:03.387 [main] DEBUG org.hibernate.engine.TwoPhaseLoad - resolving associations for [net.lojika.gtfs.model.RoutesCdkid#gtfs.line.1.55t-0]
14:01:03.387 [main] DEBUG org.hibernate.engine.TwoPhaseLoad - done materializing entity [net.lojika.gtfs.model.RoutesCdkid#gtfs.line.1.55t-0]
14:01:03.387 [main] DEBUG org.hibernate.engine.TwoPhaseLoad - resolving associations for [net.lojika.gtfs.model.Routes#istb.280607]
14:01:03.387 [main] DEBUG org.hibernate.engine.TwoPhaseLoad - done materializing entity [net.lojika.gtfs.model.Routes#istb.280607]
14:01:03.387 [main] DEBUG org.hibernate.engine.TwoPhaseLoad - resolving associations for [net.lojika.gtfs.model.RoutesCdkid#gtfs.line.1.55m-0]
14:01:03.387 [main] DEBUG org.hibernate.engine.TwoPhaseLoad - done materializing entity [net.lojika.gtfs.model.RoutesCdkid#gtfs.line.1.55m-0]
14:01:03.387 [main] DEBUG org.hibernate.engine.TwoPhaseLoad - resolving associations for [net.lojika.gtfs.model.Routes#istb.280606]
14:01:03.387 [main] DEBUG org.hibernate.engine.TwoPhaseLoad - done materializing entity [net.lojika.gtfs.model.Routes#istb.280606]
14:01:03.387 [main] DEBUG org.hibernate.engine.TwoPhaseLoad - resolving associations for [net.lojika.gtfs.model.RoutesCdkid#gtfs.line.1.55et-1]
14:01:03.387 [main] DEBUG org.hibernate.engine.TwoPhaseLoad - done materializing entity [net.lojika.gtfs.model.RoutesCdkid#gtfs.line.1.55et-1]
14:01:03.387 [main] DEBUG org.hibernate.engine.TwoPhaseLoad - resolving associations for [net.lojika.gtfs.model.RoutesCdkid#gtfs.line.1.55et-0]
14:01:03.387 [main] DEBUG org.hibernate.engine.TwoPhaseLoad - done materializing entity [net.lojika.gtfs.model.RoutesCdkid#gtfs.line.1.55et-0]
14:01:03.388 [main] DEBUG org.hibernate.engine.TwoPhaseLoad - resolving associations for [net.lojika.gtfs.model.Routes#istb.280604]
14:01:03.388 [main] DEBUG org.hibernate.engine.TwoPhaseLoad - done materializing entity [net.lojika.gtfs.model.Routes#istb.280604]
14:01:03.388 [main] DEBUG org.hibernate.engine.TwoPhaseLoad - resolving associations for [net.lojika.gtfs.model.RoutesCdkid#gtfs.line.1.559c-1]
14:01:03.388 [main] DEBUG org.hibernate.engine.TwoPhaseLoad - done materializing entity [net.lojika.gtfs.model.RoutesCdkid#gtfs.line.1.559c-1]
14:01:03.388 [main] DEBUG org.hibernate.engine.TwoPhaseLoad - resolving associations for [net.lojika.gtfs.model.RoutesCdkid#gtfs.line.1.559c-0]
14:01:03.388 [main] DEBUG org.hibernate.engine.TwoPhaseLoad - done materializing entity [net.lojika.gtfs.model.RoutesCdkid#gtfs.line.1.559c-0]
14:01:03.388 [main] DEBUG org.hibernate.engine.TwoPhaseLoad - resolving associations for [net.lojika.gtfs.model.Routes#istb.280603]
14:01:03.388 [main] DEBUG org.hibernate.engine.TwoPhaseLoad - done materializing entity [net.lojika.gtfs.model.Routes#istb.280603]
14:01:03.388 [main] DEBUG org.hibernate.engine.TwoPhaseLoad - resolving associations for [net.lojika.gtfs.model.RoutesCdkid#gtfs.line.1.55-0]
14:01:03.388 [main] DEBUG org.hibernate.engine.TwoPhaseLoad - done materializing entity [net.lojika.gtfs.model.RoutesCdkid#gtfs.line.1.55-0]
14:01:03.388 [main] DEBUG org.hibernate.engine.TwoPhaseLoad - resolving associations for [net.lojika.gtfs.model.Routes#istb.280602]
14:01:03.388 [main] DEBUG org.hibernate.engine.TwoPhaseLoad - done materializing entity [net.lojika.gtfs.model.Routes#istb.280602]
14:01:03.388 [main] DEBUG org.hibernate.engine.TwoPhaseLoad - resolving associations for [net.lojika.gtfs.model.RoutesCdkid#gtfs.line.1.54r-1]
14:01:03.388 [main] DEBUG org.hibernate.engine.TwoPhaseLoad - done materializing entity [net.lojika.gtfs.model.RoutesCdkid#gtfs.line.1.54r-1]
14:01:03.388 [main] DEBUG org.hibernate.engine.TwoPhaseLoad - resolving associations for [net.lojika.gtfs.model.RoutesCdkid#gtfs.line.1.54r-0]
14:01:03.388 [main] DEBUG org.hibernate.engine.TwoPhaseLoad - done materializing entity [net.lojika.gtfs.model.RoutesCdkid#gtfs.line.1.54r-0]
14:01:03.388 [main] DEBUG org.hibernate.engine.TwoPhaseLoad - resolving associations for [net.lojika.gtfs.model.Routes#istb.280601]
14:01:03.388 [main] DEBUG org.hibernate.engine.TwoPhaseLoad - done materializing entity [net.lojika.gtfs.model.Routes#istb.280601]
14:01:03.388 [main] DEBUG org.hibernate.engine.TwoPhaseLoad - resolving associations for [net.lojika.gtfs.model.RoutesCdkid#gtfs.line.1.54-1]
14:01:03.388 [main] DEBUG org.hibernate.engine.TwoPhaseLoad - done materializing entity [net.lojika.gtfs.model.RoutesCdkid#gtfs.line.1.54-1]
14:01:03.389 [main] DEBUG org.hibernate.engine.TwoPhaseLoad - resolving associations for [net.lojika.gtfs.model.RoutesCdkid#gtfs.line.1.54-0]
14:01:03.389 [main] DEBUG org.hibernate.engine.TwoPhaseLoad - done materializing entity [net.lojika.gtfs.model.RoutesCdkid#gtfs.line.1.54-0]
14:01:03.389 [main] DEBUG org.hibernate.engine.TwoPhaseLoad - resolving associations for [net.lojika.gtfs.model.Routes#istb.280599]
14:01:03.389 [main] DEBUG org.hibernate.engine.TwoPhaseLoad - done materializing entity [net.lojika.gtfs.model.Routes#istb.280599]
14:01:03.389 [main] DEBUG org.hibernate.engine.TwoPhaseLoad - resolving associations for [net.lojika.gtfs.model.RoutesCdkid#gtfs.line.1.54kt-0]
14:01:03.389 [main] DEBUG org.hibernate.engine.TwoPhaseLoad - done materializing entity [net.lojika.gtfs.model.RoutesCdkid#gtfs.line.1.54kt-0]
14:01:03.389 [main] DEBUG org.hibernate.engine.TwoPhaseLoad - resolving associations for [net.lojika.gtfs.model.Routes#istb.280598]
14:01:03.389 [main] DEBUG org.hibernate.engine.TwoPhaseLoad - done materializing entity [net.lojika.gtfs.model.Routes#istb.280598]
14:01:03.389 [main] DEBUG org.hibernate.engine.TwoPhaseLoad - resolving associations for [net.lojika.gtfs.model.RoutesCdkid#gtfs.line.1.54k-1]
14:01:03.389 [main] DEBUG org.hibernate.engine.TwoPhaseLoad - done materializing entity [net.lojika.gtfs.model.RoutesCdkid#gtfs.line.1.54k-1]
14:01:03.389 [main] DEBUG org.hibernate.engine.TwoPhaseLoad - resolving associations for [net.lojika.gtfs.model.RoutesCdkid#gtfs.line.1.54k-0]
14:01:03.389 [main] DEBUG org.hibernate.engine.TwoPhaseLoad - done materializing entity [net.lojika.gtfs.model.RoutesCdkid#gtfs.line.1.54k-0]
14:01:03.389 [main] DEBUG org.hibernate.engine.TwoPhaseLoad - resolving associations for [net.lojika.gtfs.model.Routes#istb.280597]
14:01:03.389 [main] DEBUG org.hibernate.engine.TwoPhaseLoad - done materializing entity [net.lojika.gtfs.model.Routes#istb.280597]
14:01:03.389 [main] DEBUG org.hibernate.engine.TwoPhaseLoad - resolving associations for [net.lojika.gtfs.model.RoutesCdkid#gtfs.line.1.54h-0]
14:01:03.389 [main] DEBUG org.hibernate.engine.TwoPhaseLoad - done materializing entity [net.lojika.gtfs.model.RoutesCdkid#gtfs.line.1.54h-0]
14:01:03.389 [main] DEBUG org.hibernate.engine.TwoPhaseLoad - resolving associations for [net.lojika.gtfs.model.Routes#istb.280596]
14:01:03.389 [main] DEBUG org.hibernate.engine.TwoPhaseLoad - done materializing entity [net.lojika.gtfs.model.Routes#istb.280596]
14:01:03.389 [main] DEBUG org.hibernate.engine.TwoPhaseLoad - resolving associations for [net.lojika.gtfs.model.RoutesCdkid#gtfs.line.1.54ht-0]
14:01:03.389 [main] DEBUG org.hibernate.engine.TwoPhaseLoad - done materializing entity [net.lojika.gtfs.model.RoutesCdkid#gtfs.line.1.54ht-0]
14:01:03.389 [main] DEBUG org.hibernate.engine.TwoPhaseLoad - resolving associations for [net.lojika.gtfs.model.Routes#istb.280595]
14:01:03.389 [main] DEBUG org.hibernate.engine.TwoPhaseLoad - done materializing entity [net.lojika.gtfs.model.Routes#istb.280595]
14:01:03.389 [main] DEBUG org.hibernate.engine.TwoPhaseLoad - resolving associations for [net.lojika.gtfs.model.RoutesCdkid#gtfs.line.1.54e-1]
14:01:03.390 [main] DEBUG org.hibernate.engine.TwoPhaseLoad - done materializing entity [net.lojika.gtfs.model.RoutesCdkid#gtfs.line.1.54e-1]
14:01:03.390 [main] DEBUG org.hibernate.engine.TwoPhaseLoad - resolving associations for [net.lojika.gtfs.model.RoutesCdkid#gtfs.line.1.54e-0]
14:01:03.390 [main] DEBUG org.hibernate.engine.TwoPhaseLoad - done materializing entity [net.lojika.gtfs.model.RoutesCdkid#gtfs.line.1.54e-0]
14:01:03.390 [main] DEBUG org.hibernate.engine.TwoPhaseLoad - resolving associations for [net.lojika.gtfs.model.Routes#istb.280594]
14:01:03.390 [main] DEBUG org.hibernate.engine.TwoPhaseLoad - done materializing entity [net.lojika.gtfs.model.Routes#istb.280594]
14:01:03.390 [main] DEBUG org.hibernate.engine.TwoPhaseLoad - resolving associations for [net.lojika.gtfs.model.RoutesCdkid#gtfs.line.1.522st-1]
14:01:03.390 [main] DEBUG org.hibernate.engine.TwoPhaseLoad - done materializing entity [net.lojika.gtfs.model.RoutesCdkid#gtfs.line.1.522st-1]
14:01:03.390 [main] DEBUG org.hibernate.engine.TwoPhaseLoad - resolving associations for [net.lojika.gtfs.model.RoutesCdkid#gtfs.line.1.522st-0]
14:01:03.390 [main] DEBUG org.hibernate.engine.TwoPhaseLoad - done materializing entity [net.lojika.gtfs.model.RoutesCdkid#gtfs.line.1.522st-0]
14:01:03.390 [main] DEBUG org.hibernate.engine.TwoPhaseLoad - resolving associations for [net.lojika.gtfs.model.Routes#istb.280592]
14:01:03.390 [main] DEBUG org.hibernate.engine.TwoPhaseLoad - done materializing entity [net.lojika.gtfs.model.Routes#istb.280592]
14:01:03.390 [main] DEBUG org.hibernate.engine.TwoPhaseLoad - resolving associations for [net.lojika.gtfs.model.RoutesCdkid#gtfs.line.1.522b-1]
14:01:03.390 [main] DEBUG org.hibernate.engine.TwoPhaseLoad - done materializing entity [net.lojika.gtfs.model.RoutesCdkid#gtfs.line.1.522b-1]
14:01:03.390 [main] DEBUG org.hibernate.engine.TwoPhaseLoad - resolving associations for [net.lojika.gtfs.model.RoutesCdkid#gtfs.line.1.522b-0]
14:01:03.390 [main] DEBUG org.hibernate.engine.TwoPhaseLoad - done materializing entity [net.lojika.gtfs.model.RoutesCdkid#gtfs.line.1.522b-0]
14:01:03.390 [main] DEBUG org.hibernate.engine.TwoPhaseLoad - resolving associations for [net.lojika.gtfs.model.Routes#istb.280591]
14:01:03.390 [main] DEBUG org.hibernate.engine.TwoPhaseLoad - done materializing entity [net.lojika.gtfs.model.Routes#istb.280591]
14:01:03.390 [main] DEBUG org.hibernate.engine.TwoPhaseLoad - resolving associations for [net.lojika.gtfs.model.RoutesCdkid#gtfs.line.1.522-1]
14:01:03.390 [main] DEBUG org.hibernate.engine.TwoPhaseLoad - done materializing entity [net.lojika.gtfs.model.RoutesCdkid#gtfs.line.1.522-1]
14:01:03.390 [main] DEBUG org.hibernate.engine.TwoPhaseLoad - resolving associations for [net.lojika.gtfs.model.RoutesCdkid#gtfs.line.1.522-0]
14:01:03.390 [main] DEBUG org.hibernate.engine.TwoPhaseLoad - done materializing entity [net.lojika.gtfs.model.RoutesCdkid#gtfs.line.1.522-0]
14:01:03.390 [main] DEBUG org.hibernate.engine.TwoPhaseLoad - resolving associations for [net.lojika.gtfs.model.Routes#istb.280590]
14:01:03.390 [main] DEBUG org.hibernate.engine.TwoPhaseLoad - done materializing entity [net.lojika.gtfs.model.Routes#istb.280590]
14:01:03.390 [main] DEBUG org.hibernate.engine.TwoPhaseLoad - resolving associations for [net.lojika.gtfs.model.RoutesCdkid#gtfs.line.1.52-1]
14:01:03.391 [main] DEBUG org.hibernate.engine.TwoPhaseLoad - done materializing entity [net.lojika.gtfs.model.RoutesCdkid#gtfs.line.1.52-1]
14:01:03.391 [main] DEBUG org.hibernate.engine.TwoPhaseLoad - resolving associations for [net.lojika.gtfs.model.RoutesCdkid#gtfs.line.1.52-0]
14:01:03.391 [main] DEBUG org.hibernate.engine.TwoPhaseLoad - done materializing entity [net.lojika.gtfs.model.RoutesCdkid#gtfs.line.1.52-0]
14:01:03.391 [main] DEBUG org.hibernate.engine.TwoPhaseLoad - resolving associations for [net.lojika.gtfs.model.Routes#istb.280589]
14:01:03.391 [main] DEBUG org.hibernate.engine.TwoPhaseLoad - done materializing entity [net.lojika.gtfs.model.Routes#istb.280589]
14:01:03.391 [main] DEBUG org.hibernate.engine.TwoPhaseLoad - resolving associations for [net.lojika.gtfs.model.RoutesCdkid#gtfs.line.1.500t-1]
14:01:03.391 [main] DEBUG org.hibernate.engine.TwoPhaseLoad - done materializing entity [net.lojika.gtfs.model.RoutesCdkid#gtfs.line.1.500t-1]
14:01:03.391 [main] DEBUG org.hibernate.engine.TwoPhaseLoad - resolving associations for [net.lojika.gtfs.model.RoutesCdkid#gtfs.line.1.500t-0]
14:01:03.391 [main] DEBUG org.hibernate.engine.TwoPhaseLoad - done materializing entity [net.lojika.gtfs.model.RoutesCdkid#gtfs.line.1.500t-0]
14:01:03.391 [main] DEBUG org.hibernate.engine.TwoPhaseLoad - resolving associations for [net.lojika.gtfs.model.Routes#istb.280588]
14:01:03.391 [main] DEBUG org.hibernate.engine.TwoPhaseLoad - done materializing entity [net.lojika.gtfs.model.Routes#istb.280588]
14:01:03.391 [main] DEBUG org.hibernate.engine.TwoPhaseLoad - resolving associations for [net.lojika.gtfs.model.RoutesCdkid#gtfs.line.1.500l-0]
14:01:03.391 [main] DEBUG org.hibernate.engine.TwoPhaseLoad - done materializing entity [net.lojika.gtfs.model.RoutesCdkid#gtfs.line.1.500l-0]
14:01:03.391 [main] DEBUG org.hibernate.engine.TwoPhaseLoad - resolving associations for [net.lojika.gtfs.model.Routes#istb.280587]
14:01:03.391 [main] DEBUG org.hibernate.engine.TwoPhaseLoad - done materializing entity [net.lojika.gtfs.model.Routes#istb.280587]
14:01:03.391 [main] DEBUG org.hibernate.engine.TwoPhaseLoad - resolving associations for [net.lojika.gtfs.model.RoutesCdkid#gtfs.line.1.500es-1]
14:01:03.391 [main] DEBUG org.hibernate.engine.TwoPhaseLoad - done materializing entity [net.lojika.gtfs.model.RoutesCdkid#gtfs.line.1.500es-1]
14:01:03.391 [main] DEBUG org.hibernate.engine.TwoPhaseLoad - resolving associations for [net.lojika.gtfs.model.RoutesCdkid#gtfs.line.1.500es-0]
14:01:03.391 [main] DEBUG org.hibernate.engine.TwoPhaseLoad - done materializing entity [net.lojika.gtfs.model.RoutesCdkid#gtfs.line.1.500es-0]
14:01:03.391 [main] DEBUG org.hibernate.engine.TwoPhaseLoad - resolving associations for [net.lojika.gtfs.model.Routes#istb.280586]
14:01:03.391 [main] DEBUG org.hibernate.engine.TwoPhaseLoad - done materializing entity [net.lojika.gtfs.model.Routes#istb.280586]
14:01:03.391 [main] DEBUG org.hibernate.engine.TwoPhaseLoad - resolving associations for [net.lojika.gtfs.model.RoutesCdkid#gtfs.line.1.500a-1]
14:01:03.391 [main] DEBUG org.hibernate.engine.TwoPhaseLoad - done materializing entity [net.lojika.gtfs.model.RoutesCdkid#gtfs.line.1.500a-1]
14:01:03.392 [main] DEBUG org.hibernate.engine.TwoPhaseLoad - resolving associations for [net.lojika.gtfs.model.RoutesCdkid#gtfs.line.1.500a-0]
14:01:03.392 [main] DEBUG org.hibernate.engine.TwoPhaseLoad - done materializing entity [net.lojika.gtfs.model.RoutesCdkid#gtfs.line.1.500a-0]
14:01:03.392 [main] DEBUG org.hibernate.engine.TwoPhaseLoad - resolving associations for [net.lojika.gtfs.model.Routes#istb.280585]
14:01:03.392 [main] DEBUG org.hibernate.engine.TwoPhaseLoad - done materializing entity [net.lojika.gtfs.model.Routes#istb.280585]
14:01:03.392 [main] DEBUG org.hibernate.engine.TwoPhaseLoad - resolving associations for [net.lojika.gtfs.model.RoutesCdkid#gtfs.line.1.49y-0]
14:01:03.392 [main] DEBUG org.hibernate.engine.TwoPhaseLoad - done materializing entity [net.lojika.gtfs.model.RoutesCdkid#gtfs.line.1.49y-0]
14:01:03.392 [main] DEBUG org.hibernate.engine.TwoPhaseLoad - resolving associations for [net.lojika.gtfs.model.Routes#istb.280584]
14:01:03.392 [main] DEBUG org.hibernate.engine.TwoPhaseLoad - done materializing entity [net.lojika.gtfs.model.Routes#istb.280584]
14:01:03.392 [main] DEBUG org.hibernate.engine.TwoPhaseLoad - resolving associations for [net.lojika.gtfs.model.RoutesCdkid#gtfs.line.1.49g-1]
14:01:03.392 [main] DEBUG org.hibernate.engine.TwoPhaseLoad - done materializing entity [net.lojika.gtfs.model.RoutesCdkid#gtfs.line.1.49g-1]
14:01:03.392 [main] DEBUG org.hibernate.engine.TwoPhaseLoad - resolving associations for [net.lojika.gtfs.model.RoutesCdkid#gtfs.line.1.49g-0]
14:01:03.392 [main] DEBUG org.hibernate.engine.TwoPhaseLoad - done materializing entity [net.lojika.gtfs.model.RoutesCdkid#gtfs.line.1.49g-0]
14:01:03.392 [main] DEBUG org.hibernate.engine.TwoPhaseLoad - resolving associations for [net.lojika.gtfs.model.Routes#istb.280583]
14:01:03.392 [main] DEBUG org.hibernate.engine.TwoPhaseLoad - done materializing entity [net.lojika.gtfs.model.Routes#istb.280583]
14:01:03.392 [main] DEBUG org.hibernate.engine.TwoPhaseLoad - resolving associations for [net.lojika.gtfs.model.RoutesCdkid#gtfs.line.1.49b-0]
14:01:03.392 [main] DEBUG org.hibernate.engine.TwoPhaseLoad - done materializing entity [net.lojika.gtfs.model.RoutesCdkid#gtfs.line.1.49b-0]
14:01:03.392 [main] DEBUG org.hibernate.engine.TwoPhaseLoad - resolving associations for [net.lojika.gtfs.model.Routes#istb.280582]
14:01:03.392 [main] DEBUG org.hibernate.engine.TwoPhaseLoad - done materializing entity [net.lojika.gtfs.model.Routes#istb.280582]
14:01:03.392 [main] DEBUG org.hibernate.engine.TwoPhaseLoad - resolving associations for [net.lojika.gtfs.model.RoutesCdkid#gtfs.line.1.49a-0]
14:01:03.392 [main] DEBUG org.hibernate.engine.TwoPhaseLoad - done materializing entity [net.lojika.gtfs.model.RoutesCdkid#gtfs.line.1.49a-0]
14:01:03.392 [main] DEBUG org.hibernate.engine.TwoPhaseLoad - resolving associations for [net.lojika.gtfs.model.Routes#istb.280580]
14:01:03.392 [main] DEBUG org.hibernate.engine.TwoPhaseLoad - done materializing entity [net.lojika.gtfs.model.Routes#istb.280580]
14:01:03.392 [main] DEBUG org.hibernate.engine.TwoPhaseLoad - resolving associations for [net.lojika.gtfs.model.RoutesCdkid#gtfs.line.1.48t-1]
14:01:03.393 [main] DEBUG org.hibernate.engine.TwoPhaseLoad - done materializing entity [net.lojika.gtfs.model.RoutesCdkid#gtfs.line.1.48t-1]
14:01:03.393 [main] DEBUG org.hibernate.engine.TwoPhaseLoad - resolving associations for [net.lojika.gtfs.model.RoutesCdkid#gtfs.line.1.48t-0]
14:01:03.393 [main] DEBUG org.hibernate.engine.TwoPhaseLoad - done materializing entity [net.lojika.gtfs.model.RoutesCdkid#gtfs.line.1.48t-0]
14:01:03.393 [main] DEBUG org.hibernate.engine.TwoPhaseLoad - resolving associations for [net.lojika.gtfs.model.Routes#istb.280577]
14:01:03.393 [main] DEBUG org.hibernate.engine.TwoPhaseLoad - done materializing entity [net.lojika.gtfs.model.Routes#istb.280577]
14:01:03.393 [main] DEBUG org.hibernate.engine.TwoPhaseLoad - resolving associations for [net.lojika.gtfs.model.RoutesCdkid#gtfs.line.1.48n-1]
14:01:03.393 [main] DEBUG org.hibernate.engine.TwoPhaseLoad - done materializing entity [net.lojika.gtfs.model.RoutesCdkid#gtfs.line.1.48n-1]
14:01:03.393 [main] DEBUG org.hibernate.engine.TwoPhaseLoad - resolving associations for [net.lojika.gtfs.model.RoutesCdkid#gtfs.line.1.48n-0]
14:01:03.393 [main] DEBUG org.hibernate.engine.TwoPhaseLoad - done materializing entity [net.lojika.gtfs.model.RoutesCdkid#gtfs.line.1.48n-0]
14:01:03.393 [main] DEBUG org.hibernate.engine.TwoPhaseLoad - resolving associations for [net.lojika.gtfs.model.Routes#istb.280574]
14:01:03.393 [main] DEBUG org.hibernate.engine.TwoPhaseLoad - done materializing entity [net.lojika.gtfs.model.Routes#istb.280574]
14:01:03.393 [main] DEBUG org.hibernate.engine.TwoPhaseLoad - resolving associations for [net.lojika.gtfs.model.RoutesCdkid#gtfs.line.1.48h-0]
14:01:03.393 [main] DEBUG org.hibernate.engine.TwoPhaseLoad - done materializing entity [net.lojika.gtfs.model.RoutesCdkid#gtfs.line.1.48h-0]
14:01:03.393 [main] DEBUG org.hibernate.engine.TwoPhaseLoad - resolving associations for [net.lojika.gtfs.model.Routes#istb.280573]
14:01:03.393 [main] DEBUG org.hibernate.engine.TwoPhaseLoad - done materializing entity [net.lojika.gtfs.model.Routes#istb.280573]
14:01:03.393 [main] DEBUG org.hibernate.engine.TwoPhaseLoad - resolving associations for [net.lojika.gtfs.model.RoutesCdkid#gtfs.line.1.48b-0]
14:01:03.393 [main] DEBUG org.hibernate.engine.TwoPhaseLoad - done materializing entity [net.lojika.gtfs.model.RoutesCdkid#gtfs.line.1.48b-0]
14:01:03.393 [main] DEBUG org.hibernate.engine.TwoPhaseLoad - resolving associations for [net.lojika.gtfs.model.Routes#istb.280572]
14:01:03.393 [main] DEBUG org.hibernate.engine.TwoPhaseLoad - done materializing entity [net.lojika.gtfs.model.Routes#istb.280572]
14:01:03.393 [main] DEBUG org.hibernate.engine.TwoPhaseLoad - resolving associations for [net.lojika.gtfs.model.RoutesCdkid#gtfs.line.1.48a-1]
14:01:03.393 [main] DEBUG org.hibernate.engine.TwoPhaseLoad - done materializing entity [net.lojika.gtfs.model.RoutesCdkid#gtfs.line.1.48a-1]
14:01:03.393 [main] DEBUG org.hibernate.engine.TwoPhaseLoad - resolving associations for [net.lojika.gtfs.model.RoutesCdkid#gtfs.line.1.48a-0]
14:01:03.393 [main] DEBUG org.hibernate.engine.TwoPhaseLoad - done materializing entity [net.lojika.gtfs.model.RoutesCdkid#gtfs.line.1.48a-0]
14:01:03.393 [main] DEBUG org.hibernate.engine.TwoPhaseLoad - resolving associations for [net.lojika.gtfs.model.Routes#istb.280571]
14:01:03.393 [main] DEBUG org.hibernate.engine.TwoPhaseLoad - done materializing entity [net.lojika.gtfs.model.Routes#istb.280571]
14:01:03.393 [main] DEBUG org.hibernate.engine.TwoPhaseLoad - resolving associations for [net.lojika.gtfs.model.RoutesCdkid#gtfs.line.1.48-1]
14:01:03.394 [main] DEBUG org.hibernate.engine.TwoPhaseLoad - done materializing entity [net.lojika.gtfs.model.RoutesCdkid#gtfs.line.1.48-1]
14:01:03.394 [main] DEBUG org.hibernate.engine.TwoPhaseLoad - resolving associations for [net.lojika.gtfs.model.RoutesCdkid#gtfs.line.1.48-0]
14:01:03.394 [main] DEBUG org.hibernate.engine.TwoPhaseLoad - done materializing entity [net.lojika.gtfs.model.RoutesCdkid#gtfs.line.1.48-0]
14:01:03.394 [main] DEBUG org.hibernate.engine.TwoPhaseLoad - resolving associations for [net.lojika.gtfs.model.Routes#istb.280570]
14:01:03.394 [main] DEBUG org.hibernate.engine.TwoPhaseLoad - done materializing entity [net.lojika.gtfs.model.Routes#istb.280570]
14:01:03.394 [main] DEBUG org.hibernate.engine.TwoPhaseLoad - resolving associations for [net.lojika.gtfs.model.RoutesCdkid#gtfs.line.1.47-1]
14:01:03.394 [main] DEBUG org.hibernate.engine.TwoPhaseLoad - done materializing entity [net.lojika.gtfs.model.RoutesCdkid#gtfs.line.1.47-1]
14:01:03.394 [main] DEBUG org.hibernate.engine.TwoPhaseLoad - resolving associations for [net.lojika.gtfs.model.RoutesCdkid#gtfs.line.1.47-0]
14:01:03.394 [main] DEBUG org.hibernate.engine.TwoPhaseLoad - done materializing entity [net.lojika.gtfs.model.RoutesCdkid#gtfs.line.1.47-0]
14:01:03.394 [main] DEBUG org.hibernate.engine.TwoPhaseLoad - resolving associations for [net.lojika.gtfs.model.Routes#istb.280567]
14:01:03.394 [main] DEBUG org.hibernate.engine.TwoPhaseLoad - done materializing entity [net.lojika.gtfs.model.Routes#istb.280567]
14:01:03.394 [main] DEBUG org.hibernate.engine.TwoPhaseLoad - resolving associations for [net.lojika.gtfs.model.RoutesCdkid#gtfs.line.1.47e-1]
14:01:03.394 [main] DEBUG org.hibernate.engine.TwoPhaseLoad - done materializing entity [net.lojika.gtfs.model.RoutesCdkid#gtfs.line.1.47e-1]
14:01:03.394 [main] DEBUG org.hibernate.engine.TwoPhaseLoad - resolving associations for [net.lojika.gtfs.model.Routes#istb.280564]
14:01:03.394 [main] DEBUG org.hibernate.engine.TwoPhaseLoad - done materializing entity [net.lojika.gtfs.model.Routes#istb.280564]
14:01:03.394 [main] DEBUG org.hibernate.engine.TwoPhaseLoad - resolving associations for [net.lojika.gtfs.model.RoutesCdkid#gtfs.line.1.46-1]
14:01:03.394 [main] DEBUG org.hibernate.engine.TwoPhaseLoad - done materializing entity [net.lojika.gtfs.model.RoutesCdkid#gtfs.line.1.46-1]
14:01:03.394 [main] DEBUG org.hibernate.engine.TwoPhaseLoad - resolving associations for [net.lojika.gtfs.model.Routes#istb.280560]
14:01:03.394 [main] DEBUG org.hibernate.engine.TwoPhaseLoad - done materializing entity [net.lojika.gtfs.model.Routes#istb.280560]
14:01:03.394 [main] DEBUG org.hibernate.engine.TwoPhaseLoad - resolving associations for [net.lojika.gtfs.model.RoutesCdkid#gtfs.line.1.458-1]
14:01:03.394 [main] DEBUG org.hibernate.engine.TwoPhaseLoad - done materializing entity [net.lojika.gtfs.model.RoutesCdkid#gtfs.line.1.458-1]
14:01:03.394 [main] DEBUG org.hibernate.engine.TwoPhaseLoad - resolving associations for [net.lojika.gtfs.model.Routes#istb.280559]
14:01:03.394 [main] DEBUG org.hibernate.engine.TwoPhaseLoad - done materializing entity [net.lojika.gtfs.model.Routes#istb.280559]
14:01:03.394 [main] DEBUG org.hibernate.engine.TwoPhaseLoad - resolving associations for [net.lojika.gtfs.model.RoutesCdkid#gtfs.line.1.44b-1]
14:01:03.394 [main] DEBUG org.hibernate.engine.TwoPhaseLoad - done materializing entity [net.lojika.gtfs.model.RoutesCdkid#gtfs.line.1.44b-1]
14:01:03.394 [main] DEBUG org.hibernate.engine.TwoPhaseLoad - resolving associations for [net.lojika.gtfs.model.RoutesCdkid#gtfs.line.1.44b-0]
14:01:03.395 [main] DEBUG org.hibernate.engine.TwoPhaseLoad - done materializing entity [net.lojika.gtfs.model.RoutesCdkid#gtfs.line.1.44b-0]
14:01:03.395 [main] DEBUG org.hibernate.engine.TwoPhaseLoad - resolving associations for [net.lojika.gtfs.model.Routes#istb.280558]
14:01:03.395 [main] DEBUG org.hibernate.engine.TwoPhaseLoad - done materializing entity [net.lojika.gtfs.model.Routes#istb.280558]
14:01:03.395 [main] DEBUG org.hibernate.engine.TwoPhaseLoad - resolving associations for [net.lojika.gtfs.model.RoutesCdkid#gtfs.line.1.448-1]
14:01:03.395 [main] DEBUG org.hibernate.engine.TwoPhaseLoad - done materializing entity [net.lojika.gtfs.model.RoutesCdkid#gtfs.line.1.448-1]
14:01:03.395 [main] DEBUG org.hibernate.engine.TwoPhaseLoad - resolving associations for [net.lojika.gtfs.model.RoutesCdkid#gtfs.line.1.448-0]
14:01:03.395 [main] DEBUG org.hibernate.engine.TwoPhaseLoad - done materializing entity [net.lojika.gtfs.model.RoutesCdkid#gtfs.line.1.448-0]
14:01:03.395 [main] DEBUG org.hibernate.engine.TwoPhaseLoad - resolving associations for [net.lojika.gtfs.model.Routes#istb.280556]
14:01:03.395 [main] DEBUG org.hibernate.engine.TwoPhaseLoad - done materializing entity [net.lojika.gtfs.model.Routes#istb.280556]
14:01:03.395 [main] DEBUG org.hibernate.engine.TwoPhaseLoad - resolving associations for [net.lojika.gtfs.model.RoutesCdkid#gtfs.line.1.43-1]
14:01:03.395 [main] DEBUG org.hibernate.engine.TwoPhaseLoad - done materializing entity [net.lojika.gtfs.model.RoutesCdkid#gtfs.line.1.43-1]
14:01:03.395 [main] DEBUG org.hibernate.engine.TwoPhaseLoad - resolving associations for [net.lojika.gtfs.model.RoutesCdkid#gtfs.line.1.43-0]
14:01:03.395 [main] DEBUG org.hibernate.engine.TwoPhaseLoad - done materializing entity [net.lojika.gtfs.model.RoutesCdkid#gtfs.line.1.43-0]
14:01:03.395 [main] DEBUG org.hibernate.engine.TwoPhaseLoad - resolving associations for [net.lojika.gtfs.model.RoutesCdkid#gtfs.line.2.m2b-0]
14:01:03.395 [main] DEBUG org.hibernate.engine.TwoPhaseLoad - done materializing entity [net.lojika.gtfs.model.RoutesCdkid#gtfs.line.2.m2b-0]
14:01:03.395 [main] DEBUG org.hibernate.engine.TwoPhaseLoad - resolving associations for [net.lojika.gtfs.model.Routes#istb.2012]
14:01:03.396 [main] DEBUG org.hibernate.engine.TwoPhaseLoad - done materializing entity [net.lojika.gtfs.model.Routes#istb.2012]
14:01:03.396 [main] DEBUG org.hibernate.engine.TwoPhaseLoad - resolving associations for [net.lojika.gtfs.model.RoutesCdkid#gtfs.line.2.m2a-1]
14:01:03.396 [main] DEBUG org.hibernate.engine.TwoPhaseLoad - done materializing entity [net.lojika.gtfs.model.RoutesCdkid#gtfs.line.2.m2a-1]
14:01:03.396 [main] DEBUG org.hibernate.engine.TwoPhaseLoad - resolving associations for [net.lojika.gtfs.model.RoutesCdkid#gtfs.line.2.m2a-0]
14:01:03.396 [main] DEBUG org.hibernate.engine.TwoPhaseLoad - done materializing entity [net.lojika.gtfs.model.RoutesCdkid#gtfs.line.2.m2a-0]
14:01:03.396 [main] DEBUG org.hibernate.engine.TwoPhaseLoad - resolving associations for [net.lojika.gtfs.model.Routes#istb.2008]
14:01:03.396 [main] DEBUG org.hibernate.engine.TwoPhaseLoad - done materializing entity [net.lojika.gtfs.model.Routes#istb.2008]
14:01:03.396 [main] DEBUG org.hibernate.engine.TwoPhaseLoad - resolving associations for [net.lojika.gtfs.model.RoutesCdkid#gtfs.line.2.f1-1]
14:01:03.396 [main] DEBUG org.hibernate.engine.TwoPhaseLoad - done materializing entity [net.lojika.gtfs.model.RoutesCdkid#gtfs.line.2.f1-1]
14:01:03.396 [main] DEBUG org.hibernate.engine.TwoPhaseLoad - resolving associations for [net.lojika.gtfs.model.Routes#istb.2007]
14:01:03.396 [main] DEBUG org.hibernate.engine.TwoPhaseLoad - done materializing entity [net.lojika.gtfs.model.Routes#istb.2007]
14:01:03.396 [main] DEBUG org.hibernate.engine.TwoPhaseLoad - resolving associations for [net.lojika.gtfs.model.RoutesCdkid#gtfs.line.2.t4-1]
14:01:03.396 [main] DEBUG org.hibernate.engine.TwoPhaseLoad - done materializing entity [net.lojika.gtfs.model.RoutesCdkid#gtfs.line.2.t4-1]
14:01:03.396 [main] DEBUG org.hibernate.engine.TwoPhaseLoad - resolving associations for [net.lojika.gtfs.model.RoutesCdkid#gtfs.line.2.t4-0]
14:01:03.396 [main] DEBUG org.hibernate.engine.TwoPhaseLoad - done materializing entity [net.lojika.gtfs.model.RoutesCdkid#gtfs.line.2.t4-0]
14:01:03.396 [main] DEBUG org.hibernate.engine.TwoPhaseLoad - resolving associations for [net.lojika.gtfs.model.Routes#istb.2005]
14:01:03.396 [main] DEBUG org.hibernate.engine.TwoPhaseLoad - done materializing entity [net.lojika.gtfs.model.Routes#istb.2005]
14:01:03.396 [main] DEBUG org.hibernate.engine.TwoPhaseLoad - resolving associations for [net.lojika.gtfs.model.RoutesCdkid#gtfs.line.2.t1-1]
14:01:03.396 [main] DEBUG org.hibernate.engine.TwoPhaseLoad - done materializing entity [net.lojika.gtfs.model.RoutesCdkid#gtfs.line.2.t1-1]
14:01:03.396 [main] DEBUG org.hibernate.engine.TwoPhaseLoad - resolving associations for [net.lojika.gtfs.model.RoutesCdkid#gtfs.line.2.t1-0]
14:01:03.396 [main] DEBUG org.hibernate.engine.TwoPhaseLoad - done materializing entity [net.lojika.gtfs.model.RoutesCdkid#gtfs.line.2.t1-0]
14:01:03.396 [main] DEBUG org.hibernate.engine.TwoPhaseLoad - resolving associations for [net.lojika.gtfs.model.Routes#istb.2004]
14:01:03.396 [main] DEBUG org.hibernate.engine.TwoPhaseLoad - done materializing entity [net.lojika.gtfs.model.Routes#istb.2004]
14:01:03.396 [main] DEBUG org.hibernate.engine.TwoPhaseLoad - resolving associations for [net.lojika.gtfs.model.RoutesCdkid#gtfs.line.2.m4-1]
14:01:03.396 [main] DEBUG org.hibernate.engine.TwoPhaseLoad - done materializing entity [net.lojika.gtfs.model.RoutesCdkid#gtfs.line.2.m4-1]
14:01:03.397 [main] DEBUG org.hibernate.engine.TwoPhaseLoad - resolving associations for [net.lojika.gtfs.model.RoutesCdkid#gtfs.line.2.m4-0]
14:01:03.397 [main] DEBUG org.hibernate.engine.TwoPhaseLoad - done materializing entity [net.lojika.gtfs.model.RoutesCdkid#gtfs.line.2.m4-0]
14:01:03.397 [main] DEBUG org.hibernate.engine.TwoPhaseLoad - resolving associations for [net.lojika.gtfs.model.Routes#istb.2003]
14:01:03.397 [main] DEBUG org.hibernate.engine.TwoPhaseLoad - done materializing entity [net.lojika.gtfs.model.Routes#istb.2003]
14:01:03.397 [main] DEBUG org.hibernate.engine.TwoPhaseLoad - resolving associations for [net.lojika.gtfs.model.RoutesCdkid#gtfs.line.2.m3-1]
14:01:03.397 [main] DEBUG org.hibernate.engine.TwoPhaseLoad - done materializing entity [net.lojika.gtfs.model.RoutesCdkid#gtfs.line.2.m3-1]
14:01:03.397 [main] DEBUG org.hibernate.engine.TwoPhaseLoad - resolving associations for [net.lojika.gtfs.model.RoutesCdkid#gtfs.line.2.m3-0]
14:01:03.397 [main] DEBUG org.hibernate.engine.TwoPhaseLoad - done materializing entity [net.lojika.gtfs.model.RoutesCdkid#gtfs.line.2.m3-0]
14:01:03.397 [main] DEBUG org.hibernate.engine.TwoPhaseLoad - resolving associations for [net.lojika.gtfs.model.Routes#istb.2002]
14:01:03.397 [main] DEBUG org.hibernate.engine.TwoPhaseLoad - done materializing entity [net.lojika.gtfs.model.Routes#istb.2002]
14:01:03.397 [main] DEBUG org.hibernate.engine.TwoPhaseLoad - resolving associations for [net.lojika.gtfs.model.RoutesCdkid#gtfs.line.2.m2-1]
14:01:03.397 [main] DEBUG org.hibernate.engine.TwoPhaseLoad - done materializing entity [net.lojika.gtfs.model.RoutesCdkid#gtfs.line.2.m2-1]
14:01:03.397 [main] DEBUG org.hibernate.engine.TwoPhaseLoad - resolving associations for [net.lojika.gtfs.model.RoutesCdkid#gtfs.line.2.m2-0]
14:01:03.397 [main] DEBUG org.hibernate.engine.TwoPhaseLoad - done materializing entity [net.lojika.gtfs.model.RoutesCdkid#gtfs.line.2.m2-0]
14:01:03.397 [main] DEBUG org.hibernate.engine.TwoPhaseLoad - resolving associations for [net.lojika.gtfs.model.Routes#istb.2001]
14:01:03.397 [main] DEBUG org.hibernate.engine.TwoPhaseLoad - done materializing entity [net.lojika.gtfs.model.Routes#istb.2001]
14:01:03.397 [main] DEBUG org.hibernate.engine.TwoPhaseLoad - resolving associations for [net.lojika.gtfs.model.RoutesCdkid#gtfs.line.2.m1a-1]
14:01:03.397 [main] DEBUG org.hibernate.engine.TwoPhaseLoad - done materializing entity [net.lojika.gtfs.model.RoutesCdkid#gtfs.line.2.m1a-1]
14:01:03.397 [main] DEBUG org.hibernate.engine.TwoPhaseLoad - resolving associations for [net.lojika.gtfs.model.RoutesCdkid#gtfs.line.2.m1a-0]
14:01:03.397 [main] DEBUG org.hibernate.engine.TwoPhaseLoad - done materializing entity [net.lojika.gtfs.model.RoutesCdkid#gtfs.line.2.m1a-0]
14:01:03.397 [main] DEBUG org.hibernate.engine.TwoPhaseLoad - resolving associations for [net.lojika.gtfs.model.RoutesCdkid#gtfs.line.5.kbtbyk-1]
14:01:03.397 [main] DEBUG org.hibernate.engine.TwoPhaseLoad - done materializing entity [net.lojika.gtfs.model.RoutesCdkid#gtfs.line.5.kbtbyk-1]
14:01:03.397 [main] DEBUG org.hibernate.engine.TwoPhaseLoad - resolving associations for [net.lojika.gtfs.model.Routes#istb.5007]
14:01:03.397 [main] DEBUG org.hibernate.engine.TwoPhaseLoad - done materializing entity [net.lojika.gtfs.model.Routes#istb.5007]
14:01:03.397 [main] DEBUG org.hibernate.engine.TwoPhaseLoad - resolving associations for [net.lojika.gtfs.model.RoutesCdkid#gtfs.line.5.kdykbt-1]
14:01:03.397 [main] DEBUG org.hibernate.engine.TwoPhaseLoad - done materializing entity [net.lojika.gtfs.model.RoutesCdkid#gtfs.line.5.kdykbt-1]
14:01:03.397 [main] DEBUG org.hibernate.engine.TwoPhaseLoad - resolving associations for [net.lojika.gtfs.model.RoutesCdkid#gtfs.line.5.kdykbt-0]
14:01:03.397 [main] DEBUG org.hibernate.engine.TwoPhaseLoad - done materializing entity [net.lojika.gtfs.model.RoutesCdkid#gtfs.line.5.kdykbt-0]
14:01:03.398 [main] DEBUG org.hibernate.engine.TwoPhaseLoad - resolving associations for [net.lojika.gtfs.model.RoutesCdkid#gtfs.line.1.9a-1]
14:01:03.398 [main] DEBUG org.hibernate.engine.TwoPhaseLoad - done materializing entity [net.lojika.gtfs.model.RoutesCdkid#gtfs.line.1.9a-1]
14:01:03.398 [main] DEBUG org.hibernate.engine.TwoPhaseLoad - resolving associations for [net.lojika.gtfs.model.RoutesCdkid#gtfs.line.1.77a-1]
14:01:03.398 [main] DEBUG org.hibernate.engine.TwoPhaseLoad - done materializing entity [net.lojika.gtfs.model.RoutesCdkid#gtfs.line.1.77a-1]
14:01:03.398 [main] DEBUG org.hibernate.engine.TwoPhaseLoad - resolving associations for [net.lojika.gtfs.model.RoutesCdkid#gtfs.line.1.61b-0]
14:01:03.398 [main] DEBUG org.hibernate.engine.TwoPhaseLoad - done materializing entity [net.lojika.gtfs.model.RoutesCdkid#gtfs.line.1.61b-0]
14:01:03.398 [main] DEBUG org.hibernate.engine.TwoPhaseLoad - resolving associations for [net.lojika.gtfs.model.Routes#istb.280422]
14:01:03.398 [main] DEBUG org.hibernate.engine.TwoPhaseLoad - done materializing entity [net.lojika.gtfs.model.Routes#istb.280422]
14:01:03.398 [main] DEBUG org.hibernate.engine.TwoPhaseLoad - resolving associations for [net.lojika.gtfs.model.RoutesCdkid#gtfs.line.1.252-1]
14:01:03.398 [main] DEBUG org.hibernate.engine.TwoPhaseLoad - done materializing entity [net.lojika.gtfs.model.RoutesCdkid#gtfs.line.1.252-1]
14:01:03.398 [main] DEBUG org.hibernate.engine.TwoPhaseLoad - resolving associations for [net.lojika.gtfs.model.RoutesCdkid#gtfs.line.1.252-0]
14:01:03.398 [main] DEBUG org.hibernate.engine.TwoPhaseLoad - done materializing entity [net.lojika.gtfs.model.RoutesCdkid#gtfs.line.1.252-0]
14:01:03.398 [main] DEBUG org.hibernate.engine.TwoPhaseLoad - resolving associations for [net.lojika.gtfs.model.Routes#istb.280421]
14:01:03.398 [main] DEBUG org.hibernate.engine.TwoPhaseLoad - done materializing entity [net.lojika.gtfs.model.Routes#istb.280421]
14:01:03.398 [main] DEBUG org.hibernate.engine.TwoPhaseLoad - resolving associations for [net.lojika.gtfs.model.RoutesCdkid#gtfs.line.1.251-1]
14:01:03.398 [main] DEBUG org.hibernate.engine.TwoPhaseLoad - done materializing entity [net.lojika.gtfs.model.RoutesCdkid#gtfs.line.1.251-1]
14:01:03.398 [main] DEBUG org.hibernate.engine.TwoPhaseLoad - resolving associations for [net.lojika.gtfs.model.RoutesCdkid#gtfs.line.1.251-0]
14:01:03.398 [main] DEBUG org.hibernate.engine.TwoPhaseLoad - done materializing entity [net.lojika.gtfs.model.RoutesCdkid#gtfs.line.1.251-0]
14:01:03.398 [main] DEBUG org.hibernate.engine.TwoPhaseLoad - resolving associations for [net.lojika.gtfs.model.Routes#istb.280419]
14:01:03.398 [main] DEBUG org.hibernate.engine.TwoPhaseLoad - done materializing entity [net.lojika.gtfs.model.Routes#istb.280419]
14:01:03.398 [main] DEBUG org.hibernate.engine.TwoPhaseLoad - resolving associations for [net.lojika.gtfs.model.RoutesCdkid#gtfs.line.1.222-1]
14:01:03.398 [main] DEBUG org.hibernate.engine.TwoPhaseLoad - done materializing entity [net.lojika.gtfs.model.RoutesCdkid#gtfs.line.1.222-1]
14:01:03.398 [main] DEBUG org.hibernate.engine.TwoPhaseLoad - resolving associations for [net.lojika.gtfs.model.RoutesCdkid#gtfs.line.1.222-0]
14:01:03.398 [main] DEBUG org.hibernate.engine.TwoPhaseLoad - done materializing entity [net.lojika.gtfs.model.RoutesCdkid#gtfs.line.1.222-0]
14:01:03.398 [main] DEBUG org.hibernate.engine.TwoPhaseLoad - resolving associations for [net.lojika.gtfs.model.Routes#istb.280418]
14:01:03.398 [main] DEBUG org.hibernate.engine.TwoPhaseLoad - done materializing entity [net.lojika.gtfs.model.Routes#istb.280418]
14:01:03.398 [main] DEBUG org.hibernate.engine.TwoPhaseLoad - resolving associations for [net.lojika.gtfs.model.RoutesCdkid#gtfs.line.1.22-1]
14:01:03.399 [main] DEBUG org.hibernate.engine.TwoPhaseLoad - done materializing entity [net.lojika.gtfs.model.RoutesCdkid#gtfs.line.1.22-1]
14:01:03.399 [main] DEBUG org.hibernate.engine.TwoPhaseLoad - resolving associations for [net.lojika.gtfs.model.RoutesCdkid#gtfs.line.1.22-0]
14:01:03.399 [main] DEBUG org.hibernate.engine.TwoPhaseLoad - done materializing entity [net.lojika.gtfs.model.RoutesCdkid#gtfs.line.1.22-0]
14:01:03.399 [main] DEBUG org.hibernate.engine.TwoPhaseLoad - resolving associations for [net.lojika.gtfs.model.Routes#istb.280417]
14:01:03.399 [main] DEBUG org.hibernate.engine.TwoPhaseLoad - done materializing entity [net.lojika.gtfs.model.Routes#istb.280417]
14:01:03.399 [main] DEBUG org.hibernate.engine.TwoPhaseLoad - resolving associations for [net.lojika.gtfs.model.RoutesCdkid#gtfs.line.1.21y-1]
14:01:03.399 [main] DEBUG org.hibernate.engine.TwoPhaseLoad - done materializing entity [net.lojika.gtfs.model.RoutesCdkid#gtfs.line.1.21y-1]
14:01:03.399 [main] DEBUG org.hibernate.engine.TwoPhaseLoad - resolving associations for [net.lojika.gtfs.model.RoutesCdkid#gtfs.line.1.21y-0]
14:01:03.399 [main] DEBUG org.hibernate.engine.TwoPhaseLoad - done materializing entity [net.lojika.gtfs.model.RoutesCdkid#gtfs.line.1.21y-0]
14:01:03.399 [main] DEBUG org.hibernate.engine.TwoPhaseLoad - resolving associations for [net.lojika.gtfs.model.Routes#istb.280416]
14:01:03.399 [main] DEBUG org.hibernate.engine.TwoPhaseLoad - done materializing entity [net.lojika.gtfs.model.Routes#istb.280416]
14:01:03.399 [main] DEBUG org.hibernate.engine.TwoPhaseLoad - resolving associations for [net.lojika.gtfs.model.RoutesCdkid#gtfs.line.1.21u-1]
14:01:03.399 [main] DEBUG org.hibernate.engine.TwoPhaseLoad - done materializing entity [net.lojika.gtfs.model.RoutesCdkid#gtfs.line.1.21u-1]
14:01:03.399 [main] DEBUG org.hibernate.engine.TwoPhaseLoad - resolving associations for [net.lojika.gtfs.model.RoutesCdkid#gtfs.line.1.21u-0]
14:01:03.400 [main] DEBUG org.hibernate.engine.TwoPhaseLoad - done materializing entity [net.lojika.gtfs.model.RoutesCdkid#gtfs.line.1.21u-0]
14:01:03.400 [main] DEBUG org.hibernate.engine.TwoPhaseLoad - resolving associations for [net.lojika.gtfs.model.Routes#istb.280415]
14:01:03.400 [main] DEBUG org.hibernate.engine.TwoPhaseLoad - done materializing entity [net.lojika.gtfs.model.Routes#istb.280415]
14:01:03.400 [main] DEBUG org.hibernate.engine.TwoPhaseLoad - resolving associations for [net.lojika.gtfs.model.RoutesCdkid#gtfs.line.1.21k-1]
14:01:03.400 [main] DEBUG org.hibernate.engine.TwoPhaseLoad - done materializing entity [net.lojika.gtfs.model.RoutesCdkid#gtfs.line.1.21k-1]
14:01:03.400 [main] DEBUG org.hibernate.engine.TwoPhaseLoad - resolving associations for [net.lojika.gtfs.model.RoutesCdkid#gtfs.line.1.21k-0]
14:01:03.400 [main] DEBUG org.hibernate.engine.TwoPhaseLoad - done materializing entity [net.lojika.gtfs.model.RoutesCdkid#gtfs.line.1.21k-0]
14:01:03.400 [main] DEBUG org.hibernate.engine.TwoPhaseLoad - resolving associations for [net.lojika.gtfs.model.Routes#istb.280414]
14:01:03.400 [main] DEBUG org.hibernate.engine.TwoPhaseLoad - done materializing entity [net.lojika.gtfs.model.Routes#istb.280414]
14:01:03.400 [main] DEBUG org.hibernate.engine.TwoPhaseLoad - resolving associations for [net.lojika.gtfs.model.RoutesCdkid#gtfs.line.1.21g-1]
14:01:03.400 [main] DEBUG org.hibernate.engine.TwoPhaseLoad - done materializing entity [net.lojika.gtfs.model.RoutesCdkid#gtfs.line.1.21g-1]
14:01:03.400 [main] DEBUG org.hibernate.engine.TwoPhaseLoad - resolving associations for [net.lojika.gtfs.model.RoutesCdkid#gtfs.line.1.21g-0]
14:01:03.400 [main] DEBUG org.hibernate.engine.TwoPhaseLoad - done materializing entity [net.lojika.gtfs.model.RoutesCdkid#gtfs.line.1.21g-0]
14:01:03.400 [main] DEBUG org.hibernate.engine.TwoPhaseLoad - resolving associations for [net.lojika.gtfs.model.Routes#istb.280413]
14:01:03.400 [main] DEBUG org.hibernate.engine.TwoPhaseLoad - done materializing entity [net.lojika.gtfs.model.Routes#istb.280413]
14:01:03.400 [main] DEBUG org.hibernate.engine.TwoPhaseLoad - resolving associations for [net.lojika.gtfs.model.RoutesCdkid#gtfs.line.1.21c-1]
14:01:03.400 [main] DEBUG org.hibernate.engine.TwoPhaseLoad - done materializing entity [net.lojika.gtfs.model.RoutesCdkid#gtfs.line.1.21c-1]
14:01:03.400 [main] DEBUG org.hibernate.engine.TwoPhaseLoad - resolving associations for [net.lojika.gtfs.model.RoutesCdkid#gtfs.line.1.21c-0]
14:01:03.400 [main] DEBUG org.hibernate.engine.TwoPhaseLoad - done materializing entity [net.lojika.gtfs.model.RoutesCdkid#gtfs.line.1.21c-0]
14:01:03.400 [main] DEBUG org.hibernate.engine.TwoPhaseLoad - resolving associations for [net.lojika.gtfs.model.Routes#istb.280412]
14:01:03.401 [main] DEBUG org.hibernate.engine.TwoPhaseLoad - done materializing entity [net.lojika.gtfs.model.Routes#istb.280412]
14:01:03.401 [main] DEBUG org.hibernate.engine.TwoPhaseLoad - resolving associations for [net.lojika.gtfs.model.RoutesCdkid#gtfs.line.1.21b-1]
14:01:03.401 [main] DEBUG org.hibernate.engine.TwoPhaseLoad - done materializing entity [net.lojika.gtfs.model.RoutesCdkid#gtfs.line.1.21b-1]
14:01:03.401 [main] DEBUG org.hibernate.engine.TwoPhaseLoad - resolving associations for [net.lojika.gtfs.model.RoutesCdkid#gtfs.line.1.21b-0]
14:01:03.401 [main] DEBUG org.hibernate.engine.TwoPhaseLoad - done materializing entity [net.lojika.gtfs.model.RoutesCdkid#gtfs.line.1.21b-0]
14:01:03.401 [main] DEBUG org.hibernate.engine.TwoPhaseLoad - resolving associations for [net.lojika.gtfs.model.Routes#istb.280411]
14:01:03.401 [main] DEBUG org.hibernate.engine.TwoPhaseLoad - done materializing entity [net.lojika.gtfs.model.Routes#istb.280411]
14:01:03.401 [main] DEBUG org.hibernate.engine.TwoPhaseLoad - resolving associations for [net.lojika.gtfs.model.RoutesCdkid#gtfs.line.1.21a-1]
14:01:03.401 [main] DEBUG org.hibernate.engine.TwoPhaseLoad - done materializing entity [net.lojika.gtfs.model.RoutesCdkid#gtfs.line.1.21a-1]
14:01:03.401 [main] DEBUG org.hibernate.engine.TwoPhaseLoad - resolving associations for [net.lojika.gtfs.model.RoutesCdkid#gtfs.line.1.21a-0]
14:01:03.401 [main] DEBUG org.hibernate.engine.TwoPhaseLoad - done materializing entity [net.lojika.gtfs.model.RoutesCdkid#gtfs.line.1.21a-0]
14:01:03.401 [main] DEBUG org.hibernate.engine.TwoPhaseLoad - resolving associations for [net.lojika.gtfs.model.Routes#istb.280410]
14:01:03.401 [main] DEBUG org.hibernate.engine.TwoPhaseLoad - done materializing entity [net.lojika.gtfs.model.Routes#istb.280410]
14:01:03.401 [main] DEBUG org.hibernate.engine.TwoPhaseLoad - resolving associations for [net.lojika.gtfs.model.RoutesCdkid#gtfs.line.1.20-1]
14:01:03.401 [main] DEBUG org.hibernate.engine.TwoPhaseLoad - done materializing entity [net.lojika.gtfs.model.RoutesCdkid#gtfs.line.1.20-1]
14:01:03.401 [main] DEBUG org.hibernate.engine.TwoPhaseLoad - resolving associations for [net.lojika.gtfs.model.RoutesCdkid#gtfs.line.1.20-0]
14:01:03.401 [main] DEBUG org.hibernate.engine.TwoPhaseLoad - done materializing entity [net.lojika.gtfs.model.RoutesCdkid#gtfs.line.1.20-0]
14:01:03.401 [main] DEBUG org.hibernate.engine.TwoPhaseLoad - resolving associations for [net.lojika.gtfs.model.Routes#istb.280409]
14:01:03.401 [main] DEBUG org.hibernate.engine.TwoPhaseLoad - done materializing entity [net.lojika.gtfs.model.Routes#istb.280409]
14:01:03.401 [main] DEBUG org.hibernate.engine.TwoPhaseLoad - resolving associations for [net.lojika.gtfs.model.RoutesCdkid#gtfs.line.1.20k-1]
14:01:03.401 [main] DEBUG org.hibernate.engine.TwoPhaseLoad - done materializing entity [net.lojika.gtfs.model.RoutesCdkid#gtfs.line.1.20k-1]
14:01:03.402 [main] DEBUG org.hibernate.engine.TwoPhaseLoad - resolving associations for [net.lojika.gtfs.model.RoutesCdkid#gtfs.line.1.20k-0]
14:01:03.402 [main] DEBUG org.hibernate.engine.TwoPhaseLoad - done materializing entity [net.lojika.gtfs.model.RoutesCdkid#gtfs.line.1.20k-0]
14:01:03.402 [main] DEBUG org.hibernate.engine.TwoPhaseLoad - resolving associations for [net.lojika.gtfs.model.Routes#istb.280408]
14:01:03.402 [main] DEBUG org.hibernate.engine.TwoPhaseLoad - done materializing entity [net.lojika.gtfs.model.Routes#istb.280408]
14:01:03.402 [main] DEBUG org.hibernate.engine.TwoPhaseLoad - resolving associations for [net.lojika.gtfs.model.RoutesCdkid#gtfs.line.1.20e-1]
14:01:03.402 [main] DEBUG org.hibernate.engine.TwoPhaseLoad - done materializing entity [net.lojika.gtfs.model.RoutesCdkid#gtfs.line.1.20e-1]
14:01:03.402 [main] DEBUG org.hibernate.engine.TwoPhaseLoad - resolving associations for [net.lojika.gtfs.model.RoutesCdkid#gtfs.line.1.20e-0]
14:01:03.402 [main] DEBUG org.hibernate.engine.TwoPhaseLoad - done materializing entity [net.lojika.gtfs.model.RoutesCdkid#gtfs.line.1.20e-0]
14:01:03.402 [main] DEBUG org.hibernate.engine.TwoPhaseLoad - resolving associations for [net.lojika.gtfs.model.Routes#istb.280407]
14:01:03.402 [main] DEBUG org.hibernate.engine.TwoPhaseLoad - done materializing entity [net.lojika.gtfs.model.Routes#istb.280407]
14:01:03.402 [main] DEBUG org.hibernate.engine.TwoPhaseLoad - resolving associations for [net.lojika.gtfs.model.RoutesCdkid#gtfs.line.1.20d-1]
14:01:03.402 [main] DEBUG org.hibernate.engine.TwoPhaseLoad - done materializing entity [net.lojika.gtfs.model.RoutesCdkid#gtfs.line.1.20d-1]
14:01:03.402 [main] DEBUG org.hibernate.engine.TwoPhaseLoad - resolving associations for [net.lojika.gtfs.model.RoutesCdkid#gtfs.line.1.20d-0]
14:01:03.402 [main] DEBUG org.hibernate.engine.TwoPhaseLoad - done materializing entity [net.lojika.gtfs.model.RoutesCdkid#gtfs.line.1.20d-0]
14:01:03.402 [main] DEBUG org.hibernate.engine.TwoPhaseLoad - resolving associations for [net.lojika.gtfs.model.Routes#istb.280406]
14:01:03.402 [main] DEBUG org.hibernate.engine.TwoPhaseLoad - done materializing entity [net.lojika.gtfs.model.Routes#istb.280406]
14:01:03.402 [main] DEBUG org.hibernate.engine.TwoPhaseLoad - resolving associations for [net.lojika.gtfs.model.RoutesCdkid#gtfs.line.1.202-1]
14:01:03.402 [main] DEBUG org.hibernate.engine.TwoPhaseLoad - done materializing entity [net.lojika.gtfs.model.RoutesCdkid#gtfs.line.1.202-1]
14:01:03.402 [main] DEBUG org.hibernate.engine.TwoPhaseLoad - resolving associations for [net.lojika.gtfs.model.RoutesCdkid#gtfs.line.1.202-0]
14:01:03.402 [main] DEBUG org.hibernate.engine.TwoPhaseLoad - done materializing entity [net.lojika.gtfs.model.RoutesCdkid#gtfs.line.1.202-0]
14:01:03.402 [main] DEBUG org.hibernate.engine.TwoPhaseLoad - resolving associations for [net.lojika.gtfs.model.Routes#istb.280404]
14:01:03.403 [main] DEBUG org.hibernate.engine.TwoPhaseLoad - done materializing entity [net.lojika.gtfs.model.Routes#istb.280404]
14:01:03.403 [main] DEBUG org.hibernate.engine.TwoPhaseLoad - resolving associations for [net.lojika.gtfs.model.RoutesCdkid#gtfs.line.1.2-1]
14:01:03.403 [main] DEBUG org.hibernate.engine.TwoPhaseLoad - done materializing entity [net.lojika.gtfs.model.RoutesCdkid#gtfs.line.1.2-1]
14:01:03.403 [main] DEBUG org.hibernate.engine.TwoPhaseLoad - resolving associations for [net.lojika.gtfs.model.RoutesCdkid#gtfs.line.1.2-0]
14:01:03.403 [main] DEBUG org.hibernate.engine.TwoPhaseLoad - done materializing entity [net.lojika.gtfs.model.RoutesCdkid#gtfs.line.1.2-0]
14:01:03.403 [main] DEBUG org.hibernate.engine.TwoPhaseLoad - resolving associations for [net.lojika.gtfs.model.Routes#istb.280403]
14:01:03.403 [main] DEBUG org.hibernate.engine.TwoPhaseLoad - done materializing entity [net.lojika.gtfs.model.Routes#istb.280403]
14:01:03.403 [main] DEBUG org.hibernate.engine.TwoPhaseLoad - resolving associations for [net.lojika.gtfs.model.RoutesCdkid#gtfs.line.1.19z-1]
14:01:03.403 [main] DEBUG org.hibernate.engine.TwoPhaseLoad - done materializing entity [net.lojika.gtfs.model.RoutesCdkid#gtfs.line.1.19z-1]
14:01:03.403 [main] DEBUG org.hibernate.engine.TwoPhaseLoad - resolving associations for [net.lojika.gtfs.model.RoutesCdkid#gtfs.line.1.19z-0]
14:01:03.403 [main] DEBUG org.hibernate.engine.TwoPhaseLoad - done materializing entity [net.lojika.gtfs.model.RoutesCdkid#gtfs.line.1.19z-0]
14:01:03.403 [main] DEBUG org.hibernate.engine.TwoPhaseLoad - resolving associations for [net.lojika.gtfs.model.Routes#istb.280402]
14:01:03.403 [main] DEBUG org.hibernate.engine.TwoPhaseLoad - done materializing entity [net.lojika.gtfs.model.Routes#istb.280402]
14:01:03.403 [main] DEBUG org.hibernate.engine.TwoPhaseLoad - resolving associations for [net.lojika.gtfs.model.RoutesCdkid#gtfs.line.1.19y-1]
14:01:03.403 [main] DEBUG org.hibernate.engine.TwoPhaseLoad - done materializing entity [net.lojika.gtfs.model.RoutesCdkid#gtfs.line.1.19y-1]
14:01:03.403 [main] DEBUG org.hibernate.engine.TwoPhaseLoad - resolving associations for [net.lojika.gtfs.model.RoutesCdkid#gtfs.line.1.19y-0]
14:01:03.403 [main] DEBUG org.hibernate.engine.TwoPhaseLoad - done materializing entity [net.lojika.gtfs.model.RoutesCdkid#gtfs.line.1.19y-0]
14:01:03.403 [main] DEBUG org.hibernate.engine.TwoPhaseLoad - resolving associations for [net.lojika.gtfs.model.Routes#istb.280401]
14:01:03.403 [main] DEBUG org.hibernate.engine.TwoPhaseLoad - done materializing entity [net.lojika.gtfs.model.Routes#istb.280401]
14:01:03.404 [main] DEBUG org.hibernate.engine.TwoPhaseLoad - resolving associations for [net.lojika.gtfs.model.RoutesCdkid#gtfs.line.1.19v-1]
14:01:03.404 [main] DEBUG org.hibernate.engine.TwoPhaseLoad - done materializing entity [net.lojika.gtfs.model.RoutesCdkid#gtfs.line.1.19v-1]
14:01:03.404 [main] DEBUG org.hibernate.engine.TwoPhaseLoad - resolving associations for [net.lojika.gtfs.model.RoutesCdkid#gtfs.line.1.19v-0]
14:01:03.404 [main] DEBUG org.hibernate.engine.TwoPhaseLoad - done materializing entity [net.lojika.gtfs.model.RoutesCdkid#gtfs.line.1.19v-0]
14:01:03.404 [main] DEBUG org.hibernate.engine.TwoPhaseLoad - resolving associations for [net.lojika.gtfs.model.Routes#istb.280400]
14:01:03.404 [main] DEBUG org.hibernate.engine.TwoPhaseLoad - done materializing entity [net.lojika.gtfs.model.Routes#istb.280400]
14:01:03.404 [main] DEBUG org.hibernate.engine.TwoPhaseLoad - resolving associations for [net.lojika.gtfs.model.RoutesCdkid#gtfs.line.1.19t-1]
14:01:03.404 [main] DEBUG org.hibernate.engine.TwoPhaseLoad - done materializing entity [net.lojika.gtfs.model.RoutesCdkid#gtfs.line.1.19t-1]
14:01:03.404 [main] DEBUG org.hibernate.engine.TwoPhaseLoad - resolving associations for [net.lojika.gtfs.model.RoutesCdkid#gtfs.line.1.19t-0]
14:01:03.404 [main] DEBUG org.hibernate.engine.TwoPhaseLoad - done materializing entity [net.lojika.gtfs.model.RoutesCdkid#gtfs.line.1.19t-0]
14:01:03.404 [main] DEBUG org.hibernate.engine.TwoPhaseLoad - resolving associations for [net.lojika.gtfs.model.Routes#istb.280399]
14:01:03.404 [main] DEBUG org.hibernate.engine.TwoPhaseLoad - done materializing entity [net.lojika.gtfs.model.Routes#istb.280399]
14:01:03.404 [main] DEBUG org.hibernate.engine.TwoPhaseLoad - resolving associations for [net.lojika.gtfs.model.RoutesCdkid#gtfs.line.1.19sb-1]
14:01:03.404 [main] DEBUG org.hibernate.engine.TwoPhaseLoad - done materializing entity [net.lojika.gtfs.model.RoutesCdkid#gtfs.line.1.19sb-1]
14:01:03.404 [main] DEBUG org.hibernate.engine.TwoPhaseLoad - resolving associations for [net.lojika.gtfs.model.RoutesCdkid#gtfs.line.1.19sb-0]
14:01:03.404 [main] DEBUG org.hibernate.engine.TwoPhaseLoad - done materializing entity [net.lojika.gtfs.model.RoutesCdkid#gtfs.line.1.19sb-0]
14:01:03.404 [main] DEBUG org.hibernate.engine.TwoPhaseLoad - resolving associations for [net.lojika.gtfs.model.Routes#istb.280398]
14:01:03.404 [main] DEBUG org.hibernate.engine.TwoPhaseLoad - done materializing entity [net.lojika.gtfs.model.Routes#istb.280398]
14:01:03.404 [main] DEBUG org.hibernate.engine.TwoPhaseLoad - resolving associations for [net.lojika.gtfs.model.RoutesCdkid#gtfs.line.1.19s-1]
14:01:03.405 [main] DEBUG org.hibernate.engine.TwoPhaseLoad - done materializing entity [net.lojika.gtfs.model.RoutesCdkid#gtfs.line.1.19s-1]
14:01:03.405 [main] DEBUG org.hibernate.engine.TwoPhaseLoad - resolving associations for [net.lojika.gtfs.model.RoutesCdkid#gtfs.line.1.19s-0]
14:01:03.405 [main] DEBUG org.hibernate.engine.TwoPhaseLoad - done materializing entity [net.lojika.gtfs.model.RoutesCdkid#gtfs.line.1.19s-0]
14:01:03.405 [main] DEBUG org.hibernate.engine.TwoPhaseLoad - resolving associations for [net.lojika.gtfs.model.Routes#istb.280397]
14:01:03.405 [main] DEBUG org.hibernate.engine.TwoPhaseLoad - done materializing entity [net.lojika.gtfs.model.Routes#istb.280397]
14:01:03.405 [main] DEBUG org.hibernate.engine.TwoPhaseLoad - resolving associations for [net.lojika.gtfs.model.RoutesCdkid#gtfs.line.1.19m-1]
14:01:03.405 [main] DEBUG org.hibernate.engine.TwoPhaseLoad - done materializing entity [net.lojika.gtfs.model.RoutesCdkid#gtfs.line.1.19m-1]
14:01:03.405 [main] DEBUG org.hibernate.engine.TwoPhaseLoad - resolving associations for [net.lojika.gtfs.model.RoutesCdkid#gtfs.line.1.19m-0]
14:01:03.405 [main] DEBUG org.hibernate.engine.TwoPhaseLoad - done materializing entity [net.lojika.gtfs.model.RoutesCdkid#gtfs.line.1.19m-0]
14:01:03.405 [main] DEBUG org.hibernate.engine.TwoPhaseLoad - resolving associations for [net.lojika.gtfs.model.Routes#istb.280395]
14:01:03.405 [main] DEBUG org.hibernate.engine.TwoPhaseLoad - done materializing entity [net.lojika.gtfs.model.Routes#istb.280395]
14:01:03.405 [main] DEBUG org.hibernate.engine.TwoPhaseLoad - resolving associations for [net.lojika.gtfs.model.RoutesCdkid#gtfs.line.1.19f-1]
14:01:03.405 [main] DEBUG org.hibernate.engine.TwoPhaseLoad - done materializing entity [net.lojika.gtfs.model.RoutesCdkid#gtfs.line.1.19f-1]
14:01:03.405 [main] DEBUG org.hibernate.engine.TwoPhaseLoad - resolving associations for [net.lojika.gtfs.model.RoutesCdkid#gtfs.line.1.19f-0]
14:01:03.405 [main] DEBUG org.hibernate.engine.TwoPhaseLoad - done materializing entity [net.lojika.gtfs.model.RoutesCdkid#gtfs.line.1.19f-0]
14:01:03.405 [main] DEBUG org.hibernate.engine.TwoPhaseLoad - resolving associations for [net.lojika.gtfs.model.Routes#istb.280394]
14:01:03.405 [main] DEBUG org.hibernate.engine.TwoPhaseLoad - done materializing entity [net.lojika.gtfs.model.Routes#istb.280394]
14:01:03.405 [main] DEBUG org.hibernate.engine.TwoPhaseLoad - resolving associations for [net.lojika.gtfs.model.RoutesCdkid#gtfs.line.1.19es-1]
14:01:03.405 [main] DEBUG org.hibernate.engine.TwoPhaseLoad - done materializing entity [net.lojika.gtfs.model.RoutesCdkid#gtfs.line.1.19es-1]
14:01:03.405 [main] DEBUG org.hibernate.engine.TwoPhaseLoad - resolving associations for [net.lojika.gtfs.model.RoutesCdkid#gtfs.line.1.19es-0]
14:01:03.406 [main] DEBUG org.hibernate.engine.TwoPhaseLoad - done materializing entity [net.lojika.gtfs.model.RoutesCdkid#gtfs.line.1.19es-0]
14:01:03.406 [main] DEBUG org.hibernate.engine.TwoPhaseLoad - resolving associations for [net.lojika.gtfs.model.Routes#istb.280393]
14:01:03.406 [main] DEBUG org.hibernate.engine.TwoPhaseLoad - done materializing entity [net.lojika.gtfs.model.Routes#istb.280393]
14:01:03.406 [main] DEBUG org.hibernate.engine.TwoPhaseLoad - resolving associations for [net.lojika.gtfs.model.RoutesCdkid#gtfs.line.1.19e-1]
14:01:03.406 [main] DEBUG org.hibernate.engine.TwoPhaseLoad - done materializing entity [net.lojika.gtfs.model.RoutesCdkid#gtfs.line.1.19e-1]
14:01:03.406 [main] DEBUG org.hibernate.engine.TwoPhaseLoad - resolving associations for [net.lojika.gtfs.model.RoutesCdkid#gtfs.line.1.19e-0]
14:01:03.406 [main] DEBUG org.hibernate.engine.TwoPhaseLoad - done materializing entity [net.lojika.gtfs.model.RoutesCdkid#gtfs.line.1.19e-0]
14:01:03.406 [main] DEBUG org.hibernate.engine.TwoPhaseLoad - resolving associations for [net.lojika.gtfs.model.Routes#istb.280392]
14:01:03.406 [main] DEBUG org.hibernate.engine.TwoPhaseLoad - done materializing entity [net.lojika.gtfs.model.Routes#istb.280392]
14:01:03.406 [main] DEBUG org.hibernate.engine.TwoPhaseLoad - resolving associations for [net.lojika.gtfs.model.RoutesCdkid#gtfs.line.1.19d-1]
14:01:03.406 [main] DEBUG org.hibernate.engine.TwoPhaseLoad - done materializing entity [net.lojika.gtfs.model.RoutesCdkid#gtfs.line.1.19d-1]
14:01:03.406 [main] DEBUG org.hibernate.engine.TwoPhaseLoad - resolving associations for [net.lojika.gtfs.model.RoutesCdkid#gtfs.line.1.19d-0]
14:01:03.406 [main] DEBUG org.hibernate.engine.TwoPhaseLoad - done materializing entity [net.lojika.gtfs.model.RoutesCdkid#gtfs.line.1.19d-0]
14:01:03.406 [main] DEBUG org.hibernate.engine.TwoPhaseLoad - resolving associations for [net.lojika.gtfs.model.Routes#istb.280391]
14:01:03.406 [main] DEBUG org.hibernate.engine.TwoPhaseLoad - done materializing entity [net.lojika.gtfs.model.Routes#istb.280391]
14:01:03.406 [main] DEBUG org.hibernate.engine.TwoPhaseLoad - resolving associations for [net.lojika.gtfs.model.RoutesCdkid#gtfs.line.1.19b-1]
14:01:03.406 [main] DEBUG org.hibernate.engine.TwoPhaseLoad - done materializing entity [net.lojika.gtfs.model.RoutesCdkid#gtfs.line.1.19b-1]
14:01:03.406 [main] DEBUG org.hibernate.engine.TwoPhaseLoad - resolving associations for [net.lojika.gtfs.model.RoutesCdkid#gtfs.line.1.19b-0]
14:01:03.406 [main] DEBUG org.hibernate.engine.TwoPhaseLoad - done materializing entity [net.lojika.gtfs.model.RoutesCdkid#gtfs.line.1.19b-0]
14:01:03.406 [main] DEBUG org.hibernate.engine.TwoPhaseLoad - resolving associations for [net.lojika.gtfs.model.Routes#istb.280390]
14:01:03.406 [main] DEBUG org.hibernate.engine.TwoPhaseLoad - done materializing entity [net.lojika.gtfs.model.Routes#istb.280390]
14:01:03.407 [main] DEBUG org.hibernate.engine.TwoPhaseLoad - resolving associations for [net.lojika.gtfs.model.RoutesCdkid#gtfs.line.1.19-1]
14:01:03.407 [main] DEBUG org.hibernate.engine.TwoPhaseLoad - done materializing entity [net.lojika.gtfs.model.RoutesCdkid#gtfs.line.1.19-1]
14:01:03.407 [main] DEBUG org.hibernate.engine.TwoPhaseLoad - resolving associations for [net.lojika.gtfs.model.RoutesCdkid#gtfs.line.1.19-0]
14:01:03.407 [main] DEBUG org.hibernate.engine.TwoPhaseLoad - done materializing entity [net.lojika.gtfs.model.RoutesCdkid#gtfs.line.1.19-0]
14:01:03.407 [main] DEBUG org.hibernate.engine.TwoPhaseLoad - resolving associations for [net.lojika.gtfs.model.Routes#istb.280389]
14:01:03.407 [main] DEBUG org.hibernate.engine.TwoPhaseLoad - done materializing entity [net.lojika.gtfs.model.Routes#istb.280389]
14:01:03.407 [main] DEBUG org.hibernate.engine.TwoPhaseLoad - resolving associations for [net.lojika.gtfs.model.RoutesCdkid#gtfs.line.1.18-1]
14:01:03.407 [main] DEBUG org.hibernate.engine.TwoPhaseLoad - done materializing entity [net.lojika.gtfs.model.RoutesCdkid#gtfs.line.1.18-1]
14:01:03.407 [main] DEBUG org.hibernate.engine.TwoPhaseLoad - resolving associations for [net.lojika.gtfs.model.RoutesCdkid#gtfs.line.1.18-0]
14:01:03.407 [main] DEBUG org.hibernate.engine.TwoPhaseLoad - done materializing entity [net.lojika.gtfs.model.RoutesCdkid#gtfs.line.1.18-0]
14:01:03.407 [main] DEBUG org.hibernate.engine.TwoPhaseLoad - resolving associations for [net.lojika.gtfs.model.Routes#istb.280388]
14:01:03.407 [main] DEBUG org.hibernate.engine.TwoPhaseLoad - done materializing entity [net.lojika.gtfs.model.Routes#istb.280388]
14:01:03.407 [main] DEBUG org.hibernate.engine.TwoPhaseLoad - resolving associations for [net.lojika.gtfs.model.RoutesCdkid#gtfs.line.1.18s-1]
14:01:03.407 [main] DEBUG org.hibernate.engine.TwoPhaseLoad - done materializing entity [net.lojika.gtfs.model.RoutesCdkid#gtfs.line.1.18s-1]
14:01:03.407 [main] DEBUG org.hibernate.engine.TwoPhaseLoad - resolving associations for [net.lojika.gtfs.model.RoutesCdkid#gtfs.line.1.18s-0]
14:01:03.407 [main] DEBUG org.hibernate.engine.TwoPhaseLoad - done materializing entity [net.lojika.gtfs.model.RoutesCdkid#gtfs.line.1.18s-0]
14:01:03.407 [main] DEBUG org.hibernate.engine.TwoPhaseLoad - resolving associations for [net.lojika.gtfs.model.Routes#istb.280387]
14:01:03.407 [main] DEBUG org.hibernate.engine.TwoPhaseLoad - done materializing entity [net.lojika.gtfs.model.Routes#istb.280387]
14:01:03.407 [main] DEBUG org.hibernate.engine.TwoPhaseLoad - resolving associations for [net.lojika.gtfs.model.RoutesCdkid#gtfs.line.1.18m-1]
14:01:03.407 [main] DEBUG org.hibernate.engine.TwoPhaseLoad - done materializing entity [net.lojika.gtfs.model.RoutesCdkid#gtfs.line.1.18m-1]
14:01:03.407 [main] DEBUG org.hibernate.engine.TwoPhaseLoad - resolving associations for [net.lojika.gtfs.model.RoutesCdkid#gtfs.line.1.18m-0]
14:01:03.408 [main] DEBUG org.hibernate.engine.TwoPhaseLoad - done materializing entity [net.lojika.gtfs.model.RoutesCdkid#gtfs.line.1.18m-0]
14:01:03.408 [main] DEBUG org.hibernate.engine.TwoPhaseLoad - resolving associations for [net.lojika.gtfs.model.Routes#istb.280386]
14:01:03.408 [main] DEBUG org.hibernate.engine.TwoPhaseLoad - done materializing entity [net.lojika.gtfs.model.Routes#istb.280386]
14:01:03.408 [main] DEBUG org.hibernate.engine.TwoPhaseLoad - resolving associations for [net.lojika.gtfs.model.RoutesCdkid#gtfs.line.1.18k-1]
14:01:03.408 [main] DEBUG org.hibernate.engine.TwoPhaseLoad - done materializing entity [net.lojika.gtfs.model.RoutesCdkid#gtfs.line.1.18k-1]
14:01:03.408 [main] DEBUG org.hibernate.engine.TwoPhaseLoad - resolving associations for [net.lojika.gtfs.model.RoutesCdkid#gtfs.line.1.18k-0]
14:01:03.408 [main] DEBUG org.hibernate.engine.TwoPhaseLoad - done materializing entity [net.lojika.gtfs.model.RoutesCdkid#gtfs.line.1.18k-0]
14:01:03.408 [main] DEBUG org.hibernate.engine.TwoPhaseLoad - resolving associations for [net.lojika.gtfs.model.Routes#istb.280385]
14:01:03.408 [main] DEBUG org.hibernate.engine.TwoPhaseLoad - done materializing entity [net.lojika.gtfs.model.Routes#istb.280385]
14:01:03.408 [main] DEBUG org.hibernate.engine.TwoPhaseLoad - resolving associations for [net.lojika.gtfs.model.RoutesCdkid#gtfs.line.1.18h-1]
14:01:03.408 [main] DEBUG org.hibernate.engine.TwoPhaseLoad - done materializing entity [net.lojika.gtfs.model.RoutesCdkid#gtfs.line.1.18h-1]
14:01:03.408 [main] DEBUG org.hibernate.engine.TwoPhaseLoad - resolving associations for [net.lojika.gtfs.model.RoutesCdkid#gtfs.line.1.18h-0]
14:01:03.408 [main] DEBUG org.hibernate.engine.TwoPhaseLoad - done materializing entity [net.lojika.gtfs.model.RoutesCdkid#gtfs.line.1.18h-0]
14:01:03.408 [main] DEBUG org.hibernate.engine.TwoPhaseLoad - resolving associations for [net.lojika.gtfs.model.Routes#istb.280384]
14:01:03.408 [main] DEBUG org.hibernate.engine.TwoPhaseLoad - done materializing entity [net.lojika.gtfs.model.Routes#istb.280384]
14:01:03.408 [main] DEBUG org.hibernate.engine.TwoPhaseLoad - resolving associations for [net.lojika.gtfs.model.RoutesCdkid#gtfs.line.1.17s-1]
14:01:03.408 [main] DEBUG org.hibernate.engine.TwoPhaseLoad - done materializing entity [net.lojika.gtfs.model.RoutesCdkid#gtfs.line.1.17s-1]
14:01:03.408 [main] DEBUG org.hibernate.engine.TwoPhaseLoad - resolving associations for [net.lojika.gtfs.model.RoutesCdkid#gtfs.line.1.17s-0]
14:01:03.409 [main] DEBUG org.hibernate.engine.TwoPhaseLoad - done materializing entity [net.lojika.gtfs.model.RoutesCdkid#gtfs.line.1.17s-0]
14:01:03.409 [main] DEBUG org.hibernate.engine.TwoPhaseLoad - resolving associations for [net.lojika.gtfs.model.Routes#istb.280383]
14:01:03.409 [main] DEBUG org.hibernate.engine.TwoPhaseLoad - done materializing entity [net.lojika.gtfs.model.Routes#istb.280383]
14:01:03.409 [main] DEBUG org.hibernate.engine.TwoPhaseLoad - resolving associations for [net.lojika.gtfs.model.RoutesCdkid#gtfs.line.1.17l-1]
14:01:03.409 [main] DEBUG org.hibernate.engine.TwoPhaseLoad - done materializing entity [net.lojika.gtfs.model.RoutesCdkid#gtfs.line.1.17l-1]
14:01:03.409 [main] DEBUG org.hibernate.engine.TwoPhaseLoad - resolving associations for [net.lojika.gtfs.model.RoutesCdkid#gtfs.line.1.17l-0]
14:01:03.409 [main] DEBUG org.hibernate.engine.TwoPhaseLoad - done materializing entity [net.lojika.gtfs.model.RoutesCdkid#gtfs.line.1.17l-0]
14:01:03.409 [main] DEBUG org.hibernate.engine.TwoPhaseLoad - resolving associations for [net.lojika.gtfs.model.Routes#istb.280382]
14:01:03.409 [main] DEBUG org.hibernate.engine.TwoPhaseLoad - done materializing entity [net.lojika.gtfs.model.Routes#istb.280382]
14:01:03.409 [main] DEBUG org.hibernate.engine.TwoPhaseLoad - resolving associations for [net.lojika.gtfs.model.RoutesCdkid#gtfs.line.1.17k-1]
14:01:03.409 [main] DEBUG org.hibernate.engine.TwoPhaseLoad - done materializing entity [net.lojika.gtfs.model.RoutesCdkid#gtfs.line.1.17k-1]
14:01:03.409 [main] DEBUG org.hibernate.engine.TwoPhaseLoad - resolving associations for [net.lojika.gtfs.model.RoutesCdkid#gtfs.line.1.17k-0]
14:01:03.409 [main] DEBUG org.hibernate.engine.TwoPhaseLoad - done materializing entity [net.lojika.gtfs.model.RoutesCdkid#gtfs.line.1.17k-0]
14:01:03.409 [main] DEBUG org.hibernate.engine.TwoPhaseLoad - resolving associations for [net.lojika.gtfs.model.Routes#istb.280380]
14:01:03.410 [main] DEBUG org.hibernate.engine.TwoPhaseLoad - done materializing entity [net.lojika.gtfs.model.Routes#istb.280380]
14:01:03.410 [main] DEBUG org.hibernate.engine.TwoPhaseLoad - resolving associations for [net.lojika.gtfs.model.RoutesCdkid#gtfs.line.1.17-1]
14:01:03.410 [main] DEBUG org.hibernate.engine.TwoPhaseLoad - done materializing entity [net.lojika.gtfs.model.RoutesCdkid#gtfs.line.1.17-1]
14:01:03.410 [main] DEBUG org.hibernate.engine.TwoPhaseLoad - resolving associations for [net.lojika.gtfs.model.RoutesCdkid#gtfs.line.1.17-0]
14:01:03.410 [main] DEBUG org.hibernate.engine.TwoPhaseLoad - done materializing entity [net.lojika.gtfs.model.RoutesCdkid#gtfs.line.1.17-0]
14:01:03.410 [main] DEBUG org.hibernate.engine.TwoPhaseLoad - resolving associations for [net.lojika.gtfs.model.Routes#istb.280379]
14:01:03.410 [main] DEBUG org.hibernate.engine.TwoPhaseLoad - done materializing entity [net.lojika.gtfs.model.Routes#istb.280379]
14:01:03.410 [main] DEBUG org.hibernate.engine.TwoPhaseLoad - resolving associations for [net.lojika.gtfs.model.RoutesCdkid#gtfs.line.1.16y-1]
14:01:03.410 [main] DEBUG org.hibernate.engine.TwoPhaseLoad - done materializing entity [net.lojika.gtfs.model.RoutesCdkid#gtfs.line.1.16y-1]
14:01:03.410 [main] DEBUG org.hibernate.engine.TwoPhaseLoad - resolving associations for [net.lojika.gtfs.model.RoutesCdkid#gtfs.line.1.16y-0]
14:01:03.410 [main] DEBUG org.hibernate.engine.TwoPhaseLoad - done materializing entity [net.lojika.gtfs.model.RoutesCdkid#gtfs.line.1.16y-0]
14:01:03.410 [main] DEBUG org.hibernate.engine.TwoPhaseLoad - resolving associations for [net.lojika.gtfs.model.Routes#istb.280377]
14:01:03.410 [main] DEBUG org.hibernate.engine.TwoPhaseLoad - done materializing entity [net.lojika.gtfs.model.Routes#istb.280377]
14:01:03.410 [main] DEBUG org.hibernate.engine.TwoPhaseLoad - resolving associations for [net.lojika.gtfs.model.RoutesCdkid#gtfs.line.1.16u-1]
14:01:03.410 [main] DEBUG org.hibernate.engine.TwoPhaseLoad - done materializing entity [net.lojika.gtfs.model.RoutesCdkid#gtfs.line.1.16u-1]
14:01:03.410 [main] DEBUG org.hibernate.engine.TwoPhaseLoad - resolving associations for [net.lojika.gtfs.model.RoutesCdkid#gtfs.line.1.16u-0]
14:01:03.410 [main] DEBUG org.hibernate.engine.TwoPhaseLoad - done materializing entity [net.lojika.gtfs.model.RoutesCdkid#gtfs.line.1.16u-0]
14:01:03.410 [main] DEBUG org.hibernate.engine.TwoPhaseLoad - resolving associations for [net.lojika.gtfs.model.Routes#istb.280376]
14:01:03.410 [main] DEBUG org.hibernate.engine.TwoPhaseLoad - done materializing entity [net.lojika.gtfs.model.Routes#istb.280376]
14:01:03.410 [main] DEBUG org.hibernate.engine.TwoPhaseLoad - resolving associations for [net.lojika.gtfs.model.RoutesCdkid#gtfs.line.1.16s-1]
14:01:03.410 [main] DEBUG org.hibernate.engine.TwoPhaseLoad - done materializing entity [net.lojika.gtfs.model.RoutesCdkid#gtfs.line.1.16s-1]
14:01:03.411 [main] DEBUG org.hibernate.engine.TwoPhaseLoad - resolving associations for [net.lojika.gtfs.model.RoutesCdkid#gtfs.line.1.16s-0]
14:01:03.411 [main] DEBUG org.hibernate.engine.TwoPhaseLoad - done materializing entity [net.lojika.gtfs.model.RoutesCdkid#gtfs.line.1.16s-0]
14:01:03.411 [main] DEBUG org.hibernate.engine.TwoPhaseLoad - resolving associations for [net.lojika.gtfs.model.Routes#istb.280375]
14:01:03.411 [main] DEBUG org.hibernate.engine.TwoPhaseLoad - done materializing entity [net.lojika.gtfs.model.Routes#istb.280375]
14:01:03.411 [main] DEBUG org.hibernate.engine.TwoPhaseLoad - resolving associations for [net.lojika.gtfs.model.RoutesCdkid#gtfs.line.1.16m-0]
14:01:03.411 [main] DEBUG org.hibernate.engine.TwoPhaseLoad - done materializing entity [net.lojika.gtfs.model.RoutesCdkid#gtfs.line.1.16m-0]
14:01:03.411 [main] DEBUG org.hibernate.engine.TwoPhaseLoad - resolving associations for [net.lojika.gtfs.model.RoutesCdkid#gtfs.line.1.46-0]
14:01:03.411 [main] DEBUG org.hibernate.engine.TwoPhaseLoad - done materializing entity [net.lojika.gtfs.model.RoutesCdkid#gtfs.line.1.46-0]
14:01:03.411 [main] DEBUG org.hibernate.engine.TwoPhaseLoad - resolving associations for [net.lojika.gtfs.model.RoutesCdkid#gtfs.line.1.458-0]
14:01:03.411 [main] DEBUG org.hibernate.engine.TwoPhaseLoad - done materializing entity [net.lojika.gtfs.model.RoutesCdkid#gtfs.line.1.458-0]
14:01:03.411 [main] DEBUG org.hibernate.engine.TwoPhaseLoad - resolving associations for [net.lojika.gtfs.model.RoutesCdkid#gtfs.line.1.35a-0]
14:01:03.411 [main] DEBUG org.hibernate.engine.TwoPhaseLoad - done materializing entity [net.lojika.gtfs.model.RoutesCdkid#gtfs.line.1.35a-0]
14:01:03.411 [main] DEBUG org.hibernate.engine.TwoPhaseLoad - resolving associations for [net.lojika.gtfs.model.Routes#istb.280355]
14:01:03.411 [main] DEBUG org.hibernate.engine.TwoPhaseLoad - done materializing entity [net.lojika.gtfs.model.Routes#istb.280355]
14:01:03.411 [main] DEBUG org.hibernate.engine.TwoPhaseLoad - resolving associations for [net.lojika.gtfs.model.RoutesCdkid#gtfs.line.1.15m-1]
14:01:03.411 [main] DEBUG org.hibernate.engine.TwoPhaseLoad - done materializing entity [net.lojika.gtfs.model.RoutesCdkid#gtfs.line.1.15m-1]
14:01:03.411 [main] DEBUG org.hibernate.engine.TwoPhaseLoad - resolving associations for [net.lojika.gtfs.model.RoutesCdkid#gtfs.line.1.15m-0]
14:01:03.411 [main] DEBUG org.hibernate.engine.TwoPhaseLoad - done materializing entity [net.lojika.gtfs.model.RoutesCdkid#gtfs.line.1.15m-0]
14:01:03.411 [main] DEBUG org.hibernate.engine.TwoPhaseLoad - resolving associations for [net.lojika.gtfs.model.Routes#istb.280351]
14:01:03.411 [main] DEBUG org.hibernate.engine.TwoPhaseLoad - done materializing entity [net.lojika.gtfs.model.Routes#istb.280351]
14:01:03.411 [main] DEBUG org.hibernate.engine.TwoPhaseLoad - resolving associations for [net.lojika.gtfs.model.RoutesCdkid#gtfs.line.1.15f-0]
14:01:03.412 [main] DEBUG org.hibernate.engine.TwoPhaseLoad - done materializing entity [net.lojika.gtfs.model.RoutesCdkid#gtfs.line.1.15f-0]
14:01:03.412 [main] DEBUG org.hibernate.engine.TwoPhaseLoad - resolving associations for [net.lojika.gtfs.model.RoutesCdkid#gtfs.line.1.132v-1]
14:01:03.412 [main] DEBUG org.hibernate.engine.TwoPhaseLoad - done materializing entity [net.lojika.gtfs.model.RoutesCdkid#gtfs.line.1.132v-1]
14:01:03.412 [main] DEBUG org.hibernate.engine.TwoPhaseLoad - resolving associations for [net.lojika.gtfs.model.Routes#istb.5157]
14:01:03.412 [main] DEBUG org.hibernate.engine.TwoPhaseLoad - done materializing entity [net.lojika.gtfs.model.Routes#istb.5157]
14:01:03.412 [main] DEBUG org.hibernate.engine.TwoPhaseLoad - resolving associations for [net.lojika.gtfs.model.RoutesCdkid#gtfs.line.5.bybemn-1]
14:01:03.412 [main] DEBUG org.hibernate.engine.TwoPhaseLoad - done materializing entity [net.lojika.gtfs.model.RoutesCdkid#gtfs.line.5.bybemn-1]
14:01:03.412 [main] DEBUG org.hibernate.engine.TwoPhaseLoad - resolving associations for [net.lojika.gtfs.model.Routes#istb.5140]
14:01:03.412 [main] DEBUG org.hibernate.engine.TwoPhaseLoad - done materializing entity [net.lojika.gtfs.model.Routes#istb.5140]
14:01:03.412 [main] DEBUG org.hibernate.engine.TwoPhaseLoad - resolving associations for [net.lojika.gtfs.model.RoutesCdkid#gtfs.line.5.emnarn-0]
14:01:03.412 [main] DEBUG org.hibernate.engine.TwoPhaseLoad - done materializing entity [net.lojika.gtfs.model.RoutesCdkid#gtfs.line.5.emnarn-0]
14:01:03.412 [main] DEBUG org.hibernate.engine.TwoPhaseLoad - resolving associations for [net.lojika.gtfs.model.Routes#istb.5110]
14:01:03.412 [main] DEBUG org.hibernate.engine.TwoPhaseLoad - done materializing entity [net.lojika.gtfs.model.Routes#istb.5110]
14:01:03.412 [main] DEBUG org.hibernate.engine.TwoPhaseLoad - resolving associations for [net.lojika.gtfs.model.RoutesCdkid#gtfs.line.5.emncng-1]
14:01:03.412 [main] DEBUG org.hibernate.engine.TwoPhaseLoad - done materializing entity [net.lojika.gtfs.model.RoutesCdkid#gtfs.line.5.emncng-1]
14:01:03.412 [main] DEBUG org.hibernate.engine.TwoPhaseLoad - resolving associations for [net.lojika.gtfs.model.RoutesCdkid#gtfs.line.5.kcsist-1]
14:01:03.412 [main] DEBUG org.hibernate.engine.TwoPhaseLoad - done materializing entity [net.lojika.gtfs.model.RoutesCdkid#gtfs.line.5.kcsist-1]
14:01:03.412 [main] DEBUG org.hibernate.engine.TwoPhaseLoad - resolving associations for [net.lojika.gtfs.model.RoutesCdkid#gtfs.line.5.kcsbsk-0]
14:01:03.412 [main] DEBUG org.hibernate.engine.TwoPhaseLoad - done materializing entity [net.lojika.gtfs.model.RoutesCdkid#gtfs.line.5.kcsbsk-0]
14:01:03.412 [main] DEBUG org.hibernate.engine.TwoPhaseLoad - resolving associations for [net.lojika.gtfs.model.RoutesCdkid#gtfs.line.1.99-0]
14:01:03.412 [main] DEBUG org.hibernate.engine.TwoPhaseLoad - done materializing entity [net.lojika.gtfs.model.RoutesCdkid#gtfs.line.1.99-0]
14:01:03.412 [main] DEBUG org.hibernate.engine.TwoPhaseLoad - resolving associations for [net.lojika.gtfs.model.RoutesCdkid#gtfs.line.1.98b-0]
14:01:03.413 [main] DEBUG org.hibernate.engine.TwoPhaseLoad - done materializing entity [net.lojika.gtfs.model.RoutesCdkid#gtfs.line.1.98b-0]
14:01:03.413 [main] DEBUG org.hibernate.engine.TwoPhaseLoad - resolving associations for [net.lojika.gtfs.model.Routes#istb.280750]
14:01:03.413 [main] DEBUG org.hibernate.engine.TwoPhaseLoad - done materializing entity [net.lojika.gtfs.model.Routes#istb.280750]
14:01:03.413 [main] DEBUG org.hibernate.engine.TwoPhaseLoad - resolving associations for [net.lojika.gtfs.model.RoutesCdkid#gtfs.line.1.98a-1]
14:01:03.413 [main] DEBUG org.hibernate.engine.TwoPhaseLoad - done materializing entity [net.lojika.gtfs.model.RoutesCdkid#gtfs.line.1.98a-1]
14:01:03.413 [main] DEBUG org.hibernate.engine.TwoPhaseLoad - resolving associations for [net.lojika.gtfs.model.RoutesCdkid#gtfs.line.1.98a-0]
14:01:03.413 [main] DEBUG org.hibernate.engine.TwoPhaseLoad - done materializing entity [net.lojika.gtfs.model.RoutesCdkid#gtfs.line.1.98a-0]
14:01:03.413 [main] DEBUG org.hibernate.engine.TwoPhaseLoad - resolving associations for [net.lojika.gtfs.model.Routes#istb.280727]
14:01:03.413 [main] DEBUG org.hibernate.engine.TwoPhaseLoad - done materializing entity [net.lojika.gtfs.model.Routes#istb.280727]
14:01:03.413 [main] DEBUG org.hibernate.engine.TwoPhaseLoad - resolving associations for [net.lojika.gtfs.model.RoutesCdkid#gtfs.line.1.92b-1]
14:01:03.413 [main] DEBUG org.hibernate.engine.TwoPhaseLoad - done materializing entity [net.lojika.gtfs.model.RoutesCdkid#gtfs.line.1.92b-1]
14:01:03.413 [main] DEBUG org.hibernate.engine.TwoPhaseLoad - resolving associations for [net.lojika.gtfs.model.RoutesCdkid#gtfs.line.1.92b-0]
14:01:03.413 [main] DEBUG org.hibernate.engine.TwoPhaseLoad - done materializing entity [net.lojika.gtfs.model.RoutesCdkid#gtfs.line.1.92b-0]
14:01:03.413 [main] DEBUG org.hibernate.engine.TwoPhaseLoad - resolving associations for [net.lojika.gtfs.model.RoutesCdkid#gtfs.line.1.88a-0]
14:01:03.413 [main] DEBUG org.hibernate.engine.TwoPhaseLoad - done materializing entity [net.lojika.gtfs.model.RoutesCdkid#gtfs.line.1.88a-0]
14:01:03.413 [main] DEBUG org.hibernate.engine.TwoPhaseLoad - resolving associations for [net.lojika.gtfs.model.Routes#istb.280706]
14:01:03.413 [main] DEBUG org.hibernate.engine.TwoPhaseLoad - done materializing entity [net.lojika.gtfs.model.Routes#istb.280706]
14:01:03.413 [main] DEBUG org.hibernate.engine.TwoPhaseLoad - resolving associations for [net.lojika.gtfs.model.RoutesCdkid#gtfs.line.1.88-1]
14:01:03.413 [main] DEBUG org.hibernate.engine.TwoPhaseLoad - done materializing entity [net.lojika.gtfs.model.RoutesCdkid#gtfs.line.1.88-1]
14:01:03.413 [main] DEBUG org.hibernate.engine.TwoPhaseLoad - resolving associations for [net.lojika.gtfs.model.RoutesCdkid#gtfs.line.1.88-0]
14:01:03.413 [main] DEBUG org.hibernate.engine.TwoPhaseLoad - done materializing entity [net.lojika.gtfs.model.RoutesCdkid#gtfs.line.1.88-0]
14:01:03.414 [main] DEBUG org.hibernate.engine.TwoPhaseLoad - resolving associations for [net.lojika.gtfs.model.RoutesCdkid#gtfs.line.1.85c-0]
14:01:03.414 [main] DEBUG org.hibernate.engine.TwoPhaseLoad - done materializing entity [net.lojika.gtfs.model.RoutesCdkid#gtfs.line.1.85c-0]
14:01:03.414 [main] DEBUG org.hibernate.engine.TwoPhaseLoad - resolving associations for [net.lojika.gtfs.model.RoutesCdkid#gtfs.line.1.77mt-0]
14:01:03.414 [main] DEBUG org.hibernate.engine.TwoPhaseLoad - done materializing entity [net.lojika.gtfs.model.RoutesCdkid#gtfs.line.1.77mt-0]
14:01:03.414 [main] DEBUG org.hibernate.engine.TwoPhaseLoad - resolving associations for [net.lojika.gtfs.model.Routes#istb.280663]
14:01:03.414 [main] DEBUG org.hibernate.engine.TwoPhaseLoad - done materializing entity [net.lojika.gtfs.model.Routes#istb.280663]
14:01:03.414 [main] DEBUG org.hibernate.engine.TwoPhaseLoad - resolving associations for [net.lojika.gtfs.model.RoutesCdkid#gtfs.line.1.76t-0]
14:01:03.414 [main] DEBUG org.hibernate.engine.TwoPhaseLoad - done materializing entity [net.lojika.gtfs.model.RoutesCdkid#gtfs.line.1.76t-0]
14:01:03.414 [main] DEBUG org.hibernate.engine.TwoPhaseLoad - resolving associations for [net.lojika.gtfs.model.RoutesCdkid#gtfs.line.1.47e-0]
14:01:03.414 [main] DEBUG org.hibernate.engine.TwoPhaseLoad - done materializing entity [net.lojika.gtfs.model.RoutesCdkid#gtfs.line.1.47e-0]
14:01:03.414 [main] DEBUG org.hibernate.engine.TwoPhaseLoad - resolving associations for [net.lojika.gtfs.model.Routes#istb.280565]
14:01:03.414 [main] DEBUG org.hibernate.engine.TwoPhaseLoad - done materializing entity [net.lojika.gtfs.model.Routes#istb.280565]
14:01:03.414 [main] DEBUG org.hibernate.engine.TwoPhaseLoad - resolving associations for [net.lojika.gtfs.model.RoutesCdkid#gtfs.line.1.46y-1]
14:01:03.414 [main] DEBUG org.hibernate.engine.TwoPhaseLoad - done materializing entity [net.lojika.gtfs.model.RoutesCdkid#gtfs.line.1.46y-1]
14:01:03.414 [main] DEBUG org.hibernate.engine.TwoPhaseLoad - resolving associations for [net.lojika.gtfs.model.RoutesCdkid#gtfs.line.1.46y-0]
14:01:03.414 [main] DEBUG org.hibernate.engine.TwoPhaseLoad - done materializing entity [net.lojika.gtfs.model.RoutesCdkid#gtfs.line.1.46y-0]
14:01:03.414 [main] DEBUG org.hibernate.engine.TwoPhaseLoad - resolving associations for [net.lojika.gtfs.model.RoutesCdkid#gtfs.line.1.ht5-1]
14:01:03.414 [main] DEBUG org.hibernate.engine.TwoPhaseLoad - done materializing entity [net.lojika.gtfs.model.RoutesCdkid#gtfs.line.1.ht5-1]
14:01:03.414 [main] DEBUG org.hibernate.engine.TwoPhaseLoad - resolving associations for [net.lojika.gtfs.model.RoutesCdkid#gtfs.line.1.36ay-1]
14:01:03.414 [main] DEBUG org.hibernate.engine.TwoPhaseLoad - done materializing entity [net.lojika.gtfs.model.RoutesCdkid#gtfs.line.1.36ay-1]
14:01:03.414 [main] DEBUG org.hibernate.engine.TwoPhaseLoad - resolving associations for [net.lojika.gtfs.model.RoutesCdkid#gtfs.line.1.29gm-1]
14:01:03.415 [main] DEBUG org.hibernate.engine.TwoPhaseLoad - done materializing entity [net.lojika.gtfs.model.RoutesCdkid#gtfs.line.1.29gm-1]
14:01:03.415 [main] DEBUG org.hibernate.engine.TwoPhaseLoad - resolving associations for [net.lojika.gtfs.model.Routes#istb.280436]
14:01:03.415 [main] DEBUG org.hibernate.engine.TwoPhaseLoad - done materializing entity [net.lojika.gtfs.model.Routes#istb.280436]
14:01:03.415 [main] DEBUG org.hibernate.engine.TwoPhaseLoad - resolving associations for [net.lojika.gtfs.model.RoutesCdkid#gtfs.line.1.27t-0]
14:01:03.415 [main] DEBUG org.hibernate.engine.TwoPhaseLoad - done materializing entity [net.lojika.gtfs.model.RoutesCdkid#gtfs.line.1.27t-0]
14:01:03.415 [main] DEBUG org.hibernate.engine.TwoPhaseLoad - resolving associations for [net.lojika.gtfs.model.RoutesCdkid#gtfs.line.1.16m-1]
14:01:03.415 [main] DEBUG org.hibernate.engine.TwoPhaseLoad - done materializing entity [net.lojika.gtfs.model.RoutesCdkid#gtfs.line.1.16m-1]
14:01:03.415 [main] DEBUG org.hibernate.engine.TwoPhaseLoad - resolving associations for [net.lojika.gtfs.model.Routes#istb.280352]
14:01:03.415 [main] DEBUG org.hibernate.engine.TwoPhaseLoad - done materializing entity [net.lojika.gtfs.model.Routes#istb.280352]
14:01:03.415 [main] DEBUG org.hibernate.engine.TwoPhaseLoad - resolving associations for [net.lojika.gtfs.model.RoutesCdkid#gtfs.line.1.15h-0]
14:01:03.415 [main] DEBUG org.hibernate.engine.TwoPhaseLoad - done materializing entity [net.lojika.gtfs.model.RoutesCdkid#gtfs.line.1.15h-0]
14:01:03.415 [main] DEBUG org.hibernate.engine.TwoPhaseLoad - resolving associations for [net.lojika.gtfs.model.RoutesCdkid#gtfs.line.1.15f-1]
14:01:03.415 [main] DEBUG org.hibernate.engine.TwoPhaseLoad - done materializing entity [net.lojika.gtfs.model.RoutesCdkid#gtfs.line.1.15f-1]
14:01:03.415 [main] DEBUG org.hibernate.engine.TwoPhaseLoad - resolving associations for [net.lojika.gtfs.model.RoutesCdkid#gtfs.line.1.14es-0]
14:01:03.415 [main] DEBUG org.hibernate.engine.TwoPhaseLoad - done materializing entity [net.lojika.gtfs.model.RoutesCdkid#gtfs.line.1.14es-0]
14:01:03.415 [main] DEBUG org.hibernate.engine.TwoPhaseLoad - resolving associations for [net.lojika.gtfs.model.RoutesCdkid#gtfs.line.1.14ak-0]
14:01:03.415 [main] DEBUG org.hibernate.engine.TwoPhaseLoad - done materializing entity [net.lojika.gtfs.model.RoutesCdkid#gtfs.line.1.14ak-0]
14:01:03.415 [main] DEBUG org.hibernate.engine.TwoPhaseLoad - resolving associations for [net.lojika.gtfs.model.RoutesCdkid#gtfs.line.1.132s-1]
14:01:03.415 [main] DEBUG org.hibernate.engine.TwoPhaseLoad - done materializing entity [net.lojika.gtfs.model.RoutesCdkid#gtfs.line.1.132s-1]
14:01:03.415 [main] DEBUG org.hibernate.engine.TwoPhaseLoad - resolving associations for [net.lojika.gtfs.model.RoutesCdkid#gtfs.line.2.f1-0]
14:01:03.415 [main] DEBUG org.hibernate.engine.TwoPhaseLoad - done materializing entity [net.lojika.gtfs.model.RoutesCdkid#gtfs.line.2.f1-0]
14:01:03.415 [main] DEBUG o.h.e.StatefulPersistenceContext - initializing non-lazy collections
14:01:03.417 [main] DEBUG org.hibernate.loader.Loader - loading collection: [net.lojika.gtfs.model.Routes.routesCdkidCollection#istb.280352]
14:01:03.417 [main] DEBUG org.hibernate.jdbc.AbstractBatcher - about to open PreparedStatement (open PreparedStatements: 0, globally: 0)
14:01:03.417 [main] DEBUG org.hibernate.SQL - select routescdki0_.route_id as route2_2_1_, routescdki0_.route_cdk_id as route1_1_, routescdki0_.route_cdk_id as route1_3_0_, routescdki0_.route_id as route2_3_0_ from public.routes_cdkid routescdki0_ where routescdki0_.route_id=?
Hibernate: select routescdki0_.route_id as route2_2_1_, routescdki0_.route_cdk_id as route1_1_, routescdki0_.route_cdk_id as route1_3_0_, routescdki0_.route_id as route2_3_0_ from public.routes_cdkid routescdki0_ where routescdki0_.route_id=?
14:01:03.419 [main] DEBUG org.hibernate.jdbc.AbstractBatcher - about to open ResultSet (open ResultSets: 0, globally: 0)
14:01:03.420 [main] DEBUG org.hibernate.loader.Loader - result set contains (possibly empty) collection: [net.lojika.gtfs.model.Routes.routesCdkidCollection#istb.280352]
14:01:03.421 [main] DEBUG org.hibernate.loader.Loader - result row: EntityKey[net.lojika.gtfs.model.RoutesCdkid#gtfs.line.1.15h-0]
14:01:03.422 [main] DEBUG org.hibernate.loader.Loader - found row of collection: [net.lojika.gtfs.model.Routes.routesCdkidCollection#istb.280352]
14:01:03.422 [main] DEBUG org.hibernate.jdbc.AbstractBatcher - about to close ResultSet (open ResultSets: 1, globally: 1)
14:01:03.422 [main] DEBUG org.hibernate.jdbc.AbstractBatcher - about to close PreparedStatement (open PreparedStatements: 1, globally: 1)
14:01:03.422 [main] DEBUG o.h.e.loading.CollectionLoadContext - 1 collections were found in result set for role: net.lojika.gtfs.model.Routes.routesCdkidCollection
14:01:03.422 [main] DEBUG o.h.e.loading.CollectionLoadContext - collection fully initialized: [net.lojika.gtfs.model.Routes.routesCdkidCollection#istb.280352]
14:01:03.423 [main] DEBUG o.h.e.loading.CollectionLoadContext - 1 collections initialized for role: net.lojika.gtfs.model.Routes.routesCdkidCollection
14:01:03.423 [main] DEBUG org.hibernate.loader.Loader - done loading collection
14:01:03.423 [main] DEBUG org.hibernate.loader.Loader - loading collection: [net.lojika.gtfs.model.Routes.routesCdkidCollection#istb.280436]
14:01:03.423 [main] DEBUG org.hibernate.jdbc.AbstractBatcher - about to open PreparedStatement (open PreparedStatements: 0, globally: 0)
14:01:03.423 [main] DEBUG org.hibernate.SQL - select routescdki0_.route_id as route2_2_1_, routescdki0_.route_cdk_id as route1_1_, routescdki0_.route_cdk_id as route1_3_0_, routescdki0_.route_id as route2_3_0_ from public.routes_cdkid routescdki0_ where routescdki0_.route_id=?
Hibernate: select routescdki0_.route_id as route2_2_1_, routescdki0_.route_cdk_id as route1_1_, routescdki0_.route_cdk_id as route1_3_0_, routescdki0_.route_id as route2_3_0_ from public.routes_cdkid routescdki0_ where routescdki0_.route_id=?
14:01:03.424 [main] DEBUG org.hibernate.jdbc.AbstractBatcher - about to open ResultSet (open ResultSets: 0, globally: 0)
14:01:03.424 [main] DEBUG org.hibernate.loader.Loader - result set contains (possibly empty) collection: [net.lojika.gtfs.model.Routes.routesCdkidCollection#istb.280436]
14:01:03.424 [main] DEBUG org.hibernate.loader.Loader - result row: EntityKey[net.lojika.gtfs.model.RoutesCdkid#gtfs.line.1.27t-0]
14:01:03.424 [main] DEBUG org.hibernate.loader.Loader - found row of collection: [net.lojika.gtfs.model.Routes.routesCdkidCollection#istb.280436]
14:01:03.424 [main] DEBUG org.hibernate.jdbc.AbstractBatcher - about to close ResultSet (open ResultSets: 1, globally: 1)
14:01:03.424 [main] DEBUG org.hibernate.jdbc.AbstractBatcher - about to close PreparedStatement (open PreparedStatements: 1, globally: 1)
14:01:03.424 [main] DEBUG o.h.e.loading.CollectionLoadContext - 1 collections were found in result set for role: net.lojika.gtfs.model.Routes.routesCdkidCollection
14:01:03.424 [main] DEBUG o.h.e.loading.CollectionLoadContext - collection fully initialized: [net.lojika.gtfs.model.Routes.routesCdkidCollection#istb.280436]
14:01:03.424 [main] DEBUG o.h.e.loading.CollectionLoadContext - 1 collections initialized for role: net.lojika.gtfs.model.Routes.routesCdkidCollection
14:01:03.424 [main] DEBUG org.hibernate.loader.Loader - done loading collection
14:01:03.424 [main] DEBUG org.hibernate.loader.Loader - loading collection: [net.lojika.gtfs.model.Routes.routesCdkidCollection#istb.280565]
14:01:03.424 [main] DEBUG org.hibernate.jdbc.AbstractBatcher - about to open PreparedStatement (open PreparedStatements: 0, globally: 0)
14:01:03.424 [main] DEBUG org.hibernate.SQL - select routescdki0_.route_id as route2_2_1_, routescdki0_.route_cdk_id as route1_1_, routescdki0_.route_cdk_id as route1_3_0_, routescdki0_.route_id as route2_3_0_ from public.routes_cdkid routescdki0_ where routescdki0_.route_id=?
Hibernate: select routescdki0_.route_id as route2_2_1_, routescdki0_.route_cdk_id as route1_1_, routescdki0_.route_cdk_id as route1_3_0_, routescdki0_.route_id as route2_3_0_ from public.routes_cdkid routescdki0_ where routescdki0_.route_id=?
14:01:03.425 [main] DEBUG org.hibernate.jdbc.AbstractBatcher - about to open ResultSet (open ResultSets: 0, globally: 0)
14:01:03.425 [main] DEBUG org.hibernate.loader.Loader - result set contains (possibly empty) collection: [net.lojika.gtfs.model.Routes.routesCdkidCollection#istb.280565]
14:01:03.425 [main] DEBUG org.hibernate.loader.Loader - result row: EntityKey[net.lojika.gtfs.model.RoutesCdkid#gtfs.line.1.46y-1]
14:01:03.425 [main] DEBUG org.hibernate.loader.Loader - found row of collection: [net.lojika.gtfs.model.Routes.routesCdkidCollection#istb.280565]
14:01:03.425 [main] DEBUG org.hibernate.loader.Loader - result row: EntityKey[net.lojika.gtfs.model.RoutesCdkid#gtfs.line.1.46y-0]
14:01:03.425 [main] DEBUG org.hibernate.loader.Loader - found row of collection: [net.lojika.gtfs.model.Routes.routesCdkidCollection#istb.280565]
14:01:03.425 [main] DEBUG org.hibernate.jdbc.AbstractBatcher - about to close ResultSet (open ResultSets: 1, globally: 1)
14:01:03.425 [main] DEBUG org.hibernate.jdbc.AbstractBatcher - about to close PreparedStatement (open PreparedStatements: 1, globally: 1)
14:01:03.426 [main] DEBUG o.h.e.loading.CollectionLoadContext - 1 collections were found in result set for role: net.lojika.gtfs.model.Routes.routesCdkidCollection
14:01:03.426 [main] DEBUG o.h.e.loading.CollectionLoadContext - collection fully initialized: [net.lojika.gtfs.model.Routes.routesCdkidCollection#istb.280565]
14:01:03.426 [main] DEBUG o.h.e.loading.CollectionLoadContext - 1 collections initialized for role: net.lojika.gtfs.model.Routes.routesCdkidCollection
14:01:03.426 [main] DEBUG org.hibernate.loader.Loader - done loading collection
14:01:03.426 [main] DEBUG org.hibernate.loader.Loader - loading collection: [net.lojika.gtfs.model.Routes.routesCdkidCollection#istb.280663]
14:01:03.426 [main] DEBUG org.hibernate.jdbc.AbstractBatcher - about to open PreparedStatement (open PreparedStatements: 0, globally: 0)
14:01:03.426 [main] DEBUG org.hibernate.SQL - select routescdki0_.route_id as route2_2_1_, routescdki0_.route_cdk_id as route1_1_, routescdki0_.route_cdk_id as route1_3_0_, routescdki0_.route_id as route2_3_0_ from public.routes_cdkid routescdki0_ where routescdki0_.route_id=?
Hibernate: select routescdki0_.route_id as route2_2_1_, routescdki0_.route_cdk_id as route1_1_, routescdki0_.route_cdk_id as route1_3_0_, routescdki0_.route_id as route2_3_0_ from public.routes_cdkid routescdki0_ where routescdki0_.route_id=?
14:01:03.427 [main] DEBUG org.hibernate.jdbc.AbstractBatcher - about to open ResultSet (open ResultSets: 0, globally: 0)
14:01:03.427 [main] DEBUG org.hibernate.loader.Loader - result set contains (possibly empty) collection: [net.lojika.gtfs.model.Routes.routesCdkidCollection#istb.280663]
14:01:03.427 [main] DEBUG org.hibernate.loader.Loader - result row: EntityKey[net.lojika.gtfs.model.RoutesCdkid#gtfs.line.1.76t-0]
14:01:03.427 [main] DEBUG org.hibernate.loader.Loader - found row of collection: [net.lojika.gtfs.model.Routes.routesCdkidCollection#istb.280663]
14:01:03.427 [main] DEBUG org.hibernate.jdbc.AbstractBatcher - about to close ResultSet (open ResultSets: 1, globally: 1)
14:01:03.427 [main] DEBUG org.hibernate.jdbc.AbstractBatcher - about to close PreparedStatement (open PreparedStatements: 1, globally: 1)
14:01:03.427 [main] DEBUG o.h.e.loading.CollectionLoadContext - 1 collections were found in result set for role: net.lojika.gtfs.model.Routes.routesCdkidCollection
14:01:03.427 [main] DEBUG o.h.e.loading.CollectionLoadContext - collection fully initialized: [net.lojika.gtfs.model.Routes.routesCdkidCollection#istb.280663]
14:01:03.427 [main] DEBUG o.h.e.loading.CollectionLoadContext - 1 collections initialized for role: net.lojika.gtfs.model.Routes.routesCdkidCollection
14:01:03.427 [main] DEBUG org.hibernate.loader.Loader - done loading collection
14:01:03.427 [main] DEBUG org.hibernate.loader.Loader - loading collection: [net.lojika.gtfs.model.Routes.routesCdkidCollection#istb.280706]
14:01:03.427 [main] DEBUG org.hibernate.jdbc.AbstractBatcher - about to open PreparedStatement (open PreparedStatements: 0, globally: 0)
14:01:03.427 [main] DEBUG org.hibernate.SQL - select routescdki0_.route_id as route2_2_1_, routescdki0_.route_cdk_id as route1_1_, routescdki0_.route_cdk_id as route1_3_0_, routescdki0_.route_id as route2_3_0_ from public.routes_cdkid routescdki0_ where routescdki0_.route_id=?
Hibernate: select routescdki0_.route_id as route2_2_1_, routescdki0_.route_cdk_id as route1_1_, routescdki0_.route_cdk_id as route1_3_0_, routescdki0_.route_id as route2_3_0_ from public.routes_cdkid routescdki0_ where routescdki0_.route_id=?
14:01:03.428 [main] DEBUG org.hibernate.jdbc.AbstractBatcher - about to open ResultSet (open ResultSets: 0, globally: 0)
14:01:03.428 [main] DEBUG org.hibernate.loader.Loader - result set contains (possibly empty) collection: [net.lojika.gtfs.model.Routes.routesCdkidCollection#istb.280706]
14:01:03.428 [main] DEBUG org.hibernate.loader.Loader - result row: EntityKey[net.lojika.gtfs.model.RoutesCdkid#gtfs.line.1.88-1]
14:01:03.428 [main] DEBUG org.hibernate.loader.Loader - found row of collection: [net.lojika.gtfs.model.Routes.routesCdkidCollection#istb.280706]
14:01:03.428 [main] DEBUG org.hibernate.loader.Loader - result row: EntityKey[net.lojika.gtfs.model.RoutesCdkid#gtfs.line.1.88-0]
14:01:03.428 [main] DEBUG org.hibernate.loader.Loader - found row of collection: [net.lojika.gtfs.model.Routes.routesCdkidCollection#istb.280706]
14:01:03.428 [main] DEBUG org.hibernate.jdbc.AbstractBatcher - about to close ResultSet (open ResultSets: 1, globally: 1)
14:01:03.428 [main] DEBUG org.hibernate.jdbc.AbstractBatcher - about to close PreparedStatement (open PreparedStatements: 1, globally: 1)
14:01:03.428 [main] DEBUG o.h.e.loading.CollectionLoadContext - 1 collections were found in result set for role: net.lojika.gtfs.model.Routes.routesCdkidCollection
14:01:03.428 [main] DEBUG o.h.e.loading.CollectionLoadContext - collection fully initialized: [net.lojika.gtfs.model.Routes.routesCdkidCollection#istb.280706]
14:01:03.428 [main] DEBUG o.h.e.loading.CollectionLoadContext - 1 collections initialized for role: net.lojika.gtfs.model.Routes.routesCdkidCollection
14:01:03.428 [main] DEBUG org.hibernate.loader.Loader - done loading collection
14:01:03.429 [main] DEBUG org.hibernate.loader.Loader - loading collection: [net.lojika.gtfs.model.Routes.routesCdkidCollection#istb.280727]
14:01:03.429 [main] DEBUG org.hibernate.jdbc.AbstractBatcher - about to open PreparedStatement (open PreparedStatements: 0, globally: 0)
14:01:03.429 [main] DEBUG org.hibernate.SQL - select routescdki0_.route_id as route2_2_1_, routescdki0_.route_cdk_id as route1_1_, routescdki0_.route_cdk_id as route1_3_0_, routescdki0_.route_id as route2_3_0_ from public.routes_cdkid routescdki0_ where routescdki0_.route_id=?
Hibernate: select routescdki0_.route_id as route2_2_1_, routescdki0_.route_cdk_id as route1_1_, routescdki0_.route_cdk_id as route1_3_0_, routescdki0_.route_id as route2_3_0_ from public.routes_cdkid routescdki0_ where routescdki0_.route_id=?
14:01:03.429 [main] DEBUG org.hibernate.jdbc.AbstractBatcher - about to open ResultSet (open ResultSets: 0, globally: 0)
14:01:03.429 [main] DEBUG org.hibernate.loader.Loader - result set contains (possibly empty) collection: [net.lojika.gtfs.model.Routes.routesCdkidCollection#istb.280727]
14:01:03.429 [main] DEBUG org.hibernate.loader.Loader - result row: EntityKey[net.lojika.gtfs.model.RoutesCdkid#gtfs.line.1.92b-1]
14:01:03.429 [main] DEBUG org.hibernate.loader.Loader - found row of collection: [net.lojika.gtfs.model.Routes.routesCdkidCollection#istb.280727]
14:01:03.429 [main] DEBUG org.hibernate.loader.Loader - result row: EntityKey[net.lojika.gtfs.model.RoutesCdkid#gtfs.line.1.92b-0]
14:01:03.429 [main] DEBUG org.hibernate.loader.Loader - found row of collection: [net.lojika.gtfs.model.Routes.routesCdkidCollection#istb.280727]
14:01:03.430 [main] DEBUG org.hibernate.jdbc.AbstractBatcher - about to close ResultSet (open ResultSets: 1, globally: 1)
14:01:03.430 [main] DEBUG org.hibernate.jdbc.AbstractBatcher - about to close PreparedStatement (open PreparedStatements: 1, globally: 1)
14:01:03.430 [main] DEBUG o.h.e.loading.CollectionLoadContext - 1 collections were found in result set for role: net.lojika.gtfs.model.Routes.routesCdkidCollection
14:01:03.430 [main] DEBUG o.h.e.loading.CollectionLoadContext - collection fully initialized: [net.lojika.gtfs.model.Routes.routesCdkidCollection#istb.280727]
14:01:03.430 [main] DEBUG o.h.e.loading.CollectionLoadContext - 1 collections initialized for role: net.lojika.gtfs.model.Routes.routesCdkidCollection
14:01:03.430 [main] DEBUG org.hibernate.loader.Loader - done loading collection
14:01:03.430 [main] DEBUG org.hibernate.loader.Loader - loading collection: [net.lojika.gtfs.model.Routes.routesCdkidCollection#istb.280750]
14:01:03.430 [main] DEBUG org.hibernate.jdbc.AbstractBatcher - about to open PreparedStatement (open PreparedStatements: 0, globally: 0)
14:01:03.430 [main] DEBUG org.hibernate.SQL - select routescdki0_.route_id as route2_2_1_, routescdki0_.route_cdk_id as route1_1_, routescdki0_.route_cdk_id as route1_3_0_, routescdki0_.route_id as route2_3_0_ from public.routes_cdkid routescdki0_ where routescdki0_.route_id=?
Hibernate: select routescdki0_.route_id as route2_2_1_, routescdki0_.route_cdk_id as route1_1_, routescdki0_.route_cdk_id as route1_3_0_, routescdki0_.route_id as route2_3_0_ from public.routes_cdkid routescdki0_ where routescdki0_.route_id=?
14:01:03.430 [main] DEBUG org.hibernate.jdbc.AbstractBatcher - about to open ResultSet (open ResultSets: 0, globally: 0)
14:01:03.430 [main] DEBUG org.hibernate.loader.Loader - result set contains (possibly empty) collection: [net.lojika.gtfs.model.Routes.routesCdkidCollection#istb.280750]
14:01:03.430 [main] DEBUG org.hibernate.loader.Loader - result row: EntityKey[net.lojika.gtfs.model.RoutesCdkid#gtfs.line.1.98a-1]
14:01:03.430 [main] DEBUG org.hibernate.loader.Loader - found row of collection: [net.lojika.gtfs.model.Routes.routesCdkidCollection#istb.280750]
14:01:03.431 [main] DEBUG org.hibernate.loader.Loader - result row: EntityKey[net.lojika.gtfs.model.RoutesCdkid#gtfs.line.1.98a-0]
14:01:03.431 [main] DEBUG org.hibernate.loader.Loader - found row of collection: [net.lojika.gtfs.model.Routes.routesCdkidCollection#istb.280750]
14:01:03.431 [main] DEBUG org.hibernate.jdbc.AbstractBatcher - about to close ResultSet (open ResultSets: 1, globally: 1)
14:01:03.431 [main] DEBUG org.hibernate.jdbc.AbstractBatcher - about to close PreparedStatement (open PreparedStatements: 1, globally: 1)
14:01:03.431 [main] DEBUG o.h.e.loading.CollectionLoadContext - 1 collections were found in result set for role: net.lojika.gtfs.model.Routes.routesCdkidCollection
14:01:03.431 [main] DEBUG o.h.e.loading.CollectionLoadContext - collection fully initialized: [net.lojika.gtfs.model.Routes.routesCdkidCollection#istb.280750]
14:01:03.431 [main] DEBUG o.h.e.loading.CollectionLoadContext - 1 collections initialized for role: net.lojika.gtfs.model.Routes.routesCdkidCollection
14:01:03.431 [main] DEBUG org.hibernate.loader.Loader - done loading collection
14:01:03.431 [main] DEBUG org.hibernate.loader.Loader - loading collection: [net.lojika.gtfs.model.Routes.routesCdkidCollection#istb.5110]
14:01:03.431 [main] DEBUG org.hibernate.jdbc.AbstractBatcher - about to open PreparedStatement (open PreparedStatements: 0, globally: 0)
14:01:03.431 [main] DEBUG org.hibernate.SQL - select routescdki0_.route_id as route2_2_1_, routescdki0_.route_cdk_id as route1_1_, routescdki0_.route_cdk_id as route1_3_0_, routescdki0_.route_id as route2_3_0_ from public.routes_cdkid routescdki0_ where routescdki0_.route_id=?
Hibernate: select routescdki0_.route_id as route2_2_1_, routescdki0_.route_cdk_id as route1_1_, routescdki0_.route_cdk_id as route1_3_0_, routescdki0_.route_id as route2_3_0_ from public.routes_cdkid routescdki0_ where routescdki0_.route_id=?
14:01:03.431 [main] DEBUG org.hibernate.jdbc.AbstractBatcher - about to open ResultSet (open ResultSets: 0, globally: 0)
14:01:03.432 [main] DEBUG org.hibernate.loader.Loader - result set contains (possibly empty) collection: [net.lojika.gtfs.model.Routes.routesCdkidCollection#istb.5110]
14:01:03.432 [main] DEBUG org.hibernate.loader.Loader - result row: EntityKey[net.lojika.gtfs.model.RoutesCdkid#gtfs.line.5.emncng-1]
14:01:03.432 [main] DEBUG org.hibernate.loader.Loader - found row of collection: [net.lojika.gtfs.model.Routes.routesCdkidCollection#istb.5110]
14:01:03.432 [main] DEBUG org.hibernate.jdbc.AbstractBatcher - about to close ResultSet (open ResultSets: 1, globally: 1)
14:01:03.432 [main] DEBUG org.hibernate.jdbc.AbstractBatcher - about to close PreparedStatement (open PreparedStatements: 1, globally: 1)
14:01:03.432 [main] DEBUG o.h.e.loading.CollectionLoadContext - 1 collections were found in result set for role: net.lojika.gtfs.model.Routes.routesCdkidCollection
14:01:03.432 [main] DEBUG o.h.e.loading.CollectionLoadContext - collection fully initialized: [net.lojika.gtfs.model.Routes.routesCdkidCollection#istb.5110]
14:01:03.432 [main] DEBUG o.h.e.loading.CollectionLoadContext - 1 collections initialized for role: net.lojika.gtfs.model.Routes.routesCdkidCollection
14:01:03.432 [main] DEBUG org.hibernate.loader.Loader - done loading collection
14:01:03.432 [main] DEBUG org.hibernate.loader.Loader - loading collection: [net.lojika.gtfs.model.Routes.routesCdkidCollection#istb.5140]
14:01:03.432 [main] DEBUG org.hibernate.jdbc.AbstractBatcher - about to open PreparedStatement (open PreparedStatements: 0, globally: 0)
14:01:03.432 [main] DEBUG org.hibernate.SQL - select routescdki0_.route_id as route2_2_1_, routescdki0_.route_cdk_id as route1_1_, routescdki0_.route_cdk_id as route1_3_0_, routescdki0_.route_id as route2_3_0_ from public.routes_cdkid routescdki0_ where routescdki0_.route_id=?
Hibernate: select routescdki0_.route_id as route2_2_1_, routescdki0_.route_cdk_id as route1_1_, routescdki0_.route_cdk_id as route1_3_0_, routescdki0_.route_id as route2_3_0_ from public.routes_cdkid routescdki0_ where routescdki0_.route_id=?
14:01:03.433 [main] DEBUG org.hibernate.jdbc.AbstractBatcher - about to open ResultSet (open ResultSets: 0, globally: 0)
14:01:03.433 [main] DEBUG org.hibernate.loader.Loader - result set contains (possibly empty) collection: [net.lojika.gtfs.model.Routes.routesCdkidCollection#istb.5140]
14:01:03.433 [main] DEBUG org.hibernate.loader.Loader - result row: EntityKey[net.lojika.gtfs.model.RoutesCdkid#gtfs.line.5.emnarn-0]
14:01:03.433 [main] DEBUG org.hibernate.loader.Loader - found row of collection: [net.lojika.gtfs.model.Routes.routesCdkidCollection#istb.5140]
14:01:03.433 [main] DEBUG org.hibernate.jdbc.AbstractBatcher - about to close ResultSet (open ResultSets: 1, globally: 1)
14:01:03.433 [main] DEBUG org.hibernate.jdbc.AbstractBatcher - about to close PreparedStatement (open PreparedStatements: 1, globally: 1)
14:01:03.433 [main] DEBUG o.h.e.loading.CollectionLoadContext - 1 collections were found in result set for role: net.lojika.gtfs.model.Routes.routesCdkidCollection
14:01:03.433 [main] DEBUG o.h.e.loading.CollectionLoadContext - collection fully initialized: [net.lojika.gtfs.model.Routes.routesCdkidCollection#istb.5140]
14:01:03.433 [main] DEBUG o.h.e.loading.CollectionLoadContext - 1 collections initialized for role: net.lojika.gtfs.model.Routes.routesCdkidCollection
14:01:03.433 [main] DEBUG org.hibernate.loader.Loader - done loading collection
14:01:03.433 [main] DEBUG org.hibernate.loader.Loader - loading collection: [net.lojika.gtfs.model.Routes.routesCdkidCollection#istb.5157]
14:01:03.433 [main] DEBUG org.hibernate.jdbc.AbstractBatcher - about to open PreparedStatement (open PreparedStatements: 0, globally: 0)
14:01:03.433 [main] DEBUG org.hibernate.SQL - select routescdki0_.route_id as route2_2_1_, routescdki0_.route_cdk_id as route1_1_, routescdki0_.route_cdk_id as route1_3_0_, routescdki0_.route_id as route2_3_0_ from public.routes_cdkid routescdki0_ where routescdki0_.route_id=?
Hibernate: select routescdki0_.route_id as route2_2_1_, routescdki0_.route_cdk_id as route1_1_, routescdki0_.route_cdk_id as route1_3_0_, routescdki0_.route_id as route2_3_0_ from public.routes_cdkid routescdki0_ where routescdki0_.route_id=?
14:01:03.434 [main] DEBUG org.hibernate.jdbc.AbstractBatcher - about to open ResultSet (open ResultSets: 0, globally: 0)
14:01:03.434 [main] DEBUG org.hibernate.loader.Loader - result set contains (possibly empty) collection: [net.lojika.gtfs.model.Routes.routesCdkidCollection#istb.5157]
14:01:03.434 [main] DEBUG org.hibernate.loader.Loader - result row: EntityKey[net.lojika.gtfs.model.RoutesCdkid#gtfs.line.5.bybemn-1]
14:01:03.434 [main] DEBUG org.hibernate.loader.Loader - found row of collection: [net.lojika.gtfs.model.Routes.routesCdkidCollection#istb.5157]
14:01:03.434 [main] DEBUG org.hibernate.jdbc.AbstractBatcher - about to close ResultSet (open ResultSets: 1, globally: 1)
14:01:03.434 [main] DEBUG org.hibernate.jdbc.AbstractBatcher - about to close PreparedStatement (open PreparedStatements: 1, globally: 1)
14:01:03.434 [main] DEBUG o.h.e.loading.CollectionLoadContext - 1 collections were found in result set for role: net.lojika.gtfs.model.Routes.routesCdkidCollection
14:01:03.434 [main] DEBUG o.h.e.loading.CollectionLoadContext - collection fully initialized: [net.lojika.gtfs.model.Routes.routesCdkidCollection#istb.5157]
14:01:03.434 [main] DEBUG o.h.e.loading.CollectionLoadContext - 1 collections initialized for role: net.lojika.gtfs.model.Routes.routesCdkidCollection
14:01:03.434 [main] DEBUG org.hibernate.loader.Loader - done loading collection
14:01:03.434 [main] DEBUG org.hibernate.loader.Loader - loading collection: [net.lojika.gtfs.model.Routes.routesCdkidCollection#istb.280351]
14:01:03.434 [main] DEBUG org.hibernate.jdbc.AbstractBatcher - about to open PreparedStatement (open PreparedStatements: 0, globally: 0)
14:01:03.434 [main] DEBUG org.hibernate.SQL - select routescdki0_.route_id as route2_2_1_, routescdki0_.route_cdk_id as route1_1_, routescdki0_.route_cdk_id as route1_3_0_, routescdki0_.route_id as route2_3_0_ from public.routes_cdkid routescdki0_ where routescdki0_.route_id=?
Hibernate: select routescdki0_.route_id as route2_2_1_, routescdki0_.route_cdk_id as route1_1_, routescdki0_.route_cdk_id as route1_3_0_, routescdki0_.route_id as route2_3_0_ from public.routes_cdkid routescdki0_ where routescdki0_.route_id=?
14:01:03.435 [main] DEBUG org.hibernate.jdbc.AbstractBatcher - about to open ResultSet (open ResultSets: 0, globally: 0)
14:01:03.435 [main] DEBUG org.hibernate.loader.Loader - result set contains (possibly empty) collection: [net.lojika.gtfs.model.Routes.routesCdkidCollection#istb.280351]
14:01:03.435 [main] DEBUG org.hibernate.loader.Loader - result row: EntityKey[net.lojika.gtfs.model.RoutesCdkid#gtfs.line.1.15f-0]
14:01:03.435 [main] DEBUG org.hibernate.loader.Loader - found row of collection: [net.lojika.gtfs.model.Routes.routesCdkidCollection#istb.280351]
14:01:03.435 [main] DEBUG org.hibernate.loader.Loader - result row: EntityKey[net.lojika.gtfs.model.RoutesCdkid#gtfs.line.1.15f-1]
14:01:03.435 [main] DEBUG org.hibernate.loader.Loader - found row of collection: [net.lojika.gtfs.model.Routes.routesCdkidCollection#istb.280351]
14:01:03.435 [main] DEBUG org.hibernate.jdbc.AbstractBatcher - about to close ResultSet (open ResultSets: 1, globally: 1)
14:01:03.435 [main] DEBUG org.hibernate.jdbc.AbstractBatcher - about to close PreparedStatement (open PreparedStatements: 1, globally: 1)
14:01:03.435 [main] DEBUG o.h.e.loading.CollectionLoadContext - 1 collections were found in result set for role: net.lojika.gtfs.model.Routes.routesCdkidCollection
14:01:03.435 [main] DEBUG o.h.e.loading.CollectionLoadContext - collection fully initialized: [net.lojika.gtfs.model.Routes.routesCdkidCollection#istb.280351]
14:01:03.435 [main] DEBUG o.h.e.loading.CollectionLoadContext - 1 collections initialized for role: net.lojika.gtfs.model.Routes.routesCdkidCollection
14:01:03.435 [main] DEBUG org.hibernate.loader.Loader - done loading collection
14:01:03.435 [main] DEBUG org.hibernate.loader.Loader - loading collection: [net.lojika.gtfs.model.Routes.routesCdkidCollection#istb.280355]
14:01:03.435 [main] DEBUG org.hibernate.jdbc.AbstractBatcher - about to open PreparedStatement (open PreparedStatements: 0, globally: 0)
14:01:03.435 [main] DEBUG org.hibernate.SQL - select routescdki0_.route_id as route2_2_1_, routescdki0_.route_cdk_id as route1_1_, routescdki0_.route_cdk_id as route1_3_0_, routescdki0_.route_id as route2_3_0_ from public.routes_cdkid routescdki0_ where routescdki0_.route_id=?
Hibernate: select routescdki0_.route_id as route2_2_1_, routescdki0_.route_cdk_id as route1_1_, routescdki0_.route_cdk_id as route1_3_0_, routescdki0_.route_id as route2_3_0_ from public.routes_cdkid routescdki0_ where routescdki0_.route_id=?
14:01:03.436 [main] DEBUG org.hibernate.jdbc.AbstractBatcher - about to open ResultSet (open ResultSets: 0, globally: 0)
14:01:03.436 [main] DEBUG org.hibernate.loader.Loader - result set contains (possibly empty) collection: [net.lojika.gtfs.model.Routes.routesCdkidCollection#istb.280355]
14:01:03.436 [main] DEBUG org.hibernate.loader.Loader - result row: EntityKey[net.lojika.gtfs.model.RoutesCdkid#gtfs.line.1.15m-1]
14:01:03.436 [main] DEBUG org.hibernate.loader.Loader - found row of collection: [net.lojika.gtfs.model.Routes.routesCdkidCollection#istb.280355]
14:01:03.436 [main] DEBUG org.hibernate.loader.Loader - result row: EntityKey[net.lojika.gtfs.model.RoutesCdkid#gtfs.line.1.15m-0]
14:01:03.436 [main] DEBUG org.hibernate.loader.Loader - found row of collection: [net.lojika.gtfs.model.Routes.routesCdkidCollection#istb.280355]
14:01:03.436 [main] DEBUG org.hibernate.jdbc.AbstractBatcher - about to close ResultSet (open ResultSets: 1, globally: 1)
14:01:03.436 [main] DEBUG org.hibernate.jdbc.AbstractBatcher - about to close PreparedStatement (open PreparedStatements: 1, globally: 1)
14:01:03.436 [main] DEBUG o.h.e.loading.CollectionLoadContext - 1 collections were found in result set for role: net.lojika.gtfs.model.Routes.routesCdkidCollection
14:01:03.436 [main] DEBUG o.h.e.loading.CollectionLoadContext - collection fully initialized: [net.lojika.gtfs.model.Routes.routesCdkidCollection#istb.280355]
14:01:03.436 [main] DEBUG o.h.e.loading.CollectionLoadContext - 1 collections initialized for role: net.lojika.gtfs.model.Routes.routesCdkidCollection
14:01:03.437 [main] DEBUG org.hibernate.loader.Loader - done loading collection
14:01:03.437 [main] DEBUG org.hibernate.loader.Loader - loading collection: [net.lojika.gtfs.model.Routes.routesCdkidCollection#istb.280375]
14:01:03.437 [main] DEBUG org.hibernate.jdbc.AbstractBatcher - about to open PreparedStatement (open PreparedStatements: 0, globally: 0)
14:01:03.437 [main] DEBUG org.hibernate.SQL - select routescdki0_.route_id as route2_2_1_, routescdki0_.route_cdk_id as route1_1_, routescdki0_.route_cdk_id as route1_3_0_, routescdki0_.route_id as route2_3_0_ from public.routes_cdkid routescdki0_ where routescdki0_.route_id=?
Hibernate: select routescdki0_.route_id as route2_2_1_, routescdki0_.route_cdk_id as route1_1_, routescdki0_.route_cdk_id as route1_3_0_, routescdki0_.route_id as route2_3_0_ from public.routes_cdkid routescdki0_ where routescdki0_.route_id=?
14:01:03.437 [main] DEBUG org.hibernate.jdbc.AbstractBatcher - about to open ResultSet (open ResultSets: 0, globally: 0)
14:01:03.437 [main] DEBUG org.hibernate.loader.Loader - result set contains (possibly empty) collection: [net.lojika.gtfs.model.Routes.routesCdkidCollection#istb.280375]
14:01:03.437 [main] DEBUG org.hibernate.loader.Loader - result row: EntityKey[net.lojika.gtfs.model.RoutesCdkid#gtfs.line.1.16m-0]
14:01:03.437 [main] DEBUG org.hibernate.loader.Loader - found row of collection: [net.lojika.gtfs.model.Routes.routesCdkidCollection#istb.280375]
14:01:03.438 [main] DEBUG org.hibernate.loader.Loader - result row: EntityKey[net.lojika.gtfs.model.RoutesCdkid#gtfs.line.1.16m-1]
14:01:03.438 [main] DEBUG org.hibernate.loader.Loader - found row of collection: [net.lojika.gtfs.model.Routes.routesCdkidCollection#istb.280375]
14:01:03.438 [main] DEBUG org.hibernate.jdbc.AbstractBatcher - about to close ResultSet (open ResultSets: 1, globally: 1)
14:01:03.438 [main] DEBUG org.hibernate.jdbc.AbstractBatcher - about to close PreparedStatement (open PreparedStatements: 1, globally: 1)
14:01:03.438 [main] DEBUG o.h.e.loading.CollectionLoadContext - 1 collections were found in result set for role: net.lojika.gtfs.model.Routes.routesCdkidCollection
14:01:03.438 [main] DEBUG o.h.e.loading.CollectionLoadContext - collection fully initialized: [net.lojika.gtfs.model.Routes.routesCdkidCollection#istb.280375]
14:01:03.438 [main] DEBUG o.h.e.loading.CollectionLoadContext - 1 collections initialized for role: net.lojika.gtfs.model.Routes.routesCdkidCollection
14:01:03.438 [main] DEBUG org.hibernate.loader.Loader - done loading collection
14:01:03.438 [main] DEBUG org.hibernate.loader.Loader - loading collection: [net.lojika.gtfs.model.Routes.routesCdkidCollection#istb.280376]
14:01:03.438 [main] DEBUG org.hibernate.jdbc.AbstractBatcher - about to open PreparedStatement (open PreparedStatements: 0, globally: 0)
14:01:03.438 [main] DEBUG org.hibernate.SQL - select routescdki0_.route_id as route2_2_1_, routescdki0_.route_cdk_id as route1_1_, routescdki0_.route_cdk_id as route1_3_0_, routescdki0_.route_id as route2_3_0_ from public.routes_cdkid routescdki0_ where routescdki0_.route_id=?
Hibernate: select routescdki0_.route_id as route2_2_1_, routescdki0_.route_cdk_id as route1_1_, routescdki0_.route_cdk_id as route1_3_0_, routescdki0_.route_id as route2_3_0_ from public.routes_cdkid routescdki0_ where routescdki0_.route_id=?
14:01:03.439 [main] DEBUG org.hibernate.jdbc.AbstractBatcher - about to open ResultSet (open ResultSets: 0, globally: 0)
14:01:03.439 [main] DEBUG org.hibernate.loader.Loader - result set contains (possibly empty) collection: [net.lojika.gtfs.model.Routes.routesCdkidCollection#istb.280376]
14:01:03.439 [main] DEBUG org.hibernate.loader.Loader - result row: EntityKey[net.lojika.gtfs.model.RoutesCdkid#gtfs.line.1.16s-1]
14:01:03.439 [main] DEBUG org.hibernate.loader.Loader - found row of collection: [net.lojika.gtfs.model.Routes.routesCdkidCollection#istb.280376]
14:01:03.439 [main] DEBUG org.hibernate.loader.Loader - result row: EntityKey[net.lojika.gtfs.model.RoutesCdkid#gtfs.line.1.16s-0]
14:01:03.439 [main] DEBUG org.hibernate.loader.Loader - found row of collection: [net.lojika.gtfs.model.Routes.routesCdkidCollection#istb.280376]
14:01:03.439 [main] DEBUG org.hibernate.jdbc.AbstractBatcher - about to close ResultSet (open ResultSets: 1, globally: 1)
14:01:03.439 [main] DEBUG org.hibernate.jdbc.AbstractBatcher - about to close PreparedStatement (open PreparedStatements: 1, globally: 1)
14:01:03.439 [main] DEBUG o.h.e.loading.CollectionLoadContext - 1 collections were found in result set for role: net.lojika.gtfs.model.Routes.routesCdkidCollection
14:01:03.439 [main] DEBUG o.h.e.loading.CollectionLoadContext - collection fully initialized: [net.lojika.gtfs.model.Routes.routesCdkidCollection#istb.280376]
14:01:03.439 [main] DEBUG o.h.e.loading.CollectionLoadContext - 1 collections initialized for role: net.lojika.gtfs.model.Routes.routesCdkidCollection
14:01:03.439 [main] DEBUG org.hibernate.loader.Loader - done loading collection
14:01:03.439 [main] DEBUG org.hibernate.loader.Loader - loading collection: [net.lojika.gtfs.model.Routes.routesCdkidCollection#istb.280377]
14:01:03.439 [main] DEBUG org.hibernate.jdbc.AbstractBatcher - about to open PreparedStatement (open PreparedStatements: 0, globally: 0)
14:01:03.439 [main] DEBUG org.hibernate.SQL - select routescdki0_.route_id as route2_2_1_, routescdki0_.route_cdk_id as route1_1_, routescdki0_.route_cdk_id as route1_3_0_, routescdki0_.route_id as route2_3_0_ from public.routes_cdkid routescdki0_ where routescdki0_.route_id=?
Hibernate: select routescdki0_.route_id as route2_2_1_, routescdki0_.route_cdk_id as route1_1_, routescdki0_.route_cdk_id as route1_3_0_, routescdki0_.route_id as route2_3_0_ from public.routes_cdkid routescdki0_ where routescdki0_.route_id=?
14:01:03.440 [main] DEBUG org.hibernate.jdbc.AbstractBatcher - about to open ResultSet (open ResultSets: 0, globally: 0)
14:01:03.440 [main] DEBUG org.hibernate.loader.Loader - result set contains (possibly empty) collection: [net.lojika.gtfs.model.Routes.routesCdkidCollection#istb.280377]
14:01:03.440 [main] DEBUG org.hibernate.loader.Loader - result row: EntityKey[net.lojika.gtfs.model.RoutesCdkid#gtfs.line.1.16u-1]
14:01:03.440 [main] DEBUG org.hibernate.loader.Loader - found row of collection: [net.lojika.gtfs.model.Routes.routesCdkidCollection#istb.280377]
14:01:03.440 [main] DEBUG org.hibernate.loader.Loader - result row: EntityKey[net.lojika.gtfs.model.RoutesCdkid#gtfs.line.1.16u-0]
14:01:03.440 [main] DEBUG org.hibernate.loader.Loader - found row of collection: [net.lojika.gtfs.model.Routes.routesCdkidCollection#istb.280377]
14:01:03.440 [main] DEBUG org.hibernate.jdbc.AbstractBatcher - about to close ResultSet (open ResultSets: 1, globally: 1)
14:01:03.440 [main] DEBUG org.hibernate.jdbc.AbstractBatcher - about to close PreparedStatement (open PreparedStatements: 1, globally: 1)
14:01:03.440 [main] DEBUG o.h.e.loading.CollectionLoadContext - 1 collections were found in result set for role: net.lojika.gtfs.model.Routes.routesCdkidCollection
14:01:03.440 [main] DEBUG o.h.e.loading.CollectionLoadContext - collection fully initialized: [net.lojika.gtfs.model.Routes.routesCdkidCollection#istb.280377]
14:01:03.440 [main] DEBUG o.h.e.loading.CollectionLoadContext - 1 collections initialized for role: net.lojika.gtfs.model.Routes.routesCdkidCollection
14:01:03.440 [main] DEBUG org.hibernate.loader.Loader - done loading collection
14:01:03.440 [main] DEBUG org.hibernate.loader.Loader - loading collection: [net.lojika.gtfs.model.Routes.routesCdkidCollection#istb.280379]
14:01:03.440 [main] DEBUG org.hibernate.jdbc.AbstractBatcher - about to open PreparedStatement (open PreparedStatements: 0, globally: 0)
14:01:03.440 [main] DEBUG org.hibernate.SQL - select routescdki0_.route_id as route2_2_1_, routescdki0_.route_cdk_id as route1_1_, routescdki0_.route_cdk_id as route1_3_0_, routescdki0_.route_id as route2_3_0_ from public.routes_cdkid routescdki0_ where routescdki0_.route_id=?
Hibernate: select routescdki0_.route_id as route2_2_1_, routescdki0_.route_cdk_id as route1_1_, routescdki0_.route_cdk_id as route1_3_0_, routescdki0_.route_id as route2_3_0_ from public.routes_cdkid routescdki0_ where routescdki0_.route_id=?
14:01:03.441 [main] DEBUG org.hibernate.jdbc.AbstractBatcher - about to open ResultSet (open ResultSets: 0, globally: 0)
14:01:03.441 [main] DEBUG org.hibernate.loader.Loader - result set contains (possibly empty) collection: [net.lojika.gtfs.model.Routes.routesCdkidCollection#istb.280379]
14:01:03.441 [main] DEBUG org.hibernate.loader.Loader - result row: EntityKey[net.lojika.gtfs.model.RoutesCdkid#gtfs.line.1.16y-1]
14:01:03.441 [main] DEBUG org.hibernate.loader.Loader - found row of collection: [net.lojika.gtfs.model.Routes.routesCdkidCollection#istb.280379]
14:01:03.441 [main] DEBUG org.hibernate.loader.Loader - result row: EntityKey[net.lojika.gtfs.model.RoutesCdkid#gtfs.line.1.16y-0]
14:01:03.441 [main] DEBUG org.hibernate.loader.Loader - found row of collection: [net.lojika.gtfs.model.Routes.routesCdkidCollection#istb.280379]
14:01:03.441 [main] DEBUG org.hibernate.jdbc.AbstractBatcher - about to close ResultSet (open ResultSets: 1, globally: 1)
14:01:03.441 [main] DEBUG org.hibernate.jdbc.AbstractBatcher - about to close PreparedStatement (open PreparedStatements: 1, globally: 1)
14:01:03.441 [main] DEBUG o.h.e.loading.CollectionLoadContext - 1 collections were found in result set for role: net.lojika.gtfs.model.Routes.routesCdkidCollection
14:01:03.441 [main] DEBUG o.h.e.loading.CollectionLoadContext - collection fully initialized: [net.lojika.gtfs.model.Routes.routesCdkidCollection#istb.280379]
14:01:03.441 [main] DEBUG o.h.e.loading.CollectionLoadContext - 1 collections initialized for role: net.lojika.gtfs.model.Routes.routesCdkidCollection
14:01:03.441 [main] DEBUG org.hibernate.loader.Loader - done loading collection
14:01:03.442 [main] DEBUG org.hibernate.loader.Loader - loading collection: [net.lojika.gtfs.model.Routes.routesCdkidCollection#istb.280380]
14:01:03.442 [main] DEBUG org.hibernate.jdbc.AbstractBatcher - about to open PreparedStatement (open PreparedStatements: 0, globally: 0)
14:01:03.442 [main] DEBUG org.hibernate.SQL - select routescdki0_.route_id as route2_2_1_, routescdki0_.route_cdk_id as route1_1_, routescdki0_.route_cdk_id as route1_3_0_, routescdki0_.route_id as route2_3_0_ from public.routes_cdkid routescdki0_ where routescdki0_.route_id=?
Hibernate: select routescdki0_.route_id as route2_2_1_, routescdki0_.route_cdk_id as route1_1_, routescdki0_.route_cdk_id as route1_3_0_, routescdki0_.route_id as route2_3_0_ from public.routes_cdkid routescdki0_ where routescdki0_.route_id=?
14:01:03.442 [main] DEBUG org.hibernate.jdbc.AbstractBatcher - about to open ResultSet (open ResultSets: 0, globally: 0)
14:01:03.442 [main] DEBUG org.hibernate.loader.Loader - result set contains (possibly empty) collection: [net.lojika.gtfs.model.Routes.routesCdkidCollection#istb.280380]
14:01:03.442 [main] DEBUG org.hibernate.loader.Loader - result row: EntityKey[net.lojika.gtfs.model.RoutesCdkid#gtfs.line.1.17-1]
14:01:03.442 [main] DEBUG org.hibernate.loader.Loader - found row of collection: [net.lojika.gtfs.model.Routes.routesCdkidCollection#istb.280380]
14:01:03.442 [main] DEBUG org.hibernate.loader.Loader - result row: EntityKey[net.lojika.gtfs.model.RoutesCdkid#gtfs.line.1.17-0]
14:01:03.443 [main] DEBUG org.hibernate.loader.Loader - found row of collection: [net.lojika.gtfs.model.Routes.routesCdkidCollection#istb.280380]
14:01:03.443 [main] DEBUG org.hibernate.jdbc.AbstractBatcher - about to close ResultSet (open ResultSets: 1, globally: 1)
14:01:03.443 [main] DEBUG org.hibernate.jdbc.AbstractBatcher - about to close PreparedStatement (open PreparedStatements: 1, globally: 1)
14:01:03.443 [main] DEBUG o.h.e.loading.CollectionLoadContext - 1 collections were found in result set for role: net.lojika.gtfs.model.Routes.routesCdkidCollection
14:01:03.443 [main] DEBUG o.h.e.loading.CollectionLoadContext - collection fully initialized: [net.lojika.gtfs.model.Routes.routesCdkidCollection#istb.280380]
14:01:03.443 [main] DEBUG o.h.e.loading.CollectionLoadContext - 1 collections initialized for role: net.lojika.gtfs.model.Routes.routesCdkidCollection
14:01:03.443 [main] DEBUG org.hibernate.loader.Loader - done loading collection
14:01:03.443 [main] DEBUG org.hibernate.loader.Loader - loading collection: [net.lojika.gtfs.model.Routes.routesCdkidCollection#istb.280382]
14:01:03.443 [main] DEBUG org.hibernate.jdbc.AbstractBatcher - about to open PreparedStatement (open PreparedStatements: 0, globally: 0)
14:01:03.443 [main] DEBUG org.hibernate.SQL - select routescdki0_.route_id as route2_2_1_, routescdki0_.route_cdk_id as route1_1_, routescdki0_.route_cdk_id as route1_3_0_, routescdki0_.route_id as route2_3_0_ from public.routes_cdkid routescdki0_ where routescdki0_.route_id=?
Hibernate: select routescdki0_.route_id as route2_2_1_, routescdki0_.route_cdk_id as route1_1_, routescdki0_.route_cdk_id as route1_3_0_, routescdki0_.route_id as route2_3_0_ from public.routes_cdkid routescdki0_ where routescdki0_.route_id=?
14:01:03.444 [main] DEBUG org.hibernate.jdbc.AbstractBatcher - about to open ResultSet (open ResultSets: 0, globally: 0)
14:01:03.444 [main] DEBUG org.hibernate.loader.Loader - result set contains (possibly empty) collection: [net.lojika.gtfs.model.Routes.routesCdkidCollection#istb.280382]
14:01:03.444 [main] DEBUG org.hibernate.loader.Loader - result row: EntityKey[net.lojika.gtfs.model.RoutesCdkid#gtfs.line.1.17k-1]
14:01:03.444 [main] DEBUG org.hibernate.loader.Loader - found row of collection: [net.lojika.gtfs.model.Routes.routesCdkidCollection#istb.280382]
14:01:03.444 [main] DEBUG org.hibernate.loader.Loader - result row: EntityKey[net.lojika.gtfs.model.RoutesCdkid#gtfs.line.1.17k-0]
14:01:03.444 [main] DEBUG org.hibernate.loader.Loader - found row of collection: [net.lojika.gtfs.model.Routes.routesCdkidCollection#istb.280382]
14:01:03.444 [main] DEBUG org.hibernate.jdbc.AbstractBatcher - about to close ResultSet (open ResultSets: 1, globally: 1)
14:01:03.444 [main] DEBUG org.hibernate.jdbc.AbstractBatcher - about to close PreparedStatement (open PreparedStatements: 1, globally: 1)
14:01:03.444 [main] DEBUG o.h.e.loading.CollectionLoadContext - 1 collections were found in result set for role: net.lojika.gtfs.model.Routes.routesCdkidCollection
14:01:03.445 [main] DEBUG o.h.e.loading.CollectionLoadContext - collection fully initialized: [net.lojika.gtfs.model.Routes.routesCdkidCollection#istb.280382]
14:01:03.445 [main] DEBUG o.h.e.loading.CollectionLoadContext - 1 collections initialized for role: net.lojika.gtfs.model.Routes.routesCdkidCollection
14:01:03.445 [main] DEBUG org.hibernate.loader.Loader - done loading collection
14:01:03.445 [main] DEBUG org.hibernate.loader.Loader - loading collection: [net.lojika.gtfs.model.Routes.routesCdkidCollection#istb.280383]
14:01:03.445 [main] DEBUG org.hibernate.jdbc.AbstractBatcher - about to open PreparedStatement (open PreparedStatements: 0, globally: 0)
14:01:03.445 [main] DEBUG org.hibernate.SQL - select routescdki0_.route_id as route2_2_1_, routescdki0_.route_cdk_id as route1_1_, routescdki0_.route_cdk_id as route1_3_0_, routescdki0_.route_id as route2_3_0_ from public.routes_cdkid routescdki0_ where routescdki0_.route_id=?
Hibernate: select routescdki0_.route_id as route2_2_1_, routescdki0_.route_cdk_id as route1_1_, routescdki0_.route_cdk_id as route1_3_0_, routescdki0_.route_id as route2_3_0_ from public.routes_cdkid routescdki0_ where routescdki0_.route_id=?
14:01:03.445 [main] DEBUG org.hibernate.jdbc.AbstractBatcher - about to open ResultSet (open ResultSets: 0, globally: 0)
14:01:03.446 [main] DEBUG org.hibernate.loader.Loader - result set contains (possibly empty) collection: [net.lojika.gtfs.model.Routes.routesCdkidCollection#istb.280383]
14:01:03.446 [main] DEBUG org.hibernate.loader.Loader - result row: EntityKey[net.lojika.gtfs.model.RoutesCdkid#gtfs.line.1.17l-1]
14:01:03.446 [main] DEBUG org.hibernate.loader.Loader - found row of collection: [net.lojika.gtfs.model.Routes.routesCdkidCollection#istb.280383]
14:01:03.446 [main] DEBUG org.hibernate.loader.Loader - result row: EntityKey[net.lojika.gtfs.model.RoutesCdkid#gtfs.line.1.17l-0]
14:01:03.446 [main] DEBUG org.hibernate.loader.Loader - found row of collection: [net.lojika.gtfs.model.Routes.routesCdkidCollection#istb.280383]
14:01:03.446 [main] DEBUG org.hibernate.jdbc.AbstractBatcher - about to close ResultSet (open ResultSets: 1, globally: 1)
14:01:03.446 [main] DEBUG org.hibernate.jdbc.AbstractBatcher - about to close PreparedStatement (open PreparedStatements: 1, globally: 1)
14:01:03.446 [main] DEBUG o.h.e.loading.CollectionLoadContext - 1 collections were found in result set for role: net.lojika.gtfs.model.Routes.routesCdkidCollection
14:01:03.446 [main] DEBUG o.h.e.loading.CollectionLoadContext - collection fully initialized: [net.lojika.gtfs.model.Routes.routesCdkidCollection#istb.280383]
14:01:03.446 [main] DEBUG o.h.e.loading.CollectionLoadContext - 1 collections initialized for role: net.lojika.gtfs.model.Routes.routesCdkidCollection
14:01:03.446 [main] DEBUG org.hibernate.loader.Loader - done loading collection
14:01:03.446 [main] DEBUG org.hibernate.loader.Loader - loading collection: [net.lojika.gtfs.model.Routes.routesCdkidCollection#istb.280384]
14:01:03.446 [main] DEBUG org.hibernate.jdbc.AbstractBatcher - about to open PreparedStatement (open PreparedStatements: 0, globally: 0)
14:01:03.446 [main] DEBUG org.hibernate.SQL - select routescdki0_.route_id as route2_2_1_, routescdki0_.route_cdk_id as route1_1_, routescdki0_.route_cdk_id as route1_3_0_, routescdki0_.route_id as route2_3_0_ from public.routes_cdkid routescdki0_ where routescdki0_.route_id=?
Hibernate: select routescdki0_.route_id as route2_2_1_, routescdki0_.route_cdk_id as route1_1_, routescdki0_.route_cdk_id as route1_3_0_, routescdki0_.route_id as route2_3_0_ from public.routes_cdkid routescdki0_ where routescdki0_.route_id=?
14:01:03.447 [main] DEBUG org.hibernate.jdbc.AbstractBatcher - about to open ResultSet (open ResultSets: 0, globally: 0)
14:01:03.447 [main] DEBUG org.hibernate.loader.Loader - result set contains (possibly empty) collection: [net.lojika.gtfs.model.Routes.routesCdkidCollection#istb.280384]
14:01:03.447 [main] DEBUG org.hibernate.loader.Loader - result row: EntityKey[net.lojika.gtfs.model.RoutesCdkid#gtfs.line.1.17s-1]
14:01:03.447 [main] DEBUG org.hibernate.loader.Loader - found row of collection: [net.lojika.gtfs.model.Routes.routesCdkidCollection#istb.280384]
14:01:03.447 [main] DEBUG org.hibernate.loader.Loader - result row: EntityKey[net.lojika.gtfs.model.RoutesCdkid#gtfs.line.1.17s-0]
14:01:03.447 [main] DEBUG org.hibernate.loader.Loader - found row of collection: [net.lojika.gtfs.model.Routes.routesCdkidCollection#istb.280384]
14:01:03.447 [main] DEBUG org.hibernate.jdbc.AbstractBatcher - about to close ResultSet (open ResultSets: 1, globally: 1)
14:01:03.448 [main] DEBUG org.hibernate.jdbc.AbstractBatcher - about to close PreparedStatement (open PreparedStatements: 1, globally: 1)
14:01:03.448 [main] DEBUG o.h.e.loading.CollectionLoadContext - 1 collections were found in result set for role: net.lojika.gtfs.model.Routes.routesCdkidCollection
14:01:03.448 [main] DEBUG o.h.e.loading.CollectionLoadContext - collection fully initialized: [net.lojika.gtfs.model.Routes.routesCdkidCollection#istb.280384]
14:01:03.448 [main] DEBUG o.h.e.loading.CollectionLoadContext - 1 collections initialized for role: net.lojika.gtfs.model.Routes.routesCdkidCollection
14:01:03.448 [main] DEBUG org.hibernate.loader.Loader - done loading collection
14:01:03.448 [main] DEBUG org.hibernate.loader.Loader - loading collection: [net.lojika.gtfs.model.Routes.routesCdkidCollection#istb.280385]
14:01:03.448 [main] DEBUG org.hibernate.jdbc.AbstractBatcher - about to open PreparedStatement (open PreparedStatements: 0, globally: 0)
14:01:03.448 [main] DEBUG org.hibernate.SQL - select routescdki0_.route_id as route2_2_1_, routescdki0_.route_cdk_id as route1_1_, routescdki0_.route_cdk_id as route1_3_0_, routescdki0_.route_id as route2_3_0_ from public.routes_cdkid routescdki0_ where routescdki0_.route_id=?
Hibernate: select routescdki0_.route_id as route2_2_1_, routescdki0_.route_cdk_id as route1_1_, routescdki0_.route_cdk_id as route1_3_0_, routescdki0_.route_id as route2_3_0_ from public.routes_cdkid routescdki0_ where routescdki0_.route_id=?
14:01:03.449 [main] DEBUG org.hibernate.jdbc.AbstractBatcher - about to open ResultSet (open ResultSets: 0, globally: 0)
14:01:03.449 [main] DEBUG org.hibernate.loader.Loader - result set contains (possibly empty) collection: [net.lojika.gtfs.model.Routes.routesCdkidCollection#istb.280385]
14:01:03.449 [main] DEBUG org.hibernate.loader.Loader - result row: EntityKey[net.lojika.gtfs.model.RoutesCdkid#gtfs.line.1.18h-1]
14:01:03.449 [main] DEBUG org.hibernate.loader.Loader - found row of collection: [net.lojika.gtfs.model.Routes.routesCdkidCollection#istb.280385]
14:01:03.449 [main] DEBUG org.hibernate.loader.Loader - result row: EntityKey[net.lojika.gtfs.model.RoutesCdkid#gtfs.line.1.18h-0]
14:01:03.449 [main] DEBUG org.hibernate.loader.Loader - found row of collection: [net.lojika.gtfs.model.Routes.routesCdkidCollection#istb.280385]
14:01:03.449 [main] DEBUG org.hibernate.jdbc.AbstractBatcher - about to close ResultSet (open ResultSets: 1, globally: 1)
14:01:03.449 [main] DEBUG org.hibernate.jdbc.AbstractBatcher - about to close PreparedStatement (open PreparedStatements: 1, globally: 1)
14:01:03.449 [main] DEBUG o.h.e.loading.CollectionLoadContext - 1 collections were found in result set for role: net.lojika.gtfs.model.Routes.routesCdkidCollection
14:01:03.449 [main] DEBUG o.h.e.loading.CollectionLoadContext - collection fully initialized: [net.lojika.gtfs.model.Routes.routesCdkidCollection#istb.280385]
14:01:03.449 [main] DEBUG o.h.e.loading.CollectionLoadContext - 1 collections initialized for role: net.lojika.gtfs.model.Routes.routesCdkidCollection
14:01:03.449 [main] DEBUG org.hibernate.loader.Loader - done loading collection
14:01:03.449 [main] DEBUG org.hibernate.loader.Loader - loading collection: [net.lojika.gtfs.model.Routes.routesCdkidCollection#istb.280386]
14:01:03.449 [main] DEBUG org.hibernate.jdbc.AbstractBatcher - about to open PreparedStatement (open PreparedStatements: 0, globally: 0)
14:01:03.449 [main] DEBUG org.hibernate.SQL - select routescdki0_.route_id as route2_2_1_, routescdki0_.route_cdk_id as route1_1_, routescdki0_.route_cdk_id as route1_3_0_, routescdki0_.route_id as route2_3_0_ from public.routes_cdkid routescdki0_ where routescdki0_.route_id=?
Hibernate: select routescdki0_.route_id as route2_2_1_, routescdki0_.route_cdk_id as route1_1_, routescdki0_.route_cdk_id as route1_3_0_, routescdki0_.route_id as route2_3_0_ from public.routes_cdkid routescdki0_ where routescdki0_.route_id=?
14:01:03.450 [main] DEBUG org.hibernate.jdbc.AbstractBatcher - about to open ResultSet (open ResultSets: 0, globally: 0)
14:01:03.450 [main] DEBUG org.hibernate.loader.Loader - result set contains (possibly empty) collection: [net.lojika.gtfs.model.Routes.routesCdkidCollection#istb.280386]
14:01:03.450 [main] DEBUG org.hibernate.loader.Loader - result row: EntityKey[net.lojika.gtfs.model.RoutesCdkid#gtfs.line.1.18k-1]
14:01:03.450 [main] DEBUG org.hibernate.loader.Loader - found row of collection: [net.lojika.gtfs.model.Routes.routesCdkidCollection#istb.280386]
14:01:03.450 [main] DEBUG org.hibernate.loader.Loader - result row: EntityKey[net.lojika.gtfs.model.RoutesCdkid#gtfs.line.1.18k-0]
14:01:03.450 [main] DEBUG org.hibernate.loader.Loader - found row of collection: [net.lojika.gtfs.model.Routes.routesCdkidCollection#istb.280386]
14:01:03.450 [main] DEBUG org.hibernate.jdbc.AbstractBatcher - about to close ResultSet (open ResultSets: 1, globally: 1)
14:01:03.450 [main] DEBUG org.hibernate.jdbc.AbstractBatcher - about to close PreparedStatement (open PreparedStatements: 1, globally: 1)
14:01:03.450 [main] DEBUG o.h.e.loading.CollectionLoadContext - 1 collections were found in result set for role: net.lojika.gtfs.model.Routes.routesCdkidCollection
14:01:03.450 [main] DEBUG o.h.e.loading.CollectionLoadContext - collection fully initialized: [net.lojika.gtfs.model.Routes.routesCdkidCollection#istb.280386]
14:01:03.450 [main] DEBUG o.h.e.loading.CollectionLoadContext - 1 collections initialized for role: net.lojika.gtfs.model.Routes.routesCdkidCollection
14:01:03.450 [main] DEBUG org.hibernate.loader.Loader - done loading collection
14:01:03.451 [main] DEBUG org.hibernate.loader.Loader - loading collection: [net.lojika.gtfs.model.Routes.routesCdkidCollection#istb.280387]
14:01:03.451 [main] DEBUG org.hibernate.jdbc.AbstractBatcher - about to open PreparedStatement (open PreparedStatements: 0, globally: 0)
14:01:03.451 [main] DEBUG org.hibernate.SQL - select routescdki0_.route_id as route2_2_1_, routescdki0_.route_cdk_id as route1_1_, routescdki0_.route_cdk_id as route1_3_0_, routescdki0_.route_id as route2_3_0_ from public.routes_cdkid routescdki0_ where routescdki0_.route_id=?
Hibernate: select routescdki0_.route_id as route2_2_1_, routescdki0_.route_cdk_id as route1_1_, routescdki0_.route_cdk_id as route1_3_0_, routescdki0_.route_id as route2_3_0_ from public.routes_cdkid routescdki0_ where routescdki0_.route_id=?
14:01:03.451 [main] DEBUG org.hibernate.jdbc.AbstractBatcher - about to open ResultSet (open ResultSets: 0, globally: 0)
14:01:03.451 [main] DEBUG org.hibernate.loader.Loader - result set contains (possibly empty) collection: [net.lojika.gtfs.model.Routes.routesCdkidCollection#istb.280387]
14:01:03.451 [main] DEBUG org.hibernate.loader.Loader - result row: EntityKey[net.lojika.gtfs.model.RoutesCdkid#gtfs.line.1.18m-1]
14:01:03.451 [main] DEBUG org.hibernate.loader.Loader - found row of collection: [net.lojika.gtfs.model.Routes.routesCdkidCollection#istb.280387]
14:01:03.451 [main] DEBUG org.hibernate.loader.Loader - result row: EntityKey[net.lojika.gtfs.model.RoutesCdkid#gtfs.line.1.18m-0]
14:01:03.451 [main] DEBUG org.hibernate.loader.Loader - found row of collection: [net.lojika.gtfs.model.Routes.routesCdkidCollection#istb.280387]
14:01:03.452 [main] DEBUG org.hibernate.jdbc.AbstractBatcher - about to close ResultSet (open ResultSets: 1, globally: 1)
14:01:03.452 [main] DEBUG org.hibernate.jdbc.AbstractBatcher - about to close PreparedStatement (open PreparedStatements: 1, globally: 1)
14:01:03.452 [main] DEBUG o.h.e.loading.CollectionLoadContext - 1 collections were found in result set for role: net.lojika.gtfs.model.Routes.routesCdkidCollection
14:01:03.452 [main] DEBUG o.h.e.loading.CollectionLoadContext - collection fully initialized: [net.lojika.gtfs.model.Routes.routesCdkidCollection#istb.280387]
14:01:03.452 [main] DEBUG o.h.e.loading.CollectionLoadContext - 1 collections initialized for role: net.lojika.gtfs.model.Routes.routesCdkidCollection
14:01:03.452 [main] DEBUG org.hibernate.loader.Loader - done loading collection
14:01:03.452 [main] DEBUG org.hibernate.loader.Loader - loading collection: [net.lojika.gtfs.model.Routes.routesCdkidCollection#istb.280388]
14:01:03.452 [main] DEBUG org.hibernate.jdbc.AbstractBatcher - about to open PreparedStatement (open PreparedStatements: 0, globally: 0)
14:01:03.452 [main] DEBUG org.hibernate.SQL - select routescdki0_.route_id as route2_2_1_, routescdki0_.route_cdk_id as route1_1_, routescdki0_.route_cdk_id as route1_3_0_, routescdki0_.route_id as route2_3_0_ from public.routes_cdkid routescdki0_ where routescdki0_.route_id=?
Hibernate: select routescdki0_.route_id as route2_2_1_, routescdki0_.route_cdk_id as route1_1_, routescdki0_.route_cdk_id as route1_3_0_, routescdki0_.route_id as route2_3_0_ from public.routes_cdkid routescdki0_ where routescdki0_.route_id=?
14:01:03.452 [main] DEBUG org.hibernate.jdbc.AbstractBatcher - about to open ResultSet (open ResultSets: 0, globally: 0)
14:01:03.452 [main] DEBUG org.hibernate.loader.Loader - result set contains (possibly empty) collection: [net.lojika.gtfs.model.Routes.routesCdkidCollection#istb.280388]
14:01:03.453 [main] DEBUG org.hibernate.loader.Loader - result row: EntityKey[net.lojika.gtfs.model.RoutesCdkid#gtfs.line.1.18s-1]
14:01:03.453 [main] DEBUG org.hibernate.loader.Loader - found row of collection: [net.lojika.gtfs.model.Routes.routesCdkidCollection#istb.280388]
14:01:03.453 [main] DEBUG org.hibernate.loader.Loader - result row: EntityKey[net.lojika.gtfs.model.RoutesCdkid#gtfs.line.1.18s-0]
14:01:03.453 [main] DEBUG org.hibernate.loader.Loader - found row of collection: [net.lojika.gtfs.model.Routes.routesCdkidCollection#istb.280388]
14:01:03.453 [main] DEBUG org.hibernate.jdbc.AbstractBatcher - about to close ResultSet (open ResultSets: 1, globally: 1)
14:01:03.453 [main] DEBUG org.hibernate.jdbc.AbstractBatcher - about to close PreparedStatement (open PreparedStatements: 1, globally: 1)
14:01:03.453 [main] DEBUG o.h.e.loading.CollectionLoadContext - 1 collections were found in result set for role: net.lojika.gtfs.model.Routes.routesCdkidCollection
14:01:03.453 [main] DEBUG o.h.e.loading.CollectionLoadContext - collection fully initialized: [net.lojika.gtfs.model.Routes.routesCdkidCollection#istb.280388]
14:01:03.453 [main] DEBUG o.h.e.loading.CollectionLoadContext - 1 collections initialized for role: net.lojika.gtfs.model.Routes.routesCdkidCollection
14:01:03.453 [main] DEBUG org.hibernate.loader.Loader - done loading collection
14:01:03.453 [main] DEBUG org.hibernate.loader.Loader - loading collection: [net.lojika.gtfs.model.Routes.routesCdkidCollection#istb.280389]
14:01:03.453 [main] DEBUG org.hibernate.jdbc.AbstractBatcher - about to open PreparedStatement (open PreparedStatements: 0, globally: 0)
14:01:03.453 [main] DEBUG org.hibernate.SQL - select routescdki0_.route_id as route2_2_1_, routescdki0_.route_cdk_id as route1_1_, routescdki0_.route_cdk_id as route1_3_0_, routescdki0_.route_id as route2_3_0_ from public.routes_cdkid routescdki0_ where routescdki0_.route_id=?
Hibernate: select routescdki0_.route_id as route2_2_1_, routescdki0_.route_cdk_id as route1_1_, routescdki0_.route_cdk_id as route1_3_0_, routescdki0_.route_id as route2_3_0_ from public.routes_cdkid routescdki0_ where routescdki0_.route_id=?
14:01:03.454 [main] DEBUG org.hibernate.jdbc.AbstractBatcher - about to open ResultSet (open ResultSets: 0, globally: 0)
14:01:03.454 [main] DEBUG org.hibernate.loader.Loader - result set contains (possibly empty) collection: [net.lojika.gtfs.model.Routes.routesCdkidCollection#istb.280389]
14:01:03.454 [main] DEBUG org.hibernate.loader.Loader - result row: EntityKey[net.lojika.gtfs.model.RoutesCdkid#gtfs.line.1.18-1]
14:01:03.454 [main] DEBUG org.hibernate.loader.Loader - found row of collection: [net.lojika.gtfs.model.Routes.routesCdkidCollection#istb.280389]
14:01:03.454 [main] DEBUG org.hibernate.loader.Loader - result row: EntityKey[net.lojika.gtfs.model.RoutesCdkid#gtfs.line.1.18-0]
14:01:03.454 [main] DEBUG org.hibernate.loader.Loader - found row of collection: [net.lojika.gtfs.model.Routes.routesCdkidCollection#istb.280389]
14:01:03.454 [main] DEBUG org.hibernate.jdbc.AbstractBatcher - about to close ResultSet (open ResultSets: 1, globally: 1)
14:01:03.454 [main] DEBUG org.hibernate.jdbc.AbstractBatcher - about to close PreparedStatement (open PreparedStatements: 1, globally: 1)
14:01:03.454 [main] DEBUG o.h.e.loading.CollectionLoadContext - 1 collections were found in result set for role: net.lojika.gtfs.model.Routes.routesCdkidCollection
14:01:03.454 [main] DEBUG o.h.e.loading.CollectionLoadContext - collection fully initialized: [net.lojika.gtfs.model.Routes.routesCdkidCollection#istb.280389]
14:01:03.454 [main] DEBUG o.h.e.loading.CollectionLoadContext - 1 collections initialized for role: net.lojika.gtfs.model.Routes.routesCdkidCollection
14:01:03.454 [main] DEBUG org.hibernate.loader.Loader - done loading collection
14:01:03.454 [main] DEBUG org.hibernate.loader.Loader - loading collection: [net.lojika.gtfs.model.Routes.routesCdkidCollection#istb.280390]
14:01:03.454 [main] DEBUG org.hibernate.jdbc.AbstractBatcher - about to open PreparedStatement (open PreparedStatements: 0, globally: 0)
14:01:03.454 [main] DEBUG org.hibernate.SQL - select routescdki0_.route_id as route2_2_1_, routescdki0_.route_cdk_id as route1_1_, routescdki0_.route_cdk_id as route1_3_0_, routescdki0_.route_id as route2_3_0_ from public.routes_cdkid routescdki0_ where routescdki0_.route_id=?
Hibernate: select routescdki0_.route_id as route2_2_1_, routescdki0_.route_cdk_id as route1_1_, routescdki0_.route_cdk_id as route1_3_0_, routescdki0_.route_id as route2_3_0_ from public.routes_cdkid routescdki0_ where routescdki0_.route_id=?
14:01:03.455 [main] DEBUG org.hibernate.jdbc.AbstractBatcher - about to open ResultSet (open ResultSets: 0, globally: 0)
14:01:03.455 [main] DEBUG org.hibernate.loader.Loader - result set contains (possibly empty) collection: [net.lojika.gtfs.model.Routes.routesCdkidCollection#istb.280390]
14:01:03.455 [main] DEBUG org.hibernate.loader.Loader - result row: EntityKey[net.lojika.gtfs.model.RoutesCdkid#gtfs.line.1.19-1]
14:01:03.455 [main] DEBUG org.hibernate.loader.Loader - found row of collection: [net.lojika.gtfs.model.Routes.routesCdkidCollection#istb.280390]
14:01:03.455 [main] DEBUG org.hibernate.loader.Loader - result row: EntityKey[net.lojika.gtfs.model.RoutesCdkid#gtfs.line.1.19-0]
14:01:03.455 [main] DEBUG org.hibernate.loader.Loader - found row of collection: [net.lojika.gtfs.model.Routes.routesCdkidCollection#istb.280390]
14:01:03.455 [main] DEBUG org.hibernate.jdbc.AbstractBatcher - about to close ResultSet (open ResultSets: 1, globally: 1)
14:01:03.455 [main] DEBUG org.hibernate.jdbc.AbstractBatcher - about to close PreparedStatement (open PreparedStatements: 1, globally: 1)
14:01:03.455 [main] DEBUG o.h.e.loading.CollectionLoadContext - 1 collections were found in result set for role: net.lojika.gtfs.model.Routes.routesCdkidCollection
14:01:03.455 [main] DEBUG o.h.e.loading.CollectionLoadContext - collection fully initialized: [net.lojika.gtfs.model.Routes.routesCdkidCollection#istb.280390]
14:01:03.455 [main] DEBUG o.h.e.loading.CollectionLoadContext - 1 collections initialized for role: net.lojika.gtfs.model.Routes.routesCdkidCollection
14:01:03.455 [main] DEBUG org.hibernate.loader.Loader - done loading collection
14:01:03.455 [main] DEBUG org.hibernate.loader.Loader - loading collection: [net.lojika.gtfs.model.Routes.routesCdkidCollection#istb.280391]
14:01:03.455 [main] DEBUG org.hibernate.jdbc.AbstractBatcher - about to open PreparedStatement (open PreparedStatements: 0, globally: 0)
14:01:03.455 [main] DEBUG org.hibernate.SQL - select routescdki0_.route_id as route2_2_1_, routescdki0_.route_cdk_id as route1_1_, routescdki0_.route_cdk_id as route1_3_0_, routescdki0_.route_id as route2_3_0_ from public.routes_cdkid routescdki0_ where routescdki0_.route_id=?
Hibernate: select routescdki0_.route_id as route2_2_1_, routescdki0_.route_cdk_id as route1_1_, routescdki0_.route_cdk_id as route1_3_0_, routescdki0_.route_id as route2_3_0_ from public.routes_cdkid routescdki0_ where routescdki0_.route_id=?
14:01:03.456 [main] DEBUG org.hibernate.jdbc.AbstractBatcher - about to open ResultSet (open ResultSets: 0, globally: 0)
14:01:03.456 [main] DEBUG org.hibernate.loader.Loader - result set contains (possibly empty) collection: [net.lojika.gtfs.model.Routes.routesCdkidCollection#istb.280391]
14:01:03.456 [main] DEBUG org.hibernate.loader.Loader - result row: EntityKey[net.lojika.gtfs.model.RoutesCdkid#gtfs.line.1.19b-1]
14:01:03.456 [main] DEBUG org.hibernate.loader.Loader - found row of collection: [net.lojika.gtfs.model.Routes.routesCdkidCollection#istb.280391]
14:01:03.456 [main] DEBUG org.hibernate.loader.Loader - result row: EntityKey[net.lojika.gtfs.model.RoutesCdkid#gtfs.line.1.19b-0]
14:01:03.456 [main] DEBUG org.hibernate.loader.Loader - found row of collection: [net.lojika.gtfs.model.Routes.routesCdkidCollection#istb.280391]
14:01:03.456 [main] DEBUG org.hibernate.jdbc.AbstractBatcher - about to close ResultSet (open ResultSets: 1, globally: 1)
14:01:03.456 [main] DEBUG org.hibernate.jdbc.AbstractBatcher - about to close PreparedStatement (open PreparedStatements: 1, globally: 1)
14:01:03.456 [main] DEBUG o.h.e.loading.CollectionLoadContext - 1 collections were found in result set for role: net.lojika.gtfs.model.Routes.routesCdkidCollection
14:01:03.456 [main] DEBUG o.h.e.loading.CollectionLoadContext - collection fully initialized: [net.lojika.gtfs.model.Routes.routesCdkidCollection#istb.280391]
14:01:03.456 [main] DEBUG o.h.e.loading.CollectionLoadContext - 1 collections initialized for role: net.lojika.gtfs.model.Routes.routesCdkidCollection
14:01:03.456 [main] DEBUG org.hibernate.loader.Loader - done loading collection
14:01:03.456 [main] DEBUG org.hibernate.loader.Loader - loading collection: [net.lojika.gtfs.model.Routes.routesCdkidCollection#istb.280392]
14:01:03.457 [main] DEBUG org.hibernate.jdbc.AbstractBatcher - about to open PreparedStatement (open PreparedStatements: 0, globally: 0)
14:01:03.457 [main] DEBUG org.hibernate.SQL - select routescdki0_.route_id as route2_2_1_, routescdki0_.route_cdk_id as route1_1_, routescdki0_.route_cdk_id as route1_3_0_, routescdki0_.route_id as route2_3_0_ from public.routes_cdkid routescdki0_ where routescdki0_.route_id=?
Hibernate: select routescdki0_.route_id as route2_2_1_, routescdki0_.route_cdk_id as route1_1_, routescdki0_.route_cdk_id as route1_3_0_, routescdki0_.route_id as route2_3_0_ from public.routes_cdkid routescdki0_ where routescdki0_.route_id=?
14:01:03.457 [main] DEBUG org.hibernate.jdbc.AbstractBatcher - about to open ResultSet (open ResultSets: 0, globally: 0)
14:01:03.457 [main] DEBUG org.hibernate.loader.Loader - result set contains (possibly empty) collection: [net.lojika.gtfs.model.Routes.routesCdkidCollection#istb.280392]
14:01:03.457 [main] DEBUG org.hibernate.loader.Loader - result row: EntityKey[net.lojika.gtfs.model.RoutesCdkid#gtfs.line.1.19d-1]
14:01:03.457 [main] DEBUG org.hibernate.loader.Loader - found row of collection: [net.lojika.gtfs.model.Routes.routesCdkidCollection#istb.280392]
14:01:03.457 [main] DEBUG org.hibernate.loader.Loader - result row: EntityKey[net.lojika.gtfs.model.RoutesCdkid#gtfs.line.1.19d-0]
14:01:03.457 [main] DEBUG org.hibernate.loader.Loader - found row of collection: [net.lojika.gtfs.model.Routes.routesCdkidCollection#istb.280392]
14:01:03.457 [main] DEBUG org.hibernate.jdbc.AbstractBatcher - about to close ResultSet (open ResultSets: 1, globally: 1)
14:01:03.457 [main] DEBUG org.hibernate.jdbc.AbstractBatcher - about to close PreparedStatement (open PreparedStatements: 1, globally: 1)
14:01:03.457 [main] DEBUG o.h.e.loading.CollectionLoadContext - 1 collections were found in result set for role: net.lojika.gtfs.model.Routes.routesCdkidCollection
14:01:03.457 [main] DEBUG o.h.e.loading.CollectionLoadContext - collection fully initialized: [net.lojika.gtfs.model.Routes.routesCdkidCollection#istb.280392]
14:01:03.457 [main] DEBUG o.h.e.loading.CollectionLoadContext - 1 collections initialized for role: net.lojika.gtfs.model.Routes.routesCdkidCollection
14:01:03.458 [main] DEBUG org.hibernate.loader.Loader - done loading collection
14:01:03.458 [main] DEBUG org.hibernate.loader.Loader - loading collection: [net.lojika.gtfs.model.Routes.routesCdkidCollection#istb.280393]
14:01:03.458 [main] DEBUG org.hibernate.jdbc.AbstractBatcher - about to open PreparedStatement (open PreparedStatements: 0, globally: 0)
14:01:03.458 [main] DEBUG org.hibernate.SQL - select routescdki0_.route_id as route2_2_1_, routescdki0_.route_cdk_id as route1_1_, routescdki0_.route_cdk_id as route1_3_0_, routescdki0_.route_id as route2_3_0_ from public.routes_cdkid routescdki0_ where routescdki0_.route_id=?
Hibernate: select routescdki0_.route_id as route2_2_1_, routescdki0_.route_cdk_id as route1_1_, routescdki0_.route_cdk_id as route1_3_0_, routescdki0_.route_id as route2_3_0_ from public.routes_cdkid routescdki0_ where routescdki0_.route_id=?
14:01:03.458 [main] DEBUG org.hibernate.jdbc.AbstractBatcher - about to open ResultSet (open ResultSets: 0, globally: 0)
14:01:03.458 [main] DEBUG org.hibernate.loader.Loader - result set contains (possibly empty) collection: [net.lojika.gtfs.model.Routes.routesCdkidCollection#istb.280393]
14:01:03.458 [main] DEBUG org.hibernate.loader.Loader - result row: EntityKey[net.lojika.gtfs.model.RoutesCdkid#gtfs.line.1.19e-1]
14:01:03.458 [main] DEBUG org.hibernate.loader.Loader - found row of collection: [net.lojika.gtfs.model.Routes.routesCdkidCollection#istb.280393]
14:01:03.458 [main] DEBUG org.hibernate.loader.Loader - result row: EntityKey[net.lojika.gtfs.model.RoutesCdkid#gtfs.line.1.19e-0]
14:01:03.458 [main] DEBUG org.hibernate.loader.Loader - found row of collection: [net.lojika.gtfs.model.Routes.routesCdkidCollection#istb.280393]
14:01:03.459 [main] DEBUG org.hibernate.jdbc.AbstractBatcher - about to close ResultSet (open ResultSets: 1, globally: 1)
14:01:03.459 [main] DEBUG org.hibernate.jdbc.AbstractBatcher - about to close PreparedStatement (open PreparedStatements: 1, globally: 1)
14:01:03.459 [main] DEBUG o.h.e.loading.CollectionLoadContext - 1 collections were found in result set for role: net.lojika.gtfs.model.Routes.routesCdkidCollection
14:01:03.459 [main] DEBUG o.h.e.loading.CollectionLoadContext - collection fully initialized: [net.lojika.gtfs.model.Routes.routesCdkidCollection#istb.280393]
14:01:03.459 [main] DEBUG o.h.e.loading.CollectionLoadContext - 1 collections initialized for role: net.lojika.gtfs.model.Routes.routesCdkidCollection
14:01:03.459 [main] DEBUG org.hibernate.loader.Loader - done loading collection
14:01:03.459 [main] DEBUG org.hibernate.loader.Loader - loading collection: [net.lojika.gtfs.model.Routes.routesCdkidCollection#istb.280394]
14:01:03.459 [main] DEBUG org.hibernate.jdbc.AbstractBatcher - about to open PreparedStatement (open PreparedStatements: 0, globally: 0)
14:01:03.459 [main] DEBUG org.hibernate.SQL - select routescdki0_.route_id as route2_2_1_, routescdki0_.route_cdk_id as route1_1_, routescdki0_.route_cdk_id as route1_3_0_, routescdki0_.route_id as route2_3_0_ from public.routes_cdkid routescdki0_ where routescdki0_.route_id=?
Hibernate: select routescdki0_.route_id as route2_2_1_, routescdki0_.route_cdk_id as route1_1_, routescdki0_.route_cdk_id as route1_3_0_, routescdki0_.route_id as route2_3_0_ from public.routes_cdkid routescdki0_ where routescdki0_.route_id=?
14:01:03.459 [main] DEBUG org.hibernate.jdbc.AbstractBatcher - about to open ResultSet (open ResultSets: 0, globally: 0)
14:01:03.459 [main] DEBUG org.hibernate.loader.Loader - result set contains (possibly empty) collection: [net.lojika.gtfs.model.Routes.routesCdkidCollection#istb.280394]
14:01:03.460 [main] DEBUG org.hibernate.loader.Loader - result row: EntityKey[net.lojika.gtfs.model.RoutesCdkid#gtfs.line.1.19es-1]
14:01:03.460 [main] DEBUG org.hibernate.loader.Loader - found row of collection: [net.lojika.gtfs.model.Routes.routesCdkidCollection#istb.280394]
14:01:03.460 [main] DEBUG org.hibernate.loader.Loader - result row: EntityKey[net.lojika.gtfs.model.RoutesCdkid#gtfs.line.1.19es-0]
14:01:03.460 [main] DEBUG org.hibernate.loader.Loader - found row of collection: [net.lojika.gtfs.model.Routes.routesCdkidCollection#istb.280394]
14:01:03.460 [main] DEBUG org.hibernate.jdbc.AbstractBatcher - about to close ResultSet (open ResultSets: 1, globally: 1)
14:01:03.460 [main] DEBUG org.hibernate.jdbc.AbstractBatcher - about to close PreparedStatement (open PreparedStatements: 1, globally: 1)
14:01:03.460 [main] DEBUG o.h.e.loading.CollectionLoadContext - 1 collections were found in result set for role: net.lojika.gtfs.model.Routes.routesCdkidCollection
14:01:03.460 [main] DEBUG o.h.e.loading.CollectionLoadContext - collection fully initialized: [net.lojika.gtfs.model.Routes.routesCdkidCollection#istb.280394]
14:01:03.460 [main] DEBUG o.h.e.loading.CollectionLoadContext - 1 collections initialized for role: net.lojika.gtfs.model.Routes.routesCdkidCollection
14:01:03.460 [main] DEBUG org.hibernate.loader.Loader - done loading collection
14:01:03.460 [main] DEBUG org.hibernate.loader.Loader - loading collection: [net.lojika.gtfs.model.Routes.routesCdkidCollection#istb.280395]
14:01:03.460 [main] DEBUG org.hibernate.jdbc.AbstractBatcher - about to open PreparedStatement (open PreparedStatements: 0, globally: 0)
14:01:03.460 [main] DEBUG org.hibernate.SQL - select routescdki0_.route_id as route2_2_1_, routescdki0_.route_cdk_id as route1_1_, routescdki0_.route_cdk_id as route1_3_0_, routescdki0_.route_id as route2_3_0_ from public.routes_cdkid routescdki0_ where routescdki0_.route_id=?
Hibernate: select routescdki0_.route_id as route2_2_1_, routescdki0_.route_cdk_id as route1_1_, routescdki0_.route_cdk_id as route1_3_0_, routescdki0_.route_id as route2_3_0_ from public.routes_cdkid routescdki0_ where routescdki0_.route_id=?
14:01:03.461 [main] DEBUG org.hibernate.jdbc.AbstractBatcher - about to open ResultSet (open ResultSets: 0, globally: 0)
14:01:03.461 [main] DEBUG org.hibernate.loader.Loader - result set contains (possibly empty) collection: [net.lojika.gtfs.model.Routes.routesCdkidCollection#istb.280395]
14:01:03.461 [main] DEBUG org.hibernate.loader.Loader - result row: EntityKey[net.lojika.gtfs.model.RoutesCdkid#gtfs.line.1.19f-1]
14:01:03.461 [main] DEBUG org.hibernate.loader.Loader - found row of collection: [net.lojika.gtfs.model.Routes.routesCdkidCollection#istb.280395]
14:01:03.461 [main] DEBUG org.hibernate.loader.Loader - result row: EntityKey[net.lojika.gtfs.model.RoutesCdkid#gtfs.line.1.19f-0]
14:01:03.461 [main] DEBUG org.hibernate.loader.Loader - found row of collection: [net.lojika.gtfs.model.Routes.routesCdkidCollection#istb.280395]
14:01:03.461 [main] DEBUG org.hibernate.jdbc.AbstractBatcher - about to close ResultSet (open ResultSets: 1, globally: 1)
14:01:03.461 [main] DEBUG org.hibernate.jdbc.AbstractBatcher - about to close PreparedStatement (open PreparedStatements: 1, globally: 1)
14:01:03.461 [main] DEBUG o.h.e.loading.CollectionLoadContext - 1 collections were found in result set for role: net.lojika.gtfs.model.Routes.routesCdkidCollection
14:01:03.461 [main] DEBUG o.h.e.loading.CollectionLoadContext - collection fully initialized: [net.lojika.gtfs.model.Routes.routesCdkidCollection#istb.280395]
14:01:03.461 [main] DEBUG o.h.e.loading.CollectionLoadContext - 1 collections initialized for role: net.lojika.gtfs.model.Routes.routesCdkidCollection
14:01:03.461 [main] DEBUG org.hibernate.loader.Loader - done loading collection
14:01:03.461 [main] DEBUG org.hibernate.loader.Loader - loading collection: [net.lojika.gtfs.model.Routes.routesCdkidCollection#istb.280397]
14:01:03.461 [main] DEBUG org.hibernate.jdbc.AbstractBatcher - about to open PreparedStatement (open PreparedStatements: 0, globally: 0)
14:01:03.461 [main] DEBUG org.hibernate.SQL - select routescdki0_.route_id as route2_2_1_, routescdki0_.route_cdk_id as route1_1_, routescdki0_.route_cdk_id as route1_3_0_, routescdki0_.route_id as route2_3_0_ from public.routes_cdkid routescdki0_ where routescdki0_.route_id=?
Hibernate: select routescdki0_.route_id as route2_2_1_, routescdki0_.route_cdk_id as route1_1_, routescdki0_.route_cdk_id as route1_3_0_, routescdki0_.route_id as route2_3_0_ from public.routes_cdkid routescdki0_ where routescdki0_.route_id=?
14:01:03.462 [main] DEBUG org.hibernate.jdbc.AbstractBatcher - about to open ResultSet (open ResultSets: 0, globally: 0)
14:01:03.462 [main] DEBUG org.hibernate.loader.Loader - result set contains (possibly empty) collection: [net.lojika.gtfs.model.Routes.routesCdkidCollection#istb.280397]
14:01:03.462 [main] DEBUG org.hibernate.loader.Loader - result row: EntityKey[net.lojika.gtfs.model.RoutesCdkid#gtfs.line.1.19m-1]
14:01:03.462 [main] DEBUG org.hibernate.loader.Loader - found row of collection: [net.lojika.gtfs.model.Routes.routesCdkidCollection#istb.280397]
14:01:03.462 [main] DEBUG org.hibernate.loader.Loader - result row: EntityKey[net.lojika.gtfs.model.RoutesCdkid#gtfs.line.1.19m-0]
14:01:03.462 [main] DEBUG org.hibernate.loader.Loader - found row of collection: [net.lojika.gtfs.model.Routes.routesCdkidCollection#istb.280397]
14:01:03.462 [main] DEBUG org.hibernate.jdbc.AbstractBatcher - about to close ResultSet (open ResultSets: 1, globally: 1)
14:01:03.462 [main] DEBUG org.hibernate.jdbc.AbstractBatcher - about to close PreparedStatement (open PreparedStatements: 1, globally: 1)
14:01:03.462 [main] DEBUG o.h.e.loading.CollectionLoadContext - 1 collections were found in result set for role: net.lojika.gtfs.model.Routes.routesCdkidCollection
14:01:03.462 [main] DEBUG o.h.e.loading.CollectionLoadContext - collection fully initialized: [net.lojika.gtfs.model.Routes.routesCdkidCollection#istb.280397]
14:01:03.462 [main] DEBUG o.h.e.loading.CollectionLoadContext - 1 collections initialized for role: net.lojika.gtfs.model.Routes.routesCdkidCollection
14:01:03.462 [main] DEBUG org.hibernate.loader.Loader - done loading collection
14:01:03.462 [main] DEBUG org.hibernate.loader.Loader - loading collection: [net.lojika.gtfs.model.Routes.routesCdkidCollection#istb.280398]
14:01:03.462 [main] DEBUG org.hibernate.jdbc.AbstractBatcher - about to open PreparedStatement (open PreparedStatements: 0, globally: 0)
14:01:03.462 [main] DEBUG org.hibernate.SQL - select routescdki0_.route_id as route2_2_1_, routescdki0_.route_cdk_id as route1_1_, routescdki0_.route_cdk_id as route1_3_0_, routescdki0_.route_id as route2_3_0_ from public.routes_cdkid routescdki0_ where routescdki0_.route_id=?
Hibernate: select routescdki0_.route_id as route2_2_1_, routescdki0_.route_cdk_id as route1_1_, routescdki0_.route_cdk_id as route1_3_0_, routescdki0_.route_id as route2_3_0_ from public.routes_cdkid routescdki0_ where routescdki0_.route_id=?
14:01:03.463 [main] DEBUG org.hibernate.jdbc.AbstractBatcher - about to open ResultSet (open ResultSets: 0, globally: 0)
14:01:03.463 [main] DEBUG org.hibernate.loader.Loader - result set contains (possibly empty) collection: [net.lojika.gtfs.model.Routes.routesCdkidCollection#istb.280398]
14:01:03.463 [main] DEBUG org.hibernate.loader.Loader - result row: EntityKey[net.lojika.gtfs.model.RoutesCdkid#gtfs.line.1.19s-1]
14:01:03.463 [main] DEBUG org.hibernate.loader.Loader - found row of collection: [net.lojika.gtfs.model.Routes.routesCdkidCollection#istb.280398]
14:01:03.463 [main] DEBUG org.hibernate.loader.Loader - result row: EntityKey[net.lojika.gtfs.model.RoutesCdkid#gtfs.line.1.19s-0]
14:01:03.463 [main] DEBUG org.hibernate.loader.Loader - found row of collection: [net.lojika.gtfs.model.Routes.routesCdkidCollection#istb.280398]
14:01:03.463 [main] DEBUG org.hibernate.jdbc.AbstractBatcher - about to close ResultSet (open ResultSets: 1, globally: 1)
14:01:03.463 [main] DEBUG org.hibernate.jdbc.AbstractBatcher - about to close PreparedStatement (open PreparedStatements: 1, globally: 1)
14:01:03.463 [main] DEBUG o.h.e.loading.CollectionLoadContext - 1 collections were found in result set for role: net.lojika.gtfs.model.Routes.routesCdkidCollection
14:01:03.464 [main] DEBUG o.h.e.loading.CollectionLoadContext - collection fully initialized: [net.lojika.gtfs.model.Routes.routesCdkidCollection#istb.280398]
14:01:03.464 [main] DEBUG o.h.e.loading.CollectionLoadContext - 1 collections initialized for role: net.lojika.gtfs.model.Routes.routesCdkidCollection
14:01:03.464 [main] DEBUG org.hibernate.loader.Loader - done loading collection
14:01:03.464 [main] DEBUG org.hibernate.loader.Loader - loading collection: [net.lojika.gtfs.model.Routes.routesCdkidCollection#istb.280399]
14:01:03.464 [main] DEBUG org.hibernate.jdbc.AbstractBatcher - about to open PreparedStatement (open PreparedStatements: 0, globally: 0)
14:01:03.464 [main] DEBUG org.hibernate.SQL - select routescdki0_.route_id as route2_2_1_, routescdki0_.route_cdk_id as route1_1_, routescdki0_.route_cdk_id as route1_3_0_, routescdki0_.route_id as route2_3_0_ from public.routes_cdkid routescdki0_ where routescdki0_.route_id=?
Hibernate: select routescdki0_.route_id as route2_2_1_, routescdki0_.route_cdk_id as route1_1_, routescdki0_.route_cdk_id as route1_3_0_, routescdki0_.route_id as route2_3_0_ from public.routes_cdkid routescdki0_ where routescdki0_.route_id=?
14:01:03.464 [main] DEBUG org.hibernate.jdbc.AbstractBatcher - about to open ResultSet (open ResultSets: 0, globally: 0)
14:01:03.464 [main] DEBUG org.hibernate.loader.Loader - result set contains (possibly empty) collection: [net.lojika.gtfs.model.Routes.routesCdkidCollection#istb.280399]
14:01:03.464 [main] DEBUG org.hibernate.loader.Loader - result row: EntityKey[net.lojika.gtfs.model.RoutesCdkid#gtfs.line.1.19sb-1]
14:01:03.464 [main] DEBUG org.hibernate.loader.Loader - found row of collection: [net.lojika.gtfs.model.Routes.routesCdkidCollection#istb.280399]
14:01:03.464 [main] DEBUG org.hibernate.loader.Loader - result row: EntityKey[net.lojika.gtfs.model.RoutesCdkid#gtfs.line.1.19sb-0]
14:01:03.465 [main] DEBUG org.hibernate.loader.Loader - found row of collection: [net.lojika.gtfs.model.Routes.routesCdkidCollection#istb.280399]
14:01:03.465 [main] DEBUG org.hibernate.jdbc.AbstractBatcher - about to close ResultSet (open ResultSets: 1, globally: 1)
14:01:03.465 [main] DEBUG org.hibernate.jdbc.AbstractBatcher - about to close PreparedStatement (open PreparedStatements: 1, globally: 1)
14:01:03.465 [main] DEBUG o.h.e.loading.CollectionLoadContext - 1 collections were found in result set for role: net.lojika.gtfs.model.Routes.routesCdkidCollection
14:01:03.465 [main] DEBUG o.h.e.loading.CollectionLoadContext - collection fully initialized: [net.lojika.gtfs.model.Routes.routesCdkidCollection#istb.280399]
14:01:03.465 [main] DEBUG o.h.e.loading.CollectionLoadContext - 1 collections initialized for role: net.lojika.gtfs.model.Routes.routesCdkidCollection
14:01:03.465 [main] DEBUG org.hibernate.loader.Loader - done loading collection
14:01:03.465 [main] DEBUG org.hibernate.loader.Loader - loading collection: [net.lojika.gtfs.model.Routes.routesCdkidCollection#istb.280400]
14:01:03.465 [main] DEBUG org.hibernate.jdbc.AbstractBatcher - about to open PreparedStatement (open PreparedStatements: 0, globally: 0)
14:01:03.465 [main] DEBUG org.hibernate.SQL - select routescdki0_.route_id as route2_2_1_, routescdki0_.route_cdk_id as route1_1_, routescdki0_.route_cdk_id as route1_3_0_, routescdki0_.route_id as route2_3_0_ from public.routes_cdkid routescdki0_ where routescdki0_.route_id=?
Hibernate: select routescdki0_.route_id as route2_2_1_, routescdki0_.route_cdk_id as route1_1_, routescdki0_.route_cdk_id as route1_3_0_, routescdki0_.route_id as route2_3_0_ from public.routes_cdkid routescdki0_ where routescdki0_.route_id=?
14:01:03.465 [main] DEBUG org.hibernate.jdbc.AbstractBatcher - about to open ResultSet (open ResultSets: 0, globally: 0)
14:01:03.465 [main] DEBUG org.hibernate.loader.Loader - result set contains (possibly empty) collection: [net.lojika.gtfs.model.Routes.routesCdkidCollection#istb.280400]
14:01:03.465 [main] DEBUG org.hibernate.loader.Loader - result row: EntityKey[net.lojika.gtfs.model.RoutesCdkid#gtfs.line.1.19t-1]
14:01:03.465 [main] DEBUG org.hibernate.loader.Loader - found row of collection: [net.lojika.gtfs.model.Routes.routesCdkidCollection#istb.280400]
14:01:03.466 [main] DEBUG org.hibernate.loader.Loader - result row: EntityKey[net.lojika.gtfs.model.RoutesCdkid#gtfs.line.1.19t-0]
14:01:03.466 [main] DEBUG org.hibernate.loader.Loader - found row of collection: [net.lojika.gtfs.model.Routes.routesCdkidCollection#istb.280400]
14:01:03.466 [main] DEBUG org.hibernate.jdbc.AbstractBatcher - about to close ResultSet (open ResultSets: 1, globally: 1)
14:01:03.466 [main] DEBUG org.hibernate.jdbc.AbstractBatcher - about to close PreparedStatement (open PreparedStatements: 1, globally: 1)
14:01:03.466 [main] DEBUG o.h.e.loading.CollectionLoadContext - 1 collections were found in result set for role: net.lojika.gtfs.model.Routes.routesCdkidCollection
14:01:03.466 [main] DEBUG o.h.e.loading.CollectionLoadContext - collection fully initialized: [net.lojika.gtfs.model.Routes.routesCdkidCollection#istb.280400]
14:01:03.466 [main] DEBUG o.h.e.loading.CollectionLoadContext - 1 collections initialized for role: net.lojika.gtfs.model.Routes.routesCdkidCollection
14:01:03.466 [main] DEBUG org.hibernate.loader.Loader - done loading collection
14:01:03.466 [main] DEBUG org.hibernate.loader.Loader - loading collection: [net.lojika.gtfs.model.Routes.routesCdkidCollection#istb.280401]
14:01:03.466 [main] DEBUG org.hibernate.jdbc.AbstractBatcher - about to open PreparedStatement (open PreparedStatements: 0, globally: 0)
14:01:03.466 [main] DEBUG org.hibernate.SQL - select routescdki0_.route_id as route2_2_1_, routescdki0_.route_cdk_id as route1_1_, routescdki0_.route_cdk_id as route1_3_0_, routescdki0_.route_id as route2_3_0_ from public.routes_cdkid routescdki0_ where routescdki0_.route_id=?
Hibernate: select routescdki0_.route_id as route2_2_1_, routescdki0_.route_cdk_id as route1_1_, routescdki0_.route_cdk_id as route1_3_0_, routescdki0_.route_id as route2_3_0_ from public.routes_cdkid routescdki0_ where routescdki0_.route_id=?
14:01:03.466 [main] DEBUG org.hibernate.jdbc.AbstractBatcher - about to open ResultSet (open ResultSets: 0, globally: 0)
14:01:03.466 [main] DEBUG org.hibernate.loader.Loader - result set contains (possibly empty) collection: [net.lojika.gtfs.model.Routes.routesCdkidCollection#istb.280401]
14:01:03.467 [main] DEBUG org.hibernate.loader.Loader - result row: EntityKey[net.lojika.gtfs.model.RoutesCdkid#gtfs.line.1.19v-1]
14:01:03.467 [main] DEBUG org.hibernate.loader.Loader - found row of collection: [net.lojika.gtfs.model.Routes.routesCdkidCollection#istb.280401]
14:01:03.467 [main] DEBUG org.hibernate.loader.Loader - result row: EntityKey[net.lojika.gtfs.model.RoutesCdkid#gtfs.line.1.19v-0]
14:01:03.467 [main] DEBUG org.hibernate.loader.Loader - found row of collection: [net.lojika.gtfs.model.Routes.routesCdkidCollection#istb.280401]
14:01:03.467 [main] DEBUG org.hibernate.jdbc.AbstractBatcher - about to close ResultSet (open ResultSets: 1, globally: 1)
14:01:03.467 [main] DEBUG org.hibernate.jdbc.AbstractBatcher - about to close PreparedStatement (open PreparedStatements: 1, globally: 1)
14:01:03.467 [main] DEBUG o.h.e.loading.CollectionLoadContext - 1 collections were found in result set for role: net.lojika.gtfs.model.Routes.routesCdkidCollection
14:01:03.467 [main] DEBUG o.h.e.loading.CollectionLoadContext - collection fully initialized: [net.lojika.gtfs.model.Routes.routesCdkidCollection#istb.280401]
14:01:03.467 [main] DEBUG o.h.e.loading.CollectionLoadContext - 1 collections initialized for role: net.lojika.gtfs.model.Routes.routesCdkidCollection
14:01:03.467 [main] DEBUG org.hibernate.loader.Loader - done loading collection
14:01:03.467 [main] DEBUG org.hibernate.loader.Loader - loading collection: [net.lojika.gtfs.model.Routes.routesCdkidCollection#istb.280402]
14:01:03.467 [main] DEBUG org.hibernate.jdbc.AbstractBatcher - about to open PreparedStatement (open PreparedStatements: 0, globally: 0)
14:01:03.467 [main] DEBUG org.hibernate.SQL - select routescdki0_.route_id as route2_2_1_, routescdki0_.route_cdk_id as route1_1_, routescdki0_.route_cdk_id as route1_3_0_, routescdki0_.route_id as route2_3_0_ from public.routes_cdkid routescdki0_ where routescdki0_.route_id=?
Hibernate: select routescdki0_.route_id as route2_2_1_, routescdki0_.route_cdk_id as route1_1_, routescdki0_.route_cdk_id as route1_3_0_, routescdki0_.route_id as route2_3_0_ from public.routes_cdkid routescdki0_ where routescdki0_.route_id=?
14:01:03.467 [main] DEBUG org.hibernate.jdbc.AbstractBatcher - about to open ResultSet (open ResultSets: 0, globally: 0)
14:01:03.468 [main] DEBUG org.hibernate.loader.Loader - result set contains (possibly empty) collection: [net.lojika.gtfs.model.Routes.routesCdkidCollection#istb.280402]
14:01:03.468 [main] DEBUG org.hibernate.loader.Loader - result row: EntityKey[net.lojika.gtfs.model.RoutesCdkid#gtfs.line.1.19y-1]
14:01:03.468 [main] DEBUG org.hibernate.loader.Loader - found row of collection: [net.lojika.gtfs.model.Routes.routesCdkidCollection#istb.280402]
14:01:03.468 [main] DEBUG org.hibernate.loader.Loader - result row: EntityKey[net.lojika.gtfs.model.RoutesCdkid#gtfs.line.1.19y-0]
14:01:03.468 [main] DEBUG org.hibernate.loader.Loader - found row of collection: [net.lojika.gtfs.model.Routes.routesCdkidCollection#istb.280402]
14:01:03.468 [main] DEBUG org.hibernate.jdbc.AbstractBatcher - about to close ResultSet (open ResultSets: 1, globally: 1)
14:01:03.468 [main] DEBUG org.hibernate.jdbc.AbstractBatcher - about to close PreparedStatement (open PreparedStatements: 1, globally: 1)
14:01:03.468 [main] DEBUG o.h.e.loading.CollectionLoadContext - 1 collections were found in result set for role: net.lojika.gtfs.model.Routes.routesCdkidCollection
14:01:03.468 [main] DEBUG o.h.e.loading.CollectionLoadContext - collection fully initialized: [net.lojika.gtfs.model.Routes.routesCdkidCollection#istb.280402]
14:01:03.468 [main] DEBUG o.h.e.loading.CollectionLoadContext - 1 collections initialized for role: net.lojika.gtfs.model.Routes.routesCdkidCollection
14:01:03.468 [main] DEBUG org.hibernate.loader.Loader - done loading collection
14:01:03.468 [main] DEBUG org.hibernate.loader.Loader - loading collection: [net.lojika.gtfs.model.Routes.routesCdkidCollection#istb.280403]
14:01:03.468 [main] DEBUG org.hibernate.jdbc.AbstractBatcher - about to open PreparedStatement (open PreparedStatements: 0, globally: 0)
14:01:03.468 [main] DEBUG org.hibernate.SQL - select routescdki0_.route_id as route2_2_1_, routescdki0_.route_cdk_id as route1_1_, routescdki0_.route_cdk_id as route1_3_0_, routescdki0_.route_id as route2_3_0_ from public.routes_cdkid routescdki0_ where routescdki0_.route_id=?
Hibernate: select routescdki0_.route_id as route2_2_1_, routescdki0_.route_cdk_id as route1_1_, routescdki0_.route_cdk_id as route1_3_0_, routescdki0_.route_id as route2_3_0_ from public.routes_cdkid routescdki0_ where routescdki0_.route_id=?
14:01:03.469 [main] DEBUG org.hibernate.jdbc.AbstractBatcher - about to open ResultSet (open ResultSets: 0, globally: 0)
14:01:03.469 [main] DEBUG org.hibernate.loader.Loader - result set contains (possibly empty) collection: [net.lojika.gtfs.model.Routes.routesCdkidCollection#istb.280403]
14:01:03.469 [main] DEBUG org.hibernate.loader.Loader - result row: EntityKey[net.lojika.gtfs.model.RoutesCdkid#gtfs.line.1.19z-1]
14:01:03.469 [main] DEBUG org.hibernate.loader.Loader - found row of collection: [net.lojika.gtfs.model.Routes.routesCdkidCollection#istb.280403]
14:01:03.469 [main] DEBUG org.hibernate.loader.Loader - result row: EntityKey[net.lojika.gtfs.model.RoutesCdkid#gtfs.line.1.19z-0]
14:01:03.469 [main] DEBUG org.hibernate.loader.Loader - found row of collection: [net.lojika.gtfs.model.Routes.routesCdkidCollection#istb.280403]
14:01:03.469 [main] DEBUG org.hibernate.jdbc.AbstractBatcher - about to close ResultSet (open ResultSets: 1, globally: 1)
14:01:03.469 [main] DEBUG org.hibernate.jdbc.AbstractBatcher - about to close PreparedStatement (open PreparedStatements: 1, globally: 1)
14:01:03.469 [main] DEBUG o.h.e.loading.CollectionLoadContext - 1 collections were found in result set for role: net.lojika.gtfs.model.Routes.routesCdkidCollection
14:01:03.469 [main] DEBUG o.h.e.loading.CollectionLoadContext - collection fully initialized: [net.lojika.gtfs.model.Routes.routesCdkidCollection#istb.280403]
14:01:03.469 [main] DEBUG o.h.e.loading.CollectionLoadContext - 1 collections initialized for role: net.lojika.gtfs.model.Routes.routesCdkidCollection
14:01:03.469 [main] DEBUG org.hibernate.loader.Loader - done loading collection
14:01:03.469 [main] DEBUG org.hibernate.loader.Loader - loading collection: [net.lojika.gtfs.model.Routes.routesCdkidCollection#istb.280404]
14:01:03.469 [main] DEBUG org.hibernate.jdbc.AbstractBatcher - about to open PreparedStatement (open PreparedStatements: 0, globally: 0)
14:01:03.469 [main] DEBUG org.hibernate.SQL - select routescdki0_.route_id as route2_2_1_, routescdki0_.route_cdk_id as route1_1_, routescdki0_.route_cdk_id as route1_3_0_, routescdki0_.route_id as route2_3_0_ from public.routes_cdkid routescdki0_ where routescdki0_.route_id=?
Hibernate: select routescdki0_.route_id as route2_2_1_, routescdki0_.route_cdk_id as route1_1_, routescdki0_.route_cdk_id as route1_3_0_, routescdki0_.route_id as route2_3_0_ from public.routes_cdkid routescdki0_ where routescdki0_.route_id=?
14:01:03.470 [main] DEBUG org.hibernate.jdbc.AbstractBatcher - about to open ResultSet (open ResultSets: 0, globally: 0)
14:01:03.470 [main] DEBUG org.hibernate.loader.Loader - result set contains (possibly empty) collection: [net.lojika.gtfs.model.Routes.routesCdkidCollection#istb.280404]
14:01:03.470 [main] DEBUG org.hibernate.loader.Loader - result row: EntityKey[net.lojika.gtfs.model.RoutesCdkid#gtfs.line.1.2-1]
14:01:03.470 [main] DEBUG org.hibernate.loader.Loader - found row of collection: [net.lojika.gtfs.model.Routes.routesCdkidCollection#istb.280404]
14:01:03.470 [main] DEBUG org.hibernate.loader.Loader - result row: EntityKey[net.lojika.gtfs.model.RoutesCdkid#gtfs.line.1.2-0]
14:01:03.470 [main] DEBUG org.hibernate.loader.Loader - found row of collection: [net.lojika.gtfs.model.Routes.routesCdkidCollection#istb.280404]
14:01:03.470 [main] DEBUG org.hibernate.jdbc.AbstractBatcher - about to close ResultSet (open ResultSets: 1, globally: 1)
14:01:03.470 [main] DEBUG org.hibernate.jdbc.AbstractBatcher - about to close PreparedStatement (open PreparedStatements: 1, globally: 1)
14:01:03.470 [main] DEBUG o.h.e.loading.CollectionLoadContext - 1 collections were found in result set for role: net.lojika.gtfs.model.Routes.routesCdkidCollection
14:01:03.470 [main] DEBUG o.h.e.loading.CollectionLoadContext - collection fully initialized: [net.lojika.gtfs.model.Routes.routesCdkidCollection#istb.280404]
14:01:03.470 [main] DEBUG o.h.e.loading.CollectionLoadContext - 1 collections initialized for role: net.lojika.gtfs.model.Routes.routesCdkidCollection
14:01:03.470 [main] DEBUG org.hibernate.loader.Loader - done loading collection
14:01:03.470 [main] DEBUG org.hibernate.loader.Loader - loading collection: [net.lojika.gtfs.model.Routes.routesCdkidCollection#istb.280406]
14:01:03.471 [main] DEBUG org.hibernate.jdbc.AbstractBatcher - about to open PreparedStatement (open PreparedStatements: 0, globally: 0)
14:01:03.471 [main] DEBUG org.hibernate.SQL - select routescdki0_.route_id as route2_2_1_, routescdki0_.route_cdk_id as route1_1_, routescdki0_.route_cdk_id as route1_3_0_, routescdki0_.route_id as route2_3_0_ from public.routes_cdkid routescdki0_ where routescdki0_.route_id=?
Hibernate: select routescdki0_.route_id as route2_2_1_, routescdki0_.route_cdk_id as route1_1_, routescdki0_.route_cdk_id as route1_3_0_, routescdki0_.route_id as route2_3_0_ from public.routes_cdkid routescdki0_ where routescdki0_.route_id=?
14:01:03.471 [main] DEBUG org.hibernate.jdbc.AbstractBatcher - about to open ResultSet (open ResultSets: 0, globally: 0)
14:01:03.471 [main] DEBUG org.hibernate.loader.Loader - result set contains (possibly empty) collection: [net.lojika.gtfs.model.Routes.routesCdkidCollection#istb.280406]
14:01:03.471 [main] DEBUG org.hibernate.loader.Loader - result row: EntityKey[net.lojika.gtfs.model.RoutesCdkid#gtfs.line.1.202-1]
14:01:03.471 [main] DEBUG org.hibernate.loader.Loader - found row of collection: [net.lojika.gtfs.model.Routes.routesCdkidCollection#istb.280406]
14:01:03.471 [main] DEBUG org.hibernate.loader.Loader - result row: EntityKey[net.lojika.gtfs.model.RoutesCdkid#gtfs.line.1.202-0]
14:01:03.471 [main] DEBUG org.hibernate.loader.Loader - found row of collection: [net.lojika.gtfs.model.Routes.routesCdkidCollection#istb.280406]
14:01:03.471 [main] DEBUG org.hibernate.jdbc.AbstractBatcher - about to close ResultSet (open ResultSets: 1, globally: 1)
14:01:03.471 [main] DEBUG org.hibernate.jdbc.AbstractBatcher - about to close PreparedStatement (open PreparedStatements: 1, globally: 1)
14:01:03.472 [main] DEBUG o.h.e.loading.CollectionLoadContext - 1 collections were found in result set for role: net.lojika.gtfs.model.Routes.routesCdkidCollection
14:01:03.472 [main] DEBUG o.h.e.loading.CollectionLoadContext - collection fully initialized: [net.lojika.gtfs.model.Routes.routesCdkidCollection#istb.280406]
14:01:03.472 [main] DEBUG o.h.e.loading.CollectionLoadContext - 1 collections initialized for role: net.lojika.gtfs.model.Routes.routesCdkidCollection
14:01:03.472 [main] DEBUG org.hibernate.loader.Loader - done loading collection
14:01:03.472 [main] DEBUG org.hibernate.loader.Loader - loading collection: [net.lojika.gtfs.model.Routes.routesCdkidCollection#istb.280407]
14:01:03.472 [main] DEBUG org.hibernate.jdbc.AbstractBatcher - about to open PreparedStatement (open PreparedStatements: 0, globally: 0)
14:01:03.472 [main] DEBUG org.hibernate.SQL - select routescdki0_.route_id as route2_2_1_, routescdki0_.route_cdk_id as route1_1_, routescdki0_.route_cdk_id as route1_3_0_, routescdki0_.route_id as route2_3_0_ from public.routes_cdkid routescdki0_ where routescdki0_.route_id=?
Hibernate: select routescdki0_.route_id as route2_2_1_, routescdki0_.route_cdk_id as route1_1_, routescdki0_.route_cdk_id as route1_3_0_, routescdki0_.route_id as route2_3_0_ from public.routes_cdkid routescdki0_ where routescdki0_.route_id=?
14:01:03.472 [main] DEBUG org.hibernate.jdbc.AbstractBatcher - about to open ResultSet (open ResultSets: 0, globally: 0)
14:01:03.472 [main] DEBUG org.hibernate.loader.Loader - result set contains (possibly empty) collection: [net.lojika.gtfs.model.Routes.routesCdkidCollection#istb.280407]
14:01:03.472 [main] DEBUG org.hibernate.loader.Loader - result row: EntityKey[net.lojika.gtfs.model.RoutesCdkid#gtfs.line.1.20d-1]
14:01:03.472 [main] DEBUG org.hibernate.loader.Loader - found row of collection: [net.lojika.gtfs.model.Routes.routesCdkidCollection#istb.280407]
14:01:03.472 [main] DEBUG org.hibernate.loader.Loader - result row: EntityKey[net.lojika.gtfs.model.RoutesCdkid#gtfs.line.1.20d-0]
14:01:03.472 [main] DEBUG org.hibernate.loader.Loader - found row of collection: [net.lojika.gtfs.model.Routes.routesCdkidCollection#istb.280407]
14:01:03.472 [main] DEBUG org.hibernate.jdbc.AbstractBatcher - about to close ResultSet (open ResultSets: 1, globally: 1)
14:01:03.473 [main] DEBUG org.hibernate.jdbc.AbstractBatcher - about to close PreparedStatement (open PreparedStatements: 1, globally: 1)
14:01:03.473 [main] DEBUG o.h.e.loading.CollectionLoadContext - 1 collections were found in result set for role: net.lojika.gtfs.model.Routes.routesCdkidCollection
14:01:03.473 [main] DEBUG o.h.e.loading.CollectionLoadContext - collection fully initialized: [net.lojika.gtfs.model.Routes.routesCdkidCollection#istb.280407]
14:01:03.473 [main] DEBUG o.h.e.loading.CollectionLoadContext - 1 collections initialized for role: net.lojika.gtfs.model.Routes.routesCdkidCollection
14:01:03.473 [main] DEBUG org.hibernate.loader.Loader - done loading collection
14:01:03.473 [main] DEBUG org.hibernate.loader.Loader - loading collection: [net.lojika.gtfs.model.Routes.routesCdkidCollection#istb.280408]
14:01:03.473 [main] DEBUG org.hibernate.jdbc.AbstractBatcher - about to open PreparedStatement (open PreparedStatements: 0, globally: 0)
14:01:03.473 [main] DEBUG org.hibernate.SQL - select routescdki0_.route_id as route2_2_1_, routescdki0_.route_cdk_id as route1_1_, routescdki0_.route_cdk_id as route1_3_0_, routescdki0_.route_id as route2_3_0_ from public.routes_cdkid routescdki0_ where routescdki0_.route_id=?
Hibernate: select routescdki0_.route_id as route2_2_1_, routescdki0_.route_cdk_id as route1_1_, routescdki0_.route_cdk_id as route1_3_0_, routescdki0_.route_id as route2_3_0_ from public.routes_cdkid routescdki0_ where routescdki0_.route_id=?
14:01:03.473 [main] DEBUG org.hibernate.jdbc.AbstractBatcher - about to open ResultSet (open ResultSets: 0, globally: 0)
14:01:03.473 [main] DEBUG org.hibernate.loader.Loader - result set contains (possibly empty) collection: [net.lojika.gtfs.model.Routes.routesCdkidCollection#istb.280408]
14:01:03.473 [main] DEBUG org.hibernate.loader.Loader - result row: EntityKey[net.lojika.gtfs.model.RoutesCdkid#gtfs.line.1.20e-1]
14:01:03.473 [main] DEBUG org.hibernate.loader.Loader - found row of collection: [net.lojika.gtfs.model.Routes.routesCdkidCollection#istb.280408]
14:01:03.473 [main] DEBUG org.hibernate.loader.Loader - result row: EntityKey[net.lojika.gtfs.model.RoutesCdkid#gtfs.line.1.20e-0]
14:01:03.474 [main] DEBUG org.hibernate.loader.Loader - found row of collection: [net.lojika.gtfs.model.Routes.routesCdkidCollection#istb.280408]
14:01:03.474 [main] DEBUG org.hibernate.jdbc.AbstractBatcher - about to close ResultSet (open ResultSets: 1, globally: 1)
14:01:03.474 [main] DEBUG org.hibernate.jdbc.AbstractBatcher - about to close PreparedStatement (open PreparedStatements: 1, globally: 1)
14:01:03.474 [main] DEBUG o.h.e.loading.CollectionLoadContext - 1 collections were found in result set for role: net.lojika.gtfs.model.Routes.routesCdkidCollection
14:01:03.474 [main] DEBUG o.h.e.loading.CollectionLoadContext - collection fully initialized: [net.lojika.gtfs.model.Routes.routesCdkidCollection#istb.280408]
14:01:03.474 [main] DEBUG o.h.e.loading.CollectionLoadContext - 1 collections initialized for role: net.lojika.gtfs.model.Routes.routesCdkidCollection
14:01:03.474 [main] DEBUG org.hibernate.loader.Loader - done loading collection
14:01:03.474 [main] DEBUG org.hibernate.loader.Loader - loading collection: [net.lojika.gtfs.model.Routes.routesCdkidCollection#istb.280409]
14:01:03.474 [main] DEBUG org.hibernate.jdbc.AbstractBatcher - about to open PreparedStatement (open PreparedStatements: 0, globally: 0)
14:01:03.474 [main] DEBUG org.hibernate.SQL - select routescdki0_.route_id as route2_2_1_, routescdki0_.route_cdk_id as route1_1_, routescdki0_.route_cdk_id as route1_3_0_, routescdki0_.route_id as route2_3_0_ from public.routes_cdkid routescdki0_ where routescdki0_.route_id=?
Hibernate: select routescdki0_.route_id as route2_2_1_, routescdki0_.route_cdk_id as route1_1_, routescdki0_.route_cdk_id as route1_3_0_, routescdki0_.route_id as route2_3_0_ from public.routes_cdkid routescdki0_ where routescdki0_.route_id=?
14:01:03.475 [main] DEBUG org.hibernate.jdbc.AbstractBatcher - about to open ResultSet (open ResultSets: 0, globally: 0)
14:01:03.475 [main] DEBUG org.hibernate.loader.Loader - result set contains (possibly empty) collection: [net.lojika.gtfs.model.Routes.routesCdkidCollection#istb.280409]
14:01:03.475 [main] DEBUG org.hibernate.loader.Loader - result row: EntityKey[net.lojika.gtfs.model.RoutesCdkid#gtfs.line.1.20k-1]
14:01:03.475 [main] DEBUG org.hibernate.loader.Loader - found row of collection: [net.lojika.gtfs.model.Routes.routesCdkidCollection#istb.280409]
14:01:03.475 [main] DEBUG org.hibernate.loader.Loader - result row: EntityKey[net.lojika.gtfs.model.RoutesCdkid#gtfs.line.1.20k-0]
14:01:03.475 [main] DEBUG org.hibernate.loader.Loader - found row of collection: [net.lojika.gtfs.model.Routes.routesCdkidCollection#istb.280409]
14:01:03.476 [main] DEBUG org.hibernate.jdbc.AbstractBatcher - about to close ResultSet (open ResultSets: 1, globally: 1)
14:01:03.476 [main] DEBUG org.hibernate.jdbc.AbstractBatcher - about to close PreparedStatement (open PreparedStatements: 1, globally: 1)
14:01:03.476 [main] DEBUG o.h.e.loading.CollectionLoadContext - 1 collections were found in result set for role: net.lojika.gtfs.model.Routes.routesCdkidCollection
14:01:03.476 [main] DEBUG o.h.e.loading.CollectionLoadContext - collection fully initialized: [net.lojika.gtfs.model.Routes.routesCdkidCollection#istb.280409]
14:01:03.476 [main] DEBUG o.h.e.loading.CollectionLoadContext - 1 collections initialized for role: net.lojika.gtfs.model.Routes.routesCdkidCollection
14:01:03.476 [main] DEBUG org.hibernate.loader.Loader - done loading collection
14:01:03.476 [main] DEBUG org.hibernate.loader.Loader - loading collection: [net.lojika.gtfs.model.Routes.routesCdkidCollection#istb.280410]
14:01:03.476 [main] DEBUG org.hibernate.jdbc.AbstractBatcher - about to open PreparedStatement (open PreparedStatements: 0, globally: 0)
14:01:03.476 [main] DEBUG org.hibernate.SQL - select routescdki0_.route_id as route2_2_1_, routescdki0_.route_cdk_id as route1_1_, routescdki0_.route_cdk_id as route1_3_0_, routescdki0_.route_id as route2_3_0_ from public.routes_cdkid routescdki0_ where routescdki0_.route_id=?
Hibernate: select routescdki0_.route_id as route2_2_1_, routescdki0_.route_cdk_id as route1_1_, routescdki0_.route_cdk_id as route1_3_0_, routescdki0_.route_id as route2_3_0_ from public.routes_cdkid routescdki0_ where routescdki0_.route_id=?
14:01:03.477 [main] DEBUG org.hibernate.jdbc.AbstractBatcher - about to open ResultSet (open ResultSets: 0, globally: 0)
14:01:03.477 [main] DEBUG org.hibernate.loader.Loader - result set contains (possibly empty) collection: [net.lojika.gtfs.model.Routes.routesCdkidCollection#istb.280410]
14:01:03.477 [main] DEBUG org.hibernate.loader.Loader - result row: EntityKey[net.lojika.gtfs.model.RoutesCdkid#gtfs.line.1.20-1]
14:01:03.477 [main] DEBUG org.hibernate.loader.Loader - found row of collection: [net.lojika.gtfs.model.Routes.routesCdkidCollection#istb.280410]
14:01:03.477 [main] DEBUG org.hibernate.loader.Loader - result row: EntityKey[net.lojika.gtfs.model.RoutesCdkid#gtfs.line.1.20-0]
14:01:03.477 [main] DEBUG org.hibernate.loader.Loader - found row of collection: [net.lojika.gtfs.model.Routes.routesCdkidCollection#istb.280410]
14:01:03.477 [main] DEBUG org.hibernate.jdbc.AbstractBatcher - about to close ResultSet (open ResultSets: 1, globally: 1)
14:01:03.477 [main] DEBUG org.hibernate.jdbc.AbstractBatcher - about to close PreparedStatement (open PreparedStatements: 1, globally: 1)
14:01:03.477 [main] DEBUG o.h.e.loading.CollectionLoadContext - 1 collections were found in result set for role: net.lojika.gtfs.model.Routes.routesCdkidCollection
14:01:03.477 [main] DEBUG o.h.e.loading.CollectionLoadContext - collection fully initialized: [net.lojika.gtfs.model.Routes.routesCdkidCollection#istb.280410]
14:01:03.477 [main] DEBUG o.h.e.loading.CollectionLoadContext - 1 collections initialized for role: net.lojika.gtfs.model.Routes.routesCdkidCollection
14:01:03.477 [main] DEBUG org.hibernate.loader.Loader - done loading collection
14:01:03.477 [main] DEBUG org.hibernate.loader.Loader - loading collection: [net.lojika.gtfs.model.Routes.routesCdkidCollection#istb.280411]
14:01:03.478 [main] DEBUG org.hibernate.jdbc.AbstractBatcher - about to open PreparedStatement (open PreparedStatements: 0, globally: 0)
14:01:03.478 [main] DEBUG org.hibernate.SQL - select routescdki0_.route_id as route2_2_1_, routescdki0_.route_cdk_id as route1_1_, routescdki0_.route_cdk_id as route1_3_0_, routescdki0_.route_id as route2_3_0_ from public.routes_cdkid routescdki0_ where routescdki0_.route_id=?
Hibernate: select routescdki0_.route_id as route2_2_1_, routescdki0_.route_cdk_id as route1_1_, routescdki0_.route_cdk_id as route1_3_0_, routescdki0_.route_id as route2_3_0_ from public.routes_cdkid routescdki0_ where routescdki0_.route_id=?
14:01:03.478 [main] DEBUG org.hibernate.jdbc.AbstractBatcher - about to open ResultSet (open ResultSets: 0, globally: 0)
14:01:03.478 [main] DEBUG org.hibernate.loader.Loader - result set contains (possibly empty) collection: [net.lojika.gtfs.model.Routes.routesCdkidCollection#istb.280411]
14:01:03.478 [main] DEBUG org.hibernate.loader.Loader - result row: EntityKey[net.lojika.gtfs.model.RoutesCdkid#gtfs.line.1.21a-1]
14:01:03.478 [main] DEBUG org.hibernate.loader.Loader - found row of collection: [net.lojika.gtfs.model.Routes.routesCdkidCollection#istb.280411]
14:01:03.479 [main] DEBUG org.hibernate.loader.Loader - result row: EntityKey[net.lojika.gtfs.model.RoutesCdkid#gtfs.line.1.21a-0]
14:01:03.479 [main] DEBUG org.hibernate.loader.Loader - found row of collection: [net.lojika.gtfs.model.Routes.routesCdkidCollection#istb.280411]
14:01:03.479 [main] DEBUG org.hibernate.jdbc.AbstractBatcher - about to close ResultSet (open ResultSets: 1, globally: 1)
14:01:03.479 [main] DEBUG org.hibernate.jdbc.AbstractBatcher - about to close PreparedStatement (open PreparedStatements: 1, globally: 1)
14:01:03.479 [main] DEBUG o.h.e.loading.CollectionLoadContext - 1 collections were found in result set for role: net.lojika.gtfs.model.Routes.routesCdkidCollection
14:01:03.479 [main] DEBUG o.h.e.loading.CollectionLoadContext - collection fully initialized: [net.lojika.gtfs.model.Routes.routesCdkidCollection#istb.280411]
14:01:03.479 [main] DEBUG o.h.e.loading.CollectionLoadContext - 1 collections initialized for role: net.lojika.gtfs.model.Routes.routesCdkidCollection
14:01:03.479 [main] DEBUG org.hibernate.loader.Loader - done loading collection
14:01:03.479 [main] DEBUG org.hibernate.loader.Loader - loading collection: [net.lojika.gtfs.model.Routes.routesCdkidCollection#istb.280412]
14:01:03.479 [main] DEBUG org.hibernate.jdbc.AbstractBatcher - about to open PreparedStatement (open PreparedStatements: 0, globally: 0)
14:01:03.479 [main] DEBUG org.hibernate.SQL - select routescdki0_.route_id as route2_2_1_, routescdki0_.route_cdk_id as route1_1_, routescdki0_.route_cdk_id as route1_3_0_, routescdki0_.route_id as route2_3_0_ from public.routes_cdkid routescdki0_ where routescdki0_.route_id=?
Hibernate: select routescdki0_.route_id as route2_2_1_, routescdki0_.route_cdk_id as route1_1_, routescdki0_.route_cdk_id as route1_3_0_, routescdki0_.route_id as route2_3_0_ from public.routes_cdkid routescdki0_ where routescdki0_.route_id=?
14:01:03.480 [main] DEBUG org.hibernate.jdbc.AbstractBatcher - about to open ResultSet (open ResultSets: 0, globally: 0)
14:01:03.480 [main] DEBUG org.hibernate.loader.Loader - result set contains (possibly empty) collection: [net.lojika.gtfs.model.Routes.routesCdkidCollection#istb.280412]
14:01:03.480 [main] DEBUG org.hibernate.loader.Loader - result row: EntityKey[net.lojika.gtfs.model.RoutesCdkid#gtfs.line.1.21b-1]
14:01:03.480 [main] DEBUG org.hibernate.loader.Loader - found row of collection: [net.lojika.gtfs.model.Routes.routesCdkidCollection#istb.280412]
14:01:03.480 [main] DEBUG org.hibernate.loader.Loader - result row: EntityKey[net.lojika.gtfs.model.RoutesCdkid#gtfs.line.1.21b-0]
14:01:03.480 [main] DEBUG org.hibernate.loader.Loader - found row of collection: [net.lojika.gtfs.model.Routes.routesCdkidCollection#istb.280412]
14:01:03.480 [main] DEBUG org.hibernate.jdbc.AbstractBatcher - about to close ResultSet (open ResultSets: 1, globally: 1)
14:01:03.480 [main] DEBUG org.hibernate.jdbc.AbstractBatcher - about to close PreparedStatement (open PreparedStatements: 1, globally: 1)
14:01:03.480 [main] DEBUG o.h.e.loading.CollectionLoadContext - 1 collections were found in result set for role: net.lojika.gtfs.model.Routes.routesCdkidCollection
14:01:03.480 [main] DEBUG o.h.e.loading.CollectionLoadContext - collection fully initialized: [net.lojika.gtfs.model.Routes.routesCdkidCollection#istb.280412]
14:01:03.480 [main] DEBUG o.h.e.loading.CollectionLoadContext - 1 collections initialized for role: net.lojika.gtfs.model.Routes.routesCdkidCollection
14:01:03.480 [main] DEBUG org.hibernate.loader.Loader - done loading collection
14:01:03.480 [main] DEBUG org.hibernate.loader.Loader - loading collection: [net.lojika.gtfs.model.Routes.routesCdkidCollection#istb.280413]
14:01:03.480 [main] DEBUG org.hibernate.jdbc.AbstractBatcher - about to open PreparedStatement (open PreparedStatements: 0, globally: 0)
14:01:03.480 [main] DEBUG org.hibernate.SQL - select routescdki0_.route_id as route2_2_1_, routescdki0_.route_cdk_id as route1_1_, routescdki0_.route_cdk_id as route1_3_0_, routescdki0_.route_id as route2_3_0_ from public.routes_cdkid routescdki0_ where routescdki0_.route_id=?
Hibernate: select routescdki0_.route_id as route2_2_1_, routescdki0_.route_cdk_id as route1_1_, routescdki0_.route_cdk_id as route1_3_0_, routescdki0_.route_id as route2_3_0_ from public.routes_cdkid routescdki0_ where routescdki0_.route_id=?
14:01:03.481 [main] DEBUG org.hibernate.jdbc.AbstractBatcher - about to open ResultSet (open ResultSets: 0, globally: 0)
14:01:03.481 [main] DEBUG org.hibernate.loader.Loader - result set contains (possibly empty) collection: [net.lojika.gtfs.model.Routes.routesCdkidCollection#istb.280413]
14:01:03.481 [main] DEBUG org.hibernate.loader.Loader - result row: EntityKey[net.lojika.gtfs.model.RoutesCdkid#gtfs.line.1.21c-1]
14:01:03.481 [main] DEBUG org.hibernate.loader.Loader - found row of collection: [net.lojika.gtfs.model.Routes.routesCdkidCollection#istb.280413]
14:01:03.481 [main] DEBUG org.hibernate.loader.Loader - result row: EntityKey[net.lojika.gtfs.model.RoutesCdkid#gtfs.line.1.21c-0]
14:01:03.481 [main] DEBUG org.hibernate.loader.Loader - found row of collection: [net.lojika.gtfs.model.Routes.routesCdkidCollection#istb.280413]
14:01:03.481 [main] DEBUG org.hibernate.jdbc.AbstractBatcher - about to close ResultSet (open ResultSets: 1, globally: 1)
14:01:03.481 [main] DEBUG org.hibernate.jdbc.AbstractBatcher - about to close PreparedStatement (open PreparedStatements: 1, globally: 1)
14:01:03.481 [main] DEBUG o.h.e.loading.CollectionLoadContext - 1 collections were found in result set for role: net.lojika.gtfs.model.Routes.routesCdkidCollection
14:01:03.481 [main] DEBUG o.h.e.loading.CollectionLoadContext - collection fully initialized: [net.lojika.gtfs.model.Routes.routesCdkidCollection#istb.280413]
14:01:03.481 [main] DEBUG o.h.e.loading.CollectionLoadContext - 1 collections initialized for role: net.lojika.gtfs.model.Routes.routesCdkidCollection
14:01:03.481 [main] DEBUG org.hibernate.loader.Loader - done loading collection
14:01:03.481 [main] DEBUG org.hibernate.loader.Loader - loading collection: [net.lojika.gtfs.model.Routes.routesCdkidCollection#istb.280414]
14:01:03.481 [main] DEBUG org.hibernate.jdbc.AbstractBatcher - about to open PreparedStatement (open PreparedStatements: 0, globally: 0)
14:01:03.482 [main] DEBUG org.hibernate.SQL - select routescdki0_.route_id as route2_2_1_, routescdki0_.route_cdk_id as route1_1_, routescdki0_.route_cdk_id as route1_3_0_, routescdki0_.route_id as route2_3_0_ from public.routes_cdkid routescdki0_ where routescdki0_.route_id=?
Hibernate: select routescdki0_.route_id as route2_2_1_, routescdki0_.route_cdk_id as route1_1_, routescdki0_.route_cdk_id as route1_3_0_, routescdki0_.route_id as route2_3_0_ from public.routes_cdkid routescdki0_ where routescdki0_.route_id=?
14:01:03.482 [main] DEBUG org.hibernate.jdbc.AbstractBatcher - about to open ResultSet (open ResultSets: 0, globally: 0)
14:01:03.482 [main] DEBUG org.hibernate.loader.Loader - result set contains (possibly empty) collection: [net.lojika.gtfs.model.Routes.routesCdkidCollection#istb.280414]
14:01:03.482 [main] DEBUG org.hibernate.loader.Loader - result row: EntityKey[net.lojika.gtfs.model.RoutesCdkid#gtfs.line.1.21g-1]
14:01:03.482 [main] DEBUG org.hibernate.loader.Loader - found row of collection: [net.lojika.gtfs.model.Routes.routesCdkidCollection#istb.280414]
14:01:03.482 [main] DEBUG org.hibernate.loader.Loader - result row: EntityKey[net.lojika.gtfs.model.RoutesCdkid#gtfs.line.1.21g-0]
14:01:03.482 [main] DEBUG org.hibernate.loader.Loader - found row of collection: [net.lojika.gtfs.model.Routes.routesCdkidCollection#istb.280414]
14:01:03.482 [main] DEBUG org.hibernate.jdbc.AbstractBatcher - about to close ResultSet (open ResultSets: 1, globally: 1)
14:01:03.482 [main] DEBUG org.hibernate.jdbc.AbstractBatcher - about to close PreparedStatement (open PreparedStatements: 1, globally: 1)
14:01:03.482 [main] DEBUG o.h.e.loading.CollectionLoadContext - 1 collections were found in result set for role: net.lojika.gtfs.model.Routes.routesCdkidCollection
14:01:03.482 [main] DEBUG o.h.e.loading.CollectionLoadContext - collection fully initialized: [net.lojika.gtfs.model.Routes.routesCdkidCollection#istb.280414]
14:01:03.482 [main] DEBUG o.h.e.loading.CollectionLoadContext - 1 collections initialized for role: net.lojika.gtfs.model.Routes.routesCdkidCollection
14:01:03.482 [main] DEBUG org.hibernate.loader.Loader - done loading collection
14:01:03.482 [main] DEBUG org.hibernate.loader.Loader - loading collection: [net.lojika.gtfs.model.Routes.routesCdkidCollection#istb.280415]
14:01:03.482 [main] DEBUG org.hibernate.jdbc.AbstractBatcher - about to open PreparedStatement (open PreparedStatements: 0, globally: 0)
14:01:03.483 [main] DEBUG org.hibernate.SQL - select routescdki0_.route_id as route2_2_1_, routescdki0_.route_cdk_id as route1_1_, routescdki0_.route_cdk_id as route1_3_0_, routescdki0_.route_id as route2_3_0_ from public.routes_cdkid routescdki0_ where routescdki0_.route_id=?
Hibernate: select routescdki0_.route_id as route2_2_1_, routescdki0_.route_cdk_id as route1_1_, routescdki0_.route_cdk_id as route1_3_0_, routescdki0_.route_id as route2_3_0_ from public.routes_cdkid routescdki0_ where routescdki0_.route_id=?
14:01:03.483 [main] DEBUG org.hibernate.jdbc.AbstractBatcher - about to open ResultSet (open ResultSets: 0, globally: 0)
14:01:03.483 [main] DEBUG org.hibernate.loader.Loader - result set contains (possibly empty) collection: [net.lojika.gtfs.model.Routes.routesCdkidCollection#istb.280415]
14:01:03.483 [main] DEBUG org.hibernate.loader.Loader - result row: EntityKey[net.lojika.gtfs.model.RoutesCdkid#gtfs.line.1.21k-1]
14:01:03.483 [main] DEBUG org.hibernate.loader.Loader - found row of collection: [net.lojika.gtfs.model.Routes.routesCdkidCollection#istb.280415]
14:01:03.483 [main] DEBUG org.hibernate.loader.Loader - result row: EntityKey[net.lojika.gtfs.model.RoutesCdkid#gtfs.line.1.21k-0]
14:01:03.483 [main] DEBUG org.hibernate.loader.Loader - found row of collection: [net.lojika.gtfs.model.Routes.routesCdkidCollection#istb.280415]
14:01:03.483 [main] DEBUG org.hibernate.jdbc.AbstractBatcher - about to close ResultSet (open ResultSets: 1, globally: 1)
14:01:03.483 [main] DEBUG org.hibernate.jdbc.AbstractBatcher - about to close PreparedStatement (open PreparedStatements: 1, globally: 1)
14:01:03.483 [main] DEBUG o.h.e.loading.CollectionLoadContext - 1 collections were found in result set for role: net.lojika.gtfs.model.Routes.routesCdkidCollection
14:01:03.483 [main] DEBUG o.h.e.loading.CollectionLoadContext - collection fully initialized: [net.lojika.gtfs.model.Routes.routesCdkidCollection#istb.280415]
14:01:03.483 [main] DEBUG o.h.e.loading.CollectionLoadContext - 1 collections initialized for role: net.lojika.gtfs.model.Routes.routesCdkidCollection
14:01:03.483 [main] DEBUG org.hibernate.loader.Loader - done loading collection
14:01:03.484 [main] DEBUG org.hibernate.loader.Loader - loading collection: [net.lojika.gtfs.model.Routes.routesCdkidCollection#istb.280416]
14:01:03.484 [main] DEBUG org.hibernate.jdbc.AbstractBatcher - about to open PreparedStatement (open PreparedStatements: 0, globally: 0)
14:01:03.484 [main] DEBUG org.hibernate.SQL - select routescdki0_.route_id as route2_2_1_, routescdki0_.route_cdk_id as route1_1_, routescdki0_.route_cdk_id as route1_3_0_, routescdki0_.route_id as route2_3_0_ from public.routes_cdkid routescdki0_ where routescdki0_.route_id=?
Hibernate: select routescdki0_.route_id as route2_2_1_, routescdki0_.route_cdk_id as route1_1_, routescdki0_.route_cdk_id as route1_3_0_, routescdki0_.route_id as route2_3_0_ from public.routes_cdkid routescdki0_ where routescdki0_.route_id=?
14:01:03.484 [main] DEBUG org.hibernate.jdbc.AbstractBatcher - about to open ResultSet (open ResultSets: 0, globally: 0)
14:01:03.484 [main] DEBUG org.hibernate.loader.Loader - result set contains (possibly empty) collection: [net.lojika.gtfs.model.Routes.routesCdkidCollection#istb.280416]
14:01:03.484 [main] DEBUG org.hibernate.loader.Loader - result row: EntityKey[net.lojika.gtfs.model.RoutesCdkid#gtfs.line.1.21u-1]
14:01:03.484 [main] DEBUG org.hibernate.loader.Loader - found row of collection: [net.lojika.gtfs.model.Routes.routesCdkidCollection#istb.280416]
14:01:03.484 [main] DEBUG org.hibernate.loader.Loader - result row: EntityKey[net.lojika.gtfs.model.RoutesCdkid#gtfs.line.1.21u-0]
14:01:03.484 [main] DEBUG org.hibernate.loader.Loader - found row of collection: [net.lojika.gtfs.model.Routes.routesCdkidCollection#istb.280416]
14:01:03.484 [main] DEBUG org.hibernate.jdbc.AbstractBatcher - about to close ResultSet (open ResultSets: 1, globally: 1)
14:01:03.484 [main] DEBUG org.hibernate.jdbc.AbstractBatcher - about to close PreparedStatement (open PreparedStatements: 1, globally: 1)
14:01:03.484 [main] DEBUG o.h.e.loading.CollectionLoadContext - 1 collections were found in result set for role: net.lojika.gtfs.model.Routes.routesCdkidCollection
14:01:03.484 [main] DEBUG o.h.e.loading.CollectionLoadContext - collection fully initialized: [net.lojika.gtfs.model.Routes.routesCdkidCollection#istb.280416]
14:01:03.485 [main] DEBUG o.h.e.loading.CollectionLoadContext - 1 collections initialized for role: net.lojika.gtfs.model.Routes.routesCdkidCollection
14:01:03.485 [main] DEBUG org.hibernate.loader.Loader - done loading collection
14:01:03.485 [main] DEBUG org.hibernate.loader.Loader - loading collection: [net.lojika.gtfs.model.Routes.routesCdkidCollection#istb.280417]
14:01:03.485 [main] DEBUG org.hibernate.jdbc.AbstractBatcher - about to open PreparedStatement (open PreparedStatements: 0, globally: 0)
14:01:03.485 [main] DEBUG org.hibernate.SQL - select routescdki0_.route_id as route2_2_1_, routescdki0_.route_cdk_id as route1_1_, routescdki0_.route_cdk_id as route1_3_0_, routescdki0_.route_id as route2_3_0_ from public.routes_cdkid routescdki0_ where routescdki0_.route_id=?
Hibernate: select routescdki0_.route_id as route2_2_1_, routescdki0_.route_cdk_id as route1_1_, routescdki0_.route_cdk_id as route1_3_0_, routescdki0_.route_id as route2_3_0_ from public.routes_cdkid routescdki0_ where routescdki0_.route_id=?
14:01:03.485 [main] DEBUG org.hibernate.jdbc.AbstractBatcher - about to open ResultSet (open ResultSets: 0, globally: 0)
14:01:03.485 [main] DEBUG org.hibernate.loader.Loader - result set contains (possibly empty) collection: [net.lojika.gtfs.model.Routes.routesCdkidCollection#istb.280417]
14:01:03.485 [main] DEBUG org.hibernate.loader.Loader - result row: EntityKey[net.lojika.gtfs.model.RoutesCdkid#gtfs.line.1.21y-1]
14:01:03.485 [main] DEBUG org.hibernate.loader.Loader - found row of collection: [net.lojika.gtfs.model.Routes.routesCdkidCollection#istb.280417]
14:01:03.485 [main] DEBUG org.hibernate.loader.Loader - result row: EntityKey[net.lojika.gtfs.model.RoutesCdkid#gtfs.line.1.21y-0]
14:01:03.485 [main] DEBUG org.hibernate.loader.Loader - found row of collection: [net.lojika.gtfs.model.Routes.routesCdkidCollection#istb.280417]
14:01:03.485 [main] DEBUG org.hibernate.jdbc.AbstractBatcher - about to close ResultSet (open ResultSets: 1, globally: 1)
14:01:03.485 [main] DEBUG org.hibernate.jdbc.AbstractBatcher - about to close PreparedStatement (open PreparedStatements: 1, globally: 1)
14:01:03.486 [main] DEBUG o.h.e.loading.CollectionLoadContext - 1 collections were found in result set for role: net.lojika.gtfs.model.Routes.routesCdkidCollection
14:01:03.486 [main] DEBUG o.h.e.loading.CollectionLoadContext - collection fully initialized: [net.lojika.gtfs.model.Routes.routesCdkidCollection#istb.280417]
14:01:03.486 [main] DEBUG o.h.e.loading.CollectionLoadContext - 1 collections initialized for role: net.lojika.gtfs.model.Routes.routesCdkidCollection
14:01:03.486 [main] DEBUG org.hibernate.loader.Loader - done loading collection
14:01:03.486 [main] DEBUG org.hibernate.loader.Loader - loading collection: [net.lojika.gtfs.model.Routes.routesCdkidCollection#istb.280418]
14:01:03.486 [main] DEBUG org.hibernate.jdbc.AbstractBatcher - about to open PreparedStatement (open PreparedStatements: 0, globally: 0)
14:01:03.486 [main] DEBUG org.hibernate.SQL - select routescdki0_.route_id as route2_2_1_, routescdki0_.route_cdk_id as route1_1_, routescdki0_.route_cdk_id as route1_3_0_, routescdki0_.route_id as route2_3_0_ from public.routes_cdkid routescdki0_ where routescdki0_.route_id=?
Hibernate: select routescdki0_.route_id as route2_2_1_, routescdki0_.route_cdk_id as route1_1_, routescdki0_.route_cdk_id as route1_3_0_, routescdki0_.route_id as route2_3_0_ from public.routes_cdkid routescdki0_ where routescdki0_.route_id=?
14:01:03.486 [main] DEBUG org.hibernate.jdbc.AbstractBatcher - about to open ResultSet (open ResultSets: 0, globally: 0)
14:01:03.486 [main] DEBUG org.hibernate.loader.Loader - result set contains (possibly empty) collection: [net.lojika.gtfs.model.Routes.routesCdkidCollection#istb.280418]
14:01:03.486 [main] DEBUG org.hibernate.loader.Loader - result row: EntityKey[net.lojika.gtfs.model.RoutesCdkid#gtfs.line.1.22-1]
14:01:03.486 [main] DEBUG org.hibernate.loader.Loader - found row of collection: [net.lojika.gtfs.model.Routes.routesCdkidCollection#istb.280418]
14:01:03.486 [main] DEBUG org.hibernate.loader.Loader - result row: EntityKey[net.lojika.gtfs.model.RoutesCdkid#gtfs.line.1.22-0]
14:01:03.486 [main] DEBUG org.hibernate.loader.Loader - found row of collection: [net.lojika.gtfs.model.Routes.routesCdkidCollection#istb.280418]
14:01:03.486 [main] DEBUG org.hibernate.jdbc.AbstractBatcher - about to close ResultSet (open ResultSets: 1, globally: 1)
14:01:03.486 [main] DEBUG org.hibernate.jdbc.AbstractBatcher - about to close PreparedStatement (open PreparedStatements: 1, globally: 1)
14:01:03.487 [main] DEBUG o.h.e.loading.CollectionLoadContext - 1 collections were found in result set for role: net.lojika.gtfs.model.Routes.routesCdkidCollection
14:01:03.487 [main] DEBUG o.h.e.loading.CollectionLoadContext - collection fully initialized: [net.lojika.gtfs.model.Routes.routesCdkidCollection#istb.280418]
14:01:03.487 [main] DEBUG o.h.e.loading.CollectionLoadContext - 1 collections initialized for role: net.lojika.gtfs.model.Routes.routesCdkidCollection
14:01:03.487 [main] DEBUG org.hibernate.loader.Loader - done loading collection
14:01:03.487 [main] DEBUG org.hibernate.loader.Loader - loading collection: [net.lojika.gtfs.model.Routes.routesCdkidCollection#istb.280419]
14:01:03.487 [main] DEBUG org.hibernate.jdbc.AbstractBatcher - about to open PreparedStatement (open PreparedStatements: 0, globally: 0)
14:01:03.487 [main] DEBUG org.hibernate.SQL - select routescdki0_.route_id as route2_2_1_, routescdki0_.route_cdk_id as route1_1_, routescdki0_.route_cdk_id as route1_3_0_, routescdki0_.route_id as route2_3_0_ from public.routes_cdkid routescdki0_ where routescdki0_.route_id=?
Hibernate: select routescdki0_.route_id as route2_2_1_, routescdki0_.route_cdk_id as route1_1_, routescdki0_.route_cdk_id as route1_3_0_, routescdki0_.route_id as route2_3_0_ from public.routes_cdkid routescdki0_ where routescdki0_.route_id=?
14:01:03.487 [main] DEBUG org.hibernate.jdbc.AbstractBatcher - about to open ResultSet (open ResultSets: 0, globally: 0)
14:01:03.487 [main] DEBUG org.hibernate.loader.Loader - result set contains (possibly empty) collection: [net.lojika.gtfs.model.Routes.routesCdkidCollection#istb.280419]
14:01:03.487 [main] DEBUG org.hibernate.loader.Loader - result row: EntityKey[net.lojika.gtfs.model.RoutesCdkid#gtfs.line.1.222-1]
14:01:03.487 [main] DEBUG org.hibernate.loader.Loader - found row of collection: [net.lojika.gtfs.model.Routes.routesCdkidCollection#istb.280419]
14:01:03.487 [main] DEBUG org.hibernate.loader.Loader - result row: EntityKey[net.lojika.gtfs.model.RoutesCdkid#gtfs.line.1.222-0]
14:01:03.487 [main] DEBUG org.hibernate.loader.Loader - found row of collection: [net.lojika.gtfs.model.Routes.routesCdkidCollection#istb.280419]
14:01:03.487 [main] DEBUG org.hibernate.jdbc.AbstractBatcher - about to close ResultSet (open ResultSets: 1, globally: 1)
14:01:03.487 [main] DEBUG org.hibernate.jdbc.AbstractBatcher - about to close PreparedStatement (open PreparedStatements: 1, globally: 1)
14:01:03.487 [main] DEBUG o.h.e.loading.CollectionLoadContext - 1 collections were found in result set for role: net.lojika.gtfs.model.Routes.routesCdkidCollection
14:01:03.488 [main] DEBUG o.h.e.loading.CollectionLoadContext - collection fully initialized: [net.lojika.gtfs.model.Routes.routesCdkidCollection#istb.280419]
14:01:03.488 [main] DEBUG o.h.e.loading.CollectionLoadContext - 1 collections initialized for role: net.lojika.gtfs.model.Routes.routesCdkidCollection
14:01:03.488 [main] DEBUG org.hibernate.loader.Loader - done loading collection
14:01:03.488 [main] DEBUG org.hibernate.loader.Loader - loading collection: [net.lojika.gtfs.model.Routes.routesCdkidCollection#istb.280421]
14:01:03.488 [main] DEBUG org.hibernate.jdbc.AbstractBatcher - about to open PreparedStatement (open PreparedStatements: 0, globally: 0)
14:01:03.488 [main] DEBUG org.hibernate.SQL - select routescdki0_.route_id as route2_2_1_, routescdki0_.route_cdk_id as route1_1_, routescdki0_.route_cdk_id as route1_3_0_, routescdki0_.route_id as route2_3_0_ from public.routes_cdkid routescdki0_ where routescdki0_.route_id=?
Hibernate: select routescdki0_.route_id as route2_2_1_, routescdki0_.route_cdk_id as route1_1_, routescdki0_.route_cdk_id as route1_3_0_, routescdki0_.route_id as route2_3_0_ from public.routes_cdkid routescdki0_ where routescdki0_.route_id=?
14:01:03.488 [main] DEBUG org.hibernate.jdbc.AbstractBatcher - about to open ResultSet (open ResultSets: 0, globally: 0)
14:01:03.488 [main] DEBUG org.hibernate.loader.Loader - result set contains (possibly empty) collection: [net.lojika.gtfs.model.Routes.routesCdkidCollection#istb.280421]
14:01:03.488 [main] DEBUG org.hibernate.loader.Loader - result row: EntityKey[net.lojika.gtfs.model.RoutesCdkid#gtfs.line.1.251-1]
14:01:03.488 [main] DEBUG org.hibernate.loader.Loader - found row of collection: [net.lojika.gtfs.model.Routes.routesCdkidCollection#istb.280421]
14:01:03.488 [main] DEBUG org.hibernate.loader.Loader - result row: EntityKey[net.lojika.gtfs.model.RoutesCdkid#gtfs.line.1.251-0]
14:01:03.488 [main] DEBUG org.hibernate.loader.Loader - found row of collection: [net.lojika.gtfs.model.Routes.routesCdkidCollection#istb.280421]
14:01:03.489 [main] DEBUG org.hibernate.jdbc.AbstractBatcher - about to close ResultSet (open ResultSets: 1, globally: 1)
14:01:03.489 [main] DEBUG org.hibernate.jdbc.AbstractBatcher - about to close PreparedStatement (open PreparedStatements: 1, globally: 1)
14:01:03.489 [main] DEBUG o.h.e.loading.CollectionLoadContext - 1 collections were found in result set for role: net.lojika.gtfs.model.Routes.routesCdkidCollection
14:01:03.489 [main] DEBUG o.h.e.loading.CollectionLoadContext - collection fully initialized: [net.lojika.gtfs.model.Routes.routesCdkidCollection#istb.280421]
14:01:03.489 [main] DEBUG o.h.e.loading.CollectionLoadContext - 1 collections initialized for role: net.lojika.gtfs.model.Routes.routesCdkidCollection
14:01:03.489 [main] DEBUG org.hibernate.loader.Loader - done loading collection
14:01:03.489 [main] DEBUG org.hibernate.loader.Loader - loading collection: [net.lojika.gtfs.model.Routes.routesCdkidCollection#istb.280422]
14:01:03.489 [main] DEBUG org.hibernate.jdbc.AbstractBatcher - about to open PreparedStatement (open PreparedStatements: 0, globally: 0)
14:01:03.489 [main] DEBUG org.hibernate.SQL - select routescdki0_.route_id as route2_2_1_, routescdki0_.route_cdk_id as route1_1_, routescdki0_.route_cdk_id as route1_3_0_, routescdki0_.route_id as route2_3_0_ from public.routes_cdkid routescdki0_ where routescdki0_.route_id=?
Hibernate: select routescdki0_.route_id as route2_2_1_, routescdki0_.route_cdk_id as route1_1_, routescdki0_.route_cdk_id as route1_3_0_, routescdki0_.route_id as route2_3_0_ from public.routes_cdkid routescdki0_ where routescdki0_.route_id=?
14:01:03.489 [main] DEBUG org.hibernate.jdbc.AbstractBatcher - about to open ResultSet (open ResultSets: 0, globally: 0)
14:01:03.489 [main] DEBUG org.hibernate.loader.Loader - result set contains (possibly empty) collection: [net.lojika.gtfs.model.Routes.routesCdkidCollection#istb.280422]
14:01:03.489 [main] DEBUG org.hibernate.loader.Loader - result row: EntityKey[net.lojika.gtfs.model.RoutesCdkid#gtfs.line.1.252-1]
14:01:03.490 [main] DEBUG org.hibernate.loader.Loader - found row of collection: [net.lojika.gtfs.model.Routes.routesCdkidCollection#istb.280422]
14:01:03.490 [main] DEBUG org.hibernate.loader.Loader - result row: EntityKey[net.lojika.gtfs.model.RoutesCdkid#gtfs.line.1.252-0]
14:01:03.490 [main] DEBUG org.hibernate.loader.Loader - found row of collection: [net.lojika.gtfs.model.Routes.routesCdkidCollection#istb.280422]
14:01:03.490 [main] DEBUG org.hibernate.jdbc.AbstractBatcher - about to close ResultSet (open ResultSets: 1, globally: 1)
14:01:03.490 [main] DEBUG org.hibernate.jdbc.AbstractBatcher - about to close PreparedStatement (open PreparedStatements: 1, globally: 1)
14:01:03.490 [main] DEBUG o.h.e.loading.CollectionLoadContext - 1 collections were found in result set for role: net.lojika.gtfs.model.Routes.routesCdkidCollection
14:01:03.490 [main] DEBUG o.h.e.loading.CollectionLoadContext - collection fully initialized: [net.lojika.gtfs.model.Routes.routesCdkidCollection#istb.280422]
14:01:03.490 [main] DEBUG o.h.e.loading.CollectionLoadContext - 1 collections initialized for role: net.lojika.gtfs.model.Routes.routesCdkidCollection
14:01:03.490 [main] DEBUG org.hibernate.loader.Loader - done loading collection
14:01:03.490 [main] DEBUG org.hibernate.loader.Loader - loading collection: [net.lojika.gtfs.model.Routes.routesCdkidCollection#istb.5007]
14:01:03.490 [main] DEBUG org.hibernate.jdbc.AbstractBatcher - about to open PreparedStatement (open PreparedStatements: 0, globally: 0)
14:01:03.490 [main] DEBUG org.hibernate.SQL - select routescdki0_.route_id as route2_2_1_, routescdki0_.route_cdk_id as route1_1_, routescdki0_.route_cdk_id as route1_3_0_, routescdki0_.route_id as route2_3_0_ from public.routes_cdkid routescdki0_ where routescdki0_.route_id=?
Hibernate: select routescdki0_.route_id as route2_2_1_, routescdki0_.route_cdk_id as route1_1_, routescdki0_.route_cdk_id as route1_3_0_, routescdki0_.route_id as route2_3_0_ from public.routes_cdkid routescdki0_ where routescdki0_.route_id=?
14:01:03.490 [main] DEBUG org.hibernate.jdbc.AbstractBatcher - about to open ResultSet (open ResultSets: 0, globally: 0)
14:01:03.491 [main] DEBUG org.hibernate.loader.Loader - result set contains (possibly empty) collection: [net.lojika.gtfs.model.Routes.routesCdkidCollection#istb.5007]
14:01:03.491 [main] DEBUG org.hibernate.loader.Loader - result row: EntityKey[net.lojika.gtfs.model.RoutesCdkid#gtfs.line.5.kdykbt-1]
14:01:03.491 [main] DEBUG org.hibernate.loader.Loader - found row of collection: [net.lojika.gtfs.model.Routes.routesCdkidCollection#istb.5007]
14:01:03.491 [main] DEBUG org.hibernate.loader.Loader - result row: EntityKey[net.lojika.gtfs.model.RoutesCdkid#gtfs.line.5.kdykbt-0]
14:01:03.491 [main] DEBUG org.hibernate.loader.Loader - found row of collection: [net.lojika.gtfs.model.Routes.routesCdkidCollection#istb.5007]
14:01:03.491 [main] DEBUG org.hibernate.jdbc.AbstractBatcher - about to close ResultSet (open ResultSets: 1, globally: 1)
14:01:03.491 [main] DEBUG org.hibernate.jdbc.AbstractBatcher - about to close PreparedStatement (open PreparedStatements: 1, globally: 1)
14:01:03.491 [main] DEBUG o.h.e.loading.CollectionLoadContext - 1 collections were found in result set for role: net.lojika.gtfs.model.Routes.routesCdkidCollection
14:01:03.491 [main] DEBUG o.h.e.loading.CollectionLoadContext - collection fully initialized: [net.lojika.gtfs.model.Routes.routesCdkidCollection#istb.5007]
14:01:03.491 [main] DEBUG o.h.e.loading.CollectionLoadContext - 1 collections initialized for role: net.lojika.gtfs.model.Routes.routesCdkidCollection
14:01:03.491 [main] DEBUG org.hibernate.loader.Loader - done loading collection
14:01:03.491 [main] DEBUG org.hibernate.loader.Loader - loading collection: [net.lojika.gtfs.model.Routes.routesCdkidCollection#istb.2001]
14:01:03.491 [main] DEBUG org.hibernate.jdbc.AbstractBatcher - about to open PreparedStatement (open PreparedStatements: 0, globally: 0)
14:01:03.491 [main] DEBUG org.hibernate.SQL - select routescdki0_.route_id as route2_2_1_, routescdki0_.route_cdk_id as route1_1_, routescdki0_.route_cdk_id as route1_3_0_, routescdki0_.route_id as route2_3_0_ from public.routes_cdkid routescdki0_ where routescdki0_.route_id=?
Hibernate: select routescdki0_.route_id as route2_2_1_, routescdki0_.route_cdk_id as route1_1_, routescdki0_.route_cdk_id as route1_3_0_, routescdki0_.route_id as route2_3_0_ from public.routes_cdkid routescdki0_ where routescdki0_.route_id=?
14:01:03.492 [main] DEBUG org.hibernate.jdbc.AbstractBatcher - about to open ResultSet (open ResultSets: 0, globally: 0)
14:01:03.492 [main] DEBUG org.hibernate.loader.Loader - result set contains (possibly empty) collection: [net.lojika.gtfs.model.Routes.routesCdkidCollection#istb.2001]
14:01:03.492 [main] DEBUG org.hibernate.loader.Loader - result row: EntityKey[net.lojika.gtfs.model.RoutesCdkid#gtfs.line.2.m1a-1]
14:01:03.492 [main] DEBUG org.hibernate.loader.Loader - found row of collection: [net.lojika.gtfs.model.Routes.routesCdkidCollection#istb.2001]
14:01:03.492 [main] DEBUG org.hibernate.loader.Loader - result row: EntityKey[net.lojika.gtfs.model.RoutesCdkid#gtfs.line.2.m1a-0]
14:01:03.492 [main] DEBUG org.hibernate.loader.Loader - found row of collection: [net.lojika.gtfs.model.Routes.routesCdkidCollection#istb.2001]
14:01:03.492 [main] DEBUG org.hibernate.jdbc.AbstractBatcher - about to close ResultSet (open ResultSets: 1, globally: 1)
14:01:03.492 [main] DEBUG org.hibernate.jdbc.AbstractBatcher - about to close PreparedStatement (open PreparedStatements: 1, globally: 1)
14:01:03.492 [main] DEBUG o.h.e.loading.CollectionLoadContext - 1 collections were found in result set for role: net.lojika.gtfs.model.Routes.routesCdkidCollection
14:01:03.492 [main] DEBUG o.h.e.loading.CollectionLoadContext - collection fully initialized: [net.lojika.gtfs.model.Routes.routesCdkidCollection#istb.2001]
14:01:03.492 [main] DEBUG o.h.e.loading.CollectionLoadContext - 1 collections initialized for role: net.lojika.gtfs.model.Routes.routesCdkidCollection
14:01:03.492 [main] DEBUG org.hibernate.loader.Loader - done loading collection
14:01:03.492 [main] DEBUG org.hibernate.loader.Loader - loading collection: [net.lojika.gtfs.model.Routes.routesCdkidCollection#istb.2002]
14:01:03.492 [main] DEBUG org.hibernate.jdbc.AbstractBatcher - about to open PreparedStatement (open PreparedStatements: 0, globally: 0)
14:01:03.492 [main] DEBUG org.hibernate.SQL - select routescdki0_.route_id as route2_2_1_, routescdki0_.route_cdk_id as route1_1_, routescdki0_.route_cdk_id as route1_3_0_, routescdki0_.route_id as route2_3_0_ from public.routes_cdkid routescdki0_ where routescdki0_.route_id=?
Hibernate: select routescdki0_.route_id as route2_2_1_, routescdki0_.route_cdk_id as route1_1_, routescdki0_.route_cdk_id as route1_3_0_, routescdki0_.route_id as route2_3_0_ from public.routes_cdkid routescdki0_ where routescdki0_.route_id=?
14:01:03.493 [main] DEBUG org.hibernate.jdbc.AbstractBatcher - about to open ResultSet (open ResultSets: 0, globally: 0)
14:01:03.493 [main] DEBUG org.hibernate.loader.Loader - result set contains (possibly empty) collection: [net.lojika.gtfs.model.Routes.routesCdkidCollection#istb.2002]
14:01:03.493 [main] DEBUG org.hibernate.loader.Loader - result row: EntityKey[net.lojika.gtfs.model.RoutesCdkid#gtfs.line.2.m2-1]
14:01:03.493 [main] DEBUG org.hibernate.loader.Loader - found row of collection: [net.lojika.gtfs.model.Routes.routesCdkidCollection#istb.2002]
14:01:03.493 [main] DEBUG org.hibernate.loader.Loader - result row: EntityKey[net.lojika.gtfs.model.RoutesCdkid#gtfs.line.2.m2-0]
14:01:03.493 [main] DEBUG org.hibernate.loader.Loader - found row of collection: [net.lojika.gtfs.model.Routes.routesCdkidCollection#istb.2002]
14:01:03.493 [main] DEBUG org.hibernate.jdbc.AbstractBatcher - about to close ResultSet (open ResultSets: 1, globally: 1)
14:01:03.493 [main] DEBUG org.hibernate.jdbc.AbstractBatcher - about to close PreparedStatement (open PreparedStatements: 1, globally: 1)
14:01:03.493 [main] DEBUG o.h.e.loading.CollectionLoadContext - 1 collections were found in result set for role: net.lojika.gtfs.model.Routes.routesCdkidCollection
14:01:03.493 [main] DEBUG o.h.e.loading.CollectionLoadContext - collection fully initialized: [net.lojika.gtfs.model.Routes.routesCdkidCollection#istb.2002]
14:01:03.493 [main] DEBUG o.h.e.loading.CollectionLoadContext - 1 collections initialized for role: net.lojika.gtfs.model.Routes.routesCdkidCollection
14:01:03.493 [main] DEBUG org.hibernate.loader.Loader - done loading collection
14:01:03.493 [main] DEBUG org.hibernate.loader.Loader - loading collection: [net.lojika.gtfs.model.Routes.routesCdkidCollection#istb.2003]
14:01:03.493 [main] DEBUG org.hibernate.jdbc.AbstractBatcher - about to open PreparedStatement (open PreparedStatements: 0, globally: 0)
14:01:03.493 [main] DEBUG org.hibernate.SQL - select routescdki0_.route_id as route2_2_1_, routescdki0_.route_cdk_id as route1_1_, routescdki0_.route_cdk_id as route1_3_0_, routescdki0_.route_id as route2_3_0_ from public.routes_cdkid routescdki0_ where routescdki0_.route_id=?
Hibernate: select routescdki0_.route_id as route2_2_1_, routescdki0_.route_cdk_id as route1_1_, routescdki0_.route_cdk_id as route1_3_0_, routescdki0_.route_id as route2_3_0_ from public.routes_cdkid routescdki0_ where routescdki0_.route_id=?
14:01:03.494 [main] DEBUG org.hibernate.jdbc.AbstractBatcher - about to open ResultSet (open ResultSets: 0, globally: 0)
14:01:03.494 [main] DEBUG org.hibernate.loader.Loader - result set contains (possibly empty) collection: [net.lojika.gtfs.model.Routes.routesCdkidCollection#istb.2003]
14:01:03.494 [main] DEBUG org.hibernate.loader.Loader - result row: EntityKey[net.lojika.gtfs.model.RoutesCdkid#gtfs.line.2.m3-1]
14:01:03.494 [main] DEBUG org.hibernate.loader.Loader - found row of collection: [net.lojika.gtfs.model.Routes.routesCdkidCollection#istb.2003]
14:01:03.494 [main] DEBUG org.hibernate.loader.Loader - result row: EntityKey[net.lojika.gtfs.model.RoutesCdkid#gtfs.line.2.m3-0]
14:01:03.494 [main] DEBUG org.hibernate.loader.Loader - found row of collection: [net.lojika.gtfs.model.Routes.routesCdkidCollection#istb.2003]
14:01:03.494 [main] DEBUG org.hibernate.jdbc.AbstractBatcher - about to close ResultSet (open ResultSets: 1, globally: 1)
14:01:03.494 [main] DEBUG org.hibernate.jdbc.AbstractBatcher - about to close PreparedStatement (open PreparedStatements: 1, globally: 1)
14:01:03.494 [main] DEBUG o.h.e.loading.CollectionLoadContext - 1 collections were found in result set for role: net.lojika.gtfs.model.Routes.routesCdkidCollection
14:01:03.494 [main] DEBUG o.h.e.loading.CollectionLoadContext - collection fully initialized: [net.lojika.gtfs.model.Routes.routesCdkidCollection#istb.2003]
14:01:03.494 [main] DEBUG o.h.e.loading.CollectionLoadContext - 1 collections initialized for role: net.lojika.gtfs.model.Routes.routesCdkidCollection
14:01:03.494 [main] DEBUG org.hibernate.loader.Loader - done loading collection
14:01:03.495 [main] DEBUG org.hibernate.loader.Loader - loading collection: [net.lojika.gtfs.model.Routes.routesCdkidCollection#istb.2004]
14:01:03.495 [main] DEBUG org.hibernate.jdbc.AbstractBatcher - about to open PreparedStatement (open PreparedStatements: 0, globally: 0)
14:01:03.495 [main] DEBUG org.hibernate.SQL - select routescdki0_.route_id as route2_2_1_, routescdki0_.route_cdk_id as route1_1_, routescdki0_.route_cdk_id as route1_3_0_, routescdki0_.route_id as route2_3_0_ from public.routes_cdkid routescdki0_ where routescdki0_.route_id=?
Hibernate: select routescdki0_.route_id as route2_2_1_, routescdki0_.route_cdk_id as route1_1_, routescdki0_.route_cdk_id as route1_3_0_, routescdki0_.route_id as route2_3_0_ from public.routes_cdkid routescdki0_ where routescdki0_.route_id=?
14:01:03.495 [main] DEBUG org.hibernate.jdbc.AbstractBatcher - about to open ResultSet (open ResultSets: 0, globally: 0)
14:01:03.495 [main] DEBUG org.hibernate.loader.Loader - result set contains (possibly empty) collection: [net.lojika.gtfs.model.Routes.routesCdkidCollection#istb.2004]
14:01:03.495 [main] DEBUG org.hibernate.loader.Loader - result row: EntityKey[net.lojika.gtfs.model.RoutesCdkid#gtfs.line.2.m4-1]
14:01:03.495 [main] DEBUG org.hibernate.loader.Loader - found row of collection: [net.lojika.gtfs.model.Routes.routesCdkidCollection#istb.2004]
14:01:03.495 [main] DEBUG org.hibernate.loader.Loader - result row: EntityKey[net.lojika.gtfs.model.RoutesCdkid#gtfs.line.2.m4-0]
14:01:03.495 [main] DEBUG org.hibernate.loader.Loader - found row of collection: [net.lojika.gtfs.model.Routes.routesCdkidCollection#istb.2004]
14:01:03.495 [main] DEBUG org.hibernate.jdbc.AbstractBatcher - about to close ResultSet (open ResultSets: 1, globally: 1)
14:01:03.495 [main] DEBUG org.hibernate.jdbc.AbstractBatcher - about to close PreparedStatement (open PreparedStatements: 1, globally: 1)
14:01:03.495 [main] DEBUG o.h.e.loading.CollectionLoadContext - 1 collections were found in result set for role: net.lojika.gtfs.model.Routes.routesCdkidCollection
14:01:03.495 [main] DEBUG o.h.e.loading.CollectionLoadContext - collection fully initialized: [net.lojika.gtfs.model.Routes.routesCdkidCollection#istb.2004]
14:01:03.495 [main] DEBUG o.h.e.loading.CollectionLoadContext - 1 collections initialized for role: net.lojika.gtfs.model.Routes.routesCdkidCollection
14:01:03.496 [main] DEBUG org.hibernate.loader.Loader - done loading collection
14:01:03.496 [main] DEBUG org.hibernate.loader.Loader - loading collection: [net.lojika.gtfs.model.Routes.routesCdkidCollection#istb.2005]
14:01:03.496 [main] DEBUG org.hibernate.jdbc.AbstractBatcher - about to open PreparedStatement (open PreparedStatements: 0, globally: 0)
14:01:03.496 [main] DEBUG org.hibernate.SQL - select routescdki0_.route_id as route2_2_1_, routescdki0_.route_cdk_id as route1_1_, routescdki0_.route_cdk_id as route1_3_0_, routescdki0_.route_id as route2_3_0_ from public.routes_cdkid routescdki0_ where routescdki0_.route_id=?
Hibernate: select routescdki0_.route_id as route2_2_1_, routescdki0_.route_cdk_id as route1_1_, routescdki0_.route_cdk_id as route1_3_0_, routescdki0_.route_id as route2_3_0_ from public.routes_cdkid routescdki0_ where routescdki0_.route_id=?
14:01:03.496 [main] DEBUG org.hibernate.jdbc.AbstractBatcher - about to open ResultSet (open ResultSets: 0, globally: 0)
14:01:03.496 [main] DEBUG org.hibernate.loader.Loader - result set contains (possibly empty) collection: [net.lojika.gtfs.model.Routes.routesCdkidCollection#istb.2005]
14:01:03.496 [main] DEBUG org.hibernate.loader.Loader - result row: EntityKey[net.lojika.gtfs.model.RoutesCdkid#gtfs.line.2.t1-1]
14:01:03.496 [main] DEBUG org.hibernate.loader.Loader - found row of collection: [net.lojika.gtfs.model.Routes.routesCdkidCollection#istb.2005]
14:01:03.496 [main] DEBUG org.hibernate.loader.Loader - result row: EntityKey[net.lojika.gtfs.model.RoutesCdkid#gtfs.line.2.t1-0]
14:01:03.496 [main] DEBUG org.hibernate.loader.Loader - found row of collection: [net.lojika.gtfs.model.Routes.routesCdkidCollection#istb.2005]
14:01:03.496 [main] DEBUG org.hibernate.jdbc.AbstractBatcher - about to close ResultSet (open ResultSets: 1, globally: 1)
14:01:03.496 [main] DEBUG org.hibernate.jdbc.AbstractBatcher - about to close PreparedStatement (open PreparedStatements: 1, globally: 1)
14:01:03.496 [main] DEBUG o.h.e.loading.CollectionLoadContext - 1 collections were found in result set for role: net.lojika.gtfs.model.Routes.routesCdkidCollection
14:01:03.496 [main] DEBUG o.h.e.loading.CollectionLoadContext - collection fully initialized: [net.lojika.gtfs.model.Routes.routesCdkidCollection#istb.2005]
14:01:03.496 [main] DEBUG o.h.e.loading.CollectionLoadContext - 1 collections initialized for role: net.lojika.gtfs.model.Routes.routesCdkidCollection
14:01:03.496 [main] DEBUG org.hibernate.loader.Loader - done loading collection
14:01:03.497 [main] DEBUG org.hibernate.loader.Loader - loading collection: [net.lojika.gtfs.model.Routes.routesCdkidCollection#istb.2007]
14:01:03.497 [main] DEBUG org.hibernate.jdbc.AbstractBatcher - about to open PreparedStatement (open PreparedStatements: 0, globally: 0)
14:01:03.497 [main] DEBUG org.hibernate.SQL - select routescdki0_.route_id as route2_2_1_, routescdki0_.route_cdk_id as route1_1_, routescdki0_.route_cdk_id as route1_3_0_, routescdki0_.route_id as route2_3_0_ from public.routes_cdkid routescdki0_ where routescdki0_.route_id=?
Hibernate: select routescdki0_.route_id as route2_2_1_, routescdki0_.route_cdk_id as route1_1_, routescdki0_.route_cdk_id as route1_3_0_, routescdki0_.route_id as route2_3_0_ from public.routes_cdkid routescdki0_ where routescdki0_.route_id=?
14:01:03.497 [main] DEBUG org.hibernate.jdbc.AbstractBatcher - about to open ResultSet (open ResultSets: 0, globally: 0)
14:01:03.497 [main] DEBUG org.hibernate.loader.Loader - result set contains (possibly empty) collection: [net.lojika.gtfs.model.Routes.routesCdkidCollection#istb.2007]
14:01:03.497 [main] DEBUG org.hibernate.loader.Loader - result row: EntityKey[net.lojika.gtfs.model.RoutesCdkid#gtfs.line.2.t4-1]
14:01:03.497 [main] DEBUG org.hibernate.loader.Loader - found row of collection: [net.lojika.gtfs.model.Routes.routesCdkidCollection#istb.2007]
14:01:03.497 [main] DEBUG org.hibernate.loader.Loader - result row: EntityKey[net.lojika.gtfs.model.RoutesCdkid#gtfs.line.2.t4-0]
14:01:03.497 [main] DEBUG org.hibernate.loader.Loader - found row of collection: [net.lojika.gtfs.model.Routes.routesCdkidCollection#istb.2007]
14:01:03.498 [main] DEBUG org.hibernate.jdbc.AbstractBatcher - about to close ResultSet (open ResultSets: 1, globally: 1)
14:01:03.498 [main] DEBUG org.hibernate.jdbc.AbstractBatcher - about to close PreparedStatement (open PreparedStatements: 1, globally: 1)
14:01:03.498 [main] DEBUG o.h.e.loading.CollectionLoadContext - 1 collections were found in result set for role: net.lojika.gtfs.model.Routes.routesCdkidCollection
14:01:03.498 [main] DEBUG o.h.e.loading.CollectionLoadContext - collection fully initialized: [net.lojika.gtfs.model.Routes.routesCdkidCollection#istb.2007]
14:01:03.498 [main] DEBUG o.h.e.loading.CollectionLoadContext - 1 collections initialized for role: net.lojika.gtfs.model.Routes.routesCdkidCollection
14:01:03.498 [main] DEBUG org.hibernate.loader.Loader - done loading collection
14:01:03.498 [main] DEBUG org.hibernate.loader.Loader - loading collection: [net.lojika.gtfs.model.Routes.routesCdkidCollection#istb.2008]
14:01:03.498 [main] DEBUG org.hibernate.jdbc.AbstractBatcher - about to open PreparedStatement (open PreparedStatements: 0, globally: 0)
14:01:03.498 [main] DEBUG org.hibernate.SQL - select routescdki0_.route_id as route2_2_1_, routescdki0_.route_cdk_id as route1_1_, routescdki0_.route_cdk_id as route1_3_0_, routescdki0_.route_id as route2_3_0_ from public.routes_cdkid routescdki0_ where routescdki0_.route_id=?
Hibernate: select routescdki0_.route_id as route2_2_1_, routescdki0_.route_cdk_id as route1_1_, routescdki0_.route_cdk_id as route1_3_0_, routescdki0_.route_id as route2_3_0_ from public.routes_cdkid routescdki0_ where routescdki0_.route_id=?
14:01:03.499 [main] DEBUG org.hibernate.jdbc.AbstractBatcher - about to open ResultSet (open ResultSets: 0, globally: 0)
14:01:03.499 [main] DEBUG org.hibernate.loader.Loader - result set contains (possibly empty) collection: [net.lojika.gtfs.model.Routes.routesCdkidCollection#istb.2008]
14:01:03.499 [main] DEBUG org.hibernate.loader.Loader - result row: EntityKey[net.lojika.gtfs.model.RoutesCdkid#gtfs.line.2.f1-1]
14:01:03.499 [main] DEBUG org.hibernate.loader.Loader - found row of collection: [net.lojika.gtfs.model.Routes.routesCdkidCollection#istb.2008]
14:01:03.499 [main] DEBUG org.hibernate.loader.Loader - result row: EntityKey[net.lojika.gtfs.model.RoutesCdkid#gtfs.line.2.f1-0]
14:01:03.499 [main] DEBUG org.hibernate.loader.Loader - found row of collection: [net.lojika.gtfs.model.Routes.routesCdkidCollection#istb.2008]
14:01:03.499 [main] DEBUG org.hibernate.jdbc.AbstractBatcher - about to close ResultSet (open ResultSets: 1, globally: 1)
14:01:03.499 [main] DEBUG org.hibernate.jdbc.AbstractBatcher - about to close PreparedStatement (open PreparedStatements: 1, globally: 1)
14:01:03.499 [main] DEBUG o.h.e.loading.CollectionLoadContext - 1 collections were found in result set for role: net.lojika.gtfs.model.Routes.routesCdkidCollection
14:01:03.499 [main] DEBUG o.h.e.loading.CollectionLoadContext - collection fully initialized: [net.lojika.gtfs.model.Routes.routesCdkidCollection#istb.2008]
14:01:03.499 [main] DEBUG o.h.e.loading.CollectionLoadContext - 1 collections initialized for role: net.lojika.gtfs.model.Routes.routesCdkidCollection
14:01:03.499 [main] DEBUG org.hibernate.loader.Loader - done loading collection
14:01:03.499 [main] DEBUG org.hibernate.loader.Loader - loading collection: [net.lojika.gtfs.model.Routes.routesCdkidCollection#istb.2012]
14:01:03.499 [main] DEBUG org.hibernate.jdbc.AbstractBatcher - about to open PreparedStatement (open PreparedStatements: 0, globally: 0)
14:01:03.499 [main] DEBUG org.hibernate.SQL - select routescdki0_.route_id as route2_2_1_, routescdki0_.route_cdk_id as route1_1_, routescdki0_.route_cdk_id as route1_3_0_, routescdki0_.route_id as route2_3_0_ from public.routes_cdkid routescdki0_ where routescdki0_.route_id=?
Hibernate: select routescdki0_.route_id as route2_2_1_, routescdki0_.route_cdk_id as route1_1_, routescdki0_.route_cdk_id as route1_3_0_, routescdki0_.route_id as route2_3_0_ from public.routes_cdkid routescdki0_ where routescdki0_.route_id=?
14:01:03.500 [main] DEBUG org.hibernate.jdbc.AbstractBatcher - about to open ResultSet (open ResultSets: 0, globally: 0)
14:01:03.500 [main] DEBUG org.hibernate.loader.Loader - result set contains (possibly empty) collection: [net.lojika.gtfs.model.Routes.routesCdkidCollection#istb.2012]
14:01:03.500 [main] DEBUG org.hibernate.loader.Loader - result row: EntityKey[net.lojika.gtfs.model.RoutesCdkid#gtfs.line.2.m2a-1]
14:01:03.500 [main] DEBUG org.hibernate.loader.Loader - found row of collection: [net.lojika.gtfs.model.Routes.routesCdkidCollection#istb.2012]
14:01:03.500 [main] DEBUG org.hibernate.loader.Loader - result row: EntityKey[net.lojika.gtfs.model.RoutesCdkid#gtfs.line.2.m2a-0]
14:01:03.500 [main] DEBUG org.hibernate.loader.Loader - found row of collection: [net.lojika.gtfs.model.Routes.routesCdkidCollection#istb.2012]
14:01:03.500 [main] DEBUG org.hibernate.jdbc.AbstractBatcher - about to close ResultSet (open ResultSets: 1, globally: 1)
14:01:03.501 [main] DEBUG org.hibernate.jdbc.AbstractBatcher - about to close PreparedStatement (open PreparedStatements: 1, globally: 1)
14:01:03.501 [main] DEBUG o.h.e.loading.CollectionLoadContext - 1 collections were found in result set for role: net.lojika.gtfs.model.Routes.routesCdkidCollection
14:01:03.501 [main] DEBUG o.h.e.loading.CollectionLoadContext - collection fully initialized: [net.lojika.gtfs.model.Routes.routesCdkidCollection#istb.2012]
14:01:03.501 [main] DEBUG o.h.e.loading.CollectionLoadContext - 1 collections initialized for role: net.lojika.gtfs.model.Routes.routesCdkidCollection
14:01:03.501 [main] DEBUG org.hibernate.loader.Loader - done loading collection
14:01:03.501 [main] DEBUG org.hibernate.loader.Loader - loading collection: [net.lojika.gtfs.model.Routes.routesCdkidCollection#istb.280556]
14:01:03.501 [main] DEBUG org.hibernate.jdbc.AbstractBatcher - about to open PreparedStatement (open PreparedStatements: 0, globally: 0)
14:01:03.501 [main] DEBUG org.hibernate.SQL - select routescdki0_.route_id as route2_2_1_, routescdki0_.route_cdk_id as route1_1_, routescdki0_.route_cdk_id as route1_3_0_, routescdki0_.route_id as route2_3_0_ from public.routes_cdkid routescdki0_ where routescdki0_.route_id=?
Hibernate: select routescdki0_.route_id as route2_2_1_, routescdki0_.route_cdk_id as route1_1_, routescdki0_.route_cdk_id as route1_3_0_, routescdki0_.route_id as route2_3_0_ from public.routes_cdkid routescdki0_ where routescdki0_.route_id=?
14:01:03.501 [main] DEBUG org.hibernate.jdbc.AbstractBatcher - about to open ResultSet (open ResultSets: 0, globally: 0)
14:01:03.501 [main] DEBUG org.hibernate.loader.Loader - result set contains (possibly empty) collection: [net.lojika.gtfs.model.Routes.routesCdkidCollection#istb.280556]
14:01:03.501 [main] DEBUG org.hibernate.loader.Loader - result row: EntityKey[net.lojika.gtfs.model.RoutesCdkid#gtfs.line.1.43-1]
14:01:03.501 [main] DEBUG org.hibernate.loader.Loader - found row of collection: [net.lojika.gtfs.model.Routes.routesCdkidCollection#istb.280556]
14:01:03.502 [main] DEBUG org.hibernate.loader.Loader - result row: EntityKey[net.lojika.gtfs.model.RoutesCdkid#gtfs.line.1.43-0]
14:01:03.502 [main] DEBUG org.hibernate.loader.Loader - found row of collection: [net.lojika.gtfs.model.Routes.routesCdkidCollection#istb.280556]
14:01:03.502 [main] DEBUG org.hibernate.jdbc.AbstractBatcher - about to close ResultSet (open ResultSets: 1, globally: 1)
14:01:03.502 [main] DEBUG org.hibernate.jdbc.AbstractBatcher - about to close PreparedStatement (open PreparedStatements: 1, globally: 1)
14:01:03.502 [main] DEBUG o.h.e.loading.CollectionLoadContext - 1 collections were found in result set for role: net.lojika.gtfs.model.Routes.routesCdkidCollection
14:01:03.502 [main] DEBUG o.h.e.loading.CollectionLoadContext - collection fully initialized: [net.lojika.gtfs.model.Routes.routesCdkidCollection#istb.280556]
14:01:03.502 [main] DEBUG o.h.e.loading.CollectionLoadContext - 1 collections initialized for role: net.lojika.gtfs.model.Routes.routesCdkidCollection
14:01:03.502 [main] DEBUG org.hibernate.loader.Loader - done loading collection
14:01:03.502 [main] DEBUG org.hibernate.loader.Loader - loading collection: [net.lojika.gtfs.model.Routes.routesCdkidCollection#istb.280558]
14:01:03.502 [main] DEBUG org.hibernate.jdbc.AbstractBatcher - about to open PreparedStatement (open PreparedStatements: 0, globally: 0)
14:01:03.502 [main] DEBUG org.hibernate.SQL - select routescdki0_.route_id as route2_2_1_, routescdki0_.route_cdk_id as route1_1_, routescdki0_.route_cdk_id as route1_3_0_, routescdki0_.route_id as route2_3_0_ from public.routes_cdkid routescdki0_ where routescdki0_.route_id=?
Hibernate: select routescdki0_.route_id as route2_2_1_, routescdki0_.route_cdk_id as route1_1_, routescdki0_.route_cdk_id as route1_3_0_, routescdki0_.route_id as route2_3_0_ from public.routes_cdkid routescdki0_ where routescdki0_.route_id=?
14:01:03.502 [main] DEBUG org.hibernate.jdbc.AbstractBatcher - about to open ResultSet (open ResultSets: 0, globally: 0)
14:01:03.502 [main] DEBUG org.hibernate.loader.Loader - result set contains (possibly empty) collection: [net.lojika.gtfs.model.Routes.routesCdkidCollection#istb.280558]
14:01:03.503 [main] DEBUG org.hibernate.loader.Loader - result row: EntityKey[net.lojika.gtfs.model.RoutesCdkid#gtfs.line.1.448-1]
14:01:03.503 [main] DEBUG org.hibernate.loader.Loader - found row of collection: [net.lojika.gtfs.model.Routes.routesCdkidCollection#istb.280558]
14:01:03.503 [main] DEBUG org.hibernate.loader.Loader - result row: EntityKey[net.lojika.gtfs.model.RoutesCdkid#gtfs.line.1.448-0]
14:01:03.503 [main] DEBUG org.hibernate.loader.Loader - found row of collection: [net.lojika.gtfs.model.Routes.routesCdkidCollection#istb.280558]
14:01:03.503 [main] DEBUG org.hibernate.jdbc.AbstractBatcher - about to close ResultSet (open ResultSets: 1, globally: 1)
14:01:03.503 [main] DEBUG org.hibernate.jdbc.AbstractBatcher - about to close PreparedStatement (open PreparedStatements: 1, globally: 1)
14:01:03.503 [main] DEBUG o.h.e.loading.CollectionLoadContext - 1 collections were found in result set for role: net.lojika.gtfs.model.Routes.routesCdkidCollection
14:01:03.503 [main] DEBUG o.h.e.loading.CollectionLoadContext - collection fully initialized: [net.lojika.gtfs.model.Routes.routesCdkidCollection#istb.280558]
14:01:03.503 [main] DEBUG o.h.e.loading.CollectionLoadContext - 1 collections initialized for role: net.lojika.gtfs.model.Routes.routesCdkidCollection
14:01:03.503 [main] DEBUG org.hibernate.loader.Loader - done loading collection
14:01:03.503 [main] DEBUG org.hibernate.loader.Loader - loading collection: [net.lojika.gtfs.model.Routes.routesCdkidCollection#istb.280559]
14:01:03.503 [main] DEBUG org.hibernate.jdbc.AbstractBatcher - about to open PreparedStatement (open PreparedStatements: 0, globally: 0)
14:01:03.503 [main] DEBUG org.hibernate.SQL - select routescdki0_.route_id as route2_2_1_, routescdki0_.route_cdk_id as route1_1_, routescdki0_.route_cdk_id as route1_3_0_, routescdki0_.route_id as route2_3_0_ from public.routes_cdkid routescdki0_ where routescdki0_.route_id=?
Hibernate: select routescdki0_.route_id as route2_2_1_, routescdki0_.route_cdk_id as route1_1_, routescdki0_.route_cdk_id as route1_3_0_, routescdki0_.route_id as route2_3_0_ from public.routes_cdkid routescdki0_ where routescdki0_.route_id=?
14:01:03.504 [main] DEBUG org.hibernate.jdbc.AbstractBatcher - about to open ResultSet (open ResultSets: 0, globally: 0)
14:01:03.504 [main] DEBUG org.hibernate.loader.Loader - result set contains (possibly empty) collection: [net.lojika.gtfs.model.Routes.routesCdkidCollection#istb.280559]
14:01:03.504 [main] DEBUG org.hibernate.loader.Loader - result row: EntityKey[net.lojika.gtfs.model.RoutesCdkid#gtfs.line.1.44b-1]
14:01:03.504 [main] DEBUG org.hibernate.loader.Loader - found row of collection: [net.lojika.gtfs.model.Routes.routesCdkidCollection#istb.280559]
14:01:03.504 [main] DEBUG org.hibernate.loader.Loader - result row: EntityKey[net.lojika.gtfs.model.RoutesCdkid#gtfs.line.1.44b-0]
14:01:03.504 [main] DEBUG org.hibernate.loader.Loader - found row of collection: [net.lojika.gtfs.model.Routes.routesCdkidCollection#istb.280559]
14:01:03.504 [main] DEBUG org.hibernate.jdbc.AbstractBatcher - about to close ResultSet (open ResultSets: 1, globally: 1)
14:01:03.504 [main] DEBUG org.hibernate.jdbc.AbstractBatcher - about to close PreparedStatement (open PreparedStatements: 1, globally: 1)
14:01:03.504 [main] DEBUG o.h.e.loading.CollectionLoadContext - 1 collections were found in result set for role: net.lojika.gtfs.model.Routes.routesCdkidCollection
14:01:03.504 [main] DEBUG o.h.e.loading.CollectionLoadContext - collection fully initialized: [net.lojika.gtfs.model.Routes.routesCdkidCollection#istb.280559]
14:01:03.504 [main] DEBUG o.h.e.loading.CollectionLoadContext - 1 collections initialized for role: net.lojika.gtfs.model.Routes.routesCdkidCollection
14:01:03.504 [main] DEBUG org.hibernate.loader.Loader - done loading collection
14:01:03.504 [main] DEBUG org.hibernate.loader.Loader - loading collection: [net.lojika.gtfs.model.Routes.routesCdkidCollection#istb.280560]
14:01:03.504 [main] DEBUG org.hibernate.jdbc.AbstractBatcher - about to open PreparedStatement (open PreparedStatements: 0, globally: 0)
14:01:03.504 [main] DEBUG org.hibernate.SQL - select routescdki0_.route_id as route2_2_1_, routescdki0_.route_cdk_id as route1_1_, routescdki0_.route_cdk_id as route1_3_0_, routescdki0_.route_id as route2_3_0_ from public.routes_cdkid routescdki0_ where routescdki0_.route_id=?
Hibernate: select routescdki0_.route_id as route2_2_1_, routescdki0_.route_cdk_id as route1_1_, routescdki0_.route_cdk_id as route1_3_0_, routescdki0_.route_id as route2_3_0_ from public.routes_cdkid routescdki0_ where routescdki0_.route_id=?
14:01:03.505 [main] DEBUG org.hibernate.jdbc.AbstractBatcher - about to open ResultSet (open ResultSets: 0, globally: 0)
14:01:03.505 [main] DEBUG org.hibernate.loader.Loader - result set contains (possibly empty) collection: [net.lojika.gtfs.model.Routes.routesCdkidCollection#istb.280560]
14:01:03.505 [main] DEBUG org.hibernate.loader.Loader - result row: EntityKey[net.lojika.gtfs.model.RoutesCdkid#gtfs.line.1.458-1]
14:01:03.505 [main] DEBUG org.hibernate.loader.Loader - found row of collection: [net.lojika.gtfs.model.Routes.routesCdkidCollection#istb.280560]
14:01:03.505 [main] DEBUG org.hibernate.loader.Loader - result row: EntityKey[net.lojika.gtfs.model.RoutesCdkid#gtfs.line.1.458-0]
14:01:03.505 [main] DEBUG org.hibernate.loader.Loader - found row of collection: [net.lojika.gtfs.model.Routes.routesCdkidCollection#istb.280560]
14:01:03.505 [main] DEBUG org.hibernate.jdbc.AbstractBatcher - about to close ResultSet (open ResultSets: 1, globally: 1)
14:01:03.505 [main] DEBUG org.hibernate.jdbc.AbstractBatcher - about to close PreparedStatement (open PreparedStatements: 1, globally: 1)
14:01:03.505 [main] DEBUG o.h.e.loading.CollectionLoadContext - 1 collections were found in result set for role: net.lojika.gtfs.model.Routes.routesCdkidCollection
14:01:03.505 [main] DEBUG o.h.e.loading.CollectionLoadContext - collection fully initialized: [net.lojika.gtfs.model.Routes.routesCdkidCollection#istb.280560]
14:01:03.505 [main] DEBUG o.h.e.loading.CollectionLoadContext - 1 collections initialized for role: net.lojika.gtfs.model.Routes.routesCdkidCollection
14:01:03.505 [main] DEBUG org.hibernate.loader.Loader - done loading collection
14:01:03.505 [main] DEBUG org.hibernate.loader.Loader - loading collection: [net.lojika.gtfs.model.Routes.routesCdkidCollection#istb.280564]
14:01:03.505 [main] DEBUG org.hibernate.jdbc.AbstractBatcher - about to open PreparedStatement (open PreparedStatements: 0, globally: 0)
14:01:03.505 [main] DEBUG org.hibernate.SQL - select routescdki0_.route_id as route2_2_1_, routescdki0_.route_cdk_id as route1_1_, routescdki0_.route_cdk_id as route1_3_0_, routescdki0_.route_id as route2_3_0_ from public.routes_cdkid routescdki0_ where routescdki0_.route_id=?
Hibernate: select routescdki0_.route_id as route2_2_1_, routescdki0_.route_cdk_id as route1_1_, routescdki0_.route_cdk_id as route1_3_0_, routescdki0_.route_id as route2_3_0_ from public.routes_cdkid routescdki0_ where routescdki0_.route_id=?
14:01:03.506 [main] DEBUG org.hibernate.jdbc.AbstractBatcher - about to open ResultSet (open ResultSets: 0, globally: 0)
14:01:03.506 [main] DEBUG org.hibernate.loader.Loader - result set contains (possibly empty) collection: [net.lojika.gtfs.model.Routes.routesCdkidCollection#istb.280564]
14:01:03.506 [main] DEBUG org.hibernate.loader.Loader - result row: EntityKey[net.lojika.gtfs.model.RoutesCdkid#gtfs.line.1.46-1]
14:01:03.506 [main] DEBUG org.hibernate.loader.Loader - found row of collection: [net.lojika.gtfs.model.Routes.routesCdkidCollection#istb.280564]
14:01:03.506 [main] DEBUG org.hibernate.loader.Loader - result row: EntityKey[net.lojika.gtfs.model.RoutesCdkid#gtfs.line.1.46-0]
14:01:03.507 [main] DEBUG org.hibernate.loader.Loader - found row of collection: [net.lojika.gtfs.model.Routes.routesCdkidCollection#istb.280564]
14:01:03.507 [main] DEBUG org.hibernate.jdbc.AbstractBatcher - about to close ResultSet (open ResultSets: 1, globally: 1)
14:01:03.507 [main] DEBUG org.hibernate.jdbc.AbstractBatcher - about to close PreparedStatement (open PreparedStatements: 1, globally: 1)
14:01:03.507 [main] DEBUG o.h.e.loading.CollectionLoadContext - 1 collections were found in result set for role: net.lojika.gtfs.model.Routes.routesCdkidCollection
14:01:03.507 [main] DEBUG o.h.e.loading.CollectionLoadContext - collection fully initialized: [net.lojika.gtfs.model.Routes.routesCdkidCollection#istb.280564]
14:01:03.507 [main] DEBUG o.h.e.loading.CollectionLoadContext - 1 collections initialized for role: net.lojika.gtfs.model.Routes.routesCdkidCollection
14:01:03.507 [main] DEBUG org.hibernate.loader.Loader - done loading collection
14:01:03.507 [main] DEBUG org.hibernate.loader.Loader - loading collection: [net.lojika.gtfs.model.Routes.routesCdkidCollection#istb.280567]
14:01:03.507 [main] DEBUG org.hibernate.jdbc.AbstractBatcher - about to open PreparedStatement (open PreparedStatements: 0, globally: 0)
14:01:03.507 [main] DEBUG org.hibernate.SQL - select routescdki0_.route_id as route2_2_1_, routescdki0_.route_cdk_id as route1_1_, routescdki0_.route_cdk_id as route1_3_0_, routescdki0_.route_id as route2_3_0_ from public.routes_cdkid routescdki0_ where routescdki0_.route_id=?
Hibernate: select routescdki0_.route_id as route2_2_1_, routescdki0_.route_cdk_id as route1_1_, routescdki0_.route_cdk_id as route1_3_0_, routescdki0_.route_id as route2_3_0_ from public.routes_cdkid routescdki0_ where routescdki0_.route_id=?
14:01:03.508 [main] DEBUG org.hibernate.jdbc.AbstractBatcher - about to open ResultSet (open ResultSets: 0, globally: 0)
14:01:03.508 [main] DEBUG org.hibernate.loader.Loader - result set contains (possibly empty) collection: [net.lojika.gtfs.model.Routes.routesCdkidCollection#istb.280567]
14:01:03.508 [main] DEBUG org.hibernate.loader.Loader - result row: EntityKey[net.lojika.gtfs.model.RoutesCdkid#gtfs.line.1.47e-1]
14:01:03.509 [main] DEBUG org.hibernate.loader.Loader - found row of collection: [net.lojika.gtfs.model.Routes.routesCdkidCollection#istb.280567]
14:01:03.509 [main] DEBUG org.hibernate.loader.Loader - result row: EntityKey[net.lojika.gtfs.model.RoutesCdkid#gtfs.line.1.47e-0]
14:01:03.509 [main] DEBUG org.hibernate.loader.Loader - found row of collection: [net.lojika.gtfs.model.Routes.routesCdkidCollection#istb.280567]
14:01:03.509 [main] DEBUG org.hibernate.jdbc.AbstractBatcher - about to close ResultSet (open ResultSets: 1, globally: 1)
14:01:03.509 [main] DEBUG org.hibernate.jdbc.AbstractBatcher - about to close PreparedStatement (open PreparedStatements: 1, globally: 1)
14:01:03.509 [main] DEBUG o.h.e.loading.CollectionLoadContext - 1 collections were found in result set for role: net.lojika.gtfs.model.Routes.routesCdkidCollection
14:01:03.509 [main] DEBUG o.h.e.loading.CollectionLoadContext - collection fully initialized: [net.lojika.gtfs.model.Routes.routesCdkidCollection#istb.280567]
14:01:03.509 [main] DEBUG o.h.e.loading.CollectionLoadContext - 1 collections initialized for role: net.lojika.gtfs.model.Routes.routesCdkidCollection
14:01:03.509 [main] DEBUG org.hibernate.loader.Loader - done loading collection
14:01:03.509 [main] DEBUG org.hibernate.loader.Loader - loading collection: [net.lojika.gtfs.model.Routes.routesCdkidCollection#istb.280570]
14:01:03.509 [main] DEBUG org.hibernate.jdbc.AbstractBatcher - about to open PreparedStatement (open PreparedStatements: 0, globally: 0)
14:01:03.509 [main] DEBUG org.hibernate.SQL - select routescdki0_.route_id as route2_2_1_, routescdki0_.route_cdk_id as route1_1_, routescdki0_.route_cdk_id as route1_3_0_, routescdki0_.route_id as route2_3_0_ from public.routes_cdkid routescdki0_ where routescdki0_.route_id=?
Hibernate: select routescdki0_.route_id as route2_2_1_, routescdki0_.route_cdk_id as route1_1_, routescdki0_.route_cdk_id as route1_3_0_, routescdki0_.route_id as route2_3_0_ from public.routes_cdkid routescdki0_ where routescdki0_.route_id=?
14:01:03.510 [main] DEBUG org.hibernate.jdbc.AbstractBatcher - about to open ResultSet (open ResultSets: 0, globally: 0)
14:01:03.510 [main] DEBUG org.hibernate.loader.Loader - result set contains (possibly empty) collection: [net.lojika.gtfs.model.Routes.routesCdkidCollection#istb.280570]
14:01:03.510 [main] DEBUG org.hibernate.loader.Loader - result row: EntityKey[net.lojika.gtfs.model.RoutesCdkid#gtfs.line.1.47-1]
14:01:03.510 [main] DEBUG org.hibernate.loader.Loader - found row of collection: [net.lojika.gtfs.model.Routes.routesCdkidCollection#istb.280570]
14:01:03.510 [main] DEBUG org.hibernate.loader.Loader - result row: EntityKey[net.lojika.gtfs.model.RoutesCdkid#gtfs.line.1.47-0]
14:01:03.510 [main] DEBUG org.hibernate.loader.Loader - found row of collection: [net.lojika.gtfs.model.Routes.routesCdkidCollection#istb.280570]
14:01:03.510 [main] DEBUG org.hibernate.jdbc.AbstractBatcher - about to close ResultSet (open ResultSets: 1, globally: 1)
14:01:03.510 [main] DEBUG org.hibernate.jdbc.AbstractBatcher - about to close PreparedStatement (open PreparedStatements: 1, globally: 1)
14:01:03.510 [main] DEBUG o.h.e.loading.CollectionLoadContext - 1 collections were found in result set for role: net.lojika.gtfs.model.Routes.routesCdkidCollection
14:01:03.510 [main] DEBUG o.h.e.loading.CollectionLoadContext - collection fully initialized: [net.lojika.gtfs.model.Routes.routesCdkidCollection#istb.280570]
14:01:03.510 [main] DEBUG o.h.e.loading.CollectionLoadContext - 1 collections initialized for role: net.lojika.gtfs.model.Routes.routesCdkidCollection
14:01:03.510 [main] DEBUG org.hibernate.loader.Loader - done loading collection
14:01:03.510 [main] DEBUG org.hibernate.loader.Loader - loading collection: [net.lojika.gtfs.model.Routes.routesCdkidCollection#istb.280571]
14:01:03.510 [main] DEBUG org.hibernate.jdbc.AbstractBatcher - about to open PreparedStatement (open PreparedStatements: 0, globally: 0)
14:01:03.510 [main] DEBUG org.hibernate.SQL - select routescdki0_.route_id as route2_2_1_, routescdki0_.route_cdk_id as route1_1_, routescdki0_.route_cdk_id as route1_3_0_, routescdki0_.route_id as route2_3_0_ from public.routes_cdkid routescdki0_ where routescdki0_.route_id=?
Hibernate: select routescdki0_.route_id as route2_2_1_, routescdki0_.route_cdk_id as route1_1_, routescdki0_.route_cdk_id as route1_3_0_, routescdki0_.route_id as route2_3_0_ from public.routes_cdkid routescdki0_ where routescdki0_.route_id=?
14:01:03.511 [main] DEBUG org.hibernate.jdbc.AbstractBatcher - about to open ResultSet (open ResultSets: 0, globally: 0)
14:01:03.511 [main] DEBUG org.hibernate.loader.Loader - result set contains (possibly empty) collection: [net.lojika.gtfs.model.Routes.routesCdkidCollection#istb.280571]
14:01:03.511 [main] DEBUG org.hibernate.loader.Loader - result row: EntityKey[net.lojika.gtfs.model.RoutesCdkid#gtfs.line.1.48-1]
14:01:03.511 [main] DEBUG org.hibernate.loader.Loader - found row of collection: [net.lojika.gtfs.model.Routes.routesCdkidCollection#istb.280571]
14:01:03.511 [main] DEBUG org.hibernate.loader.Loader - result row: EntityKey[net.lojika.gtfs.model.RoutesCdkid#gtfs.line.1.48-0]
14:01:03.511 [main] DEBUG org.hibernate.loader.Loader - found row of collection: [net.lojika.gtfs.model.Routes.routesCdkidCollection#istb.280571]
14:01:03.511 [main] DEBUG org.hibernate.jdbc.AbstractBatcher - about to close ResultSet (open ResultSets: 1, globally: 1)
14:01:03.511 [main] DEBUG org.hibernate.jdbc.AbstractBatcher - about to close PreparedStatement (open PreparedStatements: 1, globally: 1)
14:01:03.511 [main] DEBUG o.h.e.loading.CollectionLoadContext - 1 collections were found in result set for role: net.lojika.gtfs.model.Routes.routesCdkidCollection
14:01:03.511 [main] DEBUG o.h.e.loading.CollectionLoadContext - collection fully initialized: [net.lojika.gtfs.model.Routes.routesCdkidCollection#istb.280571]
14:01:03.511 [main] DEBUG o.h.e.loading.CollectionLoadContext - 1 collections initialized for role: net.lojika.gtfs.model.Routes.routesCdkidCollection
14:01:03.511 [main] DEBUG org.hibernate.loader.Loader - done loading collection
14:01:03.511 [main] DEBUG org.hibernate.loader.Loader - loading collection: [net.lojika.gtfs.model.Routes.routesCdkidCollection#istb.280572]
14:01:03.511 [main] DEBUG org.hibernate.jdbc.AbstractBatcher - about to open PreparedStatement (open PreparedStatements: 0, globally: 0)
14:01:03.511 [main] DEBUG org.hibernate.SQL - select routescdki0_.route_id as route2_2_1_, routescdki0_.route_cdk_id as route1_1_, routescdki0_.route_cdk_id as route1_3_0_, routescdki0_.route_id as route2_3_0_ from public.routes_cdkid routescdki0_ where routescdki0_.route_id=?
Hibernate: select routescdki0_.route_id as route2_2_1_, routescdki0_.route_cdk_id as route1_1_, routescdki0_.route_cdk_id as route1_3_0_, routescdki0_.route_id as route2_3_0_ from public.routes_cdkid routescdki0_ where routescdki0_.route_id=?
14:01:03.512 [main] DEBUG org.hibernate.jdbc.AbstractBatcher - about to open ResultSet (open ResultSets: 0, globally: 0)
14:01:03.512 [main] DEBUG org.hibernate.loader.Loader - result set contains (possibly empty) collection: [net.lojika.gtfs.model.Routes.routesCdkidCollection#istb.280572]
14:01:03.512 [main] DEBUG org.hibernate.loader.Loader - result row: EntityKey[net.lojika.gtfs.model.RoutesCdkid#gtfs.line.1.48a-1]
14:01:03.512 [main] DEBUG org.hibernate.loader.Loader - found row of collection: [net.lojika.gtfs.model.Routes.routesCdkidCollection#istb.280572]
14:01:03.512 [main] DEBUG org.hibernate.loader.Loader - result row: EntityKey[net.lojika.gtfs.model.RoutesCdkid#gtfs.line.1.48a-0]
14:01:03.512 [main] DEBUG org.hibernate.loader.Loader - found row of collection: [net.lojika.gtfs.model.Routes.routesCdkidCollection#istb.280572]
14:01:03.512 [main] DEBUG org.hibernate.jdbc.AbstractBatcher - about to close ResultSet (open ResultSets: 1, globally: 1)
14:01:03.512 [main] DEBUG org.hibernate.jdbc.AbstractBatcher - about to close PreparedStatement (open PreparedStatements: 1, globally: 1)
14:01:03.512 [main] DEBUG o.h.e.loading.CollectionLoadContext - 1 collections were found in result set for role: net.lojika.gtfs.model.Routes.routesCdkidCollection
14:01:03.512 [main] DEBUG o.h.e.loading.CollectionLoadContext - collection fully initialized: [net.lojika.gtfs.model.Routes.routesCdkidCollection#istb.280572]
14:01:03.512 [main] DEBUG o.h.e.loading.CollectionLoadContext - 1 collections initialized for role: net.lojika.gtfs.model.Routes.routesCdkidCollection
14:01:03.512 [main] DEBUG org.hibernate.loader.Loader - done loading collection
14:01:03.512 [main] DEBUG org.hibernate.loader.Loader - loading collection: [net.lojika.gtfs.model.Routes.routesCdkidCollection#istb.280573]
14:01:03.513 [main] DEBUG org.hibernate.jdbc.AbstractBatcher - about to open PreparedStatement (open PreparedStatements: 0, globally: 0)
14:01:03.513 [main] DEBUG org.hibernate.SQL - select routescdki0_.route_id as route2_2_1_, routescdki0_.route_cdk_id as route1_1_, routescdki0_.route_cdk_id as route1_3_0_, routescdki0_.route_id as route2_3_0_ from public.routes_cdkid routescdki0_ where routescdki0_.route_id=?
Hibernate: select routescdki0_.route_id as route2_2_1_, routescdki0_.route_cdk_id as route1_1_, routescdki0_.route_cdk_id as route1_3_0_, routescdki0_.route_id as route2_3_0_ from public.routes_cdkid routescdki0_ where routescdki0_.route_id=?
14:01:03.513 [main] DEBUG org.hibernate.jdbc.AbstractBatcher - about to open ResultSet (open ResultSets: 0, globally: 0)
14:01:03.513 [main] DEBUG org.hibernate.loader.Loader - result set contains (possibly empty) collection: [net.lojika.gtfs.model.Routes.routesCdkidCollection#istb.280573]
14:01:03.513 [main] DEBUG org.hibernate.loader.Loader - result row: EntityKey[net.lojika.gtfs.model.RoutesCdkid#gtfs.line.1.48b-0]
14:01:03.513 [main] DEBUG org.hibernate.loader.Loader - found row of collection: [net.lojika.gtfs.model.Routes.routesCdkidCollection#istb.280573]
14:01:03.513 [main] DEBUG org.hibernate.jdbc.AbstractBatcher - about to close ResultSet (open ResultSets: 1, globally: 1)
14:01:03.513 [main] DEBUG org.hibernate.jdbc.AbstractBatcher - about to close PreparedStatement (open PreparedStatements: 1, globally: 1)
14:01:03.513 [main] DEBUG o.h.e.loading.CollectionLoadContext - 1 collections were found in result set for role: net.lojika.gtfs.model.Routes.routesCdkidCollection
14:01:03.513 [main] DEBUG o.h.e.loading.CollectionLoadContext - collection fully initialized: [net.lojika.gtfs.model.Routes.routesCdkidCollection#istb.280573]
14:01:03.513 [main] DEBUG o.h.e.loading.CollectionLoadContext - 1 collections initialized for role: net.lojika.gtfs.model.Routes.routesCdkidCollection
14:01:03.513 [main] DEBUG org.hibernate.loader.Loader - done loading collection
14:01:03.513 [main] DEBUG org.hibernate.loader.Loader - loading collection: [net.lojika.gtfs.model.Routes.routesCdkidCollection#istb.280574]
14:01:03.513 [main] DEBUG org.hibernate.jdbc.AbstractBatcher - about to open PreparedStatement (open PreparedStatements: 0, globally: 0)
14:01:03.513 [main] DEBUG org.hibernate.SQL - select routescdki0_.route_id as route2_2_1_, routescdki0_.route_cdk_id as route1_1_, routescdki0_.route_cdk_id as route1_3_0_, routescdki0_.route_id as route2_3_0_ from public.routes_cdkid routescdki0_ where routescdki0_.route_id=?
Hibernate: select routescdki0_.route_id as route2_2_1_, routescdki0_.route_cdk_id as route1_1_, routescdki0_.route_cdk_id as route1_3_0_, routescdki0_.route_id as route2_3_0_ from public.routes_cdkid routescdki0_ where routescdki0_.route_id=?
14:01:03.514 [main] DEBUG org.hibernate.jdbc.AbstractBatcher - about to open ResultSet (open ResultSets: 0, globally: 0)
14:01:03.514 [main] DEBUG org.hibernate.loader.Loader - result set contains (possibly empty) collection: [net.lojika.gtfs.model.Routes.routesCdkidCollection#istb.280574]
14:01:03.514 [main] DEBUG org.hibernate.loader.Loader - result row: EntityKey[net.lojika.gtfs.model.RoutesCdkid#gtfs.line.1.48h-0]
14:01:03.514 [main] DEBUG org.hibernate.loader.Loader - found row of collection: [net.lojika.gtfs.model.Routes.routesCdkidCollection#istb.280574]
14:01:03.514 [main] DEBUG org.hibernate.jdbc.AbstractBatcher - about to close ResultSet (open ResultSets: 1, globally: 1)
14:01:03.514 [main] DEBUG org.hibernate.jdbc.AbstractBatcher - about to close PreparedStatement (open PreparedStatements: 1, globally: 1)
14:01:03.514 [main] DEBUG o.h.e.loading.CollectionLoadContext - 1 collections were found in result set for role: net.lojika.gtfs.model.Routes.routesCdkidCollection
14:01:03.514 [main] DEBUG o.h.e.loading.CollectionLoadContext - collection fully initialized: [net.lojika.gtfs.model.Routes.routesCdkidCollection#istb.280574]
14:01:03.514 [main] DEBUG o.h.e.loading.CollectionLoadContext - 1 collections initialized for role: net.lojika.gtfs.model.Routes.routesCdkidCollection
14:01:03.514 [main] DEBUG org.hibernate.loader.Loader - done loading collection
14:01:03.514 [main] DEBUG org.hibernate.loader.Loader - loading collection: [net.lojika.gtfs.model.Routes.routesCdkidCollection#istb.280577]
14:01:03.514 [main] DEBUG org.hibernate.jdbc.AbstractBatcher - about to open PreparedStatement (open PreparedStatements: 0, globally: 0)
14:01:03.514 [main] DEBUG org.hibernate.SQL - select routescdki0_.route_id as route2_2_1_, routescdki0_.route_cdk_id as route1_1_, routescdki0_.route_cdk_id as route1_3_0_, routescdki0_.route_id as route2_3_0_ from public.routes_cdkid routescdki0_ where routescdki0_.route_id=?
Hibernate: select routescdki0_.route_id as route2_2_1_, routescdki0_.route_cdk_id as route1_1_, routescdki0_.route_cdk_id as route1_3_0_, routescdki0_.route_id as route2_3_0_ from public.routes_cdkid routescdki0_ where routescdki0_.route_id=?
14:01:03.515 [main] DEBUG org.hibernate.jdbc.AbstractBatcher - about to open ResultSet (open ResultSets: 0, globally: 0)
14:01:03.515 [main] DEBUG org.hibernate.loader.Loader - result set contains (possibly empty) collection: [net.lojika.gtfs.model.Routes.routesCdkidCollection#istb.280577]
14:01:03.515 [main] DEBUG org.hibernate.loader.Loader - result row: EntityKey[net.lojika.gtfs.model.RoutesCdkid#gtfs.line.1.48n-1]
14:01:03.515 [main] DEBUG org.hibernate.loader.Loader - found row of collection: [net.lojika.gtfs.model.Routes.routesCdkidCollection#istb.280577]
14:01:03.515 [main] DEBUG org.hibernate.loader.Loader - result row: EntityKey[net.lojika.gtfs.model.RoutesCdkid#gtfs.line.1.48n-0]
14:01:03.515 [main] DEBUG org.hibernate.loader.Loader - found row of collection: [net.lojika.gtfs.model.Routes.routesCdkidCollection#istb.280577]
14:01:03.515 [main] DEBUG org.hibernate.jdbc.AbstractBatcher - about to close ResultSet (open ResultSets: 1, globally: 1)
14:01:03.515 [main] DEBUG org.hibernate.jdbc.AbstractBatcher - about to close PreparedStatement (open PreparedStatements: 1, globally: 1)
14:01:03.515 [main] DEBUG o.h.e.loading.CollectionLoadContext - 1 collections were found in result set for role: net.lojika.gtfs.model.Routes.routesCdkidCollection
14:01:03.515 [main] DEBUG o.h.e.loading.CollectionLoadContext - collection fully initialized: [net.lojika.gtfs.model.Routes.routesCdkidCollection#istb.280577]
14:01:03.515 [main] DEBUG o.h.e.loading.CollectionLoadContext - 1 collections initialized for role: net.lojika.gtfs.model.Routes.routesCdkidCollection
14:01:03.515 [main] DEBUG org.hibernate.loader.Loader - done loading collection
14:01:03.515 [main] DEBUG org.hibernate.loader.Loader - loading collection: [net.lojika.gtfs.model.Routes.routesCdkidCollection#istb.280580]
14:01:03.515 [main] DEBUG org.hibernate.jdbc.AbstractBatcher - about to open PreparedStatement (open PreparedStatements: 0, globally: 0)
14:01:03.515 [main] DEBUG org.hibernate.SQL - select routescdki0_.route_id as route2_2_1_, routescdki0_.route_cdk_id as route1_1_, routescdki0_.route_cdk_id as route1_3_0_, routescdki0_.route_id as route2_3_0_ from public.routes_cdkid routescdki0_ where routescdki0_.route_id=?
Hibernate: select routescdki0_.route_id as route2_2_1_, routescdki0_.route_cdk_id as route1_1_, routescdki0_.route_cdk_id as route1_3_0_, routescdki0_.route_id as route2_3_0_ from public.routes_cdkid routescdki0_ where routescdki0_.route_id=?
14:01:03.516 [main] DEBUG org.hibernate.jdbc.AbstractBatcher - about to open ResultSet (open ResultSets: 0, globally: 0)
14:01:03.516 [main] DEBUG org.hibernate.loader.Loader - result set contains (possibly empty) collection: [net.lojika.gtfs.model.Routes.routesCdkidCollection#istb.280580]
14:01:03.516 [main] DEBUG org.hibernate.loader.Loader - result row: EntityKey[net.lojika.gtfs.model.RoutesCdkid#gtfs.line.1.48t-1]
14:01:03.516 [main] DEBUG org.hibernate.loader.Loader - found row of collection: [net.lojika.gtfs.model.Routes.routesCdkidCollection#istb.280580]
14:01:03.516 [main] DEBUG org.hibernate.loader.Loader - result row: EntityKey[net.lojika.gtfs.model.RoutesCdkid#gtfs.line.1.48t-0]
14:01:03.516 [main] DEBUG org.hibernate.loader.Loader - found row of collection: [net.lojika.gtfs.model.Routes.routesCdkidCollection#istb.280580]
14:01:03.516 [main] DEBUG org.hibernate.jdbc.AbstractBatcher - about to close ResultSet (open ResultSets: 1, globally: 1)
14:01:03.516 [main] DEBUG org.hibernate.jdbc.AbstractBatcher - about to close PreparedStatement (open PreparedStatements: 1, globally: 1)
14:01:03.516 [main] DEBUG o.h.e.loading.CollectionLoadContext - 1 collections were found in result set for role: net.lojika.gtfs.model.Routes.routesCdkidCollection
14:01:03.516 [main] DEBUG o.h.e.loading.CollectionLoadContext - collection fully initialized: [net.lojika.gtfs.model.Routes.routesCdkidCollection#istb.280580]
14:01:03.516 [main] DEBUG o.h.e.loading.CollectionLoadContext - 1 collections initialized for role: net.lojika.gtfs.model.Routes.routesCdkidCollection
14:01:03.517 [main] DEBUG org.hibernate.loader.Loader - done loading collection
14:01:03.517 [main] DEBUG org.hibernate.loader.Loader - loading collection: [net.lojika.gtfs.model.Routes.routesCdkidCollection#istb.280582]
14:01:03.517 [main] DEBUG org.hibernate.jdbc.AbstractBatcher - about to open PreparedStatement (open PreparedStatements: 0, globally: 0)
14:01:03.517 [main] DEBUG org.hibernate.SQL - select routescdki0_.route_id as route2_2_1_, routescdki0_.route_cdk_id as route1_1_, routescdki0_.route_cdk_id as route1_3_0_, routescdki0_.route_id as route2_3_0_ from public.routes_cdkid routescdki0_ where routescdki0_.route_id=?
Hibernate: select routescdki0_.route_id as route2_2_1_, routescdki0_.route_cdk_id as route1_1_, routescdki0_.route_cdk_id as route1_3_0_, routescdki0_.route_id as route2_3_0_ from public.routes_cdkid routescdki0_ where routescdki0_.route_id=?
14:01:03.517 [main] DEBUG org.hibernate.jdbc.AbstractBatcher - about to open ResultSet (open ResultSets: 0, globally: 0)
14:01:03.517 [main] DEBUG org.hibernate.loader.Loader - result set contains (possibly empty) collection: [net.lojika.gtfs.model.Routes.routesCdkidCollection#istb.280582]
14:01:03.517 [main] DEBUG org.hibernate.loader.Loader - result row: EntityKey[net.lojika.gtfs.model.RoutesCdkid#gtfs.line.1.49a-0]
14:01:03.517 [main] DEBUG org.hibernate.loader.Loader - found row of collection: [net.lojika.gtfs.model.Routes.routesCdkidCollection#istb.280582]
14:01:03.518 [main] DEBUG org.hibernate.jdbc.AbstractBatcher - about to close ResultSet (open ResultSets: 1, globally: 1)
14:01:03.518 [main] DEBUG org.hibernate.jdbc.AbstractBatcher - about to close PreparedStatement (open PreparedStatements: 1, globally: 1)
14:01:03.518 [main] DEBUG o.h.e.loading.CollectionLoadContext - 1 collections were found in result set for role: net.lojika.gtfs.model.Routes.routesCdkidCollection
14:01:03.518 [main] DEBUG o.h.e.loading.CollectionLoadContext - collection fully initialized: [net.lojika.gtfs.model.Routes.routesCdkidCollection#istb.280582]
14:01:03.518 [main] DEBUG o.h.e.loading.CollectionLoadContext - 1 collections initialized for role: net.lojika.gtfs.model.Routes.routesCdkidCollection
14:01:03.518 [main] DEBUG org.hibernate.loader.Loader - done loading collection
14:01:03.518 [main] DEBUG org.hibernate.loader.Loader - loading collection: [net.lojika.gtfs.model.Routes.routesCdkidCollection#istb.280583]
14:01:03.518 [main] DEBUG org.hibernate.jdbc.AbstractBatcher - about to open PreparedStatement (open PreparedStatements: 0, globally: 0)
14:01:03.518 [main] DEBUG org.hibernate.SQL - select routescdki0_.route_id as route2_2_1_, routescdki0_.route_cdk_id as route1_1_, routescdki0_.route_cdk_id as route1_3_0_, routescdki0_.route_id as route2_3_0_ from public.routes_cdkid routescdki0_ where routescdki0_.route_id=?
Hibernate: select routescdki0_.route_id as route2_2_1_, routescdki0_.route_cdk_id as route1_1_, routescdki0_.route_cdk_id as route1_3_0_, routescdki0_.route_id as route2_3_0_ from public.routes_cdkid routescdki0_ where routescdki0_.route_id=?
14:01:03.518 [main] DEBUG org.hibernate.jdbc.AbstractBatcher - about to open ResultSet (open ResultSets: 0, globally: 0)
14:01:03.519 [main] DEBUG org.hibernate.loader.Loader - result set contains (possibly empty) collection: [net.lojika.gtfs.model.Routes.routesCdkidCollection#istb.280583]
14:01:03.519 [main] DEBUG org.hibernate.loader.Loader - result row: EntityKey[net.lojika.gtfs.model.RoutesCdkid#gtfs.line.1.49b-0]
14:01:03.519 [main] DEBUG org.hibernate.loader.Loader - found row of collection: [net.lojika.gtfs.model.Routes.routesCdkidCollection#istb.280583]
14:01:03.519 [main] DEBUG org.hibernate.jdbc.AbstractBatcher - about to close ResultSet (open ResultSets: 1, globally: 1)
14:01:03.519 [main] DEBUG org.hibernate.jdbc.AbstractBatcher - about to close PreparedStatement (open PreparedStatements: 1, globally: 1)
14:01:03.519 [main] DEBUG o.h.e.loading.CollectionLoadContext - 1 collections were found in result set for role: net.lojika.gtfs.model.Routes.routesCdkidCollection
14:01:03.519 [main] DEBUG o.h.e.loading.CollectionLoadContext - collection fully initialized: [net.lojika.gtfs.model.Routes.routesCdkidCollection#istb.280583]
14:01:03.519 [main] DEBUG o.h.e.loading.CollectionLoadContext - 1 collections initialized for role: net.lojika.gtfs.model.Routes.routesCdkidCollection
14:01:03.519 [main] DEBUG org.hibernate.loader.Loader - done loading collection
14:01:03.519 [main] DEBUG org.hibernate.loader.Loader - loading collection: [net.lojika.gtfs.model.Routes.routesCdkidCollection#istb.280584]
14:01:03.519 [main] DEBUG org.hibernate.jdbc.AbstractBatcher - about to open PreparedStatement (open PreparedStatements: 0, globally: 0)
14:01:03.519 [main] DEBUG org.hibernate.SQL - select routescdki0_.route_id as route2_2_1_, routescdki0_.route_cdk_id as route1_1_, routescdki0_.route_cdk_id as route1_3_0_, routescdki0_.route_id as route2_3_0_ from public.routes_cdkid routescdki0_ where routescdki0_.route_id=?
Hibernate: select routescdki0_.route_id as route2_2_1_, routescdki0_.route_cdk_id as route1_1_, routescdki0_.route_cdk_id as route1_3_0_, routescdki0_.route_id as route2_3_0_ from public.routes_cdkid routescdki0_ where routescdki0_.route_id=?
14:01:03.519 [main] DEBUG org.hibernate.jdbc.AbstractBatcher - about to open ResultSet (open ResultSets: 0, globally: 0)
14:01:03.520 [main] DEBUG org.hibernate.loader.Loader - result set contains (possibly empty) collection: [net.lojika.gtfs.model.Routes.routesCdkidCollection#istb.280584]
14:01:03.520 [main] DEBUG org.hibernate.loader.Loader - result row: EntityKey[net.lojika.gtfs.model.RoutesCdkid#gtfs.line.1.49g-1]
14:01:03.520 [main] DEBUG org.hibernate.loader.Loader - found row of collection: [net.lojika.gtfs.model.Routes.routesCdkidCollection#istb.280584]
14:01:03.520 [main] DEBUG org.hibernate.loader.Loader - result row: EntityKey[net.lojika.gtfs.model.RoutesCdkid#gtfs.line.1.49g-0]
14:01:03.520 [main] DEBUG org.hibernate.loader.Loader - found row of collection: [net.lojika.gtfs.model.Routes.routesCdkidCollection#istb.280584]
14:01:03.520 [main] DEBUG org.hibernate.jdbc.AbstractBatcher - about to close ResultSet (open ResultSets: 1, globally: 1)
14:01:03.520 [main] DEBUG org.hibernate.jdbc.AbstractBatcher - about to close PreparedStatement (open PreparedStatements: 1, globally: 1)
14:01:03.520 [main] DEBUG o.h.e.loading.CollectionLoadContext - 1 collections were found in result set for role: net.lojika.gtfs.model.Routes.routesCdkidCollection
14:01:03.520 [main] DEBUG o.h.e.loading.CollectionLoadContext - collection fully initialized: [net.lojika.gtfs.model.Routes.routesCdkidCollection#istb.280584]
14:01:03.520 [main] DEBUG o.h.e.loading.CollectionLoadContext - 1 collections initialized for role: net.lojika.gtfs.model.Routes.routesCdkidCollection
14:01:03.520 [main] DEBUG org.hibernate.loader.Loader - done loading collection
14:01:03.520 [main] DEBUG org.hibernate.loader.Loader - loading collection: [net.lojika.gtfs.model.Routes.routesCdkidCollection#istb.280585]
14:01:03.520 [main] DEBUG org.hibernate.jdbc.AbstractBatcher - about to open PreparedStatement (open PreparedStatements: 0, globally: 0)
14:01:03.520 [main] DEBUG org.hibernate.SQL - select routescdki0_.route_id as route2_2_1_, routescdki0_.route_cdk_id as route1_1_, routescdki0_.route_cdk_id as route1_3_0_, routescdki0_.route_id as route2_3_0_ from public.routes_cdkid routescdki0_ where routescdki0_.route_id=?
Hibernate: select routescdki0_.route_id as route2_2_1_, routescdki0_.route_cdk_id as route1_1_, routescdki0_.route_cdk_id as route1_3_0_, routescdki0_.route_id as route2_3_0_ from public.routes_cdkid routescdki0_ where routescdki0_.route_id=?
14:01:03.520 [main] DEBUG org.hibernate.jdbc.AbstractBatcher - about to open ResultSet (open ResultSets: 0, globally: 0)
14:01:03.520 [main] DEBUG org.hibernate.loader.Loader - result set contains (possibly empty) collection: [net.lojika.gtfs.model.Routes.routesCdkidCollection#istb.280585]
14:01:03.521 [main] DEBUG org.hibernate.loader.Loader - result row: EntityKey[net.lojika.gtfs.model.RoutesCdkid#gtfs.line.1.49y-0]
14:01:03.521 [main] DEBUG org.hibernate.loader.Loader - found row of collection: [net.lojika.gtfs.model.Routes.routesCdkidCollection#istb.280585]
14:01:03.521 [main] DEBUG org.hibernate.jdbc.AbstractBatcher - about to close ResultSet (open ResultSets: 1, globally: 1)
14:01:03.521 [main] DEBUG org.hibernate.jdbc.AbstractBatcher - about to close PreparedStatement (open PreparedStatements: 1, globally: 1)
14:01:03.521 [main] DEBUG o.h.e.loading.CollectionLoadContext - 1 collections were found in result set for role: net.lojika.gtfs.model.Routes.routesCdkidCollection
14:01:03.521 [main] DEBUG o.h.e.loading.CollectionLoadContext - collection fully initialized: [net.lojika.gtfs.model.Routes.routesCdkidCollection#istb.280585]
14:01:03.521 [main] DEBUG o.h.e.loading.CollectionLoadContext - 1 collections initialized for role: net.lojika.gtfs.model.Routes.routesCdkidCollection
14:01:03.521 [main] DEBUG org.hibernate.loader.Loader - done loading collection
14:01:03.521 [main] DEBUG org.hibernate.loader.Loader - loading collection: [net.lojika.gtfs.model.Routes.routesCdkidCollection#istb.280586]
14:01:03.521 [main] DEBUG org.hibernate.jdbc.AbstractBatcher - about to open PreparedStatement (open PreparedStatements: 0, globally: 0)
14:01:03.521 [main] DEBUG org.hibernate.SQL - select routescdki0_.route_id as route2_2_1_, routescdki0_.route_cdk_id as route1_1_, routescdki0_.route_cdk_id as route1_3_0_, routescdki0_.route_id as route2_3_0_ from public.routes_cdkid routescdki0_ where routescdki0_.route_id=?
Hibernate: select routescdki0_.route_id as route2_2_1_, routescdki0_.route_cdk_id as route1_1_, routescdki0_.route_cdk_id as route1_3_0_, routescdki0_.route_id as route2_3_0_ from public.routes_cdkid routescdki0_ where routescdki0_.route_id=?
14:01:03.521 [main] DEBUG org.hibernate.jdbc.AbstractBatcher - about to open ResultSet (open ResultSets: 0, globally: 0)
14:01:03.521 [main] DEBUG org.hibernate.loader.Loader - result set contains (possibly empty) collection: [net.lojika.gtfs.model.Routes.routesCdkidCollection#istb.280586]
14:01:03.521 [main] DEBUG org.hibernate.loader.Loader - result row: EntityKey[net.lojika.gtfs.model.RoutesCdkid#gtfs.line.1.500a-1]
14:01:03.521 [main] DEBUG org.hibernate.loader.Loader - found row of collection: [net.lojika.gtfs.model.Routes.routesCdkidCollection#istb.280586]
14:01:03.521 [main] DEBUG org.hibernate.loader.Loader - result row: EntityKey[net.lojika.gtfs.model.RoutesCdkid#gtfs.line.1.500a-0]
14:01:03.522 [main] DEBUG org.hibernate.loader.Loader - found row of collection: [net.lojika.gtfs.model.Routes.routesCdkidCollection#istb.280586]
14:01:03.522 [main] DEBUG org.hibernate.jdbc.AbstractBatcher - about to close ResultSet (open ResultSets: 1, globally: 1)
14:01:03.522 [main] DEBUG org.hibernate.jdbc.AbstractBatcher - about to close PreparedStatement (open PreparedStatements: 1, globally: 1)
14:01:03.522 [main] DEBUG o.h.e.loading.CollectionLoadContext - 1 collections were found in result set for role: net.lojika.gtfs.model.Routes.routesCdkidCollection
14:01:03.522 [main] DEBUG o.h.e.loading.CollectionLoadContext - collection fully initialized: [net.lojika.gtfs.model.Routes.routesCdkidCollection#istb.280586]
14:01:03.522 [main] DEBUG o.h.e.loading.CollectionLoadContext - 1 collections initialized for role: net.lojika.gtfs.model.Routes.routesCdkidCollection
14:01:03.522 [main] DEBUG org.hibernate.loader.Loader - done loading collection
14:01:03.522 [main] DEBUG org.hibernate.loader.Loader - loading collection: [net.lojika.gtfs.model.Routes.routesCdkidCollection#istb.280587]
14:01:03.522 [main] DEBUG org.hibernate.jdbc.AbstractBatcher - about to open PreparedStatement (open PreparedStatements: 0, globally: 0)
14:01:03.522 [main] DEBUG org.hibernate.SQL - select routescdki0_.route_id as route2_2_1_, routescdki0_.route_cdk_id as route1_1_, routescdki0_.route_cdk_id as route1_3_0_, routescdki0_.route_id as route2_3_0_ from public.routes_cdkid routescdki0_ where routescdki0_.route_id=?
Hibernate: select routescdki0_.route_id as route2_2_1_, routescdki0_.route_cdk_id as route1_1_, routescdki0_.route_cdk_id as route1_3_0_, routescdki0_.route_id as route2_3_0_ from public.routes_cdkid routescdki0_ where routescdki0_.route_id=?
14:01:03.522 [main] DEBUG org.hibernate.jdbc.AbstractBatcher - about to open ResultSet (open ResultSets: 0, globally: 0)
14:01:03.522 [main] DEBUG org.hibernate.loader.Loader - result set contains (possibly empty) collection: [net.lojika.gtfs.model.Routes.routesCdkidCollection#istb.280587]
14:01:03.522 [main] DEBUG org.hibernate.loader.Loader - result row: EntityKey[net.lojika.gtfs.model.RoutesCdkid#gtfs.line.1.500es-1]
14:01:03.522 [main] DEBUG org.hibernate.loader.Loader - found row of collection: [net.lojika.gtfs.model.Routes.routesCdkidCollection#istb.280587]
14:01:03.523 [main] DEBUG org.hibernate.loader.Loader - result row: EntityKey[net.lojika.gtfs.model.RoutesCdkid#gtfs.line.1.500es-0]
14:01:03.523 [main] DEBUG org.hibernate.loader.Loader - found row of collection: [net.lojika.gtfs.model.Routes.routesCdkidCollection#istb.280587]
14:01:03.523 [main] DEBUG org.hibernate.jdbc.AbstractBatcher - about to close ResultSet (open ResultSets: 1, globally: 1)
14:01:03.523 [main] DEBUG org.hibernate.jdbc.AbstractBatcher - about to close PreparedStatement (open PreparedStatements: 1, globally: 1)
14:01:03.523 [main] DEBUG o.h.e.loading.CollectionLoadContext - 1 collections were found in result set for role: net.lojika.gtfs.model.Routes.routesCdkidCollection
14:01:03.523 [main] DEBUG o.h.e.loading.CollectionLoadContext - collection fully initialized: [net.lojika.gtfs.model.Routes.routesCdkidCollection#istb.280587]
14:01:03.523 [main] DEBUG o.h.e.loading.CollectionLoadContext - 1 collections initialized for role: net.lojika.gtfs.model.Routes.routesCdkidCollection
14:01:03.523 [main] DEBUG org.hibernate.loader.Loader - done loading collection
14:01:03.523 [main] DEBUG org.hibernate.loader.Loader - loading collection: [net.lojika.gtfs.model.Routes.routesCdkidCollection#istb.280588]
14:01:03.523 [main] DEBUG org.hibernate.jdbc.AbstractBatcher - about to open PreparedStatement (open PreparedStatements: 0, globally: 0)
14:01:03.523 [main] DEBUG org.hibernate.SQL - select routescdki0_.route_id as route2_2_1_, routescdki0_.route_cdk_id as route1_1_, routescdki0_.route_cdk_id as route1_3_0_, routescdki0_.route_id as route2_3_0_ from public.routes_cdkid routescdki0_ where routescdki0_.route_id=?
Hibernate: select routescdki0_.route_id as route2_2_1_, routescdki0_.route_cdk_id as route1_1_, routescdki0_.route_cdk_id as route1_3_0_, routescdki0_.route_id as route2_3_0_ from public.routes_cdkid routescdki0_ where routescdki0_.route_id=?
14:01:03.523 [main] DEBUG org.hibernate.jdbc.AbstractBatcher - about to open ResultSet (open ResultSets: 0, globally: 0)
14:01:03.523 [main] DEBUG org.hibernate.loader.Loader - result set contains (possibly empty) collection: [net.lojika.gtfs.model.Routes.routesCdkidCollection#istb.280588]
14:01:03.523 [main] DEBUG org.hibernate.loader.Loader - result row: EntityKey[net.lojika.gtfs.model.RoutesCdkid#gtfs.line.1.500l-0]
14:01:03.524 [main] DEBUG org.hibernate.loader.Loader - found row of collection: [net.lojika.gtfs.model.Routes.routesCdkidCollection#istb.280588]
14:01:03.524 [main] DEBUG org.hibernate.jdbc.AbstractBatcher - about to close ResultSet (open ResultSets: 1, globally: 1)
14:01:03.524 [main] DEBUG org.hibernate.jdbc.AbstractBatcher - about to close PreparedStatement (open PreparedStatements: 1, globally: 1)
14:01:03.524 [main] DEBUG o.h.e.loading.CollectionLoadContext - 1 collections were found in result set for role: net.lojika.gtfs.model.Routes.routesCdkidCollection
14:01:03.524 [main] DEBUG o.h.e.loading.CollectionLoadContext - collection fully initialized: [net.lojika.gtfs.model.Routes.routesCdkidCollection#istb.280588]
14:01:03.524 [main] DEBUG o.h.e.loading.CollectionLoadContext - 1 collections initialized for role: net.lojika.gtfs.model.Routes.routesCdkidCollection
14:01:03.524 [main] DEBUG org.hibernate.loader.Loader - done loading collection
14:01:03.524 [main] DEBUG org.hibernate.loader.Loader - loading collection: [net.lojika.gtfs.model.Routes.routesCdkidCollection#istb.280589]
14:01:03.524 [main] DEBUG org.hibernate.jdbc.AbstractBatcher - about to open PreparedStatement (open PreparedStatements: 0, globally: 0)
14:01:03.524 [main] DEBUG org.hibernate.SQL - select routescdki0_.route_id as route2_2_1_, routescdki0_.route_cdk_id as route1_1_, routescdki0_.route_cdk_id as route1_3_0_, routescdki0_.route_id as route2_3_0_ from public.routes_cdkid routescdki0_ where routescdki0_.route_id=?
Hibernate: select routescdki0_.route_id as route2_2_1_, routescdki0_.route_cdk_id as route1_1_, routescdki0_.route_cdk_id as route1_3_0_, routescdki0_.route_id as route2_3_0_ from public.routes_cdkid routescdki0_ where routescdki0_.route_id=?
14:01:03.524 [main] DEBUG org.hibernate.jdbc.AbstractBatcher - about to open ResultSet (open ResultSets: 0, globally: 0)
14:01:03.524 [main] DEBUG org.hibernate.loader.Loader - result set contains (possibly empty) collection: [net.lojika.gtfs.model.Routes.routesCdkidCollection#istb.280589]
14:01:03.524 [main] DEBUG org.hibernate.loader.Loader - result row: EntityKey[net.lojika.gtfs.model.RoutesCdkid#gtfs.line.1.500t-1]
14:01:03.524 [main] DEBUG org.hibernate.loader.Loader - found row of collection: [net.lojika.gtfs.model.Routes.routesCdkidCollection#istb.280589]
14:01:03.524 [main] DEBUG org.hibernate.loader.Loader - result row: EntityKey[net.lojika.gtfs.model.RoutesCdkid#gtfs.line.1.500t-0]
14:01:03.524 [main] DEBUG org.hibernate.loader.Loader - found row of collection: [net.lojika.gtfs.model.Routes.routesCdkidCollection#istb.280589]
14:01:03.525 [main] DEBUG org.hibernate.jdbc.AbstractBatcher - about to close ResultSet (open ResultSets: 1, globally: 1)
14:01:03.525 [main] DEBUG org.hibernate.jdbc.AbstractBatcher - about to close PreparedStatement (open PreparedStatements: 1, globally: 1)
14:01:03.525 [main] DEBUG o.h.e.loading.CollectionLoadContext - 1 collections were found in result set for role: net.lojika.gtfs.model.Routes.routesCdkidCollection
14:01:03.525 [main] DEBUG o.h.e.loading.CollectionLoadContext - collection fully initialized: [net.lojika.gtfs.model.Routes.routesCdkidCollection#istb.280589]
14:01:03.525 [main] DEBUG o.h.e.loading.CollectionLoadContext - 1 collections initialized for role: net.lojika.gtfs.model.Routes.routesCdkidCollection
14:01:03.525 [main] DEBUG org.hibernate.loader.Loader - done loading collection
14:01:03.525 [main] DEBUG org.hibernate.loader.Loader - loading collection: [net.lojika.gtfs.model.Routes.routesCdkidCollection#istb.280590]
14:01:03.525 [main] DEBUG org.hibernate.jdbc.AbstractBatcher - about to open PreparedStatement (open PreparedStatements: 0, globally: 0)
14:01:03.525 [main] DEBUG org.hibernate.SQL - select routescdki0_.route_id as route2_2_1_, routescdki0_.route_cdk_id as route1_1_, routescdki0_.route_cdk_id as route1_3_0_, routescdki0_.route_id as route2_3_0_ from public.routes_cdkid routescdki0_ where routescdki0_.route_id=?
Hibernate: select routescdki0_.route_id as route2_2_1_, routescdki0_.route_cdk_id as route1_1_, routescdki0_.route_cdk_id as route1_3_0_, routescdki0_.route_id as route2_3_0_ from public.routes_cdkid routescdki0_ where routescdki0_.route_id=?
14:01:03.525 [main] DEBUG org.hibernate.jdbc.AbstractBatcher - about to open ResultSet (open ResultSets: 0, globally: 0)
14:01:03.525 [main] DEBUG org.hibernate.loader.Loader - result set contains (possibly empty) collection: [net.lojika.gtfs.model.Routes.routesCdkidCollection#istb.280590]
14:01:03.525 [main] DEBUG org.hibernate.loader.Loader - result row: EntityKey[net.lojika.gtfs.model.RoutesCdkid#gtfs.line.1.52-1]
14:01:03.525 [main] DEBUG org.hibernate.loader.Loader - found row of collection: [net.lojika.gtfs.model.Routes.routesCdkidCollection#istb.280590]
14:01:03.525 [main] DEBUG org.hibernate.loader.Loader - result row: EntityKey[net.lojika.gtfs.model.RoutesCdkid#gtfs.line.1.52-0]
14:01:03.525 [main] DEBUG org.hibernate.loader.Loader - found row of collection: [net.lojika.gtfs.model.Routes.routesCdkidCollection#istb.280590]
14:01:03.526 [main] DEBUG org.hibernate.jdbc.AbstractBatcher - about to close ResultSet (open ResultSets: 1, globally: 1)
14:01:03.526 [main] DEBUG org.hibernate.jdbc.AbstractBatcher - about to close PreparedStatement (open PreparedStatements: 1, globally: 1)
14:01:03.526 [main] DEBUG o.h.e.loading.CollectionLoadContext - 1 collections were found in result set for role: net.lojika.gtfs.model.Routes.routesCdkidCollection
14:01:03.526 [main] DEBUG o.h.e.loading.CollectionLoadContext - collection fully initialized: [net.lojika.gtfs.model.Routes.routesCdkidCollection#istb.280590]
14:01:03.526 [main] DEBUG o.h.e.loading.CollectionLoadContext - 1 collections initialized for role: net.lojika.gtfs.model.Routes.routesCdkidCollection
14:01:03.526 [main] DEBUG org.hibernate.loader.Loader - done loading collection
14:01:03.526 [main] DEBUG org.hibernate.loader.Loader - loading collection: [net.lojika.gtfs.model.Routes.routesCdkidCollection#istb.280591]
14:01:03.526 [main] DEBUG org.hibernate.jdbc.AbstractBatcher - about to open PreparedStatement (open PreparedStatements: 0, globally: 0)
14:01:03.526 [main] DEBUG org.hibernate.SQL - select routescdki0_.route_id as route2_2_1_, routescdki0_.route_cdk_id as route1_1_, routescdki0_.route_cdk_id as route1_3_0_, routescdki0_.route_id as route2_3_0_ from public.routes_cdkid routescdki0_ where routescdki0_.route_id=?
Hibernate: select routescdki0_.route_id as route2_2_1_, routescdki0_.route_cdk_id as route1_1_, routescdki0_.route_cdk_id as route1_3_0_, routescdki0_.route_id as route2_3_0_ from public.routes_cdkid routescdki0_ where routescdki0_.route_id=?
14:01:03.526 [main] DEBUG org.hibernate.jdbc.AbstractBatcher - about to open ResultSet (open ResultSets: 0, globally: 0)
14:01:03.526 [main] DEBUG org.hibernate.loader.Loader - result set contains (possibly empty) collection: [net.lojika.gtfs.model.Routes.routesCdkidCollection#istb.280591]
14:01:03.526 [main] DEBUG org.hibernate.loader.Loader - result row: EntityKey[net.lojika.gtfs.model.RoutesCdkid#gtfs.line.1.522-1]
14:01:03.526 [main] DEBUG org.hibernate.loader.Loader - found row of collection: [net.lojika.gtfs.model.Routes.routesCdkidCollection#istb.280591]
14:01:03.526 [main] DEBUG org.hibernate.loader.Loader - result row: EntityKey[net.lojika.gtfs.model.RoutesCdkid#gtfs.line.1.522-0]
14:01:03.526 [main] DEBUG org.hibernate.loader.Loader - found row of collection: [net.lojika.gtfs.model.Routes.routesCdkidCollection#istb.280591]
14:01:03.526 [main] DEBUG org.hibernate.jdbc.AbstractBatcher - about to close ResultSet (open ResultSets: 1, globally: 1)
14:01:03.526 [main] DEBUG org.hibernate.jdbc.AbstractBatcher - about to close PreparedStatement (open PreparedStatements: 1, globally: 1)
14:01:03.527 [main] DEBUG o.h.e.loading.CollectionLoadContext - 1 collections were found in result set for role: net.lojika.gtfs.model.Routes.routesCdkidCollection
14:01:03.527 [main] DEBUG o.h.e.loading.CollectionLoadContext - collection fully initialized: [net.lojika.gtfs.model.Routes.routesCdkidCollection#istb.280591]
14:01:03.527 [main] DEBUG o.h.e.loading.CollectionLoadContext - 1 collections initialized for role: net.lojika.gtfs.model.Routes.routesCdkidCollection
14:01:03.527 [main] DEBUG org.hibernate.loader.Loader - done loading collection
14:01:03.527 [main] DEBUG org.hibernate.loader.Loader - loading collection: [net.lojika.gtfs.model.Routes.routesCdkidCollection#istb.280592]
14:01:03.527 [main] DEBUG org.hibernate.jdbc.AbstractBatcher - about to open PreparedStatement (open PreparedStatements: 0, globally: 0)
14:01:03.527 [main] DEBUG org.hibernate.SQL - select routescdki0_.route_id as route2_2_1_, routescdki0_.route_cdk_id as route1_1_, routescdki0_.route_cdk_id as route1_3_0_, routescdki0_.route_id as route2_3_0_ from public.routes_cdkid routescdki0_ where routescdki0_.route_id=?
Hibernate: select routescdki0_.route_id as route2_2_1_, routescdki0_.route_cdk_id as route1_1_, routescdki0_.route_cdk_id as route1_3_0_, routescdki0_.route_id as route2_3_0_ from public.routes_cdkid routescdki0_ where routescdki0_.route_id=?
14:01:03.527 [main] DEBUG org.hibernate.jdbc.AbstractBatcher - about to open ResultSet (open ResultSets: 0, globally: 0)
14:01:03.527 [main] DEBUG org.hibernate.loader.Loader - result set contains (possibly empty) collection: [net.lojika.gtfs.model.Routes.routesCdkidCollection#istb.280592]
14:01:03.527 [main] DEBUG org.hibernate.loader.Loader - result row: EntityKey[net.lojika.gtfs.model.RoutesCdkid#gtfs.line.1.522b-1]
14:01:03.527 [main] DEBUG org.hibernate.loader.Loader - found row of collection: [net.lojika.gtfs.model.Routes.routesCdkidCollection#istb.280592]
14:01:03.527 [main] DEBUG org.hibernate.loader.Loader - result row: EntityKey[net.lojika.gtfs.model.RoutesCdkid#gtfs.line.1.522b-0]
14:01:03.527 [main] DEBUG org.hibernate.loader.Loader - found row of collection: [net.lojika.gtfs.model.Routes.routesCdkidCollection#istb.280592]
14:01:03.527 [main] DEBUG org.hibernate.jdbc.AbstractBatcher - about to close ResultSet (open ResultSets: 1, globally: 1)
14:01:03.527 [main] DEBUG org.hibernate.jdbc.AbstractBatcher - about to close PreparedStatement (open PreparedStatements: 1, globally: 1)
14:01:03.528 [main] DEBUG o.h.e.loading.CollectionLoadContext - 1 collections were found in result set for role: net.lojika.gtfs.model.Routes.routesCdkidCollection
14:01:03.528 [main] DEBUG o.h.e.loading.CollectionLoadContext - collection fully initialized: [net.lojika.gtfs.model.Routes.routesCdkidCollection#istb.280592]
14:01:03.528 [main] DEBUG o.h.e.loading.CollectionLoadContext - 1 collections initialized for role: net.lojika.gtfs.model.Routes.routesCdkidCollection
14:01:03.528 [main] DEBUG org.hibernate.loader.Loader - done loading collection
14:01:03.528 [main] DEBUG org.hibernate.loader.Loader - loading collection: [net.lojika.gtfs.model.Routes.routesCdkidCollection#istb.280594]
14:01:03.528 [main] DEBUG org.hibernate.jdbc.AbstractBatcher - about to open PreparedStatement (open PreparedStatements: 0, globally: 0)
14:01:03.528 [main] DEBUG org.hibernate.SQL - select routescdki0_.route_id as route2_2_1_, routescdki0_.route_cdk_id as route1_1_, routescdki0_.route_cdk_id as route1_3_0_, routescdki0_.route_id as route2_3_0_ from public.routes_cdkid routescdki0_ where routescdki0_.route_id=?
Hibernate: select routescdki0_.route_id as route2_2_1_, routescdki0_.route_cdk_id as route1_1_, routescdki0_.route_cdk_id as route1_3_0_, routescdki0_.route_id as route2_3_0_ from public.routes_cdkid routescdki0_ where routescdki0_.route_id=?
14:01:03.528 [main] DEBUG org.hibernate.jdbc.AbstractBatcher - about to open ResultSet (open ResultSets: 0, globally: 0)
14:01:03.528 [main] DEBUG org.hibernate.loader.Loader - result set contains (possibly empty) collection: [net.lojika.gtfs.model.Routes.routesCdkidCollection#istb.280594]
14:01:03.528 [main] DEBUG org.hibernate.loader.Loader - result row: EntityKey[net.lojika.gtfs.model.RoutesCdkid#gtfs.line.1.522st-1]
14:01:03.528 [main] DEBUG org.hibernate.loader.Loader - found row of collection: [net.lojika.gtfs.model.Routes.routesCdkidCollection#istb.280594]
14:01:03.528 [main] DEBUG org.hibernate.loader.Loader - result row: EntityKey[net.lojika.gtfs.model.RoutesCdkid#gtfs.line.1.522st-0]
14:01:03.528 [main] DEBUG org.hibernate.loader.Loader - found row of collection: [net.lojika.gtfs.model.Routes.routesCdkidCollection#istb.280594]
14:01:03.528 [main] DEBUG org.hibernate.jdbc.AbstractBatcher - about to close ResultSet (open ResultSets: 1, globally: 1)
14:01:03.528 [main] DEBUG org.hibernate.jdbc.AbstractBatcher - about to close PreparedStatement (open PreparedStatements: 1, globally: 1)
14:01:03.529 [main] DEBUG o.h.e.loading.CollectionLoadContext - 1 collections were found in result set for role: net.lojika.gtfs.model.Routes.routesCdkidCollection
14:01:03.529 [main] DEBUG o.h.e.loading.CollectionLoadContext - collection fully initialized: [net.lojika.gtfs.model.Routes.routesCdkidCollection#istb.280594]
14:01:03.529 [main] DEBUG o.h.e.loading.CollectionLoadContext - 1 collections initialized for role: net.lojika.gtfs.model.Routes.routesCdkidCollection
14:01:03.529 [main] DEBUG org.hibernate.loader.Loader - done loading collection
14:01:03.529 [main] DEBUG org.hibernate.loader.Loader - loading collection: [net.lojika.gtfs.model.Routes.routesCdkidCollection#istb.280595]
14:01:03.529 [main] DEBUG org.hibernate.jdbc.AbstractBatcher - about to open PreparedStatement (open PreparedStatements: 0, globally: 0)
14:01:03.529 [main] DEBUG org.hibernate.SQL - select routescdki0_.route_id as route2_2_1_, routescdki0_.route_cdk_id as route1_1_, routescdki0_.route_cdk_id as route1_3_0_, routescdki0_.route_id as route2_3_0_ from public.routes_cdkid routescdki0_ where routescdki0_.route_id=?
Hibernate: select routescdki0_.route_id as route2_2_1_, routescdki0_.route_cdk_id as route1_1_, routescdki0_.route_cdk_id as route1_3_0_, routescdki0_.route_id as route2_3_0_ from public.routes_cdkid routescdki0_ where routescdki0_.route_id=?
14:01:03.529 [main] DEBUG org.hibernate.jdbc.AbstractBatcher - about to open ResultSet (open ResultSets: 0, globally: 0)
14:01:03.529 [main] DEBUG org.hibernate.loader.Loader - result set contains (possibly empty) collection: [net.lojika.gtfs.model.Routes.routesCdkidCollection#istb.280595]
14:01:03.529 [main] DEBUG org.hibernate.loader.Loader - result row: EntityKey[net.lojika.gtfs.model.RoutesCdkid#gtfs.line.1.54e-1]
14:01:03.529 [main] DEBUG org.hibernate.loader.Loader - found row of collection: [net.lojika.gtfs.model.Routes.routesCdkidCollection#istb.280595]
14:01:03.529 [main] DEBUG org.hibernate.loader.Loader - result row: EntityKey[net.lojika.gtfs.model.RoutesCdkid#gtfs.line.1.54e-0]
14:01:03.529 [main] DEBUG org.hibernate.loader.Loader - found row of collection: [net.lojika.gtfs.model.Routes.routesCdkidCollection#istb.280595]
14:01:03.529 [main] DEBUG org.hibernate.jdbc.AbstractBatcher - about to close ResultSet (open ResultSets: 1, globally: 1)
14:01:03.529 [main] DEBUG org.hibernate.jdbc.AbstractBatcher - about to close PreparedStatement (open PreparedStatements: 1, globally: 1)
14:01:03.529 [main] DEBUG o.h.e.loading.CollectionLoadContext - 1 collections were found in result set for role: net.lojika.gtfs.model.Routes.routesCdkidCollection
14:01:03.529 [main] DEBUG o.h.e.loading.CollectionLoadContext - collection fully initialized: [net.lojika.gtfs.model.Routes.routesCdkidCollection#istb.280595]
14:01:03.529 [main] DEBUG o.h.e.loading.CollectionLoadContext - 1 collections initialized for role: net.lojika.gtfs.model.Routes.routesCdkidCollection
14:01:03.530 [main] DEBUG org.hibernate.loader.Loader - done loading collection
14:01:03.530 [main] DEBUG org.hibernate.loader.Loader - loading collection: [net.lojika.gtfs.model.Routes.routesCdkidCollection#istb.280596]
14:01:03.530 [main] DEBUG org.hibernate.jdbc.AbstractBatcher - about to open PreparedStatement (open PreparedStatements: 0, globally: 0)
14:01:03.530 [main] DEBUG org.hibernate.SQL - select routescdki0_.route_id as route2_2_1_, routescdki0_.route_cdk_id as route1_1_, routescdki0_.route_cdk_id as route1_3_0_, routescdki0_.route_id as route2_3_0_ from public.routes_cdkid routescdki0_ where routescdki0_.route_id=?
Hibernate: select routescdki0_.route_id as route2_2_1_, routescdki0_.route_cdk_id as route1_1_, routescdki0_.route_cdk_id as route1_3_0_, routescdki0_.route_id as route2_3_0_ from public.routes_cdkid routescdki0_ where routescdki0_.route_id=?
14:01:03.530 [main] DEBUG org.hibernate.jdbc.AbstractBatcher - about to open ResultSet (open ResultSets: 0, globally: 0)
14:01:03.530 [main] DEBUG org.hibernate.loader.Loader - result set contains (possibly empty) collection: [net.lojika.gtfs.model.Routes.routesCdkidCollection#istb.280596]
14:01:03.530 [main] DEBUG org.hibernate.loader.Loader - result row: EntityKey[net.lojika.gtfs.model.RoutesCdkid#gtfs.line.1.54ht-0]
14:01:03.530 [main] DEBUG org.hibernate.loader.Loader - found row of collection: [net.lojika.gtfs.model.Routes.routesCdkidCollection#istb.280596]
14:01:03.530 [main] DEBUG org.hibernate.jdbc.AbstractBatcher - about to close ResultSet (open ResultSets: 1, globally: 1)
14:01:03.530 [main] DEBUG org.hibernate.jdbc.AbstractBatcher - about to close PreparedStatement (open PreparedStatements: 1, globally: 1)
14:01:03.530 [main] DEBUG o.h.e.loading.CollectionLoadContext - 1 collections were found in result set for role: net.lojika.gtfs.model.Routes.routesCdkidCollection
14:01:03.530 [main] DEBUG o.h.e.loading.CollectionLoadContext - collection fully initialized: [net.lojika.gtfs.model.Routes.routesCdkidCollection#istb.280596]
14:01:03.530 [main] DEBUG o.h.e.loading.CollectionLoadContext - 1 collections initialized for role: net.lojika.gtfs.model.Routes.routesCdkidCollection
14:01:03.530 [main] DEBUG org.hibernate.loader.Loader - done loading collection
14:01:03.530 [main] DEBUG org.hibernate.loader.Loader - loading collection: [net.lojika.gtfs.model.Routes.routesCdkidCollection#istb.280597]
14:01:03.530 [main] DEBUG org.hibernate.jdbc.AbstractBatcher - about to open PreparedStatement (open PreparedStatements: 0, globally: 0)
14:01:03.530 [main] DEBUG org.hibernate.SQL - select routescdki0_.route_id as route2_2_1_, routescdki0_.route_cdk_id as route1_1_, routescdki0_.route_cdk_id as route1_3_0_, routescdki0_.route_id as route2_3_0_ from public.routes_cdkid routescdki0_ where routescdki0_.route_id=?
Hibernate: select routescdki0_.route_id as route2_2_1_, routescdki0_.route_cdk_id as route1_1_, routescdki0_.route_cdk_id as route1_3_0_, routescdki0_.route_id as route2_3_0_ from public.routes_cdkid routescdki0_ where routescdki0_.route_id=?
14:01:03.531 [main] DEBUG org.hibernate.jdbc.AbstractBatcher - about to open ResultSet (open ResultSets: 0, globally: 0)
14:01:03.531 [main] DEBUG org.hibernate.loader.Loader - result set contains (possibly empty) collection: [net.lojika.gtfs.model.Routes.routesCdkidCollection#istb.280597]
14:01:03.531 [main] DEBUG org.hibernate.loader.Loader - result row: EntityKey[net.lojika.gtfs.model.RoutesCdkid#gtfs.line.1.54h-0]
14:01:03.531 [main] DEBUG org.hibernate.loader.Loader - found row of collection: [net.lojika.gtfs.model.Routes.routesCdkidCollection#istb.280597]
14:01:03.531 [main] DEBUG org.hibernate.jdbc.AbstractBatcher - about to close ResultSet (open ResultSets: 1, globally: 1)
14:01:03.531 [main] DEBUG org.hibernate.jdbc.AbstractBatcher - about to close PreparedStatement (open PreparedStatements: 1, globally: 1)
14:01:03.531 [main] DEBUG o.h.e.loading.CollectionLoadContext - 1 collections were found in result set for role: net.lojika.gtfs.model.Routes.routesCdkidCollection
14:01:03.531 [main] DEBUG o.h.e.loading.CollectionLoadContext - collection fully initialized: [net.lojika.gtfs.model.Routes.routesCdkidCollection#istb.280597]
14:01:03.531 [main] DEBUG o.h.e.loading.CollectionLoadContext - 1 collections initialized for role: net.lojika.gtfs.model.Routes.routesCdkidCollection
14:01:03.531 [main] DEBUG org.hibernate.loader.Loader - done loading collection
14:01:03.531 [main] DEBUG org.hibernate.loader.Loader - loading collection: [net.lojika.gtfs.model.Routes.routesCdkidCollection#istb.280598]
14:01:03.531 [main] DEBUG org.hibernate.jdbc.AbstractBatcher - about to open PreparedStatement (open PreparedStatements: 0, globally: 0)
14:01:03.531 [main] DEBUG org.hibernate.SQL - select routescdki0_.route_id as route2_2_1_, routescdki0_.route_cdk_id as route1_1_, routescdki0_.route_cdk_id as route1_3_0_, routescdki0_.route_id as route2_3_0_ from public.routes_cdkid routescdki0_ where routescdki0_.route_id=?
Hibernate: select routescdki0_.route_id as route2_2_1_, routescdki0_.route_cdk_id as route1_1_, routescdki0_.route_cdk_id as route1_3_0_, routescdki0_.route_id as route2_3_0_ from public.routes_cdkid routescdki0_ where routescdki0_.route_id=?
14:01:03.532 [main] DEBUG org.hibernate.jdbc.AbstractBatcher - about to open ResultSet (open ResultSets: 0, globally: 0)
14:01:03.532 [main] DEBUG org.hibernate.loader.Loader - result set contains (possibly empty) collection: [net.lojika.gtfs.model.Routes.routesCdkidCollection#istb.280598]
14:01:03.532 [main] DEBUG org.hibernate.loader.Loader - result row: EntityKey[net.lojika.gtfs.model.RoutesCdkid#gtfs.line.1.54k-1]
14:01:03.532 [main] DEBUG org.hibernate.loader.Loader - found row of collection: [net.lojika.gtfs.model.Routes.routesCdkidCollection#istb.280598]
14:01:03.532 [main] DEBUG org.hibernate.loader.Loader - result row: EntityKey[net.lojika.gtfs.model.RoutesCdkid#gtfs.line.1.54k-0]
14:01:03.532 [main] DEBUG org.hibernate.loader.Loader - found row of collection: [net.lojika.gtfs.model.Routes.routesCdkidCollection#istb.280598]
14:01:03.533 [main] DEBUG org.hibernate.jdbc.AbstractBatcher - about to close ResultSet (open ResultSets: 1, globally: 1)
14:01:03.533 [main] DEBUG org.hibernate.jdbc.AbstractBatcher - about to close PreparedStatement (open PreparedStatements: 1, globally: 1)
14:01:03.533 [main] DEBUG o.h.e.loading.CollectionLoadContext - 1 collections were found in result set for role: net.lojika.gtfs.model.Routes.routesCdkidCollection
14:01:03.533 [main] DEBUG o.h.e.loading.CollectionLoadContext - collection fully initialized: [net.lojika.gtfs.model.Routes.routesCdkidCollection#istb.280598]
14:01:03.533 [main] DEBUG o.h.e.loading.CollectionLoadContext - 1 collections initialized for role: net.lojika.gtfs.model.Routes.routesCdkidCollection
14:01:03.533 [main] DEBUG org.hibernate.loader.Loader - done loading collection
14:01:03.533 [main] DEBUG org.hibernate.loader.Loader - loading collection: [net.lojika.gtfs.model.Routes.routesCdkidCollection#istb.280599]
14:01:03.533 [main] DEBUG org.hibernate.jdbc.AbstractBatcher - about to open PreparedStatement (open PreparedStatements: 0, globally: 0)
14:01:03.533 [main] DEBUG org.hibernate.SQL - select routescdki0_.route_id as route2_2_1_, routescdki0_.route_cdk_id as route1_1_, routescdki0_.route_cdk_id as route1_3_0_, routescdki0_.route_id as route2_3_0_ from public.routes_cdkid routescdki0_ where routescdki0_.route_id=?
Hibernate: select routescdki0_.route_id as route2_2_1_, routescdki0_.route_cdk_id as route1_1_, routescdki0_.route_cdk_id as route1_3_0_, routescdki0_.route_id as route2_3_0_ from public.routes_cdkid routescdki0_ where routescdki0_.route_id=?
14:01:03.534 [main] DEBUG org.hibernate.jdbc.AbstractBatcher - about to open ResultSet (open ResultSets: 0, globally: 0)
14:01:03.534 [main] DEBUG org.hibernate.loader.Loader - result set contains (possibly empty) collection: [net.lojika.gtfs.model.Routes.routesCdkidCollection#istb.280599]
14:01:03.534 [main] DEBUG org.hibernate.loader.Loader - result row: EntityKey[net.lojika.gtfs.model.RoutesCdkid#gtfs.line.1.54kt-0]
14:01:03.534 [main] DEBUG org.hibernate.loader.Loader - found row of collection: [net.lojika.gtfs.model.Routes.routesCdkidCollection#istb.280599]
14:01:03.534 [main] DEBUG org.hibernate.jdbc.AbstractBatcher - about to close ResultSet (open ResultSets: 1, globally: 1)
14:01:03.534 [main] DEBUG org.hibernate.jdbc.AbstractBatcher - about to close PreparedStatement (open PreparedStatements: 1, globally: 1)
14:01:03.534 [main] DEBUG o.h.e.loading.CollectionLoadContext - 1 collections were found in result set for role: net.lojika.gtfs.model.Routes.routesCdkidCollection
14:01:03.534 [main] DEBUG o.h.e.loading.CollectionLoadContext - collection fully initialized: [net.lojika.gtfs.model.Routes.routesCdkidCollection#istb.280599]
14:01:03.534 [main] DEBUG o.h.e.loading.CollectionLoadContext - 1 collections initialized for role: net.lojika.gtfs.model.Routes.routesCdkidCollection
14:01:03.534 [main] DEBUG org.hibernate.loader.Loader - done loading collection
14:01:03.534 [main] DEBUG org.hibernate.loader.Loader - loading collection: [net.lojika.gtfs.model.Routes.routesCdkidCollection#istb.280601]
14:01:03.534 [main] DEBUG org.hibernate.jdbc.AbstractBatcher - about to open PreparedStatement (open PreparedStatements: 0, globally: 0)
14:01:03.534 [main] DEBUG org.hibernate.SQL - select routescdki0_.route_id as route2_2_1_, routescdki0_.route_cdk_id as route1_1_, routescdki0_.route_cdk_id as route1_3_0_, routescdki0_.route_id as route2_3_0_ from public.routes_cdkid routescdki0_ where routescdki0_.route_id=?
Hibernate: select routescdki0_.route_id as route2_2_1_, routescdki0_.route_cdk_id as route1_1_, routescdki0_.route_cdk_id as route1_3_0_, routescdki0_.route_id as route2_3_0_ from public.routes_cdkid routescdki0_ where routescdki0_.route_id=?
14:01:03.535 [main] DEBUG org.hibernate.jdbc.AbstractBatcher - about to open ResultSet (open ResultSets: 0, globally: 0)
14:01:03.535 [main] DEBUG org.hibernate.loader.Loader - result set contains (possibly empty) collection: [net.lojika.gtfs.model.Routes.routesCdkidCollection#istb.280601]
14:01:03.535 [main] DEBUG org.hibernate.loader.Loader - result row: EntityKey[net.lojika.gtfs.model.RoutesCdkid#gtfs.line.1.54-1]
14:01:03.535 [main] DEBUG org.hibernate.loader.Loader - found row of collection: [net.lojika.gtfs.model.Routes.routesCdkidCollection#istb.280601]
14:01:03.535 [main] DEBUG org.hibernate.loader.Loader - result row: EntityKey[net.lojika.gtfs.model.RoutesCdkid#gtfs.line.1.54-0]
14:01:03.535 [main] DEBUG org.hibernate.loader.Loader - found row of collection: [net.lojika.gtfs.model.Routes.routesCdkidCollection#istb.280601]
14:01:03.535 [main] DEBUG org.hibernate.jdbc.AbstractBatcher - about to close ResultSet (open ResultSets: 1, globally: 1)
14:01:03.535 [main] DEBUG org.hibernate.jdbc.AbstractBatcher - about to close PreparedStatement (open PreparedStatements: 1, globally: 1)
14:01:03.536 [main] DEBUG o.h.e.loading.CollectionLoadContext - 1 collections were found in result set for role: net.lojika.gtfs.model.Routes.routesCdkidCollection
14:01:03.536 [main] DEBUG o.h.e.loading.CollectionLoadContext - collection fully initialized: [net.lojika.gtfs.model.Routes.routesCdkidCollection#istb.280601]
14:01:03.536 [main] DEBUG o.h.e.loading.CollectionLoadContext - 1 collections initialized for role: net.lojika.gtfs.model.Routes.routesCdkidCollection
14:01:03.536 [main] DEBUG org.hibernate.loader.Loader - done loading collection
14:01:03.536 [main] DEBUG org.hibernate.loader.Loader - loading collection: [net.lojika.gtfs.model.Routes.routesCdkidCollection#istb.280602]
14:01:03.536 [main] DEBUG org.hibernate.jdbc.AbstractBatcher - about to open PreparedStatement (open PreparedStatements: 0, globally: 0)
14:01:03.536 [main] DEBUG org.hibernate.SQL - select routescdki0_.route_id as route2_2_1_, routescdki0_.route_cdk_id as route1_1_, routescdki0_.route_cdk_id as route1_3_0_, routescdki0_.route_id as route2_3_0_ from public.routes_cdkid routescdki0_ where routescdki0_.route_id=?
Hibernate: select routescdki0_.route_id as route2_2_1_, routescdki0_.route_cdk_id as route1_1_, routescdki0_.route_cdk_id as route1_3_0_, routescdki0_.route_id as route2_3_0_ from public.routes_cdkid routescdki0_ where routescdki0_.route_id=?
14:01:03.536 [main] DEBUG org.hibernate.jdbc.AbstractBatcher - about to open ResultSet (open ResultSets: 0, globally: 0)
14:01:03.536 [main] DEBUG org.hibernate.loader.Loader - result set contains (possibly empty) collection: [net.lojika.gtfs.model.Routes.routesCdkidCollection#istb.280602]
14:01:03.537 [main] DEBUG org.hibernate.loader.Loader - result row: EntityKey[net.lojika.gtfs.model.RoutesCdkid#gtfs.line.1.54r-1]
14:01:03.537 [main] DEBUG org.hibernate.loader.Loader - found row of collection: [net.lojika.gtfs.model.Routes.routesCdkidCollection#istb.280602]
14:01:03.537 [main] DEBUG org.hibernate.loader.Loader - result row: EntityKey[net.lojika.gtfs.model.RoutesCdkid#gtfs.line.1.54r-0]
14:01:03.537 [main] DEBUG org.hibernate.loader.Loader - found row of collection: [net.lojika.gtfs.model.Routes.routesCdkidCollection#istb.280602]
14:01:03.537 [main] DEBUG org.hibernate.jdbc.AbstractBatcher - about to close ResultSet (open ResultSets: 1, globally: 1)
14:01:03.537 [main] DEBUG org.hibernate.jdbc.AbstractBatcher - about to close PreparedStatement (open PreparedStatements: 1, globally: 1)
14:01:03.537 [main] DEBUG o.h.e.loading.CollectionLoadContext - 1 collections were found in result set for role: net.lojika.gtfs.model.Routes.routesCdkidCollection
14:01:03.537 [main] DEBUG o.h.e.loading.CollectionLoadContext - collection fully initialized: [net.lojika.gtfs.model.Routes.routesCdkidCollection#istb.280602]
14:01:03.537 [main] DEBUG o.h.e.loading.CollectionLoadContext - 1 collections initialized for role: net.lojika.gtfs.model.Routes.routesCdkidCollection
14:01:03.537 [main] DEBUG org.hibernate.loader.Loader - done loading collection
14:01:03.537 [main] DEBUG org.hibernate.loader.Loader - loading collection: [net.lojika.gtfs.model.Routes.routesCdkidCollection#istb.280603]
14:01:03.537 [main] DEBUG org.hibernate.jdbc.AbstractBatcher - about to open PreparedStatement (open PreparedStatements: 0, globally: 0)
14:01:03.537 [main] DEBUG org.hibernate.SQL - select routescdki0_.route_id as route2_2_1_, routescdki0_.route_cdk_id as route1_1_, routescdki0_.route_cdk_id as route1_3_0_, routescdki0_.route_id as route2_3_0_ from public.routes_cdkid routescdki0_ where routescdki0_.route_id=?
Hibernate: select routescdki0_.route_id as route2_2_1_, routescdki0_.route_cdk_id as route1_1_, routescdki0_.route_cdk_id as route1_3_0_, routescdki0_.route_id as route2_3_0_ from public.routes_cdkid routescdki0_ where routescdki0_.route_id=?
14:01:03.538 [main] DEBUG org.hibernate.jdbc.AbstractBatcher - about to open ResultSet (open ResultSets: 0, globally: 0)
14:01:03.538 [main] DEBUG org.hibernate.loader.Loader - result set contains (possibly empty) collection: [net.lojika.gtfs.model.Routes.routesCdkidCollection#istb.280603]
14:01:03.538 [main] DEBUG org.hibernate.loader.Loader - result row: EntityKey[net.lojika.gtfs.model.RoutesCdkid#gtfs.line.1.55-0]
14:01:03.538 [main] DEBUG org.hibernate.loader.Loader - found row of collection: [net.lojika.gtfs.model.Routes.routesCdkidCollection#istb.280603]
14:01:03.538 [main] DEBUG org.hibernate.jdbc.AbstractBatcher - about to close ResultSet (open ResultSets: 1, globally: 1)
14:01:03.538 [main] DEBUG org.hibernate.jdbc.AbstractBatcher - about to close PreparedStatement (open PreparedStatements: 1, globally: 1)
14:01:03.538 [main] DEBUG o.h.e.loading.CollectionLoadContext - 1 collections were found in result set for role: net.lojika.gtfs.model.Routes.routesCdkidCollection
14:01:03.538 [main] DEBUG o.h.e.loading.CollectionLoadContext - collection fully initialized: [net.lojika.gtfs.model.Routes.routesCdkidCollection#istb.280603]
14:01:03.538 [main] DEBUG o.h.e.loading.CollectionLoadContext - 1 collections initialized for role: net.lojika.gtfs.model.Routes.routesCdkidCollection
14:01:03.539 [main] DEBUG org.hibernate.loader.Loader - done loading collection
14:01:03.539 [main] DEBUG org.hibernate.loader.Loader - loading collection: [net.lojika.gtfs.model.Routes.routesCdkidCollection#istb.280604]
14:01:03.539 [main] DEBUG org.hibernate.jdbc.AbstractBatcher - about to open PreparedStatement (open PreparedStatements: 0, globally: 0)
14:01:03.539 [main] DEBUG org.hibernate.SQL - select routescdki0_.route_id as route2_2_1_, routescdki0_.route_cdk_id as route1_1_, routescdki0_.route_cdk_id as route1_3_0_, routescdki0_.route_id as route2_3_0_ from public.routes_cdkid routescdki0_ where routescdki0_.route_id=?
Hibernate: select routescdki0_.route_id as route2_2_1_, routescdki0_.route_cdk_id as route1_1_, routescdki0_.route_cdk_id as route1_3_0_, routescdki0_.route_id as route2_3_0_ from public.routes_cdkid routescdki0_ where routescdki0_.route_id=?
14:01:03.539 [main] DEBUG org.hibernate.jdbc.AbstractBatcher - about to open ResultSet (open ResultSets: 0, globally: 0)
14:01:03.539 [main] DEBUG org.hibernate.loader.Loader - result set contains (possibly empty) collection: [net.lojika.gtfs.model.Routes.routesCdkidCollection#istb.280604]
14:01:03.539 [main] DEBUG org.hibernate.loader.Loader - result row: EntityKey[net.lojika.gtfs.model.RoutesCdkid#gtfs.line.1.559c-1]
14:01:03.539 [main] DEBUG org.hibernate.loader.Loader - found row of collection: [net.lojika.gtfs.model.Routes.routesCdkidCollection#istb.280604]
14:01:03.540 [main] DEBUG org.hibernate.loader.Loader - result row: EntityKey[net.lojika.gtfs.model.RoutesCdkid#gtfs.line.1.559c-0]
14:01:03.540 [main] DEBUG org.hibernate.loader.Loader - found row of collection: [net.lojika.gtfs.model.Routes.routesCdkidCollection#istb.280604]
14:01:03.540 [main] DEBUG org.hibernate.jdbc.AbstractBatcher - about to close ResultSet (open ResultSets: 1, globally: 1)
14:01:03.540 [main] DEBUG org.hibernate.jdbc.AbstractBatcher - about to close PreparedStatement (open PreparedStatements: 1, globally: 1)
14:01:03.540 [main] DEBUG o.h.e.loading.CollectionLoadContext - 1 collections were found in result set for role: net.lojika.gtfs.model.Routes.routesCdkidCollection
14:01:03.540 [main] DEBUG o.h.e.loading.CollectionLoadContext - collection fully initialized: [net.lojika.gtfs.model.Routes.routesCdkidCollection#istb.280604]
14:01:03.540 [main] DEBUG o.h.e.loading.CollectionLoadContext - 1 collections initialized for role: net.lojika.gtfs.model.Routes.routesCdkidCollection
14:01:03.540 [main] DEBUG org.hibernate.loader.Loader - done loading collection
14:01:03.540 [main] DEBUG org.hibernate.loader.Loader - loading collection: [net.lojika.gtfs.model.Routes.routesCdkidCollection#istb.280606]
14:01:03.540 [main] DEBUG org.hibernate.jdbc.AbstractBatcher - about to open PreparedStatement (open PreparedStatements: 0, globally: 0)
14:01:03.540 [main] DEBUG org.hibernate.SQL - select routescdki0_.route_id as route2_2_1_, routescdki0_.route_cdk_id as route1_1_, routescdki0_.route_cdk_id as route1_3_0_, routescdki0_.route_id as route2_3_0_ from public.routes_cdkid routescdki0_ where routescdki0_.route_id=?
Hibernate: select routescdki0_.route_id as route2_2_1_, routescdki0_.route_cdk_id as route1_1_, routescdki0_.route_cdk_id as route1_3_0_, routescdki0_.route_id as route2_3_0_ from public.routes_cdkid routescdki0_ where routescdki0_.route_id=?
14:01:03.541 [main] DEBUG org.hibernate.jdbc.AbstractBatcher - about to open ResultSet (open ResultSets: 0, globally: 0)
14:01:03.541 [main] DEBUG org.hibernate.loader.Loader - result set contains (possibly empty) collection: [net.lojika.gtfs.model.Routes.routesCdkidCollection#istb.280606]
14:01:03.541 [main] DEBUG org.hibernate.loader.Loader - result row: EntityKey[net.lojika.gtfs.model.RoutesCdkid#gtfs.line.1.55et-1]
14:01:03.541 [main] DEBUG org.hibernate.loader.Loader - found row of collection: [net.lojika.gtfs.model.Routes.routesCdkidCollection#istb.280606]
14:01:03.541 [main] DEBUG org.hibernate.loader.Loader - result row: EntityKey[net.lojika.gtfs.model.RoutesCdkid#gtfs.line.1.55et-0]
14:01:03.541 [main] DEBUG org.hibernate.loader.Loader - found row of collection: [net.lojika.gtfs.model.Routes.routesCdkidCollection#istb.280606]
14:01:03.541 [main] DEBUG org.hibernate.jdbc.AbstractBatcher - about to close ResultSet (open ResultSets: 1, globally: 1)
14:01:03.541 [main] DEBUG org.hibernate.jdbc.AbstractBatcher - about to close PreparedStatement (open PreparedStatements: 1, globally: 1)
14:01:03.541 [main] DEBUG o.h.e.loading.CollectionLoadContext - 1 collections were found in result set for role: net.lojika.gtfs.model.Routes.routesCdkidCollection
14:01:03.541 [main] DEBUG o.h.e.loading.CollectionLoadContext - collection fully initialized: [net.lojika.gtfs.model.Routes.routesCdkidCollection#istb.280606]
14:01:03.541 [main] DEBUG o.h.e.loading.CollectionLoadContext - 1 collections initialized for role: net.lojika.gtfs.model.Routes.routesCdkidCollection
14:01:03.541 [main] DEBUG org.hibernate.loader.Loader - done loading collection
14:01:03.541 [main] DEBUG org.hibernate.loader.Loader - loading collection: [net.lojika.gtfs.model.Routes.routesCdkidCollection#istb.280607]
14:01:03.541 [main] DEBUG org.hibernate.jdbc.AbstractBatcher - about to open PreparedStatement (open PreparedStatements: 0, globally: 0)
14:01:03.541 [main] DEBUG org.hibernate.SQL - select routescdki0_.route_id as route2_2_1_, routescdki0_.route_cdk_id as route1_1_, routescdki0_.route_cdk_id as route1_3_0_, routescdki0_.route_id as route2_3_0_ from public.routes_cdkid routescdki0_ where routescdki0_.route_id=?
Hibernate: select routescdki0_.route_id as route2_2_1_, routescdki0_.route_cdk_id as route1_1_, routescdki0_.route_cdk_id as route1_3_0_, routescdki0_.route_id as route2_3_0_ from public.routes_cdkid routescdki0_ where routescdki0_.route_id=?
14:01:03.542 [main] DEBUG org.hibernate.jdbc.AbstractBatcher - about to open ResultSet (open ResultSets: 0, globally: 0)
14:01:03.542 [main] DEBUG org.hibernate.loader.Loader - result set contains (possibly empty) collection: [net.lojika.gtfs.model.Routes.routesCdkidCollection#istb.280607]
14:01:03.542 [main] DEBUG org.hibernate.loader.Loader - result row: EntityKey[net.lojika.gtfs.model.RoutesCdkid#gtfs.line.1.55m-0]
14:01:03.542 [main] DEBUG org.hibernate.loader.Loader - found row of collection: [net.lojika.gtfs.model.Routes.routesCdkidCollection#istb.280607]
14:01:03.542 [main] DEBUG org.hibernate.jdbc.AbstractBatcher - about to close ResultSet (open ResultSets: 1, globally: 1)
14:01:03.542 [main] DEBUG org.hibernate.jdbc.AbstractBatcher - about to close PreparedStatement (open PreparedStatements: 1, globally: 1)
14:01:03.542 [main] DEBUG o.h.e.loading.CollectionLoadContext - 1 collections were found in result set for role: net.lojika.gtfs.model.Routes.routesCdkidCollection
14:01:03.542 [main] DEBUG o.h.e.loading.CollectionLoadContext - collection fully initialized: [net.lojika.gtfs.model.Routes.routesCdkidCollection#istb.280607]
14:01:03.542 [main] DEBUG o.h.e.loading.CollectionLoadContext - 1 collections initialized for role: net.lojika.gtfs.model.Routes.routesCdkidCollection
14:01:03.542 [main] DEBUG org.hibernate.loader.Loader - done loading collection
14:01:03.542 [main] DEBUG org.hibernate.loader.Loader - loading collection: [net.lojika.gtfs.model.Routes.routesCdkidCollection#istb.280608]
14:01:03.542 [main] DEBUG org.hibernate.jdbc.AbstractBatcher - about to open PreparedStatement (open PreparedStatements: 0, globally: 0)
14:01:03.542 [main] DEBUG org.hibernate.SQL - select routescdki0_.route_id as route2_2_1_, routescdki0_.route_cdk_id as route1_1_, routescdki0_.route_cdk_id as route1_3_0_, routescdki0_.route_id as route2_3_0_ from public.routes_cdkid routescdki0_ where routescdki0_.route_id=?
Hibernate: select routescdki0_.route_id as route2_2_1_, routescdki0_.route_cdk_id as route1_1_, routescdki0_.route_cdk_id as route1_3_0_, routescdki0_.route_id as route2_3_0_ from public.routes_cdkid routescdki0_ where routescdki0_.route_id=?
14:01:03.543 [main] DEBUG org.hibernate.jdbc.AbstractBatcher - about to open ResultSet (open ResultSets: 0, globally: 0)
14:01:03.543 [main] DEBUG org.hibernate.loader.Loader - result set contains (possibly empty) collection: [net.lojika.gtfs.model.Routes.routesCdkidCollection#istb.280608]
14:01:03.543 [main] DEBUG org.hibernate.loader.Loader - result row: EntityKey[net.lojika.gtfs.model.RoutesCdkid#gtfs.line.1.55t-0]
14:01:03.543 [main] DEBUG org.hibernate.loader.Loader - found row of collection: [net.lojika.gtfs.model.Routes.routesCdkidCollection#istb.280608]
14:01:03.543 [main] DEBUG org.hibernate.jdbc.AbstractBatcher - about to close ResultSet (open ResultSets: 1, globally: 1)
14:01:03.543 [main] DEBUG org.hibernate.jdbc.AbstractBatcher - about to close PreparedStatement (open PreparedStatements: 1, globally: 1)
14:01:03.543 [main] DEBUG o.h.e.loading.CollectionLoadContext - 1 collections were found in result set for role: net.lojika.gtfs.model.Routes.routesCdkidCollection
14:01:03.543 [main] DEBUG o.h.e.loading.CollectionLoadContext - collection fully initialized: [net.lojika.gtfs.model.Routes.routesCdkidCollection#istb.280608]
14:01:03.543 [main] DEBUG o.h.e.loading.CollectionLoadContext - 1 collections initialized for role: net.lojika.gtfs.model.Routes.routesCdkidCollection
14:01:03.543 [main] DEBUG org.hibernate.loader.Loader - done loading collection
14:01:03.543 [main] DEBUG org.hibernate.loader.Loader - loading collection: [net.lojika.gtfs.model.Routes.routesCdkidCollection#istb.280609]
14:01:03.543 [main] DEBUG org.hibernate.jdbc.AbstractBatcher - about to open PreparedStatement (open PreparedStatements: 0, globally: 0)
14:01:03.543 [main] DEBUG org.hibernate.SQL - select routescdki0_.route_id as route2_2_1_, routescdki0_.route_cdk_id as route1_1_, routescdki0_.route_cdk_id as route1_3_0_, routescdki0_.route_id as route2_3_0_ from public.routes_cdkid routescdki0_ where routescdki0_.route_id=?
Hibernate: select routescdki0_.route_id as route2_2_1_, routescdki0_.route_cdk_id as route1_1_, routescdki0_.route_cdk_id as route1_3_0_, routescdki0_.route_id as route2_3_0_ from public.routes_cdkid routescdki0_ where routescdki0_.route_id=?
14:01:03.544 [main] DEBUG org.hibernate.jdbc.AbstractBatcher - about to open ResultSet (open ResultSets: 0, globally: 0)
14:01:03.544 [main] DEBUG org.hibernate.loader.Loader - result set contains (possibly empty) collection: [net.lojika.gtfs.model.Routes.routesCdkidCollection#istb.280609]
14:01:03.544 [main] DEBUG org.hibernate.loader.Loader - result row: EntityKey[net.lojika.gtfs.model.RoutesCdkid#gtfs.line.1.55y-1]
14:01:03.544 [main] DEBUG org.hibernate.loader.Loader - found row of collection: [net.lojika.gtfs.model.Routes.routesCdkidCollection#istb.280609]
14:01:03.544 [main] DEBUG org.hibernate.loader.Loader - result row: EntityKey[net.lojika.gtfs.model.RoutesCdkid#gtfs.line.1.55y-0]
14:01:03.544 [main] DEBUG org.hibernate.loader.Loader - found row of collection: [net.lojika.gtfs.model.Routes.routesCdkidCollection#istb.280609]
14:01:03.544 [main] DEBUG org.hibernate.jdbc.AbstractBatcher - about to close ResultSet (open ResultSets: 1, globally: 1)
14:01:03.544 [main] DEBUG org.hibernate.jdbc.AbstractBatcher - about to close PreparedStatement (open PreparedStatements: 1, globally: 1)
14:01:03.544 [main] DEBUG o.h.e.loading.CollectionLoadContext - 1 collections were found in result set for role: net.lojika.gtfs.model.Routes.routesCdkidCollection
14:01:03.545 [main] DEBUG o.h.e.loading.CollectionLoadContext - collection fully initialized: [net.lojika.gtfs.model.Routes.routesCdkidCollection#istb.280609]
14:01:03.545 [main] DEBUG o.h.e.loading.CollectionLoadContext - 1 collections initialized for role: net.lojika.gtfs.model.Routes.routesCdkidCollection
14:01:03.545 [main] DEBUG org.hibernate.loader.Loader - done loading collection
14:01:03.545 [main] DEBUG org.hibernate.loader.Loader - loading collection: [net.lojika.gtfs.model.Routes.routesCdkidCollection#istb.280610]
14:01:03.545 [main] DEBUG org.hibernate.jdbc.AbstractBatcher - about to open PreparedStatement (open PreparedStatements: 0, globally: 0)
14:01:03.545 [main] DEBUG org.hibernate.SQL - select routescdki0_.route_id as route2_2_1_, routescdki0_.route_cdk_id as route1_1_, routescdki0_.route_cdk_id as route1_3_0_, routescdki0_.route_id as route2_3_0_ from public.routes_cdkid routescdki0_ where routescdki0_.route_id=?
Hibernate: select routescdki0_.route_id as route2_2_1_, routescdki0_.route_cdk_id as route1_1_, routescdki0_.route_cdk_id as route1_3_0_, routescdki0_.route_id as route2_3_0_ from public.routes_cdkid routescdki0_ where routescdki0_.route_id=?
14:01:03.545 [main] DEBUG org.hibernate.jdbc.AbstractBatcher - about to open ResultSet (open ResultSets: 0, globally: 0)
14:01:03.545 [main] DEBUG org.hibernate.loader.Loader - result set contains (possibly empty) collection: [net.lojika.gtfs.model.Routes.routesCdkidCollection#istb.280610]
14:01:03.545 [main] DEBUG org.hibernate.loader.Loader - result row: EntityKey[net.lojika.gtfs.model.RoutesCdkid#gtfs.line.1.57ul-1]
14:01:03.545 [main] DEBUG org.hibernate.loader.Loader - found row of collection: [net.lojika.gtfs.model.Routes.routesCdkidCollection#istb.280610]
14:01:03.545 [main] DEBUG org.hibernate.loader.Loader - result row: EntityKey[net.lojika.gtfs.model.RoutesCdkid#gtfs.line.1.57ul-0]
14:01:03.546 [main] DEBUG org.hibernate.loader.Loader - found row of collection: [net.lojika.gtfs.model.Routes.routesCdkidCollection#istb.280610]
14:01:03.546 [main] DEBUG org.hibernate.jdbc.AbstractBatcher - about to close ResultSet (open ResultSets: 1, globally: 1)
14:01:03.546 [main] DEBUG org.hibernate.jdbc.AbstractBatcher - about to close PreparedStatement (open PreparedStatements: 1, globally: 1)
14:01:03.546 [main] DEBUG o.h.e.loading.CollectionLoadContext - 1 collections were found in result set for role: net.lojika.gtfs.model.Routes.routesCdkidCollection
14:01:03.546 [main] DEBUG o.h.e.loading.CollectionLoadContext - collection fully initialized: [net.lojika.gtfs.model.Routes.routesCdkidCollection#istb.280610]
14:01:03.546 [main] DEBUG o.h.e.loading.CollectionLoadContext - 1 collections initialized for role: net.lojika.gtfs.model.Routes.routesCdkidCollection
14:01:03.546 [main] DEBUG org.hibernate.loader.Loader - done loading collection
14:01:03.546 [main] DEBUG org.hibernate.loader.Loader - loading collection: [net.lojika.gtfs.model.Routes.routesCdkidCollection#istb.280613]
14:01:03.546 [main] DEBUG org.hibernate.jdbc.AbstractBatcher - about to open PreparedStatement (open PreparedStatements: 0, globally: 0)
14:01:03.546 [main] DEBUG org.hibernate.SQL - select routescdki0_.route_id as route2_2_1_, routescdki0_.route_cdk_id as route1_1_, routescdki0_.route_cdk_id as route1_3_0_, routescdki0_.route_id as route2_3_0_ from public.routes_cdkid routescdki0_ where routescdki0_.route_id=?
Hibernate: select routescdki0_.route_id as route2_2_1_, routescdki0_.route_cdk_id as route1_1_, routescdki0_.route_cdk_id as route1_3_0_, routescdki0_.route_id as route2_3_0_ from public.routes_cdkid routescdki0_ where routescdki0_.route_id=?
14:01:03.546 [main] DEBUG org.hibernate.jdbc.AbstractBatcher - about to open ResultSet (open ResultSets: 0, globally: 0)
14:01:03.546 [main] DEBUG org.hibernate.loader.Loader - result set contains (possibly empty) collection: [net.lojika.gtfs.model.Routes.routesCdkidCollection#istb.280613]
14:01:03.547 [main] DEBUG org.hibernate.loader.Loader - result row: EntityKey[net.lojika.gtfs.model.RoutesCdkid#gtfs.line.1.58s-0]
14:01:03.547 [main] DEBUG org.hibernate.loader.Loader - found row of collection: [net.lojika.gtfs.model.Routes.routesCdkidCollection#istb.280613]
14:01:03.547 [main] DEBUG org.hibernate.jdbc.AbstractBatcher - about to close ResultSet (open ResultSets: 1, globally: 1)
14:01:03.547 [main] DEBUG org.hibernate.jdbc.AbstractBatcher - about to close PreparedStatement (open PreparedStatements: 1, globally: 1)
14:01:03.547 [main] DEBUG o.h.e.loading.CollectionLoadContext - 1 collections were found in result set for role: net.lojika.gtfs.model.Routes.routesCdkidCollection
14:01:03.547 [main] DEBUG o.h.e.loading.CollectionLoadContext - collection fully initialized: [net.lojika.gtfs.model.Routes.routesCdkidCollection#istb.280613]
14:01:03.547 [main] DEBUG o.h.e.loading.CollectionLoadContext - 1 collections initialized for role: net.lojika.gtfs.model.Routes.routesCdkidCollection
14:01:03.547 [main] DEBUG org.hibernate.loader.Loader - done loading collection
14:01:03.547 [main] DEBUG org.hibernate.loader.Loader - loading collection: [net.lojika.gtfs.model.Routes.routesCdkidCollection#istb.280615]
14:01:03.547 [main] DEBUG org.hibernate.jdbc.AbstractBatcher - about to open PreparedStatement (open PreparedStatements: 0, globally: 0)
14:01:03.547 [main] DEBUG org.hibernate.SQL - select routescdki0_.route_id as route2_2_1_, routescdki0_.route_cdk_id as route1_1_, routescdki0_.route_cdk_id as route1_3_0_, routescdki0_.route_id as route2_3_0_ from public.routes_cdkid routescdki0_ where routescdki0_.route_id=?
Hibernate: select routescdki0_.route_id as route2_2_1_, routescdki0_.route_cdk_id as route1_1_, routescdki0_.route_cdk_id as route1_3_0_, routescdki0_.route_id as route2_3_0_ from public.routes_cdkid routescdki0_ where routescdki0_.route_id=?
14:01:03.547 [main] DEBUG org.hibernate.jdbc.AbstractBatcher - about to open ResultSet (open ResultSets: 0, globally: 0)
14:01:03.547 [main] DEBUG org.hibernate.loader.Loader - result set contains (possibly empty) collection: [net.lojika.gtfs.model.Routes.routesCdkidCollection#istb.280615]
14:01:03.548 [main] DEBUG org.hibernate.loader.Loader - result row: EntityKey[net.lojika.gtfs.model.RoutesCdkid#gtfs.line.1.59a-0]
14:01:03.548 [main] DEBUG org.hibernate.loader.Loader - found row of collection: [net.lojika.gtfs.model.Routes.routesCdkidCollection#istb.280615]
14:01:03.548 [main] DEBUG org.hibernate.jdbc.AbstractBatcher - about to close ResultSet (open ResultSets: 1, globally: 1)
14:01:03.548 [main] DEBUG org.hibernate.jdbc.AbstractBatcher - about to close PreparedStatement (open PreparedStatements: 1, globally: 1)
14:01:03.548 [main] DEBUG o.h.e.loading.CollectionLoadContext - 1 collections were found in result set for role: net.lojika.gtfs.model.Routes.routesCdkidCollection
14:01:03.548 [main] DEBUG o.h.e.loading.CollectionLoadContext - collection fully initialized: [net.lojika.gtfs.model.Routes.routesCdkidCollection#istb.280615]
14:01:03.548 [main] DEBUG o.h.e.loading.CollectionLoadContext - 1 collections initialized for role: net.lojika.gtfs.model.Routes.routesCdkidCollection
14:01:03.548 [main] DEBUG org.hibernate.loader.Loader - done loading collection
14:01:03.548 [main] DEBUG org.hibernate.loader.Loader - loading collection: [net.lojika.gtfs.model.Routes.routesCdkidCollection#istb.280616]
14:01:03.548 [main] DEBUG org.hibernate.jdbc.AbstractBatcher - about to open PreparedStatement (open PreparedStatements: 0, globally: 0)
14:01:03.548 [main] DEBUG org.hibernate.SQL - select routescdki0_.route_id as route2_2_1_, routescdki0_.route_cdk_id as route1_1_, routescdki0_.route_cdk_id as route1_3_0_, routescdki0_.route_id as route2_3_0_ from public.routes_cdkid routescdki0_ where routescdki0_.route_id=?
Hibernate: select routescdki0_.route_id as route2_2_1_, routescdki0_.route_cdk_id as route1_1_, routescdki0_.route_cdk_id as route1_3_0_, routescdki0_.route_id as route2_3_0_ from public.routes_cdkid routescdki0_ where routescdki0_.route_id=?
14:01:03.548 [main] DEBUG org.hibernate.jdbc.AbstractBatcher - about to open ResultSet (open ResultSets: 0, globally: 0)
14:01:03.549 [main] DEBUG org.hibernate.loader.Loader - result set contains (possibly empty) collection: [net.lojika.gtfs.model.Routes.routesCdkidCollection#istb.280616]
14:01:03.549 [main] DEBUG org.hibernate.loader.Loader - result row: EntityKey[net.lojika.gtfs.model.RoutesCdkid#gtfs.line.1.59b-0]
14:01:03.549 [main] DEBUG org.hibernate.loader.Loader - found row of collection: [net.lojika.gtfs.model.Routes.routesCdkidCollection#istb.280616]
14:01:03.549 [main] DEBUG org.hibernate.jdbc.AbstractBatcher - about to close ResultSet (open ResultSets: 1, globally: 1)
14:01:03.549 [main] DEBUG org.hibernate.jdbc.AbstractBatcher - about to close PreparedStatement (open PreparedStatements: 1, globally: 1)
14:01:03.549 [main] DEBUG o.h.e.loading.CollectionLoadContext - 1 collections were found in result set for role: net.lojika.gtfs.model.Routes.routesCdkidCollection
14:01:03.549 [main] DEBUG o.h.e.loading.CollectionLoadContext - collection fully initialized: [net.lojika.gtfs.model.Routes.routesCdkidCollection#istb.280616]
14:01:03.549 [main] DEBUG o.h.e.loading.CollectionLoadContext - 1 collections initialized for role: net.lojika.gtfs.model.Routes.routesCdkidCollection
14:01:03.549 [main] DEBUG org.hibernate.loader.Loader - done loading collection
14:01:03.549 [main] DEBUG org.hibernate.loader.Loader - loading collection: [net.lojika.gtfs.model.Routes.routesCdkidCollection#istb.2013]
14:01:03.549 [main] DEBUG org.hibernate.jdbc.AbstractBatcher - about to open PreparedStatement (open PreparedStatements: 0, globally: 0)
14:01:03.549 [main] DEBUG org.hibernate.SQL - select routescdki0_.route_id as route2_2_1_, routescdki0_.route_cdk_id as route1_1_, routescdki0_.route_cdk_id as route1_3_0_, routescdki0_.route_id as route2_3_0_ from public.routes_cdkid routescdki0_ where routescdki0_.route_id=?
Hibernate: select routescdki0_.route_id as route2_2_1_, routescdki0_.route_cdk_id as route1_1_, routescdki0_.route_cdk_id as route1_3_0_, routescdki0_.route_id as route2_3_0_ from public.routes_cdkid routescdki0_ where routescdki0_.route_id=?
14:01:03.550 [main] DEBUG org.hibernate.jdbc.AbstractBatcher - about to open ResultSet (open ResultSets: 0, globally: 0)
14:01:03.550 [main] DEBUG org.hibernate.loader.Loader - result set contains (possibly empty) collection: [net.lojika.gtfs.model.Routes.routesCdkidCollection#istb.2013]
14:01:03.550 [main] DEBUG org.hibernate.loader.Loader - result row: EntityKey[net.lojika.gtfs.model.RoutesCdkid#gtfs.line.2.m2b-1]
14:01:03.550 [main] DEBUG org.hibernate.loader.Loader - found row of collection: [net.lojika.gtfs.model.Routes.routesCdkidCollection#istb.2013]
14:01:03.550 [main] DEBUG org.hibernate.loader.Loader - result row: EntityKey[net.lojika.gtfs.model.RoutesCdkid#gtfs.line.2.m2b-0]
14:01:03.550 [main] DEBUG org.hibernate.loader.Loader - found row of collection: [net.lojika.gtfs.model.Routes.routesCdkidCollection#istb.2013]
14:01:03.550 [main] DEBUG org.hibernate.jdbc.AbstractBatcher - about to close ResultSet (open ResultSets: 1, globally: 1)
14:01:03.550 [main] DEBUG org.hibernate.jdbc.AbstractBatcher - about to close PreparedStatement (open PreparedStatements: 1, globally: 1)
14:01:03.550 [main] DEBUG o.h.e.loading.CollectionLoadContext - 1 collections were found in result set for role: net.lojika.gtfs.model.Routes.routesCdkidCollection
14:01:03.550 [main] DEBUG o.h.e.loading.CollectionLoadContext - collection fully initialized: [net.lojika.gtfs.model.Routes.routesCdkidCollection#istb.2013]
14:01:03.550 [main] DEBUG o.h.e.loading.CollectionLoadContext - 1 collections initialized for role: net.lojika.gtfs.model.Routes.routesCdkidCollection
14:01:03.550 [main] DEBUG org.hibernate.loader.Loader - done loading collection
14:01:03.550 [main] DEBUG org.hibernate.loader.Loader - loading collection: [net.lojika.gtfs.model.Routes.routesCdkidCollection#istb.280258]
14:01:03.550 [main] DEBUG org.hibernate.jdbc.AbstractBatcher - about to open PreparedStatement (open PreparedStatements: 0, globally: 0)
14:01:03.550 [main] DEBUG org.hibernate.SQL - select routescdki0_.route_id as route2_2_1_, routescdki0_.route_cdk_id as route1_1_, routescdki0_.route_cdk_id as route1_3_0_, routescdki0_.route_id as route2_3_0_ from public.routes_cdkid routescdki0_ where routescdki0_.route_id=?
Hibernate: select routescdki0_.route_id as route2_2_1_, routescdki0_.route_cdk_id as route1_1_, routescdki0_.route_cdk_id as route1_3_0_, routescdki0_.route_id as route2_3_0_ from public.routes_cdkid routescdki0_ where routescdki0_.route_id=?
14:01:03.551 [main] DEBUG org.hibernate.jdbc.AbstractBatcher - about to open ResultSet (open ResultSets: 0, globally: 0)
14:01:03.551 [main] DEBUG org.hibernate.loader.Loader - result set contains (possibly empty) collection: [net.lojika.gtfs.model.Routes.routesCdkidCollection#istb.280258]
14:01:03.551 [main] DEBUG org.hibernate.loader.Loader - result row: EntityKey[net.lojika.gtfs.model.RoutesCdkid#gtfs.line.1.132f-1]
14:01:03.551 [main] DEBUG org.hibernate.loader.Loader - found row of collection: [net.lojika.gtfs.model.Routes.routesCdkidCollection#istb.280258]
14:01:03.551 [main] DEBUG org.hibernate.loader.Loader - result row: EntityKey[net.lojika.gtfs.model.RoutesCdkid#gtfs.line.1.132f-0]
14:01:03.551 [main] DEBUG org.hibernate.loader.Loader - found row of collection: [net.lojika.gtfs.model.Routes.routesCdkidCollection#istb.280258]
14:01:03.551 [main] DEBUG org.hibernate.jdbc.AbstractBatcher - about to close ResultSet (open ResultSets: 1, globally: 1)
14:01:03.551 [main] DEBUG org.hibernate.jdbc.AbstractBatcher - about to close PreparedStatement (open PreparedStatements: 1, globally: 1)
14:01:03.551 [main] DEBUG o.h.e.loading.CollectionLoadContext - 1 collections were found in result set for role: net.lojika.gtfs.model.Routes.routesCdkidCollection
14:01:03.551 [main] DEBUG o.h.e.loading.CollectionLoadContext - collection fully initialized: [net.lojika.gtfs.model.Routes.routesCdkidCollection#istb.280258]
14:01:03.551 [main] DEBUG o.h.e.loading.CollectionLoadContext - 1 collections initialized for role: net.lojika.gtfs.model.Routes.routesCdkidCollection
14:01:03.551 [main] DEBUG org.hibernate.loader.Loader - done loading collection
14:01:03.551 [main] DEBUG org.hibernate.loader.Loader - loading collection: [net.lojika.gtfs.model.Routes.routesCdkidCollection#istb.280259]
14:01:03.551 [main] DEBUG org.hibernate.jdbc.AbstractBatcher - about to open PreparedStatement (open PreparedStatements: 0, globally: 0)
14:01:03.551 [main] DEBUG org.hibernate.SQL - select routescdki0_.route_id as route2_2_1_, routescdki0_.route_cdk_id as route1_1_, routescdki0_.route_cdk_id as route1_3_0_, routescdki0_.route_id as route2_3_0_ from public.routes_cdkid routescdki0_ where routescdki0_.route_id=?
Hibernate: select routescdki0_.route_id as route2_2_1_, routescdki0_.route_cdk_id as route1_1_, routescdki0_.route_cdk_id as route1_3_0_, routescdki0_.route_id as route2_3_0_ from public.routes_cdkid routescdki0_ where routescdki0_.route_id=?
14:01:03.552 [main] DEBUG org.hibernate.jdbc.AbstractBatcher - about to open ResultSet (open ResultSets: 0, globally: 0)
14:01:03.552 [main] DEBUG org.hibernate.loader.Loader - result set contains (possibly empty) collection: [net.lojika.gtfs.model.Routes.routesCdkidCollection#istb.280259]
14:01:03.552 [main] DEBUG org.hibernate.loader.Loader - result row: EntityKey[net.lojika.gtfs.model.RoutesCdkid#gtfs.line.1.132k-1]
14:01:03.552 [main] DEBUG org.hibernate.loader.Loader - found row of collection: [net.lojika.gtfs.model.Routes.routesCdkidCollection#istb.280259]
14:01:03.552 [main] DEBUG org.hibernate.loader.Loader - result row: EntityKey[net.lojika.gtfs.model.RoutesCdkid#gtfs.line.1.132k-0]
14:01:03.552 [main] DEBUG org.hibernate.loader.Loader - found row of collection: [net.lojika.gtfs.model.Routes.routesCdkidCollection#istb.280259]
14:01:03.552 [main] DEBUG org.hibernate.jdbc.AbstractBatcher - about to close ResultSet (open ResultSets: 1, globally: 1)
14:01:03.552 [main] DEBUG org.hibernate.jdbc.AbstractBatcher - about to close PreparedStatement (open PreparedStatements: 1, globally: 1)
14:01:03.552 [main] DEBUG o.h.e.loading.CollectionLoadContext - 1 collections were found in result set for role: net.lojika.gtfs.model.Routes.routesCdkidCollection
14:01:03.552 [main] DEBUG o.h.e.loading.CollectionLoadContext - collection fully initialized: [net.lojika.gtfs.model.Routes.routesCdkidCollection#istb.280259]
14:01:03.552 [main] DEBUG o.h.e.loading.CollectionLoadContext - 1 collections initialized for role: net.lojika.gtfs.model.Routes.routesCdkidCollection
14:01:03.552 [main] DEBUG org.hibernate.loader.Loader - done loading collection
14:01:03.552 [main] DEBUG org.hibernate.loader.Loader - loading collection: [net.lojika.gtfs.model.Routes.routesCdkidCollection#istb.280260]
14:01:03.552 [main] DEBUG org.hibernate.jdbc.AbstractBatcher - about to open PreparedStatement (open PreparedStatements: 0, globally: 0)
14:01:03.552 [main] DEBUG org.hibernate.SQL - select routescdki0_.route_id as route2_2_1_, routescdki0_.route_cdk_id as route1_1_, routescdki0_.route_cdk_id as route1_3_0_, routescdki0_.route_id as route2_3_0_ from public.routes_cdkid routescdki0_ where routescdki0_.route_id=?
Hibernate: select routescdki0_.route_id as route2_2_1_, routescdki0_.route_cdk_id as route1_1_, routescdki0_.route_cdk_id as route1_3_0_, routescdki0_.route_id as route2_3_0_ from public.routes_cdkid routescdki0_ where routescdki0_.route_id=?
14:01:03.553 [main] DEBUG org.hibernate.jdbc.AbstractBatcher - about to open ResultSet (open ResultSets: 0, globally: 0)
14:01:03.553 [main] DEBUG org.hibernate.loader.Loader - result set contains (possibly empty) collection: [net.lojika.gtfs.model.Routes.routesCdkidCollection#istb.280260]
14:01:03.553 [main] DEBUG org.hibernate.loader.Loader - result row: EntityKey[net.lojika.gtfs.model.RoutesCdkid#gtfs.line.1.132p-1]
14:01:03.553 [main] DEBUG org.hibernate.loader.Loader - found row of collection: [net.lojika.gtfs.model.Routes.routesCdkidCollection#istb.280260]
14:01:03.553 [main] DEBUG org.hibernate.loader.Loader - result row: EntityKey[net.lojika.gtfs.model.RoutesCdkid#gtfs.line.1.132p-0]
14:01:03.553 [main] DEBUG org.hibernate.loader.Loader - found row of collection: [net.lojika.gtfs.model.Routes.routesCdkidCollection#istb.280260]
14:01:03.553 [main] DEBUG org.hibernate.jdbc.AbstractBatcher - about to close ResultSet (open ResultSets: 1, globally: 1)
14:01:03.553 [main] DEBUG org.hibernate.jdbc.AbstractBatcher - about to close PreparedStatement (open PreparedStatements: 1, globally: 1)
14:01:03.553 [main] DEBUG o.h.e.loading.CollectionLoadContext - 1 collections were found in result set for role: net.lojika.gtfs.model.Routes.routesCdkidCollection
14:01:03.553 [main] DEBUG o.h.e.loading.CollectionLoadContext - collection fully initialized: [net.lojika.gtfs.model.Routes.routesCdkidCollection#istb.280260]
14:01:03.553 [main] DEBUG o.h.e.loading.CollectionLoadContext - 1 collections initialized for role: net.lojika.gtfs.model.Routes.routesCdkidCollection
14:01:03.553 [main] DEBUG org.hibernate.loader.Loader - done loading collection
14:01:03.553 [main] DEBUG org.hibernate.loader.Loader - loading collection: [net.lojika.gtfs.model.Routes.routesCdkidCollection#istb.280261]
14:01:03.554 [main] DEBUG org.hibernate.jdbc.AbstractBatcher - about to open PreparedStatement (open PreparedStatements: 0, globally: 0)
14:01:03.554 [main] DEBUG org.hibernate.SQL - select routescdki0_.route_id as route2_2_1_, routescdki0_.route_cdk_id as route1_1_, routescdki0_.route_cdk_id as route1_3_0_, routescdki0_.route_id as route2_3_0_ from public.routes_cdkid routescdki0_ where routescdki0_.route_id=?
Hibernate: select routescdki0_.route_id as route2_2_1_, routescdki0_.route_cdk_id as route1_1_, routescdki0_.route_cdk_id as route1_3_0_, routescdki0_.route_id as route2_3_0_ from public.routes_cdkid routescdki0_ where routescdki0_.route_id=?
14:01:03.554 [main] DEBUG org.hibernate.jdbc.AbstractBatcher - about to open ResultSet (open ResultSets: 0, globally: 0)
14:01:03.554 [main] DEBUG org.hibernate.loader.Loader - result set contains (possibly empty) collection: [net.lojika.gtfs.model.Routes.routesCdkidCollection#istb.280261]
14:01:03.554 [main] DEBUG org.hibernate.loader.Loader - result row: EntityKey[net.lojika.gtfs.model.RoutesCdkid#gtfs.line.1.132s-0]
14:01:03.554 [main] DEBUG org.hibernate.loader.Loader - found row of collection: [net.lojika.gtfs.model.Routes.routesCdkidCollection#istb.280261]
14:01:03.554 [main] DEBUG org.hibernate.loader.Loader - result row: EntityKey[net.lojika.gtfs.model.RoutesCdkid#gtfs.line.1.132s-1]
14:01:03.554 [main] DEBUG org.hibernate.loader.Loader - found row of collection: [net.lojika.gtfs.model.Routes.routesCdkidCollection#istb.280261]
14:01:03.554 [main] DEBUG org.hibernate.jdbc.AbstractBatcher - about to close ResultSet (open ResultSets: 1, globally: 1)
14:01:03.555 [main] DEBUG org.hibernate.jdbc.AbstractBatcher - about to close PreparedStatement (open PreparedStatements: 1, globally: 1)
14:01:03.555 [main] DEBUG o.h.e.loading.CollectionLoadContext - 1 collections were found in result set for role: net.lojika.gtfs.model.Routes.routesCdkidCollection
14:01:03.555 [main] DEBUG o.h.e.loading.CollectionLoadContext - collection fully initialized: [net.lojika.gtfs.model.Routes.routesCdkidCollection#istb.280261]
14:01:03.555 [main] DEBUG o.h.e.loading.CollectionLoadContext - 1 collections initialized for role: net.lojika.gtfs.model.Routes.routesCdkidCollection
14:01:03.555 [main] DEBUG org.hibernate.loader.Loader - done loading collection
14:01:03.555 [main] DEBUG org.hibernate.loader.Loader - loading collection: [net.lojika.gtfs.model.Routes.routesCdkidCollection#istb.280262]
14:01:03.555 [main] DEBUG org.hibernate.jdbc.AbstractBatcher - about to open PreparedStatement (open PreparedStatements: 0, globally: 0)
14:01:03.555 [main] DEBUG org.hibernate.SQL - select routescdki0_.route_id as route2_2_1_, routescdki0_.route_cdk_id as route1_1_, routescdki0_.route_cdk_id as route1_3_0_, routescdki0_.route_id as route2_3_0_ from public.routes_cdkid routescdki0_ where routescdki0_.route_id=?
Hibernate: select routescdki0_.route_id as route2_2_1_, routescdki0_.route_cdk_id as route1_1_, routescdki0_.route_cdk_id as route1_3_0_, routescdki0_.route_id as route2_3_0_ from public.routes_cdkid routescdki0_ where routescdki0_.route_id=?
14:01:03.556 [main] DEBUG org.hibernate.jdbc.AbstractBatcher - about to open ResultSet (open ResultSets: 0, globally: 0)
14:01:03.556 [main] DEBUG org.hibernate.loader.Loader - result set contains (possibly empty) collection: [net.lojika.gtfs.model.Routes.routesCdkidCollection#istb.280262]
14:01:03.556 [main] DEBUG org.hibernate.loader.Loader - result row: EntityKey[net.lojika.gtfs.model.RoutesCdkid#gtfs.line.1.132v-0]
14:01:03.556 [main] DEBUG org.hibernate.loader.Loader - found row of collection: [net.lojika.gtfs.model.Routes.routesCdkidCollection#istb.280262]
14:01:03.556 [main] DEBUG org.hibernate.loader.Loader - result row: EntityKey[net.lojika.gtfs.model.RoutesCdkid#gtfs.line.1.132v-1]
14:01:03.556 [main] DEBUG org.hibernate.loader.Loader - found row of collection: [net.lojika.gtfs.model.Routes.routesCdkidCollection#istb.280262]
14:01:03.556 [main] DEBUG org.hibernate.jdbc.AbstractBatcher - about to close ResultSet (open ResultSets: 1, globally: 1)
14:01:03.556 [main] DEBUG org.hibernate.jdbc.AbstractBatcher - about to close PreparedStatement (open PreparedStatements: 1, globally: 1)
14:01:03.556 [main] DEBUG o.h.e.loading.CollectionLoadContext - 1 collections were found in result set for role: net.lojika.gtfs.model.Routes.routesCdkidCollection
14:01:03.556 [main] DEBUG o.h.e.loading.CollectionLoadContext - collection fully initialized: [net.lojika.gtfs.model.Routes.routesCdkidCollection#istb.280262]
14:01:03.556 [main] DEBUG o.h.e.loading.CollectionLoadContext - 1 collections initialized for role: net.lojika.gtfs.model.Routes.routesCdkidCollection
14:01:03.556 [main] DEBUG org.hibernate.loader.Loader - done loading collection
14:01:03.556 [main] DEBUG org.hibernate.loader.Loader - loading collection: [net.lojika.gtfs.model.Routes.routesCdkidCollection#istb.280265]
14:01:03.556 [main] DEBUG org.hibernate.jdbc.AbstractBatcher - about to open PreparedStatement (open PreparedStatements: 0, globally: 0)
14:01:03.556 [main] DEBUG org.hibernate.SQL - select routescdki0_.route_id as route2_2_1_, routescdki0_.route_cdk_id as route1_1_, routescdki0_.route_cdk_id as route1_3_0_, routescdki0_.route_id as route2_3_0_ from public.routes_cdkid routescdki0_ where routescdki0_.route_id=?
Hibernate: select routescdki0_.route_id as route2_2_1_, routescdki0_.route_cdk_id as route1_1_, routescdki0_.route_cdk_id as route1_3_0_, routescdki0_.route_id as route2_3_0_ from public.routes_cdkid routescdki0_ where routescdki0_.route_id=?
14:01:03.557 [main] DEBUG org.hibernate.jdbc.AbstractBatcher - about to open ResultSet (open ResultSets: 0, globally: 0)
14:01:03.557 [main] DEBUG org.hibernate.loader.Loader - result set contains (possibly empty) collection: [net.lojika.gtfs.model.Routes.routesCdkidCollection#istb.280265]
14:01:03.557 [main] DEBUG org.hibernate.loader.Loader - result row: EntityKey[net.lojika.gtfs.model.RoutesCdkid#gtfs.line.1.133a-1]
14:01:03.557 [main] DEBUG org.hibernate.loader.Loader - found row of collection: [net.lojika.gtfs.model.Routes.routesCdkidCollection#istb.280265]
14:01:03.557 [main] DEBUG org.hibernate.loader.Loader - result row: EntityKey[net.lojika.gtfs.model.RoutesCdkid#gtfs.line.1.133a-0]
14:01:03.557 [main] DEBUG org.hibernate.loader.Loader - found row of collection: [net.lojika.gtfs.model.Routes.routesCdkidCollection#istb.280265]
14:01:03.557 [main] DEBUG org.hibernate.jdbc.AbstractBatcher - about to close ResultSet (open ResultSets: 1, globally: 1)
14:01:03.557 [main] DEBUG org.hibernate.jdbc.AbstractBatcher - about to close PreparedStatement (open PreparedStatements: 1, globally: 1)
14:01:03.557 [main] DEBUG o.h.e.loading.CollectionLoadContext - 1 collections were found in result set for role: net.lojika.gtfs.model.Routes.routesCdkidCollection
14:01:03.557 [main] DEBUG o.h.e.loading.CollectionLoadContext - collection fully initialized: [net.lojika.gtfs.model.Routes.routesCdkidCollection#istb.280265]
14:01:03.557 [main] DEBUG o.h.e.loading.CollectionLoadContext - 1 collections initialized for role: net.lojika.gtfs.model.Routes.routesCdkidCollection
14:01:03.557 [main] DEBUG org.hibernate.loader.Loader - done loading collection
14:01:03.557 [main] DEBUG org.hibernate.loader.Loader - loading collection: [net.lojika.gtfs.model.Routes.routesCdkidCollection#istb.280266]
14:01:03.557 [main] DEBUG org.hibernate.jdbc.AbstractBatcher - about to open PreparedStatement (open PreparedStatements: 0, globally: 0)
14:01:03.557 [main] DEBUG org.hibernate.SQL - select routescdki0_.route_id as route2_2_1_, routescdki0_.route_cdk_id as route1_1_, routescdki0_.route_cdk_id as route1_3_0_, routescdki0_.route_id as route2_3_0_ from public.routes_cdkid routescdki0_ where routescdki0_.route_id=?
Hibernate: select routescdki0_.route_id as route2_2_1_, routescdki0_.route_cdk_id as route1_1_, routescdki0_.route_cdk_id as route1_3_0_, routescdki0_.route_id as route2_3_0_ from public.routes_cdkid routescdki0_ where routescdki0_.route_id=?
14:01:03.558 [main] DEBUG org.hibernate.jdbc.AbstractBatcher - about to open ResultSet (open ResultSets: 0, globally: 0)
14:01:03.558 [main] DEBUG org.hibernate.loader.Loader - result set contains (possibly empty) collection: [net.lojika.gtfs.model.Routes.routesCdkidCollection#istb.280266]
14:01:03.558 [main] DEBUG org.hibernate.loader.Loader - result row: EntityKey[net.lojika.gtfs.model.RoutesCdkid#gtfs.line.1.133ak-1]
14:01:03.558 [main] DEBUG org.hibernate.loader.Loader - found row of collection: [net.lojika.gtfs.model.Routes.routesCdkidCollection#istb.280266]
14:01:03.558 [main] DEBUG org.hibernate.loader.Loader - result row: EntityKey[net.lojika.gtfs.model.RoutesCdkid#gtfs.line.1.133ak-0]
14:01:03.558 [main] DEBUG org.hibernate.loader.Loader - found row of collection: [net.lojika.gtfs.model.Routes.routesCdkidCollection#istb.280266]
14:01:03.558 [main] DEBUG org.hibernate.jdbc.AbstractBatcher - about to close ResultSet (open ResultSets: 1, globally: 1)
14:01:03.558 [main] DEBUG org.hibernate.jdbc.AbstractBatcher - about to close PreparedStatement (open PreparedStatements: 1, globally: 1)
14:01:03.558 [main] DEBUG o.h.e.loading.CollectionLoadContext - 1 collections were found in result set for role: net.lojika.gtfs.model.Routes.routesCdkidCollection
14:01:03.558 [main] DEBUG o.h.e.loading.CollectionLoadContext - collection fully initialized: [net.lojika.gtfs.model.Routes.routesCdkidCollection#istb.280266]
14:01:03.559 [main] DEBUG o.h.e.loading.CollectionLoadContext - 1 collections initialized for role: net.lojika.gtfs.model.Routes.routesCdkidCollection
14:01:03.559 [main] DEBUG org.hibernate.loader.Loader - done loading collection
14:01:03.559 [main] DEBUG org.hibernate.loader.Loader - loading collection: [net.lojika.gtfs.model.Routes.routesCdkidCollection#istb.280267]
14:01:03.559 [main] DEBUG org.hibernate.jdbc.AbstractBatcher - about to open PreparedStatement (open PreparedStatements: 0, globally: 0)
14:01:03.559 [main] DEBUG org.hibernate.SQL - select routescdki0_.route_id as route2_2_1_, routescdki0_.route_cdk_id as route1_1_, routescdki0_.route_cdk_id as route1_3_0_, routescdki0_.route_id as route2_3_0_ from public.routes_cdkid routescdki0_ where routescdki0_.route_id=?
Hibernate: select routescdki0_.route_id as route2_2_1_, routescdki0_.route_cdk_id as route1_1_, routescdki0_.route_cdk_id as route1_3_0_, routescdki0_.route_id as route2_3_0_ from public.routes_cdkid routescdki0_ where routescdki0_.route_id=?
14:01:03.559 [main] DEBUG org.hibernate.jdbc.AbstractBatcher - about to open ResultSet (open ResultSets: 0, globally: 0)
14:01:03.559 [main] DEBUG org.hibernate.loader.Loader - result set contains (possibly empty) collection: [net.lojika.gtfs.model.Routes.routesCdkidCollection#istb.280267]
14:01:03.559 [main] DEBUG org.hibernate.loader.Loader - result row: EntityKey[net.lojika.gtfs.model.RoutesCdkid#gtfs.line.1.133f-1]
14:01:03.560 [main] DEBUG org.hibernate.loader.Loader - found row of collection: [net.lojika.gtfs.model.Routes.routesCdkidCollection#istb.280267]
14:01:03.560 [main] DEBUG org.hibernate.loader.Loader - result row: EntityKey[net.lojika.gtfs.model.RoutesCdkid#gtfs.line.1.133f-0]
14:01:03.560 [main] DEBUG org.hibernate.loader.Loader - found row of collection: [net.lojika.gtfs.model.Routes.routesCdkidCollection#istb.280267]
14:01:03.560 [main] DEBUG org.hibernate.jdbc.AbstractBatcher - about to close ResultSet (open ResultSets: 1, globally: 1)
14:01:03.560 [main] DEBUG org.hibernate.jdbc.AbstractBatcher - about to close PreparedStatement (open PreparedStatements: 1, globally: 1)
14:01:03.560 [main] DEBUG o.h.e.loading.CollectionLoadContext - 1 collections were found in result set for role: net.lojika.gtfs.model.Routes.routesCdkidCollection
14:01:03.560 [main] DEBUG o.h.e.loading.CollectionLoadContext - collection fully initialized: [net.lojika.gtfs.model.Routes.routesCdkidCollection#istb.280267]
14:01:03.560 [main] DEBUG o.h.e.loading.CollectionLoadContext - 1 collections initialized for role: net.lojika.gtfs.model.Routes.routesCdkidCollection
14:01:03.560 [main] DEBUG org.hibernate.loader.Loader - done loading collection
14:01:03.560 [main] DEBUG org.hibernate.loader.Loader - loading collection: [net.lojika.gtfs.model.Routes.routesCdkidCollection#istb.280268]
14:01:03.560 [main] DEBUG org.hibernate.jdbc.AbstractBatcher - about to open PreparedStatement (open PreparedStatements: 0, globally: 0)
14:01:03.560 [main] DEBUG org.hibernate.SQL - select routescdki0_.route_id as route2_2_1_, routescdki0_.route_cdk_id as route1_1_, routescdki0_.route_cdk_id as route1_3_0_, routescdki0_.route_id as route2_3_0_ from public.routes_cdkid routescdki0_ where routescdki0_.route_id=?
Hibernate: select routescdki0_.route_id as route2_2_1_, routescdki0_.route_cdk_id as route1_1_, routescdki0_.route_cdk_id as route1_3_0_, routescdki0_.route_id as route2_3_0_ from public.routes_cdkid routescdki0_ where routescdki0_.route_id=?
14:01:03.561 [main] DEBUG org.hibernate.jdbc.AbstractBatcher - about to open ResultSet (open ResultSets: 0, globally: 0)
14:01:03.561 [main] DEBUG org.hibernate.loader.Loader - result set contains (possibly empty) collection: [net.lojika.gtfs.model.Routes.routesCdkidCollection#istb.280268]
14:01:03.561 [main] DEBUG org.hibernate.loader.Loader - result row: EntityKey[net.lojika.gtfs.model.RoutesCdkid#gtfs.line.1.133g-1]
14:01:03.561 [main] DEBUG org.hibernate.loader.Loader - found row of collection: [net.lojika.gtfs.model.Routes.routesCdkidCollection#istb.280268]
14:01:03.561 [main] DEBUG org.hibernate.loader.Loader - result row: EntityKey[net.lojika.gtfs.model.RoutesCdkid#gtfs.line.1.133g-0]
14:01:03.562 [main] DEBUG org.hibernate.loader.Loader - found row of collection: [net.lojika.gtfs.model.Routes.routesCdkidCollection#istb.280268]
14:01:03.562 [main] DEBUG org.hibernate.jdbc.AbstractBatcher - about to close ResultSet (open ResultSets: 1, globally: 1)
14:01:03.562 [main] DEBUG org.hibernate.jdbc.AbstractBatcher - about to close PreparedStatement (open PreparedStatements: 1, globally: 1)
14:01:03.562 [main] DEBUG o.h.e.loading.CollectionLoadContext - 1 collections were found in result set for role: net.lojika.gtfs.model.Routes.routesCdkidCollection
14:01:03.562 [main] DEBUG o.h.e.loading.CollectionLoadContext - collection fully initialized: [net.lojika.gtfs.model.Routes.routesCdkidCollection#istb.280268]
14:01:03.562 [main] DEBUG o.h.e.loading.CollectionLoadContext - 1 collections initialized for role: net.lojika.gtfs.model.Routes.routesCdkidCollection
14:01:03.562 [main] DEBUG org.hibernate.loader.Loader - done loading collection
14:01:03.562 [main] DEBUG org.hibernate.loader.Loader - loading collection: [net.lojika.gtfs.model.Routes.routesCdkidCollection#istb.280269]
14:01:03.562 [main] DEBUG org.hibernate.jdbc.AbstractBatcher - about to open PreparedStatement (open PreparedStatements: 0, globally: 0)
14:01:03.562 [main] DEBUG org.hibernate.SQL - select routescdki0_.route_id as route2_2_1_, routescdki0_.route_cdk_id as route1_1_, routescdki0_.route_cdk_id as route1_3_0_, routescdki0_.route_id as route2_3_0_ from public.routes_cdkid routescdki0_ where routescdki0_.route_id=?
Hibernate: select routescdki0_.route_id as route2_2_1_, routescdki0_.route_cdk_id as route1_1_, routescdki0_.route_cdk_id as route1_3_0_, routescdki0_.route_id as route2_3_0_ from public.routes_cdkid routescdki0_ where routescdki0_.route_id=?
14:01:03.563 [main] DEBUG org.hibernate.jdbc.AbstractBatcher - about to open ResultSet (open ResultSets: 0, globally: 0)
14:01:03.563 [main] DEBUG org.hibernate.loader.Loader - result set contains (possibly empty) collection: [net.lojika.gtfs.model.Routes.routesCdkidCollection#istb.280269]
14:01:03.563 [main] DEBUG org.hibernate.loader.Loader - result row: EntityKey[net.lojika.gtfs.model.RoutesCdkid#gtfs.line.1.133gp-1]
14:01:03.563 [main] DEBUG org.hibernate.loader.Loader - found row of collection: [net.lojika.gtfs.model.Routes.routesCdkidCollection#istb.280269]
14:01:03.563 [main] DEBUG org.hibernate.loader.Loader - result row: EntityKey[net.lojika.gtfs.model.RoutesCdkid#gtfs.line.1.133gp-0]
14:01:03.563 [main] DEBUG org.hibernate.loader.Loader - found row of collection: [net.lojika.gtfs.model.Routes.routesCdkidCollection#istb.280269]
14:01:03.563 [main] DEBUG org.hibernate.jdbc.AbstractBatcher - about to close ResultSet (open ResultSets: 1, globally: 1)
14:01:03.563 [main] DEBUG org.hibernate.jdbc.AbstractBatcher - about to close PreparedStatement (open PreparedStatements: 1, globally: 1)
14:01:03.563 [main] DEBUG o.h.e.loading.CollectionLoadContext - 1 collections were found in result set for role: net.lojika.gtfs.model.Routes.routesCdkidCollection
14:01:03.563 [main] DEBUG o.h.e.loading.CollectionLoadContext - collection fully initialized: [net.lojika.gtfs.model.Routes.routesCdkidCollection#istb.280269]
14:01:03.563 [main] DEBUG o.h.e.loading.CollectionLoadContext - 1 collections initialized for role: net.lojika.gtfs.model.Routes.routesCdkidCollection
14:01:03.563 [main] DEBUG org.hibernate.loader.Loader - done loading collection
14:01:03.563 [main] DEBUG org.hibernate.loader.Loader - loading collection: [net.lojika.gtfs.model.Routes.routesCdkidCollection#istb.280270]
14:01:03.563 [main] DEBUG org.hibernate.jdbc.AbstractBatcher - about to open PreparedStatement (open PreparedStatements: 0, globally: 0)
14:01:03.563 [main] DEBUG org.hibernate.SQL - select routescdki0_.route_id as route2_2_1_, routescdki0_.route_cdk_id as route1_1_, routescdki0_.route_cdk_id as route1_3_0_, routescdki0_.route_id as route2_3_0_ from public.routes_cdkid routescdki0_ where routescdki0_.route_id=?
Hibernate: select routescdki0_.route_id as route2_2_1_, routescdki0_.route_cdk_id as route1_1_, routescdki0_.route_cdk_id as route1_3_0_, routescdki0_.route_id as route2_3_0_ from public.routes_cdkid routescdki0_ where routescdki0_.route_id=?
14:01:03.564 [main] DEBUG org.hibernate.jdbc.AbstractBatcher - about to open ResultSet (open ResultSets: 0, globally: 0)
14:01:03.564 [main] DEBUG org.hibernate.loader.Loader - result set contains (possibly empty) collection: [net.lojika.gtfs.model.Routes.routesCdkidCollection#istb.280270]
14:01:03.564 [main] DEBUG org.hibernate.loader.Loader - result row: EntityKey[net.lojika.gtfs.model.RoutesCdkid#gtfs.line.1.133k-1]
14:01:03.564 [main] DEBUG org.hibernate.loader.Loader - found row of collection: [net.lojika.gtfs.model.Routes.routesCdkidCollection#istb.280270]
14:01:03.564 [main] DEBUG org.hibernate.loader.Loader - result row: EntityKey[net.lojika.gtfs.model.RoutesCdkid#gtfs.line.1.133k-0]
14:01:03.565 [main] DEBUG org.hibernate.loader.Loader - found row of collection: [net.lojika.gtfs.model.Routes.routesCdkidCollection#istb.280270]
14:01:03.565 [main] DEBUG org.hibernate.jdbc.AbstractBatcher - about to close ResultSet (open ResultSets: 1, globally: 1)
14:01:03.565 [main] DEBUG org.hibernate.jdbc.AbstractBatcher - about to close PreparedStatement (open PreparedStatements: 1, globally: 1)
14:01:03.565 [main] DEBUG o.h.e.loading.CollectionLoadContext - 1 collections were found in result set for role: net.lojika.gtfs.model.Routes.routesCdkidCollection
14:01:03.565 [main] DEBUG o.h.e.loading.CollectionLoadContext - collection fully initialized: [net.lojika.gtfs.model.Routes.routesCdkidCollection#istb.280270]
14:01:03.565 [main] DEBUG o.h.e.loading.CollectionLoadContext - 1 collections initialized for role: net.lojika.gtfs.model.Routes.routesCdkidCollection
14:01:03.565 [main] DEBUG org.hibernate.loader.Loader - done loading collection
14:01:03.565 [main] DEBUG org.hibernate.loader.Loader - loading collection: [net.lojika.gtfs.model.Routes.routesCdkidCollection#istb.280271]
14:01:03.565 [main] DEBUG org.hibernate.jdbc.AbstractBatcher - about to open PreparedStatement (open PreparedStatements: 0, globally: 0)
14:01:03.565 [main] DEBUG org.hibernate.SQL - select routescdki0_.route_id as route2_2_1_, routescdki0_.route_cdk_id as route1_1_, routescdki0_.route_cdk_id as route1_3_0_, routescdki0_.route_id as route2_3_0_ from public.routes_cdkid routescdki0_ where routescdki0_.route_id=?
Hibernate: select routescdki0_.route_id as route2_2_1_, routescdki0_.route_cdk_id as route1_1_, routescdki0_.route_cdk_id as route1_3_0_, routescdki0_.route_id as route2_3_0_ from public.routes_cdkid routescdki0_ where routescdki0_.route_id=?
14:01:03.566 [main] DEBUG org.hibernate.jdbc.AbstractBatcher - about to open ResultSet (open ResultSets: 0, globally: 0)
14:01:03.566 [main] DEBUG org.hibernate.loader.Loader - result set contains (possibly empty) collection: [net.lojika.gtfs.model.Routes.routesCdkidCollection#istb.280271]
14:01:03.566 [main] DEBUG org.hibernate.loader.Loader - result row: EntityKey[net.lojika.gtfs.model.RoutesCdkid#gtfs.line.1.133m-1]
14:01:03.566 [main] DEBUG org.hibernate.loader.Loader - found row of collection: [net.lojika.gtfs.model.Routes.routesCdkidCollection#istb.280271]
14:01:03.566 [main] DEBUG org.hibernate.loader.Loader - result row: EntityKey[net.lojika.gtfs.model.RoutesCdkid#gtfs.line.1.133m-0]
14:01:03.566 [main] DEBUG org.hibernate.loader.Loader - found row of collection: [net.lojika.gtfs.model.Routes.routesCdkidCollection#istb.280271]
14:01:03.566 [main] DEBUG org.hibernate.jdbc.AbstractBatcher - about to close ResultSet (open ResultSets: 1, globally: 1)
14:01:03.566 [main] DEBUG org.hibernate.jdbc.AbstractBatcher - about to close PreparedStatement (open PreparedStatements: 1, globally: 1)
14:01:03.566 [main] DEBUG o.h.e.loading.CollectionLoadContext - 1 collections were found in result set for role: net.lojika.gtfs.model.Routes.routesCdkidCollection
14:01:03.566 [main] DEBUG o.h.e.loading.CollectionLoadContext - collection fully initialized: [net.lojika.gtfs.model.Routes.routesCdkidCollection#istb.280271]
14:01:03.566 [main] DEBUG o.h.e.loading.CollectionLoadContext - 1 collections initialized for role: net.lojika.gtfs.model.Routes.routesCdkidCollection
14:01:03.566 [main] DEBUG org.hibernate.loader.Loader - done loading collection
14:01:03.566 [main] DEBUG org.hibernate.loader.Loader - loading collection: [net.lojika.gtfs.model.Routes.routesCdkidCollection#istb.280272]
14:01:03.566 [main] DEBUG org.hibernate.jdbc.AbstractBatcher - about to open PreparedStatement (open PreparedStatements: 0, globally: 0)
14:01:03.566 [main] DEBUG org.hibernate.SQL - select routescdki0_.route_id as route2_2_1_, routescdki0_.route_cdk_id as route1_1_, routescdki0_.route_cdk_id as route1_3_0_, routescdki0_.route_id as route2_3_0_ from public.routes_cdkid routescdki0_ where routescdki0_.route_id=?
Hibernate: select routescdki0_.route_id as route2_2_1_, routescdki0_.route_cdk_id as route1_1_, routescdki0_.route_cdk_id as route1_3_0_, routescdki0_.route_id as route2_3_0_ from public.routes_cdkid routescdki0_ where routescdki0_.route_id=?
14:01:03.567 [main] DEBUG org.hibernate.jdbc.AbstractBatcher - about to open ResultSet (open ResultSets: 0, globally: 0)
14:01:03.567 [main] DEBUG org.hibernate.loader.Loader - result set contains (possibly empty) collection: [net.lojika.gtfs.model.Routes.routesCdkidCollection#istb.280272]
14:01:03.567 [main] DEBUG org.hibernate.loader.Loader - result row: EntityKey[net.lojika.gtfs.model.RoutesCdkid#gtfs.line.1.133p-1]
14:01:03.567 [main] DEBUG org.hibernate.loader.Loader - found row of collection: [net.lojika.gtfs.model.Routes.routesCdkidCollection#istb.280272]
14:01:03.567 [main] DEBUG org.hibernate.loader.Loader - result row: EntityKey[net.lojika.gtfs.model.RoutesCdkid#gtfs.line.1.133p-0]
14:01:03.567 [main] DEBUG org.hibernate.loader.Loader - found row of collection: [net.lojika.gtfs.model.Routes.routesCdkidCollection#istb.280272]
14:01:03.567 [main] DEBUG org.hibernate.jdbc.AbstractBatcher - about to close ResultSet (open ResultSets: 1, globally: 1)
14:01:03.567 [main] DEBUG org.hibernate.jdbc.AbstractBatcher - about to close PreparedStatement (open PreparedStatements: 1, globally: 1)
14:01:03.567 [main] DEBUG o.h.e.loading.CollectionLoadContext - 1 collections were found in result set for role: net.lojika.gtfs.model.Routes.routesCdkidCollection
14:01:03.567 [main] DEBUG o.h.e.loading.CollectionLoadContext - collection fully initialized: [net.lojika.gtfs.model.Routes.routesCdkidCollection#istb.280272]
14:01:03.567 [main] DEBUG o.h.e.loading.CollectionLoadContext - 1 collections initialized for role: net.lojika.gtfs.model.Routes.routesCdkidCollection
14:01:03.567 [main] DEBUG org.hibernate.loader.Loader - done loading collection
14:01:03.567 [main] DEBUG org.hibernate.loader.Loader - loading collection: [net.lojika.gtfs.model.Routes.routesCdkidCollection#istb.280273]
14:01:03.568 [main] DEBUG org.hibernate.jdbc.AbstractBatcher - about to open PreparedStatement (open PreparedStatements: 0, globally: 0)
14:01:03.568 [main] DEBUG org.hibernate.SQL - select routescdki0_.route_id as route2_2_1_, routescdki0_.route_cdk_id as route1_1_, routescdki0_.route_cdk_id as route1_3_0_, routescdki0_.route_id as route2_3_0_ from public.routes_cdkid routescdki0_ where routescdki0_.route_id=?
Hibernate: select routescdki0_.route_id as route2_2_1_, routescdki0_.route_cdk_id as route1_1_, routescdki0_.route_cdk_id as route1_3_0_, routescdki0_.route_id as route2_3_0_ from public.routes_cdkid routescdki0_ where routescdki0_.route_id=?
14:01:03.568 [main] DEBUG org.hibernate.jdbc.AbstractBatcher - about to open ResultSet (open ResultSets: 0, globally: 0)
14:01:03.568 [main] DEBUG org.hibernate.loader.Loader - result set contains (possibly empty) collection: [net.lojika.gtfs.model.Routes.routesCdkidCollection#istb.280273]
14:01:03.568 [main] DEBUG org.hibernate.loader.Loader - result row: EntityKey[net.lojika.gtfs.model.RoutesCdkid#gtfs.line.1.133t-1]
14:01:03.568 [main] DEBUG org.hibernate.loader.Loader - found row of collection: [net.lojika.gtfs.model.Routes.routesCdkidCollection#istb.280273]
14:01:03.568 [main] DEBUG org.hibernate.loader.Loader - result row: EntityKey[net.lojika.gtfs.model.RoutesCdkid#gtfs.line.1.133t-0]
14:01:03.568 [main] DEBUG org.hibernate.loader.Loader - found row of collection: [net.lojika.gtfs.model.Routes.routesCdkidCollection#istb.280273]
14:01:03.568 [main] DEBUG org.hibernate.jdbc.AbstractBatcher - about to close ResultSet (open ResultSets: 1, globally: 1)
14:01:03.568 [main] DEBUG org.hibernate.jdbc.AbstractBatcher - about to close PreparedStatement (open PreparedStatements: 1, globally: 1)
14:01:03.569 [main] DEBUG o.h.e.loading.CollectionLoadContext - 1 collections were found in result set for role: net.lojika.gtfs.model.Routes.routesCdkidCollection
14:01:03.569 [main] DEBUG o.h.e.loading.CollectionLoadContext - collection fully initialized: [net.lojika.gtfs.model.Routes.routesCdkidCollection#istb.280273]
14:01:03.569 [main] DEBUG o.h.e.loading.CollectionLoadContext - 1 collections initialized for role: net.lojika.gtfs.model.Routes.routesCdkidCollection
14:01:03.569 [main] DEBUG org.hibernate.loader.Loader - done loading collection
14:01:03.569 [main] DEBUG org.hibernate.loader.Loader - loading collection: [net.lojika.gtfs.model.Routes.routesCdkidCollection#istb.280274]
14:01:03.569 [main] DEBUG org.hibernate.jdbc.AbstractBatcher - about to open PreparedStatement (open PreparedStatements: 0, globally: 0)
14:01:03.569 [main] DEBUG org.hibernate.SQL - select routescdki0_.route_id as route2_2_1_, routescdki0_.route_cdk_id as route1_1_, routescdki0_.route_cdk_id as route1_3_0_, routescdki0_.route_id as route2_3_0_ from public.routes_cdkid routescdki0_ where routescdki0_.route_id=?
Hibernate: select routescdki0_.route_id as route2_2_1_, routescdki0_.route_cdk_id as route1_1_, routescdki0_.route_cdk_id as route1_3_0_, routescdki0_.route_id as route2_3_0_ from public.routes_cdkid routescdki0_ where routescdki0_.route_id=?
14:01:03.569 [main] DEBUG org.hibernate.jdbc.AbstractBatcher - about to open ResultSet (open ResultSets: 0, globally: 0)
14:01:03.569 [main] DEBUG org.hibernate.loader.Loader - result set contains (possibly empty) collection: [net.lojika.gtfs.model.Routes.routesCdkidCollection#istb.280274]
14:01:03.569 [main] DEBUG org.hibernate.loader.Loader - result row: EntityKey[net.lojika.gtfs.model.RoutesCdkid#gtfs.line.1.133tk-1]
14:01:03.569 [main] DEBUG org.hibernate.loader.Loader - found row of collection: [net.lojika.gtfs.model.Routes.routesCdkidCollection#istb.280274]
14:01:03.570 [main] DEBUG org.hibernate.loader.Loader - result row: EntityKey[net.lojika.gtfs.model.RoutesCdkid#gtfs.line.1.133tk-0]
14:01:03.570 [main] DEBUG org.hibernate.loader.Loader - found row of collection: [net.lojika.gtfs.model.Routes.routesCdkidCollection#istb.280274]
14:01:03.570 [main] DEBUG org.hibernate.jdbc.AbstractBatcher - about to close ResultSet (open ResultSets: 1, globally: 1)
14:01:03.570 [main] DEBUG org.hibernate.jdbc.AbstractBatcher - about to close PreparedStatement (open PreparedStatements: 1, globally: 1)
14:01:03.570 [main] DEBUG o.h.e.loading.CollectionLoadContext - 1 collections were found in result set for role: net.lojika.gtfs.model.Routes.routesCdkidCollection
14:01:03.570 [main] DEBUG o.h.e.loading.CollectionLoadContext - collection fully initialized: [net.lojika.gtfs.model.Routes.routesCdkidCollection#istb.280274]
14:01:03.570 [main] DEBUG o.h.e.loading.CollectionLoadContext - 1 collections initialized for role: net.lojika.gtfs.model.Routes.routesCdkidCollection
14:01:03.570 [main] DEBUG org.hibernate.loader.Loader - done loading collection
14:01:03.570 [main] DEBUG org.hibernate.loader.Loader - loading collection: [net.lojika.gtfs.model.Routes.routesCdkidCollection#istb.280276]
14:01:03.570 [main] DEBUG org.hibernate.jdbc.AbstractBatcher - about to open PreparedStatement (open PreparedStatements: 0, globally: 0)
14:01:03.570 [main] DEBUG org.hibernate.SQL - select routescdki0_.route_id as route2_2_1_, routescdki0_.route_cdk_id as route1_1_, routescdki0_.route_cdk_id as route1_3_0_, routescdki0_.route_id as route2_3_0_ from public.routes_cdkid routescdki0_ where routescdki0_.route_id=?
Hibernate: select routescdki0_.route_id as route2_2_1_, routescdki0_.route_cdk_id as route1_1_, routescdki0_.route_cdk_id as route1_3_0_, routescdki0_.route_id as route2_3_0_ from public.routes_cdkid routescdki0_ where routescdki0_.route_id=?
14:01:03.571 [main] DEBUG org.hibernate.jdbc.AbstractBatcher - about to open ResultSet (open ResultSets: 0, globally: 0)
14:01:03.571 [main] DEBUG org.hibernate.loader.Loader - result set contains (possibly empty) collection: [net.lojika.gtfs.model.Routes.routesCdkidCollection#istb.280276]
14:01:03.571 [main] DEBUG org.hibernate.loader.Loader - result row: EntityKey[net.lojika.gtfs.model.RoutesCdkid#gtfs.line.1.133-1]
14:01:03.571 [main] DEBUG org.hibernate.loader.Loader - found row of collection: [net.lojika.gtfs.model.Routes.routesCdkidCollection#istb.280276]
14:01:03.571 [main] DEBUG org.hibernate.loader.Loader - result row: EntityKey[net.lojika.gtfs.model.RoutesCdkid#gtfs.line.1.133-0]
14:01:03.571 [main] DEBUG org.hibernate.loader.Loader - found row of collection: [net.lojika.gtfs.model.Routes.routesCdkidCollection#istb.280276]
14:01:03.571 [main] DEBUG org.hibernate.jdbc.AbstractBatcher - about to close ResultSet (open ResultSets: 1, globally: 1)
14:01:03.571 [main] DEBUG org.hibernate.jdbc.AbstractBatcher - about to close PreparedStatement (open PreparedStatements: 1, globally: 1)
14:01:03.571 [main] DEBUG o.h.e.loading.CollectionLoadContext - 1 collections were found in result set for role: net.lojika.gtfs.model.Routes.routesCdkidCollection
14:01:03.571 [main] DEBUG o.h.e.loading.CollectionLoadContext - collection fully initialized: [net.lojika.gtfs.model.Routes.routesCdkidCollection#istb.280276]
14:01:03.571 [main] DEBUG o.h.e.loading.CollectionLoadContext - 1 collections initialized for role: net.lojika.gtfs.model.Routes.routesCdkidCollection
14:01:03.571 [main] DEBUG org.hibernate.loader.Loader - done loading collection
14:01:03.571 [main] DEBUG org.hibernate.loader.Loader - loading collection: [net.lojika.gtfs.model.Routes.routesCdkidCollection#istb.280277]
14:01:03.571 [main] DEBUG org.hibernate.jdbc.AbstractBatcher - about to open PreparedStatement (open PreparedStatements: 0, globally: 0)
14:01:03.571 [main] DEBUG org.hibernate.SQL - select routescdki0_.route_id as route2_2_1_, routescdki0_.route_cdk_id as route1_1_, routescdki0_.route_cdk_id as route1_3_0_, routescdki0_.route_id as route2_3_0_ from public.routes_cdkid routescdki0_ where routescdki0_.route_id=?
Hibernate: select routescdki0_.route_id as route2_2_1_, routescdki0_.route_cdk_id as route1_1_, routescdki0_.route_cdk_id as route1_3_0_, routescdki0_.route_id as route2_3_0_ from public.routes_cdkid routescdki0_ where routescdki0_.route_id=?
14:01:03.572 [main] DEBUG org.hibernate.jdbc.AbstractBatcher - about to open ResultSet (open ResultSets: 0, globally: 0)
14:01:03.572 [main] DEBUG org.hibernate.loader.Loader - result set contains (possibly empty) collection: [net.lojika.gtfs.model.Routes.routesCdkidCollection#istb.280277]
14:01:03.572 [main] DEBUG org.hibernate.loader.Loader - result row: EntityKey[net.lojika.gtfs.model.RoutesCdkid#gtfs.line.1.134-1]
14:01:03.572 [main] DEBUG org.hibernate.loader.Loader - found row of collection: [net.lojika.gtfs.model.Routes.routesCdkidCollection#istb.280277]
14:01:03.572 [main] DEBUG org.hibernate.loader.Loader - result row: EntityKey[net.lojika.gtfs.model.RoutesCdkid#gtfs.line.1.134-0]
14:01:03.572 [main] DEBUG org.hibernate.loader.Loader - found row of collection: [net.lojika.gtfs.model.Routes.routesCdkidCollection#istb.280277]
14:01:03.572 [main] DEBUG org.hibernate.jdbc.AbstractBatcher - about to close ResultSet (open ResultSets: 1, globally: 1)
14:01:03.572 [main] DEBUG org.hibernate.jdbc.AbstractBatcher - about to close PreparedStatement (open PreparedStatements: 1, globally: 1)
14:01:03.572 [main] DEBUG o.h.e.loading.CollectionLoadContext - 1 collections were found in result set for role: net.lojika.gtfs.model.Routes.routesCdkidCollection
14:01:03.572 [main] DEBUG o.h.e.loading.CollectionLoadContext - collection fully initialized: [net.lojika.gtfs.model.Routes.routesCdkidCollection#istb.280277]
14:01:03.572 [main] DEBUG o.h.e.loading.CollectionLoadContext - 1 collections initialized for role: net.lojika.gtfs.model.Routes.routesCdkidCollection
14:01:03.572 [main] DEBUG org.hibernate.loader.Loader - done loading collection
14:01:03.572 [main] DEBUG org.hibernate.loader.Loader - loading collection: [net.lojika.gtfs.model.Routes.routesCdkidCollection#istb.280278]
14:01:03.572 [main] DEBUG org.hibernate.jdbc.AbstractBatcher - about to open PreparedStatement (open PreparedStatements: 0, globally: 0)
14:01:03.573 [main] DEBUG org.hibernate.SQL - select routescdki0_.route_id as route2_2_1_, routescdki0_.route_cdk_id as route1_1_, routescdki0_.route_cdk_id as route1_3_0_, routescdki0_.route_id as route2_3_0_ from public.routes_cdkid routescdki0_ where routescdki0_.route_id=?
Hibernate: select routescdki0_.route_id as route2_2_1_, routescdki0_.route_cdk_id as route1_1_, routescdki0_.route_cdk_id as route1_3_0_, routescdki0_.route_id as route2_3_0_ from public.routes_cdkid routescdki0_ where routescdki0_.route_id=?
14:01:03.573 [main] DEBUG org.hibernate.jdbc.AbstractBatcher - about to open ResultSet (open ResultSets: 0, globally: 0)
14:01:03.573 [main] DEBUG org.hibernate.loader.Loader - result set contains (possibly empty) collection: [net.lojika.gtfs.model.Routes.routesCdkidCollection#istb.280278]
14:01:03.573 [main] DEBUG org.hibernate.loader.Loader - result row: EntityKey[net.lojika.gtfs.model.RoutesCdkid#gtfs.line.1.134bk-1]
14:01:03.573 [main] DEBUG org.hibernate.loader.Loader - found row of collection: [net.lojika.gtfs.model.Routes.routesCdkidCollection#istb.280278]
14:01:03.573 [main] DEBUG org.hibernate.loader.Loader - result row: EntityKey[net.lojika.gtfs.model.RoutesCdkid#gtfs.line.1.134bk-0]
14:01:03.573 [main] DEBUG org.hibernate.loader.Loader - found row of collection: [net.lojika.gtfs.model.Routes.routesCdkidCollection#istb.280278]
14:01:03.573 [main] DEBUG org.hibernate.jdbc.AbstractBatcher - about to close ResultSet (open ResultSets: 1, globally: 1)
14:01:03.573 [main] DEBUG org.hibernate.jdbc.AbstractBatcher - about to close PreparedStatement (open PreparedStatements: 1, globally: 1)
14:01:03.573 [main] DEBUG o.h.e.loading.CollectionLoadContext - 1 collections were found in result set for role: net.lojika.gtfs.model.Routes.routesCdkidCollection
14:01:03.573 [main] DEBUG o.h.e.loading.CollectionLoadContext - collection fully initialized: [net.lojika.gtfs.model.Routes.routesCdkidCollection#istb.280278]
14:01:03.574 [main] DEBUG o.h.e.loading.CollectionLoadContext - 1 collections initialized for role: net.lojika.gtfs.model.Routes.routesCdkidCollection
14:01:03.574 [main] DEBUG org.hibernate.loader.Loader - done loading collection
14:01:03.574 [main] DEBUG org.hibernate.loader.Loader - loading collection: [net.lojika.gtfs.model.Routes.routesCdkidCollection#istb.280279]
14:01:03.574 [main] DEBUG org.hibernate.jdbc.AbstractBatcher - about to open PreparedStatement (open PreparedStatements: 0, globally: 0)
14:01:03.574 [main] DEBUG org.hibernate.SQL - select routescdki0_.route_id as route2_2_1_, routescdki0_.route_cdk_id as route1_1_, routescdki0_.route_cdk_id as route1_3_0_, routescdki0_.route_id as route2_3_0_ from public.routes_cdkid routescdki0_ where routescdki0_.route_id=?
Hibernate: select routescdki0_.route_id as route2_2_1_, routescdki0_.route_cdk_id as route1_1_, routescdki0_.route_cdk_id as route1_3_0_, routescdki0_.route_id as route2_3_0_ from public.routes_cdkid routescdki0_ where routescdki0_.route_id=?
14:01:03.574 [main] DEBUG org.hibernate.jdbc.AbstractBatcher - about to open ResultSet (open ResultSets: 0, globally: 0)
14:01:03.574 [main] DEBUG org.hibernate.loader.Loader - result set contains (possibly empty) collection: [net.lojika.gtfs.model.Routes.routesCdkidCollection#istb.280279]
14:01:03.574 [main] DEBUG org.hibernate.loader.Loader - result row: EntityKey[net.lojika.gtfs.model.RoutesCdkid#gtfs.line.1.134ck-1]
14:01:03.574 [main] DEBUG org.hibernate.loader.Loader - found row of collection: [net.lojika.gtfs.model.Routes.routesCdkidCollection#istb.280279]
14:01:03.574 [main] DEBUG org.hibernate.loader.Loader - result row: EntityKey[net.lojika.gtfs.model.RoutesCdkid#gtfs.line.1.134ck-0]
14:01:03.575 [main] DEBUG org.hibernate.loader.Loader - found row of collection: [net.lojika.gtfs.model.Routes.routesCdkidCollection#istb.280279]
14:01:03.575 [main] DEBUG org.hibernate.jdbc.AbstractBatcher - about to close ResultSet (open ResultSets: 1, globally: 1)
14:01:03.575 [main] DEBUG org.hibernate.jdbc.AbstractBatcher - about to close PreparedStatement (open PreparedStatements: 1, globally: 1)
14:01:03.575 [main] DEBUG o.h.e.loading.CollectionLoadContext - 1 collections were found in result set for role: net.lojika.gtfs.model.Routes.routesCdkidCollection
14:01:03.575 [main] DEBUG o.h.e.loading.CollectionLoadContext - collection fully initialized: [net.lojika.gtfs.model.Routes.routesCdkidCollection#istb.280279]
14:01:03.575 [main] DEBUG o.h.e.loading.CollectionLoadContext - 1 collections initialized for role: net.lojika.gtfs.model.Routes.routesCdkidCollection
14:01:03.575 [main] DEBUG org.hibernate.loader.Loader - done loading collection
14:01:03.575 [main] DEBUG org.hibernate.loader.Loader - loading collection: [net.lojika.gtfs.model.Routes.routesCdkidCollection#istb.280280]
14:01:03.575 [main] DEBUG org.hibernate.jdbc.AbstractBatcher - about to open PreparedStatement (open PreparedStatements: 0, globally: 0)
14:01:03.575 [main] DEBUG org.hibernate.SQL - select routescdki0_.route_id as route2_2_1_, routescdki0_.route_cdk_id as route1_1_, routescdki0_.route_cdk_id as route1_3_0_, routescdki0_.route_id as route2_3_0_ from public.routes_cdkid routescdki0_ where routescdki0_.route_id=?
Hibernate: select routescdki0_.route_id as route2_2_1_, routescdki0_.route_cdk_id as route1_1_, routescdki0_.route_cdk_id as route1_3_0_, routescdki0_.route_id as route2_3_0_ from public.routes_cdkid routescdki0_ where routescdki0_.route_id=?
14:01:03.575 [main] DEBUG org.hibernate.jdbc.AbstractBatcher - about to open ResultSet (open ResultSets: 0, globally: 0)
14:01:03.576 [main] DEBUG org.hibernate.loader.Loader - result set contains (possibly empty) collection: [net.lojika.gtfs.model.Routes.routesCdkidCollection#istb.280280]
14:01:03.576 [main] DEBUG org.hibernate.loader.Loader - result row: EntityKey[net.lojika.gtfs.model.RoutesCdkid#gtfs.line.1.134dk-1]
14:01:03.576 [main] DEBUG org.hibernate.loader.Loader - found row of collection: [net.lojika.gtfs.model.Routes.routesCdkidCollection#istb.280280]
14:01:03.576 [main] DEBUG org.hibernate.loader.Loader - result row: EntityKey[net.lojika.gtfs.model.RoutesCdkid#gtfs.line.1.134dk-0]
14:01:03.576 [main] DEBUG org.hibernate.loader.Loader - found row of collection: [net.lojika.gtfs.model.Routes.routesCdkidCollection#istb.280280]
14:01:03.576 [main] DEBUG org.hibernate.jdbc.AbstractBatcher - about to close ResultSet (open ResultSets: 1, globally: 1)
14:01:03.576 [main] DEBUG org.hibernate.jdbc.AbstractBatcher - about to close PreparedStatement (open PreparedStatements: 1, globally: 1)
14:01:03.576 [main] DEBUG o.h.e.loading.CollectionLoadContext - 1 collections were found in result set for role: net.lojika.gtfs.model.Routes.routesCdkidCollection
14:01:03.576 [main] DEBUG o.h.e.loading.CollectionLoadContext - collection fully initialized: [net.lojika.gtfs.model.Routes.routesCdkidCollection#istb.280280]
14:01:03.576 [main] DEBUG o.h.e.loading.CollectionLoadContext - 1 collections initialized for role: net.lojika.gtfs.model.Routes.routesCdkidCollection
14:01:03.576 [main] DEBUG org.hibernate.loader.Loader - done loading collection
14:01:03.576 [main] DEBUG org.hibernate.loader.Loader - loading collection: [net.lojika.gtfs.model.Routes.routesCdkidCollection#istb.280281]
14:01:03.576 [main] DEBUG org.hibernate.jdbc.AbstractBatcher - about to open PreparedStatement (open PreparedStatements: 0, globally: 0)
14:01:03.576 [main] DEBUG org.hibernate.SQL - select routescdki0_.route_id as route2_2_1_, routescdki0_.route_cdk_id as route1_1_, routescdki0_.route_cdk_id as route1_3_0_, routescdki0_.route_id as route2_3_0_ from public.routes_cdkid routescdki0_ where routescdki0_.route_id=?
Hibernate: select routescdki0_.route_id as route2_2_1_, routescdki0_.route_cdk_id as route1_1_, routescdki0_.route_cdk_id as route1_3_0_, routescdki0_.route_id as route2_3_0_ from public.routes_cdkid routescdki0_ where routescdki0_.route_id=?
14:01:03.577 [main] DEBUG org.hibernate.jdbc.AbstractBatcher - about to open ResultSet (open ResultSets: 0, globally: 0)
14:01:03.577 [main] DEBUG org.hibernate.loader.Loader - result set contains (possibly empty) collection: [net.lojika.gtfs.model.Routes.routesCdkidCollection#istb.280281]
14:01:03.577 [main] DEBUG org.hibernate.loader.Loader - result row: EntityKey[net.lojika.gtfs.model.RoutesCdkid#gtfs.line.1.134gk-1]
14:01:03.577 [main] DEBUG org.hibernate.loader.Loader - found row of collection: [net.lojika.gtfs.model.Routes.routesCdkidCollection#istb.280281]
14:01:03.577 [main] DEBUG org.hibernate.loader.Loader - result row: EntityKey[net.lojika.gtfs.model.RoutesCdkid#gtfs.line.1.134gk-0]
14:01:03.577 [main] DEBUG org.hibernate.loader.Loader - found row of collection: [net.lojika.gtfs.model.Routes.routesCdkidCollection#istb.280281]
14:01:03.577 [main] DEBUG org.hibernate.jdbc.AbstractBatcher - about to close ResultSet (open ResultSets: 1, globally: 1)
14:01:03.577 [main] DEBUG org.hibernate.jdbc.AbstractBatcher - about to close PreparedStatement (open PreparedStatements: 1, globally: 1)
14:01:03.577 [main] DEBUG o.h.e.loading.CollectionLoadContext - 1 collections were found in result set for role: net.lojika.gtfs.model.Routes.routesCdkidCollection
14:01:03.577 [main] DEBUG o.h.e.loading.CollectionLoadContext - collection fully initialized: [net.lojika.gtfs.model.Routes.routesCdkidCollection#istb.280281]
14:01:03.577 [main] DEBUG o.h.e.loading.CollectionLoadContext - 1 collections initialized for role: net.lojika.gtfs.model.Routes.routesCdkidCollection
14:01:03.577 [main] DEBUG org.hibernate.loader.Loader - done loading collection
14:01:03.577 [main] DEBUG org.hibernate.loader.Loader - loading collection: [net.lojika.gtfs.model.Routes.routesCdkidCollection#istb.280283]
14:01:03.577 [main] DEBUG org.hibernate.jdbc.AbstractBatcher - about to open PreparedStatement (open PreparedStatements: 0, globally: 0)
14:01:03.577 [main] DEBUG org.hibernate.SQL - select routescdki0_.route_id as route2_2_1_, routescdki0_.route_cdk_id as route1_1_, routescdki0_.route_cdk_id as route1_3_0_, routescdki0_.route_id as route2_3_0_ from public.routes_cdkid routescdki0_ where routescdki0_.route_id=?
Hibernate: select routescdki0_.route_id as route2_2_1_, routescdki0_.route_cdk_id as route1_1_, routescdki0_.route_cdk_id as route1_3_0_, routescdki0_.route_id as route2_3_0_ from public.routes_cdkid routescdki0_ where routescdki0_.route_id=?
14:01:03.578 [main] DEBUG org.hibernate.jdbc.AbstractBatcher - about to open ResultSet (open ResultSets: 0, globally: 0)
14:01:03.578 [main] DEBUG org.hibernate.loader.Loader - result set contains (possibly empty) collection: [net.lojika.gtfs.model.Routes.routesCdkidCollection#istb.280283]
14:01:03.578 [main] DEBUG org.hibernate.loader.Loader - result row: EntityKey[net.lojika.gtfs.model.RoutesCdkid#gtfs.line.1.134uk-1]
14:01:03.578 [main] DEBUG org.hibernate.loader.Loader - found row of collection: [net.lojika.gtfs.model.Routes.routesCdkidCollection#istb.280283]
14:01:03.578 [main] DEBUG org.hibernate.loader.Loader - result row: EntityKey[net.lojika.gtfs.model.RoutesCdkid#gtfs.line.1.134uk-0]
14:01:03.578 [main] DEBUG org.hibernate.loader.Loader - found row of collection: [net.lojika.gtfs.model.Routes.routesCdkidCollection#istb.280283]
14:01:03.578 [main] DEBUG org.hibernate.jdbc.AbstractBatcher - about to close ResultSet (open ResultSets: 1, globally: 1)
14:01:03.578 [main] DEBUG org.hibernate.jdbc.AbstractBatcher - about to close PreparedStatement (open PreparedStatements: 1, globally: 1)
14:01:03.578 [main] DEBUG o.h.e.loading.CollectionLoadContext - 1 collections were found in result set for role: net.lojika.gtfs.model.Routes.routesCdkidCollection
14:01:03.578 [main] DEBUG o.h.e.loading.CollectionLoadContext - collection fully initialized: [net.lojika.gtfs.model.Routes.routesCdkidCollection#istb.280283]
14:01:03.578 [main] DEBUG o.h.e.loading.CollectionLoadContext - 1 collections initialized for role: net.lojika.gtfs.model.Routes.routesCdkidCollection
14:01:03.579 [main] DEBUG org.hibernate.loader.Loader - done loading collection
14:01:03.579 [main] DEBUG org.hibernate.loader.Loader - loading collection: [net.lojika.gtfs.model.Routes.routesCdkidCollection#istb.280284]
14:01:03.579 [main] DEBUG org.hibernate.jdbc.AbstractBatcher - about to open PreparedStatement (open PreparedStatements: 0, globally: 0)
14:01:03.579 [main] DEBUG org.hibernate.SQL - select routescdki0_.route_id as route2_2_1_, routescdki0_.route_cdk_id as route1_1_, routescdki0_.route_cdk_id as route1_3_0_, routescdki0_.route_id as route2_3_0_ from public.routes_cdkid routescdki0_ where routescdki0_.route_id=?
Hibernate: select routescdki0_.route_id as route2_2_1_, routescdki0_.route_cdk_id as route1_1_, routescdki0_.route_cdk_id as route1_3_0_, routescdki0_.route_id as route2_3_0_ from public.routes_cdkid routescdki0_ where routescdki0_.route_id=?
14:01:03.579 [main] DEBUG org.hibernate.jdbc.AbstractBatcher - about to open ResultSet (open ResultSets: 0, globally: 0)
14:01:03.579 [main] DEBUG org.hibernate.loader.Loader - result set contains (possibly empty) collection: [net.lojika.gtfs.model.Routes.routesCdkidCollection#istb.280284]
14:01:03.579 [main] DEBUG org.hibernate.loader.Loader - result row: EntityKey[net.lojika.gtfs.model.RoutesCdkid#gtfs.line.1.134yk-1]
14:01:03.579 [main] DEBUG org.hibernate.loader.Loader - found row of collection: [net.lojika.gtfs.model.Routes.routesCdkidCollection#istb.280284]
14:01:03.579 [main] DEBUG org.hibernate.loader.Loader - result row: EntityKey[net.lojika.gtfs.model.RoutesCdkid#gtfs.line.1.134yk-0]
14:01:03.579 [main] DEBUG org.hibernate.loader.Loader - found row of collection: [net.lojika.gtfs.model.Routes.routesCdkidCollection#istb.280284]
14:01:03.580 [main] DEBUG org.hibernate.jdbc.AbstractBatcher - about to close ResultSet (open ResultSets: 1, globally: 1)
14:01:03.580 [main] DEBUG org.hibernate.jdbc.AbstractBatcher - about to close PreparedStatement (open PreparedStatements: 1, globally: 1)
14:01:03.580 [main] DEBUG o.h.e.loading.CollectionLoadContext - 1 collections were found in result set for role: net.lojika.gtfs.model.Routes.routesCdkidCollection
14:01:03.580 [main] DEBUG o.h.e.loading.CollectionLoadContext - collection fully initialized: [net.lojika.gtfs.model.Routes.routesCdkidCollection#istb.280284]
14:01:03.580 [main] DEBUG o.h.e.loading.CollectionLoadContext - 1 collections initialized for role: net.lojika.gtfs.model.Routes.routesCdkidCollection
14:01:03.580 [main] DEBUG org.hibernate.loader.Loader - done loading collection
14:01:03.580 [main] DEBUG org.hibernate.loader.Loader - loading collection: [net.lojika.gtfs.model.Routes.routesCdkidCollection#istb.280285]
14:01:03.580 [main] DEBUG org.hibernate.jdbc.AbstractBatcher - about to open PreparedStatement (open PreparedStatements: 0, globally: 0)
14:01:03.580 [main] DEBUG org.hibernate.SQL - select routescdki0_.route_id as route2_2_1_, routescdki0_.route_cdk_id as route1_1_, routescdki0_.route_cdk_id as route1_3_0_, routescdki0_.route_id as route2_3_0_ from public.routes_cdkid routescdki0_ where routescdki0_.route_id=?
Hibernate: select routescdki0_.route_id as route2_2_1_, routescdki0_.route_cdk_id as route1_1_, routescdki0_.route_cdk_id as route1_3_0_, routescdki0_.route_id as route2_3_0_ from public.routes_cdkid routescdki0_ where routescdki0_.route_id=?
14:01:03.580 [main] DEBUG org.hibernate.jdbc.AbstractBatcher - about to open ResultSet (open ResultSets: 0, globally: 0)
14:01:03.581 [main] DEBUG org.hibernate.loader.Loader - result set contains (possibly empty) collection: [net.lojika.gtfs.model.Routes.routesCdkidCollection#istb.280285]
14:01:03.581 [main] DEBUG org.hibernate.loader.Loader - result row: EntityKey[net.lojika.gtfs.model.RoutesCdkid#gtfs.line.1.135-1]
14:01:03.581 [main] DEBUG org.hibernate.loader.Loader - found row of collection: [net.lojika.gtfs.model.Routes.routesCdkidCollection#istb.280285]
14:01:03.581 [main] DEBUG org.hibernate.loader.Loader - result row: EntityKey[net.lojika.gtfs.model.RoutesCdkid#gtfs.line.1.135-0]
14:01:03.581 [main] DEBUG org.hibernate.loader.Loader - found row of collection: [net.lojika.gtfs.model.Routes.routesCdkidCollection#istb.280285]
14:01:03.581 [main] DEBUG org.hibernate.jdbc.AbstractBatcher - about to close ResultSet (open ResultSets: 1, globally: 1)
14:01:03.581 [main] DEBUG org.hibernate.jdbc.AbstractBatcher - about to close PreparedStatement (open PreparedStatements: 1, globally: 1)
14:01:03.581 [main] DEBUG o.h.e.loading.CollectionLoadContext - 1 collections were found in result set for role: net.lojika.gtfs.model.Routes.routesCdkidCollection
14:01:03.581 [main] DEBUG o.h.e.loading.CollectionLoadContext - collection fully initialized: [net.lojika.gtfs.model.Routes.routesCdkidCollection#istb.280285]
14:01:03.581 [main] DEBUG o.h.e.loading.CollectionLoadContext - 1 collections initialized for role: net.lojika.gtfs.model.Routes.routesCdkidCollection
14:01:03.581 [main] DEBUG org.hibernate.loader.Loader - done loading collection
14:01:03.581 [main] DEBUG org.hibernate.loader.Loader - loading collection: [net.lojika.gtfs.model.Routes.routesCdkidCollection#istb.280286]
14:01:03.581 [main] DEBUG org.hibernate.jdbc.AbstractBatcher - about to open PreparedStatement (open PreparedStatements: 0, globally: 0)
14:01:03.581 [main] DEBUG org.hibernate.SQL - select routescdki0_.route_id as route2_2_1_, routescdki0_.route_cdk_id as route1_1_, routescdki0_.route_cdk_id as route1_3_0_, routescdki0_.route_id as route2_3_0_ from public.routes_cdkid routescdki0_ where routescdki0_.route_id=?
Hibernate: select routescdki0_.route_id as route2_2_1_, routescdki0_.route_cdk_id as route1_1_, routescdki0_.route_cdk_id as route1_3_0_, routescdki0_.route_id as route2_3_0_ from public.routes_cdkid routescdki0_ where routescdki0_.route_id=?
14:01:03.582 [main] DEBUG org.hibernate.jdbc.AbstractBatcher - about to open ResultSet (open ResultSets: 0, globally: 0)
14:01:03.582 [main] DEBUG org.hibernate.loader.Loader - result set contains (possibly empty) collection: [net.lojika.gtfs.model.Routes.routesCdkidCollection#istb.280286]
14:01:03.582 [main] DEBUG org.hibernate.loader.Loader - result row: EntityKey[net.lojika.gtfs.model.RoutesCdkid#gtfs.line.1.135a-1]
14:01:03.582 [main] DEBUG org.hibernate.loader.Loader - found row of collection: [net.lojika.gtfs.model.Routes.routesCdkidCollection#istb.280286]
14:01:03.582 [main] DEBUG org.hibernate.loader.Loader - result row: EntityKey[net.lojika.gtfs.model.RoutesCdkid#gtfs.line.1.135a-0]
14:01:03.582 [main] DEBUG org.hibernate.loader.Loader - found row of collection: [net.lojika.gtfs.model.Routes.routesCdkidCollection#istb.280286]
14:01:03.582 [main] DEBUG org.hibernate.jdbc.AbstractBatcher - about to close ResultSet (open ResultSets: 1, globally: 1)
14:01:03.582 [main] DEBUG org.hibernate.jdbc.AbstractBatcher - about to close PreparedStatement (open PreparedStatements: 1, globally: 1)
14:01:03.582 [main] DEBUG o.h.e.loading.CollectionLoadContext - 1 collections were found in result set for role: net.lojika.gtfs.model.Routes.routesCdkidCollection
14:01:03.582 [main] DEBUG o.h.e.loading.CollectionLoadContext - collection fully initialized: [net.lojika.gtfs.model.Routes.routesCdkidCollection#istb.280286]
14:01:03.582 [main] DEBUG o.h.e.loading.CollectionLoadContext - 1 collections initialized for role: net.lojika.gtfs.model.Routes.routesCdkidCollection
14:01:03.582 [main] DEBUG org.hibernate.loader.Loader - done loading collection
14:01:03.582 [main] DEBUG org.hibernate.loader.Loader - loading collection: [net.lojika.gtfs.model.Routes.routesCdkidCollection#istb.280287]
14:01:03.582 [main] DEBUG org.hibernate.jdbc.AbstractBatcher - about to open PreparedStatement (open PreparedStatements: 0, globally: 0)
14:01:03.582 [main] DEBUG org.hibernate.SQL - select routescdki0_.route_id as route2_2_1_, routescdki0_.route_cdk_id as route1_1_, routescdki0_.route_cdk_id as route1_3_0_, routescdki0_.route_id as route2_3_0_ from public.routes_cdkid routescdki0_ where routescdki0_.route_id=?
Hibernate: select routescdki0_.route_id as route2_2_1_, routescdki0_.route_cdk_id as route1_1_, routescdki0_.route_cdk_id as route1_3_0_, routescdki0_.route_id as route2_3_0_ from public.routes_cdkid routescdki0_ where routescdki0_.route_id=?
14:01:03.583 [main] DEBUG org.hibernate.jdbc.AbstractBatcher - about to open ResultSet (open ResultSets: 0, globally: 0)
14:01:03.583 [main] DEBUG org.hibernate.loader.Loader - result set contains (possibly empty) collection: [net.lojika.gtfs.model.Routes.routesCdkidCollection#istb.280287]
14:01:03.583 [main] DEBUG org.hibernate.loader.Loader - result row: EntityKey[net.lojika.gtfs.model.RoutesCdkid#gtfs.line.1.135g-1]
14:01:03.583 [main] DEBUG org.hibernate.loader.Loader - found row of collection: [net.lojika.gtfs.model.Routes.routesCdkidCollection#istb.280287]
14:01:03.583 [main] DEBUG org.hibernate.loader.Loader - result row: EntityKey[net.lojika.gtfs.model.RoutesCdkid#gtfs.line.1.135g-0]
14:01:03.583 [main] DEBUG org.hibernate.loader.Loader - found row of collection: [net.lojika.gtfs.model.Routes.routesCdkidCollection#istb.280287]
14:01:03.583 [main] DEBUG org.hibernate.jdbc.AbstractBatcher - about to close ResultSet (open ResultSets: 1, globally: 1)
14:01:03.583 [main] DEBUG org.hibernate.jdbc.AbstractBatcher - about to close PreparedStatement (open PreparedStatements: 1, globally: 1)
14:01:03.583 [main] DEBUG o.h.e.loading.CollectionLoadContext - 1 collections were found in result set for role: net.lojika.gtfs.model.Routes.routesCdkidCollection
14:01:03.583 [main] DEBUG o.h.e.loading.CollectionLoadContext - collection fully initialized: [net.lojika.gtfs.model.Routes.routesCdkidCollection#istb.280287]
14:01:03.583 [main] DEBUG o.h.e.loading.CollectionLoadContext - 1 collections initialized for role: net.lojika.gtfs.model.Routes.routesCdkidCollection
14:01:03.583 [main] DEBUG org.hibernate.loader.Loader - done loading collection
14:01:03.583 [main] DEBUG org.hibernate.loader.Loader - loading collection: [net.lojika.gtfs.model.Routes.routesCdkidCollection#istb.280288]
14:01:03.583 [main] DEBUG org.hibernate.jdbc.AbstractBatcher - about to open PreparedStatement (open PreparedStatements: 0, globally: 0)
14:01:03.583 [main] DEBUG org.hibernate.SQL - select routescdki0_.route_id as route2_2_1_, routescdki0_.route_cdk_id as route1_1_, routescdki0_.route_cdk_id as route1_3_0_, routescdki0_.route_id as route2_3_0_ from public.routes_cdkid routescdki0_ where routescdki0_.route_id=?
Hibernate: select routescdki0_.route_id as route2_2_1_, routescdki0_.route_cdk_id as route1_1_, routescdki0_.route_cdk_id as route1_3_0_, routescdki0_.route_id as route2_3_0_ from public.routes_cdkid routescdki0_ where routescdki0_.route_id=?
14:01:03.584 [main] DEBUG org.hibernate.jdbc.AbstractBatcher - about to open ResultSet (open ResultSets: 0, globally: 0)
14:01:03.584 [main] DEBUG org.hibernate.loader.Loader - result set contains (possibly empty) collection: [net.lojika.gtfs.model.Routes.routesCdkidCollection#istb.280288]
14:01:03.584 [main] DEBUG org.hibernate.loader.Loader - result row: EntityKey[net.lojika.gtfs.model.RoutesCdkid#gtfs.line.1.135k-1]
14:01:03.584 [main] DEBUG org.hibernate.loader.Loader - found row of collection: [net.lojika.gtfs.model.Routes.routesCdkidCollection#istb.280288]
14:01:03.584 [main] DEBUG org.hibernate.loader.Loader - result row: EntityKey[net.lojika.gtfs.model.RoutesCdkid#gtfs.line.1.135k-0]
14:01:03.584 [main] DEBUG org.hibernate.loader.Loader - found row of collection: [net.lojika.gtfs.model.Routes.routesCdkidCollection#istb.280288]
14:01:03.584 [main] DEBUG org.hibernate.jdbc.AbstractBatcher - about to close ResultSet (open ResultSets: 1, globally: 1)
14:01:03.584 [main] DEBUG org.hibernate.jdbc.AbstractBatcher - about to close PreparedStatement (open PreparedStatements: 1, globally: 1)
14:01:03.584 [main] DEBUG o.h.e.loading.CollectionLoadContext - 1 collections were found in result set for role: net.lojika.gtfs.model.Routes.routesCdkidCollection
14:01:03.584 [main] DEBUG o.h.e.loading.CollectionLoadContext - collection fully initialized: [net.lojika.gtfs.model.Routes.routesCdkidCollection#istb.280288]
14:01:03.585 [main] DEBUG o.h.e.loading.CollectionLoadContext - 1 collections initialized for role: net.lojika.gtfs.model.Routes.routesCdkidCollection
14:01:03.585 [main] DEBUG org.hibernate.loader.Loader - done loading collection
14:01:03.585 [main] DEBUG org.hibernate.loader.Loader - loading collection: [net.lojika.gtfs.model.Routes.routesCdkidCollection#istb.280289]
14:01:03.585 [main] DEBUG org.hibernate.jdbc.AbstractBatcher - about to open PreparedStatement (open PreparedStatements: 0, globally: 0)
14:01:03.585 [main] DEBUG org.hibernate.SQL - select routescdki0_.route_id as route2_2_1_, routescdki0_.route_cdk_id as route1_1_, routescdki0_.route_cdk_id as route1_3_0_, routescdki0_.route_id as route2_3_0_ from public.routes_cdkid routescdki0_ where routescdki0_.route_id=?
Hibernate: select routescdki0_.route_id as route2_2_1_, routescdki0_.route_cdk_id as route1_1_, routescdki0_.route_cdk_id as route1_3_0_, routescdki0_.route_id as route2_3_0_ from public.routes_cdkid routescdki0_ where routescdki0_.route_id=?
14:01:03.585 [main] DEBUG org.hibernate.jdbc.AbstractBatcher - about to open ResultSet (open ResultSets: 0, globally: 0)
14:01:03.586 [main] DEBUG org.hibernate.loader.Loader - result set contains (possibly empty) collection: [net.lojika.gtfs.model.Routes.routesCdkidCollection#istb.280289]
14:01:03.586 [main] DEBUG org.hibernate.loader.Loader - result row: EntityKey[net.lojika.gtfs.model.RoutesCdkid#gtfs.line.1.136-1]
14:01:03.586 [main] DEBUG org.hibernate.loader.Loader - found row of collection: [net.lojika.gtfs.model.Routes.routesCdkidCollection#istb.280289]
14:01:03.586 [main] DEBUG org.hibernate.loader.Loader - result row: EntityKey[net.lojika.gtfs.model.RoutesCdkid#gtfs.line.1.136-0]
14:01:03.586 [main] DEBUG org.hibernate.loader.Loader - found row of collection: [net.lojika.gtfs.model.Routes.routesCdkidCollection#istb.280289]
14:01:03.586 [main] DEBUG org.hibernate.jdbc.AbstractBatcher - about to close ResultSet (open ResultSets: 1, globally: 1)
14:01:03.586 [main] DEBUG org.hibernate.jdbc.AbstractBatcher - about to close PreparedStatement (open PreparedStatements: 1, globally: 1)
14:01:03.586 [main] DEBUG o.h.e.loading.CollectionLoadContext - 1 collections were found in result set for role: net.lojika.gtfs.model.Routes.routesCdkidCollection
14:01:03.586 [main] DEBUG o.h.e.loading.CollectionLoadContext - collection fully initialized: [net.lojika.gtfs.model.Routes.routesCdkidCollection#istb.280289]
14:01:03.586 [main] DEBUG o.h.e.loading.CollectionLoadContext - 1 collections initialized for role: net.lojika.gtfs.model.Routes.routesCdkidCollection
14:01:03.586 [main] DEBUG org.hibernate.loader.Loader - done loading collection
14:01:03.586 [main] DEBUG org.hibernate.loader.Loader - loading collection: [net.lojika.gtfs.model.Routes.routesCdkidCollection#istb.280290]
14:01:03.586 [main] DEBUG org.hibernate.jdbc.AbstractBatcher - about to open PreparedStatement (open PreparedStatements: 0, globally: 0)
14:01:03.587 [main] DEBUG org.hibernate.SQL - select routescdki0_.route_id as route2_2_1_, routescdki0_.route_cdk_id as route1_1_, routescdki0_.route_cdk_id as route1_3_0_, routescdki0_.route_id as route2_3_0_ from public.routes_cdkid routescdki0_ where routescdki0_.route_id=?
Hibernate: select routescdki0_.route_id as route2_2_1_, routescdki0_.route_cdk_id as route1_1_, routescdki0_.route_cdk_id as route1_3_0_, routescdki0_.route_id as route2_3_0_ from public.routes_cdkid routescdki0_ where routescdki0_.route_id=?
14:01:03.587 [main] DEBUG org.hibernate.jdbc.AbstractBatcher - about to open ResultSet (open ResultSets: 0, globally: 0)
14:01:03.587 [main] DEBUG org.hibernate.loader.Loader - result set contains (possibly empty) collection: [net.lojika.gtfs.model.Routes.routesCdkidCollection#istb.280290]
14:01:03.587 [main] DEBUG org.hibernate.loader.Loader - result row: EntityKey[net.lojika.gtfs.model.RoutesCdkid#gtfs.line.1.137-1]
14:01:03.587 [main] DEBUG org.hibernate.loader.Loader - found row of collection: [net.lojika.gtfs.model.Routes.routesCdkidCollection#istb.280290]
14:01:03.588 [main] DEBUG org.hibernate.loader.Loader - result row: EntityKey[net.lojika.gtfs.model.RoutesCdkid#gtfs.line.1.137-0]
14:01:03.588 [main] DEBUG org.hibernate.loader.Loader - found row of collection: [net.lojika.gtfs.model.Routes.routesCdkidCollection#istb.280290]
14:01:03.588 [main] DEBUG org.hibernate.jdbc.AbstractBatcher - about to close ResultSet (open ResultSets: 1, globally: 1)
14:01:03.588 [main] DEBUG org.hibernate.jdbc.AbstractBatcher - about to close PreparedStatement (open PreparedStatements: 1, globally: 1)
14:01:03.588 [main] DEBUG o.h.e.loading.CollectionLoadContext - 1 collections were found in result set for role: net.lojika.gtfs.model.Routes.routesCdkidCollection
14:01:03.588 [main] DEBUG o.h.e.loading.CollectionLoadContext - collection fully initialized: [net.lojika.gtfs.model.Routes.routesCdkidCollection#istb.280290]
14:01:03.588 [main] DEBUG o.h.e.loading.CollectionLoadContext - 1 collections initialized for role: net.lojika.gtfs.model.Routes.routesCdkidCollection
14:01:03.588 [main] DEBUG org.hibernate.loader.Loader - done loading collection
14:01:03.588 [main] DEBUG org.hibernate.loader.Loader - loading collection: [net.lojika.gtfs.model.Routes.routesCdkidCollection#istb.280291]
14:01:03.588 [main] DEBUG org.hibernate.jdbc.AbstractBatcher - about to open PreparedStatement (open PreparedStatements: 0, globally: 0)
14:01:03.588 [main] DEBUG org.hibernate.SQL - select routescdki0_.route_id as route2_2_1_, routescdki0_.route_cdk_id as route1_1_, routescdki0_.route_cdk_id as route1_3_0_, routescdki0_.route_id as route2_3_0_ from public.routes_cdkid routescdki0_ where routescdki0_.route_id=?
Hibernate: select routescdki0_.route_id as route2_2_1_, routescdki0_.route_cdk_id as route1_1_, routescdki0_.route_cdk_id as route1_3_0_, routescdki0_.route_id as route2_3_0_ from public.routes_cdkid routescdki0_ where routescdki0_.route_id=?
14:01:03.589 [main] DEBUG org.hibernate.jdbc.AbstractBatcher - about to open ResultSet (open ResultSets: 0, globally: 0)
14:01:03.589 [main] DEBUG org.hibernate.loader.Loader - result set contains (possibly empty) collection: [net.lojika.gtfs.model.Routes.routesCdkidCollection#istb.280291]
14:01:03.589 [main] DEBUG org.hibernate.loader.Loader - result row: EntityKey[net.lojika.gtfs.model.RoutesCdkid#gtfs.line.1.138-1]
14:01:03.589 [main] DEBUG org.hibernate.loader.Loader - found row of collection: [net.lojika.gtfs.model.Routes.routesCdkidCollection#istb.280291]
14:01:03.589 [main] DEBUG org.hibernate.loader.Loader - result row: EntityKey[net.lojika.gtfs.model.RoutesCdkid#gtfs.line.1.138-0]
14:01:03.589 [main] DEBUG org.hibernate.loader.Loader - found row of collection: [net.lojika.gtfs.model.Routes.routesCdkidCollection#istb.280291]
14:01:03.589 [main] DEBUG org.hibernate.jdbc.AbstractBatcher - about to close ResultSet (open ResultSets: 1, globally: 1)
14:01:03.589 [main] DEBUG org.hibernate.jdbc.AbstractBatcher - about to close PreparedStatement (open PreparedStatements: 1, globally: 1)
14:01:03.589 [main] DEBUG o.h.e.loading.CollectionLoadContext - 1 collections were found in result set for role: net.lojika.gtfs.model.Routes.routesCdkidCollection
14:01:03.589 [main] DEBUG o.h.e.loading.CollectionLoadContext - collection fully initialized: [net.lojika.gtfs.model.Routes.routesCdkidCollection#istb.280291]
14:01:03.589 [main] DEBUG o.h.e.loading.CollectionLoadContext - 1 collections initialized for role: net.lojika.gtfs.model.Routes.routesCdkidCollection
14:01:03.589 [main] DEBUG org.hibernate.loader.Loader - done loading collection
14:01:03.590 [main] DEBUG org.hibernate.loader.Loader - loading collection: [net.lojika.gtfs.model.Routes.routesCdkidCollection#istb.280292]
14:01:03.590 [main] DEBUG org.hibernate.jdbc.AbstractBatcher - about to open PreparedStatement (open PreparedStatements: 0, globally: 0)
14:01:03.590 [main] DEBUG org.hibernate.SQL - select routescdki0_.route_id as route2_2_1_, routescdki0_.route_cdk_id as route1_1_, routescdki0_.route_cdk_id as route1_3_0_, routescdki0_.route_id as route2_3_0_ from public.routes_cdkid routescdki0_ where routescdki0_.route_id=?
Hibernate: select routescdki0_.route_id as route2_2_1_, routescdki0_.route_cdk_id as route1_1_, routescdki0_.route_cdk_id as route1_3_0_, routescdki0_.route_id as route2_3_0_ from public.routes_cdkid routescdki0_ where routescdki0_.route_id=?
14:01:03.590 [main] DEBUG org.hibernate.jdbc.AbstractBatcher - about to open ResultSet (open ResultSets: 0, globally: 0)
14:01:03.590 [main] DEBUG org.hibernate.loader.Loader - result set contains (possibly empty) collection: [net.lojika.gtfs.model.Routes.routesCdkidCollection#istb.280292]
14:01:03.590 [main] DEBUG org.hibernate.loader.Loader - result row: EntityKey[net.lojika.gtfs.model.RoutesCdkid#gtfs.line.1.139-1]
14:01:03.590 [main] DEBUG org.hibernate.loader.Loader - found row of collection: [net.lojika.gtfs.model.Routes.routesCdkidCollection#istb.280292]
14:01:03.590 [main] DEBUG org.hibernate.loader.Loader - result row: EntityKey[net.lojika.gtfs.model.RoutesCdkid#gtfs.line.1.139-0]
14:01:03.591 [main] DEBUG org.hibernate.loader.Loader - found row of collection: [net.lojika.gtfs.model.Routes.routesCdkidCollection#istb.280292]
14:01:03.591 [main] DEBUG org.hibernate.jdbc.AbstractBatcher - about to close ResultSet (open ResultSets: 1, globally: 1)
14:01:03.591 [main] DEBUG org.hibernate.jdbc.AbstractBatcher - about to close PreparedStatement (open PreparedStatements: 1, globally: 1)
14:01:03.591 [main] DEBUG o.h.e.loading.CollectionLoadContext - 1 collections were found in result set for role: net.lojika.gtfs.model.Routes.routesCdkidCollection
14:01:03.591 [main] DEBUG o.h.e.loading.CollectionLoadContext - collection fully initialized: [net.lojika.gtfs.model.Routes.routesCdkidCollection#istb.280292]
14:01:03.591 [main] DEBUG o.h.e.loading.CollectionLoadContext - 1 collections initialized for role: net.lojika.gtfs.model.Routes.routesCdkidCollection
14:01:03.591 [main] DEBUG org.hibernate.loader.Loader - done loading collection
14:01:03.591 [main] DEBUG org.hibernate.loader.Loader - loading collection: [net.lojika.gtfs.model.Routes.routesCdkidCollection#istb.280293]
14:01:03.591 [main] DEBUG org.hibernate.jdbc.AbstractBatcher - about to open PreparedStatement (open PreparedStatements: 0, globally: 0)
14:01:03.591 [main] DEBUG org.hibernate.SQL - select routescdki0_.route_id as route2_2_1_, routescdki0_.route_cdk_id as route1_1_, routescdki0_.route_cdk_id as route1_3_0_, routescdki0_.route_id as route2_3_0_ from public.routes_cdkid routescdki0_ where routescdki0_.route_id=?
Hibernate: select routescdki0_.route_id as route2_2_1_, routescdki0_.route_cdk_id as route1_1_, routescdki0_.route_cdk_id as route1_3_0_, routescdki0_.route_id as route2_3_0_ from public.routes_cdkid routescdki0_ where routescdki0_.route_id=?
14:01:03.592 [main] DEBUG org.hibernate.jdbc.AbstractBatcher - about to open ResultSet (open ResultSets: 0, globally: 0)
14:01:03.592 [main] DEBUG org.hibernate.loader.Loader - result set contains (possibly empty) collection: [net.lojika.gtfs.model.Routes.routesCdkidCollection#istb.280293]
14:01:03.592 [main] DEBUG org.hibernate.loader.Loader - result row: EntityKey[net.lojika.gtfs.model.RoutesCdkid#gtfs.line.1.139a-1]
14:01:03.592 [main] DEBUG org.hibernate.loader.Loader - found row of collection: [net.lojika.gtfs.model.Routes.routesCdkidCollection#istb.280293]
14:01:03.592 [main] DEBUG org.hibernate.loader.Loader - result row: EntityKey[net.lojika.gtfs.model.RoutesCdkid#gtfs.line.1.139a-0]
14:01:03.592 [main] DEBUG org.hibernate.loader.Loader - found row of collection: [net.lojika.gtfs.model.Routes.routesCdkidCollection#istb.280293]
14:01:03.592 [main] DEBUG org.hibernate.jdbc.AbstractBatcher - about to close ResultSet (open ResultSets: 1, globally: 1)
14:01:03.592 [main] DEBUG org.hibernate.jdbc.AbstractBatcher - about to close PreparedStatement (open PreparedStatements: 1, globally: 1)
14:01:03.592 [main] DEBUG o.h.e.loading.CollectionLoadContext - 1 collections were found in result set for role: net.lojika.gtfs.model.Routes.routesCdkidCollection
14:01:03.592 [main] DEBUG o.h.e.loading.CollectionLoadContext - collection fully initialized: [net.lojika.gtfs.model.Routes.routesCdkidCollection#istb.280293]
14:01:03.592 [main] DEBUG o.h.e.loading.CollectionLoadContext - 1 collections initialized for role: net.lojika.gtfs.model.Routes.routesCdkidCollection
14:01:03.592 [main] DEBUG org.hibernate.loader.Loader - done loading collection
14:01:03.592 [main] DEBUG org.hibernate.loader.Loader - loading collection: [net.lojika.gtfs.model.Routes.routesCdkidCollection#istb.280296]
14:01:03.592 [main] DEBUG org.hibernate.jdbc.AbstractBatcher - about to open PreparedStatement (open PreparedStatements: 0, globally: 0)
14:01:03.592 [main] DEBUG org.hibernate.SQL - select routescdki0_.route_id as route2_2_1_, routescdki0_.route_cdk_id as route1_1_, routescdki0_.route_cdk_id as route1_3_0_, routescdki0_.route_id as route2_3_0_ from public.routes_cdkid routescdki0_ where routescdki0_.route_id=?
Hibernate: select routescdki0_.route_id as route2_2_1_, routescdki0_.route_cdk_id as route1_1_, routescdki0_.route_cdk_id as route1_3_0_, routescdki0_.route_id as route2_3_0_ from public.routes_cdkid routescdki0_ where routescdki0_.route_id=?
14:01:03.593 [main] DEBUG org.hibernate.jdbc.AbstractBatcher - about to open ResultSet (open ResultSets: 0, globally: 0)
14:01:03.593 [main] DEBUG org.hibernate.loader.Loader - result set contains (possibly empty) collection: [net.lojika.gtfs.model.Routes.routesCdkidCollection#istb.280296]
14:01:03.593 [main] DEBUG org.hibernate.loader.Loader - result row: EntityKey[net.lojika.gtfs.model.RoutesCdkid#gtfs.line.1.139t-1]
14:01:03.593 [main] DEBUG org.hibernate.loader.Loader - found row of collection: [net.lojika.gtfs.model.Routes.routesCdkidCollection#istb.280296]
14:01:03.593 [main] DEBUG org.hibernate.loader.Loader - result row: EntityKey[net.lojika.gtfs.model.RoutesCdkid#gtfs.line.1.139t-0]
14:01:03.593 [main] DEBUG org.hibernate.loader.Loader - found row of collection: [net.lojika.gtfs.model.Routes.routesCdkidCollection#istb.280296]
14:01:03.593 [main] DEBUG org.hibernate.jdbc.AbstractBatcher - about to close ResultSet (open ResultSets: 1, globally: 1)
14:01:03.593 [main] DEBUG org.hibernate.jdbc.AbstractBatcher - about to close PreparedStatement (open PreparedStatements: 1, globally: 1)
14:01:03.593 [main] DEBUG o.h.e.loading.CollectionLoadContext - 1 collections were found in result set for role: net.lojika.gtfs.model.Routes.routesCdkidCollection
14:01:03.593 [main] DEBUG o.h.e.loading.CollectionLoadContext - collection fully initialized: [net.lojika.gtfs.model.Routes.routesCdkidCollection#istb.280296]
14:01:03.593 [main] DEBUG o.h.e.loading.CollectionLoadContext - 1 collections initialized for role: net.lojika.gtfs.model.Routes.routesCdkidCollection
14:01:03.593 [main] DEBUG org.hibernate.loader.Loader - done loading collection
14:01:03.593 [main] DEBUG org.hibernate.loader.Loader - loading collection: [net.lojika.gtfs.model.Routes.routesCdkidCollection#istb.280298]
14:01:03.593 [main] DEBUG org.hibernate.jdbc.AbstractBatcher - about to open PreparedStatement (open PreparedStatements: 0, globally: 0)
14:01:03.593 [main] DEBUG org.hibernate.SQL - select routescdki0_.route_id as route2_2_1_, routescdki0_.route_cdk_id as route1_1_, routescdki0_.route_cdk_id as route1_3_0_, routescdki0_.route_id as route2_3_0_ from public.routes_cdkid routescdki0_ where routescdki0_.route_id=?
Hibernate: select routescdki0_.route_id as route2_2_1_, routescdki0_.route_cdk_id as route1_1_, routescdki0_.route_cdk_id as route1_3_0_, routescdki0_.route_id as route2_3_0_ from public.routes_cdkid routescdki0_ where routescdki0_.route_id=?
14:01:03.594 [main] DEBUG org.hibernate.jdbc.AbstractBatcher - about to open ResultSet (open ResultSets: 0, globally: 0)
14:01:03.594 [main] DEBUG org.hibernate.loader.Loader - result set contains (possibly empty) collection: [net.lojika.gtfs.model.Routes.routesCdkidCollection#istb.280298]
14:01:03.594 [main] DEBUG org.hibernate.loader.Loader - result row: EntityKey[net.lojika.gtfs.model.RoutesCdkid#gtfs.line.1.13ab-1]
14:01:03.594 [main] DEBUG org.hibernate.loader.Loader - found row of collection: [net.lojika.gtfs.model.Routes.routesCdkidCollection#istb.280298]
14:01:03.594 [main] DEBUG org.hibernate.loader.Loader - result row: EntityKey[net.lojika.gtfs.model.RoutesCdkid#gtfs.line.1.13ab-0]
14:01:03.594 [main] DEBUG org.hibernate.loader.Loader - found row of collection: [net.lojika.gtfs.model.Routes.routesCdkidCollection#istb.280298]
14:01:03.594 [main] DEBUG org.hibernate.jdbc.AbstractBatcher - about to close ResultSet (open ResultSets: 1, globally: 1)
14:01:03.594 [main] DEBUG org.hibernate.jdbc.AbstractBatcher - about to close PreparedStatement (open PreparedStatements: 1, globally: 1)
14:01:03.594 [main] DEBUG o.h.e.loading.CollectionLoadContext - 1 collections were found in result set for role: net.lojika.gtfs.model.Routes.routesCdkidCollection
14:01:03.594 [main] DEBUG o.h.e.loading.CollectionLoadContext - collection fully initialized: [net.lojika.gtfs.model.Routes.routesCdkidCollection#istb.280298]
14:01:03.594 [main] DEBUG o.h.e.loading.CollectionLoadContext - 1 collections initialized for role: net.lojika.gtfs.model.Routes.routesCdkidCollection
14:01:03.594 [main] DEBUG org.hibernate.loader.Loader - done loading collection
14:01:03.594 [main] DEBUG org.hibernate.loader.Loader - loading collection: [net.lojika.gtfs.model.Routes.routesCdkidCollection#istb.280299]
14:01:03.594 [main] DEBUG org.hibernate.jdbc.AbstractBatcher - about to open PreparedStatement (open PreparedStatements: 0, globally: 0)
14:01:03.594 [main] DEBUG org.hibernate.SQL - select routescdki0_.route_id as route2_2_1_, routescdki0_.route_cdk_id as route1_1_, routescdki0_.route_cdk_id as route1_3_0_, routescdki0_.route_id as route2_3_0_ from public.routes_cdkid routescdki0_ where routescdki0_.route_id=?
Hibernate: select routescdki0_.route_id as route2_2_1_, routescdki0_.route_cdk_id as route1_1_, routescdki0_.route_cdk_id as route1_3_0_, routescdki0_.route_id as route2_3_0_ from public.routes_cdkid routescdki0_ where routescdki0_.route_id=?
14:01:03.595 [main] DEBUG org.hibernate.jdbc.AbstractBatcher - about to open ResultSet (open ResultSets: 0, globally: 0)
14:01:03.595 [main] DEBUG org.hibernate.loader.Loader - result set contains (possibly empty) collection: [net.lojika.gtfs.model.Routes.routesCdkidCollection#istb.280299]
14:01:03.595 [main] DEBUG org.hibernate.loader.Loader - result row: EntityKey[net.lojika.gtfs.model.RoutesCdkid#gtfs.line.1.13b-1]
14:01:03.595 [main] DEBUG org.hibernate.loader.Loader - found row of collection: [net.lojika.gtfs.model.Routes.routesCdkidCollection#istb.280299]
14:01:03.595 [main] DEBUG org.hibernate.loader.Loader - result row: EntityKey[net.lojika.gtfs.model.RoutesCdkid#gtfs.line.1.13b-0]
14:01:03.595 [main] DEBUG org.hibernate.loader.Loader - found row of collection: [net.lojika.gtfs.model.Routes.routesCdkidCollection#istb.280299]
14:01:03.596 [main] DEBUG org.hibernate.jdbc.AbstractBatcher - about to close ResultSet (open ResultSets: 1, globally: 1)
14:01:03.596 [main] DEBUG org.hibernate.jdbc.AbstractBatcher - about to close PreparedStatement (open PreparedStatements: 1, globally: 1)
14:01:03.596 [main] DEBUG o.h.e.loading.CollectionLoadContext - 1 collections were found in result set for role: net.lojika.gtfs.model.Routes.routesCdkidCollection
14:01:03.596 [main] DEBUG o.h.e.loading.CollectionLoadContext - collection fully initialized: [net.lojika.gtfs.model.Routes.routesCdkidCollection#istb.280299]
14:01:03.596 [main] DEBUG o.h.e.loading.CollectionLoadContext - 1 collections initialized for role: net.lojika.gtfs.model.Routes.routesCdkidCollection
14:01:03.596 [main] DEBUG org.hibernate.loader.Loader - done loading collection
14:01:03.596 [main] DEBUG org.hibernate.loader.Loader - loading collection: [net.lojika.gtfs.model.Routes.routesCdkidCollection#istb.280300]
14:01:03.596 [main] DEBUG org.hibernate.jdbc.AbstractBatcher - about to open PreparedStatement (open PreparedStatements: 0, globally: 0)
14:01:03.596 [main] DEBUG org.hibernate.SQL - select routescdki0_.route_id as route2_2_1_, routescdki0_.route_cdk_id as route1_1_, routescdki0_.route_cdk_id as route1_3_0_, routescdki0_.route_id as route2_3_0_ from public.routes_cdkid routescdki0_ where routescdki0_.route_id=?
Hibernate: select routescdki0_.route_id as route2_2_1_, routescdki0_.route_cdk_id as route1_1_, routescdki0_.route_cdk_id as route1_3_0_, routescdki0_.route_id as route2_3_0_ from public.routes_cdkid routescdki0_ where routescdki0_.route_id=?
14:01:03.597 [main] DEBUG org.hibernate.jdbc.AbstractBatcher - about to open ResultSet (open ResultSets: 0, globally: 0)
14:01:03.597 [main] DEBUG org.hibernate.loader.Loader - result set contains (possibly empty) collection: [net.lojika.gtfs.model.Routes.routesCdkidCollection#istb.280300]
14:01:03.597 [main] DEBUG org.hibernate.loader.Loader - result row: EntityKey[net.lojika.gtfs.model.RoutesCdkid#gtfs.line.1.14-1]
14:01:03.597 [main] DEBUG org.hibernate.loader.Loader - found row of collection: [net.lojika.gtfs.model.Routes.routesCdkidCollection#istb.280300]
14:01:03.597 [main] DEBUG org.hibernate.loader.Loader - result row: EntityKey[net.lojika.gtfs.model.RoutesCdkid#gtfs.line.1.14-0]
14:01:03.597 [main] DEBUG org.hibernate.loader.Loader - found row of collection: [net.lojika.gtfs.model.Routes.routesCdkidCollection#istb.280300]
14:01:03.597 [main] DEBUG org.hibernate.jdbc.AbstractBatcher - about to close ResultSet (open ResultSets: 1, globally: 1)
14:01:03.597 [main] DEBUG org.hibernate.jdbc.AbstractBatcher - about to close PreparedStatement (open PreparedStatements: 1, globally: 1)
14:01:03.597 [main] DEBUG o.h.e.loading.CollectionLoadContext - 1 collections were found in result set for role: net.lojika.gtfs.model.Routes.routesCdkidCollection
14:01:03.597 [main] DEBUG o.h.e.loading.CollectionLoadContext - collection fully initialized: [net.lojika.gtfs.model.Routes.routesCdkidCollection#istb.280300]
14:01:03.597 [main] DEBUG o.h.e.loading.CollectionLoadContext - 1 collections initialized for role: net.lojika.gtfs.model.Routes.routesCdkidCollection
14:01:03.597 [main] DEBUG org.hibernate.loader.Loader - done loading collection
14:01:03.597 [main] DEBUG org.hibernate.loader.Loader - loading collection: [net.lojika.gtfs.model.Routes.routesCdkidCollection#istb.280303]
14:01:03.597 [main] DEBUG org.hibernate.jdbc.AbstractBatcher - about to open PreparedStatement (open PreparedStatements: 0, globally: 0)
14:01:03.597 [main] DEBUG org.hibernate.SQL - select routescdki0_.route_id as route2_2_1_, routescdki0_.route_cdk_id as route1_1_, routescdki0_.route_cdk_id as route1_3_0_, routescdki0_.route_id as route2_3_0_ from public.routes_cdkid routescdki0_ where routescdki0_.route_id=?
Hibernate: select routescdki0_.route_id as route2_2_1_, routescdki0_.route_cdk_id as route1_1_, routescdki0_.route_cdk_id as route1_3_0_, routescdki0_.route_id as route2_3_0_ from public.routes_cdkid routescdki0_ where routescdki0_.route_id=?
14:01:03.598 [main] DEBUG org.hibernate.jdbc.AbstractBatcher - about to open ResultSet (open ResultSets: 0, globally: 0)
14:01:03.598 [main] DEBUG org.hibernate.loader.Loader - result set contains (possibly empty) collection: [net.lojika.gtfs.model.Routes.routesCdkidCollection#istb.280303]
14:01:03.598 [main] DEBUG org.hibernate.loader.Loader - result row: EntityKey[net.lojika.gtfs.model.RoutesCdkid#gtfs.line.1.142-1]
14:01:03.598 [main] DEBUG org.hibernate.loader.Loader - found row of collection: [net.lojika.gtfs.model.Routes.routesCdkidCollection#istb.280303]
14:01:03.599 [main] DEBUG org.hibernate.loader.Loader - result row: EntityKey[net.lojika.gtfs.model.RoutesCdkid#gtfs.line.1.142-0]
14:01:03.599 [main] DEBUG org.hibernate.loader.Loader - found row of collection: [net.lojika.gtfs.model.Routes.routesCdkidCollection#istb.280303]
14:01:03.599 [main] DEBUG org.hibernate.jdbc.AbstractBatcher - about to close ResultSet (open ResultSets: 1, globally: 1)
14:01:03.599 [main] DEBUG org.hibernate.jdbc.AbstractBatcher - about to close PreparedStatement (open PreparedStatements: 1, globally: 1)
14:01:03.599 [main] DEBUG o.h.e.loading.CollectionLoadContext - 1 collections were found in result set for role: net.lojika.gtfs.model.Routes.routesCdkidCollection
14:01:03.599 [main] DEBUG o.h.e.loading.CollectionLoadContext - collection fully initialized: [net.lojika.gtfs.model.Routes.routesCdkidCollection#istb.280303]
14:01:03.599 [main] DEBUG o.h.e.loading.CollectionLoadContext - 1 collections initialized for role: net.lojika.gtfs.model.Routes.routesCdkidCollection
14:01:03.599 [main] DEBUG org.hibernate.loader.Loader - done loading collection
14:01:03.599 [main] DEBUG org.hibernate.loader.Loader - loading collection: [net.lojika.gtfs.model.Routes.routesCdkidCollection#istb.280304]
14:01:03.599 [main] DEBUG org.hibernate.jdbc.AbstractBatcher - about to open PreparedStatement (open PreparedStatements: 0, globally: 0)
14:01:03.599 [main] DEBUG org.hibernate.SQL - select routescdki0_.route_id as route2_2_1_, routescdki0_.route_cdk_id as route1_1_, routescdki0_.route_cdk_id as route1_3_0_, routescdki0_.route_id as route2_3_0_ from public.routes_cdkid routescdki0_ where routescdki0_.route_id=?
Hibernate: select routescdki0_.route_id as route2_2_1_, routescdki0_.route_cdk_id as route1_1_, routescdki0_.route_cdk_id as route1_3_0_, routescdki0_.route_id as route2_3_0_ from public.routes_cdkid routescdki0_ where routescdki0_.route_id=?
14:01:03.600 [main] DEBUG org.hibernate.jdbc.AbstractBatcher - about to open ResultSet (open ResultSets: 0, globally: 0)
14:01:03.600 [main] DEBUG org.hibernate.loader.Loader - result set contains (possibly empty) collection: [net.lojika.gtfs.model.Routes.routesCdkidCollection#istb.280304]
14:01:03.600 [main] DEBUG org.hibernate.loader.Loader - result row: EntityKey[net.lojika.gtfs.model.RoutesCdkid#gtfs.line.1.142a-1]
14:01:03.600 [main] DEBUG org.hibernate.loader.Loader - found row of collection: [net.lojika.gtfs.model.Routes.routesCdkidCollection#istb.280304]
14:01:03.600 [main] DEBUG org.hibernate.loader.Loader - result row: EntityKey[net.lojika.gtfs.model.RoutesCdkid#gtfs.line.1.142a-0]
14:01:03.600 [main] DEBUG org.hibernate.loader.Loader - found row of collection: [net.lojika.gtfs.model.Routes.routesCdkidCollection#istb.280304]
14:01:03.600 [main] DEBUG org.hibernate.jdbc.AbstractBatcher - about to close ResultSet (open ResultSets: 1, globally: 1)
14:01:03.600 [main] DEBUG org.hibernate.jdbc.AbstractBatcher - about to close PreparedStatement (open PreparedStatements: 1, globally: 1)
14:01:03.600 [main] DEBUG o.h.e.loading.CollectionLoadContext - 1 collections were found in result set for role: net.lojika.gtfs.model.Routes.routesCdkidCollection
14:01:03.600 [main] DEBUG o.h.e.loading.CollectionLoadContext - collection fully initialized: [net.lojika.gtfs.model.Routes.routesCdkidCollection#istb.280304]
14:01:03.600 [main] DEBUG o.h.e.loading.CollectionLoadContext - 1 collections initialized for role: net.lojika.gtfs.model.Routes.routesCdkidCollection
14:01:03.600 [main] DEBUG org.hibernate.loader.Loader - done loading collection
14:01:03.600 [main] DEBUG org.hibernate.loader.Loader - loading collection: [net.lojika.gtfs.model.Routes.routesCdkidCollection#istb.280307]
14:01:03.600 [main] DEBUG org.hibernate.jdbc.AbstractBatcher - about to open PreparedStatement (open PreparedStatements: 0, globally: 0)
14:01:03.600 [main] DEBUG org.hibernate.SQL - select routescdki0_.route_id as route2_2_1_, routescdki0_.route_cdk_id as route1_1_, routescdki0_.route_cdk_id as route1_3_0_, routescdki0_.route_id as route2_3_0_ from public.routes_cdkid routescdki0_ where routescdki0_.route_id=?
Hibernate: select routescdki0_.route_id as route2_2_1_, routescdki0_.route_cdk_id as route1_1_, routescdki0_.route_cdk_id as route1_3_0_, routescdki0_.route_id as route2_3_0_ from public.routes_cdkid routescdki0_ where routescdki0_.route_id=?
14:01:03.601 [main] DEBUG org.hibernate.jdbc.AbstractBatcher - about to open ResultSet (open ResultSets: 0, globally: 0)
14:01:03.601 [main] DEBUG org.hibernate.loader.Loader - result set contains (possibly empty) collection: [net.lojika.gtfs.model.Routes.routesCdkidCollection#istb.280307]
14:01:03.601 [main] DEBUG org.hibernate.loader.Loader - result row: EntityKey[net.lojika.gtfs.model.RoutesCdkid#gtfs.line.1.142f-1]
14:01:03.601 [main] DEBUG org.hibernate.loader.Loader - found row of collection: [net.lojika.gtfs.model.Routes.routesCdkidCollection#istb.280307]
14:01:03.601 [main] DEBUG org.hibernate.loader.Loader - result row: EntityKey[net.lojika.gtfs.model.RoutesCdkid#gtfs.line.1.142f-0]
14:01:03.601 [main] DEBUG org.hibernate.loader.Loader - found row of collection: [net.lojika.gtfs.model.Routes.routesCdkidCollection#istb.280307]
14:01:03.602 [main] DEBUG org.hibernate.jdbc.AbstractBatcher - about to close ResultSet (open ResultSets: 1, globally: 1)
14:01:03.602 [main] DEBUG org.hibernate.jdbc.AbstractBatcher - about to close PreparedStatement (open PreparedStatements: 1, globally: 1)
14:01:03.602 [main] DEBUG o.h.e.loading.CollectionLoadContext - 1 collections were found in result set for role: net.lojika.gtfs.model.Routes.routesCdkidCollection
14:01:03.602 [main] DEBUG o.h.e.loading.CollectionLoadContext - collection fully initialized: [net.lojika.gtfs.model.Routes.routesCdkidCollection#istb.280307]
14:01:03.602 [main] DEBUG o.h.e.loading.CollectionLoadContext - 1 collections initialized for role: net.lojika.gtfs.model.Routes.routesCdkidCollection
14:01:03.602 [main] DEBUG org.hibernate.loader.Loader - done loading collection
14:01:03.602 [main] DEBUG org.hibernate.loader.Loader - loading collection: [net.lojika.gtfs.model.Routes.routesCdkidCollection#istb.280309]
14:01:03.602 [main] DEBUG org.hibernate.jdbc.AbstractBatcher - about to open PreparedStatement (open PreparedStatements: 0, globally: 0)
14:01:03.602 [main] DEBUG org.hibernate.SQL - select routescdki0_.route_id as route2_2_1_, routescdki0_.route_cdk_id as route1_1_, routescdki0_.route_cdk_id as route1_3_0_, routescdki0_.route_id as route2_3_0_ from public.routes_cdkid routescdki0_ where routescdki0_.route_id=?
Hibernate: select routescdki0_.route_id as route2_2_1_, routescdki0_.route_cdk_id as route1_1_, routescdki0_.route_cdk_id as route1_3_0_, routescdki0_.route_id as route2_3_0_ from public.routes_cdkid routescdki0_ where routescdki0_.route_id=?
14:01:03.604 [main] DEBUG org.hibernate.jdbc.AbstractBatcher - about to open ResultSet (open ResultSets: 0, globally: 0)
14:01:03.604 [main] DEBUG org.hibernate.loader.Loader - result set contains (possibly empty) collection: [net.lojika.gtfs.model.Routes.routesCdkidCollection#istb.280309]
14:01:03.604 [main] DEBUG org.hibernate.loader.Loader - result row: EntityKey[net.lojika.gtfs.model.RoutesCdkid#gtfs.line.1.143-1]
14:01:03.604 [main] DEBUG org.hibernate.loader.Loader - found row of collection: [net.lojika.gtfs.model.Routes.routesCdkidCollection#istb.280309]
14:01:03.604 [main] DEBUG org.hibernate.loader.Loader - result row: EntityKey[net.lojika.gtfs.model.RoutesCdkid#gtfs.line.1.143-0]
14:01:03.604 [main] DEBUG org.hibernate.loader.Loader - found row of collection: [net.lojika.gtfs.model.Routes.routesCdkidCollection#istb.280309]
14:01:03.604 [main] DEBUG org.hibernate.jdbc.AbstractBatcher - about to close ResultSet (open ResultSets: 1, globally: 1)
14:01:03.604 [main] DEBUG org.hibernate.jdbc.AbstractBatcher - about to close PreparedStatement (open PreparedStatements: 1, globally: 1)
14:01:03.604 [main] DEBUG o.h.e.loading.CollectionLoadContext - 1 collections were found in result set for role: net.lojika.gtfs.model.Routes.routesCdkidCollection
14:01:03.604 [main] DEBUG o.h.e.loading.CollectionLoadContext - collection fully initialized: [net.lojika.gtfs.model.Routes.routesCdkidCollection#istb.280309]
14:01:03.604 [main] DEBUG o.h.e.loading.CollectionLoadContext - 1 collections initialized for role: net.lojika.gtfs.model.Routes.routesCdkidCollection
14:01:03.604 [main] DEBUG org.hibernate.loader.Loader - done loading collection
14:01:03.604 [main] DEBUG org.hibernate.loader.Loader - loading collection: [net.lojika.gtfs.model.Routes.routesCdkidCollection#istb.280311]
14:01:03.604 [main] DEBUG org.hibernate.jdbc.AbstractBatcher - about to open PreparedStatement (open PreparedStatements: 0, globally: 0)
14:01:03.604 [main] DEBUG org.hibernate.SQL - select routescdki0_.route_id as route2_2_1_, routescdki0_.route_cdk_id as route1_1_, routescdki0_.route_cdk_id as route1_3_0_, routescdki0_.route_id as route2_3_0_ from public.routes_cdkid routescdki0_ where routescdki0_.route_id=?
Hibernate: select routescdki0_.route_id as route2_2_1_, routescdki0_.route_cdk_id as route1_1_, routescdki0_.route_cdk_id as route1_3_0_, routescdki0_.route_id as route2_3_0_ from public.routes_cdkid routescdki0_ where routescdki0_.route_id=?
14:01:03.604 [main] DEBUG org.hibernate.jdbc.AbstractBatcher - about to open ResultSet (open ResultSets: 0, globally: 0)
14:01:03.605 [main] DEBUG org.hibernate.loader.Loader - result set contains (possibly empty) collection: [net.lojika.gtfs.model.Routes.routesCdkidCollection#istb.280311]
14:01:03.605 [main] DEBUG org.hibernate.loader.Loader - result row: EntityKey[net.lojika.gtfs.model.RoutesCdkid#gtfs.line.1.145-1]
14:01:03.605 [main] DEBUG org.hibernate.loader.Loader - found row of collection: [net.lojika.gtfs.model.Routes.routesCdkidCollection#istb.280311]
14:01:03.605 [main] DEBUG org.hibernate.loader.Loader - result row: EntityKey[net.lojika.gtfs.model.RoutesCdkid#gtfs.line.1.145-0]
14:01:03.605 [main] DEBUG org.hibernate.loader.Loader - found row of collection: [net.lojika.gtfs.model.Routes.routesCdkidCollection#istb.280311]
14:01:03.605 [main] DEBUG org.hibernate.jdbc.AbstractBatcher - about to close ResultSet (open ResultSets: 1, globally: 1)
14:01:03.605 [main] DEBUG org.hibernate.jdbc.AbstractBatcher - about to close PreparedStatement (open PreparedStatements: 1, globally: 1)
14:01:03.605 [main] DEBUG o.h.e.loading.CollectionLoadContext - 1 collections were found in result set for role: net.lojika.gtfs.model.Routes.routesCdkidCollection
14:01:03.605 [main] DEBUG o.h.e.loading.CollectionLoadContext - collection fully initialized: [net.lojika.gtfs.model.Routes.routesCdkidCollection#istb.280311]
14:01:03.605 [main] DEBUG o.h.e.loading.CollectionLoadContext - 1 collections initialized for role: net.lojika.gtfs.model.Routes.routesCdkidCollection
14:01:03.605 [main] DEBUG org.hibernate.loader.Loader - done loading collection
14:01:03.605 [main] DEBUG org.hibernate.loader.Loader - loading collection: [net.lojika.gtfs.model.Routes.routesCdkidCollection#istb.280313]
14:01:03.605 [main] DEBUG org.hibernate.jdbc.AbstractBatcher - about to open PreparedStatement (open PreparedStatements: 0, globally: 0)
14:01:03.605 [main] DEBUG org.hibernate.SQL - select routescdki0_.route_id as route2_2_1_, routescdki0_.route_cdk_id as route1_1_, routescdki0_.route_cdk_id as route1_3_0_, routescdki0_.route_id as route2_3_0_ from public.routes_cdkid routescdki0_ where routescdki0_.route_id=?
Hibernate: select routescdki0_.route_id as route2_2_1_, routescdki0_.route_cdk_id as route1_1_, routescdki0_.route_cdk_id as route1_3_0_, routescdki0_.route_id as route2_3_0_ from public.routes_cdkid routescdki0_ where routescdki0_.route_id=?
14:01:03.605 [main] DEBUG org.hibernate.jdbc.AbstractBatcher - about to open ResultSet (open ResultSets: 0, globally: 0)
14:01:03.605 [main] DEBUG org.hibernate.loader.Loader - result set contains (possibly empty) collection: [net.lojika.gtfs.model.Routes.routesCdkidCollection#istb.280313]
14:01:03.605 [main] DEBUG org.hibernate.loader.Loader - result row: EntityKey[net.lojika.gtfs.model.RoutesCdkid#gtfs.line.1.145m-1]
14:01:03.605 [main] DEBUG org.hibernate.loader.Loader - found row of collection: [net.lojika.gtfs.model.Routes.routesCdkidCollection#istb.280313]
14:01:03.605 [main] DEBUG org.hibernate.loader.Loader - result row: EntityKey[net.lojika.gtfs.model.RoutesCdkid#gtfs.line.1.145m-0]
14:01:03.605 [main] DEBUG org.hibernate.loader.Loader - found row of collection: [net.lojika.gtfs.model.Routes.routesCdkidCollection#istb.280313]
14:01:03.606 [main] DEBUG org.hibernate.jdbc.AbstractBatcher - about to close ResultSet (open ResultSets: 1, globally: 1)
14:01:03.606 [main] DEBUG org.hibernate.jdbc.AbstractBatcher - about to close PreparedStatement (open PreparedStatements: 1, globally: 1)
14:01:03.606 [main] DEBUG o.h.e.loading.CollectionLoadContext - 1 collections were found in result set for role: net.lojika.gtfs.model.Routes.routesCdkidCollection
14:01:03.606 [main] DEBUG o.h.e.loading.CollectionLoadContext - collection fully initialized: [net.lojika.gtfs.model.Routes.routesCdkidCollection#istb.280313]
14:01:03.606 [main] DEBUG o.h.e.loading.CollectionLoadContext - 1 collections initialized for role: net.lojika.gtfs.model.Routes.routesCdkidCollection
14:01:03.606 [main] DEBUG org.hibernate.loader.Loader - done loading collection
14:01:03.606 [main] DEBUG org.hibernate.loader.Loader - loading collection: [net.lojika.gtfs.model.Routes.routesCdkidCollection#istb.280314]
14:01:03.606 [main] DEBUG org.hibernate.jdbc.AbstractBatcher - about to open PreparedStatement (open PreparedStatements: 0, globally: 0)
14:01:03.606 [main] DEBUG org.hibernate.SQL - select routescdki0_.route_id as route2_2_1_, routescdki0_.route_cdk_id as route1_1_, routescdki0_.route_cdk_id as route1_3_0_, routescdki0_.route_id as route2_3_0_ from public.routes_cdkid routescdki0_ where routescdki0_.route_id=?
Hibernate: select routescdki0_.route_id as route2_2_1_, routescdki0_.route_cdk_id as route1_1_, routescdki0_.route_cdk_id as route1_3_0_, routescdki0_.route_id as route2_3_0_ from public.routes_cdkid routescdki0_ where routescdki0_.route_id=?
14:01:03.606 [main] DEBUG org.hibernate.jdbc.AbstractBatcher - about to open ResultSet (open ResultSets: 0, globally: 0)
14:01:03.606 [main] DEBUG org.hibernate.loader.Loader - result set contains (possibly empty) collection: [net.lojika.gtfs.model.Routes.routesCdkidCollection#istb.280314]
14:01:03.606 [main] DEBUG org.hibernate.loader.Loader - result row: EntityKey[net.lojika.gtfs.model.RoutesCdkid#gtfs.line.1.145t-1]
14:01:03.606 [main] DEBUG org.hibernate.loader.Loader - found row of collection: [net.lojika.gtfs.model.Routes.routesCdkidCollection#istb.280314]
14:01:03.606 [main] DEBUG org.hibernate.loader.Loader - result row: EntityKey[net.lojika.gtfs.model.RoutesCdkid#gtfs.line.1.145t-0]
14:01:03.606 [main] DEBUG org.hibernate.loader.Loader - found row of collection: [net.lojika.gtfs.model.Routes.routesCdkidCollection#istb.280314]
14:01:03.606 [main] DEBUG org.hibernate.jdbc.AbstractBatcher - about to close ResultSet (open ResultSets: 1, globally: 1)
14:01:03.606 [main] DEBUG org.hibernate.jdbc.AbstractBatcher - about to close PreparedStatement (open PreparedStatements: 1, globally: 1)
14:01:03.606 [main] DEBUG o.h.e.loading.CollectionLoadContext - 1 collections were found in result set for role: net.lojika.gtfs.model.Routes.routesCdkidCollection
14:01:03.606 [main] DEBUG o.h.e.loading.CollectionLoadContext - collection fully initialized: [net.lojika.gtfs.model.Routes.routesCdkidCollection#istb.280314]
14:01:03.606 [main] DEBUG o.h.e.loading.CollectionLoadContext - 1 collections initialized for role: net.lojika.gtfs.model.Routes.routesCdkidCollection
14:01:03.606 [main] DEBUG org.hibernate.loader.Loader - done loading collection
14:01:03.606 [main] DEBUG org.hibernate.loader.Loader - loading collection: [net.lojika.gtfs.model.Routes.routesCdkidCollection#istb.280315]
14:01:03.606 [main] DEBUG org.hibernate.jdbc.AbstractBatcher - about to open PreparedStatement (open PreparedStatements: 0, globally: 0)
14:01:03.606 [main] DEBUG org.hibernate.SQL - select routescdki0_.route_id as route2_2_1_, routescdki0_.route_cdk_id as route1_1_, routescdki0_.route_cdk_id as route1_3_0_, routescdki0_.route_id as route2_3_0_ from public.routes_cdkid routescdki0_ where routescdki0_.route_id=?
Hibernate: select routescdki0_.route_id as route2_2_1_, routescdki0_.route_cdk_id as route1_1_, routescdki0_.route_cdk_id as route1_3_0_, routescdki0_.route_id as route2_3_0_ from public.routes_cdkid routescdki0_ where routescdki0_.route_id=?
14:01:03.607 [main] DEBUG org.hibernate.jdbc.AbstractBatcher - about to open ResultSet (open ResultSets: 0, globally: 0)
14:01:03.607 [main] DEBUG org.hibernate.loader.Loader - result set contains (possibly empty) collection: [net.lojika.gtfs.model.Routes.routesCdkidCollection#istb.280315]
14:01:03.607 [main] DEBUG org.hibernate.loader.Loader - result row: EntityKey[net.lojika.gtfs.model.RoutesCdkid#gtfs.line.1.146-1]
14:01:03.607 [main] DEBUG org.hibernate.loader.Loader - found row of collection: [net.lojika.gtfs.model.Routes.routesCdkidCollection#istb.280315]
14:01:03.607 [main] DEBUG org.hibernate.loader.Loader - result row: EntityKey[net.lojika.gtfs.model.RoutesCdkid#gtfs.line.1.146-0]
14:01:03.607 [main] DEBUG org.hibernate.loader.Loader - found row of collection: [net.lojika.gtfs.model.Routes.routesCdkidCollection#istb.280315]
14:01:03.607 [main] DEBUG org.hibernate.jdbc.AbstractBatcher - about to close ResultSet (open ResultSets: 1, globally: 1)
14:01:03.607 [main] DEBUG org.hibernate.jdbc.AbstractBatcher - about to close PreparedStatement (open PreparedStatements: 1, globally: 1)
14:01:03.607 [main] DEBUG o.h.e.loading.CollectionLoadContext - 1 collections were found in result set for role: net.lojika.gtfs.model.Routes.routesCdkidCollection
14:01:03.607 [main] DEBUG o.h.e.loading.CollectionLoadContext - collection fully initialized: [net.lojika.gtfs.model.Routes.routesCdkidCollection#istb.280315]
14:01:03.607 [main] DEBUG o.h.e.loading.CollectionLoadContext - 1 collections initialized for role: net.lojika.gtfs.model.Routes.routesCdkidCollection
14:01:03.607 [main] DEBUG org.hibernate.loader.Loader - done loading collection
14:01:03.607 [main] DEBUG org.hibernate.loader.Loader - loading collection: [net.lojika.gtfs.model.Routes.routesCdkidCollection#istb.280316]
14:01:03.607 [main] DEBUG org.hibernate.jdbc.AbstractBatcher - about to open PreparedStatement (open PreparedStatements: 0, globally: 0)
14:01:03.607 [main] DEBUG org.hibernate.SQL - select routescdki0_.route_id as route2_2_1_, routescdki0_.route_cdk_id as route1_1_, routescdki0_.route_cdk_id as route1_3_0_, routescdki0_.route_id as route2_3_0_ from public.routes_cdkid routescdki0_ where routescdki0_.route_id=?
Hibernate: select routescdki0_.route_id as route2_2_1_, routescdki0_.route_cdk_id as route1_1_, routescdki0_.route_cdk_id as route1_3_0_, routescdki0_.route_id as route2_3_0_ from public.routes_cdkid routescdki0_ where routescdki0_.route_id=?
14:01:03.608 [main] DEBUG org.hibernate.jdbc.AbstractBatcher - about to open ResultSet (open ResultSets: 0, globally: 0)
14:01:03.608 [main] DEBUG org.hibernate.loader.Loader - result set contains (possibly empty) collection: [net.lojika.gtfs.model.Routes.routesCdkidCollection#istb.280316]
14:01:03.608 [main] DEBUG org.hibernate.loader.Loader - result row: EntityKey[net.lojika.gtfs.model.RoutesCdkid#gtfs.line.1.146b-1]
14:01:03.608 [main] DEBUG org.hibernate.loader.Loader - found row of collection: [net.lojika.gtfs.model.Routes.routesCdkidCollection#istb.280316]
14:01:03.608 [main] DEBUG org.hibernate.loader.Loader - result row: EntityKey[net.lojika.gtfs.model.RoutesCdkid#gtfs.line.1.146b-0]
14:01:03.608 [main] DEBUG org.hibernate.loader.Loader - found row of collection: [net.lojika.gtfs.model.Routes.routesCdkidCollection#istb.280316]
14:01:03.608 [main] DEBUG org.hibernate.jdbc.AbstractBatcher - about to close ResultSet (open ResultSets: 1, globally: 1)
14:01:03.608 [main] DEBUG org.hibernate.jdbc.AbstractBatcher - about to close PreparedStatement (open PreparedStatements: 1, globally: 1)
14:01:03.608 [main] DEBUG o.h.e.loading.CollectionLoadContext - 1 collections were found in result set for role: net.lojika.gtfs.model.Routes.routesCdkidCollection
14:01:03.608 [main] DEBUG o.h.e.loading.CollectionLoadContext - collection fully initialized: [net.lojika.gtfs.model.Routes.routesCdkidCollection#istb.280316]
14:01:03.608 [main] DEBUG o.h.e.loading.CollectionLoadContext - 1 collections initialized for role: net.lojika.gtfs.model.Routes.routesCdkidCollection
14:01:03.608 [main] DEBUG org.hibernate.loader.Loader - done loading collection
14:01:03.608 [main] DEBUG org.hibernate.loader.Loader - loading collection: [net.lojika.gtfs.model.Routes.routesCdkidCollection#istb.280318]
14:01:03.608 [main] DEBUG org.hibernate.jdbc.AbstractBatcher - about to open PreparedStatement (open PreparedStatements: 0, globally: 0)
14:01:03.608 [main] DEBUG org.hibernate.SQL - select routescdki0_.route_id as route2_2_1_, routescdki0_.route_cdk_id as route1_1_, routescdki0_.route_cdk_id as route1_3_0_, routescdki0_.route_id as route2_3_0_ from public.routes_cdkid routescdki0_ where routescdki0_.route_id=?
Hibernate: select routescdki0_.route_id as route2_2_1_, routescdki0_.route_cdk_id as route1_1_, routescdki0_.route_cdk_id as route1_3_0_, routescdki0_.route_id as route2_3_0_ from public.routes_cdkid routescdki0_ where routescdki0_.route_id=?
14:01:03.609 [main] DEBUG org.hibernate.jdbc.AbstractBatcher - about to open ResultSet (open ResultSets: 0, globally: 0)
14:01:03.609 [main] DEBUG org.hibernate.loader.Loader - result set contains (possibly empty) collection: [net.lojika.gtfs.model.Routes.routesCdkidCollection#istb.280318]
14:01:03.609 [main] DEBUG org.hibernate.loader.Loader - result row: EntityKey[net.lojika.gtfs.model.RoutesCdkid#gtfs.line.1.146m-1]
14:01:03.609 [main] DEBUG org.hibernate.loader.Loader - found row of collection: [net.lojika.gtfs.model.Routes.routesCdkidCollection#istb.280318]
14:01:03.609 [main] DEBUG org.hibernate.loader.Loader - result row: EntityKey[net.lojika.gtfs.model.RoutesCdkid#gtfs.line.1.146m-0]
14:01:03.609 [main] DEBUG org.hibernate.loader.Loader - found row of collection: [net.lojika.gtfs.model.Routes.routesCdkidCollection#istb.280318]
14:01:03.609 [main] DEBUG org.hibernate.jdbc.AbstractBatcher - about to close ResultSet (open ResultSets: 1, globally: 1)
14:01:03.609 [main] DEBUG org.hibernate.jdbc.AbstractBatcher - about to close PreparedStatement (open PreparedStatements: 1, globally: 1)
14:01:03.609 [main] DEBUG o.h.e.loading.CollectionLoadContext - 1 collections were found in result set for role: net.lojika.gtfs.model.Routes.routesCdkidCollection
14:01:03.609 [main] DEBUG o.h.e.loading.CollectionLoadContext - collection fully initialized: [net.lojika.gtfs.model.Routes.routesCdkidCollection#istb.280318]
14:01:03.609 [main] DEBUG o.h.e.loading.CollectionLoadContext - 1 collections initialized for role: net.lojika.gtfs.model.Routes.routesCdkidCollection
14:01:03.609 [main] DEBUG org.hibernate.loader.Loader - done loading collection
14:01:03.609 [main] DEBUG org.hibernate.loader.Loader - loading collection: [net.lojika.gtfs.model.Routes.routesCdkidCollection#istb.280319]
14:01:03.609 [main] DEBUG org.hibernate.jdbc.AbstractBatcher - about to open PreparedStatement (open PreparedStatements: 0, globally: 0)
14:01:03.609 [main] DEBUG org.hibernate.SQL - select routescdki0_.route_id as route2_2_1_, routescdki0_.route_cdk_id as route1_1_, routescdki0_.route_cdk_id as route1_3_0_, routescdki0_.route_id as route2_3_0_ from public.routes_cdkid routescdki0_ where routescdki0_.route_id=?
Hibernate: select routescdki0_.route_id as route2_2_1_, routescdki0_.route_cdk_id as route1_1_, routescdki0_.route_cdk_id as route1_3_0_, routescdki0_.route_id as route2_3_0_ from public.routes_cdkid routescdki0_ where routescdki0_.route_id=?
14:01:03.609 [main] DEBUG org.hibernate.jdbc.AbstractBatcher - about to open ResultSet (open ResultSets: 0, globally: 0)
14:01:03.610 [main] DEBUG org.hibernate.loader.Loader - result set contains (possibly empty) collection: [net.lojika.gtfs.model.Routes.routesCdkidCollection#istb.280319]
14:01:03.610 [main] DEBUG org.hibernate.loader.Loader - result row: EntityKey[net.lojika.gtfs.model.RoutesCdkid#gtfs.line.1.146t-1]
14:01:03.610 [main] DEBUG org.hibernate.loader.Loader - found row of collection: [net.lojika.gtfs.model.Routes.routesCdkidCollection#istb.280319]
14:01:03.610 [main] DEBUG org.hibernate.loader.Loader - result row: EntityKey[net.lojika.gtfs.model.RoutesCdkid#gtfs.line.1.146t-0]
14:01:03.610 [main] DEBUG org.hibernate.loader.Loader - found row of collection: [net.lojika.gtfs.model.Routes.routesCdkidCollection#istb.280319]
14:01:03.610 [main] DEBUG org.hibernate.jdbc.AbstractBatcher - about to close ResultSet (open ResultSets: 1, globally: 1)
14:01:03.610 [main] DEBUG org.hibernate.jdbc.AbstractBatcher - about to close PreparedStatement (open PreparedStatements: 1, globally: 1)
14:01:03.610 [main] DEBUG o.h.e.loading.CollectionLoadContext - 1 collections were found in result set for role: net.lojika.gtfs.model.Routes.routesCdkidCollection
14:01:03.610 [main] DEBUG o.h.e.loading.CollectionLoadContext - collection fully initialized: [net.lojika.gtfs.model.Routes.routesCdkidCollection#istb.280319]
14:01:03.610 [main] DEBUG o.h.e.loading.CollectionLoadContext - 1 collections initialized for role: net.lojika.gtfs.model.Routes.routesCdkidCollection
14:01:03.610 [main] DEBUG org.hibernate.loader.Loader - done loading collection
14:01:03.610 [main] DEBUG org.hibernate.loader.Loader - loading collection: [net.lojika.gtfs.model.Routes.routesCdkidCollection#istb.280320]
14:01:03.610 [main] DEBUG org.hibernate.jdbc.AbstractBatcher - about to open PreparedStatement (open PreparedStatements: 0, globally: 0)
14:01:03.610 [main] DEBUG org.hibernate.SQL - select routescdki0_.route_id as route2_2_1_, routescdki0_.route_cdk_id as route1_1_, routescdki0_.route_cdk_id as route1_3_0_, routescdki0_.route_id as route2_3_0_ from public.routes_cdkid routescdki0_ where routescdki0_.route_id=?
Hibernate: select routescdki0_.route_id as route2_2_1_, routescdki0_.route_cdk_id as route1_1_, routescdki0_.route_cdk_id as route1_3_0_, routescdki0_.route_id as route2_3_0_ from public.routes_cdkid routescdki0_ where routescdki0_.route_id=?
14:01:03.610 [main] DEBUG org.hibernate.jdbc.AbstractBatcher - about to open ResultSet (open ResultSets: 0, globally: 0)
14:01:03.610 [main] DEBUG org.hibernate.loader.Loader - result set contains (possibly empty) collection: [net.lojika.gtfs.model.Routes.routesCdkidCollection#istb.280320]
14:01:03.610 [main] DEBUG org.hibernate.loader.Loader - result row: EntityKey[net.lojika.gtfs.model.RoutesCdkid#gtfs.line.1.147-1]
14:01:03.611 [main] DEBUG org.hibernate.loader.Loader - found row of collection: [net.lojika.gtfs.model.Routes.routesCdkidCollection#istb.280320]
14:01:03.611 [main] DEBUG org.hibernate.loader.Loader - result row: EntityKey[net.lojika.gtfs.model.RoutesCdkid#gtfs.line.1.147-0]
14:01:03.611 [main] DEBUG org.hibernate.loader.Loader - found row of collection: [net.lojika.gtfs.model.Routes.routesCdkidCollection#istb.280320]
14:01:03.611 [main] DEBUG org.hibernate.jdbc.AbstractBatcher - about to close ResultSet (open ResultSets: 1, globally: 1)
14:01:03.611 [main] DEBUG org.hibernate.jdbc.AbstractBatcher - about to close PreparedStatement (open PreparedStatements: 1, globally: 1)
14:01:03.611 [main] DEBUG o.h.e.loading.CollectionLoadContext - 1 collections were found in result set for role: net.lojika.gtfs.model.Routes.routesCdkidCollection
14:01:03.611 [main] DEBUG o.h.e.loading.CollectionLoadContext - collection fully initialized: [net.lojika.gtfs.model.Routes.routesCdkidCollection#istb.280320]
14:01:03.611 [main] DEBUG o.h.e.loading.CollectionLoadContext - 1 collections initialized for role: net.lojika.gtfs.model.Routes.routesCdkidCollection
14:01:03.611 [main] DEBUG org.hibernate.loader.Loader - done loading collection
14:01:03.611 [main] DEBUG org.hibernate.loader.Loader - loading collection: [net.lojika.gtfs.model.Routes.routesCdkidCollection#istb.280321]
14:01:03.611 [main] DEBUG org.hibernate.jdbc.AbstractBatcher - about to open PreparedStatement (open PreparedStatements: 0, globally: 0)
14:01:03.611 [main] DEBUG org.hibernate.SQL - select routescdki0_.route_id as route2_2_1_, routescdki0_.route_cdk_id as route1_1_, routescdki0_.route_cdk_id as route1_3_0_, routescdki0_.route_id as route2_3_0_ from public.routes_cdkid routescdki0_ where routescdki0_.route_id=?
Hibernate: select routescdki0_.route_id as route2_2_1_, routescdki0_.route_cdk_id as route1_1_, routescdki0_.route_cdk_id as route1_3_0_, routescdki0_.route_id as route2_3_0_ from public.routes_cdkid routescdki0_ where routescdki0_.route_id=?
14:01:03.611 [main] DEBUG org.hibernate.jdbc.AbstractBatcher - about to open ResultSet (open ResultSets: 0, globally: 0)
14:01:03.611 [main] DEBUG org.hibernate.loader.Loader - result set contains (possibly empty) collection: [net.lojika.gtfs.model.Routes.routesCdkidCollection#istb.280321]
14:01:03.611 [main] DEBUG org.hibernate.loader.Loader - result row: EntityKey[net.lojika.gtfs.model.RoutesCdkid#gtfs.line.1.14a-1]
14:01:03.611 [main] DEBUG org.hibernate.loader.Loader - found row of collection: [net.lojika.gtfs.model.Routes.routesCdkidCollection#istb.280321]
14:01:03.612 [main] DEBUG org.hibernate.loader.Loader - result row: EntityKey[net.lojika.gtfs.model.RoutesCdkid#gtfs.line.1.14a-0]
14:01:03.612 [main] DEBUG org.hibernate.loader.Loader - found row of collection: [net.lojika.gtfs.model.Routes.routesCdkidCollection#istb.280321]
14:01:03.612 [main] DEBUG org.hibernate.jdbc.AbstractBatcher - about to close ResultSet (open ResultSets: 1, globally: 1)
14:01:03.612 [main] DEBUG org.hibernate.jdbc.AbstractBatcher - about to close PreparedStatement (open PreparedStatements: 1, globally: 1)
14:01:03.612 [main] DEBUG o.h.e.loading.CollectionLoadContext - 1 collections were found in result set for role: net.lojika.gtfs.model.Routes.routesCdkidCollection
14:01:03.612 [main] DEBUG o.h.e.loading.CollectionLoadContext - collection fully initialized: [net.lojika.gtfs.model.Routes.routesCdkidCollection#istb.280321]
14:01:03.612 [main] DEBUG o.h.e.loading.CollectionLoadContext - 1 collections initialized for role: net.lojika.gtfs.model.Routes.routesCdkidCollection
14:01:03.612 [main] DEBUG org.hibernate.loader.Loader - done loading collection
14:01:03.612 [main] DEBUG org.hibernate.loader.Loader - loading collection: [net.lojika.gtfs.model.Routes.routesCdkidCollection#istb.280322]
14:01:03.612 [main] DEBUG org.hibernate.jdbc.AbstractBatcher - about to open PreparedStatement (open PreparedStatements: 0, globally: 0)
14:01:03.612 [main] DEBUG org.hibernate.SQL - select routescdki0_.route_id as route2_2_1_, routescdki0_.route_cdk_id as route1_1_, routescdki0_.route_cdk_id as route1_3_0_, routescdki0_.route_id as route2_3_0_ from public.routes_cdkid routescdki0_ where routescdki0_.route_id=?
Hibernate: select routescdki0_.route_id as route2_2_1_, routescdki0_.route_cdk_id as route1_1_, routescdki0_.route_cdk_id as route1_3_0_, routescdki0_.route_id as route2_3_0_ from public.routes_cdkid routescdki0_ where routescdki0_.route_id=?
14:01:03.612 [main] DEBUG org.hibernate.jdbc.AbstractBatcher - about to open ResultSet (open ResultSets: 0, globally: 0)
14:01:03.612 [main] DEBUG org.hibernate.loader.Loader - result set contains (possibly empty) collection: [net.lojika.gtfs.model.Routes.routesCdkidCollection#istb.280322]
14:01:03.612 [main] DEBUG org.hibernate.loader.Loader - result row: EntityKey[net.lojika.gtfs.model.RoutesCdkid#gtfs.line.1.14ak-1]
14:01:03.612 [main] DEBUG org.hibernate.loader.Loader - found row of collection: [net.lojika.gtfs.model.Routes.routesCdkidCollection#istb.280322]
14:01:03.612 [main] DEBUG org.hibernate.loader.Loader - result row: EntityKey[net.lojika.gtfs.model.RoutesCdkid#gtfs.line.1.14ak-0]
14:01:03.612 [main] DEBUG org.hibernate.loader.Loader - found row of collection: [net.lojika.gtfs.model.Routes.routesCdkidCollection#istb.280322]
14:01:03.613 [main] DEBUG org.hibernate.jdbc.AbstractBatcher - about to close ResultSet (open ResultSets: 1, globally: 1)
14:01:03.613 [main] DEBUG org.hibernate.jdbc.AbstractBatcher - about to close PreparedStatement (open PreparedStatements: 1, globally: 1)
14:01:03.613 [main] DEBUG o.h.e.loading.CollectionLoadContext - 1 collections were found in result set for role: net.lojika.gtfs.model.Routes.routesCdkidCollection
14:01:03.613 [main] DEBUG o.h.e.loading.CollectionLoadContext - collection fully initialized: [net.lojika.gtfs.model.Routes.routesCdkidCollection#istb.280322]
14:01:03.613 [main] DEBUG o.h.e.loading.CollectionLoadContext - 1 collections initialized for role: net.lojika.gtfs.model.Routes.routesCdkidCollection
14:01:03.613 [main] DEBUG org.hibernate.loader.Loader - done loading collection
14:01:03.613 [main] DEBUG org.hibernate.loader.Loader - loading collection: [net.lojika.gtfs.model.Routes.routesCdkidCollection#istb.280324]
14:01:03.613 [main] DEBUG org.hibernate.jdbc.AbstractBatcher - about to open PreparedStatement (open PreparedStatements: 0, globally: 0)
14:01:03.613 [main] DEBUG org.hibernate.SQL - select routescdki0_.route_id as route2_2_1_, routescdki0_.route_cdk_id as route1_1_, routescdki0_.route_cdk_id as route1_3_0_, routescdki0_.route_id as route2_3_0_ from public.routes_cdkid routescdki0_ where routescdki0_.route_id=?
Hibernate: select routescdki0_.route_id as route2_2_1_, routescdki0_.route_cdk_id as route1_1_, routescdki0_.route_cdk_id as route1_3_0_, routescdki0_.route_id as route2_3_0_ from public.routes_cdkid routescdki0_ where routescdki0_.route_id=?
14:01:03.613 [main] DEBUG org.hibernate.jdbc.AbstractBatcher - about to open ResultSet (open ResultSets: 0, globally: 0)
14:01:03.613 [main] DEBUG org.hibernate.loader.Loader - result set contains (possibly empty) collection: [net.lojika.gtfs.model.Routes.routesCdkidCollection#istb.280324]
14:01:03.613 [main] DEBUG org.hibernate.loader.Loader - result row: EntityKey[net.lojika.gtfs.model.RoutesCdkid#gtfs.line.1.14bk-1]
14:01:03.613 [main] DEBUG org.hibernate.loader.Loader - found row of collection: [net.lojika.gtfs.model.Routes.routesCdkidCollection#istb.280324]
14:01:03.613 [main] DEBUG org.hibernate.loader.Loader - result row: EntityKey[net.lojika.gtfs.model.RoutesCdkid#gtfs.line.1.14bk-0]
14:01:03.613 [main] DEBUG org.hibernate.loader.Loader - found row of collection: [net.lojika.gtfs.model.Routes.routesCdkidCollection#istb.280324]
14:01:03.613 [main] DEBUG org.hibernate.jdbc.AbstractBatcher - about to close ResultSet (open ResultSets: 1, globally: 1)
14:01:03.614 [main] DEBUG org.hibernate.jdbc.AbstractBatcher - about to close PreparedStatement (open PreparedStatements: 1, globally: 1)
14:01:03.614 [main] DEBUG o.h.e.loading.CollectionLoadContext - 1 collections were found in result set for role: net.lojika.gtfs.model.Routes.routesCdkidCollection
14:01:03.614 [main] DEBUG o.h.e.loading.CollectionLoadContext - collection fully initialized: [net.lojika.gtfs.model.Routes.routesCdkidCollection#istb.280324]
14:01:03.614 [main] DEBUG o.h.e.loading.CollectionLoadContext - 1 collections initialized for role: net.lojika.gtfs.model.Routes.routesCdkidCollection
14:01:03.614 [main] DEBUG org.hibernate.loader.Loader - done loading collection
14:01:03.614 [main] DEBUG org.hibernate.loader.Loader - loading collection: [net.lojika.gtfs.model.Routes.routesCdkidCollection#istb.280325]
14:01:03.614 [main] DEBUG org.hibernate.jdbc.AbstractBatcher - about to open PreparedStatement (open PreparedStatements: 0, globally: 0)
14:01:03.614 [main] DEBUG org.hibernate.SQL - select routescdki0_.route_id as route2_2_1_, routescdki0_.route_cdk_id as route1_1_, routescdki0_.route_cdk_id as route1_3_0_, routescdki0_.route_id as route2_3_0_ from public.routes_cdkid routescdki0_ where routescdki0_.route_id=?
Hibernate: select routescdki0_.route_id as route2_2_1_, routescdki0_.route_cdk_id as route1_1_, routescdki0_.route_cdk_id as route1_3_0_, routescdki0_.route_id as route2_3_0_ from public.routes_cdkid routescdki0_ where routescdki0_.route_id=?
14:01:03.614 [main] DEBUG org.hibernate.jdbc.AbstractBatcher - about to open ResultSet (open ResultSets: 0, globally: 0)
14:01:03.614 [main] DEBUG org.hibernate.loader.Loader - result set contains (possibly empty) collection: [net.lojika.gtfs.model.Routes.routesCdkidCollection#istb.280325]
14:01:03.614 [main] DEBUG org.hibernate.loader.Loader - result row: EntityKey[net.lojika.gtfs.model.RoutesCdkid#gtfs.line.1.14c-1]
14:01:03.614 [main] DEBUG org.hibernate.loader.Loader - found row of collection: [net.lojika.gtfs.model.Routes.routesCdkidCollection#istb.280325]
14:01:03.614 [main] DEBUG org.hibernate.loader.Loader - result row: EntityKey[net.lojika.gtfs.model.RoutesCdkid#gtfs.line.1.14c-0]
14:01:03.614 [main] DEBUG org.hibernate.loader.Loader - found row of collection: [net.lojika.gtfs.model.Routes.routesCdkidCollection#istb.280325]
14:01:03.614 [main] DEBUG org.hibernate.jdbc.AbstractBatcher - about to close ResultSet (open ResultSets: 1, globally: 1)
14:01:03.614 [main] DEBUG org.hibernate.jdbc.AbstractBatcher - about to close PreparedStatement (open PreparedStatements: 1, globally: 1)
14:01:03.614 [main] DEBUG o.h.e.loading.CollectionLoadContext - 1 collections were found in result set for role: net.lojika.gtfs.model.Routes.routesCdkidCollection
14:01:03.614 [main] DEBUG o.h.e.loading.CollectionLoadContext - collection fully initialized: [net.lojika.gtfs.model.Routes.routesCdkidCollection#istb.280325]
14:01:03.615 [main] DEBUG o.h.e.loading.CollectionLoadContext - 1 collections initialized for role: net.lojika.gtfs.model.Routes.routesCdkidCollection
14:01:03.615 [main] DEBUG org.hibernate.loader.Loader - done loading collection
14:01:03.615 [main] DEBUG org.hibernate.loader.Loader - loading collection: [net.lojika.gtfs.model.Routes.routesCdkidCollection#istb.280326]
14:01:03.615 [main] DEBUG org.hibernate.jdbc.AbstractBatcher - about to open PreparedStatement (open PreparedStatements: 0, globally: 0)
14:01:03.615 [main] DEBUG org.hibernate.SQL - select routescdki0_.route_id as route2_2_1_, routescdki0_.route_cdk_id as route1_1_, routescdki0_.route_cdk_id as route1_3_0_, routescdki0_.route_id as route2_3_0_ from public.routes_cdkid routescdki0_ where routescdki0_.route_id=?
Hibernate: select routescdki0_.route_id as route2_2_1_, routescdki0_.route_cdk_id as route1_1_, routescdki0_.route_cdk_id as route1_3_0_, routescdki0_.route_id as route2_3_0_ from public.routes_cdkid routescdki0_ where routescdki0_.route_id=?
14:01:03.615 [main] DEBUG org.hibernate.jdbc.AbstractBatcher - about to open ResultSet (open ResultSets: 0, globally: 0)
14:01:03.615 [main] DEBUG org.hibernate.loader.Loader - result set contains (possibly empty) collection: [net.lojika.gtfs.model.Routes.routesCdkidCollection#istb.280326]
14:01:03.615 [main] DEBUG org.hibernate.loader.Loader - result row: EntityKey[net.lojika.gtfs.model.RoutesCdkid#gtfs.line.1.14d-1]
14:01:03.615 [main] DEBUG org.hibernate.loader.Loader - found row of collection: [net.lojika.gtfs.model.Routes.routesCdkidCollection#istb.280326]
14:01:03.615 [main] DEBUG org.hibernate.loader.Loader - result row: EntityKey[net.lojika.gtfs.model.RoutesCdkid#gtfs.line.1.14d-0]
14:01:03.615 [main] DEBUG org.hibernate.loader.Loader - found row of collection: [net.lojika.gtfs.model.Routes.routesCdkidCollection#istb.280326]
14:01:03.615 [main] DEBUG org.hibernate.jdbc.AbstractBatcher - about to close ResultSet (open ResultSets: 1, globally: 1)
14:01:03.615 [main] DEBUG org.hibernate.jdbc.AbstractBatcher - about to close PreparedStatement (open PreparedStatements: 1, globally: 1)
14:01:03.615 [main] DEBUG o.h.e.loading.CollectionLoadContext - 1 collections were found in result set for role: net.lojika.gtfs.model.Routes.routesCdkidCollection
14:01:03.615 [main] DEBUG o.h.e.loading.CollectionLoadContext - collection fully initialized: [net.lojika.gtfs.model.Routes.routesCdkidCollection#istb.280326]
14:01:03.616 [main] DEBUG o.h.e.loading.CollectionLoadContext - 1 collections initialized for role: net.lojika.gtfs.model.Routes.routesCdkidCollection
14:01:03.616 [main] DEBUG org.hibernate.loader.Loader - done loading collection
14:01:03.616 [main] DEBUG org.hibernate.loader.Loader - loading collection: [net.lojika.gtfs.model.Routes.routesCdkidCollection#istb.280327]
14:01:03.616 [main] DEBUG org.hibernate.jdbc.AbstractBatcher - about to open PreparedStatement (open PreparedStatements: 0, globally: 0)
14:01:03.616 [main] DEBUG org.hibernate.SQL - select routescdki0_.route_id as route2_2_1_, routescdki0_.route_cdk_id as route1_1_, routescdki0_.route_cdk_id as route1_3_0_, routescdki0_.route_id as route2_3_0_ from public.routes_cdkid routescdki0_ where routescdki0_.route_id=?
Hibernate: select routescdki0_.route_id as route2_2_1_, routescdki0_.route_cdk_id as route1_1_, routescdki0_.route_cdk_id as route1_3_0_, routescdki0_.route_id as route2_3_0_ from public.routes_cdkid routescdki0_ where routescdki0_.route_id=?
14:01:03.616 [main] DEBUG org.hibernate.jdbc.AbstractBatcher - about to open ResultSet (open ResultSets: 0, globally: 0)
14:01:03.616 [main] DEBUG org.hibernate.loader.Loader - result set contains (possibly empty) collection: [net.lojika.gtfs.model.Routes.routesCdkidCollection#istb.280327]
14:01:03.616 [main] DEBUG org.hibernate.loader.Loader - result row: EntityKey[net.lojika.gtfs.model.RoutesCdkid#gtfs.line.1.14dk-1]
14:01:03.616 [main] DEBUG org.hibernate.loader.Loader - found row of collection: [net.lojika.gtfs.model.Routes.routesCdkidCollection#istb.280327]
14:01:03.616 [main] DEBUG org.hibernate.loader.Loader - result row: EntityKey[net.lojika.gtfs.model.RoutesCdkid#gtfs.line.1.14dk-0]
14:01:03.616 [main] DEBUG org.hibernate.loader.Loader - found row of collection: [net.lojika.gtfs.model.Routes.routesCdkidCollection#istb.280327]
14:01:03.616 [main] DEBUG org.hibernate.jdbc.AbstractBatcher - about to close ResultSet (open ResultSets: 1, globally: 1)
14:01:03.616 [main] DEBUG org.hibernate.jdbc.AbstractBatcher - about to close PreparedStatement (open PreparedStatements: 1, globally: 1)
14:01:03.616 [main] DEBUG o.h.e.loading.CollectionLoadContext - 1 collections were found in result set for role: net.lojika.gtfs.model.Routes.routesCdkidCollection
14:01:03.616 [main] DEBUG o.h.e.loading.CollectionLoadContext - collection fully initialized: [net.lojika.gtfs.model.Routes.routesCdkidCollection#istb.280327]
14:01:03.617 [main] DEBUG o.h.e.loading.CollectionLoadContext - 1 collections initialized for role: net.lojika.gtfs.model.Routes.routesCdkidCollection
14:01:03.617 [main] DEBUG org.hibernate.loader.Loader - done loading collection
14:01:03.617 [main] DEBUG org.hibernate.loader.Loader - loading collection: [net.lojika.gtfs.model.Routes.routesCdkidCollection#istb.280328]
14:01:03.617 [main] DEBUG org.hibernate.jdbc.AbstractBatcher - about to open PreparedStatement (open PreparedStatements: 0, globally: 0)
14:01:03.617 [main] DEBUG org.hibernate.SQL - select routescdki0_.route_id as route2_2_1_, routescdki0_.route_cdk_id as route1_1_, routescdki0_.route_cdk_id as route1_3_0_, routescdki0_.route_id as route2_3_0_ from public.routes_cdkid routescdki0_ where routescdki0_.route_id=?
Hibernate: select routescdki0_.route_id as route2_2_1_, routescdki0_.route_cdk_id as route1_1_, routescdki0_.route_cdk_id as route1_3_0_, routescdki0_.route_id as route2_3_0_ from public.routes_cdkid routescdki0_ where routescdki0_.route_id=?
14:01:03.617 [main] DEBUG org.hibernate.jdbc.AbstractBatcher - about to open ResultSet (open ResultSets: 0, globally: 0)
14:01:03.617 [main] DEBUG org.hibernate.loader.Loader - result set contains (possibly empty) collection: [net.lojika.gtfs.model.Routes.routesCdkidCollection#istb.280328]
14:01:03.617 [main] DEBUG org.hibernate.loader.Loader - result row: EntityKey[net.lojika.gtfs.model.RoutesCdkid#gtfs.line.1.14e-1]
14:01:03.617 [main] DEBUG org.hibernate.loader.Loader - found row of collection: [net.lojika.gtfs.model.Routes.routesCdkidCollection#istb.280328]
14:01:03.617 [main] DEBUG org.hibernate.loader.Loader - result row: EntityKey[net.lojika.gtfs.model.RoutesCdkid#gtfs.line.1.14e-0]
14:01:03.617 [main] DEBUG org.hibernate.loader.Loader - found row of collection: [net.lojika.gtfs.model.Routes.routesCdkidCollection#istb.280328]
14:01:03.617 [main] DEBUG org.hibernate.jdbc.AbstractBatcher - about to close ResultSet (open ResultSets: 1, globally: 1)
14:01:03.617 [main] DEBUG org.hibernate.jdbc.AbstractBatcher - about to close PreparedStatement (open PreparedStatements: 1, globally: 1)
14:01:03.617 [main] DEBUG o.h.e.loading.CollectionLoadContext - 1 collections were found in result set for role: net.lojika.gtfs.model.Routes.routesCdkidCollection
14:01:03.617 [main] DEBUG o.h.e.loading.CollectionLoadContext - collection fully initialized: [net.lojika.gtfs.model.Routes.routesCdkidCollection#istb.280328]
14:01:03.617 [main] DEBUG o.h.e.loading.CollectionLoadContext - 1 collections initialized for role: net.lojika.gtfs.model.Routes.routesCdkidCollection
14:01:03.617 [main] DEBUG org.hibernate.loader.Loader - done loading collection
14:01:03.618 [main] DEBUG org.hibernate.loader.Loader - loading collection: [net.lojika.gtfs.model.Routes.routesCdkidCollection#istb.280329]
14:01:03.618 [main] DEBUG org.hibernate.jdbc.AbstractBatcher - about to open PreparedStatement (open PreparedStatements: 0, globally: 0)
14:01:03.618 [main] DEBUG org.hibernate.SQL - select routescdki0_.route_id as route2_2_1_, routescdki0_.route_cdk_id as route1_1_, routescdki0_.route_cdk_id as route1_3_0_, routescdki0_.route_id as route2_3_0_ from public.routes_cdkid routescdki0_ where routescdki0_.route_id=?
Hibernate: select routescdki0_.route_id as route2_2_1_, routescdki0_.route_cdk_id as route1_1_, routescdki0_.route_cdk_id as route1_3_0_, routescdki0_.route_id as route2_3_0_ from public.routes_cdkid routescdki0_ where routescdki0_.route_id=?
14:01:03.618 [main] DEBUG org.hibernate.jdbc.AbstractBatcher - about to open ResultSet (open ResultSets: 0, globally: 0)
14:01:03.618 [main] DEBUG org.hibernate.loader.Loader - result set contains (possibly empty) collection: [net.lojika.gtfs.model.Routes.routesCdkidCollection#istb.280329]
14:01:03.618 [main] DEBUG org.hibernate.loader.Loader - result row: EntityKey[net.lojika.gtfs.model.RoutesCdkid#gtfs.line.1.14es-1]
14:01:03.618 [main] DEBUG org.hibernate.loader.Loader - found row of collection: [net.lojika.gtfs.model.Routes.routesCdkidCollection#istb.280329]
14:01:03.618 [main] DEBUG org.hibernate.loader.Loader - result row: EntityKey[net.lojika.gtfs.model.RoutesCdkid#gtfs.line.1.14es-0]
14:01:03.618 [main] DEBUG org.hibernate.loader.Loader - found row of collection: [net.lojika.gtfs.model.Routes.routesCdkidCollection#istb.280329]
14:01:03.618 [main] DEBUG org.hibernate.jdbc.AbstractBatcher - about to close ResultSet (open ResultSets: 1, globally: 1)
14:01:03.618 [main] DEBUG org.hibernate.jdbc.AbstractBatcher - about to close PreparedStatement (open PreparedStatements: 1, globally: 1)
14:01:03.618 [main] DEBUG o.h.e.loading.CollectionLoadContext - 1 collections were found in result set for role: net.lojika.gtfs.model.Routes.routesCdkidCollection
14:01:03.618 [main] DEBUG o.h.e.loading.CollectionLoadContext - collection fully initialized: [net.lojika.gtfs.model.Routes.routesCdkidCollection#istb.280329]
14:01:03.618 [main] DEBUG o.h.e.loading.CollectionLoadContext - 1 collections initialized for role: net.lojika.gtfs.model.Routes.routesCdkidCollection
14:01:03.618 [main] DEBUG org.hibernate.loader.Loader - done loading collection
14:01:03.618 [main] DEBUG org.hibernate.loader.Loader - loading collection: [net.lojika.gtfs.model.Routes.routesCdkidCollection#istb.280330]
14:01:03.618 [main] DEBUG org.hibernate.jdbc.AbstractBatcher - about to open PreparedStatement (open PreparedStatements: 0, globally: 0)
14:01:03.618 [main] DEBUG org.hibernate.SQL - select routescdki0_.route_id as route2_2_1_, routescdki0_.route_cdk_id as route1_1_, routescdki0_.route_cdk_id as route1_3_0_, routescdki0_.route_id as route2_3_0_ from public.routes_cdkid routescdki0_ where routescdki0_.route_id=?
Hibernate: select routescdki0_.route_id as route2_2_1_, routescdki0_.route_cdk_id as route1_1_, routescdki0_.route_cdk_id as route1_3_0_, routescdki0_.route_id as route2_3_0_ from public.routes_cdkid routescdki0_ where routescdki0_.route_id=?
14:01:03.619 [main] DEBUG org.hibernate.jdbc.AbstractBatcher - about to open ResultSet (open ResultSets: 0, globally: 0)
14:01:03.619 [main] DEBUG org.hibernate.loader.Loader - result set contains (possibly empty) collection: [net.lojika.gtfs.model.Routes.routesCdkidCollection#istb.280330]
14:01:03.619 [main] DEBUG org.hibernate.loader.Loader - result row: EntityKey[net.lojika.gtfs.model.RoutesCdkid#gtfs.line.1.14f-1]
14:01:03.619 [main] DEBUG org.hibernate.loader.Loader - found row of collection: [net.lojika.gtfs.model.Routes.routesCdkidCollection#istb.280330]
14:01:03.619 [main] DEBUG org.hibernate.loader.Loader - result row: EntityKey[net.lojika.gtfs.model.RoutesCdkid#gtfs.line.1.14f-0]
14:01:03.619 [main] DEBUG org.hibernate.loader.Loader - found row of collection: [net.lojika.gtfs.model.Routes.routesCdkidCollection#istb.280330]
14:01:03.619 [main] DEBUG org.hibernate.jdbc.AbstractBatcher - about to close ResultSet (open ResultSets: 1, globally: 1)
14:01:03.619 [main] DEBUG org.hibernate.jdbc.AbstractBatcher - about to close PreparedStatement (open PreparedStatements: 1, globally: 1)
14:01:03.619 [main] DEBUG o.h.e.loading.CollectionLoadContext - 1 collections were found in result set for role: net.lojika.gtfs.model.Routes.routesCdkidCollection
14:01:03.619 [main] DEBUG o.h.e.loading.CollectionLoadContext - collection fully initialized: [net.lojika.gtfs.model.Routes.routesCdkidCollection#istb.280330]
14:01:03.619 [main] DEBUG o.h.e.loading.CollectionLoadContext - 1 collections initialized for role: net.lojika.gtfs.model.Routes.routesCdkidCollection
14:01:03.619 [main] DEBUG org.hibernate.loader.Loader - done loading collection
14:01:03.619 [main] DEBUG org.hibernate.loader.Loader - loading collection: [net.lojika.gtfs.model.Routes.routesCdkidCollection#istb.280332]
14:01:03.619 [main] DEBUG org.hibernate.jdbc.AbstractBatcher - about to open PreparedStatement (open PreparedStatements: 0, globally: 0)
14:01:03.619 [main] DEBUG org.hibernate.SQL - select routescdki0_.route_id as route2_2_1_, routescdki0_.route_cdk_id as route1_1_, routescdki0_.route_cdk_id as route1_3_0_, routescdki0_.route_id as route2_3_0_ from public.routes_cdkid routescdki0_ where routescdki0_.route_id=?
Hibernate: select routescdki0_.route_id as route2_2_1_, routescdki0_.route_cdk_id as route1_1_, routescdki0_.route_cdk_id as route1_3_0_, routescdki0_.route_id as route2_3_0_ from public.routes_cdkid routescdki0_ where routescdki0_.route_id=?
14:01:03.620 [main] DEBUG org.hibernate.jdbc.AbstractBatcher - about to open ResultSet (open ResultSets: 0, globally: 0)
14:01:03.620 [main] DEBUG org.hibernate.loader.Loader - result set contains (possibly empty) collection: [net.lojika.gtfs.model.Routes.routesCdkidCollection#istb.280332]
14:01:03.620 [main] DEBUG org.hibernate.loader.Loader - result row: EntityKey[net.lojika.gtfs.model.RoutesCdkid#gtfs.line.1.14ks-1]
14:01:03.620 [main] DEBUG org.hibernate.loader.Loader - found row of collection: [net.lojika.gtfs.model.Routes.routesCdkidCollection#istb.280332]
14:01:03.620 [main] DEBUG org.hibernate.loader.Loader - result row: EntityKey[net.lojika.gtfs.model.RoutesCdkid#gtfs.line.1.14ks-0]
14:01:03.620 [main] DEBUG org.hibernate.loader.Loader - found row of collection: [net.lojika.gtfs.model.Routes.routesCdkidCollection#istb.280332]
14:01:03.620 [main] DEBUG org.hibernate.jdbc.AbstractBatcher - about to close ResultSet (open ResultSets: 1, globally: 1)
14:01:03.620 [main] DEBUG org.hibernate.jdbc.AbstractBatcher - about to close PreparedStatement (open PreparedStatements: 1, globally: 1)
14:01:03.620 [main] DEBUG o.h.e.loading.CollectionLoadContext - 1 collections were found in result set for role: net.lojika.gtfs.model.Routes.routesCdkidCollection
14:01:03.620 [main] DEBUG o.h.e.loading.CollectionLoadContext - collection fully initialized: [net.lojika.gtfs.model.Routes.routesCdkidCollection#istb.280332]
14:01:03.620 [main] DEBUG o.h.e.loading.CollectionLoadContext - 1 collections initialized for role: net.lojika.gtfs.model.Routes.routesCdkidCollection
14:01:03.620 [main] DEBUG org.hibernate.loader.Loader - done loading collection
14:01:03.620 [main] DEBUG org.hibernate.loader.Loader - loading collection: [net.lojika.gtfs.model.Routes.routesCdkidCollection#istb.280333]
14:01:03.620 [main] DEBUG org.hibernate.jdbc.AbstractBatcher - about to open PreparedStatement (open PreparedStatements: 0, globally: 0)
14:01:03.621 [main] DEBUG org.hibernate.SQL - select routescdki0_.route_id as route2_2_1_, routescdki0_.route_cdk_id as route1_1_, routescdki0_.route_cdk_id as route1_3_0_, routescdki0_.route_id as route2_3_0_ from public.routes_cdkid routescdki0_ where routescdki0_.route_id=?
Hibernate: select routescdki0_.route_id as route2_2_1_, routescdki0_.route_cdk_id as route1_1_, routescdki0_.route_cdk_id as route1_3_0_, routescdki0_.route_id as route2_3_0_ from public.routes_cdkid routescdki0_ where routescdki0_.route_id=?
14:01:03.621 [main] DEBUG org.hibernate.jdbc.AbstractBatcher - about to open ResultSet (open ResultSets: 0, globally: 0)
14:01:03.621 [main] DEBUG org.hibernate.loader.Loader - result set contains (possibly empty) collection: [net.lojika.gtfs.model.Routes.routesCdkidCollection#istb.280333]
14:01:03.621 [main] DEBUG org.hibernate.loader.Loader - result row: EntityKey[net.lojika.gtfs.model.RoutesCdkid#gtfs.line.1.14m-1]
14:01:03.621 [main] DEBUG org.hibernate.loader.Loader - found row of collection: [net.lojika.gtfs.model.Routes.routesCdkidCollection#istb.280333]
14:01:03.621 [main] DEBUG org.hibernate.loader.Loader - result row: EntityKey[net.lojika.gtfs.model.RoutesCdkid#gtfs.line.1.14m-0]
14:01:03.621 [main] DEBUG org.hibernate.loader.Loader - found row of collection: [net.lojika.gtfs.model.Routes.routesCdkidCollection#istb.280333]
14:01:03.621 [main] DEBUG org.hibernate.jdbc.AbstractBatcher - about to close ResultSet (open ResultSets: 1, globally: 1)
14:01:03.621 [main] DEBUG org.hibernate.jdbc.AbstractBatcher - about to close PreparedStatement (open PreparedStatements: 1, globally: 1)
14:01:03.621 [main] DEBUG o.h.e.loading.CollectionLoadContext - 1 collections were found in result set for role: net.lojika.gtfs.model.Routes.routesCdkidCollection
14:01:03.621 [main] DEBUG o.h.e.loading.CollectionLoadContext - collection fully initialized: [net.lojika.gtfs.model.Routes.routesCdkidCollection#istb.280333]
14:01:03.622 [main] DEBUG o.h.e.loading.CollectionLoadContext - 1 collections initialized for role: net.lojika.gtfs.model.Routes.routesCdkidCollection
14:01:03.622 [main] DEBUG org.hibernate.loader.Loader - done loading collection
14:01:03.622 [main] DEBUG org.hibernate.loader.Loader - loading collection: [net.lojika.gtfs.model.Routes.routesCdkidCollection#istb.280334]
14:01:03.622 [main] DEBUG org.hibernate.jdbc.AbstractBatcher - about to open PreparedStatement (open PreparedStatements: 0, globally: 0)
14:01:03.622 [main] DEBUG org.hibernate.SQL - select routescdki0_.route_id as route2_2_1_, routescdki0_.route_cdk_id as route1_1_, routescdki0_.route_cdk_id as route1_3_0_, routescdki0_.route_id as route2_3_0_ from public.routes_cdkid routescdki0_ where routescdki0_.route_id=?
Hibernate: select routescdki0_.route_id as route2_2_1_, routescdki0_.route_cdk_id as route1_1_, routescdki0_.route_cdk_id as route1_3_0_, routescdki0_.route_id as route2_3_0_ from public.routes_cdkid routescdki0_ where routescdki0_.route_id=?
14:01:03.622 [main] DEBUG org.hibernate.jdbc.AbstractBatcher - about to open ResultSet (open ResultSets: 0, globally: 0)
14:01:03.622 [main] DEBUG org.hibernate.loader.Loader - result set contains (possibly empty) collection: [net.lojika.gtfs.model.Routes.routesCdkidCollection#istb.280334]
14:01:03.622 [main] DEBUG org.hibernate.loader.Loader - result row: EntityKey[net.lojika.gtfs.model.RoutesCdkid#gtfs.line.1.14r-1]
14:01:03.622 [main] DEBUG org.hibernate.loader.Loader - found row of collection: [net.lojika.gtfs.model.Routes.routesCdkidCollection#istb.280334]
14:01:03.622 [main] DEBUG org.hibernate.loader.Loader - result row: EntityKey[net.lojika.gtfs.model.RoutesCdkid#gtfs.line.1.14r-0]
14:01:03.622 [main] DEBUG org.hibernate.loader.Loader - found row of collection: [net.lojika.gtfs.model.Routes.routesCdkidCollection#istb.280334]
14:01:03.622 [main] DEBUG org.hibernate.jdbc.AbstractBatcher - about to close ResultSet (open ResultSets: 1, globally: 1)
14:01:03.623 [main] DEBUG org.hibernate.jdbc.AbstractBatcher - about to close PreparedStatement (open PreparedStatements: 1, globally: 1)
14:01:03.623 [main] DEBUG o.h.e.loading.CollectionLoadContext - 1 collections were found in result set for role: net.lojika.gtfs.model.Routes.routesCdkidCollection
14:01:03.623 [main] DEBUG o.h.e.loading.CollectionLoadContext - collection fully initialized: [net.lojika.gtfs.model.Routes.routesCdkidCollection#istb.280334]
14:01:03.623 [main] DEBUG o.h.e.loading.CollectionLoadContext - 1 collections initialized for role: net.lojika.gtfs.model.Routes.routesCdkidCollection
14:01:03.623 [main] DEBUG org.hibernate.loader.Loader - done loading collection
14:01:03.623 [main] DEBUG org.hibernate.loader.Loader - loading collection: [net.lojika.gtfs.model.Routes.routesCdkidCollection#istb.280335]
14:01:03.623 [main] DEBUG org.hibernate.jdbc.AbstractBatcher - about to open PreparedStatement (open PreparedStatements: 0, globally: 0)
14:01:03.623 [main] DEBUG org.hibernate.SQL - select routescdki0_.route_id as route2_2_1_, routescdki0_.route_cdk_id as route1_1_, routescdki0_.route_cdk_id as route1_3_0_, routescdki0_.route_id as route2_3_0_ from public.routes_cdkid routescdki0_ where routescdki0_.route_id=?
Hibernate: select routescdki0_.route_id as route2_2_1_, routescdki0_.route_cdk_id as route1_1_, routescdki0_.route_cdk_id as route1_3_0_, routescdki0_.route_id as route2_3_0_ from public.routes_cdkid routescdki0_ where routescdki0_.route_id=?
14:01:03.623 [main] DEBUG org.hibernate.jdbc.AbstractBatcher - about to open ResultSet (open ResultSets: 0, globally: 0)
14:01:03.623 [main] DEBUG org.hibernate.loader.Loader - result set contains (possibly empty) collection: [net.lojika.gtfs.model.Routes.routesCdkidCollection#istb.280335]
14:01:03.623 [main] DEBUG org.hibernate.loader.Loader - result row: EntityKey[net.lojika.gtfs.model.RoutesCdkid#gtfs.line.1.14s-1]
14:01:03.623 [main] DEBUG org.hibernate.loader.Loader - found row of collection: [net.lojika.gtfs.model.Routes.routesCdkidCollection#istb.280335]
14:01:03.623 [main] DEBUG org.hibernate.loader.Loader - result row: EntityKey[net.lojika.gtfs.model.RoutesCdkid#gtfs.line.1.14s-0]
14:01:03.623 [main] DEBUG org.hibernate.loader.Loader - found row of collection: [net.lojika.gtfs.model.Routes.routesCdkidCollection#istb.280335]
14:01:03.624 [main] DEBUG org.hibernate.jdbc.AbstractBatcher - about to close ResultSet (open ResultSets: 1, globally: 1)
14:01:03.624 [main] DEBUG org.hibernate.jdbc.AbstractBatcher - about to close PreparedStatement (open PreparedStatements: 1, globally: 1)
14:01:03.624 [main] DEBUG o.h.e.loading.CollectionLoadContext - 1 collections were found in result set for role: net.lojika.gtfs.model.Routes.routesCdkidCollection
14:01:03.624 [main] DEBUG o.h.e.loading.CollectionLoadContext - collection fully initialized: [net.lojika.gtfs.model.Routes.routesCdkidCollection#istb.280335]
14:01:03.624 [main] DEBUG o.h.e.loading.CollectionLoadContext - 1 collections initialized for role: net.lojika.gtfs.model.Routes.routesCdkidCollection
14:01:03.624 [main] DEBUG org.hibernate.loader.Loader - done loading collection
14:01:03.624 [main] DEBUG org.hibernate.loader.Loader - loading collection: [net.lojika.gtfs.model.Routes.routesCdkidCollection#istb.280336]
14:01:03.624 [main] DEBUG org.hibernate.jdbc.AbstractBatcher - about to open PreparedStatement (open PreparedStatements: 0, globally: 0)
14:01:03.624 [main] DEBUG org.hibernate.SQL - select routescdki0_.route_id as route2_2_1_, routescdki0_.route_cdk_id as route1_1_, routescdki0_.route_cdk_id as route1_3_0_, routescdki0_.route_id as route2_3_0_ from public.routes_cdkid routescdki0_ where routescdki0_.route_id=?
Hibernate: select routescdki0_.route_id as route2_2_1_, routescdki0_.route_cdk_id as route1_1_, routescdki0_.route_cdk_id as route1_3_0_, routescdki0_.route_id as route2_3_0_ from public.routes_cdkid routescdki0_ where routescdki0_.route_id=?
14:01:03.624 [main] DEBUG org.hibernate.jdbc.AbstractBatcher - about to open ResultSet (open ResultSets: 0, globally: 0)
14:01:03.624 [main] DEBUG org.hibernate.loader.Loader - result set contains (possibly empty) collection: [net.lojika.gtfs.model.Routes.routesCdkidCollection#istb.280336]
14:01:03.624 [main] DEBUG org.hibernate.loader.Loader - result row: EntityKey[net.lojika.gtfs.model.RoutesCdkid#gtfs.line.1.14y-1]
14:01:03.625 [main] DEBUG org.hibernate.loader.Loader - found row of collection: [net.lojika.gtfs.model.Routes.routesCdkidCollection#istb.280336]
14:01:03.625 [main] DEBUG org.hibernate.loader.Loader - result row: EntityKey[net.lojika.gtfs.model.RoutesCdkid#gtfs.line.1.14y-0]
14:01:03.625 [main] DEBUG org.hibernate.loader.Loader - found row of collection: [net.lojika.gtfs.model.Routes.routesCdkidCollection#istb.280336]
14:01:03.625 [main] DEBUG org.hibernate.jdbc.AbstractBatcher - about to close ResultSet (open ResultSets: 1, globally: 1)
14:01:03.625 [main] DEBUG org.hibernate.jdbc.AbstractBatcher - about to close PreparedStatement (open PreparedStatements: 1, globally: 1)
14:01:03.625 [main] DEBUG o.h.e.loading.CollectionLoadContext - 1 collections were found in result set for role: net.lojika.gtfs.model.Routes.routesCdkidCollection
14:01:03.625 [main] DEBUG o.h.e.loading.CollectionLoadContext - collection fully initialized: [net.lojika.gtfs.model.Routes.routesCdkidCollection#istb.280336]
14:01:03.625 [main] DEBUG o.h.e.loading.CollectionLoadContext - 1 collections initialized for role: net.lojika.gtfs.model.Routes.routesCdkidCollection
14:01:03.625 [main] DEBUG org.hibernate.loader.Loader - done loading collection
14:01:03.625 [main] DEBUG org.hibernate.loader.Loader - loading collection: [net.lojika.gtfs.model.Routes.routesCdkidCollection#istb.280337]
14:01:03.625 [main] DEBUG org.hibernate.jdbc.AbstractBatcher - about to open PreparedStatement (open PreparedStatements: 0, globally: 0)
14:01:03.625 [main] DEBUG org.hibernate.SQL - select routescdki0_.route_id as route2_2_1_, routescdki0_.route_cdk_id as route1_1_, routescdki0_.route_cdk_id as route1_3_0_, routescdki0_.route_id as route2_3_0_ from public.routes_cdkid routescdki0_ where routescdki0_.route_id=?
Hibernate: select routescdki0_.route_id as route2_2_1_, routescdki0_.route_cdk_id as route1_1_, routescdki0_.route_cdk_id as route1_3_0_, routescdki0_.route_id as route2_3_0_ from public.routes_cdkid routescdki0_ where routescdki0_.route_id=?
14:01:03.625 [main] DEBUG org.hibernate.jdbc.AbstractBatcher - about to open ResultSet (open ResultSets: 0, globally: 0)
14:01:03.625 [main] DEBUG org.hibernate.loader.Loader - result set contains (possibly empty) collection: [net.lojika.gtfs.model.Routes.routesCdkidCollection#istb.280337]
14:01:03.625 [main] DEBUG org.hibernate.loader.Loader - result row: EntityKey[net.lojika.gtfs.model.RoutesCdkid#gtfs.line.1.14k-1]
14:01:03.626 [main] DEBUG org.hibernate.loader.Loader - found row of collection: [net.lojika.gtfs.model.Routes.routesCdkidCollection#istb.280337]
14:01:03.626 [main] DEBUG org.hibernate.loader.Loader - result row: EntityKey[net.lojika.gtfs.model.RoutesCdkid#gtfs.line.1.14k-0]
14:01:03.626 [main] DEBUG org.hibernate.loader.Loader - found row of collection: [net.lojika.gtfs.model.Routes.routesCdkidCollection#istb.280337]
14:01:03.626 [main] DEBUG org.hibernate.jdbc.AbstractBatcher - about to close ResultSet (open ResultSets: 1, globally: 1)
14:01:03.626 [main] DEBUG org.hibernate.jdbc.AbstractBatcher - about to close PreparedStatement (open PreparedStatements: 1, globally: 1)
14:01:03.626 [main] DEBUG o.h.e.loading.CollectionLoadContext - 1 collections were found in result set for role: net.lojika.gtfs.model.Routes.routesCdkidCollection
14:01:03.626 [main] DEBUG o.h.e.loading.CollectionLoadContext - collection fully initialized: [net.lojika.gtfs.model.Routes.routesCdkidCollection#istb.280337]
14:01:03.626 [main] DEBUG o.h.e.loading.CollectionLoadContext - 1 collections initialized for role: net.lojika.gtfs.model.Routes.routesCdkidCollection
14:01:03.626 [main] DEBUG org.hibernate.loader.Loader - done loading collection
14:01:03.626 [main] DEBUG org.hibernate.loader.Loader - loading collection: [net.lojika.gtfs.model.Routes.routesCdkidCollection#istb.280338]
14:01:03.626 [main] DEBUG org.hibernate.jdbc.AbstractBatcher - about to open PreparedStatement (open PreparedStatements: 0, globally: 0)
14:01:03.626 [main] DEBUG org.hibernate.SQL - select routescdki0_.route_id as route2_2_1_, routescdki0_.route_cdk_id as route1_1_, routescdki0_.route_cdk_id as route1_3_0_, routescdki0_.route_id as route2_3_0_ from public.routes_cdkid routescdki0_ where routescdki0_.route_id=?
Hibernate: select routescdki0_.route_id as route2_2_1_, routescdki0_.route_cdk_id as route1_1_, routescdki0_.route_cdk_id as route1_3_0_, routescdki0_.route_id as route2_3_0_ from public.routes_cdkid routescdki0_ where routescdki0_.route_id=?
14:01:03.626 [main] DEBUG org.hibernate.jdbc.AbstractBatcher - about to open ResultSet (open ResultSets: 0, globally: 0)
14:01:03.626 [main] DEBUG org.hibernate.loader.Loader - result set contains (possibly empty) collection: [net.lojika.gtfs.model.Routes.routesCdkidCollection#istb.280338]
14:01:03.626 [main] DEBUG org.hibernate.loader.Loader - result row: EntityKey[net.lojika.gtfs.model.RoutesCdkid#gtfs.line.1.14b-1]
14:01:03.626 [main] DEBUG org.hibernate.loader.Loader - found row of collection: [net.lojika.gtfs.model.Routes.routesCdkidCollection#istb.280338]
14:01:03.627 [main] DEBUG org.hibernate.loader.Loader - result row: EntityKey[net.lojika.gtfs.model.RoutesCdkid#gtfs.line.1.14b-0]
14:01:03.627 [main] DEBUG org.hibernate.loader.Loader - found row of collection: [net.lojika.gtfs.model.Routes.routesCdkidCollection#istb.280338]
14:01:03.627 [main] DEBUG org.hibernate.jdbc.AbstractBatcher - about to close ResultSet (open ResultSets: 1, globally: 1)
14:01:03.627 [main] DEBUG org.hibernate.jdbc.AbstractBatcher - about to close PreparedStatement (open PreparedStatements: 1, globally: 1)
14:01:03.627 [main] DEBUG o.h.e.loading.CollectionLoadContext - 1 collections were found in result set for role: net.lojika.gtfs.model.Routes.routesCdkidCollection
14:01:03.627 [main] DEBUG o.h.e.loading.CollectionLoadContext - collection fully initialized: [net.lojika.gtfs.model.Routes.routesCdkidCollection#istb.280338]
14:01:03.627 [main] DEBUG o.h.e.loading.CollectionLoadContext - 1 collections initialized for role: net.lojika.gtfs.model.Routes.routesCdkidCollection
14:01:03.627 [main] DEBUG org.hibernate.loader.Loader - done loading collection
14:01:03.627 [main] DEBUG org.hibernate.loader.Loader - loading collection: [net.lojika.gtfs.model.Routes.routesCdkidCollection#istb.280339]
14:01:03.627 [main] DEBUG org.hibernate.jdbc.AbstractBatcher - about to open PreparedStatement (open PreparedStatements: 0, globally: 0)
14:01:03.627 [main] DEBUG org.hibernate.SQL - select routescdki0_.route_id as route2_2_1_, routescdki0_.route_cdk_id as route1_1_, routescdki0_.route_cdk_id as route1_3_0_, routescdki0_.route_id as route2_3_0_ from public.routes_cdkid routescdki0_ where routescdki0_.route_id=?
Hibernate: select routescdki0_.route_id as route2_2_1_, routescdki0_.route_cdk_id as route1_1_, routescdki0_.route_cdk_id as route1_3_0_, routescdki0_.route_id as route2_3_0_ from public.routes_cdkid routescdki0_ where routescdki0_.route_id=?
14:01:03.627 [main] DEBUG org.hibernate.jdbc.AbstractBatcher - about to open ResultSet (open ResultSets: 0, globally: 0)
14:01:03.627 [main] DEBUG org.hibernate.loader.Loader - result set contains (possibly empty) collection: [net.lojika.gtfs.model.Routes.routesCdkidCollection#istb.280339]
14:01:03.627 [main] DEBUG org.hibernate.loader.Loader - result row: EntityKey[net.lojika.gtfs.model.RoutesCdkid#gtfs.line.1.15-1]
14:01:03.627 [main] DEBUG org.hibernate.loader.Loader - found row of collection: [net.lojika.gtfs.model.Routes.routesCdkidCollection#istb.280339]
14:01:03.628 [main] DEBUG org.hibernate.loader.Loader - result row: EntityKey[net.lojika.gtfs.model.RoutesCdkid#gtfs.line.1.15-0]
14:01:03.628 [main] DEBUG org.hibernate.loader.Loader - found row of collection: [net.lojika.gtfs.model.Routes.routesCdkidCollection#istb.280339]
14:01:03.628 [main] DEBUG org.hibernate.jdbc.AbstractBatcher - about to close ResultSet (open ResultSets: 1, globally: 1)
14:01:03.628 [main] DEBUG org.hibernate.jdbc.AbstractBatcher - about to close PreparedStatement (open PreparedStatements: 1, globally: 1)
14:01:03.628 [main] DEBUG o.h.e.loading.CollectionLoadContext - 1 collections were found in result set for role: net.lojika.gtfs.model.Routes.routesCdkidCollection
14:01:03.628 [main] DEBUG o.h.e.loading.CollectionLoadContext - collection fully initialized: [net.lojika.gtfs.model.Routes.routesCdkidCollection#istb.280339]
14:01:03.628 [main] DEBUG o.h.e.loading.CollectionLoadContext - 1 collections initialized for role: net.lojika.gtfs.model.Routes.routesCdkidCollection
14:01:03.628 [main] DEBUG org.hibernate.loader.Loader - done loading collection
14:01:03.628 [main] DEBUG org.hibernate.loader.Loader - loading collection: [net.lojika.gtfs.model.Routes.routesCdkidCollection#istb.280340]
14:01:03.628 [main] DEBUG org.hibernate.jdbc.AbstractBatcher - about to open PreparedStatement (open PreparedStatements: 0, globally: 0)
14:01:03.628 [main] DEBUG org.hibernate.SQL - select routescdki0_.route_id as route2_2_1_, routescdki0_.route_cdk_id as route1_1_, routescdki0_.route_cdk_id as route1_3_0_, routescdki0_.route_id as route2_3_0_ from public.routes_cdkid routescdki0_ where routescdki0_.route_id=?
Hibernate: select routescdki0_.route_id as route2_2_1_, routescdki0_.route_cdk_id as route1_1_, routescdki0_.route_cdk_id as route1_3_0_, routescdki0_.route_id as route2_3_0_ from public.routes_cdkid routescdki0_ where routescdki0_.route_id=?
14:01:03.628 [main] DEBUG org.hibernate.jdbc.AbstractBatcher - about to open ResultSet (open ResultSets: 0, globally: 0)
14:01:03.628 [main] DEBUG org.hibernate.loader.Loader - result set contains (possibly empty) collection: [net.lojika.gtfs.model.Routes.routesCdkidCollection#istb.280340]
14:01:03.628 [main] DEBUG org.hibernate.loader.Loader - result row: EntityKey[net.lojika.gtfs.model.RoutesCdkid#gtfs.line.1.150-1]
14:01:03.629 [main] DEBUG org.hibernate.loader.Loader - found row of collection: [net.lojika.gtfs.model.Routes.routesCdkidCollection#istb.280340]
14:01:03.629 [main] DEBUG org.hibernate.loader.Loader - result row: EntityKey[net.lojika.gtfs.model.RoutesCdkid#gtfs.line.1.150-0]
14:01:03.629 [main] DEBUG org.hibernate.loader.Loader - found row of collection: [net.lojika.gtfs.model.Routes.routesCdkidCollection#istb.280340]
14:01:03.629 [main] DEBUG org.hibernate.jdbc.AbstractBatcher - about to close ResultSet (open ResultSets: 1, globally: 1)
14:01:03.629 [main] DEBUG org.hibernate.jdbc.AbstractBatcher - about to close PreparedStatement (open PreparedStatements: 1, globally: 1)
14:01:03.629 [main] DEBUG o.h.e.loading.CollectionLoadContext - 1 collections were found in result set for role: net.lojika.gtfs.model.Routes.routesCdkidCollection
14:01:03.629 [main] DEBUG o.h.e.loading.CollectionLoadContext - collection fully initialized: [net.lojika.gtfs.model.Routes.routesCdkidCollection#istb.280340]
14:01:03.629 [main] DEBUG o.h.e.loading.CollectionLoadContext - 1 collections initialized for role: net.lojika.gtfs.model.Routes.routesCdkidCollection
14:01:03.629 [main] DEBUG org.hibernate.loader.Loader - done loading collection
14:01:03.629 [main] DEBUG org.hibernate.loader.Loader - loading collection: [net.lojika.gtfs.model.Routes.routesCdkidCollection#istb.280341]
14:01:03.629 [main] DEBUG org.hibernate.jdbc.AbstractBatcher - about to open PreparedStatement (open PreparedStatements: 0, globally: 0)
14:01:03.629 [main] DEBUG org.hibernate.SQL - select routescdki0_.route_id as route2_2_1_, routescdki0_.route_cdk_id as route1_1_, routescdki0_.route_cdk_id as route1_3_0_, routescdki0_.route_id as route2_3_0_ from public.routes_cdkid routescdki0_ where routescdki0_.route_id=?
Hibernate: select routescdki0_.route_id as route2_2_1_, routescdki0_.route_cdk_id as route1_1_, routescdki0_.route_cdk_id as route1_3_0_, routescdki0_.route_id as route2_3_0_ from public.routes_cdkid routescdki0_ where routescdki0_.route_id=?
14:01:03.629 [main] DEBUG org.hibernate.jdbc.AbstractBatcher - about to open ResultSet (open ResultSets: 0, globally: 0)
14:01:03.629 [main] DEBUG org.hibernate.loader.Loader - result set contains (possibly empty) collection: [net.lojika.gtfs.model.Routes.routesCdkidCollection#istb.280341]
14:01:03.629 [main] DEBUG org.hibernate.loader.Loader - result row: EntityKey[net.lojika.gtfs.model.RoutesCdkid#gtfs.line.1.151-1]
14:01:03.630 [main] DEBUG org.hibernate.loader.Loader - found row of collection: [net.lojika.gtfs.model.Routes.routesCdkidCollection#istb.280341]
14:01:03.630 [main] DEBUG org.hibernate.loader.Loader - result row: EntityKey[net.lojika.gtfs.model.RoutesCdkid#gtfs.line.1.151-0]
14:01:03.630 [main] DEBUG org.hibernate.loader.Loader - found row of collection: [net.lojika.gtfs.model.Routes.routesCdkidCollection#istb.280341]
14:01:03.630 [main] DEBUG org.hibernate.jdbc.AbstractBatcher - about to close ResultSet (open ResultSets: 1, globally: 1)
14:01:03.630 [main] DEBUG org.hibernate.jdbc.AbstractBatcher - about to close PreparedStatement (open PreparedStatements: 1, globally: 1)
14:01:03.630 [main] DEBUG o.h.e.loading.CollectionLoadContext - 1 collections were found in result set for role: net.lojika.gtfs.model.Routes.routesCdkidCollection
14:01:03.630 [main] DEBUG o.h.e.loading.CollectionLoadContext - collection fully initialized: [net.lojika.gtfs.model.Routes.routesCdkidCollection#istb.280341]
14:01:03.630 [main] DEBUG o.h.e.loading.CollectionLoadContext - 1 collections initialized for role: net.lojika.gtfs.model.Routes.routesCdkidCollection
14:01:03.630 [main] DEBUG org.hibernate.loader.Loader - done loading collection
14:01:03.630 [main] DEBUG org.hibernate.loader.Loader - loading collection: [net.lojika.gtfs.model.Routes.routesCdkidCollection#istb.280342]
14:01:03.630 [main] DEBUG org.hibernate.jdbc.AbstractBatcher - about to open PreparedStatement (open PreparedStatements: 0, globally: 0)
14:01:03.630 [main] DEBUG org.hibernate.SQL - select routescdki0_.route_id as route2_2_1_, routescdki0_.route_cdk_id as route1_1_, routescdki0_.route_cdk_id as route1_3_0_, routescdki0_.route_id as route2_3_0_ from public.routes_cdkid routescdki0_ where routescdki0_.route_id=?
Hibernate: select routescdki0_.route_id as route2_2_1_, routescdki0_.route_cdk_id as route1_1_, routescdki0_.route_cdk_id as route1_3_0_, routescdki0_.route_id as route2_3_0_ from public.routes_cdkid routescdki0_ where routescdki0_.route_id=?
14:01:03.630 [main] DEBUG org.hibernate.jdbc.AbstractBatcher - about to open ResultSet (open ResultSets: 0, globally: 0)
14:01:03.630 [main] DEBUG org.hibernate.loader.Loader - result set contains (possibly empty) collection: [net.lojika.gtfs.model.Routes.routesCdkidCollection#istb.280342]
14:01:03.630 [main] DEBUG org.hibernate.loader.Loader - result row: EntityKey[net.lojika.gtfs.model.RoutesCdkid#gtfs.line.1.152-1]
14:01:03.630 [main] DEBUG org.hibernate.loader.Loader - found row of collection: [net.lojika.gtfs.model.Routes.routesCdkidCollection#istb.280342]
14:01:03.631 [main] DEBUG org.hibernate.loader.Loader - result row: EntityKey[net.lojika.gtfs.model.RoutesCdkid#gtfs.line.1.152-0]
14:01:03.631 [main] DEBUG org.hibernate.loader.Loader - found row of collection: [net.lojika.gtfs.model.Routes.routesCdkidCollection#istb.280342]
14:01:03.631 [main] DEBUG org.hibernate.jdbc.AbstractBatcher - about to close ResultSet (open ResultSets: 1, globally: 1)
14:01:03.631 [main] DEBUG org.hibernate.jdbc.AbstractBatcher - about to close PreparedStatement (open PreparedStatements: 1, globally: 1)
14:01:03.631 [main] DEBUG o.h.e.loading.CollectionLoadContext - 1 collections were found in result set for role: net.lojika.gtfs.model.Routes.routesCdkidCollection
14:01:03.631 [main] DEBUG o.h.e.loading.CollectionLoadContext - collection fully initialized: [net.lojika.gtfs.model.Routes.routesCdkidCollection#istb.280342]
14:01:03.631 [main] DEBUG o.h.e.loading.CollectionLoadContext - 1 collections initialized for role: net.lojika.gtfs.model.Routes.routesCdkidCollection
14:01:03.631 [main] DEBUG org.hibernate.loader.Loader - done loading collection
14:01:03.631 [main] DEBUG org.hibernate.loader.Loader - loading collection: [net.lojika.gtfs.model.Routes.routesCdkidCollection#istb.280344]
14:01:03.631 [main] DEBUG org.hibernate.jdbc.AbstractBatcher - about to open PreparedStatement (open PreparedStatements: 0, globally: 0)
14:01:03.631 [main] DEBUG org.hibernate.SQL - select routescdki0_.route_id as route2_2_1_, routescdki0_.route_cdk_id as route1_1_, routescdki0_.route_cdk_id as route1_3_0_, routescdki0_.route_id as route2_3_0_ from public.routes_cdkid routescdki0_ where routescdki0_.route_id=?
Hibernate: select routescdki0_.route_id as route2_2_1_, routescdki0_.route_cdk_id as route1_1_, routescdki0_.route_cdk_id as route1_3_0_, routescdki0_.route_id as route2_3_0_ from public.routes_cdkid routescdki0_ where routescdki0_.route_id=?
14:01:03.631 [main] DEBUG org.hibernate.jdbc.AbstractBatcher - about to open ResultSet (open ResultSets: 0, globally: 0)
14:01:03.631 [main] DEBUG org.hibernate.loader.Loader - result set contains (possibly empty) collection: [net.lojika.gtfs.model.Routes.routesCdkidCollection#istb.280344]
14:01:03.631 [main] DEBUG org.hibernate.loader.Loader - result row: EntityKey[net.lojika.gtfs.model.RoutesCdkid#gtfs.line.1.153-1]
14:01:03.631 [main] DEBUG org.hibernate.loader.Loader - found row of collection: [net.lojika.gtfs.model.Routes.routesCdkidCollection#istb.280344]
14:01:03.631 [main] DEBUG org.hibernate.loader.Loader - result row: EntityKey[net.lojika.gtfs.model.RoutesCdkid#gtfs.line.1.153-0]
14:01:03.632 [main] DEBUG org.hibernate.loader.Loader - found row of collection: [net.lojika.gtfs.model.Routes.routesCdkidCollection#istb.280344]
14:01:03.632 [main] DEBUG org.hibernate.jdbc.AbstractBatcher - about to close ResultSet (open ResultSets: 1, globally: 1)
14:01:03.632 [main] DEBUG org.hibernate.jdbc.AbstractBatcher - about to close PreparedStatement (open PreparedStatements: 1, globally: 1)
14:01:03.632 [main] DEBUG o.h.e.loading.CollectionLoadContext - 1 collections were found in result set for role: net.lojika.gtfs.model.Routes.routesCdkidCollection
14:01:03.632 [main] DEBUG o.h.e.loading.CollectionLoadContext - collection fully initialized: [net.lojika.gtfs.model.Routes.routesCdkidCollection#istb.280344]
14:01:03.632 [main] DEBUG o.h.e.loading.CollectionLoadContext - 1 collections initialized for role: net.lojika.gtfs.model.Routes.routesCdkidCollection
14:01:03.632 [main] DEBUG org.hibernate.loader.Loader - done loading collection
14:01:03.632 [main] DEBUG org.hibernate.loader.Loader - loading collection: [net.lojika.gtfs.model.Routes.routesCdkidCollection#istb.280345]
14:01:03.632 [main] DEBUG org.hibernate.jdbc.AbstractBatcher - about to open PreparedStatement (open PreparedStatements: 0, globally: 0)
14:01:03.632 [main] DEBUG org.hibernate.SQL - select routescdki0_.route_id as route2_2_1_, routescdki0_.route_cdk_id as route1_1_, routescdki0_.route_cdk_id as route1_3_0_, routescdki0_.route_id as route2_3_0_ from public.routes_cdkid routescdki0_ where routescdki0_.route_id=?
Hibernate: select routescdki0_.route_id as route2_2_1_, routescdki0_.route_cdk_id as route1_1_, routescdki0_.route_cdk_id as route1_3_0_, routescdki0_.route_id as route2_3_0_ from public.routes_cdkid routescdki0_ where routescdki0_.route_id=?
14:01:03.632 [main] DEBUG org.hibernate.jdbc.AbstractBatcher - about to open ResultSet (open ResultSets: 0, globally: 0)
14:01:03.632 [main] DEBUG org.hibernate.loader.Loader - result set contains (possibly empty) collection: [net.lojika.gtfs.model.Routes.routesCdkidCollection#istb.280345]
14:01:03.632 [main] DEBUG org.hibernate.loader.Loader - result row: EntityKey[net.lojika.gtfs.model.RoutesCdkid#gtfs.line.1.15a-1]
14:01:03.632 [main] DEBUG org.hibernate.loader.Loader - found row of collection: [net.lojika.gtfs.model.Routes.routesCdkidCollection#istb.280345]
14:01:03.632 [main] DEBUG org.hibernate.loader.Loader - result row: EntityKey[net.lojika.gtfs.model.RoutesCdkid#gtfs.line.1.15a-0]
14:01:03.632 [main] DEBUG org.hibernate.loader.Loader - found row of collection: [net.lojika.gtfs.model.Routes.routesCdkidCollection#istb.280345]
14:01:03.632 [main] DEBUG org.hibernate.jdbc.AbstractBatcher - about to close ResultSet (open ResultSets: 1, globally: 1)
14:01:03.632 [main] DEBUG org.hibernate.jdbc.AbstractBatcher - about to close PreparedStatement (open PreparedStatements: 1, globally: 1)
14:01:03.633 [main] DEBUG o.h.e.loading.CollectionLoadContext - 1 collections were found in result set for role: net.lojika.gtfs.model.Routes.routesCdkidCollection
14:01:03.633 [main] DEBUG o.h.e.loading.CollectionLoadContext - collection fully initialized: [net.lojika.gtfs.model.Routes.routesCdkidCollection#istb.280345]
14:01:03.633 [main] DEBUG o.h.e.loading.CollectionLoadContext - 1 collections initialized for role: net.lojika.gtfs.model.Routes.routesCdkidCollection
14:01:03.633 [main] DEBUG org.hibernate.loader.Loader - done loading collection
14:01:03.633 [main] DEBUG org.hibernate.loader.Loader - loading collection: [net.lojika.gtfs.model.Routes.routesCdkidCollection#istb.280346]
14:01:03.633 [main] DEBUG org.hibernate.jdbc.AbstractBatcher - about to open PreparedStatement (open PreparedStatements: 0, globally: 0)
14:01:03.633 [main] DEBUG org.hibernate.SQL - select routescdki0_.route_id as route2_2_1_, routescdki0_.route_cdk_id as route1_1_, routescdki0_.route_cdk_id as route1_3_0_, routescdki0_.route_id as route2_3_0_ from public.routes_cdkid routescdki0_ where routescdki0_.route_id=?
Hibernate: select routescdki0_.route_id as route2_2_1_, routescdki0_.route_cdk_id as route1_1_, routescdki0_.route_cdk_id as route1_3_0_, routescdki0_.route_id as route2_3_0_ from public.routes_cdkid routescdki0_ where routescdki0_.route_id=?
14:01:03.633 [main] DEBUG org.hibernate.jdbc.AbstractBatcher - about to open ResultSet (open ResultSets: 0, globally: 0)
14:01:03.633 [main] DEBUG org.hibernate.loader.Loader - result set contains (possibly empty) collection: [net.lojika.gtfs.model.Routes.routesCdkidCollection#istb.280346]
14:01:03.633 [main] DEBUG org.hibernate.loader.Loader - result row: EntityKey[net.lojika.gtfs.model.RoutesCdkid#gtfs.line.1.15b-1]
14:01:03.633 [main] DEBUG org.hibernate.loader.Loader - found row of collection: [net.lojika.gtfs.model.Routes.routesCdkidCollection#istb.280346]
14:01:03.633 [main] DEBUG org.hibernate.loader.Loader - result row: EntityKey[net.lojika.gtfs.model.RoutesCdkid#gtfs.line.1.15b-0]
14:01:03.633 [main] DEBUG org.hibernate.loader.Loader - found row of collection: [net.lojika.gtfs.model.Routes.routesCdkidCollection#istb.280346]
14:01:03.633 [main] DEBUG org.hibernate.jdbc.AbstractBatcher - about to close ResultSet (open ResultSets: 1, globally: 1)
14:01:03.633 [main] DEBUG org.hibernate.jdbc.AbstractBatcher - about to close PreparedStatement (open PreparedStatements: 1, globally: 1)
14:01:03.633 [main] DEBUG o.h.e.loading.CollectionLoadContext - 1 collections were found in result set for role: net.lojika.gtfs.model.Routes.routesCdkidCollection
14:01:03.634 [main] DEBUG o.h.e.loading.CollectionLoadContext - collection fully initialized: [net.lojika.gtfs.model.Routes.routesCdkidCollection#istb.280346]
14:01:03.634 [main] DEBUG o.h.e.loading.CollectionLoadContext - 1 collections initialized for role: net.lojika.gtfs.model.Routes.routesCdkidCollection
14:01:03.634 [main] DEBUG org.hibernate.loader.Loader - done loading collection
14:01:03.634 [main] DEBUG org.hibernate.loader.Loader - loading collection: [net.lojika.gtfs.model.Routes.routesCdkidCollection#istb.280347]
14:01:03.634 [main] DEBUG org.hibernate.jdbc.AbstractBatcher - about to open PreparedStatement (open PreparedStatements: 0, globally: 0)
14:01:03.634 [main] DEBUG org.hibernate.SQL - select routescdki0_.route_id as route2_2_1_, routescdki0_.route_cdk_id as route1_1_, routescdki0_.route_cdk_id as route1_3_0_, routescdki0_.route_id as route2_3_0_ from public.routes_cdkid routescdki0_ where routescdki0_.route_id=?
Hibernate: select routescdki0_.route_id as route2_2_1_, routescdki0_.route_cdk_id as route1_1_, routescdki0_.route_cdk_id as route1_3_0_, routescdki0_.route_id as route2_3_0_ from public.routes_cdkid routescdki0_ where routescdki0_.route_id=?
14:01:03.634 [main] DEBUG org.hibernate.jdbc.AbstractBatcher - about to open ResultSet (open ResultSets: 0, globally: 0)
14:01:03.634 [main] DEBUG org.hibernate.loader.Loader - result set contains (possibly empty) collection: [net.lojika.gtfs.model.Routes.routesCdkidCollection#istb.280347]
14:01:03.634 [main] DEBUG org.hibernate.loader.Loader - result row: EntityKey[net.lojika.gtfs.model.RoutesCdkid#gtfs.line.1.15bk-1]
14:01:03.634 [main] DEBUG org.hibernate.loader.Loader - found row of collection: [net.lojika.gtfs.model.Routes.routesCdkidCollection#istb.280347]
14:01:03.634 [main] DEBUG org.hibernate.loader.Loader - result row: EntityKey[net.lojika.gtfs.model.RoutesCdkid#gtfs.line.1.15bk-0]
14:01:03.634 [main] DEBUG org.hibernate.loader.Loader - found row of collection: [net.lojika.gtfs.model.Routes.routesCdkidCollection#istb.280347]
14:01:03.634 [main] DEBUG org.hibernate.jdbc.AbstractBatcher - about to close ResultSet (open ResultSets: 1, globally: 1)
14:01:03.634 [main] DEBUG org.hibernate.jdbc.AbstractBatcher - about to close PreparedStatement (open PreparedStatements: 1, globally: 1)
14:01:03.634 [main] DEBUG o.h.e.loading.CollectionLoadContext - 1 collections were found in result set for role: net.lojika.gtfs.model.Routes.routesCdkidCollection
14:01:03.634 [main] DEBUG o.h.e.loading.CollectionLoadContext - collection fully initialized: [net.lojika.gtfs.model.Routes.routesCdkidCollection#istb.280347]
14:01:03.635 [main] DEBUG o.h.e.loading.CollectionLoadContext - 1 collections initialized for role: net.lojika.gtfs.model.Routes.routesCdkidCollection
14:01:03.635 [main] DEBUG org.hibernate.loader.Loader - done loading collection
14:01:03.635 [main] DEBUG org.hibernate.loader.Loader - loading collection: [net.lojika.gtfs.model.Routes.routesCdkidCollection#istb.280348]
14:01:03.635 [main] DEBUG org.hibernate.jdbc.AbstractBatcher - about to open PreparedStatement (open PreparedStatements: 0, globally: 0)
14:01:03.635 [main] DEBUG org.hibernate.SQL - select routescdki0_.route_id as route2_2_1_, routescdki0_.route_cdk_id as route1_1_, routescdki0_.route_cdk_id as route1_3_0_, routescdki0_.route_id as route2_3_0_ from public.routes_cdkid routescdki0_ where routescdki0_.route_id=?
Hibernate: select routescdki0_.route_id as route2_2_1_, routescdki0_.route_cdk_id as route1_1_, routescdki0_.route_cdk_id as route1_3_0_, routescdki0_.route_id as route2_3_0_ from public.routes_cdkid routescdki0_ where routescdki0_.route_id=?
14:01:03.635 [main] DEBUG org.hibernate.jdbc.AbstractBatcher - about to open ResultSet (open ResultSets: 0, globally: 0)
14:01:03.635 [main] DEBUG org.hibernate.loader.Loader - result set contains (possibly empty) collection: [net.lojika.gtfs.model.Routes.routesCdkidCollection#istb.280348]
14:01:03.635 [main] DEBUG org.hibernate.loader.Loader - result row: EntityKey[net.lojika.gtfs.model.RoutesCdkid#gtfs.line.1.15c-1]
14:01:03.635 [main] DEBUG org.hibernate.loader.Loader - found row of collection: [net.lojika.gtfs.model.Routes.routesCdkidCollection#istb.280348]
14:01:03.635 [main] DEBUG org.hibernate.loader.Loader - result row: EntityKey[net.lojika.gtfs.model.RoutesCdkid#gtfs.line.1.15c-0]
14:01:03.635 [main] DEBUG org.hibernate.loader.Loader - found row of collection: [net.lojika.gtfs.model.Routes.routesCdkidCollection#istb.280348]
14:01:03.635 [main] DEBUG org.hibernate.jdbc.AbstractBatcher - about to close ResultSet (open ResultSets: 1, globally: 1)
14:01:03.635 [main] DEBUG org.hibernate.jdbc.AbstractBatcher - about to close PreparedStatement (open PreparedStatements: 1, globally: 1)
14:01:03.635 [main] DEBUG o.h.e.loading.CollectionLoadContext - 1 collections were found in result set for role: net.lojika.gtfs.model.Routes.routesCdkidCollection
14:01:03.635 [main] DEBUG o.h.e.loading.CollectionLoadContext - collection fully initialized: [net.lojika.gtfs.model.Routes.routesCdkidCollection#istb.280348]
14:01:03.635 [main] DEBUG o.h.e.loading.CollectionLoadContext - 1 collections initialized for role: net.lojika.gtfs.model.Routes.routesCdkidCollection
14:01:03.635 [main] DEBUG org.hibernate.loader.Loader - done loading collection
14:01:03.636 [main] DEBUG org.hibernate.loader.Loader - loading collection: [net.lojika.gtfs.model.Routes.routesCdkidCollection#istb.280349]
14:01:03.636 [main] DEBUG org.hibernate.jdbc.AbstractBatcher - about to open PreparedStatement (open PreparedStatements: 0, globally: 0)
14:01:03.636 [main] DEBUG org.hibernate.SQL - select routescdki0_.route_id as route2_2_1_, routescdki0_.route_cdk_id as route1_1_, routescdki0_.route_cdk_id as route1_3_0_, routescdki0_.route_id as route2_3_0_ from public.routes_cdkid routescdki0_ where routescdki0_.route_id=?
Hibernate: select routescdki0_.route_id as route2_2_1_, routescdki0_.route_cdk_id as route1_1_, routescdki0_.route_cdk_id as route1_3_0_, routescdki0_.route_id as route2_3_0_ from public.routes_cdkid routescdki0_ where routescdki0_.route_id=?
14:01:03.636 [main] DEBUG org.hibernate.jdbc.AbstractBatcher - about to open ResultSet (open ResultSets: 0, globally: 0)
14:01:03.636 [main] DEBUG org.hibernate.loader.Loader - result set contains (possibly empty) collection: [net.lojika.gtfs.model.Routes.routesCdkidCollection#istb.280349]
14:01:03.636 [main] DEBUG org.hibernate.loader.Loader - result row: EntityKey[net.lojika.gtfs.model.RoutesCdkid#gtfs.line.1.15d-1]
14:01:03.636 [main] DEBUG org.hibernate.loader.Loader - found row of collection: [net.lojika.gtfs.model.Routes.routesCdkidCollection#istb.280349]
14:01:03.636 [main] DEBUG org.hibernate.loader.Loader - result row: EntityKey[net.lojika.gtfs.model.RoutesCdkid#gtfs.line.1.15d-0]
14:01:03.636 [main] DEBUG org.hibernate.loader.Loader - found row of collection: [net.lojika.gtfs.model.Routes.routesCdkidCollection#istb.280349]
14:01:03.636 [main] DEBUG org.hibernate.jdbc.AbstractBatcher - about to close ResultSet (open ResultSets: 1, globally: 1)
14:01:03.636 [main] DEBUG org.hibernate.jdbc.AbstractBatcher - about to close PreparedStatement (open PreparedStatements: 1, globally: 1)
14:01:03.636 [main] DEBUG o.h.e.loading.CollectionLoadContext - 1 collections were found in result set for role: net.lojika.gtfs.model.Routes.routesCdkidCollection
14:01:03.636 [main] DEBUG o.h.e.loading.CollectionLoadContext - collection fully initialized: [net.lojika.gtfs.model.Routes.routesCdkidCollection#istb.280349]
14:01:03.636 [main] DEBUG o.h.e.loading.CollectionLoadContext - 1 collections initialized for role: net.lojika.gtfs.model.Routes.routesCdkidCollection
14:01:03.636 [main] DEBUG org.hibernate.loader.Loader - done loading collection
14:01:03.637 [main] DEBUG org.hibernate.loader.Loader - loading collection: [net.lojika.gtfs.model.Routes.routesCdkidCollection#istb.280350]
14:01:03.637 [main] DEBUG org.hibernate.jdbc.AbstractBatcher - about to open PreparedStatement (open PreparedStatements: 0, globally: 0)
14:01:03.637 [main] DEBUG org.hibernate.SQL - select routescdki0_.route_id as route2_2_1_, routescdki0_.route_cdk_id as route1_1_, routescdki0_.route_cdk_id as route1_3_0_, routescdki0_.route_id as route2_3_0_ from public.routes_cdkid routescdki0_ where routescdki0_.route_id=?
Hibernate: select routescdki0_.route_id as route2_2_1_, routescdki0_.route_cdk_id as route1_1_, routescdki0_.route_cdk_id as route1_3_0_, routescdki0_.route_id as route2_3_0_ from public.routes_cdkid routescdki0_ where routescdki0_.route_id=?
14:01:03.637 [main] DEBUG org.hibernate.jdbc.AbstractBatcher - about to open ResultSet (open ResultSets: 0, globally: 0)
14:01:03.637 [main] DEBUG org.hibernate.loader.Loader - result set contains (possibly empty) collection: [net.lojika.gtfs.model.Routes.routesCdkidCollection#istb.280350]
14:01:03.637 [main] DEBUG org.hibernate.loader.Loader - result row: EntityKey[net.lojika.gtfs.model.RoutesCdkid#gtfs.line.1.15e-1]
14:01:03.637 [main] DEBUG org.hibernate.loader.Loader - found row of collection: [net.lojika.gtfs.model.Routes.routesCdkidCollection#istb.280350]
14:01:03.637 [main] DEBUG org.hibernate.loader.Loader - result row: EntityKey[net.lojika.gtfs.model.RoutesCdkid#gtfs.line.1.15e-0]
14:01:03.637 [main] DEBUG org.hibernate.loader.Loader - found row of collection: [net.lojika.gtfs.model.Routes.routesCdkidCollection#istb.280350]
14:01:03.637 [main] DEBUG org.hibernate.jdbc.AbstractBatcher - about to close ResultSet (open ResultSets: 1, globally: 1)
14:01:03.637 [main] DEBUG org.hibernate.jdbc.AbstractBatcher - about to close PreparedStatement (open PreparedStatements: 1, globally: 1)
14:01:03.637 [main] DEBUG o.h.e.loading.CollectionLoadContext - 1 collections were found in result set for role: net.lojika.gtfs.model.Routes.routesCdkidCollection
14:01:03.637 [main] DEBUG o.h.e.loading.CollectionLoadContext - collection fully initialized: [net.lojika.gtfs.model.Routes.routesCdkidCollection#istb.280350]
14:01:03.637 [main] DEBUG o.h.e.loading.CollectionLoadContext - 1 collections initialized for role: net.lojika.gtfs.model.Routes.routesCdkidCollection
14:01:03.637 [main] DEBUG org.hibernate.loader.Loader - done loading collection
14:01:03.637 [main] DEBUG org.hibernate.loader.Loader - loading collection: [net.lojika.gtfs.model.Routes.routesCdkidCollection#istb.280357]
14:01:03.638 [main] DEBUG org.hibernate.jdbc.AbstractBatcher - about to open PreparedStatement (open PreparedStatements: 0, globally: 0)
14:01:03.638 [main] DEBUG org.hibernate.SQL - select routescdki0_.route_id as route2_2_1_, routescdki0_.route_cdk_id as route1_1_, routescdki0_.route_cdk_id as route1_3_0_, routescdki0_.route_id as route2_3_0_ from public.routes_cdkid routescdki0_ where routescdki0_.route_id=?
Hibernate: select routescdki0_.route_id as route2_2_1_, routescdki0_.route_cdk_id as route1_1_, routescdki0_.route_cdk_id as route1_3_0_, routescdki0_.route_id as route2_3_0_ from public.routes_cdkid routescdki0_ where routescdki0_.route_id=?
14:01:03.638 [main] DEBUG org.hibernate.jdbc.AbstractBatcher - about to open ResultSet (open ResultSets: 0, globally: 0)
14:01:03.638 [main] DEBUG org.hibernate.loader.Loader - result set contains (possibly empty) collection: [net.lojika.gtfs.model.Routes.routesCdkidCollection#istb.280357]
14:01:03.638 [main] DEBUG org.hibernate.loader.Loader - result row: EntityKey[net.lojika.gtfs.model.RoutesCdkid#gtfs.line.1.15p-1]
14:01:03.638 [main] DEBUG org.hibernate.loader.Loader - found row of collection: [net.lojika.gtfs.model.Routes.routesCdkidCollection#istb.280357]
14:01:03.638 [main] DEBUG org.hibernate.loader.Loader - result row: EntityKey[net.lojika.gtfs.model.RoutesCdkid#gtfs.line.1.15p-0]
14:01:03.638 [main] DEBUG org.hibernate.loader.Loader - found row of collection: [net.lojika.gtfs.model.Routes.routesCdkidCollection#istb.280357]
14:01:03.638 [main] DEBUG org.hibernate.jdbc.AbstractBatcher - about to close ResultSet (open ResultSets: 1, globally: 1)
14:01:03.638 [main] DEBUG org.hibernate.jdbc.AbstractBatcher - about to close PreparedStatement (open PreparedStatements: 1, globally: 1)
14:01:03.638 [main] DEBUG o.h.e.loading.CollectionLoadContext - 1 collections were found in result set for role: net.lojika.gtfs.model.Routes.routesCdkidCollection
14:01:03.638 [main] DEBUG o.h.e.loading.CollectionLoadContext - collection fully initialized: [net.lojika.gtfs.model.Routes.routesCdkidCollection#istb.280357]
14:01:03.638 [main] DEBUG o.h.e.loading.CollectionLoadContext - 1 collections initialized for role: net.lojika.gtfs.model.Routes.routesCdkidCollection
14:01:03.638 [main] DEBUG org.hibernate.loader.Loader - done loading collection
14:01:03.639 [main] DEBUG org.hibernate.loader.Loader - loading collection: [net.lojika.gtfs.model.Routes.routesCdkidCollection#istb.280358]
14:01:03.639 [main] DEBUG org.hibernate.jdbc.AbstractBatcher - about to open PreparedStatement (open PreparedStatements: 0, globally: 0)
14:01:03.639 [main] DEBUG org.hibernate.SQL - select routescdki0_.route_id as route2_2_1_, routescdki0_.route_cdk_id as route1_1_, routescdki0_.route_cdk_id as route1_3_0_, routescdki0_.route_id as route2_3_0_ from public.routes_cdkid routescdki0_ where routescdki0_.route_id=?
Hibernate: select routescdki0_.route_id as route2_2_1_, routescdki0_.route_cdk_id as route1_1_, routescdki0_.route_cdk_id as route1_3_0_, routescdki0_.route_id as route2_3_0_ from public.routes_cdkid routescdki0_ where routescdki0_.route_id=?
14:01:03.639 [main] DEBUG org.hibernate.jdbc.AbstractBatcher - about to open ResultSet (open ResultSets: 0, globally: 0)
14:01:03.639 [main] DEBUG org.hibernate.loader.Loader - result set contains (possibly empty) collection: [net.lojika.gtfs.model.Routes.routesCdkidCollection#istb.280358]
14:01:03.639 [main] DEBUG org.hibernate.loader.Loader - result row: EntityKey[net.lojika.gtfs.model.RoutesCdkid#gtfs.line.1.15r-1]
14:01:03.639 [main] DEBUG org.hibernate.loader.Loader - found row of collection: [net.lojika.gtfs.model.Routes.routesCdkidCollection#istb.280358]
14:01:03.639 [main] DEBUG org.hibernate.loader.Loader - result row: EntityKey[net.lojika.gtfs.model.RoutesCdkid#gtfs.line.1.15r-0]
14:01:03.639 [main] DEBUG org.hibernate.loader.Loader - found row of collection: [net.lojika.gtfs.model.Routes.routesCdkidCollection#istb.280358]
14:01:03.639 [main] DEBUG org.hibernate.jdbc.AbstractBatcher - about to close ResultSet (open ResultSets: 1, globally: 1)
14:01:03.639 [main] DEBUG org.hibernate.jdbc.AbstractBatcher - about to close PreparedStatement (open PreparedStatements: 1, globally: 1)
14:01:03.639 [main] DEBUG o.h.e.loading.CollectionLoadContext - 1 collections were found in result set for role: net.lojika.gtfs.model.Routes.routesCdkidCollection
14:01:03.639 [main] DEBUG o.h.e.loading.CollectionLoadContext - collection fully initialized: [net.lojika.gtfs.model.Routes.routesCdkidCollection#istb.280358]
14:01:03.639 [main] DEBUG o.h.e.loading.CollectionLoadContext - 1 collections initialized for role: net.lojika.gtfs.model.Routes.routesCdkidCollection
14:01:03.639 [main] DEBUG org.hibernate.loader.Loader - done loading collection
14:01:03.639 [main] DEBUG org.hibernate.loader.Loader - loading collection: [net.lojika.gtfs.model.Routes.routesCdkidCollection#istb.280359]
14:01:03.640 [main] DEBUG org.hibernate.jdbc.AbstractBatcher - about to open PreparedStatement (open PreparedStatements: 0, globally: 0)
14:01:03.640 [main] DEBUG org.hibernate.SQL - select routescdki0_.route_id as route2_2_1_, routescdki0_.route_cdk_id as route1_1_, routescdki0_.route_cdk_id as route1_3_0_, routescdki0_.route_id as route2_3_0_ from public.routes_cdkid routescdki0_ where routescdki0_.route_id=?
Hibernate: select routescdki0_.route_id as route2_2_1_, routescdki0_.route_cdk_id as route1_1_, routescdki0_.route_cdk_id as route1_3_0_, routescdki0_.route_id as route2_3_0_ from public.routes_cdkid routescdki0_ where routescdki0_.route_id=?
14:01:03.640 [main] DEBUG org.hibernate.jdbc.AbstractBatcher - about to open ResultSet (open ResultSets: 0, globally: 0)
14:01:03.640 [main] DEBUG org.hibernate.loader.Loader - result set contains (possibly empty) collection: [net.lojika.gtfs.model.Routes.routesCdkidCollection#istb.280359]
14:01:03.640 [main] DEBUG org.hibernate.loader.Loader - result row: EntityKey[net.lojika.gtfs.model.RoutesCdkid#gtfs.line.1.15s-1]
14:01:03.640 [main] DEBUG org.hibernate.loader.Loader - found row of collection: [net.lojika.gtfs.model.Routes.routesCdkidCollection#istb.280359]
14:01:03.640 [main] DEBUG org.hibernate.loader.Loader - result row: EntityKey[net.lojika.gtfs.model.RoutesCdkid#gtfs.line.1.15s-0]
14:01:03.640 [main] DEBUG org.hibernate.loader.Loader - found row of collection: [net.lojika.gtfs.model.Routes.routesCdkidCollection#istb.280359]
14:01:03.640 [main] DEBUG org.hibernate.jdbc.AbstractBatcher - about to close ResultSet (open ResultSets: 1, globally: 1)
14:01:03.640 [main] DEBUG org.hibernate.jdbc.AbstractBatcher - about to close PreparedStatement (open PreparedStatements: 1, globally: 1)
14:01:03.640 [main] DEBUG o.h.e.loading.CollectionLoadContext - 1 collections were found in result set for role: net.lojika.gtfs.model.Routes.routesCdkidCollection
14:01:03.640 [main] DEBUG o.h.e.loading.CollectionLoadContext - collection fully initialized: [net.lojika.gtfs.model.Routes.routesCdkidCollection#istb.280359]
14:01:03.640 [main] DEBUG o.h.e.loading.CollectionLoadContext - 1 collections initialized for role: net.lojika.gtfs.model.Routes.routesCdkidCollection
14:01:03.640 [main] DEBUG org.hibernate.loader.Loader - done loading collection
14:01:03.640 [main] DEBUG org.hibernate.loader.Loader - loading collection: [net.lojika.gtfs.model.Routes.routesCdkidCollection#istb.280361]
14:01:03.640 [main] DEBUG org.hibernate.jdbc.AbstractBatcher - about to open PreparedStatement (open PreparedStatements: 0, globally: 0)
14:01:03.640 [main] DEBUG org.hibernate.SQL - select routescdki0_.route_id as route2_2_1_, routescdki0_.route_cdk_id as route1_1_, routescdki0_.route_cdk_id as route1_3_0_, routescdki0_.route_id as route2_3_0_ from public.routes_cdkid routescdki0_ where routescdki0_.route_id=?
Hibernate: select routescdki0_.route_id as route2_2_1_, routescdki0_.route_cdk_id as route1_1_, routescdki0_.route_cdk_id as route1_3_0_, routescdki0_.route_id as route2_3_0_ from public.routes_cdkid routescdki0_ where routescdki0_.route_id=?
14:01:03.641 [main] DEBUG org.hibernate.jdbc.AbstractBatcher - about to open ResultSet (open ResultSets: 0, globally: 0)
14:01:03.641 [main] DEBUG org.hibernate.loader.Loader - result set contains (possibly empty) collection: [net.lojika.gtfs.model.Routes.routesCdkidCollection#istb.280361]
14:01:03.641 [main] DEBUG org.hibernate.loader.Loader - result row: EntityKey[net.lojika.gtfs.model.RoutesCdkid#gtfs.line.1.15ty-1]
14:01:03.641 [main] DEBUG org.hibernate.loader.Loader - found row of collection: [net.lojika.gtfs.model.Routes.routesCdkidCollection#istb.280361]
14:01:03.641 [main] DEBUG org.hibernate.loader.Loader - result row: EntityKey[net.lojika.gtfs.model.RoutesCdkid#gtfs.line.1.15ty-0]
14:01:03.641 [main] DEBUG org.hibernate.loader.Loader - found row of collection: [net.lojika.gtfs.model.Routes.routesCdkidCollection#istb.280361]
14:01:03.641 [main] DEBUG org.hibernate.jdbc.AbstractBatcher - about to close ResultSet (open ResultSets: 1, globally: 1)
14:01:03.641 [main] DEBUG org.hibernate.jdbc.AbstractBatcher - about to close PreparedStatement (open PreparedStatements: 1, globally: 1)
14:01:03.641 [main] DEBUG o.h.e.loading.CollectionLoadContext - 1 collections were found in result set for role: net.lojika.gtfs.model.Routes.routesCdkidCollection
14:01:03.641 [main] DEBUG o.h.e.loading.CollectionLoadContext - collection fully initialized: [net.lojika.gtfs.model.Routes.routesCdkidCollection#istb.280361]
14:01:03.641 [main] DEBUG o.h.e.loading.CollectionLoadContext - 1 collections initialized for role: net.lojika.gtfs.model.Routes.routesCdkidCollection
14:01:03.641 [main] DEBUG org.hibernate.loader.Loader - done loading collection
14:01:03.641 [main] DEBUG org.hibernate.loader.Loader - loading collection: [net.lojika.gtfs.model.Routes.routesCdkidCollection#istb.280362]
14:01:03.641 [main] DEBUG org.hibernate.jdbc.AbstractBatcher - about to open PreparedStatement (open PreparedStatements: 0, globally: 0)
14:01:03.641 [main] DEBUG org.hibernate.SQL - select routescdki0_.route_id as route2_2_1_, routescdki0_.route_cdk_id as route1_1_, routescdki0_.route_cdk_id as route1_3_0_, routescdki0_.route_id as route2_3_0_ from public.routes_cdkid routescdki0_ where routescdki0_.route_id=?
Hibernate: select routescdki0_.route_id as route2_2_1_, routescdki0_.route_cdk_id as route1_1_, routescdki0_.route_cdk_id as route1_3_0_, routescdki0_.route_id as route2_3_0_ from public.routes_cdkid routescdki0_ where routescdki0_.route_id=?
14:01:03.642 [main] DEBUG org.hibernate.jdbc.AbstractBatcher - about to open ResultSet (open ResultSets: 0, globally: 0)
14:01:03.642 [main] DEBUG org.hibernate.loader.Loader - result set contains (possibly empty) collection: [net.lojika.gtfs.model.Routes.routesCdkidCollection#istb.280362]
14:01:03.642 [main] DEBUG org.hibernate.loader.Loader - result row: EntityKey[net.lojika.gtfs.model.RoutesCdkid#gtfs.line.1.15u-1]
14:01:03.642 [main] DEBUG org.hibernate.loader.Loader - found row of collection: [net.lojika.gtfs.model.Routes.routesCdkidCollection#istb.280362]
14:01:03.642 [main] DEBUG org.hibernate.loader.Loader - result row: EntityKey[net.lojika.gtfs.model.RoutesCdkid#gtfs.line.1.15u-0]
14:01:03.642 [main] DEBUG org.hibernate.loader.Loader - found row of collection: [net.lojika.gtfs.model.Routes.routesCdkidCollection#istb.280362]
14:01:03.642 [main] DEBUG org.hibernate.jdbc.AbstractBatcher - about to close ResultSet (open ResultSets: 1, globally: 1)
14:01:03.642 [main] DEBUG org.hibernate.jdbc.AbstractBatcher - about to close PreparedStatement (open PreparedStatements: 1, globally: 1)
14:01:03.642 [main] DEBUG o.h.e.loading.CollectionLoadContext - 1 collections were found in result set for role: net.lojika.gtfs.model.Routes.routesCdkidCollection
14:01:03.642 [main] DEBUG o.h.e.loading.CollectionLoadContext - collection fully initialized: [net.lojika.gtfs.model.Routes.routesCdkidCollection#istb.280362]
14:01:03.642 [main] DEBUG o.h.e.loading.CollectionLoadContext - 1 collections initialized for role: net.lojika.gtfs.model.Routes.routesCdkidCollection
14:01:03.642 [main] DEBUG org.hibernate.loader.Loader - done loading collection
14:01:03.642 [main] DEBUG org.hibernate.loader.Loader - loading collection: [net.lojika.gtfs.model.Routes.routesCdkidCollection#istb.280363]
14:01:03.642 [main] DEBUG org.hibernate.jdbc.AbstractBatcher - about to open PreparedStatement (open PreparedStatements: 0, globally: 0)
14:01:03.642 [main] DEBUG org.hibernate.SQL - select routescdki0_.route_id as route2_2_1_, routescdki0_.route_cdk_id as route1_1_, routescdki0_.route_cdk_id as route1_3_0_, routescdki0_.route_id as route2_3_0_ from public.routes_cdkid routescdki0_ where routescdki0_.route_id=?
Hibernate: select routescdki0_.route_id as route2_2_1_, routescdki0_.route_cdk_id as route1_1_, routescdki0_.route_cdk_id as route1_3_0_, routescdki0_.route_id as route2_3_0_ from public.routes_cdkid routescdki0_ where routescdki0_.route_id=?
14:01:03.643 [main] DEBUG org.hibernate.jdbc.AbstractBatcher - about to open ResultSet (open ResultSets: 0, globally: 0)
14:01:03.643 [main] DEBUG org.hibernate.loader.Loader - result set contains (possibly empty) collection: [net.lojika.gtfs.model.Routes.routesCdkidCollection#istb.280363]
14:01:03.643 [main] DEBUG org.hibernate.loader.Loader - result row: EntityKey[net.lojika.gtfs.model.RoutesCdkid#gtfs.line.1.15y-0]
14:01:03.643 [main] DEBUG org.hibernate.loader.Loader - found row of collection: [net.lojika.gtfs.model.Routes.routesCdkidCollection#istb.280363]
14:01:03.643 [main] DEBUG org.hibernate.jdbc.AbstractBatcher - about to close ResultSet (open ResultSets: 1, globally: 1)
14:01:03.643 [main] DEBUG org.hibernate.jdbc.AbstractBatcher - about to close PreparedStatement (open PreparedStatements: 1, globally: 1)
14:01:03.643 [main] DEBUG o.h.e.loading.CollectionLoadContext - 1 collections were found in result set for role: net.lojika.gtfs.model.Routes.routesCdkidCollection
14:01:03.643 [main] DEBUG o.h.e.loading.CollectionLoadContext - collection fully initialized: [net.lojika.gtfs.model.Routes.routesCdkidCollection#istb.280363]
14:01:03.643 [main] DEBUG o.h.e.loading.CollectionLoadContext - 1 collections initialized for role: net.lojika.gtfs.model.Routes.routesCdkidCollection
14:01:03.643 [main] DEBUG org.hibernate.loader.Loader - done loading collection
14:01:03.643 [main] DEBUG org.hibernate.loader.Loader - loading collection: [net.lojika.gtfs.model.Routes.routesCdkidCollection#istb.280365]
14:01:03.643 [main] DEBUG org.hibernate.jdbc.AbstractBatcher - about to open PreparedStatement (open PreparedStatements: 0, globally: 0)
14:01:03.643 [main] DEBUG org.hibernate.SQL - select routescdki0_.route_id as route2_2_1_, routescdki0_.route_cdk_id as route1_1_, routescdki0_.route_cdk_id as route1_3_0_, routescdki0_.route_id as route2_3_0_ from public.routes_cdkid routescdki0_ where routescdki0_.route_id=?
Hibernate: select routescdki0_.route_id as route2_2_1_, routescdki0_.route_cdk_id as route1_1_, routescdki0_.route_cdk_id as route1_3_0_, routescdki0_.route_id as route2_3_0_ from public.routes_cdkid routescdki0_ where routescdki0_.route_id=?
14:01:03.644 [main] DEBUG org.hibernate.jdbc.AbstractBatcher - about to open ResultSet (open ResultSets: 0, globally: 0)
14:01:03.644 [main] DEBUG org.hibernate.loader.Loader - result set contains (possibly empty) collection: [net.lojika.gtfs.model.Routes.routesCdkidCollection#istb.280365]
14:01:03.644 [main] DEBUG org.hibernate.loader.Loader - result row: EntityKey[net.lojika.gtfs.model.RoutesCdkid#gtfs.line.1.15k-1]
14:01:03.644 [main] DEBUG org.hibernate.loader.Loader - found row of collection: [net.lojika.gtfs.model.Routes.routesCdkidCollection#istb.280365]
14:01:03.644 [main] DEBUG org.hibernate.loader.Loader - result row: EntityKey[net.lojika.gtfs.model.RoutesCdkid#gtfs.line.1.15k-0]
14:01:03.644 [main] DEBUG org.hibernate.loader.Loader - found row of collection: [net.lojika.gtfs.model.Routes.routesCdkidCollection#istb.280365]
14:01:03.644 [main] DEBUG org.hibernate.jdbc.AbstractBatcher - about to close ResultSet (open ResultSets: 1, globally: 1)
14:01:03.644 [main] DEBUG org.hibernate.jdbc.AbstractBatcher - about to close PreparedStatement (open PreparedStatements: 1, globally: 1)
14:01:03.644 [main] DEBUG o.h.e.loading.CollectionLoadContext - 1 collections were found in result set for role: net.lojika.gtfs.model.Routes.routesCdkidCollection
14:01:03.644 [main] DEBUG o.h.e.loading.CollectionLoadContext - collection fully initialized: [net.lojika.gtfs.model.Routes.routesCdkidCollection#istb.280365]
14:01:03.644 [main] DEBUG o.h.e.loading.CollectionLoadContext - 1 collections initialized for role: net.lojika.gtfs.model.Routes.routesCdkidCollection
14:01:03.644 [main] DEBUG org.hibernate.loader.Loader - done loading collection
14:01:03.644 [main] DEBUG org.hibernate.loader.Loader - loading collection: [net.lojika.gtfs.model.Routes.routesCdkidCollection#istb.280366]
14:01:03.644 [main] DEBUG org.hibernate.jdbc.AbstractBatcher - about to open PreparedStatement (open PreparedStatements: 0, globally: 0)
14:01:03.644 [main] DEBUG org.hibernate.SQL - select routescdki0_.route_id as route2_2_1_, routescdki0_.route_cdk_id as route1_1_, routescdki0_.route_cdk_id as route1_3_0_, routescdki0_.route_id as route2_3_0_ from public.routes_cdkid routescdki0_ where routescdki0_.route_id=?
Hibernate: select routescdki0_.route_id as route2_2_1_, routescdki0_.route_cdk_id as route1_1_, routescdki0_.route_cdk_id as route1_3_0_, routescdki0_.route_id as route2_3_0_ from public.routes_cdkid routescdki0_ where routescdki0_.route_id=?
14:01:03.644 [main] DEBUG org.hibernate.jdbc.AbstractBatcher - about to open ResultSet (open ResultSets: 0, globally: 0)
14:01:03.645 [main] DEBUG org.hibernate.loader.Loader - result set contains (possibly empty) collection: [net.lojika.gtfs.model.Routes.routesCdkidCollection#istb.280366]
14:01:03.645 [main] DEBUG org.hibernate.loader.Loader - result row: EntityKey[net.lojika.gtfs.model.RoutesCdkid#gtfs.line.1.15n-1]
14:01:03.645 [main] DEBUG org.hibernate.loader.Loader - found row of collection: [net.lojika.gtfs.model.Routes.routesCdkidCollection#istb.280366]
14:01:03.645 [main] DEBUG org.hibernate.loader.Loader - result row: EntityKey[net.lojika.gtfs.model.RoutesCdkid#gtfs.line.1.15n-0]
14:01:03.645 [main] DEBUG org.hibernate.loader.Loader - found row of collection: [net.lojika.gtfs.model.Routes.routesCdkidCollection#istb.280366]
14:01:03.645 [main] DEBUG org.hibernate.jdbc.AbstractBatcher - about to close ResultSet (open ResultSets: 1, globally: 1)
14:01:03.645 [main] DEBUG org.hibernate.jdbc.AbstractBatcher - about to close PreparedStatement (open PreparedStatements: 1, globally: 1)
14:01:03.645 [main] DEBUG o.h.e.loading.CollectionLoadContext - 1 collections were found in result set for role: net.lojika.gtfs.model.Routes.routesCdkidCollection
14:01:03.645 [main] DEBUG o.h.e.loading.CollectionLoadContext - collection fully initialized: [net.lojika.gtfs.model.Routes.routesCdkidCollection#istb.280366]
14:01:03.645 [main] DEBUG o.h.e.loading.CollectionLoadContext - 1 collections initialized for role: net.lojika.gtfs.model.Routes.routesCdkidCollection
14:01:03.645 [main] DEBUG org.hibernate.loader.Loader - done loading collection
14:01:03.645 [main] DEBUG org.hibernate.loader.Loader - loading collection: [net.lojika.gtfs.model.Routes.routesCdkidCollection#istb.280367]
14:01:03.645 [main] DEBUG org.hibernate.jdbc.AbstractBatcher - about to open PreparedStatement (open PreparedStatements: 0, globally: 0)
14:01:03.645 [main] DEBUG org.hibernate.SQL - select routescdki0_.route_id as route2_2_1_, routescdki0_.route_cdk_id as route1_1_, routescdki0_.route_cdk_id as route1_3_0_, routescdki0_.route_id as route2_3_0_ from public.routes_cdkid routescdki0_ where routescdki0_.route_id=?
Hibernate: select routescdki0_.route_id as route2_2_1_, routescdki0_.route_cdk_id as route1_1_, routescdki0_.route_cdk_id as route1_3_0_, routescdki0_.route_id as route2_3_0_ from public.routes_cdkid routescdki0_ where routescdki0_.route_id=?
14:01:03.645 [main] DEBUG org.hibernate.jdbc.AbstractBatcher - about to open ResultSet (open ResultSets: 0, globally: 0)
14:01:03.645 [main] DEBUG org.hibernate.loader.Loader - result set contains (possibly empty) collection: [net.lojika.gtfs.model.Routes.routesCdkidCollection#istb.280367]
14:01:03.645 [main] DEBUG org.hibernate.loader.Loader - result row: EntityKey[net.lojika.gtfs.model.RoutesCdkid#gtfs.line.1.16-1]
14:01:03.645 [main] DEBUG org.hibernate.loader.Loader - found row of collection: [net.lojika.gtfs.model.Routes.routesCdkidCollection#istb.280367]
14:01:03.646 [main] DEBUG org.hibernate.loader.Loader - result row: EntityKey[net.lojika.gtfs.model.RoutesCdkid#gtfs.line.1.16-0]
14:01:03.646 [main] DEBUG org.hibernate.loader.Loader - found row of collection: [net.lojika.gtfs.model.Routes.routesCdkidCollection#istb.280367]
14:01:03.646 [main] DEBUG org.hibernate.jdbc.AbstractBatcher - about to close ResultSet (open ResultSets: 1, globally: 1)
14:01:03.646 [main] DEBUG org.hibernate.jdbc.AbstractBatcher - about to close PreparedStatement (open PreparedStatements: 1, globally: 1)
14:01:03.646 [main] DEBUG o.h.e.loading.CollectionLoadContext - 1 collections were found in result set for role: net.lojika.gtfs.model.Routes.routesCdkidCollection
14:01:03.646 [main] DEBUG o.h.e.loading.CollectionLoadContext - collection fully initialized: [net.lojika.gtfs.model.Routes.routesCdkidCollection#istb.280367]
14:01:03.646 [main] DEBUG o.h.e.loading.CollectionLoadContext - 1 collections initialized for role: net.lojika.gtfs.model.Routes.routesCdkidCollection
14:01:03.646 [main] DEBUG org.hibernate.loader.Loader - done loading collection
14:01:03.646 [main] DEBUG org.hibernate.loader.Loader - loading collection: [net.lojika.gtfs.model.Routes.routesCdkidCollection#istb.280368]
14:01:03.646 [main] DEBUG org.hibernate.jdbc.AbstractBatcher - about to open PreparedStatement (open PreparedStatements: 0, globally: 0)
14:01:03.646 [main] DEBUG org.hibernate.SQL - select routescdki0_.route_id as route2_2_1_, routescdki0_.route_cdk_id as route1_1_, routescdki0_.route_cdk_id as route1_3_0_, routescdki0_.route_id as route2_3_0_ from public.routes_cdkid routescdki0_ where routescdki0_.route_id=?
Hibernate: select routescdki0_.route_id as route2_2_1_, routescdki0_.route_cdk_id as route1_1_, routescdki0_.route_cdk_id as route1_3_0_, routescdki0_.route_id as route2_3_0_ from public.routes_cdkid routescdki0_ where routescdki0_.route_id=?
14:01:03.646 [main] DEBUG org.hibernate.jdbc.AbstractBatcher - about to open ResultSet (open ResultSets: 0, globally: 0)
14:01:03.646 [main] DEBUG org.hibernate.loader.Loader - result set contains (possibly empty) collection: [net.lojika.gtfs.model.Routes.routesCdkidCollection#istb.280368]
14:01:03.646 [main] DEBUG org.hibernate.loader.Loader - result row: EntityKey[net.lojika.gtfs.model.RoutesCdkid#gtfs.line.1.16a-1]
14:01:03.646 [main] DEBUG org.hibernate.loader.Loader - found row of collection: [net.lojika.gtfs.model.Routes.routesCdkidCollection#istb.280368]
14:01:03.646 [main] DEBUG org.hibernate.loader.Loader - result row: EntityKey[net.lojika.gtfs.model.RoutesCdkid#gtfs.line.1.16a-0]
14:01:03.646 [main] DEBUG org.hibernate.loader.Loader - found row of collection: [net.lojika.gtfs.model.Routes.routesCdkidCollection#istb.280368]
14:01:03.647 [main] DEBUG org.hibernate.jdbc.AbstractBatcher - about to close ResultSet (open ResultSets: 1, globally: 1)
14:01:03.647 [main] DEBUG org.hibernate.jdbc.AbstractBatcher - about to close PreparedStatement (open PreparedStatements: 1, globally: 1)
14:01:03.647 [main] DEBUG o.h.e.loading.CollectionLoadContext - 1 collections were found in result set for role: net.lojika.gtfs.model.Routes.routesCdkidCollection
14:01:03.647 [main] DEBUG o.h.e.loading.CollectionLoadContext - collection fully initialized: [net.lojika.gtfs.model.Routes.routesCdkidCollection#istb.280368]
14:01:03.647 [main] DEBUG o.h.e.loading.CollectionLoadContext - 1 collections initialized for role: net.lojika.gtfs.model.Routes.routesCdkidCollection
14:01:03.647 [main] DEBUG org.hibernate.loader.Loader - done loading collection
14:01:03.647 [main] DEBUG org.hibernate.loader.Loader - loading collection: [net.lojika.gtfs.model.Routes.routesCdkidCollection#istb.280369]
14:01:03.647 [main] DEBUG org.hibernate.jdbc.AbstractBatcher - about to open PreparedStatement (open PreparedStatements: 0, globally: 0)
14:01:03.647 [main] DEBUG org.hibernate.SQL - select routescdki0_.route_id as route2_2_1_, routescdki0_.route_cdk_id as route1_1_, routescdki0_.route_cdk_id as route1_3_0_, routescdki0_.route_id as route2_3_0_ from public.routes_cdkid routescdki0_ where routescdki0_.route_id=?
Hibernate: select routescdki0_.route_id as route2_2_1_, routescdki0_.route_cdk_id as route1_1_, routescdki0_.route_cdk_id as route1_3_0_, routescdki0_.route_id as route2_3_0_ from public.routes_cdkid routescdki0_ where routescdki0_.route_id=?
14:01:03.647 [main] DEBUG org.hibernate.jdbc.AbstractBatcher - about to open ResultSet (open ResultSets: 0, globally: 0)
14:01:03.647 [main] DEBUG org.hibernate.loader.Loader - result set contains (possibly empty) collection: [net.lojika.gtfs.model.Routes.routesCdkidCollection#istb.280369]
14:01:03.647 [main] DEBUG org.hibernate.loader.Loader - result row: EntityKey[net.lojika.gtfs.model.RoutesCdkid#gtfs.line.1.16b-1]
14:01:03.647 [main] DEBUG org.hibernate.loader.Loader - found row of collection: [net.lojika.gtfs.model.Routes.routesCdkidCollection#istb.280369]
14:01:03.647 [main] DEBUG org.hibernate.loader.Loader - result row: EntityKey[net.lojika.gtfs.model.RoutesCdkid#gtfs.line.1.16b-0]
14:01:03.647 [main] DEBUG org.hibernate.loader.Loader - found row of collection: [net.lojika.gtfs.model.Routes.routesCdkidCollection#istb.280369]
14:01:03.648 [main] DEBUG org.hibernate.jdbc.AbstractBatcher - about to close ResultSet (open ResultSets: 1, globally: 1)
14:01:03.648 [main] DEBUG org.hibernate.jdbc.AbstractBatcher - about to close PreparedStatement (open PreparedStatements: 1, globally: 1)
14:01:03.648 [main] DEBUG o.h.e.loading.CollectionLoadContext - 1 collections were found in result set for role: net.lojika.gtfs.model.Routes.routesCdkidCollection
14:01:03.648 [main] DEBUG o.h.e.loading.CollectionLoadContext - collection fully initialized: [net.lojika.gtfs.model.Routes.routesCdkidCollection#istb.280369]
14:01:03.648 [main] DEBUG o.h.e.loading.CollectionLoadContext - 1 collections initialized for role: net.lojika.gtfs.model.Routes.routesCdkidCollection
14:01:03.648 [main] DEBUG org.hibernate.loader.Loader - done loading collection
14:01:03.648 [main] DEBUG org.hibernate.loader.Loader - loading collection: [net.lojika.gtfs.model.Routes.routesCdkidCollection#istb.280370]
14:01:03.648 [main] DEBUG org.hibernate.jdbc.AbstractBatcher - about to open PreparedStatement (open PreparedStatements: 0, globally: 0)
14:01:03.648 [main] DEBUG org.hibernate.SQL - select routescdki0_.route_id as route2_2_1_, routescdki0_.route_cdk_id as route1_1_, routescdki0_.route_cdk_id as route1_3_0_, routescdki0_.route_id as route2_3_0_ from public.routes_cdkid routescdki0_ where routescdki0_.route_id=?
Hibernate: select routescdki0_.route_id as route2_2_1_, routescdki0_.route_cdk_id as route1_1_, routescdki0_.route_cdk_id as route1_3_0_, routescdki0_.route_id as route2_3_0_ from public.routes_cdkid routescdki0_ where routescdki0_.route_id=?
14:01:03.648 [main] DEBUG org.hibernate.jdbc.AbstractBatcher - about to open ResultSet (open ResultSets: 0, globally: 0)
14:01:03.648 [main] DEBUG org.hibernate.loader.Loader - result set contains (possibly empty) collection: [net.lojika.gtfs.model.Routes.routesCdkidCollection#istb.280370]
14:01:03.649 [main] DEBUG org.hibernate.loader.Loader - result row: EntityKey[net.lojika.gtfs.model.RoutesCdkid#gtfs.line.1.16c-1]
14:01:03.649 [main] DEBUG org.hibernate.loader.Loader - found row of collection: [net.lojika.gtfs.model.Routes.routesCdkidCollection#istb.280370]
14:01:03.649 [main] DEBUG org.hibernate.loader.Loader - result row: EntityKey[net.lojika.gtfs.model.RoutesCdkid#gtfs.line.1.16c-0]
14:01:03.649 [main] DEBUG org.hibernate.loader.Loader - found row of collection: [net.lojika.gtfs.model.Routes.routesCdkidCollection#istb.280370]
14:01:03.649 [main] DEBUG org.hibernate.jdbc.AbstractBatcher - about to close ResultSet (open ResultSets: 1, globally: 1)
14:01:03.649 [main] DEBUG org.hibernate.jdbc.AbstractBatcher - about to close PreparedStatement (open PreparedStatements: 1, globally: 1)
14:01:03.649 [main] DEBUG o.h.e.loading.CollectionLoadContext - 1 collections were found in result set for role: net.lojika.gtfs.model.Routes.routesCdkidCollection
14:01:03.649 [main] DEBUG o.h.e.loading.CollectionLoadContext - collection fully initialized: [net.lojika.gtfs.model.Routes.routesCdkidCollection#istb.280370]
14:01:03.649 [main] DEBUG o.h.e.loading.CollectionLoadContext - 1 collections initialized for role: net.lojika.gtfs.model.Routes.routesCdkidCollection
14:01:03.649 [main] DEBUG org.hibernate.loader.Loader - done loading collection
14:01:03.649 [main] DEBUG org.hibernate.loader.Loader - loading collection: [net.lojika.gtfs.model.Routes.routesCdkidCollection#istb.280371]
14:01:03.649 [main] DEBUG org.hibernate.jdbc.AbstractBatcher - about to open PreparedStatement (open PreparedStatements: 0, globally: 0)
14:01:03.649 [main] DEBUG org.hibernate.SQL - select routescdki0_.route_id as route2_2_1_, routescdki0_.route_cdk_id as route1_1_, routescdki0_.route_cdk_id as route1_3_0_, routescdki0_.route_id as route2_3_0_ from public.routes_cdkid routescdki0_ where routescdki0_.route_id=?
Hibernate: select routescdki0_.route_id as route2_2_1_, routescdki0_.route_cdk_id as route1_1_, routescdki0_.route_cdk_id as route1_3_0_, routescdki0_.route_id as route2_3_0_ from public.routes_cdkid routescdki0_ where routescdki0_.route_id=?
14:01:03.650 [main] DEBUG org.hibernate.jdbc.AbstractBatcher - about to open ResultSet (open ResultSets: 0, globally: 0)
14:01:03.650 [main] DEBUG org.hibernate.loader.Loader - result set contains (possibly empty) collection: [net.lojika.gtfs.model.Routes.routesCdkidCollection#istb.280371]
14:01:03.650 [main] DEBUG org.hibernate.loader.Loader - result row: EntityKey[net.lojika.gtfs.model.RoutesCdkid#gtfs.line.1.16d-1]
14:01:03.650 [main] DEBUG org.hibernate.loader.Loader - found row of collection: [net.lojika.gtfs.model.Routes.routesCdkidCollection#istb.280371]
14:01:03.650 [main] DEBUG org.hibernate.loader.Loader - result row: EntityKey[net.lojika.gtfs.model.RoutesCdkid#gtfs.line.1.16d-0]
14:01:03.650 [main] DEBUG org.hibernate.loader.Loader - found row of collection: [net.lojika.gtfs.model.Routes.routesCdkidCollection#istb.280371]
14:01:03.650 [main] DEBUG org.hibernate.jdbc.AbstractBatcher - about to close ResultSet (open ResultSets: 1, globally: 1)
14:01:03.650 [main] DEBUG org.hibernate.jdbc.AbstractBatcher - about to close PreparedStatement (open PreparedStatements: 1, globally: 1)
14:01:03.650 [main] DEBUG o.h.e.loading.CollectionLoadContext - 1 collections were found in result set for role: net.lojika.gtfs.model.Routes.routesCdkidCollection
14:01:03.650 [main] DEBUG o.h.e.loading.CollectionLoadContext - collection fully initialized: [net.lojika.gtfs.model.Routes.routesCdkidCollection#istb.280371]
14:01:03.650 [main] DEBUG o.h.e.loading.CollectionLoadContext - 1 collections initialized for role: net.lojika.gtfs.model.Routes.routesCdkidCollection
14:01:03.650 [main] DEBUG org.hibernate.loader.Loader - done loading collection
14:01:03.650 [main] DEBUG org.hibernate.loader.Loader - loading collection: [net.lojika.gtfs.model.Routes.routesCdkidCollection#istb.280372]
14:01:03.650 [main] DEBUG org.hibernate.jdbc.AbstractBatcher - about to open PreparedStatement (open PreparedStatements: 0, globally: 0)
14:01:03.651 [main] DEBUG org.hibernate.SQL - select routescdki0_.route_id as route2_2_1_, routescdki0_.route_cdk_id as route1_1_, routescdki0_.route_cdk_id as route1_3_0_, routescdki0_.route_id as route2_3_0_ from public.routes_cdkid routescdki0_ where routescdki0_.route_id=?
Hibernate: select routescdki0_.route_id as route2_2_1_, routescdki0_.route_cdk_id as route1_1_, routescdki0_.route_cdk_id as route1_3_0_, routescdki0_.route_id as route2_3_0_ from public.routes_cdkid routescdki0_ where routescdki0_.route_id=?
14:01:03.651 [main] DEBUG org.hibernate.jdbc.AbstractBatcher - about to open ResultSet (open ResultSets: 0, globally: 0)
14:01:03.651 [main] DEBUG org.hibernate.loader.Loader - result set contains (possibly empty) collection: [net.lojika.gtfs.model.Routes.routesCdkidCollection#istb.280372]
14:01:03.651 [main] DEBUG org.hibernate.loader.Loader - result row: EntityKey[net.lojika.gtfs.model.RoutesCdkid#gtfs.line.1.16f-1]
14:01:03.651 [main] DEBUG org.hibernate.loader.Loader - found row of collection: [net.lojika.gtfs.model.Routes.routesCdkidCollection#istb.280372]
14:01:03.651 [main] DEBUG org.hibernate.loader.Loader - result row: EntityKey[net.lojika.gtfs.model.RoutesCdkid#gtfs.line.1.16f-0]
14:01:03.651 [main] DEBUG org.hibernate.loader.Loader - found row of collection: [net.lojika.gtfs.model.Routes.routesCdkidCollection#istb.280372]
14:01:03.651 [main] DEBUG org.hibernate.jdbc.AbstractBatcher - about to close ResultSet (open ResultSets: 1, globally: 1)
14:01:03.652 [main] DEBUG org.hibernate.jdbc.AbstractBatcher - about to close PreparedStatement (open PreparedStatements: 1, globally: 1)
14:01:03.652 [main] DEBUG o.h.e.loading.CollectionLoadContext - 1 collections were found in result set for role: net.lojika.gtfs.model.Routes.routesCdkidCollection
14:01:03.652 [main] DEBUG o.h.e.loading.CollectionLoadContext - collection fully initialized: [net.lojika.gtfs.model.Routes.routesCdkidCollection#istb.280372]
14:01:03.652 [main] DEBUG o.h.e.loading.CollectionLoadContext - 1 collections initialized for role: net.lojika.gtfs.model.Routes.routesCdkidCollection
14:01:03.652 [main] DEBUG org.hibernate.loader.Loader - done loading collection
14:01:03.652 [main] DEBUG org.hibernate.loader.Loader - loading collection: [net.lojika.gtfs.model.Routes.routesCdkidCollection#istb.280373]
14:01:03.652 [main] DEBUG org.hibernate.jdbc.AbstractBatcher - about to open PreparedStatement (open PreparedStatements: 0, globally: 0)
14:01:03.652 [main] DEBUG org.hibernate.SQL - select routescdki0_.route_id as route2_2_1_, routescdki0_.route_cdk_id as route1_1_, routescdki0_.route_cdk_id as route1_3_0_, routescdki0_.route_id as route2_3_0_ from public.routes_cdkid routescdki0_ where routescdki0_.route_id=?
Hibernate: select routescdki0_.route_id as route2_2_1_, routescdki0_.route_cdk_id as route1_1_, routescdki0_.route_cdk_id as route1_3_0_, routescdki0_.route_id as route2_3_0_ from public.routes_cdkid routescdki0_ where routescdki0_.route_id=?
14:01:03.652 [main] DEBUG org.hibernate.jdbc.AbstractBatcher - about to open ResultSet (open ResultSets: 0, globally: 0)
14:01:03.652 [main] DEBUG org.hibernate.loader.Loader - result set contains (possibly empty) collection: [net.lojika.gtfs.model.Routes.routesCdkidCollection#istb.280373]
14:01:03.652 [main] DEBUG org.hibernate.loader.Loader - result row: EntityKey[net.lojika.gtfs.model.RoutesCdkid#gtfs.line.1.16k-1]
14:01:03.652 [main] DEBUG org.hibernate.loader.Loader - found row of collection: [net.lojika.gtfs.model.Routes.routesCdkidCollection#istb.280373]
14:01:03.652 [main] DEBUG org.hibernate.loader.Loader - result row: EntityKey[net.lojika.gtfs.model.RoutesCdkid#gtfs.line.1.16k-0]
14:01:03.653 [main] DEBUG org.hibernate.loader.Loader - found row of collection: [net.lojika.gtfs.model.Routes.routesCdkidCollection#istb.280373]
14:01:03.653 [main] DEBUG org.hibernate.jdbc.AbstractBatcher - about to close ResultSet (open ResultSets: 1, globally: 1)
14:01:03.653 [main] DEBUG org.hibernate.jdbc.AbstractBatcher - about to close PreparedStatement (open PreparedStatements: 1, globally: 1)
14:01:03.653 [main] DEBUG o.h.e.loading.CollectionLoadContext - 1 collections were found in result set for role: net.lojika.gtfs.model.Routes.routesCdkidCollection
14:01:03.653 [main] DEBUG o.h.e.loading.CollectionLoadContext - collection fully initialized: [net.lojika.gtfs.model.Routes.routesCdkidCollection#istb.280373]
14:01:03.653 [main] DEBUG o.h.e.loading.CollectionLoadContext - 1 collections initialized for role: net.lojika.gtfs.model.Routes.routesCdkidCollection
14:01:03.653 [main] DEBUG org.hibernate.loader.Loader - done loading collection
14:01:03.653 [main] DEBUG org.hibernate.loader.Loader - loading collection: [net.lojika.gtfs.model.Routes.routesCdkidCollection#istb.280374]
14:01:03.653 [main] DEBUG org.hibernate.jdbc.AbstractBatcher - about to open PreparedStatement (open PreparedStatements: 0, globally: 0)
14:01:03.653 [main] DEBUG org.hibernate.SQL - select routescdki0_.route_id as route2_2_1_, routescdki0_.route_cdk_id as route1_1_, routescdki0_.route_cdk_id as route1_3_0_, routescdki0_.route_id as route2_3_0_ from public.routes_cdkid routescdki0_ where routescdki0_.route_id=?
Hibernate: select routescdki0_.route_id as route2_2_1_, routescdki0_.route_cdk_id as route1_1_, routescdki0_.route_cdk_id as route1_3_0_, routescdki0_.route_id as route2_3_0_ from public.routes_cdkid routescdki0_ where routescdki0_.route_id=?
14:01:03.653 [main] DEBUG org.hibernate.jdbc.AbstractBatcher - about to open ResultSet (open ResultSets: 0, globally: 0)
14:01:03.653 [main] DEBUG org.hibernate.loader.Loader - result set contains (possibly empty) collection: [net.lojika.gtfs.model.Routes.routesCdkidCollection#istb.280374]
14:01:03.653 [main] DEBUG org.hibernate.loader.Loader - result row: EntityKey[net.lojika.gtfs.model.RoutesCdkid#gtfs.line.1.16kh-1]
14:01:03.653 [main] DEBUG org.hibernate.loader.Loader - found row of collection: [net.lojika.gtfs.model.Routes.routesCdkidCollection#istb.280374]
14:01:03.653 [main] DEBUG org.hibernate.loader.Loader - result row: EntityKey[net.lojika.gtfs.model.RoutesCdkid#gtfs.line.1.16kh-0]
14:01:03.653 [main] DEBUG org.hibernate.loader.Loader - found row of collection: [net.lojika.gtfs.model.Routes.routesCdkidCollection#istb.280374]
14:01:03.653 [main] DEBUG org.hibernate.jdbc.AbstractBatcher - about to close ResultSet (open ResultSets: 1, globally: 1)
14:01:03.654 [main] DEBUG org.hibernate.jdbc.AbstractBatcher - about to close PreparedStatement (open PreparedStatements: 1, globally: 1)
14:01:03.654 [main] DEBUG o.h.e.loading.CollectionLoadContext - 1 collections were found in result set for role: net.lojika.gtfs.model.Routes.routesCdkidCollection
14:01:03.654 [main] DEBUG o.h.e.loading.CollectionLoadContext - collection fully initialized: [net.lojika.gtfs.model.Routes.routesCdkidCollection#istb.280374]
14:01:03.654 [main] DEBUG o.h.e.loading.CollectionLoadContext - 1 collections initialized for role: net.lojika.gtfs.model.Routes.routesCdkidCollection
14:01:03.654 [main] DEBUG org.hibernate.loader.Loader - done loading collection
14:01:03.654 [main] DEBUG org.hibernate.loader.Loader - loading collection: [net.lojika.gtfs.model.Routes.routesCdkidCollection#istb.280423]
14:01:03.654 [main] DEBUG org.hibernate.jdbc.AbstractBatcher - about to open PreparedStatement (open PreparedStatements: 0, globally: 0)
14:01:03.654 [main] DEBUG org.hibernate.SQL - select routescdki0_.route_id as route2_2_1_, routescdki0_.route_cdk_id as route1_1_, routescdki0_.route_cdk_id as route1_3_0_, routescdki0_.route_id as route2_3_0_ from public.routes_cdkid routescdki0_ where routescdki0_.route_id=?
Hibernate: select routescdki0_.route_id as route2_2_1_, routescdki0_.route_cdk_id as route1_1_, routescdki0_.route_cdk_id as route1_3_0_, routescdki0_.route_id as route2_3_0_ from public.routes_cdkid routescdki0_ where routescdki0_.route_id=?
14:01:03.654 [main] DEBUG org.hibernate.jdbc.AbstractBatcher - about to open ResultSet (open ResultSets: 0, globally: 0)
14:01:03.654 [main] DEBUG org.hibernate.loader.Loader - result set contains (possibly empty) collection: [net.lojika.gtfs.model.Routes.routesCdkidCollection#istb.280423]
14:01:03.654 [main] DEBUG org.hibernate.loader.Loader - result row: EntityKey[net.lojika.gtfs.model.RoutesCdkid#gtfs.line.1.256-1]
14:01:03.654 [main] DEBUG org.hibernate.loader.Loader - found row of collection: [net.lojika.gtfs.model.Routes.routesCdkidCollection#istb.280423]
14:01:03.654 [main] DEBUG org.hibernate.loader.Loader - result row: EntityKey[net.lojika.gtfs.model.RoutesCdkid#gtfs.line.1.256-0]
14:01:03.654 [main] DEBUG org.hibernate.loader.Loader - found row of collection: [net.lojika.gtfs.model.Routes.routesCdkidCollection#istb.280423]
14:01:03.654 [main] DEBUG org.hibernate.jdbc.AbstractBatcher - about to close ResultSet (open ResultSets: 1, globally: 1)
14:01:03.654 [main] DEBUG org.hibernate.jdbc.AbstractBatcher - about to close PreparedStatement (open PreparedStatements: 1, globally: 1)
14:01:03.654 [main] DEBUG o.h.e.loading.CollectionLoadContext - 1 collections were found in result set for role: net.lojika.gtfs.model.Routes.routesCdkidCollection
14:01:03.654 [main] DEBUG o.h.e.loading.CollectionLoadContext - collection fully initialized: [net.lojika.gtfs.model.Routes.routesCdkidCollection#istb.280423]
14:01:03.655 [main] DEBUG o.h.e.loading.CollectionLoadContext - 1 collections initialized for role: net.lojika.gtfs.model.Routes.routesCdkidCollection
14:01:03.655 [main] DEBUG org.hibernate.loader.Loader - done loading collection
14:01:03.655 [main] DEBUG org.hibernate.loader.Loader - loading collection: [net.lojika.gtfs.model.Routes.routesCdkidCollection#istb.280424]
14:01:03.655 [main] DEBUG org.hibernate.jdbc.AbstractBatcher - about to open PreparedStatement (open PreparedStatements: 0, globally: 0)
14:01:03.655 [main] DEBUG org.hibernate.SQL - select routescdki0_.route_id as route2_2_1_, routescdki0_.route_cdk_id as route1_1_, routescdki0_.route_cdk_id as route1_3_0_, routescdki0_.route_id as route2_3_0_ from public.routes_cdkid routescdki0_ where routescdki0_.route_id=?
Hibernate: select routescdki0_.route_id as route2_2_1_, routescdki0_.route_cdk_id as route1_1_, routescdki0_.route_cdk_id as route1_3_0_, routescdki0_.route_id as route2_3_0_ from public.routes_cdkid routescdki0_ where routescdki0_.route_id=?
14:01:03.655 [main] DEBUG org.hibernate.jdbc.AbstractBatcher - about to open ResultSet (open ResultSets: 0, globally: 0)
14:01:03.655 [main] DEBUG org.hibernate.loader.Loader - result set contains (possibly empty) collection: [net.lojika.gtfs.model.Routes.routesCdkidCollection#istb.280424]
14:01:03.655 [main] DEBUG org.hibernate.loader.Loader - result row: EntityKey[net.lojika.gtfs.model.RoutesCdkid#gtfs.line.1.25a-1]
14:01:03.655 [main] DEBUG org.hibernate.loader.Loader - found row of collection: [net.lojika.gtfs.model.Routes.routesCdkidCollection#istb.280424]
14:01:03.655 [main] DEBUG org.hibernate.loader.Loader - result row: EntityKey[net.lojika.gtfs.model.RoutesCdkid#gtfs.line.1.25a-0]
14:01:03.655 [main] DEBUG org.hibernate.loader.Loader - found row of collection: [net.lojika.gtfs.model.Routes.routesCdkidCollection#istb.280424]
14:01:03.655 [main] DEBUG org.hibernate.jdbc.AbstractBatcher - about to close ResultSet (open ResultSets: 1, globally: 1)
14:01:03.655 [main] DEBUG org.hibernate.jdbc.AbstractBatcher - about to close PreparedStatement (open PreparedStatements: 1, globally: 1)
14:01:03.655 [main] DEBUG o.h.e.loading.CollectionLoadContext - 1 collections were found in result set for role: net.lojika.gtfs.model.Routes.routesCdkidCollection
14:01:03.655 [main] DEBUG o.h.e.loading.CollectionLoadContext - collection fully initialized: [net.lojika.gtfs.model.Routes.routesCdkidCollection#istb.280424]
14:01:03.655 [main] DEBUG o.h.e.loading.CollectionLoadContext - 1 collections initialized for role: net.lojika.gtfs.model.Routes.routesCdkidCollection
14:01:03.655 [main] DEBUG org.hibernate.loader.Loader - done loading collection
14:01:03.656 [main] DEBUG org.hibernate.loader.Loader - loading collection: [net.lojika.gtfs.model.Routes.routesCdkidCollection#istb.280425]
14:01:03.656 [main] DEBUG org.hibernate.jdbc.AbstractBatcher - about to open PreparedStatement (open PreparedStatements: 0, globally: 0)
14:01:03.656 [main] DEBUG org.hibernate.SQL - select routescdki0_.route_id as route2_2_1_, routescdki0_.route_cdk_id as route1_1_, routescdki0_.route_cdk_id as route1_3_0_, routescdki0_.route_id as route2_3_0_ from public.routes_cdkid routescdki0_ where routescdki0_.route_id=?
Hibernate: select routescdki0_.route_id as route2_2_1_, routescdki0_.route_cdk_id as route1_1_, routescdki0_.route_cdk_id as route1_3_0_, routescdki0_.route_id as route2_3_0_ from public.routes_cdkid routescdki0_ where routescdki0_.route_id=?
14:01:03.656 [main] DEBUG org.hibernate.jdbc.AbstractBatcher - about to open ResultSet (open ResultSets: 0, globally: 0)
14:01:03.656 [main] DEBUG org.hibernate.loader.Loader - result set contains (possibly empty) collection: [net.lojika.gtfs.model.Routes.routesCdkidCollection#istb.280425]
14:01:03.656 [main] DEBUG org.hibernate.loader.Loader - result row: EntityKey[net.lojika.gtfs.model.RoutesCdkid#gtfs.line.1.25e-1]
14:01:03.656 [main] DEBUG org.hibernate.loader.Loader - found row of collection: [net.lojika.gtfs.model.Routes.routesCdkidCollection#istb.280425]
14:01:03.656 [main] DEBUG org.hibernate.loader.Loader - result row: EntityKey[net.lojika.gtfs.model.RoutesCdkid#gtfs.line.1.25e-0]
14:01:03.656 [main] DEBUG org.hibernate.loader.Loader - found row of collection: [net.lojika.gtfs.model.Routes.routesCdkidCollection#istb.280425]
14:01:03.656 [main] DEBUG org.hibernate.jdbc.AbstractBatcher - about to close ResultSet (open ResultSets: 1, globally: 1)
14:01:03.656 [main] DEBUG org.hibernate.jdbc.AbstractBatcher - about to close PreparedStatement (open PreparedStatements: 1, globally: 1)
14:01:03.656 [main] DEBUG o.h.e.loading.CollectionLoadContext - 1 collections were found in result set for role: net.lojika.gtfs.model.Routes.routesCdkidCollection
14:01:03.656 [main] DEBUG o.h.e.loading.CollectionLoadContext - collection fully initialized: [net.lojika.gtfs.model.Routes.routesCdkidCollection#istb.280425]
14:01:03.656 [main] DEBUG o.h.e.loading.CollectionLoadContext - 1 collections initialized for role: net.lojika.gtfs.model.Routes.routesCdkidCollection
14:01:03.656 [main] DEBUG org.hibernate.loader.Loader - done loading collection
14:01:03.656 [main] DEBUG org.hibernate.loader.Loader - loading collection: [net.lojika.gtfs.model.Routes.routesCdkidCollection#istb.280426]
14:01:03.656 [main] DEBUG org.hibernate.jdbc.AbstractBatcher - about to open PreparedStatement (open PreparedStatements: 0, globally: 0)
14:01:03.657 [main] DEBUG org.hibernate.SQL - select routescdki0_.route_id as route2_2_1_, routescdki0_.route_cdk_id as route1_1_, routescdki0_.route_cdk_id as route1_3_0_, routescdki0_.route_id as route2_3_0_ from public.routes_cdkid routescdki0_ where routescdki0_.route_id=?
Hibernate: select routescdki0_.route_id as route2_2_1_, routescdki0_.route_cdk_id as route1_1_, routescdki0_.route_cdk_id as route1_3_0_, routescdki0_.route_id as route2_3_0_ from public.routes_cdkid routescdki0_ where routescdki0_.route_id=?
14:01:03.657 [main] DEBUG org.hibernate.jdbc.AbstractBatcher - about to open ResultSet (open ResultSets: 0, globally: 0)
14:01:03.657 [main] DEBUG org.hibernate.loader.Loader - result set contains (possibly empty) collection: [net.lojika.gtfs.model.Routes.routesCdkidCollection#istb.280426]
14:01:03.657 [main] DEBUG org.hibernate.loader.Loader - result row: EntityKey[net.lojika.gtfs.model.RoutesCdkid#gtfs.line.1.25g-1]
14:01:03.657 [main] DEBUG org.hibernate.loader.Loader - found row of collection: [net.lojika.gtfs.model.Routes.routesCdkidCollection#istb.280426]
14:01:03.657 [main] DEBUG org.hibernate.loader.Loader - result row: EntityKey[net.lojika.gtfs.model.RoutesCdkid#gtfs.line.1.25g-0]
14:01:03.657 [main] DEBUG org.hibernate.loader.Loader - found row of collection: [net.lojika.gtfs.model.Routes.routesCdkidCollection#istb.280426]
14:01:03.657 [main] DEBUG org.hibernate.jdbc.AbstractBatcher - about to close ResultSet (open ResultSets: 1, globally: 1)
14:01:03.657 [main] DEBUG org.hibernate.jdbc.AbstractBatcher - about to close PreparedStatement (open PreparedStatements: 1, globally: 1)
14:01:03.657 [main] DEBUG o.h.e.loading.CollectionLoadContext - 1 collections were found in result set for role: net.lojika.gtfs.model.Routes.routesCdkidCollection
14:01:03.657 [main] DEBUG o.h.e.loading.CollectionLoadContext - collection fully initialized: [net.lojika.gtfs.model.Routes.routesCdkidCollection#istb.280426]
14:01:03.657 [main] DEBUG o.h.e.loading.CollectionLoadContext - 1 collections initialized for role: net.lojika.gtfs.model.Routes.routesCdkidCollection
14:01:03.657 [main] DEBUG org.hibernate.loader.Loader - done loading collection
14:01:03.657 [main] DEBUG org.hibernate.loader.Loader - loading collection: [net.lojika.gtfs.model.Routes.routesCdkidCollection#istb.280427]
14:01:03.657 [main] DEBUG org.hibernate.jdbc.AbstractBatcher - about to open PreparedStatement (open PreparedStatements: 0, globally: 0)
14:01:03.657 [main] DEBUG org.hibernate.SQL - select routescdki0_.route_id as route2_2_1_, routescdki0_.route_cdk_id as route1_1_, routescdki0_.route_cdk_id as route1_3_0_, routescdki0_.route_id as route2_3_0_ from public.routes_cdkid routescdki0_ where routescdki0_.route_id=?
Hibernate: select routescdki0_.route_id as route2_2_1_, routescdki0_.route_cdk_id as route1_1_, routescdki0_.route_cdk_id as route1_3_0_, routescdki0_.route_id as route2_3_0_ from public.routes_cdkid routescdki0_ where routescdki0_.route_id=?
14:01:03.658 [main] DEBUG org.hibernate.jdbc.AbstractBatcher - about to open ResultSet (open ResultSets: 0, globally: 0)
14:01:03.658 [main] DEBUG org.hibernate.loader.Loader - result set contains (possibly empty) collection: [net.lojika.gtfs.model.Routes.routesCdkidCollection#istb.280427]
14:01:03.658 [main] DEBUG org.hibernate.loader.Loader - result row: EntityKey[net.lojika.gtfs.model.RoutesCdkid#gtfs.line.1.25h-0]
14:01:03.658 [main] DEBUG org.hibernate.loader.Loader - found row of collection: [net.lojika.gtfs.model.Routes.routesCdkidCollection#istb.280427]
14:01:03.658 [main] DEBUG org.hibernate.jdbc.AbstractBatcher - about to close ResultSet (open ResultSets: 1, globally: 1)
14:01:03.658 [main] DEBUG org.hibernate.jdbc.AbstractBatcher - about to close PreparedStatement (open PreparedStatements: 1, globally: 1)
14:01:03.658 [main] DEBUG o.h.e.loading.CollectionLoadContext - 1 collections were found in result set for role: net.lojika.gtfs.model.Routes.routesCdkidCollection
14:01:03.658 [main] DEBUG o.h.e.loading.CollectionLoadContext - collection fully initialized: [net.lojika.gtfs.model.Routes.routesCdkidCollection#istb.280427]
14:01:03.658 [main] DEBUG o.h.e.loading.CollectionLoadContext - 1 collections initialized for role: net.lojika.gtfs.model.Routes.routesCdkidCollection
14:01:03.658 [main] DEBUG org.hibernate.loader.Loader - done loading collection
14:01:03.658 [main] DEBUG org.hibernate.loader.Loader - loading collection: [net.lojika.gtfs.model.Routes.routesCdkidCollection#istb.280428]
14:01:03.658 [main] DEBUG org.hibernate.jdbc.AbstractBatcher - about to open PreparedStatement (open PreparedStatements: 0, globally: 0)
14:01:03.658 [main] DEBUG org.hibernate.SQL - select routescdki0_.route_id as route2_2_1_, routescdki0_.route_cdk_id as route1_1_, routescdki0_.route_cdk_id as route1_3_0_, routescdki0_.route_id as route2_3_0_ from public.routes_cdkid routescdki0_ where routescdki0_.route_id=?
Hibernate: select routescdki0_.route_id as route2_2_1_, routescdki0_.route_cdk_id as route1_1_, routescdki0_.route_cdk_id as route1_3_0_, routescdki0_.route_id as route2_3_0_ from public.routes_cdkid routescdki0_ where routescdki0_.route_id=?
14:01:03.659 [main] DEBUG org.hibernate.jdbc.AbstractBatcher - about to open ResultSet (open ResultSets: 0, globally: 0)
14:01:03.659 [main] DEBUG org.hibernate.loader.Loader - result set contains (possibly empty) collection: [net.lojika.gtfs.model.Routes.routesCdkidCollection#istb.280428]
14:01:03.659 [main] DEBUG org.hibernate.loader.Loader - result row: EntityKey[net.lojika.gtfs.model.RoutesCdkid#gtfs.line.1.25t-1]
14:01:03.659 [main] DEBUG org.hibernate.loader.Loader - found row of collection: [net.lojika.gtfs.model.Routes.routesCdkidCollection#istb.280428]
14:01:03.659 [main] DEBUG org.hibernate.loader.Loader - result row: EntityKey[net.lojika.gtfs.model.RoutesCdkid#gtfs.line.1.25t-0]
14:01:03.659 [main] DEBUG org.hibernate.loader.Loader - found row of collection: [net.lojika.gtfs.model.Routes.routesCdkidCollection#istb.280428]
14:01:03.659 [main] DEBUG org.hibernate.jdbc.AbstractBatcher - about to close ResultSet (open ResultSets: 1, globally: 1)
14:01:03.659 [main] DEBUG org.hibernate.jdbc.AbstractBatcher - about to close PreparedStatement (open PreparedStatements: 1, globally: 1)
14:01:03.659 [main] DEBUG o.h.e.loading.CollectionLoadContext - 1 collections were found in result set for role: net.lojika.gtfs.model.Routes.routesCdkidCollection
14:01:03.659 [main] DEBUG o.h.e.loading.CollectionLoadContext - collection fully initialized: [net.lojika.gtfs.model.Routes.routesCdkidCollection#istb.280428]
14:01:03.659 [main] DEBUG o.h.e.loading.CollectionLoadContext - 1 collections initialized for role: net.lojika.gtfs.model.Routes.routesCdkidCollection
14:01:03.659 [main] DEBUG org.hibernate.loader.Loader - done loading collection
14:01:03.659 [main] DEBUG org.hibernate.loader.Loader - loading collection: [net.lojika.gtfs.model.Routes.routesCdkidCollection#istb.280429]
14:01:03.659 [main] DEBUG org.hibernate.jdbc.AbstractBatcher - about to open PreparedStatement (open PreparedStatements: 0, globally: 0)
14:01:03.659 [main] DEBUG org.hibernate.SQL - select routescdki0_.route_id as route2_2_1_, routescdki0_.route_cdk_id as route1_1_, routescdki0_.route_cdk_id as route1_3_0_, routescdki0_.route_id as route2_3_0_ from public.routes_cdkid routescdki0_ where routescdki0_.route_id=?
Hibernate: select routescdki0_.route_id as route2_2_1_, routescdki0_.route_cdk_id as route1_1_, routescdki0_.route_cdk_id as route1_3_0_, routescdki0_.route_id as route2_3_0_ from public.routes_cdkid routescdki0_ where routescdki0_.route_id=?
14:01:03.660 [main] DEBUG org.hibernate.jdbc.AbstractBatcher - about to open ResultSet (open ResultSets: 0, globally: 0)
14:01:03.660 [main] DEBUG org.hibernate.loader.Loader - result set contains (possibly empty) collection: [net.lojika.gtfs.model.Routes.routesCdkidCollection#istb.280429]
14:01:03.660 [main] DEBUG org.hibernate.loader.Loader - result row: EntityKey[net.lojika.gtfs.model.RoutesCdkid#gtfs.line.1.25y-1]
14:01:03.660 [main] DEBUG org.hibernate.loader.Loader - found row of collection: [net.lojika.gtfs.model.Routes.routesCdkidCollection#istb.280429]
14:01:03.660 [main] DEBUG org.hibernate.loader.Loader - result row: EntityKey[net.lojika.gtfs.model.RoutesCdkid#gtfs.line.1.25y-0]
14:01:03.660 [main] DEBUG org.hibernate.loader.Loader - found row of collection: [net.lojika.gtfs.model.Routes.routesCdkidCollection#istb.280429]
14:01:03.660 [main] DEBUG org.hibernate.jdbc.AbstractBatcher - about to close ResultSet (open ResultSets: 1, globally: 1)
14:01:03.660 [main] DEBUG org.hibernate.jdbc.AbstractBatcher - about to close PreparedStatement (open PreparedStatements: 1, globally: 1)
14:01:03.660 [main] DEBUG o.h.e.loading.CollectionLoadContext - 1 collections were found in result set for role: net.lojika.gtfs.model.Routes.routesCdkidCollection
14:01:03.660 [main] DEBUG o.h.e.loading.CollectionLoadContext - collection fully initialized: [net.lojika.gtfs.model.Routes.routesCdkidCollection#istb.280429]
14:01:03.660 [main] DEBUG o.h.e.loading.CollectionLoadContext - 1 collections initialized for role: net.lojika.gtfs.model.Routes.routesCdkidCollection
14:01:03.660 [main] DEBUG org.hibernate.loader.Loader - done loading collection
14:01:03.660 [main] DEBUG org.hibernate.loader.Loader - loading collection: [net.lojika.gtfs.model.Routes.routesCdkidCollection#istb.280431]
14:01:03.660 [main] DEBUG org.hibernate.jdbc.AbstractBatcher - about to open PreparedStatement (open PreparedStatements: 0, globally: 0)
14:01:03.660 [main] DEBUG org.hibernate.SQL - select routescdki0_.route_id as route2_2_1_, routescdki0_.route_cdk_id as route1_1_, routescdki0_.route_cdk_id as route1_3_0_, routescdki0_.route_id as route2_3_0_ from public.routes_cdkid routescdki0_ where routescdki0_.route_id=?
Hibernate: select routescdki0_.route_id as route2_2_1_, routescdki0_.route_cdk_id as route1_1_, routescdki0_.route_cdk_id as route1_3_0_, routescdki0_.route_id as route2_3_0_ from public.routes_cdkid routescdki0_ where routescdki0_.route_id=?
14:01:03.661 [main] DEBUG org.hibernate.jdbc.AbstractBatcher - about to open ResultSet (open ResultSets: 0, globally: 0)
14:01:03.661 [main] DEBUG org.hibernate.loader.Loader - result set contains (possibly empty) collection: [net.lojika.gtfs.model.Routes.routesCdkidCollection#istb.280431]
14:01:03.661 [main] DEBUG org.hibernate.loader.Loader - result row: EntityKey[net.lojika.gtfs.model.RoutesCdkid#gtfs.line.1.26-1]
14:01:03.661 [main] DEBUG org.hibernate.loader.Loader - found row of collection: [net.lojika.gtfs.model.Routes.routesCdkidCollection#istb.280431]
14:01:03.661 [main] DEBUG org.hibernate.loader.Loader - result row: EntityKey[net.lojika.gtfs.model.RoutesCdkid#gtfs.line.1.26-0]
14:01:03.661 [main] DEBUG org.hibernate.loader.Loader - found row of collection: [net.lojika.gtfs.model.Routes.routesCdkidCollection#istb.280431]
14:01:03.661 [main] DEBUG org.hibernate.jdbc.AbstractBatcher - about to close ResultSet (open ResultSets: 1, globally: 1)
14:01:03.661 [main] DEBUG org.hibernate.jdbc.AbstractBatcher - about to close PreparedStatement (open PreparedStatements: 1, globally: 1)
14:01:03.661 [main] DEBUG o.h.e.loading.CollectionLoadContext - 1 collections were found in result set for role: net.lojika.gtfs.model.Routes.routesCdkidCollection
14:01:03.661 [main] DEBUG o.h.e.loading.CollectionLoadContext - collection fully initialized: [net.lojika.gtfs.model.Routes.routesCdkidCollection#istb.280431]
14:01:03.661 [main] DEBUG o.h.e.loading.CollectionLoadContext - 1 collections initialized for role: net.lojika.gtfs.model.Routes.routesCdkidCollection
14:01:03.661 [main] DEBUG org.hibernate.loader.Loader - done loading collection
14:01:03.661 [main] DEBUG org.hibernate.loader.Loader - loading collection: [net.lojika.gtfs.model.Routes.routesCdkidCollection#istb.280432]
14:01:03.661 [main] DEBUG org.hibernate.jdbc.AbstractBatcher - about to open PreparedStatement (open PreparedStatements: 0, globally: 0)
14:01:03.661 [main] DEBUG org.hibernate.SQL - select routescdki0_.route_id as route2_2_1_, routescdki0_.route_cdk_id as route1_1_, routescdki0_.route_cdk_id as route1_3_0_, routescdki0_.route_id as route2_3_0_ from public.routes_cdkid routescdki0_ where routescdki0_.route_id=?
Hibernate: select routescdki0_.route_id as route2_2_1_, routescdki0_.route_cdk_id as route1_1_, routescdki0_.route_cdk_id as route1_3_0_, routescdki0_.route_id as route2_3_0_ from public.routes_cdkid routescdki0_ where routescdki0_.route_id=?
14:01:03.662 [main] DEBUG org.hibernate.jdbc.AbstractBatcher - about to open ResultSet (open ResultSets: 0, globally: 0)
14:01:03.662 [main] DEBUG org.hibernate.loader.Loader - result set contains (possibly empty) collection: [net.lojika.gtfs.model.Routes.routesCdkidCollection#istb.280432]
14:01:03.662 [main] DEBUG org.hibernate.loader.Loader - result row: EntityKey[net.lojika.gtfs.model.RoutesCdkid#gtfs.line.1.26a-1]
14:01:03.662 [main] DEBUG org.hibernate.loader.Loader - found row of collection: [net.lojika.gtfs.model.Routes.routesCdkidCollection#istb.280432]
14:01:03.662 [main] DEBUG org.hibernate.loader.Loader - result row: EntityKey[net.lojika.gtfs.model.RoutesCdkid#gtfs.line.1.26a-0]
14:01:03.662 [main] DEBUG org.hibernate.loader.Loader - found row of collection: [net.lojika.gtfs.model.Routes.routesCdkidCollection#istb.280432]
14:01:03.662 [main] DEBUG org.hibernate.jdbc.AbstractBatcher - about to close ResultSet (open ResultSets: 1, globally: 1)
14:01:03.662 [main] DEBUG org.hibernate.jdbc.AbstractBatcher - about to close PreparedStatement (open PreparedStatements: 1, globally: 1)
14:01:03.662 [main] DEBUG o.h.e.loading.CollectionLoadContext - 1 collections were found in result set for role: net.lojika.gtfs.model.Routes.routesCdkidCollection
14:01:03.662 [main] DEBUG o.h.e.loading.CollectionLoadContext - collection fully initialized: [net.lojika.gtfs.model.Routes.routesCdkidCollection#istb.280432]
14:01:03.662 [main] DEBUG o.h.e.loading.CollectionLoadContext - 1 collections initialized for role: net.lojika.gtfs.model.Routes.routesCdkidCollection
14:01:03.662 [main] DEBUG org.hibernate.loader.Loader - done loading collection
14:01:03.662 [main] DEBUG org.hibernate.loader.Loader - loading collection: [net.lojika.gtfs.model.Routes.routesCdkidCollection#istb.280433]
14:01:03.662 [main] DEBUG org.hibernate.jdbc.AbstractBatcher - about to open PreparedStatement (open PreparedStatements: 0, globally: 0)
14:01:03.662 [main] DEBUG org.hibernate.SQL - select routescdki0_.route_id as route2_2_1_, routescdki0_.route_cdk_id as route1_1_, routescdki0_.route_cdk_id as route1_3_0_, routescdki0_.route_id as route2_3_0_ from public.routes_cdkid routescdki0_ where routescdki0_.route_id=?
Hibernate: select routescdki0_.route_id as route2_2_1_, routescdki0_.route_cdk_id as route1_1_, routescdki0_.route_cdk_id as route1_3_0_, routescdki0_.route_id as route2_3_0_ from public.routes_cdkid routescdki0_ where routescdki0_.route_id=?
14:01:03.663 [main] DEBUG org.hibernate.jdbc.AbstractBatcher - about to open ResultSet (open ResultSets: 0, globally: 0)
14:01:03.663 [main] DEBUG org.hibernate.loader.Loader - result set contains (possibly empty) collection: [net.lojika.gtfs.model.Routes.routesCdkidCollection#istb.280433]
14:01:03.663 [main] DEBUG org.hibernate.loader.Loader - result row: EntityKey[net.lojika.gtfs.model.RoutesCdkid#gtfs.line.1.26b-1]
14:01:03.663 [main] DEBUG org.hibernate.loader.Loader - found row of collection: [net.lojika.gtfs.model.Routes.routesCdkidCollection#istb.280433]
14:01:03.663 [main] DEBUG org.hibernate.loader.Loader - result row: EntityKey[net.lojika.gtfs.model.RoutesCdkid#gtfs.line.1.26b-0]
14:01:03.663 [main] DEBUG org.hibernate.loader.Loader - found row of collection: [net.lojika.gtfs.model.Routes.routesCdkidCollection#istb.280433]
14:01:03.663 [main] DEBUG org.hibernate.jdbc.AbstractBatcher - about to close ResultSet (open ResultSets: 1, globally: 1)
14:01:03.663 [main] DEBUG org.hibernate.jdbc.AbstractBatcher - about to close PreparedStatement (open PreparedStatements: 1, globally: 1)
14:01:03.663 [main] DEBUG o.h.e.loading.CollectionLoadContext - 1 collections were found in result set for role: net.lojika.gtfs.model.Routes.routesCdkidCollection
14:01:03.663 [main] DEBUG o.h.e.loading.CollectionLoadContext - collection fully initialized: [net.lojika.gtfs.model.Routes.routesCdkidCollection#istb.280433]
14:01:03.663 [main] DEBUG o.h.e.loading.CollectionLoadContext - 1 collections initialized for role: net.lojika.gtfs.model.Routes.routesCdkidCollection
14:01:03.663 [main] DEBUG org.hibernate.loader.Loader - done loading collection
14:01:03.663 [main] DEBUG org.hibernate.loader.Loader - loading collection: [net.lojika.gtfs.model.Routes.routesCdkidCollection#istb.280434]
14:01:03.663 [main] DEBUG org.hibernate.jdbc.AbstractBatcher - about to open PreparedStatement (open PreparedStatements: 0, globally: 0)
14:01:03.663 [main] DEBUG org.hibernate.SQL - select routescdki0_.route_id as route2_2_1_, routescdki0_.route_cdk_id as route1_1_, routescdki0_.route_cdk_id as route1_3_0_, routescdki0_.route_id as route2_3_0_ from public.routes_cdkid routescdki0_ where routescdki0_.route_id=?
Hibernate: select routescdki0_.route_id as route2_2_1_, routescdki0_.route_cdk_id as route1_1_, routescdki0_.route_cdk_id as route1_3_0_, routescdki0_.route_id as route2_3_0_ from public.routes_cdkid routescdki0_ where routescdki0_.route_id=?
14:01:03.664 [main] DEBUG org.hibernate.jdbc.AbstractBatcher - about to open ResultSet (open ResultSets: 0, globally: 0)
14:01:03.664 [main] DEBUG org.hibernate.loader.Loader - result set contains (possibly empty) collection: [net.lojika.gtfs.model.Routes.routesCdkidCollection#istb.280434]
14:01:03.664 [main] DEBUG org.hibernate.loader.Loader - result row: EntityKey[net.lojika.gtfs.model.RoutesCdkid#gtfs.line.1.27e-0]
14:01:03.664 [main] DEBUG org.hibernate.loader.Loader - found row of collection: [net.lojika.gtfs.model.Routes.routesCdkidCollection#istb.280434]
14:01:03.664 [main] DEBUG org.hibernate.jdbc.AbstractBatcher - about to close ResultSet (open ResultSets: 1, globally: 1)
14:01:03.664 [main] DEBUG org.hibernate.jdbc.AbstractBatcher - about to close PreparedStatement (open PreparedStatements: 1, globally: 1)
14:01:03.664 [main] DEBUG o.h.e.loading.CollectionLoadContext - 1 collections were found in result set for role: net.lojika.gtfs.model.Routes.routesCdkidCollection
14:01:03.664 [main] DEBUG o.h.e.loading.CollectionLoadContext - collection fully initialized: [net.lojika.gtfs.model.Routes.routesCdkidCollection#istb.280434]
14:01:03.664 [main] DEBUG o.h.e.loading.CollectionLoadContext - 1 collections initialized for role: net.lojika.gtfs.model.Routes.routesCdkidCollection
14:01:03.664 [main] DEBUG org.hibernate.loader.Loader - done loading collection
14:01:03.664 [main] DEBUG org.hibernate.loader.Loader - loading collection: [net.lojika.gtfs.model.Routes.routesCdkidCollection#istb.280437]
14:01:03.664 [main] DEBUG org.hibernate.jdbc.AbstractBatcher - about to open PreparedStatement (open PreparedStatements: 0, globally: 0)
14:01:03.664 [main] DEBUG org.hibernate.SQL - select routescdki0_.route_id as route2_2_1_, routescdki0_.route_cdk_id as route1_1_, routescdki0_.route_cdk_id as route1_3_0_, routescdki0_.route_id as route2_3_0_ from public.routes_cdkid routescdki0_ where routescdki0_.route_id=?
Hibernate: select routescdki0_.route_id as route2_2_1_, routescdki0_.route_cdk_id as route1_1_, routescdki0_.route_cdk_id as route1_3_0_, routescdki0_.route_id as route2_3_0_ from public.routes_cdkid routescdki0_ where routescdki0_.route_id=?
14:01:03.665 [main] DEBUG org.hibernate.jdbc.AbstractBatcher - about to open ResultSet (open ResultSets: 0, globally: 0)
14:01:03.665 [main] DEBUG org.hibernate.loader.Loader - result set contains (possibly empty) collection: [net.lojika.gtfs.model.Routes.routesCdkidCollection#istb.280437]
14:01:03.665 [main] DEBUG org.hibernate.loader.Loader - result row: EntityKey[net.lojika.gtfs.model.RoutesCdkid#gtfs.line.1.28-1]
14:01:03.665 [main] DEBUG org.hibernate.loader.Loader - found row of collection: [net.lojika.gtfs.model.Routes.routesCdkidCollection#istb.280437]
14:01:03.665 [main] DEBUG org.hibernate.loader.Loader - result row: EntityKey[net.lojika.gtfs.model.RoutesCdkid#gtfs.line.1.28-0]
14:01:03.665 [main] DEBUG org.hibernate.loader.Loader - found row of collection: [net.lojika.gtfs.model.Routes.routesCdkidCollection#istb.280437]
14:01:03.665 [main] DEBUG org.hibernate.jdbc.AbstractBatcher - about to close ResultSet (open ResultSets: 1, globally: 1)
14:01:03.665 [main] DEBUG org.hibernate.jdbc.AbstractBatcher - about to close PreparedStatement (open PreparedStatements: 1, globally: 1)
14:01:03.665 [main] DEBUG o.h.e.loading.CollectionLoadContext - 1 collections were found in result set for role: net.lojika.gtfs.model.Routes.routesCdkidCollection
14:01:03.665 [main] DEBUG o.h.e.loading.CollectionLoadContext - collection fully initialized: [net.lojika.gtfs.model.Routes.routesCdkidCollection#istb.280437]
14:01:03.665 [main] DEBUG o.h.e.loading.CollectionLoadContext - 1 collections initialized for role: net.lojika.gtfs.model.Routes.routesCdkidCollection
14:01:03.665 [main] DEBUG org.hibernate.loader.Loader - done loading collection
14:01:03.665 [main] DEBUG org.hibernate.loader.Loader - loading collection: [net.lojika.gtfs.model.Routes.routesCdkidCollection#istb.280438]
14:01:03.665 [main] DEBUG org.hibernate.jdbc.AbstractBatcher - about to open PreparedStatement (open PreparedStatements: 0, globally: 0)
14:01:03.665 [main] DEBUG org.hibernate.SQL - select routescdki0_.route_id as route2_2_1_, routescdki0_.route_cdk_id as route1_1_, routescdki0_.route_cdk_id as route1_3_0_, routescdki0_.route_id as route2_3_0_ from public.routes_cdkid routescdki0_ where routescdki0_.route_id=?
Hibernate: select routescdki0_.route_id as route2_2_1_, routescdki0_.route_cdk_id as route1_1_, routescdki0_.route_cdk_id as route1_3_0_, routescdki0_.route_id as route2_3_0_ from public.routes_cdkid routescdki0_ where routescdki0_.route_id=?
14:01:03.666 [main] DEBUG org.hibernate.jdbc.AbstractBatcher - about to open ResultSet (open ResultSets: 0, globally: 0)
14:01:03.666 [main] DEBUG org.hibernate.loader.Loader - result set contains (possibly empty) collection: [net.lojika.gtfs.model.Routes.routesCdkidCollection#istb.280438]
14:01:03.666 [main] DEBUG org.hibernate.loader.Loader - result row: EntityKey[net.lojika.gtfs.model.RoutesCdkid#gtfs.line.1.28o-1]
14:01:03.666 [main] DEBUG org.hibernate.loader.Loader - found row of collection: [net.lojika.gtfs.model.Routes.routesCdkidCollection#istb.280438]
14:01:03.666 [main] DEBUG org.hibernate.loader.Loader - result row: EntityKey[net.lojika.gtfs.model.RoutesCdkid#gtfs.line.1.28o-0]
14:01:03.666 [main] DEBUG org.hibernate.loader.Loader - found row of collection: [net.lojika.gtfs.model.Routes.routesCdkidCollection#istb.280438]
14:01:03.666 [main] DEBUG org.hibernate.jdbc.AbstractBatcher - about to close ResultSet (open ResultSets: 1, globally: 1)
14:01:03.666 [main] DEBUG org.hibernate.jdbc.AbstractBatcher - about to close PreparedStatement (open PreparedStatements: 1, globally: 1)
14:01:03.666 [main] DEBUG o.h.e.loading.CollectionLoadContext - 1 collections were found in result set for role: net.lojika.gtfs.model.Routes.routesCdkidCollection
14:01:03.666 [main] DEBUG o.h.e.loading.CollectionLoadContext - collection fully initialized: [net.lojika.gtfs.model.Routes.routesCdkidCollection#istb.280438]
14:01:03.666 [main] DEBUG o.h.e.loading.CollectionLoadContext - 1 collections initialized for role: net.lojika.gtfs.model.Routes.routesCdkidCollection
14:01:03.666 [main] DEBUG org.hibernate.loader.Loader - done loading collection
14:01:03.666 [main] DEBUG org.hibernate.loader.Loader - loading collection: [net.lojika.gtfs.model.Routes.routesCdkidCollection#istb.280439]
14:01:03.666 [main] DEBUG org.hibernate.jdbc.AbstractBatcher - about to open PreparedStatement (open PreparedStatements: 0, globally: 0)
14:01:03.666 [main] DEBUG org.hibernate.SQL - select routescdki0_.route_id as route2_2_1_, routescdki0_.route_cdk_id as route1_1_, routescdki0_.route_cdk_id as route1_3_0_, routescdki0_.route_id as route2_3_0_ from public.routes_cdkid routescdki0_ where routescdki0_.route_id=?
Hibernate: select routescdki0_.route_id as route2_2_1_, routescdki0_.route_cdk_id as route1_1_, routescdki0_.route_cdk_id as route1_3_0_, routescdki0_.route_id as route2_3_0_ from public.routes_cdkid routescdki0_ where routescdki0_.route_id=?
14:01:03.667 [main] DEBUG org.hibernate.jdbc.AbstractBatcher - about to open ResultSet (open ResultSets: 0, globally: 0)
14:01:03.667 [main] DEBUG org.hibernate.loader.Loader - result set contains (possibly empty) collection: [net.lojika.gtfs.model.Routes.routesCdkidCollection#istb.280439]
14:01:03.667 [main] DEBUG org.hibernate.loader.Loader - result row: EntityKey[net.lojika.gtfs.model.RoutesCdkid#gtfs.line.1.28t-1]
14:01:03.667 [main] DEBUG org.hibernate.loader.Loader - found row of collection: [net.lojika.gtfs.model.Routes.routesCdkidCollection#istb.280439]
14:01:03.667 [main] DEBUG org.hibernate.loader.Loader - result row: EntityKey[net.lojika.gtfs.model.RoutesCdkid#gtfs.line.1.28t-0]
14:01:03.667 [main] DEBUG org.hibernate.loader.Loader - found row of collection: [net.lojika.gtfs.model.Routes.routesCdkidCollection#istb.280439]
14:01:03.667 [main] DEBUG org.hibernate.jdbc.AbstractBatcher - about to close ResultSet (open ResultSets: 1, globally: 1)
14:01:03.667 [main] DEBUG org.hibernate.jdbc.AbstractBatcher - about to close PreparedStatement (open PreparedStatements: 1, globally: 1)
14:01:03.667 [main] DEBUG o.h.e.loading.CollectionLoadContext - 1 collections were found in result set for role: net.lojika.gtfs.model.Routes.routesCdkidCollection
14:01:03.667 [main] DEBUG o.h.e.loading.CollectionLoadContext - collection fully initialized: [net.lojika.gtfs.model.Routes.routesCdkidCollection#istb.280439]
14:01:03.667 [main] DEBUG o.h.e.loading.CollectionLoadContext - 1 collections initialized for role: net.lojika.gtfs.model.Routes.routesCdkidCollection
14:01:03.667 [main] DEBUG org.hibernate.loader.Loader - done loading collection
14:01:03.667 [main] DEBUG org.hibernate.loader.Loader - loading collection: [net.lojika.gtfs.model.Routes.routesCdkidCollection#istb.280764]
14:01:03.667 [main] DEBUG org.hibernate.jdbc.AbstractBatcher - about to open PreparedStatement (open PreparedStatements: 0, globally: 0)
14:01:03.667 [main] DEBUG org.hibernate.SQL - select routescdki0_.route_id as route2_2_1_, routescdki0_.route_cdk_id as route1_1_, routescdki0_.route_cdk_id as route1_3_0_, routescdki0_.route_id as route2_3_0_ from public.routes_cdkid routescdki0_ where routescdki0_.route_id=?
Hibernate: select routescdki0_.route_id as route2_2_1_, routescdki0_.route_cdk_id as route1_1_, routescdki0_.route_cdk_id as route1_3_0_, routescdki0_.route_id as route2_3_0_ from public.routes_cdkid routescdki0_ where routescdki0_.route_id=?
14:01:03.668 [main] DEBUG org.hibernate.jdbc.AbstractBatcher - about to open ResultSet (open ResultSets: 0, globally: 0)
14:01:03.668 [main] DEBUG org.hibernate.loader.Loader - result set contains (possibly empty) collection: [net.lojika.gtfs.model.Routes.routesCdkidCollection#istb.280764]
14:01:03.668 [main] DEBUG org.hibernate.loader.Loader - result row: EntityKey[net.lojika.gtfs.model.RoutesCdkid#gtfs.line.1.99-1]
14:01:03.668 [main] DEBUG org.hibernate.loader.Loader - found row of collection: [net.lojika.gtfs.model.Routes.routesCdkidCollection#istb.280764]
14:01:03.668 [main] DEBUG org.hibernate.loader.Loader - result row: EntityKey[net.lojika.gtfs.model.RoutesCdkid#gtfs.line.1.99-0]
14:01:03.668 [main] DEBUG org.hibernate.loader.Loader - found row of collection: [net.lojika.gtfs.model.Routes.routesCdkidCollection#istb.280764]
14:01:03.668 [main] DEBUG org.hibernate.jdbc.AbstractBatcher - about to close ResultSet (open ResultSets: 1, globally: 1)
14:01:03.668 [main] DEBUG org.hibernate.jdbc.AbstractBatcher - about to close PreparedStatement (open PreparedStatements: 1, globally: 1)
14:01:03.668 [main] DEBUG o.h.e.loading.CollectionLoadContext - 1 collections were found in result set for role: net.lojika.gtfs.model.Routes.routesCdkidCollection
14:01:03.668 [main] DEBUG o.h.e.loading.CollectionLoadContext - collection fully initialized: [net.lojika.gtfs.model.Routes.routesCdkidCollection#istb.280764]
14:01:03.668 [main] DEBUG o.h.e.loading.CollectionLoadContext - 1 collections initialized for role: net.lojika.gtfs.model.Routes.routesCdkidCollection
14:01:03.668 [main] DEBUG org.hibernate.loader.Loader - done loading collection
14:01:03.668 [main] DEBUG org.hibernate.loader.Loader - loading collection: [net.lojika.gtfs.model.Routes.routesCdkidCollection#istb.280765]
14:01:03.668 [main] DEBUG org.hibernate.jdbc.AbstractBatcher - about to open PreparedStatement (open PreparedStatements: 0, globally: 0)
14:01:03.668 [main] DEBUG org.hibernate.SQL - select routescdki0_.route_id as route2_2_1_, routescdki0_.route_cdk_id as route1_1_, routescdki0_.route_cdk_id as route1_3_0_, routescdki0_.route_id as route2_3_0_ from public.routes_cdkid routescdki0_ where routescdki0_.route_id=?
Hibernate: select routescdki0_.route_id as route2_2_1_, routescdki0_.route_cdk_id as route1_1_, routescdki0_.route_cdk_id as route1_3_0_, routescdki0_.route_id as route2_3_0_ from public.routes_cdkid routescdki0_ where routescdki0_.route_id=?
14:01:03.669 [main] DEBUG org.hibernate.jdbc.AbstractBatcher - about to open ResultSet (open ResultSets: 0, globally: 0)
14:01:03.669 [main] DEBUG org.hibernate.loader.Loader - result set contains (possibly empty) collection: [net.lojika.gtfs.model.Routes.routesCdkidCollection#istb.280765]
14:01:03.669 [main] DEBUG org.hibernate.loader.Loader - result row: EntityKey[net.lojika.gtfs.model.RoutesCdkid#gtfs.line.1.99a-1]
14:01:03.669 [main] DEBUG org.hibernate.loader.Loader - found row of collection: [net.lojika.gtfs.model.Routes.routesCdkidCollection#istb.280765]
14:01:03.669 [main] DEBUG org.hibernate.loader.Loader - result row: EntityKey[net.lojika.gtfs.model.RoutesCdkid#gtfs.line.1.99a-0]
14:01:03.669 [main] DEBUG org.hibernate.loader.Loader - found row of collection: [net.lojika.gtfs.model.Routes.routesCdkidCollection#istb.280765]
14:01:03.669 [main] DEBUG org.hibernate.jdbc.AbstractBatcher - about to close ResultSet (open ResultSets: 1, globally: 1)
14:01:03.669 [main] DEBUG org.hibernate.jdbc.AbstractBatcher - about to close PreparedStatement (open PreparedStatements: 1, globally: 1)
14:01:03.669 [main] DEBUG o.h.e.loading.CollectionLoadContext - 1 collections were found in result set for role: net.lojika.gtfs.model.Routes.routesCdkidCollection
14:01:03.669 [main] DEBUG o.h.e.loading.CollectionLoadContext - collection fully initialized: [net.lojika.gtfs.model.Routes.routesCdkidCollection#istb.280765]
14:01:03.669 [main] DEBUG o.h.e.loading.CollectionLoadContext - 1 collections initialized for role: net.lojika.gtfs.model.Routes.routesCdkidCollection
14:01:03.669 [main] DEBUG org.hibernate.loader.Loader - done loading collection
14:01:03.669 [main] DEBUG org.hibernate.loader.Loader - loading collection: [net.lojika.gtfs.model.Routes.routesCdkidCollection#istb.280766]
14:01:03.669 [main] DEBUG org.hibernate.jdbc.AbstractBatcher - about to open PreparedStatement (open PreparedStatements: 0, globally: 0)
14:01:03.669 [main] DEBUG org.hibernate.SQL - select routescdki0_.route_id as route2_2_1_, routescdki0_.route_cdk_id as route1_1_, routescdki0_.route_cdk_id as route1_3_0_, routescdki0_.route_id as route2_3_0_ from public.routes_cdkid routescdki0_ where routescdki0_.route_id=?
Hibernate: select routescdki0_.route_id as route2_2_1_, routescdki0_.route_cdk_id as route1_1_, routescdki0_.route_cdk_id as route1_3_0_, routescdki0_.route_id as route2_3_0_ from public.routes_cdkid routescdki0_ where routescdki0_.route_id=?
14:01:03.670 [main] DEBUG org.hibernate.jdbc.AbstractBatcher - about to open ResultSet (open ResultSets: 0, globally: 0)
14:01:03.670 [main] DEBUG org.hibernate.loader.Loader - result set contains (possibly empty) collection: [net.lojika.gtfs.model.Routes.routesCdkidCollection#istb.280766]
14:01:03.670 [main] DEBUG org.hibernate.loader.Loader - result row: EntityKey[net.lojika.gtfs.model.RoutesCdkid#gtfs.line.1.9a-0]
14:01:03.670 [main] DEBUG org.hibernate.loader.Loader - found row of collection: [net.lojika.gtfs.model.Routes.routesCdkidCollection#istb.280766]
14:01:03.670 [main] DEBUG org.hibernate.loader.Loader - result row: EntityKey[net.lojika.gtfs.model.RoutesCdkid#gtfs.line.1.9a-1]
14:01:03.670 [main] DEBUG org.hibernate.loader.Loader - found row of collection: [net.lojika.gtfs.model.Routes.routesCdkidCollection#istb.280766]
14:01:03.670 [main] DEBUG org.hibernate.jdbc.AbstractBatcher - about to close ResultSet (open ResultSets: 1, globally: 1)
14:01:03.670 [main] DEBUG org.hibernate.jdbc.AbstractBatcher - about to close PreparedStatement (open PreparedStatements: 1, globally: 1)
14:01:03.670 [main] DEBUG o.h.e.loading.CollectionLoadContext - 1 collections were found in result set for role: net.lojika.gtfs.model.Routes.routesCdkidCollection
14:01:03.670 [main] DEBUG o.h.e.loading.CollectionLoadContext - collection fully initialized: [net.lojika.gtfs.model.Routes.routesCdkidCollection#istb.280766]
14:01:03.670 [main] DEBUG o.h.e.loading.CollectionLoadContext - 1 collections initialized for role: net.lojika.gtfs.model.Routes.routesCdkidCollection
14:01:03.670 [main] DEBUG org.hibernate.loader.Loader - done loading collection
14:01:03.670 [main] DEBUG org.hibernate.loader.Loader - loading collection: [net.lojika.gtfs.model.Routes.routesCdkidCollection#istb.280768]
14:01:03.670 [main] DEBUG org.hibernate.jdbc.AbstractBatcher - about to open PreparedStatement (open PreparedStatements: 0, globally: 0)
14:01:03.670 [main] DEBUG org.hibernate.SQL - select routescdki0_.route_id as route2_2_1_, routescdki0_.route_cdk_id as route1_1_, routescdki0_.route_cdk_id as route1_3_0_, routescdki0_.route_id as route2_3_0_ from public.routes_cdkid routescdki0_ where routescdki0_.route_id=?
Hibernate: select routescdki0_.route_id as route2_2_1_, routescdki0_.route_cdk_id as route1_1_, routescdki0_.route_cdk_id as route1_3_0_, routescdki0_.route_id as route2_3_0_ from public.routes_cdkid routescdki0_ where routescdki0_.route_id=?
14:01:03.671 [main] DEBUG org.hibernate.jdbc.AbstractBatcher - about to open ResultSet (open ResultSets: 0, globally: 0)
14:01:03.671 [main] DEBUG org.hibernate.loader.Loader - result set contains (possibly empty) collection: [net.lojika.gtfs.model.Routes.routesCdkidCollection#istb.280768]
14:01:03.671 [main] DEBUG org.hibernate.loader.Loader - result row: EntityKey[net.lojika.gtfs.model.RoutesCdkid#gtfs.line.1.9n-1]
14:01:03.671 [main] DEBUG org.hibernate.loader.Loader - found row of collection: [net.lojika.gtfs.model.Routes.routesCdkidCollection#istb.280768]
14:01:03.671 [main] DEBUG org.hibernate.loader.Loader - result row: EntityKey[net.lojika.gtfs.model.RoutesCdkid#gtfs.line.1.9n-0]
14:01:03.671 [main] DEBUG org.hibernate.loader.Loader - found row of collection: [net.lojika.gtfs.model.Routes.routesCdkidCollection#istb.280768]
14:01:03.671 [main] DEBUG org.hibernate.jdbc.AbstractBatcher - about to close ResultSet (open ResultSets: 1, globally: 1)
14:01:03.671 [main] DEBUG org.hibernate.jdbc.AbstractBatcher - about to close PreparedStatement (open PreparedStatements: 1, globally: 1)
14:01:03.671 [main] DEBUG o.h.e.loading.CollectionLoadContext - 1 collections were found in result set for role: net.lojika.gtfs.model.Routes.routesCdkidCollection
14:01:03.671 [main] DEBUG o.h.e.loading.CollectionLoadContext - collection fully initialized: [net.lojika.gtfs.model.Routes.routesCdkidCollection#istb.280768]
14:01:03.671 [main] DEBUG o.h.e.loading.CollectionLoadContext - 1 collections initialized for role: net.lojika.gtfs.model.Routes.routesCdkidCollection
14:01:03.671 [main] DEBUG org.hibernate.loader.Loader - done loading collection
14:01:03.671 [main] DEBUG org.hibernate.loader.Loader - loading collection: [net.lojika.gtfs.model.Routes.routesCdkidCollection#istb.280769]
14:01:03.671 [main] DEBUG org.hibernate.jdbc.AbstractBatcher - about to open PreparedStatement (open PreparedStatements: 0, globally: 0)
14:01:03.671 [main] DEBUG org.hibernate.SQL - select routescdki0_.route_id as route2_2_1_, routescdki0_.route_cdk_id as route1_1_, routescdki0_.route_cdk_id as route1_3_0_, routescdki0_.route_id as route2_3_0_ from public.routes_cdkid routescdki0_ where routescdki0_.route_id=?
Hibernate: select routescdki0_.route_id as route2_2_1_, routescdki0_.route_cdk_id as route1_1_, routescdki0_.route_cdk_id as route1_3_0_, routescdki0_.route_id as route2_3_0_ from public.routes_cdkid routescdki0_ where routescdki0_.route_id=?
14:01:03.672 [main] DEBUG org.hibernate.jdbc.AbstractBatcher - about to open ResultSet (open ResultSets: 0, globally: 0)
14:01:03.672 [main] DEBUG org.hibernate.loader.Loader - result set contains (possibly empty) collection: [net.lojika.gtfs.model.Routes.routesCdkidCollection#istb.280769]
14:01:03.672 [main] DEBUG org.hibernate.loader.Loader - result row: EntityKey[net.lojika.gtfs.model.RoutesCdkid#gtfs.line.1.9d-1]
14:01:03.672 [main] DEBUG org.hibernate.loader.Loader - found row of collection: [net.lojika.gtfs.model.Routes.routesCdkidCollection#istb.280769]
14:01:03.672 [main] DEBUG org.hibernate.loader.Loader - result row: EntityKey[net.lojika.gtfs.model.RoutesCdkid#gtfs.line.1.9d-0]
14:01:03.672 [main] DEBUG org.hibernate.loader.Loader - found row of collection: [net.lojika.gtfs.model.Routes.routesCdkidCollection#istb.280769]
14:01:03.672 [main] DEBUG org.hibernate.jdbc.AbstractBatcher - about to close ResultSet (open ResultSets: 1, globally: 1)
14:01:03.672 [main] DEBUG org.hibernate.jdbc.AbstractBatcher - about to close PreparedStatement (open PreparedStatements: 1, globally: 1)
14:01:03.672 [main] DEBUG o.h.e.loading.CollectionLoadContext - 1 collections were found in result set for role: net.lojika.gtfs.model.Routes.routesCdkidCollection
14:01:03.672 [main] DEBUG o.h.e.loading.CollectionLoadContext - collection fully initialized: [net.lojika.gtfs.model.Routes.routesCdkidCollection#istb.280769]
14:01:03.672 [main] DEBUG o.h.e.loading.CollectionLoadContext - 1 collections initialized for role: net.lojika.gtfs.model.Routes.routesCdkidCollection
14:01:03.672 [main] DEBUG org.hibernate.loader.Loader - done loading collection
14:01:03.672 [main] DEBUG org.hibernate.loader.Loader - loading collection: [net.lojika.gtfs.model.Routes.routesCdkidCollection#istb.280770]
14:01:03.672 [main] DEBUG org.hibernate.jdbc.AbstractBatcher - about to open PreparedStatement (open PreparedStatements: 0, globally: 0)
14:01:03.672 [main] DEBUG org.hibernate.SQL - select routescdki0_.route_id as route2_2_1_, routescdki0_.route_cdk_id as route1_1_, routescdki0_.route_cdk_id as route1_3_0_, routescdki0_.route_id as route2_3_0_ from public.routes_cdkid routescdki0_ where routescdki0_.route_id=?
Hibernate: select routescdki0_.route_id as route2_2_1_, routescdki0_.route_cdk_id as route1_1_, routescdki0_.route_cdk_id as route1_3_0_, routescdki0_.route_id as route2_3_0_ from public.routes_cdkid routescdki0_ where routescdki0_.route_id=?
14:01:03.673 [main] DEBUG org.hibernate.jdbc.AbstractBatcher - about to open ResultSet (open ResultSets: 0, globally: 0)
14:01:03.673 [main] DEBUG org.hibernate.loader.Loader - result set contains (possibly empty) collection: [net.lojika.gtfs.model.Routes.routesCdkidCollection#istb.280770]
14:01:03.673 [main] DEBUG org.hibernate.loader.Loader - result row: EntityKey[net.lojika.gtfs.model.RoutesCdkid#gtfs.line.1.9-1]
14:01:03.673 [main] DEBUG org.hibernate.loader.Loader - found row of collection: [net.lojika.gtfs.model.Routes.routesCdkidCollection#istb.280770]
14:01:03.673 [main] DEBUG org.hibernate.loader.Loader - result row: EntityKey[net.lojika.gtfs.model.RoutesCdkid#gtfs.line.1.9-0]
14:01:03.673 [main] DEBUG org.hibernate.loader.Loader - found row of collection: [net.lojika.gtfs.model.Routes.routesCdkidCollection#istb.280770]
14:01:03.673 [main] DEBUG org.hibernate.jdbc.AbstractBatcher - about to close ResultSet (open ResultSets: 1, globally: 1)
14:01:03.673 [main] DEBUG org.hibernate.jdbc.AbstractBatcher - about to close PreparedStatement (open PreparedStatements: 1, globally: 1)
14:01:03.673 [main] DEBUG o.h.e.loading.CollectionLoadContext - 1 collections were found in result set for role: net.lojika.gtfs.model.Routes.routesCdkidCollection
14:01:03.673 [main] DEBUG o.h.e.loading.CollectionLoadContext - collection fully initialized: [net.lojika.gtfs.model.Routes.routesCdkidCollection#istb.280770]
14:01:03.673 [main] DEBUG o.h.e.loading.CollectionLoadContext - 1 collections initialized for role: net.lojika.gtfs.model.Routes.routesCdkidCollection
14:01:03.673 [main] DEBUG org.hibernate.loader.Loader - done loading collection
14:01:03.673 [main] DEBUG org.hibernate.loader.Loader - loading collection: [net.lojika.gtfs.model.Routes.routesCdkidCollection#istb.280777]
14:01:03.673 [main] DEBUG org.hibernate.jdbc.AbstractBatcher - about to open PreparedStatement (open PreparedStatements: 0, globally: 0)
14:01:03.673 [main] DEBUG org.hibernate.SQL - select routescdki0_.route_id as route2_2_1_, routescdki0_.route_cdk_id as route1_1_, routescdki0_.route_cdk_id as route1_3_0_, routescdki0_.route_id as route2_3_0_ from public.routes_cdkid routescdki0_ where routescdki0_.route_id=?
Hibernate: select routescdki0_.route_id as route2_2_1_, routescdki0_.route_cdk_id as route1_1_, routescdki0_.route_cdk_id as route1_3_0_, routescdki0_.route_id as route2_3_0_ from public.routes_cdkid routescdki0_ where routescdki0_.route_id=?
14:01:03.673 [main] DEBUG org.hibernate.jdbc.AbstractBatcher - about to open ResultSet (open ResultSets: 0, globally: 0)
14:01:03.674 [main] DEBUG org.hibernate.loader.Loader - result set contains (possibly empty) collection: [net.lojika.gtfs.model.Routes.routesCdkidCollection#istb.280777]
14:01:03.674 [main] DEBUG org.hibernate.loader.Loader - result row: EntityKey[net.lojika.gtfs.model.RoutesCdkid#gtfs.line.1.dt1-0]
14:01:03.674 [main] DEBUG org.hibernate.loader.Loader - found row of collection: [net.lojika.gtfs.model.Routes.routesCdkidCollection#istb.280777]
14:01:03.674 [main] DEBUG org.hibernate.jdbc.AbstractBatcher - about to close ResultSet (open ResultSets: 1, globally: 1)
14:01:03.674 [main] DEBUG org.hibernate.jdbc.AbstractBatcher - about to close PreparedStatement (open PreparedStatements: 1, globally: 1)
14:01:03.674 [main] DEBUG o.h.e.loading.CollectionLoadContext - 1 collections were found in result set for role: net.lojika.gtfs.model.Routes.routesCdkidCollection
14:01:03.674 [main] DEBUG o.h.e.loading.CollectionLoadContext - collection fully initialized: [net.lojika.gtfs.model.Routes.routesCdkidCollection#istb.280777]
14:01:03.674 [main] DEBUG o.h.e.loading.CollectionLoadContext - 1 collections initialized for role: net.lojika.gtfs.model.Routes.routesCdkidCollection
14:01:03.674 [main] DEBUG org.hibernate.loader.Loader - done loading collection
14:01:03.674 [main] DEBUG org.hibernate.loader.Loader - loading collection: [net.lojika.gtfs.model.Routes.routesCdkidCollection#istb.280778]
14:01:03.674 [main] DEBUG org.hibernate.jdbc.AbstractBatcher - about to open PreparedStatement (open PreparedStatements: 0, globally: 0)
14:01:03.674 [main] DEBUG org.hibernate.SQL - select routescdki0_.route_id as route2_2_1_, routescdki0_.route_cdk_id as route1_1_, routescdki0_.route_cdk_id as route1_3_0_, routescdki0_.route_id as route2_3_0_ from public.routes_cdkid routescdki0_ where routescdki0_.route_id=?
Hibernate: select routescdki0_.route_id as route2_2_1_, routescdki0_.route_cdk_id as route1_1_, routescdki0_.route_cdk_id as route1_3_0_, routescdki0_.route_id as route2_3_0_ from public.routes_cdkid routescdki0_ where routescdki0_.route_id=?
14:01:03.674 [main] DEBUG org.hibernate.jdbc.AbstractBatcher - about to open ResultSet (open ResultSets: 0, globally: 0)
14:01:03.674 [main] DEBUG org.hibernate.loader.Loader - result set contains (possibly empty) collection: [net.lojika.gtfs.model.Routes.routesCdkidCollection#istb.280778]
14:01:03.675 [main] DEBUG org.hibernate.loader.Loader - result row: EntityKey[net.lojika.gtfs.model.RoutesCdkid#gtfs.line.1.dt2-0]
14:01:03.675 [main] DEBUG org.hibernate.loader.Loader - found row of collection: [net.lojika.gtfs.model.Routes.routesCdkidCollection#istb.280778]
14:01:03.675 [main] DEBUG org.hibernate.jdbc.AbstractBatcher - about to close ResultSet (open ResultSets: 1, globally: 1)
14:01:03.675 [main] DEBUG org.hibernate.jdbc.AbstractBatcher - about to close PreparedStatement (open PreparedStatements: 1, globally: 1)
14:01:03.675 [main] DEBUG o.h.e.loading.CollectionLoadContext - 1 collections were found in result set for role: net.lojika.gtfs.model.Routes.routesCdkidCollection
14:01:03.675 [main] DEBUG o.h.e.loading.CollectionLoadContext - collection fully initialized: [net.lojika.gtfs.model.Routes.routesCdkidCollection#istb.280778]
14:01:03.675 [main] DEBUG o.h.e.loading.CollectionLoadContext - 1 collections initialized for role: net.lojika.gtfs.model.Routes.routesCdkidCollection
14:01:03.675 [main] DEBUG org.hibernate.loader.Loader - done loading collection
14:01:03.675 [main] DEBUG org.hibernate.loader.Loader - loading collection: [net.lojika.gtfs.model.Routes.routesCdkidCollection#istb.280779]
14:01:03.675 [main] DEBUG org.hibernate.jdbc.AbstractBatcher - about to open PreparedStatement (open PreparedStatements: 0, globally: 0)
14:01:03.675 [main] DEBUG org.hibernate.SQL - select routescdki0_.route_id as route2_2_1_, routescdki0_.route_cdk_id as route1_1_, routescdki0_.route_cdk_id as route1_3_0_, routescdki0_.route_id as route2_3_0_ from public.routes_cdkid routescdki0_ where routescdki0_.route_id=?
Hibernate: select routescdki0_.route_id as route2_2_1_, routescdki0_.route_cdk_id as route1_1_, routescdki0_.route_cdk_id as route1_3_0_, routescdki0_.route_id as route2_3_0_ from public.routes_cdkid routescdki0_ where routescdki0_.route_id=?
14:01:03.675 [main] DEBUG org.hibernate.jdbc.AbstractBatcher - about to open ResultSet (open ResultSets: 0, globally: 0)
14:01:03.675 [main] DEBUG org.hibernate.loader.Loader - result set contains (possibly empty) collection: [net.lojika.gtfs.model.Routes.routesCdkidCollection#istb.280779]
14:01:03.675 [main] DEBUG org.hibernate.loader.Loader - result row: EntityKey[net.lojika.gtfs.model.RoutesCdkid#gtfs.line.1.e10-1]
14:01:03.676 [main] DEBUG org.hibernate.loader.Loader - found row of collection: [net.lojika.gtfs.model.Routes.routesCdkidCollection#istb.280779]
14:01:03.676 [main] DEBUG org.hibernate.loader.Loader - result row: EntityKey[net.lojika.gtfs.model.RoutesCdkid#gtfs.line.1.e10-0]
14:01:03.676 [main] DEBUG org.hibernate.loader.Loader - found row of collection: [net.lojika.gtfs.model.Routes.routesCdkidCollection#istb.280779]
14:01:03.676 [main] DEBUG org.hibernate.jdbc.AbstractBatcher - about to close ResultSet (open ResultSets: 1, globally: 1)
14:01:03.676 [main] DEBUG org.hibernate.jdbc.AbstractBatcher - about to close PreparedStatement (open PreparedStatements: 1, globally: 1)
14:01:03.676 [main] DEBUG o.h.e.loading.CollectionLoadContext - 1 collections were found in result set for role: net.lojika.gtfs.model.Routes.routesCdkidCollection
14:01:03.676 [main] DEBUG o.h.e.loading.CollectionLoadContext - collection fully initialized: [net.lojika.gtfs.model.Routes.routesCdkidCollection#istb.280779]
14:01:03.676 [main] DEBUG o.h.e.loading.CollectionLoadContext - 1 collections initialized for role: net.lojika.gtfs.model.Routes.routesCdkidCollection
14:01:03.676 [main] DEBUG org.hibernate.loader.Loader - done loading collection
14:01:03.676 [main] DEBUG org.hibernate.loader.Loader - loading collection: [net.lojika.gtfs.model.Routes.routesCdkidCollection#istb.280781]
14:01:03.676 [main] DEBUG org.hibernate.jdbc.AbstractBatcher - about to open PreparedStatement (open PreparedStatements: 0, globally: 0)
14:01:03.676 [main] DEBUG org.hibernate.SQL - select routescdki0_.route_id as route2_2_1_, routescdki0_.route_cdk_id as route1_1_, routescdki0_.route_cdk_id as route1_3_0_, routescdki0_.route_id as route2_3_0_ from public.routes_cdkid routescdki0_ where routescdki0_.route_id=?
Hibernate: select routescdki0_.route_id as route2_2_1_, routescdki0_.route_cdk_id as route1_1_, routescdki0_.route_cdk_id as route1_3_0_, routescdki0_.route_id as route2_3_0_ from public.routes_cdkid routescdki0_ where routescdki0_.route_id=?
14:01:03.677 [main] DEBUG org.hibernate.jdbc.AbstractBatcher - about to open ResultSet (open ResultSets: 0, globally: 0)
14:01:03.677 [main] DEBUG org.hibernate.loader.Loader - result set contains (possibly empty) collection: [net.lojika.gtfs.model.Routes.routesCdkidCollection#istb.280781]
14:01:03.677 [main] DEBUG org.hibernate.loader.Loader - result row: EntityKey[net.lojika.gtfs.model.RoutesCdkid#gtfs.line.1.e2-1]
14:01:03.677 [main] DEBUG org.hibernate.loader.Loader - found row of collection: [net.lojika.gtfs.model.Routes.routesCdkidCollection#istb.280781]
14:01:03.677 [main] DEBUG org.hibernate.loader.Loader - result row: EntityKey[net.lojika.gtfs.model.RoutesCdkid#gtfs.line.1.e2-0]
14:01:03.677 [main] DEBUG org.hibernate.loader.Loader - found row of collection: [net.lojika.gtfs.model.Routes.routesCdkidCollection#istb.280781]
14:01:03.677 [main] DEBUG org.hibernate.jdbc.AbstractBatcher - about to close ResultSet (open ResultSets: 1, globally: 1)
14:01:03.677 [main] DEBUG org.hibernate.jdbc.AbstractBatcher - about to close PreparedStatement (open PreparedStatements: 1, globally: 1)
14:01:03.677 [main] DEBUG o.h.e.loading.CollectionLoadContext - 1 collections were found in result set for role: net.lojika.gtfs.model.Routes.routesCdkidCollection
14:01:03.677 [main] DEBUG o.h.e.loading.CollectionLoadContext - collection fully initialized: [net.lojika.gtfs.model.Routes.routesCdkidCollection#istb.280781]
14:01:03.677 [main] DEBUG o.h.e.loading.CollectionLoadContext - 1 collections initialized for role: net.lojika.gtfs.model.Routes.routesCdkidCollection
14:01:03.677 [main] DEBUG org.hibernate.loader.Loader - done loading collection
14:01:03.677 [main] DEBUG org.hibernate.loader.Loader - loading collection: [net.lojika.gtfs.model.Routes.routesCdkidCollection#istb.280782]
14:01:03.677 [main] DEBUG org.hibernate.jdbc.AbstractBatcher - about to open PreparedStatement (open PreparedStatements: 0, globally: 0)
14:01:03.677 [main] DEBUG org.hibernate.SQL - select routescdki0_.route_id as route2_2_1_, routescdki0_.route_cdk_id as route1_1_, routescdki0_.route_cdk_id as route1_3_0_, routescdki0_.route_id as route2_3_0_ from public.routes_cdkid routescdki0_ where routescdki0_.route_id=?
Hibernate: select routescdki0_.route_id as route2_2_1_, routescdki0_.route_cdk_id as route1_1_, routescdki0_.route_cdk_id as route1_3_0_, routescdki0_.route_id as route2_3_0_ from public.routes_cdkid routescdki0_ where routescdki0_.route_id=?
14:01:03.678 [main] DEBUG org.hibernate.jdbc.AbstractBatcher - about to open ResultSet (open ResultSets: 0, globally: 0)
14:01:03.678 [main] DEBUG org.hibernate.loader.Loader - result set contains (possibly empty) collection: [net.lojika.gtfs.model.Routes.routesCdkidCollection#istb.280782]
14:01:03.678 [main] DEBUG org.hibernate.loader.Loader - result row: EntityKey[net.lojika.gtfs.model.RoutesCdkid#gtfs.line.1.e3-1]
14:01:03.678 [main] DEBUG org.hibernate.loader.Loader - found row of collection: [net.lojika.gtfs.model.Routes.routesCdkidCollection#istb.280782]
14:01:03.678 [main] DEBUG org.hibernate.loader.Loader - result row: EntityKey[net.lojika.gtfs.model.RoutesCdkid#gtfs.line.1.e3-0]
14:01:03.678 [main] DEBUG org.hibernate.loader.Loader - found row of collection: [net.lojika.gtfs.model.Routes.routesCdkidCollection#istb.280782]
14:01:03.678 [main] DEBUG org.hibernate.jdbc.AbstractBatcher - about to close ResultSet (open ResultSets: 1, globally: 1)
14:01:03.678 [main] DEBUG org.hibernate.jdbc.AbstractBatcher - about to close PreparedStatement (open PreparedStatements: 1, globally: 1)
14:01:03.678 [main] DEBUG o.h.e.loading.CollectionLoadContext - 1 collections were found in result set for role: net.lojika.gtfs.model.Routes.routesCdkidCollection
14:01:03.678 [main] DEBUG o.h.e.loading.CollectionLoadContext - collection fully initialized: [net.lojika.gtfs.model.Routes.routesCdkidCollection#istb.280782]
14:01:03.678 [main] DEBUG o.h.e.loading.CollectionLoadContext - 1 collections initialized for role: net.lojika.gtfs.model.Routes.routesCdkidCollection
14:01:03.678 [main] DEBUG org.hibernate.loader.Loader - done loading collection
14:01:03.678 [main] DEBUG org.hibernate.loader.Loader - loading collection: [net.lojika.gtfs.model.Routes.routesCdkidCollection#istb.280441]
14:01:03.678 [main] DEBUG org.hibernate.jdbc.AbstractBatcher - about to open PreparedStatement (open PreparedStatements: 0, globally: 0)
14:01:03.678 [main] DEBUG org.hibernate.SQL - select routescdki0_.route_id as route2_2_1_, routescdki0_.route_cdk_id as route1_1_, routescdki0_.route_cdk_id as route1_3_0_, routescdki0_.route_id as route2_3_0_ from public.routes_cdkid routescdki0_ where routescdki0_.route_id=?
Hibernate: select routescdki0_.route_id as route2_2_1_, routescdki0_.route_cdk_id as route1_1_, routescdki0_.route_cdk_id as route1_3_0_, routescdki0_.route_id as route2_3_0_ from public.routes_cdkid routescdki0_ where routescdki0_.route_id=?
14:01:03.679 [main] DEBUG org.hibernate.jdbc.AbstractBatcher - about to open ResultSet (open ResultSets: 0, globally: 0)
14:01:03.679 [main] DEBUG org.hibernate.loader.Loader - result set contains (possibly empty) collection: [net.lojika.gtfs.model.Routes.routesCdkidCollection#istb.280441]
14:01:03.679 [main] DEBUG org.hibernate.loader.Loader - result row: EntityKey[net.lojika.gtfs.model.RoutesCdkid#gtfs.line.1.29a-1]
14:01:03.679 [main] DEBUG org.hibernate.loader.Loader - found row of collection: [net.lojika.gtfs.model.Routes.routesCdkidCollection#istb.280441]
14:01:03.679 [main] DEBUG org.hibernate.loader.Loader - result row: EntityKey[net.lojika.gtfs.model.RoutesCdkid#gtfs.line.1.29a-0]
14:01:03.679 [main] DEBUG org.hibernate.loader.Loader - found row of collection: [net.lojika.gtfs.model.Routes.routesCdkidCollection#istb.280441]
14:01:03.679 [main] DEBUG org.hibernate.jdbc.AbstractBatcher - about to close ResultSet (open ResultSets: 1, globally: 1)
14:01:03.679 [main] DEBUG org.hibernate.jdbc.AbstractBatcher - about to close PreparedStatement (open PreparedStatements: 1, globally: 1)
14:01:03.679 [main] DEBUG o.h.e.loading.CollectionLoadContext - 1 collections were found in result set for role: net.lojika.gtfs.model.Routes.routesCdkidCollection
14:01:03.679 [main] DEBUG o.h.e.loading.CollectionLoadContext - collection fully initialized: [net.lojika.gtfs.model.Routes.routesCdkidCollection#istb.280441]
14:01:03.679 [main] DEBUG o.h.e.loading.CollectionLoadContext - 1 collections initialized for role: net.lojika.gtfs.model.Routes.routesCdkidCollection
14:01:03.679 [main] DEBUG org.hibernate.loader.Loader - done loading collection
14:01:03.679 [main] DEBUG org.hibernate.loader.Loader - loading collection: [net.lojika.gtfs.model.Routes.routesCdkidCollection#istb.280442]
14:01:03.679 [main] DEBUG org.hibernate.jdbc.AbstractBatcher - about to open PreparedStatement (open PreparedStatements: 0, globally: 0)
14:01:03.679 [main] DEBUG org.hibernate.SQL - select routescdki0_.route_id as route2_2_1_, routescdki0_.route_cdk_id as route1_1_, routescdki0_.route_cdk_id as route1_3_0_, routescdki0_.route_id as route2_3_0_ from public.routes_cdkid routescdki0_ where routescdki0_.route_id=?
Hibernate: select routescdki0_.route_id as route2_2_1_, routescdki0_.route_cdk_id as route1_1_, routescdki0_.route_cdk_id as route1_3_0_, routescdki0_.route_id as route2_3_0_ from public.routes_cdkid routescdki0_ where routescdki0_.route_id=?
14:01:03.680 [main] DEBUG org.hibernate.jdbc.AbstractBatcher - about to open ResultSet (open ResultSets: 0, globally: 0)
14:01:03.680 [main] DEBUG org.hibernate.loader.Loader - result set contains (possibly empty) collection: [net.lojika.gtfs.model.Routes.routesCdkidCollection#istb.280442]
14:01:03.680 [main] DEBUG org.hibernate.loader.Loader - result row: EntityKey[net.lojika.gtfs.model.RoutesCdkid#gtfs.line.1.29b-1]
14:01:03.680 [main] DEBUG org.hibernate.loader.Loader - found row of collection: [net.lojika.gtfs.model.Routes.routesCdkidCollection#istb.280442]
14:01:03.680 [main] DEBUG org.hibernate.loader.Loader - result row: EntityKey[net.lojika.gtfs.model.RoutesCdkid#gtfs.line.1.29b-0]
14:01:03.680 [main] DEBUG org.hibernate.loader.Loader - found row of collection: [net.lojika.gtfs.model.Routes.routesCdkidCollection#istb.280442]
14:01:03.680 [main] DEBUG org.hibernate.jdbc.AbstractBatcher - about to close ResultSet (open ResultSets: 1, globally: 1)
14:01:03.680 [main] DEBUG org.hibernate.jdbc.AbstractBatcher - about to close PreparedStatement (open PreparedStatements: 1, globally: 1)
14:01:03.680 [main] DEBUG o.h.e.loading.CollectionLoadContext - 1 collections were found in result set for role: net.lojika.gtfs.model.Routes.routesCdkidCollection
14:01:03.680 [main] DEBUG o.h.e.loading.CollectionLoadContext - collection fully initialized: [net.lojika.gtfs.model.Routes.routesCdkidCollection#istb.280442]
14:01:03.680 [main] DEBUG o.h.e.loading.CollectionLoadContext - 1 collections initialized for role: net.lojika.gtfs.model.Routes.routesCdkidCollection
14:01:03.680 [main] DEBUG org.hibernate.loader.Loader - done loading collection
14:01:03.680 [main] DEBUG org.hibernate.loader.Loader - loading collection: [net.lojika.gtfs.model.Routes.routesCdkidCollection#istb.280444]
14:01:03.680 [main] DEBUG org.hibernate.jdbc.AbstractBatcher - about to open PreparedStatement (open PreparedStatements: 0, globally: 0)
14:01:03.680 [main] DEBUG org.hibernate.SQL - select routescdki0_.route_id as route2_2_1_, routescdki0_.route_cdk_id as route1_1_, routescdki0_.route_cdk_id as route1_3_0_, routescdki0_.route_id as route2_3_0_ from public.routes_cdkid routescdki0_ where routescdki0_.route_id=?
Hibernate: select routescdki0_.route_id as route2_2_1_, routescdki0_.route_cdk_id as route1_1_, routescdki0_.route_cdk_id as route1_3_0_, routescdki0_.route_id as route2_3_0_ from public.routes_cdkid routescdki0_ where routescdki0_.route_id=?
14:01:03.681 [main] DEBUG org.hibernate.jdbc.AbstractBatcher - about to open ResultSet (open ResultSets: 0, globally: 0)
14:01:03.681 [main] DEBUG org.hibernate.loader.Loader - result set contains (possibly empty) collection: [net.lojika.gtfs.model.Routes.routesCdkidCollection#istb.280444]
14:01:03.681 [main] DEBUG org.hibernate.loader.Loader - result row: EntityKey[net.lojika.gtfs.model.RoutesCdkid#gtfs.line.1.29d-0]
14:01:03.681 [main] DEBUG org.hibernate.loader.Loader - found row of collection: [net.lojika.gtfs.model.Routes.routesCdkidCollection#istb.280444]
14:01:03.681 [main] DEBUG org.hibernate.jdbc.AbstractBatcher - about to close ResultSet (open ResultSets: 1, globally: 1)
14:01:03.681 [main] DEBUG org.hibernate.jdbc.AbstractBatcher - about to close PreparedStatement (open PreparedStatements: 1, globally: 1)
14:01:03.681 [main] DEBUG o.h.e.loading.CollectionLoadContext - 1 collections were found in result set for role: net.lojika.gtfs.model.Routes.routesCdkidCollection
14:01:03.681 [main] DEBUG o.h.e.loading.CollectionLoadContext - collection fully initialized: [net.lojika.gtfs.model.Routes.routesCdkidCollection#istb.280444]
14:01:03.681 [main] DEBUG o.h.e.loading.CollectionLoadContext - 1 collections initialized for role: net.lojika.gtfs.model.Routes.routesCdkidCollection
14:01:03.681 [main] DEBUG org.hibernate.loader.Loader - done loading collection
14:01:03.681 [main] DEBUG org.hibernate.loader.Loader - loading collection: [net.lojika.gtfs.model.Routes.routesCdkidCollection#istb.280445]
14:01:03.681 [main] DEBUG org.hibernate.jdbc.AbstractBatcher - about to open PreparedStatement (open PreparedStatements: 0, globally: 0)
14:01:03.681 [main] DEBUG org.hibernate.SQL - select routescdki0_.route_id as route2_2_1_, routescdki0_.route_cdk_id as route1_1_, routescdki0_.route_cdk_id as route1_3_0_, routescdki0_.route_id as route2_3_0_ from public.routes_cdkid routescdki0_ where routescdki0_.route_id=?
Hibernate: select routescdki0_.route_id as route2_2_1_, routescdki0_.route_cdk_id as route1_1_, routescdki0_.route_cdk_id as route1_3_0_, routescdki0_.route_id as route2_3_0_ from public.routes_cdkid routescdki0_ where routescdki0_.route_id=?
14:01:03.681 [main] DEBUG org.hibernate.jdbc.AbstractBatcher - about to open ResultSet (open ResultSets: 0, globally: 0)
14:01:03.681 [main] DEBUG org.hibernate.loader.Loader - result set contains (possibly empty) collection: [net.lojika.gtfs.model.Routes.routesCdkidCollection#istb.280445]
14:01:03.682 [main] DEBUG org.hibernate.loader.Loader - result row: EntityKey[net.lojika.gtfs.model.RoutesCdkid#gtfs.line.1.29gm-0]
14:01:03.682 [main] DEBUG org.hibernate.loader.Loader - found row of collection: [net.lojika.gtfs.model.Routes.routesCdkidCollection#istb.280445]
14:01:03.682 [main] DEBUG org.hibernate.loader.Loader - result row: EntityKey[net.lojika.gtfs.model.RoutesCdkid#gtfs.line.1.29gm-1]
14:01:03.682 [main] DEBUG org.hibernate.loader.Loader - found row of collection: [net.lojika.gtfs.model.Routes.routesCdkidCollection#istb.280445]
14:01:03.682 [main] DEBUG org.hibernate.jdbc.AbstractBatcher - about to close ResultSet (open ResultSets: 1, globally: 1)
14:01:03.682 [main] DEBUG org.hibernate.jdbc.AbstractBatcher - about to close PreparedStatement (open PreparedStatements: 1, globally: 1)
14:01:03.682 [main] DEBUG o.h.e.loading.CollectionLoadContext - 1 collections were found in result set for role: net.lojika.gtfs.model.Routes.routesCdkidCollection
14:01:03.682 [main] DEBUG o.h.e.loading.CollectionLoadContext - collection fully initialized: [net.lojika.gtfs.model.Routes.routesCdkidCollection#istb.280445]
14:01:03.682 [main] DEBUG o.h.e.loading.CollectionLoadContext - 1 collections initialized for role: net.lojika.gtfs.model.Routes.routesCdkidCollection
14:01:03.682 [main] DEBUG org.hibernate.loader.Loader - done loading collection
14:01:03.682 [main] DEBUG org.hibernate.loader.Loader - loading collection: [net.lojika.gtfs.model.Routes.routesCdkidCollection#istb.280446]
14:01:03.682 [main] DEBUG org.hibernate.jdbc.AbstractBatcher - about to open PreparedStatement (open PreparedStatements: 0, globally: 0)
14:01:03.682 [main] DEBUG org.hibernate.SQL - select routescdki0_.route_id as route2_2_1_, routescdki0_.route_cdk_id as route1_1_, routescdki0_.route_cdk_id as route1_3_0_, routescdki0_.route_id as route2_3_0_ from public.routes_cdkid routescdki0_ where routescdki0_.route_id=?
Hibernate: select routescdki0_.route_id as route2_2_1_, routescdki0_.route_cdk_id as route1_1_, routescdki0_.route_cdk_id as route1_3_0_, routescdki0_.route_id as route2_3_0_ from public.routes_cdkid routescdki0_ where routescdki0_.route_id=?
14:01:03.682 [main] DEBUG org.hibernate.jdbc.AbstractBatcher - about to open ResultSet (open ResultSets: 0, globally: 0)
14:01:03.682 [main] DEBUG org.hibernate.loader.Loader - result set contains (possibly empty) collection: [net.lojika.gtfs.model.Routes.routesCdkidCollection#istb.280446]
14:01:03.682 [main] DEBUG org.hibernate.loader.Loader - result row: EntityKey[net.lojika.gtfs.model.RoutesCdkid#gtfs.line.1.29m1-0]
14:01:03.682 [main] DEBUG org.hibernate.loader.Loader - found row of collection: [net.lojika.gtfs.model.Routes.routesCdkidCollection#istb.280446]
14:01:03.683 [main] DEBUG org.hibernate.jdbc.AbstractBatcher - about to close ResultSet (open ResultSets: 1, globally: 1)
14:01:03.683 [main] DEBUG org.hibernate.jdbc.AbstractBatcher - about to close PreparedStatement (open PreparedStatements: 1, globally: 1)
14:01:03.683 [main] DEBUG o.h.e.loading.CollectionLoadContext - 1 collections were found in result set for role: net.lojika.gtfs.model.Routes.routesCdkidCollection
14:01:03.683 [main] DEBUG o.h.e.loading.CollectionLoadContext - collection fully initialized: [net.lojika.gtfs.model.Routes.routesCdkidCollection#istb.280446]
14:01:03.683 [main] DEBUG o.h.e.loading.CollectionLoadContext - 1 collections initialized for role: net.lojika.gtfs.model.Routes.routesCdkidCollection
14:01:03.683 [main] DEBUG org.hibernate.loader.Loader - done loading collection
14:01:03.683 [main] DEBUG org.hibernate.loader.Loader - loading collection: [net.lojika.gtfs.model.Routes.routesCdkidCollection#istb.280447]
14:01:03.683 [main] DEBUG org.hibernate.jdbc.AbstractBatcher - about to open PreparedStatement (open PreparedStatements: 0, globally: 0)
14:01:03.683 [main] DEBUG org.hibernate.SQL - select routescdki0_.route_id as route2_2_1_, routescdki0_.route_cdk_id as route1_1_, routescdki0_.route_cdk_id as route1_3_0_, routescdki0_.route_id as route2_3_0_ from public.routes_cdkid routescdki0_ where routescdki0_.route_id=?
Hibernate: select routescdki0_.route_id as route2_2_1_, routescdki0_.route_cdk_id as route1_1_, routescdki0_.route_cdk_id as route1_3_0_, routescdki0_.route_id as route2_3_0_ from public.routes_cdkid routescdki0_ where routescdki0_.route_id=?
14:01:03.683 [main] DEBUG org.hibernate.jdbc.AbstractBatcher - about to open ResultSet (open ResultSets: 0, globally: 0)
14:01:03.683 [main] DEBUG org.hibernate.loader.Loader - result set contains (possibly empty) collection: [net.lojika.gtfs.model.Routes.routesCdkidCollection#istb.280447]
14:01:03.683 [main] DEBUG org.hibernate.loader.Loader - result row: EntityKey[net.lojika.gtfs.model.RoutesCdkid#gtfs.line.1.29m2-0]
14:01:03.683 [main] DEBUG org.hibernate.loader.Loader - found row of collection: [net.lojika.gtfs.model.Routes.routesCdkidCollection#istb.280447]
14:01:03.683 [main] DEBUG org.hibernate.jdbc.AbstractBatcher - about to close ResultSet (open ResultSets: 1, globally: 1)
14:01:03.683 [main] DEBUG org.hibernate.jdbc.AbstractBatcher - about to close PreparedStatement (open PreparedStatements: 1, globally: 1)
14:01:03.683 [main] DEBUG o.h.e.loading.CollectionLoadContext - 1 collections were found in result set for role: net.lojika.gtfs.model.Routes.routesCdkidCollection
14:01:03.683 [main] DEBUG o.h.e.loading.CollectionLoadContext - collection fully initialized: [net.lojika.gtfs.model.Routes.routesCdkidCollection#istb.280447]
14:01:03.683 [main] DEBUG o.h.e.loading.CollectionLoadContext - 1 collections initialized for role: net.lojika.gtfs.model.Routes.routesCdkidCollection
14:01:03.683 [main] DEBUG org.hibernate.loader.Loader - done loading collection
14:01:03.683 [main] DEBUG org.hibernate.loader.Loader - loading collection: [net.lojika.gtfs.model.Routes.routesCdkidCollection#istb.280448]
14:01:03.684 [main] DEBUG org.hibernate.jdbc.AbstractBatcher - about to open PreparedStatement (open PreparedStatements: 0, globally: 0)
14:01:03.684 [main] DEBUG org.hibernate.SQL - select routescdki0_.route_id as route2_2_1_, routescdki0_.route_cdk_id as route1_1_, routescdki0_.route_cdk_id as route1_3_0_, routescdki0_.route_id as route2_3_0_ from public.routes_cdkid routescdki0_ where routescdki0_.route_id=?
Hibernate: select routescdki0_.route_id as route2_2_1_, routescdki0_.route_cdk_id as route1_1_, routescdki0_.route_cdk_id as route1_3_0_, routescdki0_.route_id as route2_3_0_ from public.routes_cdkid routescdki0_ where routescdki0_.route_id=?
14:01:03.684 [main] DEBUG org.hibernate.jdbc.AbstractBatcher - about to open ResultSet (open ResultSets: 0, globally: 0)
14:01:03.684 [main] DEBUG org.hibernate.loader.Loader - result set contains (possibly empty) collection: [net.lojika.gtfs.model.Routes.routesCdkidCollection#istb.280448]
14:01:03.684 [main] DEBUG org.hibernate.loader.Loader - result row: EntityKey[net.lojika.gtfs.model.RoutesCdkid#gtfs.line.1.29p-0]
14:01:03.684 [main] DEBUG org.hibernate.loader.Loader - found row of collection: [net.lojika.gtfs.model.Routes.routesCdkidCollection#istb.280448]
14:01:03.684 [main] DEBUG org.hibernate.jdbc.AbstractBatcher - about to close ResultSet (open ResultSets: 1, globally: 1)
14:01:03.684 [main] DEBUG org.hibernate.jdbc.AbstractBatcher - about to close PreparedStatement (open PreparedStatements: 1, globally: 1)
14:01:03.684 [main] DEBUG o.h.e.loading.CollectionLoadContext - 1 collections were found in result set for role: net.lojika.gtfs.model.Routes.routesCdkidCollection
14:01:03.684 [main] DEBUG o.h.e.loading.CollectionLoadContext - collection fully initialized: [net.lojika.gtfs.model.Routes.routesCdkidCollection#istb.280448]
14:01:03.684 [main] DEBUG o.h.e.loading.CollectionLoadContext - 1 collections initialized for role: net.lojika.gtfs.model.Routes.routesCdkidCollection
14:01:03.684 [main] DEBUG org.hibernate.loader.Loader - done loading collection
14:01:03.684 [main] DEBUG org.hibernate.loader.Loader - loading collection: [net.lojika.gtfs.model.Routes.routesCdkidCollection#istb.280449]
14:01:03.684 [main] DEBUG org.hibernate.jdbc.AbstractBatcher - about to open PreparedStatement (open PreparedStatements: 0, globally: 0)
14:01:03.684 [main] DEBUG org.hibernate.SQL - select routescdki0_.route_id as route2_2_1_, routescdki0_.route_cdk_id as route1_1_, routescdki0_.route_cdk_id as route1_3_0_, routescdki0_.route_id as route2_3_0_ from public.routes_cdkid routescdki0_ where routescdki0_.route_id=?
Hibernate: select routescdki0_.route_id as route2_2_1_, routescdki0_.route_cdk_id as route1_1_, routescdki0_.route_cdk_id as route1_3_0_, routescdki0_.route_id as route2_3_0_ from public.routes_cdkid routescdki0_ where routescdki0_.route_id=?
14:01:03.685 [main] DEBUG org.hibernate.jdbc.AbstractBatcher - about to open ResultSet (open ResultSets: 0, globally: 0)
14:01:03.685 [main] DEBUG org.hibernate.loader.Loader - result set contains (possibly empty) collection: [net.lojika.gtfs.model.Routes.routesCdkidCollection#istb.280449]
14:01:03.685 [main] DEBUG org.hibernate.loader.Loader - result row: EntityKey[net.lojika.gtfs.model.RoutesCdkid#gtfs.line.1.29t-1]
14:01:03.685 [main] DEBUG org.hibernate.loader.Loader - found row of collection: [net.lojika.gtfs.model.Routes.routesCdkidCollection#istb.280449]
14:01:03.685 [main] DEBUG org.hibernate.loader.Loader - result row: EntityKey[net.lojika.gtfs.model.RoutesCdkid#gtfs.line.1.29t-0]
14:01:03.685 [main] DEBUG org.hibernate.loader.Loader - found row of collection: [net.lojika.gtfs.model.Routes.routesCdkidCollection#istb.280449]
14:01:03.685 [main] DEBUG org.hibernate.jdbc.AbstractBatcher - about to close ResultSet (open ResultSets: 1, globally: 1)
14:01:03.685 [main] DEBUG org.hibernate.jdbc.AbstractBatcher - about to close PreparedStatement (open PreparedStatements: 1, globally: 1)
14:01:03.685 [main] DEBUG o.h.e.loading.CollectionLoadContext - 1 collections were found in result set for role: net.lojika.gtfs.model.Routes.routesCdkidCollection
14:01:03.685 [main] DEBUG o.h.e.loading.CollectionLoadContext - collection fully initialized: [net.lojika.gtfs.model.Routes.routesCdkidCollection#istb.280449]
14:01:03.685 [main] DEBUG o.h.e.loading.CollectionLoadContext - 1 collections initialized for role: net.lojika.gtfs.model.Routes.routesCdkidCollection
14:01:03.685 [main] DEBUG org.hibernate.loader.Loader - done loading collection
14:01:03.685 [main] DEBUG org.hibernate.loader.Loader - loading collection: [net.lojika.gtfs.model.Routes.routesCdkidCollection#istb.280450]
14:01:03.685 [main] DEBUG org.hibernate.jdbc.AbstractBatcher - about to open PreparedStatement (open PreparedStatements: 0, globally: 0)
14:01:03.685 [main] DEBUG org.hibernate.SQL - select routescdki0_.route_id as route2_2_1_, routescdki0_.route_cdk_id as route1_1_, routescdki0_.route_cdk_id as route1_3_0_, routescdki0_.route_id as route2_3_0_ from public.routes_cdkid routescdki0_ where routescdki0_.route_id=?
Hibernate: select routescdki0_.route_id as route2_2_1_, routescdki0_.route_cdk_id as route1_1_, routescdki0_.route_cdk_id as route1_3_0_, routescdki0_.route_id as route2_3_0_ from public.routes_cdkid routescdki0_ where routescdki0_.route_id=?
14:01:03.686 [main] DEBUG org.hibernate.jdbc.AbstractBatcher - about to open ResultSet (open ResultSets: 0, globally: 0)
14:01:03.686 [main] DEBUG org.hibernate.loader.Loader - result set contains (possibly empty) collection: [net.lojika.gtfs.model.Routes.routesCdkidCollection#istb.280450]
14:01:03.686 [main] DEBUG org.hibernate.loader.Loader - result row: EntityKey[net.lojika.gtfs.model.RoutesCdkid#gtfs.line.1.29-0]
14:01:03.686 [main] DEBUG org.hibernate.loader.Loader - found row of collection: [net.lojika.gtfs.model.Routes.routesCdkidCollection#istb.280450]
14:01:03.686 [main] DEBUG org.hibernate.jdbc.AbstractBatcher - about to close ResultSet (open ResultSets: 1, globally: 1)
14:01:03.686 [main] DEBUG org.hibernate.jdbc.AbstractBatcher - about to close PreparedStatement (open PreparedStatements: 1, globally: 1)
14:01:03.686 [main] DEBUG o.h.e.loading.CollectionLoadContext - 1 collections were found in result set for role: net.lojika.gtfs.model.Routes.routesCdkidCollection
14:01:03.686 [main] DEBUG o.h.e.loading.CollectionLoadContext - collection fully initialized: [net.lojika.gtfs.model.Routes.routesCdkidCollection#istb.280450]
14:01:03.686 [main] DEBUG o.h.e.loading.CollectionLoadContext - 1 collections initialized for role: net.lojika.gtfs.model.Routes.routesCdkidCollection
14:01:03.686 [main] DEBUG org.hibernate.loader.Loader - done loading collection
14:01:03.686 [main] DEBUG org.hibernate.loader.Loader - loading collection: [net.lojika.gtfs.model.Routes.routesCdkidCollection#istb.280451]
14:01:03.686 [main] DEBUG org.hibernate.jdbc.AbstractBatcher - about to open PreparedStatement (open PreparedStatements: 0, globally: 0)
14:01:03.686 [main] DEBUG org.hibernate.SQL - select routescdki0_.route_id as route2_2_1_, routescdki0_.route_cdk_id as route1_1_, routescdki0_.route_cdk_id as route1_3_0_, routescdki0_.route_id as route2_3_0_ from public.routes_cdkid routescdki0_ where routescdki0_.route_id=?
Hibernate: select routescdki0_.route_id as route2_2_1_, routescdki0_.route_cdk_id as route1_1_, routescdki0_.route_cdk_id as route1_3_0_, routescdki0_.route_id as route2_3_0_ from public.routes_cdkid routescdki0_ where routescdki0_.route_id=?
14:01:03.687 [main] DEBUG org.hibernate.jdbc.AbstractBatcher - about to open ResultSet (open ResultSets: 0, globally: 0)
14:01:03.687 [main] DEBUG org.hibernate.loader.Loader - result set contains (possibly empty) collection: [net.lojika.gtfs.model.Routes.routesCdkidCollection#istb.280451]
14:01:03.687 [main] DEBUG org.hibernate.loader.Loader - result row: EntityKey[net.lojika.gtfs.model.RoutesCdkid#gtfs.line.1.3-1]
14:01:03.687 [main] DEBUG org.hibernate.loader.Loader - found row of collection: [net.lojika.gtfs.model.Routes.routesCdkidCollection#istb.280451]
14:01:03.687 [main] DEBUG org.hibernate.loader.Loader - result row: EntityKey[net.lojika.gtfs.model.RoutesCdkid#gtfs.line.1.3-0]
14:01:03.687 [main] DEBUG org.hibernate.loader.Loader - found row of collection: [net.lojika.gtfs.model.Routes.routesCdkidCollection#istb.280451]
14:01:03.687 [main] DEBUG org.hibernate.jdbc.AbstractBatcher - about to close ResultSet (open ResultSets: 1, globally: 1)
14:01:03.687 [main] DEBUG org.hibernate.jdbc.AbstractBatcher - about to close PreparedStatement (open PreparedStatements: 1, globally: 1)
14:01:03.687 [main] DEBUG o.h.e.loading.CollectionLoadContext - 1 collections were found in result set for role: net.lojika.gtfs.model.Routes.routesCdkidCollection
14:01:03.687 [main] DEBUG o.h.e.loading.CollectionLoadContext - collection fully initialized: [net.lojika.gtfs.model.Routes.routesCdkidCollection#istb.280451]
14:01:03.687 [main] DEBUG o.h.e.loading.CollectionLoadContext - 1 collections initialized for role: net.lojika.gtfs.model.Routes.routesCdkidCollection
14:01:03.687 [main] DEBUG org.hibernate.loader.Loader - done loading collection
14:01:03.687 [main] DEBUG org.hibernate.loader.Loader - loading collection: [net.lojika.gtfs.model.Routes.routesCdkidCollection#istb.280452]
14:01:03.687 [main] DEBUG org.hibernate.jdbc.AbstractBatcher - about to open PreparedStatement (open PreparedStatements: 0, globally: 0)
14:01:03.687 [main] DEBUG org.hibernate.SQL - select routescdki0_.route_id as route2_2_1_, routescdki0_.route_cdk_id as route1_1_, routescdki0_.route_cdk_id as route1_3_0_, routescdki0_.route_id as route2_3_0_ from public.routes_cdkid routescdki0_ where routescdki0_.route_id=?
Hibernate: select routescdki0_.route_id as route2_2_1_, routescdki0_.route_cdk_id as route1_1_, routescdki0_.route_cdk_id as route1_3_0_, routescdki0_.route_id as route2_3_0_ from public.routes_cdkid routescdki0_ where routescdki0_.route_id=?
14:01:03.688 [main] DEBUG org.hibernate.jdbc.AbstractBatcher - about to open ResultSet (open ResultSets: 0, globally: 0)
14:01:03.688 [main] DEBUG org.hibernate.loader.Loader - result set contains (possibly empty) collection: [net.lojika.gtfs.model.Routes.routesCdkidCollection#istb.280452]
14:01:03.688 [main] DEBUG org.hibernate.loader.Loader - result row: EntityKey[net.lojika.gtfs.model.RoutesCdkid#gtfs.line.1.303-1]
14:01:03.688 [main] DEBUG org.hibernate.loader.Loader - found row of collection: [net.lojika.gtfs.model.Routes.routesCdkidCollection#istb.280452]
14:01:03.688 [main] DEBUG org.hibernate.loader.Loader - result row: EntityKey[net.lojika.gtfs.model.RoutesCdkid#gtfs.line.1.303-0]
14:01:03.688 [main] DEBUG org.hibernate.loader.Loader - found row of collection: [net.lojika.gtfs.model.Routes.routesCdkidCollection#istb.280452]
14:01:03.688 [main] DEBUG org.hibernate.jdbc.AbstractBatcher - about to close ResultSet (open ResultSets: 1, globally: 1)
14:01:03.688 [main] DEBUG org.hibernate.jdbc.AbstractBatcher - about to close PreparedStatement (open PreparedStatements: 1, globally: 1)
14:01:03.688 [main] DEBUG o.h.e.loading.CollectionLoadContext - 1 collections were found in result set for role: net.lojika.gtfs.model.Routes.routesCdkidCollection
14:01:03.688 [main] DEBUG o.h.e.loading.CollectionLoadContext - collection fully initialized: [net.lojika.gtfs.model.Routes.routesCdkidCollection#istb.280452]
14:01:03.688 [main] DEBUG o.h.e.loading.CollectionLoadContext - 1 collections initialized for role: net.lojika.gtfs.model.Routes.routesCdkidCollection
14:01:03.688 [main] DEBUG org.hibernate.loader.Loader - done loading collection
14:01:03.688 [main] DEBUG org.hibernate.loader.Loader - loading collection: [net.lojika.gtfs.model.Routes.routesCdkidCollection#istb.280453]
14:01:03.688 [main] DEBUG org.hibernate.jdbc.AbstractBatcher - about to open PreparedStatement (open PreparedStatements: 0, globally: 0)
14:01:03.688 [main] DEBUG org.hibernate.SQL - select routescdki0_.route_id as route2_2_1_, routescdki0_.route_cdk_id as route1_1_, routescdki0_.route_cdk_id as route1_3_0_, routescdki0_.route_id as route2_3_0_ from public.routes_cdkid routescdki0_ where routescdki0_.route_id=?
Hibernate: select routescdki0_.route_id as route2_2_1_, routescdki0_.route_cdk_id as route1_1_, routescdki0_.route_cdk_id as route1_3_0_, routescdki0_.route_id as route2_3_0_ from public.routes_cdkid routescdki0_ where routescdki0_.route_id=?
14:01:03.688 [main] DEBUG org.hibernate.jdbc.AbstractBatcher - about to open ResultSet (open ResultSets: 0, globally: 0)
14:01:03.689 [main] DEBUG org.hibernate.loader.Loader - result set contains (possibly empty) collection: [net.lojika.gtfs.model.Routes.routesCdkidCollection#istb.280453]
14:01:03.689 [main] DEBUG org.hibernate.loader.Loader - result row: EntityKey[net.lojika.gtfs.model.RoutesCdkid#gtfs.line.1.303b-1]
14:01:03.689 [main] DEBUG org.hibernate.loader.Loader - found row of collection: [net.lojika.gtfs.model.Routes.routesCdkidCollection#istb.280453]
14:01:03.689 [main] DEBUG org.hibernate.loader.Loader - result row: EntityKey[net.lojika.gtfs.model.RoutesCdkid#gtfs.line.1.303b-0]
14:01:03.689 [main] DEBUG org.hibernate.loader.Loader - found row of collection: [net.lojika.gtfs.model.Routes.routesCdkidCollection#istb.280453]
14:01:03.689 [main] DEBUG org.hibernate.jdbc.AbstractBatcher - about to close ResultSet (open ResultSets: 1, globally: 1)
14:01:03.689 [main] DEBUG org.hibernate.jdbc.AbstractBatcher - about to close PreparedStatement (open PreparedStatements: 1, globally: 1)
14:01:03.689 [main] DEBUG o.h.e.loading.CollectionLoadContext - 1 collections were found in result set for role: net.lojika.gtfs.model.Routes.routesCdkidCollection
14:01:03.689 [main] DEBUG o.h.e.loading.CollectionLoadContext - collection fully initialized: [net.lojika.gtfs.model.Routes.routesCdkidCollection#istb.280453]
14:01:03.689 [main] DEBUG o.h.e.loading.CollectionLoadContext - 1 collections initialized for role: net.lojika.gtfs.model.Routes.routesCdkidCollection
14:01:03.689 [main] DEBUG org.hibernate.loader.Loader - done loading collection
14:01:03.689 [main] DEBUG org.hibernate.loader.Loader - loading collection: [net.lojika.gtfs.model.Routes.routesCdkidCollection#istb.280455]
14:01:03.689 [main] DEBUG org.hibernate.jdbc.AbstractBatcher - about to open PreparedStatement (open PreparedStatements: 0, globally: 0)
14:01:03.689 [main] DEBUG org.hibernate.SQL - select routescdki0_.route_id as route2_2_1_, routescdki0_.route_cdk_id as route1_1_, routescdki0_.route_cdk_id as route1_3_0_, routescdki0_.route_id as route2_3_0_ from public.routes_cdkid routescdki0_ where routescdki0_.route_id=?
Hibernate: select routescdki0_.route_id as route2_2_1_, routescdki0_.route_cdk_id as route1_1_, routescdki0_.route_cdk_id as route1_3_0_, routescdki0_.route_id as route2_3_0_ from public.routes_cdkid routescdki0_ where routescdki0_.route_id=?
14:01:03.689 [main] DEBUG org.hibernate.jdbc.AbstractBatcher - about to open ResultSet (open ResultSets: 0, globally: 0)
14:01:03.689 [main] DEBUG org.hibernate.loader.Loader - result set contains (possibly empty) collection: [net.lojika.gtfs.model.Routes.routesCdkidCollection#istb.280455]
14:01:03.689 [main] DEBUG org.hibernate.loader.Loader - result row: EntityKey[net.lojika.gtfs.model.RoutesCdkid#gtfs.line.1.30a-0]
14:01:03.689 [main] DEBUG org.hibernate.loader.Loader - found row of collection: [net.lojika.gtfs.model.Routes.routesCdkidCollection#istb.280455]
14:01:03.690 [main] DEBUG org.hibernate.jdbc.AbstractBatcher - about to close ResultSet (open ResultSets: 1, globally: 1)
14:01:03.690 [main] DEBUG org.hibernate.jdbc.AbstractBatcher - about to close PreparedStatement (open PreparedStatements: 1, globally: 1)
14:01:03.690 [main] DEBUG o.h.e.loading.CollectionLoadContext - 1 collections were found in result set for role: net.lojika.gtfs.model.Routes.routesCdkidCollection
14:01:03.690 [main] DEBUG o.h.e.loading.CollectionLoadContext - collection fully initialized: [net.lojika.gtfs.model.Routes.routesCdkidCollection#istb.280455]
14:01:03.690 [main] DEBUG o.h.e.loading.CollectionLoadContext - 1 collections initialized for role: net.lojika.gtfs.model.Routes.routesCdkidCollection
14:01:03.690 [main] DEBUG org.hibernate.loader.Loader - done loading collection
14:01:03.690 [main] DEBUG org.hibernate.loader.Loader - loading collection: [net.lojika.gtfs.model.Routes.routesCdkidCollection#istb.280456]
14:01:03.690 [main] DEBUG org.hibernate.jdbc.AbstractBatcher - about to open PreparedStatement (open PreparedStatements: 0, globally: 0)
14:01:03.690 [main] DEBUG org.hibernate.SQL - select routescdki0_.route_id as route2_2_1_, routescdki0_.route_cdk_id as route1_1_, routescdki0_.route_cdk_id as route1_3_0_, routescdki0_.route_id as route2_3_0_ from public.routes_cdkid routescdki0_ where routescdki0_.route_id=?
Hibernate: select routescdki0_.route_id as route2_2_1_, routescdki0_.route_cdk_id as route1_1_, routescdki0_.route_cdk_id as route1_3_0_, routescdki0_.route_id as route2_3_0_ from public.routes_cdkid routescdki0_ where routescdki0_.route_id=?
14:01:03.690 [main] DEBUG org.hibernate.jdbc.AbstractBatcher - about to open ResultSet (open ResultSets: 0, globally: 0)
14:01:03.690 [main] DEBUG org.hibernate.loader.Loader - result set contains (possibly empty) collection: [net.lojika.gtfs.model.Routes.routesCdkidCollection#istb.280456]
14:01:03.690 [main] DEBUG org.hibernate.loader.Loader - result row: EntityKey[net.lojika.gtfs.model.RoutesCdkid#gtfs.line.1.30d-1]
14:01:03.690 [main] DEBUG org.hibernate.loader.Loader - found row of collection: [net.lojika.gtfs.model.Routes.routesCdkidCollection#istb.280456]
14:01:03.690 [main] DEBUG org.hibernate.loader.Loader - result row: EntityKey[net.lojika.gtfs.model.RoutesCdkid#gtfs.line.1.30d-0]
14:01:03.690 [main] DEBUG org.hibernate.loader.Loader - found row of collection: [net.lojika.gtfs.model.Routes.routesCdkidCollection#istb.280456]
14:01:03.690 [main] DEBUG org.hibernate.jdbc.AbstractBatcher - about to close ResultSet (open ResultSets: 1, globally: 1)
14:01:03.690 [main] DEBUG org.hibernate.jdbc.AbstractBatcher - about to close PreparedStatement (open PreparedStatements: 1, globally: 1)
14:01:03.690 [main] DEBUG o.h.e.loading.CollectionLoadContext - 1 collections were found in result set for role: net.lojika.gtfs.model.Routes.routesCdkidCollection
14:01:03.691 [main] DEBUG o.h.e.loading.CollectionLoadContext - collection fully initialized: [net.lojika.gtfs.model.Routes.routesCdkidCollection#istb.280456]
14:01:03.691 [main] DEBUG o.h.e.loading.CollectionLoadContext - 1 collections initialized for role: net.lojika.gtfs.model.Routes.routesCdkidCollection
14:01:03.691 [main] DEBUG org.hibernate.loader.Loader - done loading collection
14:01:03.691 [main] DEBUG org.hibernate.loader.Loader - loading collection: [net.lojika.gtfs.model.Routes.routesCdkidCollection#istb.280457]
14:01:03.691 [main] DEBUG org.hibernate.jdbc.AbstractBatcher - about to open PreparedStatement (open PreparedStatements: 0, globally: 0)
14:01:03.691 [main] DEBUG org.hibernate.SQL - select routescdki0_.route_id as route2_2_1_, routescdki0_.route_cdk_id as route1_1_, routescdki0_.route_cdk_id as route1_3_0_, routescdki0_.route_id as route2_3_0_ from public.routes_cdkid routescdki0_ where routescdki0_.route_id=?
Hibernate: select routescdki0_.route_id as route2_2_1_, routescdki0_.route_cdk_id as route1_1_, routescdki0_.route_cdk_id as route1_3_0_, routescdki0_.route_id as route2_3_0_ from public.routes_cdkid routescdki0_ where routescdki0_.route_id=?
14:01:03.691 [main] DEBUG org.hibernate.jdbc.AbstractBatcher - about to open ResultSet (open ResultSets: 0, globally: 0)
14:01:03.691 [main] DEBUG org.hibernate.loader.Loader - result set contains (possibly empty) collection: [net.lojika.gtfs.model.Routes.routesCdkidCollection#istb.280457]
14:01:03.691 [main] DEBUG org.hibernate.loader.Loader - result row: EntityKey[net.lojika.gtfs.model.RoutesCdkid#gtfs.line.1.30m-0]
14:01:03.691 [main] DEBUG org.hibernate.loader.Loader - found row of collection: [net.lojika.gtfs.model.Routes.routesCdkidCollection#istb.280457]
14:01:03.691 [main] DEBUG org.hibernate.jdbc.AbstractBatcher - about to close ResultSet (open ResultSets: 1, globally: 1)
14:01:03.691 [main] DEBUG org.hibernate.jdbc.AbstractBatcher - about to close PreparedStatement (open PreparedStatements: 1, globally: 1)
14:01:03.691 [main] DEBUG o.h.e.loading.CollectionLoadContext - 1 collections were found in result set for role: net.lojika.gtfs.model.Routes.routesCdkidCollection
14:01:03.692 [main] DEBUG o.h.e.loading.CollectionLoadContext - collection fully initialized: [net.lojika.gtfs.model.Routes.routesCdkidCollection#istb.280457]
14:01:03.692 [main] DEBUG o.h.e.loading.CollectionLoadContext - 1 collections initialized for role: net.lojika.gtfs.model.Routes.routesCdkidCollection
14:01:03.692 [main] DEBUG org.hibernate.loader.Loader - done loading collection
14:01:03.692 [main] DEBUG org.hibernate.loader.Loader - loading collection: [net.lojika.gtfs.model.Routes.routesCdkidCollection#istb.280458]
14:01:03.692 [main] DEBUG org.hibernate.jdbc.AbstractBatcher - about to open PreparedStatement (open PreparedStatements: 0, globally: 0)
14:01:03.692 [main] DEBUG org.hibernate.SQL - select routescdki0_.route_id as route2_2_1_, routescdki0_.route_cdk_id as route1_1_, routescdki0_.route_cdk_id as route1_3_0_, routescdki0_.route_id as route2_3_0_ from public.routes_cdkid routescdki0_ where routescdki0_.route_id=?
Hibernate: select routescdki0_.route_id as route2_2_1_, routescdki0_.route_cdk_id as route1_1_, routescdki0_.route_cdk_id as route1_3_0_, routescdki0_.route_id as route2_3_0_ from public.routes_cdkid routescdki0_ where routescdki0_.route_id=?
14:01:03.692 [main] DEBUG org.hibernate.jdbc.AbstractBatcher - about to open ResultSet (open ResultSets: 0, globally: 0)
14:01:03.692 [main] DEBUG org.hibernate.loader.Loader - result set contains (possibly empty) collection: [net.lojika.gtfs.model.Routes.routesCdkidCollection#istb.280458]
14:01:03.692 [main] DEBUG org.hibernate.loader.Loader - result row: EntityKey[net.lojika.gtfs.model.RoutesCdkid#gtfs.line.1.31-1]
14:01:03.692 [main] DEBUG org.hibernate.loader.Loader - found row of collection: [net.lojika.gtfs.model.Routes.routesCdkidCollection#istb.280458]
14:01:03.692 [main] DEBUG org.hibernate.loader.Loader - result row: EntityKey[net.lojika.gtfs.model.RoutesCdkid#gtfs.line.1.31-0]
14:01:03.692 [main] DEBUG org.hibernate.loader.Loader - found row of collection: [net.lojika.gtfs.model.Routes.routesCdkidCollection#istb.280458]
14:01:03.692 [main] DEBUG org.hibernate.jdbc.AbstractBatcher - about to close ResultSet (open ResultSets: 1, globally: 1)
14:01:03.692 [main] DEBUG org.hibernate.jdbc.AbstractBatcher - about to close PreparedStatement (open PreparedStatements: 1, globally: 1)
14:01:03.692 [main] DEBUG o.h.e.loading.CollectionLoadContext - 1 collections were found in result set for role: net.lojika.gtfs.model.Routes.routesCdkidCollection
14:01:03.692 [main] DEBUG o.h.e.loading.CollectionLoadContext - collection fully initialized: [net.lojika.gtfs.model.Routes.routesCdkidCollection#istb.280458]
14:01:03.692 [main] DEBUG o.h.e.loading.CollectionLoadContext - 1 collections initialized for role: net.lojika.gtfs.model.Routes.routesCdkidCollection
14:01:03.692 [main] DEBUG org.hibernate.loader.Loader - done loading collection
14:01:03.693 [main] DEBUG org.hibernate.loader.Loader - loading collection: [net.lojika.gtfs.model.Routes.routesCdkidCollection#istb.280459]
14:01:03.693 [main] DEBUG org.hibernate.jdbc.AbstractBatcher - about to open PreparedStatement (open PreparedStatements: 0, globally: 0)
14:01:03.693 [main] DEBUG org.hibernate.SQL - select routescdki0_.route_id as route2_2_1_, routescdki0_.route_cdk_id as route1_1_, routescdki0_.route_cdk_id as route1_3_0_, routescdki0_.route_id as route2_3_0_ from public.routes_cdkid routescdki0_ where routescdki0_.route_id=?
Hibernate: select routescdki0_.route_id as route2_2_1_, routescdki0_.route_cdk_id as route1_1_, routescdki0_.route_cdk_id as route1_3_0_, routescdki0_.route_id as route2_3_0_ from public.routes_cdkid routescdki0_ where routescdki0_.route_id=?
14:01:03.693 [main] DEBUG org.hibernate.jdbc.AbstractBatcher - about to open ResultSet (open ResultSets: 0, globally: 0)
14:01:03.693 [main] DEBUG org.hibernate.loader.Loader - result set contains (possibly empty) collection: [net.lojika.gtfs.model.Routes.routesCdkidCollection#istb.280459]
14:01:03.693 [main] DEBUG org.hibernate.loader.Loader - result row: EntityKey[net.lojika.gtfs.model.RoutesCdkid#gtfs.line.1.319-1]
14:01:03.693 [main] DEBUG org.hibernate.loader.Loader - found row of collection: [net.lojika.gtfs.model.Routes.routesCdkidCollection#istb.280459]
14:01:03.693 [main] DEBUG org.hibernate.loader.Loader - result row: EntityKey[net.lojika.gtfs.model.RoutesCdkid#gtfs.line.1.319-0]
14:01:03.693 [main] DEBUG org.hibernate.loader.Loader - found row of collection: [net.lojika.gtfs.model.Routes.routesCdkidCollection#istb.280459]
14:01:03.693 [main] DEBUG org.hibernate.jdbc.AbstractBatcher - about to close ResultSet (open ResultSets: 1, globally: 1)
14:01:03.693 [main] DEBUG org.hibernate.jdbc.AbstractBatcher - about to close PreparedStatement (open PreparedStatements: 1, globally: 1)
14:01:03.693 [main] DEBUG o.h.e.loading.CollectionLoadContext - 1 collections were found in result set for role: net.lojika.gtfs.model.Routes.routesCdkidCollection
14:01:03.693 [main] DEBUG o.h.e.loading.CollectionLoadContext - collection fully initialized: [net.lojika.gtfs.model.Routes.routesCdkidCollection#istb.280459]
14:01:03.693 [main] DEBUG o.h.e.loading.CollectionLoadContext - 1 collections initialized for role: net.lojika.gtfs.model.Routes.routesCdkidCollection
14:01:03.693 [main] DEBUG org.hibernate.loader.Loader - done loading collection
14:01:03.693 [main] DEBUG org.hibernate.loader.Loader - loading collection: [net.lojika.gtfs.model.Routes.routesCdkidCollection#istb.280460]
14:01:03.693 [main] DEBUG org.hibernate.jdbc.AbstractBatcher - about to open PreparedStatement (open PreparedStatements: 0, globally: 0)
14:01:03.693 [main] DEBUG org.hibernate.SQL - select routescdki0_.route_id as route2_2_1_, routescdki0_.route_cdk_id as route1_1_, routescdki0_.route_cdk_id as route1_3_0_, routescdki0_.route_id as route2_3_0_ from public.routes_cdkid routescdki0_ where routescdki0_.route_id=?
Hibernate: select routescdki0_.route_id as route2_2_1_, routescdki0_.route_cdk_id as route1_1_, routescdki0_.route_cdk_id as route1_3_0_, routescdki0_.route_id as route2_3_0_ from public.routes_cdkid routescdki0_ where routescdki0_.route_id=?
14:01:03.694 [main] DEBUG org.hibernate.jdbc.AbstractBatcher - about to open ResultSet (open ResultSets: 0, globally: 0)
14:01:03.694 [main] DEBUG org.hibernate.loader.Loader - result set contains (possibly empty) collection: [net.lojika.gtfs.model.Routes.routesCdkidCollection#istb.280460]
14:01:03.694 [main] DEBUG org.hibernate.loader.Loader - result row: EntityKey[net.lojika.gtfs.model.RoutesCdkid#gtfs.line.1.31e-1]
14:01:03.694 [main] DEBUG org.hibernate.loader.Loader - found row of collection: [net.lojika.gtfs.model.Routes.routesCdkidCollection#istb.280460]
14:01:03.694 [main] DEBUG org.hibernate.loader.Loader - result row: EntityKey[net.lojika.gtfs.model.RoutesCdkid#gtfs.line.1.31e-0]
14:01:03.694 [main] DEBUG org.hibernate.loader.Loader - found row of collection: [net.lojika.gtfs.model.Routes.routesCdkidCollection#istb.280460]
14:01:03.694 [main] DEBUG org.hibernate.jdbc.AbstractBatcher - about to close ResultSet (open ResultSets: 1, globally: 1)
14:01:03.694 [main] DEBUG org.hibernate.jdbc.AbstractBatcher - about to close PreparedStatement (open PreparedStatements: 1, globally: 1)
14:01:03.694 [main] DEBUG o.h.e.loading.CollectionLoadContext - 1 collections were found in result set for role: net.lojika.gtfs.model.Routes.routesCdkidCollection
14:01:03.694 [main] DEBUG o.h.e.loading.CollectionLoadContext - collection fully initialized: [net.lojika.gtfs.model.Routes.routesCdkidCollection#istb.280460]
14:01:03.694 [main] DEBUG o.h.e.loading.CollectionLoadContext - 1 collections initialized for role: net.lojika.gtfs.model.Routes.routesCdkidCollection
14:01:03.694 [main] DEBUG org.hibernate.loader.Loader - done loading collection
14:01:03.694 [main] DEBUG org.hibernate.loader.Loader - loading collection: [net.lojika.gtfs.model.Routes.routesCdkidCollection#istb.280461]
14:01:03.694 [main] DEBUG org.hibernate.jdbc.AbstractBatcher - about to open PreparedStatement (open PreparedStatements: 0, globally: 0)
14:01:03.694 [main] DEBUG org.hibernate.SQL - select routescdki0_.route_id as route2_2_1_, routescdki0_.route_cdk_id as route1_1_, routescdki0_.route_cdk_id as route1_3_0_, routescdki0_.route_id as route2_3_0_ from public.routes_cdkid routescdki0_ where routescdki0_.route_id=?
Hibernate: select routescdki0_.route_id as route2_2_1_, routescdki0_.route_cdk_id as route1_1_, routescdki0_.route_cdk_id as route1_3_0_, routescdki0_.route_id as route2_3_0_ from public.routes_cdkid routescdki0_ where routescdki0_.route_id=?
14:01:03.695 [main] DEBUG org.hibernate.jdbc.AbstractBatcher - about to open ResultSet (open ResultSets: 0, globally: 0)
14:01:03.695 [main] DEBUG org.hibernate.loader.Loader - result set contains (possibly empty) collection: [net.lojika.gtfs.model.Routes.routesCdkidCollection#istb.280461]
14:01:03.695 [main] DEBUG org.hibernate.loader.Loader - result row: EntityKey[net.lojika.gtfs.model.RoutesCdkid#gtfs.line.1.31k-1]
14:01:03.695 [main] DEBUG org.hibernate.loader.Loader - found row of collection: [net.lojika.gtfs.model.Routes.routesCdkidCollection#istb.280461]
14:01:03.695 [main] DEBUG org.hibernate.loader.Loader - result row: EntityKey[net.lojika.gtfs.model.RoutesCdkid#gtfs.line.1.31k-0]
14:01:03.695 [main] DEBUG org.hibernate.loader.Loader - found row of collection: [net.lojika.gtfs.model.Routes.routesCdkidCollection#istb.280461]
14:01:03.695 [main] DEBUG org.hibernate.jdbc.AbstractBatcher - about to close ResultSet (open ResultSets: 1, globally: 1)
14:01:03.695 [main] DEBUG org.hibernate.jdbc.AbstractBatcher - about to close PreparedStatement (open PreparedStatements: 1, globally: 1)
14:01:03.695 [main] DEBUG o.h.e.loading.CollectionLoadContext - 1 collections were found in result set for role: net.lojika.gtfs.model.Routes.routesCdkidCollection
14:01:03.695 [main] DEBUG o.h.e.loading.CollectionLoadContext - collection fully initialized: [net.lojika.gtfs.model.Routes.routesCdkidCollection#istb.280461]
14:01:03.695 [main] DEBUG o.h.e.loading.CollectionLoadContext - 1 collections initialized for role: net.lojika.gtfs.model.Routes.routesCdkidCollection
14:01:03.695 [main] DEBUG org.hibernate.loader.Loader - done loading collection
14:01:03.695 [main] DEBUG org.hibernate.loader.Loader - loading collection: [net.lojika.gtfs.model.Routes.routesCdkidCollection#istb.280462]
14:01:03.695 [main] DEBUG org.hibernate.jdbc.AbstractBatcher - about to open PreparedStatement (open PreparedStatements: 0, globally: 0)
14:01:03.695 [main] DEBUG org.hibernate.SQL - select routescdki0_.route_id as route2_2_1_, routescdki0_.route_cdk_id as route1_1_, routescdki0_.route_cdk_id as route1_3_0_, routescdki0_.route_id as route2_3_0_ from public.routes_cdkid routescdki0_ where routescdki0_.route_id=?
Hibernate: select routescdki0_.route_id as route2_2_1_, routescdki0_.route_cdk_id as route1_1_, routescdki0_.route_cdk_id as route1_3_0_, routescdki0_.route_id as route2_3_0_ from public.routes_cdkid routescdki0_ where routescdki0_.route_id=?
14:01:03.696 [main] DEBUG org.hibernate.jdbc.AbstractBatcher - about to open ResultSet (open ResultSets: 0, globally: 0)
14:01:03.696 [main] DEBUG org.hibernate.loader.Loader - result set contains (possibly empty) collection: [net.lojika.gtfs.model.Routes.routesCdkidCollection#istb.280462]
14:01:03.696 [main] DEBUG org.hibernate.loader.Loader - result row: EntityKey[net.lojika.gtfs.model.RoutesCdkid#gtfs.line.1.31y-1]
14:01:03.696 [main] DEBUG org.hibernate.loader.Loader - found row of collection: [net.lojika.gtfs.model.Routes.routesCdkidCollection#istb.280462]
14:01:03.696 [main] DEBUG org.hibernate.loader.Loader - result row: EntityKey[net.lojika.gtfs.model.RoutesCdkid#gtfs.line.1.31y-0]
14:01:03.696 [main] DEBUG org.hibernate.loader.Loader - found row of collection: [net.lojika.gtfs.model.Routes.routesCdkidCollection#istb.280462]
14:01:03.696 [main] DEBUG org.hibernate.jdbc.AbstractBatcher - about to close ResultSet (open ResultSets: 1, globally: 1)
14:01:03.696 [main] DEBUG org.hibernate.jdbc.AbstractBatcher - about to close PreparedStatement (open PreparedStatements: 1, globally: 1)
14:01:03.696 [main] DEBUG o.h.e.loading.CollectionLoadContext - 1 collections were found in result set for role: net.lojika.gtfs.model.Routes.routesCdkidCollection
14:01:03.696 [main] DEBUG o.h.e.loading.CollectionLoadContext - collection fully initialized: [net.lojika.gtfs.model.Routes.routesCdkidCollection#istb.280462]
14:01:03.696 [main] DEBUG o.h.e.loading.CollectionLoadContext - 1 collections initialized for role: net.lojika.gtfs.model.Routes.routesCdkidCollection
14:01:03.696 [main] DEBUG org.hibernate.loader.Loader - done loading collection
14:01:03.696 [main] DEBUG org.hibernate.loader.Loader - loading collection: [net.lojika.gtfs.model.Routes.routesCdkidCollection#istb.280463]
14:01:03.696 [main] DEBUG org.hibernate.jdbc.AbstractBatcher - about to open PreparedStatement (open PreparedStatements: 0, globally: 0)
14:01:03.696 [main] DEBUG org.hibernate.SQL - select routescdki0_.route_id as route2_2_1_, routescdki0_.route_cdk_id as route1_1_, routescdki0_.route_cdk_id as route1_3_0_, routescdki0_.route_id as route2_3_0_ from public.routes_cdkid routescdki0_ where routescdki0_.route_id=?
Hibernate: select routescdki0_.route_id as route2_2_1_, routescdki0_.route_cdk_id as route1_1_, routescdki0_.route_cdk_id as route1_3_0_, routescdki0_.route_id as route2_3_0_ from public.routes_cdkid routescdki0_ where routescdki0_.route_id=?
14:01:03.697 [main] DEBUG org.hibernate.jdbc.AbstractBatcher - about to open ResultSet (open ResultSets: 0, globally: 0)
14:01:03.697 [main] DEBUG org.hibernate.loader.Loader - result set contains (possibly empty) collection: [net.lojika.gtfs.model.Routes.routesCdkidCollection#istb.280463]
14:01:03.697 [main] DEBUG org.hibernate.loader.Loader - result row: EntityKey[net.lojika.gtfs.model.RoutesCdkid#gtfs.line.1.32-1]
14:01:03.697 [main] DEBUG org.hibernate.loader.Loader - found row of collection: [net.lojika.gtfs.model.Routes.routesCdkidCollection#istb.280463]
14:01:03.697 [main] DEBUG org.hibernate.loader.Loader - result row: EntityKey[net.lojika.gtfs.model.RoutesCdkid#gtfs.line.1.32-0]
14:01:03.697 [main] DEBUG org.hibernate.loader.Loader - found row of collection: [net.lojika.gtfs.model.Routes.routesCdkidCollection#istb.280463]
14:01:03.697 [main] DEBUG org.hibernate.jdbc.AbstractBatcher - about to close ResultSet (open ResultSets: 1, globally: 1)
14:01:03.697 [main] DEBUG org.hibernate.jdbc.AbstractBatcher - about to close PreparedStatement (open PreparedStatements: 1, globally: 1)
14:01:03.697 [main] DEBUG o.h.e.loading.CollectionLoadContext - 1 collections were found in result set for role: net.lojika.gtfs.model.Routes.routesCdkidCollection
14:01:03.697 [main] DEBUG o.h.e.loading.CollectionLoadContext - collection fully initialized: [net.lojika.gtfs.model.Routes.routesCdkidCollection#istb.280463]
14:01:03.697 [main] DEBUG o.h.e.loading.CollectionLoadContext - 1 collections initialized for role: net.lojika.gtfs.model.Routes.routesCdkidCollection
14:01:03.697 [main] DEBUG org.hibernate.loader.Loader - done loading collection
14:01:03.697 [main] DEBUG org.hibernate.loader.Loader - loading collection: [net.lojika.gtfs.model.Routes.routesCdkidCollection#istb.280464]
14:01:03.697 [main] DEBUG org.hibernate.jdbc.AbstractBatcher - about to open PreparedStatement (open PreparedStatements: 0, globally: 0)
14:01:03.697 [main] DEBUG org.hibernate.SQL - select routescdki0_.route_id as route2_2_1_, routescdki0_.route_cdk_id as route1_1_, routescdki0_.route_cdk_id as route1_3_0_, routescdki0_.route_id as route2_3_0_ from public.routes_cdkid routescdki0_ where routescdki0_.route_id=?
Hibernate: select routescdki0_.route_id as route2_2_1_, routescdki0_.route_cdk_id as route1_1_, routescdki0_.route_cdk_id as route1_3_0_, routescdki0_.route_id as route2_3_0_ from public.routes_cdkid routescdki0_ where routescdki0_.route_id=?
14:01:03.698 [main] DEBUG org.hibernate.jdbc.AbstractBatcher - about to open ResultSet (open ResultSets: 0, globally: 0)
14:01:03.698 [main] DEBUG org.hibernate.loader.Loader - result set contains (possibly empty) collection: [net.lojika.gtfs.model.Routes.routesCdkidCollection#istb.280464]
14:01:03.698 [main] DEBUG org.hibernate.loader.Loader - result row: EntityKey[net.lojika.gtfs.model.RoutesCdkid#gtfs.line.1.320-1]
14:01:03.698 [main] DEBUG org.hibernate.loader.Loader - found row of collection: [net.lojika.gtfs.model.Routes.routesCdkidCollection#istb.280464]
14:01:03.698 [main] DEBUG org.hibernate.loader.Loader - result row: EntityKey[net.lojika.gtfs.model.RoutesCdkid#gtfs.line.1.320-0]
14:01:03.698 [main] DEBUG org.hibernate.loader.Loader - found row of collection: [net.lojika.gtfs.model.Routes.routesCdkidCollection#istb.280464]
14:01:03.698 [main] DEBUG org.hibernate.jdbc.AbstractBatcher - about to close ResultSet (open ResultSets: 1, globally: 1)
14:01:03.698 [main] DEBUG org.hibernate.jdbc.AbstractBatcher - about to close PreparedStatement (open PreparedStatements: 1, globally: 1)
14:01:03.698 [main] DEBUG o.h.e.loading.CollectionLoadContext - 1 collections were found in result set for role: net.lojika.gtfs.model.Routes.routesCdkidCollection
14:01:03.698 [main] DEBUG o.h.e.loading.CollectionLoadContext - collection fully initialized: [net.lojika.gtfs.model.Routes.routesCdkidCollection#istb.280464]
14:01:03.698 [main] DEBUG o.h.e.loading.CollectionLoadContext - 1 collections initialized for role: net.lojika.gtfs.model.Routes.routesCdkidCollection
14:01:03.698 [main] DEBUG org.hibernate.loader.Loader - done loading collection
14:01:03.698 [main] DEBUG org.hibernate.loader.Loader - loading collection: [net.lojika.gtfs.model.Routes.routesCdkidCollection#istb.280465]
14:01:03.698 [main] DEBUG org.hibernate.jdbc.AbstractBatcher - about to open PreparedStatement (open PreparedStatements: 0, globally: 0)
14:01:03.698 [main] DEBUG org.hibernate.SQL - select routescdki0_.route_id as route2_2_1_, routescdki0_.route_cdk_id as route1_1_, routescdki0_.route_cdk_id as route1_3_0_, routescdki0_.route_id as route2_3_0_ from public.routes_cdkid routescdki0_ where routescdki0_.route_id=?
Hibernate: select routescdki0_.route_id as route2_2_1_, routescdki0_.route_cdk_id as route1_1_, routescdki0_.route_cdk_id as route1_3_0_, routescdki0_.route_id as route2_3_0_ from public.routes_cdkid routescdki0_ where routescdki0_.route_id=?
14:01:03.698 [main] DEBUG org.hibernate.jdbc.AbstractBatcher - about to open ResultSet (open ResultSets: 0, globally: 0)
14:01:03.699 [main] DEBUG org.hibernate.loader.Loader - result set contains (possibly empty) collection: [net.lojika.gtfs.model.Routes.routesCdkidCollection#istb.280465]
14:01:03.699 [main] DEBUG org.hibernate.loader.Loader - result row: EntityKey[net.lojika.gtfs.model.RoutesCdkid#gtfs.line.1.320a-1]
14:01:03.699 [main] DEBUG org.hibernate.loader.Loader - found row of collection: [net.lojika.gtfs.model.Routes.routesCdkidCollection#istb.280465]
14:01:03.699 [main] DEBUG org.hibernate.loader.Loader - result row: EntityKey[net.lojika.gtfs.model.RoutesCdkid#gtfs.line.1.320a-0]
14:01:03.699 [main] DEBUG org.hibernate.loader.Loader - found row of collection: [net.lojika.gtfs.model.Routes.routesCdkidCollection#istb.280465]
14:01:03.699 [main] DEBUG org.hibernate.jdbc.AbstractBatcher - about to close ResultSet (open ResultSets: 1, globally: 1)
14:01:03.699 [main] DEBUG org.hibernate.jdbc.AbstractBatcher - about to close PreparedStatement (open PreparedStatements: 1, globally: 1)
14:01:03.699 [main] DEBUG o.h.e.loading.CollectionLoadContext - 1 collections were found in result set for role: net.lojika.gtfs.model.Routes.routesCdkidCollection
14:01:03.699 [main] DEBUG o.h.e.loading.CollectionLoadContext - collection fully initialized: [net.lojika.gtfs.model.Routes.routesCdkidCollection#istb.280465]
14:01:03.699 [main] DEBUG o.h.e.loading.CollectionLoadContext - 1 collections initialized for role: net.lojika.gtfs.model.Routes.routesCdkidCollection
14:01:03.699 [main] DEBUG org.hibernate.loader.Loader - done loading collection
14:01:03.699 [main] DEBUG org.hibernate.loader.Loader - loading collection: [net.lojika.gtfs.model.Routes.routesCdkidCollection#istb.280466]
14:01:03.699 [main] DEBUG org.hibernate.jdbc.AbstractBatcher - about to open PreparedStatement (open PreparedStatements: 0, globally: 0)
14:01:03.699 [main] DEBUG org.hibernate.SQL - select routescdki0_.route_id as route2_2_1_, routescdki0_.route_cdk_id as route1_1_, routescdki0_.route_cdk_id as route1_3_0_, routescdki0_.route_id as route2_3_0_ from public.routes_cdkid routescdki0_ where routescdki0_.route_id=?
Hibernate: select routescdki0_.route_id as route2_2_1_, routescdki0_.route_cdk_id as route1_1_, routescdki0_.route_cdk_id as route1_3_0_, routescdki0_.route_id as route2_3_0_ from public.routes_cdkid routescdki0_ where routescdki0_.route_id=?
14:01:03.700 [main] DEBUG org.hibernate.jdbc.AbstractBatcher - about to open ResultSet (open ResultSets: 0, globally: 0)
14:01:03.700 [main] DEBUG org.hibernate.loader.Loader - result set contains (possibly empty) collection: [net.lojika.gtfs.model.Routes.routesCdkidCollection#istb.280466]
14:01:03.700 [main] DEBUG org.hibernate.loader.Loader - result row: EntityKey[net.lojika.gtfs.model.RoutesCdkid#gtfs.line.1.32a-1]
14:01:03.700 [main] DEBUG org.hibernate.loader.Loader - found row of collection: [net.lojika.gtfs.model.Routes.routesCdkidCollection#istb.280466]
14:01:03.700 [main] DEBUG org.hibernate.loader.Loader - result row: EntityKey[net.lojika.gtfs.model.RoutesCdkid#gtfs.line.1.32a-0]
14:01:03.700 [main] DEBUG org.hibernate.loader.Loader - found row of collection: [net.lojika.gtfs.model.Routes.routesCdkidCollection#istb.280466]
14:01:03.700 [main] DEBUG org.hibernate.jdbc.AbstractBatcher - about to close ResultSet (open ResultSets: 1, globally: 1)
14:01:03.700 [main] DEBUG org.hibernate.jdbc.AbstractBatcher - about to close PreparedStatement (open PreparedStatements: 1, globally: 1)
14:01:03.700 [main] DEBUG o.h.e.loading.CollectionLoadContext - 1 collections were found in result set for role: net.lojika.gtfs.model.Routes.routesCdkidCollection
14:01:03.700 [main] DEBUG o.h.e.loading.CollectionLoadContext - collection fully initialized: [net.lojika.gtfs.model.Routes.routesCdkidCollection#istb.280466]
14:01:03.700 [main] DEBUG o.h.e.loading.CollectionLoadContext - 1 collections initialized for role: net.lojika.gtfs.model.Routes.routesCdkidCollection
14:01:03.700 [main] DEBUG org.hibernate.loader.Loader - done loading collection
14:01:03.700 [main] DEBUG org.hibernate.loader.Loader - loading collection: [net.lojika.gtfs.model.Routes.routesCdkidCollection#istb.280467]
14:01:03.700 [main] DEBUG org.hibernate.jdbc.AbstractBatcher - about to open PreparedStatement (open PreparedStatements: 0, globally: 0)
14:01:03.700 [main] DEBUG org.hibernate.SQL - select routescdki0_.route_id as route2_2_1_, routescdki0_.route_cdk_id as route1_1_, routescdki0_.route_cdk_id as route1_3_0_, routescdki0_.route_id as route2_3_0_ from public.routes_cdkid routescdki0_ where routescdki0_.route_id=?
Hibernate: select routescdki0_.route_id as route2_2_1_, routescdki0_.route_cdk_id as route1_1_, routescdki0_.route_cdk_id as route1_3_0_, routescdki0_.route_id as route2_3_0_ from public.routes_cdkid routescdki0_ where routescdki0_.route_id=?
14:01:03.701 [main] DEBUG org.hibernate.jdbc.AbstractBatcher - about to open ResultSet (open ResultSets: 0, globally: 0)
14:01:03.701 [main] DEBUG org.hibernate.loader.Loader - result set contains (possibly empty) collection: [net.lojika.gtfs.model.Routes.routesCdkidCollection#istb.280467]
14:01:03.701 [main] DEBUG org.hibernate.loader.Loader - result row: EntityKey[net.lojika.gtfs.model.RoutesCdkid#gtfs.line.1.32m-1]
14:01:03.701 [main] DEBUG org.hibernate.loader.Loader - found row of collection: [net.lojika.gtfs.model.Routes.routesCdkidCollection#istb.280467]
14:01:03.701 [main] DEBUG org.hibernate.loader.Loader - result row: EntityKey[net.lojika.gtfs.model.RoutesCdkid#gtfs.line.1.32m-0]
14:01:03.701 [main] DEBUG org.hibernate.loader.Loader - found row of collection: [net.lojika.gtfs.model.Routes.routesCdkidCollection#istb.280467]
14:01:03.701 [main] DEBUG org.hibernate.jdbc.AbstractBatcher - about to close ResultSet (open ResultSets: 1, globally: 1)
14:01:03.701 [main] DEBUG org.hibernate.jdbc.AbstractBatcher - about to close PreparedStatement (open PreparedStatements: 1, globally: 1)
14:01:03.701 [main] DEBUG o.h.e.loading.CollectionLoadContext - 1 collections were found in result set for role: net.lojika.gtfs.model.Routes.routesCdkidCollection
14:01:03.701 [main] DEBUG o.h.e.loading.CollectionLoadContext - collection fully initialized: [net.lojika.gtfs.model.Routes.routesCdkidCollection#istb.280467]
14:01:03.701 [main] DEBUG o.h.e.loading.CollectionLoadContext - 1 collections initialized for role: net.lojika.gtfs.model.Routes.routesCdkidCollection
14:01:03.701 [main] DEBUG org.hibernate.loader.Loader - done loading collection
14:01:03.701 [main] DEBUG org.hibernate.loader.Loader - loading collection: [net.lojika.gtfs.model.Routes.routesCdkidCollection#istb.280468]
14:01:03.701 [main] DEBUG org.hibernate.jdbc.AbstractBatcher - about to open PreparedStatement (open PreparedStatements: 0, globally: 0)
14:01:03.701 [main] DEBUG org.hibernate.SQL - select routescdki0_.route_id as route2_2_1_, routescdki0_.route_cdk_id as route1_1_, routescdki0_.route_cdk_id as route1_3_0_, routescdki0_.route_id as route2_3_0_ from public.routes_cdkid routescdki0_ where routescdki0_.route_id=?
Hibernate: select routescdki0_.route_id as route2_2_1_, routescdki0_.route_cdk_id as route1_1_, routescdki0_.route_cdk_id as route1_3_0_, routescdki0_.route_id as route2_3_0_ from public.routes_cdkid routescdki0_ where routescdki0_.route_id=?
14:01:03.702 [main] DEBUG org.hibernate.jdbc.AbstractBatcher - about to open ResultSet (open ResultSets: 0, globally: 0)
14:01:03.702 [main] DEBUG org.hibernate.loader.Loader - result set contains (possibly empty) collection: [net.lojika.gtfs.model.Routes.routesCdkidCollection#istb.280468]
14:01:03.702 [main] DEBUG org.hibernate.loader.Loader - result row: EntityKey[net.lojika.gtfs.model.RoutesCdkid#gtfs.line.1.32t-1]
14:01:03.702 [main] DEBUG org.hibernate.loader.Loader - found row of collection: [net.lojika.gtfs.model.Routes.routesCdkidCollection#istb.280468]
14:01:03.702 [main] DEBUG org.hibernate.loader.Loader - result row: EntityKey[net.lojika.gtfs.model.RoutesCdkid#gtfs.line.1.32t-0]
14:01:03.702 [main] DEBUG org.hibernate.loader.Loader - found row of collection: [net.lojika.gtfs.model.Routes.routesCdkidCollection#istb.280468]
14:01:03.702 [main] DEBUG org.hibernate.jdbc.AbstractBatcher - about to close ResultSet (open ResultSets: 1, globally: 1)
14:01:03.702 [main] DEBUG org.hibernate.jdbc.AbstractBatcher - about to close PreparedStatement (open PreparedStatements: 1, globally: 1)
14:01:03.703 [main] DEBUG o.h.e.loading.CollectionLoadContext - 1 collections were found in result set for role: net.lojika.gtfs.model.Routes.routesCdkidCollection
14:01:03.703 [main] DEBUG o.h.e.loading.CollectionLoadContext - collection fully initialized: [net.lojika.gtfs.model.Routes.routesCdkidCollection#istb.280468]
14:01:03.703 [main] DEBUG o.h.e.loading.CollectionLoadContext - 1 collections initialized for role: net.lojika.gtfs.model.Routes.routesCdkidCollection
14:01:03.703 [main] DEBUG org.hibernate.loader.Loader - done loading collection
14:01:03.703 [main] DEBUG org.hibernate.loader.Loader - loading collection: [net.lojika.gtfs.model.Routes.routesCdkidCollection#istb.280469]
14:01:03.703 [main] DEBUG org.hibernate.jdbc.AbstractBatcher - about to open PreparedStatement (open PreparedStatements: 0, globally: 0)
14:01:03.703 [main] DEBUG org.hibernate.SQL - select routescdki0_.route_id as route2_2_1_, routescdki0_.route_cdk_id as route1_1_, routescdki0_.route_cdk_id as route1_3_0_, routescdki0_.route_id as route2_3_0_ from public.routes_cdkid routescdki0_ where routescdki0_.route_id=?
Hibernate: select routescdki0_.route_id as route2_2_1_, routescdki0_.route_cdk_id as route1_1_, routescdki0_.route_cdk_id as route1_3_0_, routescdki0_.route_id as route2_3_0_ from public.routes_cdkid routescdki0_ where routescdki0_.route_id=?
14:01:03.704 [main] DEBUG org.hibernate.jdbc.AbstractBatcher - about to open ResultSet (open ResultSets: 0, globally: 0)
14:01:03.704 [main] DEBUG org.hibernate.loader.Loader - result set contains (possibly empty) collection: [net.lojika.gtfs.model.Routes.routesCdkidCollection#istb.280469]
14:01:03.704 [main] DEBUG org.hibernate.loader.Loader - result row: EntityKey[net.lojika.gtfs.model.RoutesCdkid#gtfs.line.1.33-1]
14:01:03.704 [main] DEBUG org.hibernate.loader.Loader - found row of collection: [net.lojika.gtfs.model.Routes.routesCdkidCollection#istb.280469]
14:01:03.704 [main] DEBUG org.hibernate.loader.Loader - result row: EntityKey[net.lojika.gtfs.model.RoutesCdkid#gtfs.line.1.33-0]
14:01:03.704 [main] DEBUG org.hibernate.loader.Loader - found row of collection: [net.lojika.gtfs.model.Routes.routesCdkidCollection#istb.280469]
14:01:03.704 [main] DEBUG org.hibernate.jdbc.AbstractBatcher - about to close ResultSet (open ResultSets: 1, globally: 1)
14:01:03.704 [main] DEBUG org.hibernate.jdbc.AbstractBatcher - about to close PreparedStatement (open PreparedStatements: 1, globally: 1)
14:01:03.704 [main] DEBUG o.h.e.loading.CollectionLoadContext - 1 collections were found in result set for role: net.lojika.gtfs.model.Routes.routesCdkidCollection
14:01:03.704 [main] DEBUG o.h.e.loading.CollectionLoadContext - collection fully initialized: [net.lojika.gtfs.model.Routes.routesCdkidCollection#istb.280469]
14:01:03.704 [main] DEBUG o.h.e.loading.CollectionLoadContext - 1 collections initialized for role: net.lojika.gtfs.model.Routes.routesCdkidCollection
14:01:03.704 [main] DEBUG org.hibernate.loader.Loader - done loading collection
14:01:03.704 [main] DEBUG org.hibernate.loader.Loader - loading collection: [net.lojika.gtfs.model.Routes.routesCdkidCollection#istb.280470]
14:01:03.705 [main] DEBUG org.hibernate.jdbc.AbstractBatcher - about to open PreparedStatement (open PreparedStatements: 0, globally: 0)
14:01:03.705 [main] DEBUG org.hibernate.SQL - select routescdki0_.route_id as route2_2_1_, routescdki0_.route_cdk_id as route1_1_, routescdki0_.route_cdk_id as route1_3_0_, routescdki0_.route_id as route2_3_0_ from public.routes_cdkid routescdki0_ where routescdki0_.route_id=?
Hibernate: select routescdki0_.route_id as route2_2_1_, routescdki0_.route_cdk_id as route1_1_, routescdki0_.route_cdk_id as route1_3_0_, routescdki0_.route_id as route2_3_0_ from public.routes_cdkid routescdki0_ where routescdki0_.route_id=?
14:01:03.705 [main] DEBUG org.hibernate.jdbc.AbstractBatcher - about to open ResultSet (open ResultSets: 0, globally: 0)
14:01:03.705 [main] DEBUG org.hibernate.loader.Loader - result set contains (possibly empty) collection: [net.lojika.gtfs.model.Routes.routesCdkidCollection#istb.280470]
14:01:03.705 [main] DEBUG org.hibernate.loader.Loader - result row: EntityKey[net.lojika.gtfs.model.RoutesCdkid#gtfs.line.1.336a-1]
14:01:03.705 [main] DEBUG org.hibernate.loader.Loader - found row of collection: [net.lojika.gtfs.model.Routes.routesCdkidCollection#istb.280470]
14:01:03.706 [main] DEBUG org.hibernate.loader.Loader - result row: EntityKey[net.lojika.gtfs.model.RoutesCdkid#gtfs.line.1.336a-0]
14:01:03.706 [main] DEBUG org.hibernate.loader.Loader - found row of collection: [net.lojika.gtfs.model.Routes.routesCdkidCollection#istb.280470]
14:01:03.706 [main] DEBUG org.hibernate.jdbc.AbstractBatcher - about to close ResultSet (open ResultSets: 1, globally: 1)
14:01:03.706 [main] DEBUG org.hibernate.jdbc.AbstractBatcher - about to close PreparedStatement (open PreparedStatements: 1, globally: 1)
14:01:03.706 [main] DEBUG o.h.e.loading.CollectionLoadContext - 1 collections were found in result set for role: net.lojika.gtfs.model.Routes.routesCdkidCollection
14:01:03.706 [main] DEBUG o.h.e.loading.CollectionLoadContext - collection fully initialized: [net.lojika.gtfs.model.Routes.routesCdkidCollection#istb.280470]
14:01:03.706 [main] DEBUG o.h.e.loading.CollectionLoadContext - 1 collections initialized for role: net.lojika.gtfs.model.Routes.routesCdkidCollection
14:01:03.706 [main] DEBUG org.hibernate.loader.Loader - done loading collection
14:01:03.706 [main] DEBUG org.hibernate.loader.Loader - loading collection: [net.lojika.gtfs.model.Routes.routesCdkidCollection#istb.280472]
14:01:03.706 [main] DEBUG org.hibernate.jdbc.AbstractBatcher - about to open PreparedStatement (open PreparedStatements: 0, globally: 0)
14:01:03.706 [main] DEBUG org.hibernate.SQL - select routescdki0_.route_id as route2_2_1_, routescdki0_.route_cdk_id as route1_1_, routescdki0_.route_cdk_id as route1_3_0_, routescdki0_.route_id as route2_3_0_ from public.routes_cdkid routescdki0_ where routescdki0_.route_id=?
Hibernate: select routescdki0_.route_id as route2_2_1_, routescdki0_.route_cdk_id as route1_1_, routescdki0_.route_cdk_id as route1_3_0_, routescdki0_.route_id as route2_3_0_ from public.routes_cdkid routescdki0_ where routescdki0_.route_id=?
14:01:03.707 [main] DEBUG org.hibernate.jdbc.AbstractBatcher - about to open ResultSet (open ResultSets: 0, globally: 0)
14:01:03.707 [main] DEBUG org.hibernate.loader.Loader - result set contains (possibly empty) collection: [net.lojika.gtfs.model.Routes.routesCdkidCollection#istb.280472]
14:01:03.707 [main] DEBUG org.hibernate.loader.Loader - result row: EntityKey[net.lojika.gtfs.model.RoutesCdkid#gtfs.line.1.336d-1]
14:01:03.707 [main] DEBUG org.hibernate.loader.Loader - found row of collection: [net.lojika.gtfs.model.Routes.routesCdkidCollection#istb.280472]
14:01:03.707 [main] DEBUG org.hibernate.loader.Loader - result row: EntityKey[net.lojika.gtfs.model.RoutesCdkid#gtfs.line.1.336d-0]
14:01:03.707 [main] DEBUG org.hibernate.loader.Loader - found row of collection: [net.lojika.gtfs.model.Routes.routesCdkidCollection#istb.280472]
14:01:03.707 [main] DEBUG org.hibernate.jdbc.AbstractBatcher - about to close ResultSet (open ResultSets: 1, globally: 1)
14:01:03.707 [main] DEBUG org.hibernate.jdbc.AbstractBatcher - about to close PreparedStatement (open PreparedStatements: 1, globally: 1)
14:01:03.707 [main] DEBUG o.h.e.loading.CollectionLoadContext - 1 collections were found in result set for role: net.lojika.gtfs.model.Routes.routesCdkidCollection
14:01:03.707 [main] DEBUG o.h.e.loading.CollectionLoadContext - collection fully initialized: [net.lojika.gtfs.model.Routes.routesCdkidCollection#istb.280472]
14:01:03.707 [main] DEBUG o.h.e.loading.CollectionLoadContext - 1 collections initialized for role: net.lojika.gtfs.model.Routes.routesCdkidCollection
14:01:03.707 [main] DEBUG org.hibernate.loader.Loader - done loading collection
14:01:03.707 [main] DEBUG org.hibernate.loader.Loader - loading collection: [net.lojika.gtfs.model.Routes.routesCdkidCollection#istb.280473]
14:01:03.707 [main] DEBUG org.hibernate.jdbc.AbstractBatcher - about to open PreparedStatement (open PreparedStatements: 0, globally: 0)
14:01:03.707 [main] DEBUG org.hibernate.SQL - select routescdki0_.route_id as route2_2_1_, routescdki0_.route_cdk_id as route1_1_, routescdki0_.route_cdk_id as route1_3_0_, routescdki0_.route_id as route2_3_0_ from public.routes_cdkid routescdki0_ where routescdki0_.route_id=?
Hibernate: select routescdki0_.route_id as route2_2_1_, routescdki0_.route_cdk_id as route1_1_, routescdki0_.route_cdk_id as route1_3_0_, routescdki0_.route_id as route2_3_0_ from public.routes_cdkid routescdki0_ where routescdki0_.route_id=?
14:01:03.708 [main] DEBUG org.hibernate.jdbc.AbstractBatcher - about to open ResultSet (open ResultSets: 0, globally: 0)
14:01:03.708 [main] DEBUG org.hibernate.loader.Loader - result set contains (possibly empty) collection: [net.lojika.gtfs.model.Routes.routesCdkidCollection#istb.280473]
14:01:03.708 [main] DEBUG org.hibernate.loader.Loader - result row: EntityKey[net.lojika.gtfs.model.RoutesCdkid#gtfs.line.1.336e-1]
14:01:03.708 [main] DEBUG org.hibernate.loader.Loader - found row of collection: [net.lojika.gtfs.model.Routes.routesCdkidCollection#istb.280473]
14:01:03.708 [main] DEBUG org.hibernate.loader.Loader - result row: EntityKey[net.lojika.gtfs.model.RoutesCdkid#gtfs.line.1.336e-0]
14:01:03.708 [main] DEBUG org.hibernate.loader.Loader - found row of collection: [net.lojika.gtfs.model.Routes.routesCdkidCollection#istb.280473]
14:01:03.708 [main] DEBUG org.hibernate.jdbc.AbstractBatcher - about to close ResultSet (open ResultSets: 1, globally: 1)
14:01:03.708 [main] DEBUG org.hibernate.jdbc.AbstractBatcher - about to close PreparedStatement (open PreparedStatements: 1, globally: 1)
14:01:03.708 [main] DEBUG o.h.e.loading.CollectionLoadContext - 1 collections were found in result set for role: net.lojika.gtfs.model.Routes.routesCdkidCollection
14:01:03.708 [main] DEBUG o.h.e.loading.CollectionLoadContext - collection fully initialized: [net.lojika.gtfs.model.Routes.routesCdkidCollection#istb.280473]
14:01:03.709 [main] DEBUG o.h.e.loading.CollectionLoadContext - 1 collections initialized for role: net.lojika.gtfs.model.Routes.routesCdkidCollection
14:01:03.709 [main] DEBUG org.hibernate.loader.Loader - done loading collection
14:01:03.709 [main] DEBUG org.hibernate.loader.Loader - loading collection: [net.lojika.gtfs.model.Routes.routesCdkidCollection#istb.280474]
14:01:03.709 [main] DEBUG org.hibernate.jdbc.AbstractBatcher - about to open PreparedStatement (open PreparedStatements: 0, globally: 0)
14:01:03.709 [main] DEBUG org.hibernate.SQL - select routescdki0_.route_id as route2_2_1_, routescdki0_.route_cdk_id as route1_1_, routescdki0_.route_cdk_id as route1_3_0_, routescdki0_.route_id as route2_3_0_ from public.routes_cdkid routescdki0_ where routescdki0_.route_id=?
Hibernate: select routescdki0_.route_id as route2_2_1_, routescdki0_.route_cdk_id as route1_1_, routescdki0_.route_cdk_id as route1_3_0_, routescdki0_.route_id as route2_3_0_ from public.routes_cdkid routescdki0_ where routescdki0_.route_id=?
14:01:03.709 [main] DEBUG org.hibernate.jdbc.AbstractBatcher - about to open ResultSet (open ResultSets: 0, globally: 0)
14:01:03.709 [main] DEBUG org.hibernate.loader.Loader - result set contains (possibly empty) collection: [net.lojika.gtfs.model.Routes.routesCdkidCollection#istb.280474]
14:01:03.710 [main] DEBUG org.hibernate.loader.Loader - result row: EntityKey[net.lojika.gtfs.model.RoutesCdkid#gtfs.line.1.336h-1]
14:01:03.710 [main] DEBUG org.hibernate.loader.Loader - found row of collection: [net.lojika.gtfs.model.Routes.routesCdkidCollection#istb.280474]
14:01:03.710 [main] DEBUG org.hibernate.loader.Loader - result row: EntityKey[net.lojika.gtfs.model.RoutesCdkid#gtfs.line.1.336h-0]
14:01:03.710 [main] DEBUG org.hibernate.loader.Loader - found row of collection: [net.lojika.gtfs.model.Routes.routesCdkidCollection#istb.280474]
14:01:03.710 [main] DEBUG org.hibernate.jdbc.AbstractBatcher - about to close ResultSet (open ResultSets: 1, globally: 1)
14:01:03.710 [main] DEBUG org.hibernate.jdbc.AbstractBatcher - about to close PreparedStatement (open PreparedStatements: 1, globally: 1)
14:01:03.710 [main] DEBUG o.h.e.loading.CollectionLoadContext - 1 collections were found in result set for role: net.lojika.gtfs.model.Routes.routesCdkidCollection
14:01:03.710 [main] DEBUG o.h.e.loading.CollectionLoadContext - collection fully initialized: [net.lojika.gtfs.model.Routes.routesCdkidCollection#istb.280474]
14:01:03.710 [main] DEBUG o.h.e.loading.CollectionLoadContext - 1 collections initialized for role: net.lojika.gtfs.model.Routes.routesCdkidCollection
14:01:03.710 [main] DEBUG org.hibernate.loader.Loader - done loading collection
14:01:03.710 [main] DEBUG org.hibernate.loader.Loader - loading collection: [net.lojika.gtfs.model.Routes.routesCdkidCollection#istb.280475]
14:01:03.710 [main] DEBUG org.hibernate.jdbc.AbstractBatcher - about to open PreparedStatement (open PreparedStatements: 0, globally: 0)
14:01:03.710 [main] DEBUG org.hibernate.SQL - select routescdki0_.route_id as route2_2_1_, routescdki0_.route_cdk_id as route1_1_, routescdki0_.route_cdk_id as route1_3_0_, routescdki0_.route_id as route2_3_0_ from public.routes_cdkid routescdki0_ where routescdki0_.route_id=?
Hibernate: select routescdki0_.route_id as route2_2_1_, routescdki0_.route_cdk_id as route1_1_, routescdki0_.route_cdk_id as route1_3_0_, routescdki0_.route_id as route2_3_0_ from public.routes_cdkid routescdki0_ where routescdki0_.route_id=?
14:01:03.711 [main] DEBUG org.hibernate.jdbc.AbstractBatcher - about to open ResultSet (open ResultSets: 0, globally: 0)
14:01:03.711 [main] DEBUG org.hibernate.loader.Loader - result set contains (possibly empty) collection: [net.lojika.gtfs.model.Routes.routesCdkidCollection#istb.280475]
14:01:03.711 [main] DEBUG org.hibernate.loader.Loader - result row: EntityKey[net.lojika.gtfs.model.RoutesCdkid#gtfs.line.1.336t-1]
14:01:03.711 [main] DEBUG org.hibernate.loader.Loader - found row of collection: [net.lojika.gtfs.model.Routes.routesCdkidCollection#istb.280475]
14:01:03.711 [main] DEBUG org.hibernate.loader.Loader - result row: EntityKey[net.lojika.gtfs.model.RoutesCdkid#gtfs.line.1.336t-0]
14:01:03.711 [main] DEBUG org.hibernate.loader.Loader - found row of collection: [net.lojika.gtfs.model.Routes.routesCdkidCollection#istb.280475]
14:01:03.711 [main] DEBUG org.hibernate.jdbc.AbstractBatcher - about to close ResultSet (open ResultSets: 1, globally: 1)
14:01:03.711 [main] DEBUG org.hibernate.jdbc.AbstractBatcher - about to close PreparedStatement (open PreparedStatements: 1, globally: 1)
14:01:03.711 [main] DEBUG o.h.e.loading.CollectionLoadContext - 1 collections were found in result set for role: net.lojika.gtfs.model.Routes.routesCdkidCollection
14:01:03.711 [main] DEBUG o.h.e.loading.CollectionLoadContext - collection fully initialized: [net.lojika.gtfs.model.Routes.routesCdkidCollection#istb.280475]
14:01:03.711 [main] DEBUG o.h.e.loading.CollectionLoadContext - 1 collections initialized for role: net.lojika.gtfs.model.Routes.routesCdkidCollection
14:01:03.711 [main] DEBUG org.hibernate.loader.Loader - done loading collection
14:01:03.711 [main] DEBUG org.hibernate.loader.Loader - loading collection: [net.lojika.gtfs.model.Routes.routesCdkidCollection#istb.280476]
14:01:03.711 [main] DEBUG org.hibernate.jdbc.AbstractBatcher - about to open PreparedStatement (open PreparedStatements: 0, globally: 0)
14:01:03.711 [main] DEBUG org.hibernate.SQL - select routescdki0_.route_id as route2_2_1_, routescdki0_.route_cdk_id as route1_1_, routescdki0_.route_cdk_id as route1_3_0_, routescdki0_.route_id as route2_3_0_ from public.routes_cdkid routescdki0_ where routescdki0_.route_id=?
Hibernate: select routescdki0_.route_id as route2_2_1_, routescdki0_.route_cdk_id as route1_1_, routescdki0_.route_cdk_id as route1_3_0_, routescdki0_.route_id as route2_3_0_ from public.routes_cdkid routescdki0_ where routescdki0_.route_id=?
14:01:03.712 [main] DEBUG org.hibernate.jdbc.AbstractBatcher - about to open ResultSet (open ResultSets: 0, globally: 0)
14:01:03.712 [main] DEBUG org.hibernate.loader.Loader - result set contains (possibly empty) collection: [net.lojika.gtfs.model.Routes.routesCdkidCollection#istb.280476]
14:01:03.712 [main] DEBUG org.hibernate.loader.Loader - result row: EntityKey[net.lojika.gtfs.model.RoutesCdkid#gtfs.line.1.336m-1]
14:01:03.712 [main] DEBUG org.hibernate.loader.Loader - found row of collection: [net.lojika.gtfs.model.Routes.routesCdkidCollection#istb.280476]
14:01:03.712 [main] DEBUG org.hibernate.loader.Loader - result row: EntityKey[net.lojika.gtfs.model.RoutesCdkid#gtfs.line.1.336m-0]
14:01:03.712 [main] DEBUG org.hibernate.loader.Loader - found row of collection: [net.lojika.gtfs.model.Routes.routesCdkidCollection#istb.280476]
14:01:03.712 [main] DEBUG org.hibernate.jdbc.AbstractBatcher - about to close ResultSet (open ResultSets: 1, globally: 1)
14:01:03.712 [main] DEBUG org.hibernate.jdbc.AbstractBatcher - about to close PreparedStatement (open PreparedStatements: 1, globally: 1)
14:01:03.712 [main] DEBUG o.h.e.loading.CollectionLoadContext - 1 collections were found in result set for role: net.lojika.gtfs.model.Routes.routesCdkidCollection
14:01:03.712 [main] DEBUG o.h.e.loading.CollectionLoadContext - collection fully initialized: [net.lojika.gtfs.model.Routes.routesCdkidCollection#istb.280476]
14:01:03.712 [main] DEBUG o.h.e.loading.CollectionLoadContext - 1 collections initialized for role: net.lojika.gtfs.model.Routes.routesCdkidCollection
14:01:03.712 [main] DEBUG org.hibernate.loader.Loader - done loading collection
14:01:03.712 [main] DEBUG org.hibernate.loader.Loader - loading collection: [net.lojika.gtfs.model.Routes.routesCdkidCollection#istb.280477]
14:01:03.712 [main] DEBUG org.hibernate.jdbc.AbstractBatcher - about to open PreparedStatement (open PreparedStatements: 0, globally: 0)
14:01:03.712 [main] DEBUG org.hibernate.SQL - select routescdki0_.route_id as route2_2_1_, routescdki0_.route_cdk_id as route1_1_, routescdki0_.route_cdk_id as route1_3_0_, routescdki0_.route_id as route2_3_0_ from public.routes_cdkid routescdki0_ where routescdki0_.route_id=?
Hibernate: select routescdki0_.route_id as route2_2_1_, routescdki0_.route_cdk_id as route1_1_, routescdki0_.route_cdk_id as route1_3_0_, routescdki0_.route_id as route2_3_0_ from public.routes_cdkid routescdki0_ where routescdki0_.route_id=?
14:01:03.713 [main] DEBUG org.hibernate.jdbc.AbstractBatcher - about to open ResultSet (open ResultSets: 0, globally: 0)
14:01:03.713 [main] DEBUG org.hibernate.loader.Loader - result set contains (possibly empty) collection: [net.lojika.gtfs.model.Routes.routesCdkidCollection#istb.280477]
14:01:03.713 [main] DEBUG org.hibernate.loader.Loader - result row: EntityKey[net.lojika.gtfs.model.RoutesCdkid#gtfs.line.1.33b-1]
14:01:03.713 [main] DEBUG org.hibernate.loader.Loader - found row of collection: [net.lojika.gtfs.model.Routes.routesCdkidCollection#istb.280477]
14:01:03.713 [main] DEBUG org.hibernate.loader.Loader - result row: EntityKey[net.lojika.gtfs.model.RoutesCdkid#gtfs.line.1.33b-0]
14:01:03.713 [main] DEBUG org.hibernate.loader.Loader - found row of collection: [net.lojika.gtfs.model.Routes.routesCdkidCollection#istb.280477]
14:01:03.713 [main] DEBUG org.hibernate.jdbc.AbstractBatcher - about to close ResultSet (open ResultSets: 1, globally: 1)
14:01:03.713 [main] DEBUG org.hibernate.jdbc.AbstractBatcher - about to close PreparedStatement (open PreparedStatements: 1, globally: 1)
14:01:03.713 [main] DEBUG o.h.e.loading.CollectionLoadContext - 1 collections were found in result set for role: net.lojika.gtfs.model.Routes.routesCdkidCollection
14:01:03.713 [main] DEBUG o.h.e.loading.CollectionLoadContext - collection fully initialized: [net.lojika.gtfs.model.Routes.routesCdkidCollection#istb.280477]
14:01:03.713 [main] DEBUG o.h.e.loading.CollectionLoadContext - 1 collections initialized for role: net.lojika.gtfs.model.Routes.routesCdkidCollection
14:01:03.713 [main] DEBUG org.hibernate.loader.Loader - done loading collection
14:01:03.713 [main] DEBUG org.hibernate.loader.Loader - loading collection: [net.lojika.gtfs.model.Routes.routesCdkidCollection#istb.280478]
14:01:03.713 [main] DEBUG org.hibernate.jdbc.AbstractBatcher - about to open PreparedStatement (open PreparedStatements: 0, globally: 0)
14:01:03.713 [main] DEBUG org.hibernate.SQL - select routescdki0_.route_id as route2_2_1_, routescdki0_.route_cdk_id as route1_1_, routescdki0_.route_cdk_id as route1_3_0_, routescdki0_.route_id as route2_3_0_ from public.routes_cdkid routescdki0_ where routescdki0_.route_id=?
Hibernate: select routescdki0_.route_id as route2_2_1_, routescdki0_.route_cdk_id as route1_1_, routescdki0_.route_cdk_id as route1_3_0_, routescdki0_.route_id as route2_3_0_ from public.routes_cdkid routescdki0_ where routescdki0_.route_id=?
14:01:03.714 [main] DEBUG org.hibernate.jdbc.AbstractBatcher - about to open ResultSet (open ResultSets: 0, globally: 0)
14:01:03.714 [main] DEBUG org.hibernate.loader.Loader - result set contains (possibly empty) collection: [net.lojika.gtfs.model.Routes.routesCdkidCollection#istb.280478]
14:01:03.714 [main] DEBUG org.hibernate.loader.Loader - result row: EntityKey[net.lojika.gtfs.model.RoutesCdkid#gtfs.line.1.33e-1]
14:01:03.714 [main] DEBUG org.hibernate.loader.Loader - found row of collection: [net.lojika.gtfs.model.Routes.routesCdkidCollection#istb.280478]
14:01:03.714 [main] DEBUG org.hibernate.loader.Loader - result row: EntityKey[net.lojika.gtfs.model.RoutesCdkid#gtfs.line.1.33e-0]
14:01:03.714 [main] DEBUG org.hibernate.loader.Loader - found row of collection: [net.lojika.gtfs.model.Routes.routesCdkidCollection#istb.280478]
14:01:03.714 [main] DEBUG org.hibernate.jdbc.AbstractBatcher - about to close ResultSet (open ResultSets: 1, globally: 1)
14:01:03.714 [main] DEBUG org.hibernate.jdbc.AbstractBatcher - about to close PreparedStatement (open PreparedStatements: 1, globally: 1)
14:01:03.714 [main] DEBUG o.h.e.loading.CollectionLoadContext - 1 collections were found in result set for role: net.lojika.gtfs.model.Routes.routesCdkidCollection
14:01:03.714 [main] DEBUG o.h.e.loading.CollectionLoadContext - collection fully initialized: [net.lojika.gtfs.model.Routes.routesCdkidCollection#istb.280478]
14:01:03.714 [main] DEBUG o.h.e.loading.CollectionLoadContext - 1 collections initialized for role: net.lojika.gtfs.model.Routes.routesCdkidCollection
14:01:03.715 [main] DEBUG org.hibernate.loader.Loader - done loading collection
14:01:03.715 [main] DEBUG org.hibernate.loader.Loader - loading collection: [net.lojika.gtfs.model.Routes.routesCdkidCollection#istb.280479]
14:01:03.715 [main] DEBUG org.hibernate.jdbc.AbstractBatcher - about to open PreparedStatement (open PreparedStatements: 0, globally: 0)
14:01:03.715 [main] DEBUG org.hibernate.SQL - select routescdki0_.route_id as route2_2_1_, routescdki0_.route_cdk_id as route1_1_, routescdki0_.route_cdk_id as route1_3_0_, routescdki0_.route_id as route2_3_0_ from public.routes_cdkid routescdki0_ where routescdki0_.route_id=?
Hibernate: select routescdki0_.route_id as route2_2_1_, routescdki0_.route_cdk_id as route1_1_, routescdki0_.route_cdk_id as route1_3_0_, routescdki0_.route_id as route2_3_0_ from public.routes_cdkid routescdki0_ where routescdki0_.route_id=?
14:01:03.715 [main] DEBUG org.hibernate.jdbc.AbstractBatcher - about to open ResultSet (open ResultSets: 0, globally: 0)
14:01:03.715 [main] DEBUG org.hibernate.loader.Loader - result set contains (possibly empty) collection: [net.lojika.gtfs.model.Routes.routesCdkidCollection#istb.280479]
14:01:03.715 [main] DEBUG org.hibernate.loader.Loader - result row: EntityKey[net.lojika.gtfs.model.RoutesCdkid#gtfs.line.1.33es-1]
14:01:03.715 [main] DEBUG org.hibernate.loader.Loader - found row of collection: [net.lojika.gtfs.model.Routes.routesCdkidCollection#istb.280479]
14:01:03.715 [main] DEBUG org.hibernate.loader.Loader - result row: EntityKey[net.lojika.gtfs.model.RoutesCdkid#gtfs.line.1.33es-0]
14:01:03.715 [main] DEBUG org.hibernate.loader.Loader - found row of collection: [net.lojika.gtfs.model.Routes.routesCdkidCollection#istb.280479]
14:01:03.715 [main] DEBUG org.hibernate.jdbc.AbstractBatcher - about to close ResultSet (open ResultSets: 1, globally: 1)
14:01:03.715 [main] DEBUG org.hibernate.jdbc.AbstractBatcher - about to close PreparedStatement (open PreparedStatements: 1, globally: 1)
14:01:03.716 [main] DEBUG o.h.e.loading.CollectionLoadContext - 1 collections were found in result set for role: net.lojika.gtfs.model.Routes.routesCdkidCollection
14:01:03.716 [main] DEBUG o.h.e.loading.CollectionLoadContext - collection fully initialized: [net.lojika.gtfs.model.Routes.routesCdkidCollection#istb.280479]
14:01:03.716 [main] DEBUG o.h.e.loading.CollectionLoadContext - 1 collections initialized for role: net.lojika.gtfs.model.Routes.routesCdkidCollection
14:01:03.716 [main] DEBUG org.hibernate.loader.Loader - done loading collection
14:01:03.716 [main] DEBUG org.hibernate.loader.Loader - loading collection: [net.lojika.gtfs.model.Routes.routesCdkidCollection#istb.280480]
14:01:03.716 [main] DEBUG org.hibernate.jdbc.AbstractBatcher - about to open PreparedStatement (open PreparedStatements: 0, globally: 0)
14:01:03.716 [main] DEBUG org.hibernate.SQL - select routescdki0_.route_id as route2_2_1_, routescdki0_.route_cdk_id as route1_1_, routescdki0_.route_cdk_id as route1_3_0_, routescdki0_.route_id as route2_3_0_ from public.routes_cdkid routescdki0_ where routescdki0_.route_id=?
Hibernate: select routescdki0_.route_id as route2_2_1_, routescdki0_.route_cdk_id as route1_1_, routescdki0_.route_cdk_id as route1_3_0_, routescdki0_.route_id as route2_3_0_ from public.routes_cdkid routescdki0_ where routescdki0_.route_id=?
14:01:03.716 [main] DEBUG org.hibernate.jdbc.AbstractBatcher - about to open ResultSet (open ResultSets: 0, globally: 0)
14:01:03.716 [main] DEBUG org.hibernate.loader.Loader - result set contains (possibly empty) collection: [net.lojika.gtfs.model.Routes.routesCdkidCollection#istb.280480]
14:01:03.716 [main] DEBUG org.hibernate.loader.Loader - result row: EntityKey[net.lojika.gtfs.model.RoutesCdkid#gtfs.line.1.33m-1]
14:01:03.716 [main] DEBUG org.hibernate.loader.Loader - found row of collection: [net.lojika.gtfs.model.Routes.routesCdkidCollection#istb.280480]
14:01:03.716 [main] DEBUG org.hibernate.loader.Loader - result row: EntityKey[net.lojika.gtfs.model.RoutesCdkid#gtfs.line.1.33m-0]
14:01:03.716 [main] DEBUG org.hibernate.loader.Loader - found row of collection: [net.lojika.gtfs.model.Routes.routesCdkidCollection#istb.280480]
14:01:03.716 [main] DEBUG org.hibernate.jdbc.AbstractBatcher - about to close ResultSet (open ResultSets: 1, globally: 1)
14:01:03.717 [main] DEBUG org.hibernate.jdbc.AbstractBatcher - about to close PreparedStatement (open PreparedStatements: 1, globally: 1)
14:01:03.717 [main] DEBUG o.h.e.loading.CollectionLoadContext - 1 collections were found in result set for role: net.lojika.gtfs.model.Routes.routesCdkidCollection
14:01:03.717 [main] DEBUG o.h.e.loading.CollectionLoadContext - collection fully initialized: [net.lojika.gtfs.model.Routes.routesCdkidCollection#istb.280480]
14:01:03.717 [main] DEBUG o.h.e.loading.CollectionLoadContext - 1 collections initialized for role: net.lojika.gtfs.model.Routes.routesCdkidCollection
14:01:03.717 [main] DEBUG org.hibernate.loader.Loader - done loading collection
14:01:03.717 [main] DEBUG org.hibernate.loader.Loader - loading collection: [net.lojika.gtfs.model.Routes.routesCdkidCollection#istb.280483]
14:01:03.717 [main] DEBUG org.hibernate.jdbc.AbstractBatcher - about to open PreparedStatement (open PreparedStatements: 0, globally: 0)
14:01:03.717 [main] DEBUG org.hibernate.SQL - select routescdki0_.route_id as route2_2_1_, routescdki0_.route_cdk_id as route1_1_, routescdki0_.route_cdk_id as route1_3_0_, routescdki0_.route_id as route2_3_0_ from public.routes_cdkid routescdki0_ where routescdki0_.route_id=?
Hibernate: select routescdki0_.route_id as route2_2_1_, routescdki0_.route_cdk_id as route1_1_, routescdki0_.route_cdk_id as route1_3_0_, routescdki0_.route_id as route2_3_0_ from public.routes_cdkid routescdki0_ where routescdki0_.route_id=?
14:01:03.717 [main] DEBUG org.hibernate.jdbc.AbstractBatcher - about to open ResultSet (open ResultSets: 0, globally: 0)
14:01:03.717 [main] DEBUG org.hibernate.loader.Loader - result set contains (possibly empty) collection: [net.lojika.gtfs.model.Routes.routesCdkidCollection#istb.280483]
14:01:03.717 [main] DEBUG org.hibernate.loader.Loader - result row: EntityKey[net.lojika.gtfs.model.RoutesCdkid#gtfs.line.1.33y-1]
14:01:03.717 [main] DEBUG org.hibernate.loader.Loader - found row of collection: [net.lojika.gtfs.model.Routes.routesCdkidCollection#istb.280483]
14:01:03.717 [main] DEBUG org.hibernate.loader.Loader - result row: EntityKey[net.lojika.gtfs.model.RoutesCdkid#gtfs.line.1.33y-0]
14:01:03.717 [main] DEBUG org.hibernate.loader.Loader - found row of collection: [net.lojika.gtfs.model.Routes.routesCdkidCollection#istb.280483]
14:01:03.718 [main] DEBUG org.hibernate.jdbc.AbstractBatcher - about to close ResultSet (open ResultSets: 1, globally: 1)
14:01:03.718 [main] DEBUG org.hibernate.jdbc.AbstractBatcher - about to close PreparedStatement (open PreparedStatements: 1, globally: 1)
14:01:03.718 [main] DEBUG o.h.e.loading.CollectionLoadContext - 1 collections were found in result set for role: net.lojika.gtfs.model.Routes.routesCdkidCollection
14:01:03.718 [main] DEBUG o.h.e.loading.CollectionLoadContext - collection fully initialized: [net.lojika.gtfs.model.Routes.routesCdkidCollection#istb.280483]
14:01:03.718 [main] DEBUG o.h.e.loading.CollectionLoadContext - 1 collections initialized for role: net.lojika.gtfs.model.Routes.routesCdkidCollection
14:01:03.718 [main] DEBUG org.hibernate.loader.Loader - done loading collection
14:01:03.718 [main] DEBUG org.hibernate.loader.Loader - loading collection: [net.lojika.gtfs.model.Routes.routesCdkidCollection#istb.280485]
14:01:03.718 [main] DEBUG org.hibernate.jdbc.AbstractBatcher - about to open PreparedStatement (open PreparedStatements: 0, globally: 0)
14:01:03.718 [main] DEBUG org.hibernate.SQL - select routescdki0_.route_id as route2_2_1_, routescdki0_.route_cdk_id as route1_1_, routescdki0_.route_cdk_id as route1_3_0_, routescdki0_.route_id as route2_3_0_ from public.routes_cdkid routescdki0_ where routescdki0_.route_id=?
Hibernate: select routescdki0_.route_id as route2_2_1_, routescdki0_.route_cdk_id as route1_1_, routescdki0_.route_cdk_id as route1_3_0_, routescdki0_.route_id as route2_3_0_ from public.routes_cdkid routescdki0_ where routescdki0_.route_id=?
14:01:03.718 [main] DEBUG org.hibernate.jdbc.AbstractBatcher - about to open ResultSet (open ResultSets: 0, globally: 0)
14:01:03.718 [main] DEBUG org.hibernate.loader.Loader - result set contains (possibly empty) collection: [net.lojika.gtfs.model.Routes.routesCdkidCollection#istb.280485]
14:01:03.718 [main] DEBUG org.hibernate.loader.Loader - result row: EntityKey[net.lojika.gtfs.model.RoutesCdkid#gtfs.line.1.35-1]
14:01:03.718 [main] DEBUG org.hibernate.loader.Loader - found row of collection: [net.lojika.gtfs.model.Routes.routesCdkidCollection#istb.280485]
14:01:03.718 [main] DEBUG org.hibernate.loader.Loader - result row: EntityKey[net.lojika.gtfs.model.RoutesCdkid#gtfs.line.1.35-0]
14:01:03.718 [main] DEBUG org.hibernate.loader.Loader - found row of collection: [net.lojika.gtfs.model.Routes.routesCdkidCollection#istb.280485]
14:01:03.719 [main] DEBUG org.hibernate.jdbc.AbstractBatcher - about to close ResultSet (open ResultSets: 1, globally: 1)
14:01:03.719 [main] DEBUG org.hibernate.jdbc.AbstractBatcher - about to close PreparedStatement (open PreparedStatements: 1, globally: 1)
14:01:03.719 [main] DEBUG o.h.e.loading.CollectionLoadContext - 1 collections were found in result set for role: net.lojika.gtfs.model.Routes.routesCdkidCollection
14:01:03.719 [main] DEBUG o.h.e.loading.CollectionLoadContext - collection fully initialized: [net.lojika.gtfs.model.Routes.routesCdkidCollection#istb.280485]
14:01:03.719 [main] DEBUG o.h.e.loading.CollectionLoadContext - 1 collections initialized for role: net.lojika.gtfs.model.Routes.routesCdkidCollection
14:01:03.719 [main] DEBUG org.hibernate.loader.Loader - done loading collection
14:01:03.719 [main] DEBUG org.hibernate.loader.Loader - loading collection: [net.lojika.gtfs.model.Routes.routesCdkidCollection#istb.280486]
14:01:03.719 [main] DEBUG org.hibernate.jdbc.AbstractBatcher - about to open PreparedStatement (open PreparedStatements: 0, globally: 0)
14:01:03.719 [main] DEBUG org.hibernate.SQL - select routescdki0_.route_id as route2_2_1_, routescdki0_.route_cdk_id as route1_1_, routescdki0_.route_cdk_id as route1_3_0_, routescdki0_.route_id as route2_3_0_ from public.routes_cdkid routescdki0_ where routescdki0_.route_id=?
Hibernate: select routescdki0_.route_id as route2_2_1_, routescdki0_.route_cdk_id as route1_1_, routescdki0_.route_cdk_id as route1_3_0_, routescdki0_.route_id as route2_3_0_ from public.routes_cdkid routescdki0_ where routescdki0_.route_id=?
14:01:03.719 [main] DEBUG org.hibernate.jdbc.AbstractBatcher - about to open ResultSet (open ResultSets: 0, globally: 0)
14:01:03.719 [main] DEBUG org.hibernate.loader.Loader - result set contains (possibly empty) collection: [net.lojika.gtfs.model.Routes.routesCdkidCollection#istb.280486]
14:01:03.719 [main] DEBUG org.hibernate.loader.Loader - result row: EntityKey[net.lojika.gtfs.model.RoutesCdkid#gtfs.line.1.35a-1]
14:01:03.720 [main] DEBUG org.hibernate.loader.Loader - found row of collection: [net.lojika.gtfs.model.Routes.routesCdkidCollection#istb.280486]
14:01:03.720 [main] DEBUG org.hibernate.loader.Loader - result row: EntityKey[net.lojika.gtfs.model.RoutesCdkid#gtfs.line.1.35a-0]
14:01:03.720 [main] DEBUG org.hibernate.loader.Loader - found row of collection: [net.lojika.gtfs.model.Routes.routesCdkidCollection#istb.280486]
14:01:03.720 [main] DEBUG org.hibernate.jdbc.AbstractBatcher - about to close ResultSet (open ResultSets: 1, globally: 1)
14:01:03.720 [main] DEBUG org.hibernate.jdbc.AbstractBatcher - about to close PreparedStatement (open PreparedStatements: 1, globally: 1)
14:01:03.720 [main] DEBUG o.h.e.loading.CollectionLoadContext - 1 collections were found in result set for role: net.lojika.gtfs.model.Routes.routesCdkidCollection
14:01:03.720 [main] DEBUG o.h.e.loading.CollectionLoadContext - collection fully initialized: [net.lojika.gtfs.model.Routes.routesCdkidCollection#istb.280486]
14:01:03.720 [main] DEBUG o.h.e.loading.CollectionLoadContext - 1 collections initialized for role: net.lojika.gtfs.model.Routes.routesCdkidCollection
14:01:03.720 [main] DEBUG org.hibernate.loader.Loader - done loading collection
14:01:03.720 [main] DEBUG org.hibernate.loader.Loader - loading collection: [net.lojika.gtfs.model.Routes.routesCdkidCollection#istb.280487]
14:01:03.720 [main] DEBUG org.hibernate.jdbc.AbstractBatcher - about to open PreparedStatement (open PreparedStatements: 0, globally: 0)
14:01:03.720 [main] DEBUG org.hibernate.SQL - select routescdki0_.route_id as route2_2_1_, routescdki0_.route_cdk_id as route1_1_, routescdki0_.route_cdk_id as route1_3_0_, routescdki0_.route_id as route2_3_0_ from public.routes_cdkid routescdki0_ where routescdki0_.route_id=?
Hibernate: select routescdki0_.route_id as route2_2_1_, routescdki0_.route_cdk_id as route1_1_, routescdki0_.route_cdk_id as route1_3_0_, routescdki0_.route_id as route2_3_0_ from public.routes_cdkid routescdki0_ where routescdki0_.route_id=?
14:01:03.720 [main] DEBUG org.hibernate.jdbc.AbstractBatcher - about to open ResultSet (open ResultSets: 0, globally: 0)
14:01:03.720 [main] DEBUG org.hibernate.loader.Loader - result set contains (possibly empty) collection: [net.lojika.gtfs.model.Routes.routesCdkidCollection#istb.280487]
14:01:03.721 [main] DEBUG org.hibernate.loader.Loader - result row: EntityKey[net.lojika.gtfs.model.RoutesCdkid#gtfs.line.1.35c-1]
14:01:03.721 [main] DEBUG org.hibernate.loader.Loader - found row of collection: [net.lojika.gtfs.model.Routes.routesCdkidCollection#istb.280487]
14:01:03.721 [main] DEBUG org.hibernate.loader.Loader - result row: EntityKey[net.lojika.gtfs.model.RoutesCdkid#gtfs.line.1.35c-0]
14:01:03.721 [main] DEBUG org.hibernate.loader.Loader - found row of collection: [net.lojika.gtfs.model.Routes.routesCdkidCollection#istb.280487]
14:01:03.721 [main] DEBUG org.hibernate.jdbc.AbstractBatcher - about to close ResultSet (open ResultSets: 1, globally: 1)
14:01:03.721 [main] DEBUG org.hibernate.jdbc.AbstractBatcher - about to close PreparedStatement (open PreparedStatements: 1, globally: 1)
14:01:03.721 [main] DEBUG o.h.e.loading.CollectionLoadContext - 1 collections were found in result set for role: net.lojika.gtfs.model.Routes.routesCdkidCollection
14:01:03.721 [main] DEBUG o.h.e.loading.CollectionLoadContext - collection fully initialized: [net.lojika.gtfs.model.Routes.routesCdkidCollection#istb.280487]
14:01:03.721 [main] DEBUG o.h.e.loading.CollectionLoadContext - 1 collections initialized for role: net.lojika.gtfs.model.Routes.routesCdkidCollection
14:01:03.721 [main] DEBUG org.hibernate.loader.Loader - done loading collection
14:01:03.721 [main] DEBUG org.hibernate.loader.Loader - loading collection: [net.lojika.gtfs.model.Routes.routesCdkidCollection#istb.280488]
14:01:03.721 [main] DEBUG org.hibernate.jdbc.AbstractBatcher - about to open PreparedStatement (open PreparedStatements: 0, globally: 0)
14:01:03.721 [main] DEBUG org.hibernate.SQL - select routescdki0_.route_id as route2_2_1_, routescdki0_.route_cdk_id as route1_1_, routescdki0_.route_cdk_id as route1_3_0_, routescdki0_.route_id as route2_3_0_ from public.routes_cdkid routescdki0_ where routescdki0_.route_id=?
Hibernate: select routescdki0_.route_id as route2_2_1_, routescdki0_.route_cdk_id as route1_1_, routescdki0_.route_cdk_id as route1_3_0_, routescdki0_.route_id as route2_3_0_ from public.routes_cdkid routescdki0_ where routescdki0_.route_id=?
14:01:03.721 [main] DEBUG org.hibernate.jdbc.AbstractBatcher - about to open ResultSet (open ResultSets: 0, globally: 0)
14:01:03.722 [main] DEBUG org.hibernate.loader.Loader - result set contains (possibly empty) collection: [net.lojika.gtfs.model.Routes.routesCdkidCollection#istb.280488]
14:01:03.722 [main] DEBUG org.hibernate.loader.Loader - result row: EntityKey[net.lojika.gtfs.model.RoutesCdkid#gtfs.line.1.35d-1]
14:01:03.722 [main] DEBUG org.hibernate.loader.Loader - found row of collection: [net.lojika.gtfs.model.Routes.routesCdkidCollection#istb.280488]
14:01:03.722 [main] DEBUG org.hibernate.loader.Loader - result row: EntityKey[net.lojika.gtfs.model.RoutesCdkid#gtfs.line.1.35d-0]
14:01:03.722 [main] DEBUG org.hibernate.loader.Loader - found row of collection: [net.lojika.gtfs.model.Routes.routesCdkidCollection#istb.280488]
14:01:03.722 [main] DEBUG org.hibernate.jdbc.AbstractBatcher - about to close ResultSet (open ResultSets: 1, globally: 1)
14:01:03.722 [main] DEBUG org.hibernate.jdbc.AbstractBatcher - about to close PreparedStatement (open PreparedStatements: 1, globally: 1)
14:01:03.722 [main] DEBUG o.h.e.loading.CollectionLoadContext - 1 collections were found in result set for role: net.lojika.gtfs.model.Routes.routesCdkidCollection
14:01:03.722 [main] DEBUG o.h.e.loading.CollectionLoadContext - collection fully initialized: [net.lojika.gtfs.model.Routes.routesCdkidCollection#istb.280488]
14:01:03.722 [main] DEBUG o.h.e.loading.CollectionLoadContext - 1 collections initialized for role: net.lojika.gtfs.model.Routes.routesCdkidCollection
14:01:03.722 [main] DEBUG org.hibernate.loader.Loader - done loading collection
14:01:03.722 [main] DEBUG org.hibernate.loader.Loader - loading collection: [net.lojika.gtfs.model.Routes.routesCdkidCollection#istb.280489]
14:01:03.722 [main] DEBUG org.hibernate.jdbc.AbstractBatcher - about to open PreparedStatement (open PreparedStatements: 0, globally: 0)
14:01:03.722 [main] DEBUG org.hibernate.SQL - select routescdki0_.route_id as route2_2_1_, routescdki0_.route_cdk_id as route1_1_, routescdki0_.route_cdk_id as route1_3_0_, routescdki0_.route_id as route2_3_0_ from public.routes_cdkid routescdki0_ where routescdki0_.route_id=?
Hibernate: select routescdki0_.route_id as route2_2_1_, routescdki0_.route_cdk_id as route1_1_, routescdki0_.route_cdk_id as route1_3_0_, routescdki0_.route_id as route2_3_0_ from public.routes_cdkid routescdki0_ where routescdki0_.route_id=?
14:01:03.723 [main] DEBUG org.hibernate.jdbc.AbstractBatcher - about to open ResultSet (open ResultSets: 0, globally: 0)
14:01:03.723 [main] DEBUG org.hibernate.loader.Loader - result set contains (possibly empty) collection: [net.lojika.gtfs.model.Routes.routesCdkidCollection#istb.280489]
14:01:03.723 [main] DEBUG org.hibernate.loader.Loader - result row: EntityKey[net.lojika.gtfs.model.RoutesCdkid#gtfs.line.1.36-1]
14:01:03.723 [main] DEBUG org.hibernate.loader.Loader - found row of collection: [net.lojika.gtfs.model.Routes.routesCdkidCollection#istb.280489]
14:01:03.723 [main] DEBUG org.hibernate.loader.Loader - result row: EntityKey[net.lojika.gtfs.model.RoutesCdkid#gtfs.line.1.36-0]
14:01:03.723 [main] DEBUG org.hibernate.loader.Loader - found row of collection: [net.lojika.gtfs.model.Routes.routesCdkidCollection#istb.280489]
14:01:03.723 [main] DEBUG org.hibernate.jdbc.AbstractBatcher - about to close ResultSet (open ResultSets: 1, globally: 1)
14:01:03.723 [main] DEBUG org.hibernate.jdbc.AbstractBatcher - about to close PreparedStatement (open PreparedStatements: 1, globally: 1)
14:01:03.723 [main] DEBUG o.h.e.loading.CollectionLoadContext - 1 collections were found in result set for role: net.lojika.gtfs.model.Routes.routesCdkidCollection
14:01:03.723 [main] DEBUG o.h.e.loading.CollectionLoadContext - collection fully initialized: [net.lojika.gtfs.model.Routes.routesCdkidCollection#istb.280489]
14:01:03.723 [main] DEBUG o.h.e.loading.CollectionLoadContext - 1 collections initialized for role: net.lojika.gtfs.model.Routes.routesCdkidCollection
14:01:03.723 [main] DEBUG org.hibernate.loader.Loader - done loading collection
14:01:03.723 [main] DEBUG org.hibernate.loader.Loader - loading collection: [net.lojika.gtfs.model.Routes.routesCdkidCollection#istb.280490]
14:01:03.723 [main] DEBUG org.hibernate.jdbc.AbstractBatcher - about to open PreparedStatement (open PreparedStatements: 0, globally: 0)
14:01:03.723 [main] DEBUG org.hibernate.SQL - select routescdki0_.route_id as route2_2_1_, routescdki0_.route_cdk_id as route1_1_, routescdki0_.route_cdk_id as route1_3_0_, routescdki0_.route_id as route2_3_0_ from public.routes_cdkid routescdki0_ where routescdki0_.route_id=?
Hibernate: select routescdki0_.route_id as route2_2_1_, routescdki0_.route_cdk_id as route1_1_, routescdki0_.route_cdk_id as route1_3_0_, routescdki0_.route_id as route2_3_0_ from public.routes_cdkid routescdki0_ where routescdki0_.route_id=?
14:01:03.724 [main] DEBUG org.hibernate.jdbc.AbstractBatcher - about to open ResultSet (open ResultSets: 0, globally: 0)
14:01:03.724 [main] DEBUG org.hibernate.loader.Loader - result set contains (possibly empty) collection: [net.lojika.gtfs.model.Routes.routesCdkidCollection#istb.280490]
14:01:03.724 [main] DEBUG org.hibernate.loader.Loader - result row: EntityKey[net.lojika.gtfs.model.RoutesCdkid#gtfs.line.1.36a-1]
14:01:03.724 [main] DEBUG org.hibernate.loader.Loader - found row of collection: [net.lojika.gtfs.model.Routes.routesCdkidCollection#istb.280490]
14:01:03.724 [main] DEBUG org.hibernate.loader.Loader - result row: EntityKey[net.lojika.gtfs.model.RoutesCdkid#gtfs.line.1.36a-0]
14:01:03.724 [main] DEBUG org.hibernate.loader.Loader - found row of collection: [net.lojika.gtfs.model.Routes.routesCdkidCollection#istb.280490]
14:01:03.724 [main] DEBUG org.hibernate.jdbc.AbstractBatcher - about to close ResultSet (open ResultSets: 1, globally: 1)
14:01:03.724 [main] DEBUG org.hibernate.jdbc.AbstractBatcher - about to close PreparedStatement (open PreparedStatements: 1, globally: 1)
14:01:03.724 [main] DEBUG o.h.e.loading.CollectionLoadContext - 1 collections were found in result set for role: net.lojika.gtfs.model.Routes.routesCdkidCollection
14:01:03.724 [main] DEBUG o.h.e.loading.CollectionLoadContext - collection fully initialized: [net.lojika.gtfs.model.Routes.routesCdkidCollection#istb.280490]
14:01:03.724 [main] DEBUG o.h.e.loading.CollectionLoadContext - 1 collections initialized for role: net.lojika.gtfs.model.Routes.routesCdkidCollection
14:01:03.724 [main] DEBUG org.hibernate.loader.Loader - done loading collection
14:01:03.724 [main] DEBUG org.hibernate.loader.Loader - loading collection: [net.lojika.gtfs.model.Routes.routesCdkidCollection#istb.280492]
14:01:03.724 [main] DEBUG org.hibernate.jdbc.AbstractBatcher - about to open PreparedStatement (open PreparedStatements: 0, globally: 0)
14:01:03.724 [main] DEBUG org.hibernate.SQL - select routescdki0_.route_id as route2_2_1_, routescdki0_.route_cdk_id as route1_1_, routescdki0_.route_cdk_id as route1_3_0_, routescdki0_.route_id as route2_3_0_ from public.routes_cdkid routescdki0_ where routescdki0_.route_id=?
Hibernate: select routescdki0_.route_id as route2_2_1_, routescdki0_.route_cdk_id as route1_1_, routescdki0_.route_cdk_id as route1_3_0_, routescdki0_.route_id as route2_3_0_ from public.routes_cdkid routescdki0_ where routescdki0_.route_id=?
14:01:03.725 [main] DEBUG org.hibernate.jdbc.AbstractBatcher - about to open ResultSet (open ResultSets: 0, globally: 0)
14:01:03.725 [main] DEBUG org.hibernate.loader.Loader - result set contains (possibly empty) collection: [net.lojika.gtfs.model.Routes.routesCdkidCollection#istb.280492]
14:01:03.725 [main] DEBUG org.hibernate.loader.Loader - result row: EntityKey[net.lojika.gtfs.model.RoutesCdkid#gtfs.line.1.36ay-0]
14:01:03.725 [main] DEBUG org.hibernate.loader.Loader - found row of collection: [net.lojika.gtfs.model.Routes.routesCdkidCollection#istb.280492]
14:01:03.725 [main] DEBUG org.hibernate.loader.Loader - result row: EntityKey[net.lojika.gtfs.model.RoutesCdkid#gtfs.line.1.36ay-1]
14:01:03.725 [main] DEBUG org.hibernate.loader.Loader - found row of collection: [net.lojika.gtfs.model.Routes.routesCdkidCollection#istb.280492]
14:01:03.725 [main] DEBUG org.hibernate.jdbc.AbstractBatcher - about to close ResultSet (open ResultSets: 1, globally: 1)
14:01:03.725 [main] DEBUG org.hibernate.jdbc.AbstractBatcher - about to close PreparedStatement (open PreparedStatements: 1, globally: 1)
14:01:03.725 [main] DEBUG o.h.e.loading.CollectionLoadContext - 1 collections were found in result set for role: net.lojika.gtfs.model.Routes.routesCdkidCollection
14:01:03.725 [main] DEBUG o.h.e.loading.CollectionLoadContext - collection fully initialized: [net.lojika.gtfs.model.Routes.routesCdkidCollection#istb.280492]
14:01:03.725 [main] DEBUG o.h.e.loading.CollectionLoadContext - 1 collections initialized for role: net.lojika.gtfs.model.Routes.routesCdkidCollection
14:01:03.725 [main] DEBUG org.hibernate.loader.Loader - done loading collection
14:01:03.726 [main] DEBUG org.hibernate.loader.Loader - loading collection: [net.lojika.gtfs.model.Routes.routesCdkidCollection#istb.280494]
14:01:03.726 [main] DEBUG org.hibernate.jdbc.AbstractBatcher - about to open PreparedStatement (open PreparedStatements: 0, globally: 0)
14:01:03.726 [main] DEBUG org.hibernate.SQL - select routescdki0_.route_id as route2_2_1_, routescdki0_.route_cdk_id as route1_1_, routescdki0_.route_cdk_id as route1_3_0_, routescdki0_.route_id as route2_3_0_ from public.routes_cdkid routescdki0_ where routescdki0_.route_id=?
Hibernate: select routescdki0_.route_id as route2_2_1_, routescdki0_.route_cdk_id as route1_1_, routescdki0_.route_cdk_id as route1_3_0_, routescdki0_.route_id as route2_3_0_ from public.routes_cdkid routescdki0_ where routescdki0_.route_id=?
14:01:03.726 [main] DEBUG org.hibernate.jdbc.AbstractBatcher - about to open ResultSet (open ResultSets: 0, globally: 0)
14:01:03.726 [main] DEBUG org.hibernate.loader.Loader - result set contains (possibly empty) collection: [net.lojika.gtfs.model.Routes.routesCdkidCollection#istb.280494]
14:01:03.726 [main] DEBUG org.hibernate.loader.Loader - result row: EntityKey[net.lojika.gtfs.model.RoutesCdkid#gtfs.line.1.36b-1]
14:01:03.726 [main] DEBUG org.hibernate.loader.Loader - found row of collection: [net.lojika.gtfs.model.Routes.routesCdkidCollection#istb.280494]
14:01:03.726 [main] DEBUG org.hibernate.loader.Loader - result row: EntityKey[net.lojika.gtfs.model.RoutesCdkid#gtfs.line.1.36b-0]
14:01:03.726 [main] DEBUG org.hibernate.loader.Loader - found row of collection: [net.lojika.gtfs.model.Routes.routesCdkidCollection#istb.280494]
14:01:03.726 [main] DEBUG org.hibernate.jdbc.AbstractBatcher - about to close ResultSet (open ResultSets: 1, globally: 1)
14:01:03.726 [main] DEBUG org.hibernate.jdbc.AbstractBatcher - about to close PreparedStatement (open PreparedStatements: 1, globally: 1)
14:01:03.726 [main] DEBUG o.h.e.loading.CollectionLoadContext - 1 collections were found in result set for role: net.lojika.gtfs.model.Routes.routesCdkidCollection
14:01:03.727 [main] DEBUG o.h.e.loading.CollectionLoadContext - collection fully initialized: [net.lojika.gtfs.model.Routes.routesCdkidCollection#istb.280494]
14:01:03.727 [main] DEBUG o.h.e.loading.CollectionLoadContext - 1 collections initialized for role: net.lojika.gtfs.model.Routes.routesCdkidCollection
14:01:03.727 [main] DEBUG org.hibernate.loader.Loader - done loading collection
14:01:03.727 [main] DEBUG org.hibernate.loader.Loader - loading collection: [net.lojika.gtfs.model.Routes.routesCdkidCollection#istb.280496]
14:01:03.727 [main] DEBUG org.hibernate.jdbc.AbstractBatcher - about to open PreparedStatement (open PreparedStatements: 0, globally: 0)
14:01:03.727 [main] DEBUG org.hibernate.SQL - select routescdki0_.route_id as route2_2_1_, routescdki0_.route_cdk_id as route1_1_, routescdki0_.route_cdk_id as route1_3_0_, routescdki0_.route_id as route2_3_0_ from public.routes_cdkid routescdki0_ where routescdki0_.route_id=?
Hibernate: select routescdki0_.route_id as route2_2_1_, routescdki0_.route_cdk_id as route1_1_, routescdki0_.route_cdk_id as route1_3_0_, routescdki0_.route_id as route2_3_0_ from public.routes_cdkid routescdki0_ where routescdki0_.route_id=?
14:01:03.727 [main] DEBUG org.hibernate.jdbc.AbstractBatcher - about to open ResultSet (open ResultSets: 0, globally: 0)
14:01:03.727 [main] DEBUG org.hibernate.loader.Loader - result set contains (possibly empty) collection: [net.lojika.gtfs.model.Routes.routesCdkidCollection#istb.280496]
14:01:03.727 [main] DEBUG org.hibernate.loader.Loader - result row: EntityKey[net.lojika.gtfs.model.RoutesCdkid#gtfs.line.1.36ce-1]
14:01:03.727 [main] DEBUG org.hibernate.loader.Loader - found row of collection: [net.lojika.gtfs.model.Routes.routesCdkidCollection#istb.280496]
14:01:03.727 [main] DEBUG org.hibernate.loader.Loader - result row: EntityKey[net.lojika.gtfs.model.RoutesCdkid#gtfs.line.1.36ce-0]
14:01:03.727 [main] DEBUG org.hibernate.loader.Loader - found row of collection: [net.lojika.gtfs.model.Routes.routesCdkidCollection#istb.280496]
14:01:03.727 [main] DEBUG org.hibernate.jdbc.AbstractBatcher - about to close ResultSet (open ResultSets: 1, globally: 1)
14:01:03.727 [main] DEBUG org.hibernate.jdbc.AbstractBatcher - about to close PreparedStatement (open PreparedStatements: 1, globally: 1)
14:01:03.727 [main] DEBUG o.h.e.loading.CollectionLoadContext - 1 collections were found in result set for role: net.lojika.gtfs.model.Routes.routesCdkidCollection
14:01:03.728 [main] DEBUG o.h.e.loading.CollectionLoadContext - collection fully initialized: [net.lojika.gtfs.model.Routes.routesCdkidCollection#istb.280496]
14:01:03.728 [main] DEBUG o.h.e.loading.CollectionLoadContext - 1 collections initialized for role: net.lojika.gtfs.model.Routes.routesCdkidCollection
14:01:03.728 [main] DEBUG org.hibernate.loader.Loader - done loading collection
14:01:03.728 [main] DEBUG org.hibernate.loader.Loader - loading collection: [net.lojika.gtfs.model.Routes.routesCdkidCollection#istb.280497]
14:01:03.728 [main] DEBUG org.hibernate.jdbc.AbstractBatcher - about to open PreparedStatement (open PreparedStatements: 0, globally: 0)
14:01:03.728 [main] DEBUG org.hibernate.SQL - select routescdki0_.route_id as route2_2_1_, routescdki0_.route_cdk_id as route1_1_, routescdki0_.route_cdk_id as route1_3_0_, routescdki0_.route_id as route2_3_0_ from public.routes_cdkid routescdki0_ where routescdki0_.route_id=?
Hibernate: select routescdki0_.route_id as route2_2_1_, routescdki0_.route_cdk_id as route1_1_, routescdki0_.route_cdk_id as route1_3_0_, routescdki0_.route_id as route2_3_0_ from public.routes_cdkid routescdki0_ where routescdki0_.route_id=?
14:01:03.728 [main] DEBUG org.hibernate.jdbc.AbstractBatcher - about to open ResultSet (open ResultSets: 0, globally: 0)
14:01:03.728 [main] DEBUG org.hibernate.loader.Loader - result set contains (possibly empty) collection: [net.lojika.gtfs.model.Routes.routesCdkidCollection#istb.280497]
14:01:03.728 [main] DEBUG org.hibernate.loader.Loader - result row: EntityKey[net.lojika.gtfs.model.RoutesCdkid#gtfs.line.1.36cy-1]
14:01:03.728 [main] DEBUG org.hibernate.loader.Loader - found row of collection: [net.lojika.gtfs.model.Routes.routesCdkidCollection#istb.280497]
14:01:03.728 [main] DEBUG org.hibernate.loader.Loader - result row: EntityKey[net.lojika.gtfs.model.RoutesCdkid#gtfs.line.1.36cy-0]
14:01:03.728 [main] DEBUG org.hibernate.loader.Loader - found row of collection: [net.lojika.gtfs.model.Routes.routesCdkidCollection#istb.280497]
14:01:03.728 [main] DEBUG org.hibernate.jdbc.AbstractBatcher - about to close ResultSet (open ResultSets: 1, globally: 1)
14:01:03.728 [main] DEBUG org.hibernate.jdbc.AbstractBatcher - about to close PreparedStatement (open PreparedStatements: 1, globally: 1)
14:01:03.728 [main] DEBUG o.h.e.loading.CollectionLoadContext - 1 collections were found in result set for role: net.lojika.gtfs.model.Routes.routesCdkidCollection
14:01:03.728 [main] DEBUG o.h.e.loading.CollectionLoadContext - collection fully initialized: [net.lojika.gtfs.model.Routes.routesCdkidCollection#istb.280497]
14:01:03.729 [main] DEBUG o.h.e.loading.CollectionLoadContext - 1 collections initialized for role: net.lojika.gtfs.model.Routes.routesCdkidCollection
14:01:03.729 [main] DEBUG org.hibernate.loader.Loader - done loading collection
14:01:03.729 [main] DEBUG org.hibernate.loader.Loader - loading collection: [net.lojika.gtfs.model.Routes.routesCdkidCollection#istb.280498]
14:01:03.729 [main] DEBUG org.hibernate.jdbc.AbstractBatcher - about to open PreparedStatement (open PreparedStatements: 0, globally: 0)
14:01:03.729 [main] DEBUG org.hibernate.SQL - select routescdki0_.route_id as route2_2_1_, routescdki0_.route_cdk_id as route1_1_, routescdki0_.route_cdk_id as route1_3_0_, routescdki0_.route_id as route2_3_0_ from public.routes_cdkid routescdki0_ where routescdki0_.route_id=?
Hibernate: select routescdki0_.route_id as route2_2_1_, routescdki0_.route_cdk_id as route1_1_, routescdki0_.route_cdk_id as route1_3_0_, routescdki0_.route_id as route2_3_0_ from public.routes_cdkid routescdki0_ where routescdki0_.route_id=?
14:01:03.729 [main] DEBUG org.hibernate.jdbc.AbstractBatcher - about to open ResultSet (open ResultSets: 0, globally: 0)
14:01:03.729 [main] DEBUG org.hibernate.loader.Loader - result set contains (possibly empty) collection: [net.lojika.gtfs.model.Routes.routesCdkidCollection#istb.280498]
14:01:03.729 [main] DEBUG org.hibernate.loader.Loader - result row: EntityKey[net.lojika.gtfs.model.RoutesCdkid#gtfs.line.1.36c-1]
14:01:03.729 [main] DEBUG org.hibernate.loader.Loader - found row of collection: [net.lojika.gtfs.model.Routes.routesCdkidCollection#istb.280498]
14:01:03.729 [main] DEBUG org.hibernate.loader.Loader - result row: EntityKey[net.lojika.gtfs.model.RoutesCdkid#gtfs.line.1.36c-0]
14:01:03.729 [main] DEBUG org.hibernate.loader.Loader - found row of collection: [net.lojika.gtfs.model.Routes.routesCdkidCollection#istb.280498]
14:01:03.730 [main] DEBUG org.hibernate.jdbc.AbstractBatcher - about to close ResultSet (open ResultSets: 1, globally: 1)
14:01:03.730 [main] DEBUG org.hibernate.jdbc.AbstractBatcher - about to close PreparedStatement (open PreparedStatements: 1, globally: 1)
14:01:03.730 [main] DEBUG o.h.e.loading.CollectionLoadContext - 1 collections were found in result set for role: net.lojika.gtfs.model.Routes.routesCdkidCollection
14:01:03.730 [main] DEBUG o.h.e.loading.CollectionLoadContext - collection fully initialized: [net.lojika.gtfs.model.Routes.routesCdkidCollection#istb.280498]
14:01:03.730 [main] DEBUG o.h.e.loading.CollectionLoadContext - 1 collections initialized for role: net.lojika.gtfs.model.Routes.routesCdkidCollection
14:01:03.730 [main] DEBUG org.hibernate.loader.Loader - done loading collection
14:01:03.730 [main] DEBUG org.hibernate.loader.Loader - loading collection: [net.lojika.gtfs.model.Routes.routesCdkidCollection#istb.280499]
14:01:03.730 [main] DEBUG org.hibernate.jdbc.AbstractBatcher - about to open PreparedStatement (open PreparedStatements: 0, globally: 0)
14:01:03.730 [main] DEBUG org.hibernate.SQL - select routescdki0_.route_id as route2_2_1_, routescdki0_.route_cdk_id as route1_1_, routescdki0_.route_cdk_id as route1_3_0_, routescdki0_.route_id as route2_3_0_ from public.routes_cdkid routescdki0_ where routescdki0_.route_id=?
Hibernate: select routescdki0_.route_id as route2_2_1_, routescdki0_.route_cdk_id as route1_1_, routescdki0_.route_cdk_id as route1_3_0_, routescdki0_.route_id as route2_3_0_ from public.routes_cdkid routescdki0_ where routescdki0_.route_id=?
14:01:03.731 [main] DEBUG org.hibernate.jdbc.AbstractBatcher - about to open ResultSet (open ResultSets: 0, globally: 0)
14:01:03.731 [main] DEBUG org.hibernate.loader.Loader - result set contains (possibly empty) collection: [net.lojika.gtfs.model.Routes.routesCdkidCollection#istb.280499]
14:01:03.731 [main] DEBUG org.hibernate.loader.Loader - result row: EntityKey[net.lojika.gtfs.model.RoutesCdkid#gtfs.line.1.36e-1]
14:01:03.731 [main] DEBUG org.hibernate.loader.Loader - found row of collection: [net.lojika.gtfs.model.Routes.routesCdkidCollection#istb.280499]
14:01:03.731 [main] DEBUG org.hibernate.loader.Loader - result row: EntityKey[net.lojika.gtfs.model.RoutesCdkid#gtfs.line.1.36e-0]
14:01:03.731 [main] DEBUG org.hibernate.loader.Loader - found row of collection: [net.lojika.gtfs.model.Routes.routesCdkidCollection#istb.280499]
14:01:03.731 [main] DEBUG org.hibernate.jdbc.AbstractBatcher - about to close ResultSet (open ResultSets: 1, globally: 1)
14:01:03.731 [main] DEBUG org.hibernate.jdbc.AbstractBatcher - about to close PreparedStatement (open PreparedStatements: 1, globally: 1)
14:01:03.731 [main] DEBUG o.h.e.loading.CollectionLoadContext - 1 collections were found in result set for role: net.lojika.gtfs.model.Routes.routesCdkidCollection
14:01:03.731 [main] DEBUG o.h.e.loading.CollectionLoadContext - collection fully initialized: [net.lojika.gtfs.model.Routes.routesCdkidCollection#istb.280499]
14:01:03.731 [main] DEBUG o.h.e.loading.CollectionLoadContext - 1 collections initialized for role: net.lojika.gtfs.model.Routes.routesCdkidCollection
14:01:03.731 [main] DEBUG org.hibernate.loader.Loader - done loading collection
14:01:03.731 [main] DEBUG org.hibernate.loader.Loader - loading collection: [net.lojika.gtfs.model.Routes.routesCdkidCollection#istb.280501]
14:01:03.731 [main] DEBUG org.hibernate.jdbc.AbstractBatcher - about to open PreparedStatement (open PreparedStatements: 0, globally: 0)
14:01:03.731 [main] DEBUG org.hibernate.SQL - select routescdki0_.route_id as route2_2_1_, routescdki0_.route_cdk_id as route1_1_, routescdki0_.route_cdk_id as route1_3_0_, routescdki0_.route_id as route2_3_0_ from public.routes_cdkid routescdki0_ where routescdki0_.route_id=?
Hibernate: select routescdki0_.route_id as route2_2_1_, routescdki0_.route_cdk_id as route1_1_, routescdki0_.route_cdk_id as route1_3_0_, routescdki0_.route_id as route2_3_0_ from public.routes_cdkid routescdki0_ where routescdki0_.route_id=?
14:01:03.732 [main] DEBUG org.hibernate.jdbc.AbstractBatcher - about to open ResultSet (open ResultSets: 0, globally: 0)
14:01:03.732 [main] DEBUG org.hibernate.loader.Loader - result set contains (possibly empty) collection: [net.lojika.gtfs.model.Routes.routesCdkidCollection#istb.280501]
14:01:03.732 [main] DEBUG org.hibernate.loader.Loader - result row: EntityKey[net.lojika.gtfs.model.RoutesCdkid#gtfs.line.1.36es-1]
14:01:03.732 [main] DEBUG org.hibernate.loader.Loader - found row of collection: [net.lojika.gtfs.model.Routes.routesCdkidCollection#istb.280501]
14:01:03.732 [main] DEBUG org.hibernate.loader.Loader - result row: EntityKey[net.lojika.gtfs.model.RoutesCdkid#gtfs.line.1.36es-0]
14:01:03.732 [main] DEBUG org.hibernate.loader.Loader - found row of collection: [net.lojika.gtfs.model.Routes.routesCdkidCollection#istb.280501]
14:01:03.732 [main] DEBUG org.hibernate.jdbc.AbstractBatcher - about to close ResultSet (open ResultSets: 1, globally: 1)
14:01:03.733 [main] DEBUG org.hibernate.jdbc.AbstractBatcher - about to close PreparedStatement (open PreparedStatements: 1, globally: 1)
14:01:03.733 [main] DEBUG o.h.e.loading.CollectionLoadContext - 1 collections were found in result set for role: net.lojika.gtfs.model.Routes.routesCdkidCollection
14:01:03.733 [main] DEBUG o.h.e.loading.CollectionLoadContext - collection fully initialized: [net.lojika.gtfs.model.Routes.routesCdkidCollection#istb.280501]
14:01:03.733 [main] DEBUG o.h.e.loading.CollectionLoadContext - 1 collections initialized for role: net.lojika.gtfs.model.Routes.routesCdkidCollection
14:01:03.733 [main] DEBUG org.hibernate.loader.Loader - done loading collection
14:01:03.733 [main] DEBUG org.hibernate.loader.Loader - loading collection: [net.lojika.gtfs.model.Routes.routesCdkidCollection#istb.280502]
14:01:03.733 [main] DEBUG org.hibernate.jdbc.AbstractBatcher - about to open PreparedStatement (open PreparedStatements: 0, globally: 0)
14:01:03.733 [main] DEBUG org.hibernate.SQL - select routescdki0_.route_id as route2_2_1_, routescdki0_.route_cdk_id as route1_1_, routescdki0_.route_cdk_id as route1_3_0_, routescdki0_.route_id as route2_3_0_ from public.routes_cdkid routescdki0_ where routescdki0_.route_id=?
Hibernate: select routescdki0_.route_id as route2_2_1_, routescdki0_.route_cdk_id as route1_1_, routescdki0_.route_cdk_id as route1_3_0_, routescdki0_.route_id as route2_3_0_ from public.routes_cdkid routescdki0_ where routescdki0_.route_id=?
14:01:03.733 [main] DEBUG org.hibernate.jdbc.AbstractBatcher - about to open ResultSet (open ResultSets: 0, globally: 0)
14:01:03.733 [main] DEBUG org.hibernate.loader.Loader - result set contains (possibly empty) collection: [net.lojika.gtfs.model.Routes.routesCdkidCollection#istb.280502]
14:01:03.733 [main] DEBUG org.hibernate.loader.Loader - result row: EntityKey[net.lojika.gtfs.model.RoutesCdkid#gtfs.line.1.36ht-1]
14:01:03.733 [main] DEBUG org.hibernate.loader.Loader - found row of collection: [net.lojika.gtfs.model.Routes.routesCdkidCollection#istb.280502]
14:01:03.734 [main] DEBUG org.hibernate.loader.Loader - result row: EntityKey[net.lojika.gtfs.model.RoutesCdkid#gtfs.line.1.36ht-0]
14:01:03.734 [main] DEBUG org.hibernate.loader.Loader - found row of collection: [net.lojika.gtfs.model.Routes.routesCdkidCollection#istb.280502]
14:01:03.734 [main] DEBUG org.hibernate.jdbc.AbstractBatcher - about to close ResultSet (open ResultSets: 1, globally: 1)
14:01:03.734 [main] DEBUG org.hibernate.jdbc.AbstractBatcher - about to close PreparedStatement (open PreparedStatements: 1, globally: 1)
14:01:03.734 [main] DEBUG o.h.e.loading.CollectionLoadContext - 1 collections were found in result set for role: net.lojika.gtfs.model.Routes.routesCdkidCollection
14:01:03.734 [main] DEBUG o.h.e.loading.CollectionLoadContext - collection fully initialized: [net.lojika.gtfs.model.Routes.routesCdkidCollection#istb.280502]
14:01:03.734 [main] DEBUG o.h.e.loading.CollectionLoadContext - 1 collections initialized for role: net.lojika.gtfs.model.Routes.routesCdkidCollection
14:01:03.734 [main] DEBUG org.hibernate.loader.Loader - done loading collection
14:01:03.734 [main] DEBUG org.hibernate.loader.Loader - loading collection: [net.lojika.gtfs.model.Routes.routesCdkidCollection#istb.280503]
14:01:03.734 [main] DEBUG org.hibernate.jdbc.AbstractBatcher - about to open PreparedStatement (open PreparedStatements: 0, globally: 0)
14:01:03.734 [main] DEBUG org.hibernate.SQL - select routescdki0_.route_id as route2_2_1_, routescdki0_.route_cdk_id as route1_1_, routescdki0_.route_cdk_id as route1_3_0_, routescdki0_.route_id as route2_3_0_ from public.routes_cdkid routescdki0_ where routescdki0_.route_id=?
Hibernate: select routescdki0_.route_id as route2_2_1_, routescdki0_.route_cdk_id as route1_1_, routescdki0_.route_cdk_id as route1_3_0_, routescdki0_.route_id as route2_3_0_ from public.routes_cdkid routescdki0_ where routescdki0_.route_id=?
14:01:03.735 [main] DEBUG org.hibernate.jdbc.AbstractBatcher - about to open ResultSet (open ResultSets: 0, globally: 0)
14:01:03.735 [main] DEBUG org.hibernate.loader.Loader - result set contains (possibly empty) collection: [net.lojika.gtfs.model.Routes.routesCdkidCollection#istb.280503]
14:01:03.735 [main] DEBUG org.hibernate.loader.Loader - result row: EntityKey[net.lojika.gtfs.model.RoutesCdkid#gtfs.line.1.36ke-1]
14:01:03.735 [main] DEBUG org.hibernate.loader.Loader - found row of collection: [net.lojika.gtfs.model.Routes.routesCdkidCollection#istb.280503]
14:01:03.735 [main] DEBUG org.hibernate.loader.Loader - result row: EntityKey[net.lojika.gtfs.model.RoutesCdkid#gtfs.line.1.36ke-0]
14:01:03.735 [main] DEBUG org.hibernate.loader.Loader - found row of collection: [net.lojika.gtfs.model.Routes.routesCdkidCollection#istb.280503]
14:01:03.735 [main] DEBUG org.hibernate.jdbc.AbstractBatcher - about to close ResultSet (open ResultSets: 1, globally: 1)
14:01:03.735 [main] DEBUG org.hibernate.jdbc.AbstractBatcher - about to close PreparedStatement (open PreparedStatements: 1, globally: 1)
14:01:03.735 [main] DEBUG o.h.e.loading.CollectionLoadContext - 1 collections were found in result set for role: net.lojika.gtfs.model.Routes.routesCdkidCollection
14:01:03.735 [main] DEBUG o.h.e.loading.CollectionLoadContext - collection fully initialized: [net.lojika.gtfs.model.Routes.routesCdkidCollection#istb.280503]
14:01:03.735 [main] DEBUG o.h.e.loading.CollectionLoadContext - 1 collections initialized for role: net.lojika.gtfs.model.Routes.routesCdkidCollection
14:01:03.735 [main] DEBUG org.hibernate.loader.Loader - done loading collection
14:01:03.735 [main] DEBUG org.hibernate.loader.Loader - loading collection: [net.lojika.gtfs.model.Routes.routesCdkidCollection#istb.280504]
14:01:03.735 [main] DEBUG org.hibernate.jdbc.AbstractBatcher - about to open PreparedStatement (open PreparedStatements: 0, globally: 0)
14:01:03.735 [main] DEBUG org.hibernate.SQL - select routescdki0_.route_id as route2_2_1_, routescdki0_.route_cdk_id as route1_1_, routescdki0_.route_cdk_id as route1_3_0_, routescdki0_.route_id as route2_3_0_ from public.routes_cdkid routescdki0_ where routescdki0_.route_id=?
Hibernate: select routescdki0_.route_id as route2_2_1_, routescdki0_.route_cdk_id as route1_1_, routescdki0_.route_cdk_id as route1_3_0_, routescdki0_.route_id as route2_3_0_ from public.routes_cdkid routescdki0_ where routescdki0_.route_id=?
14:01:03.736 [main] DEBUG org.hibernate.jdbc.AbstractBatcher - about to open ResultSet (open ResultSets: 0, globally: 0)
14:01:03.736 [main] DEBUG org.hibernate.loader.Loader - result set contains (possibly empty) collection: [net.lojika.gtfs.model.Routes.routesCdkidCollection#istb.280504]
14:01:03.736 [main] DEBUG org.hibernate.loader.Loader - result row: EntityKey[net.lojika.gtfs.model.RoutesCdkid#gtfs.line.1.36l-1]
14:01:03.736 [main] DEBUG org.hibernate.loader.Loader - found row of collection: [net.lojika.gtfs.model.Routes.routesCdkidCollection#istb.280504]
14:01:03.736 [main] DEBUG org.hibernate.loader.Loader - result row: EntityKey[net.lojika.gtfs.model.RoutesCdkid#gtfs.line.1.36l-0]
14:01:03.736 [main] DEBUG org.hibernate.loader.Loader - found row of collection: [net.lojika.gtfs.model.Routes.routesCdkidCollection#istb.280504]
14:01:03.736 [main] DEBUG org.hibernate.jdbc.AbstractBatcher - about to close ResultSet (open ResultSets: 1, globally: 1)
14:01:03.736 [main] DEBUG org.hibernate.jdbc.AbstractBatcher - about to close PreparedStatement (open PreparedStatements: 1, globally: 1)
14:01:03.736 [main] DEBUG o.h.e.loading.CollectionLoadContext - 1 collections were found in result set for role: net.lojika.gtfs.model.Routes.routesCdkidCollection
14:01:03.736 [main] DEBUG o.h.e.loading.CollectionLoadContext - collection fully initialized: [net.lojika.gtfs.model.Routes.routesCdkidCollection#istb.280504]
14:01:03.736 [main] DEBUG o.h.e.loading.CollectionLoadContext - 1 collections initialized for role: net.lojika.gtfs.model.Routes.routesCdkidCollection
14:01:03.736 [main] DEBUG org.hibernate.loader.Loader - done loading collection
14:01:03.737 [main] DEBUG org.hibernate.loader.Loader - loading collection: [net.lojika.gtfs.model.Routes.routesCdkidCollection#istb.280505]
14:01:03.737 [main] DEBUG org.hibernate.jdbc.AbstractBatcher - about to open PreparedStatement (open PreparedStatements: 0, globally: 0)
14:01:03.737 [main] DEBUG org.hibernate.SQL - select routescdki0_.route_id as route2_2_1_, routescdki0_.route_cdk_id as route1_1_, routescdki0_.route_cdk_id as route1_3_0_, routescdki0_.route_id as route2_3_0_ from public.routes_cdkid routescdki0_ where routescdki0_.route_id=?
Hibernate: select routescdki0_.route_id as route2_2_1_, routescdki0_.route_cdk_id as route1_1_, routescdki0_.route_cdk_id as route1_3_0_, routescdki0_.route_id as route2_3_0_ from public.routes_cdkid routescdki0_ where routescdki0_.route_id=?
14:01:03.737 [main] DEBUG org.hibernate.jdbc.AbstractBatcher - about to open ResultSet (open ResultSets: 0, globally: 0)
14:01:03.737 [main] DEBUG org.hibernate.loader.Loader - result set contains (possibly empty) collection: [net.lojika.gtfs.model.Routes.routesCdkidCollection#istb.280505]
14:01:03.737 [main] DEBUG org.hibernate.loader.Loader - result row: EntityKey[net.lojika.gtfs.model.RoutesCdkid#gtfs.line.1.36m-1]
14:01:03.737 [main] DEBUG org.hibernate.loader.Loader - found row of collection: [net.lojika.gtfs.model.Routes.routesCdkidCollection#istb.280505]
14:01:03.737 [main] DEBUG org.hibernate.loader.Loader - result row: EntityKey[net.lojika.gtfs.model.RoutesCdkid#gtfs.line.1.36m-0]
14:01:03.737 [main] DEBUG org.hibernate.loader.Loader - found row of collection: [net.lojika.gtfs.model.Routes.routesCdkidCollection#istb.280505]
14:01:03.737 [main] DEBUG org.hibernate.jdbc.AbstractBatcher - about to close ResultSet (open ResultSets: 1, globally: 1)
14:01:03.737 [main] DEBUG org.hibernate.jdbc.AbstractBatcher - about to close PreparedStatement (open PreparedStatements: 1, globally: 1)
14:01:03.738 [main] DEBUG o.h.e.loading.CollectionLoadContext - 1 collections were found in result set for role: net.lojika.gtfs.model.Routes.routesCdkidCollection
14:01:03.738 [main] DEBUG o.h.e.loading.CollectionLoadContext - collection fully initialized: [net.lojika.gtfs.model.Routes.routesCdkidCollection#istb.280505]
14:01:03.738 [main] DEBUG o.h.e.loading.CollectionLoadContext - 1 collections initialized for role: net.lojika.gtfs.model.Routes.routesCdkidCollection
14:01:03.738 [main] DEBUG org.hibernate.loader.Loader - done loading collection
14:01:03.738 [main] DEBUG org.hibernate.loader.Loader - loading collection: [net.lojika.gtfs.model.Routes.routesCdkidCollection#istb.280506]
14:01:03.738 [main] DEBUG org.hibernate.jdbc.AbstractBatcher - about to open PreparedStatement (open PreparedStatements: 0, globally: 0)
14:01:03.738 [main] DEBUG org.hibernate.SQL - select routescdki0_.route_id as route2_2_1_, routescdki0_.route_cdk_id as route1_1_, routescdki0_.route_cdk_id as route1_3_0_, routescdki0_.route_id as route2_3_0_ from public.routes_cdkid routescdki0_ where routescdki0_.route_id=?
Hibernate: select routescdki0_.route_id as route2_2_1_, routescdki0_.route_cdk_id as route1_1_, routescdki0_.route_cdk_id as route1_3_0_, routescdki0_.route_id as route2_3_0_ from public.routes_cdkid routescdki0_ where routescdki0_.route_id=?
14:01:03.738 [main] DEBUG org.hibernate.jdbc.AbstractBatcher - about to open ResultSet (open ResultSets: 0, globally: 0)
14:01:03.738 [main] DEBUG org.hibernate.loader.Loader - result set contains (possibly empty) collection: [net.lojika.gtfs.model.Routes.routesCdkidCollection#istb.280506]
14:01:03.738 [main] DEBUG org.hibernate.loader.Loader - result row: EntityKey[net.lojika.gtfs.model.RoutesCdkid#gtfs.line.1.36s-0]
14:01:03.738 [main] DEBUG org.hibernate.loader.Loader - found row of collection: [net.lojika.gtfs.model.Routes.routesCdkidCollection#istb.280506]
14:01:03.739 [main] DEBUG org.hibernate.jdbc.AbstractBatcher - about to close ResultSet (open ResultSets: 1, globally: 1)
14:01:03.739 [main] DEBUG org.hibernate.jdbc.AbstractBatcher - about to close PreparedStatement (open PreparedStatements: 1, globally: 1)
14:01:03.739 [main] DEBUG o.h.e.loading.CollectionLoadContext - 1 collections were found in result set for role: net.lojika.gtfs.model.Routes.routesCdkidCollection
14:01:03.739 [main] DEBUG o.h.e.loading.CollectionLoadContext - collection fully initialized: [net.lojika.gtfs.model.Routes.routesCdkidCollection#istb.280506]
14:01:03.739 [main] DEBUG o.h.e.loading.CollectionLoadContext - 1 collections initialized for role: net.lojika.gtfs.model.Routes.routesCdkidCollection
14:01:03.739 [main] DEBUG org.hibernate.loader.Loader - done loading collection
14:01:03.739 [main] DEBUG org.hibernate.loader.Loader - loading collection: [net.lojika.gtfs.model.Routes.routesCdkidCollection#istb.280507]
14:01:03.739 [main] DEBUG org.hibernate.jdbc.AbstractBatcher - about to open PreparedStatement (open PreparedStatements: 0, globally: 0)
14:01:03.739 [main] DEBUG org.hibernate.SQL - select routescdki0_.route_id as route2_2_1_, routescdki0_.route_cdk_id as route1_1_, routescdki0_.route_cdk_id as route1_3_0_, routescdki0_.route_id as route2_3_0_ from public.routes_cdkid routescdki0_ where routescdki0_.route_id=?
Hibernate: select routescdki0_.route_id as route2_2_1_, routescdki0_.route_cdk_id as route1_1_, routescdki0_.route_cdk_id as route1_3_0_, routescdki0_.route_id as route2_3_0_ from public.routes_cdkid routescdki0_ where routescdki0_.route_id=?
14:01:03.739 [main] DEBUG org.hibernate.jdbc.AbstractBatcher - about to open ResultSet (open ResultSets: 0, globally: 0)
14:01:03.740 [main] DEBUG org.hibernate.loader.Loader - result set contains (possibly empty) collection: [net.lojika.gtfs.model.Routes.routesCdkidCollection#istb.280507]
14:01:03.740 [main] DEBUG org.hibernate.loader.Loader - result row: EntityKey[net.lojika.gtfs.model.RoutesCdkid#gtfs.line.1.36t-1]
14:01:03.740 [main] DEBUG org.hibernate.loader.Loader - found row of collection: [net.lojika.gtfs.model.Routes.routesCdkidCollection#istb.280507]
14:01:03.740 [main] DEBUG org.hibernate.loader.Loader - result row: EntityKey[net.lojika.gtfs.model.RoutesCdkid#gtfs.line.1.36t-0]
14:01:03.740 [main] DEBUG org.hibernate.loader.Loader - found row of collection: [net.lojika.gtfs.model.Routes.routesCdkidCollection#istb.280507]
14:01:03.740 [main] DEBUG org.hibernate.jdbc.AbstractBatcher - about to close ResultSet (open ResultSets: 1, globally: 1)
14:01:03.740 [main] DEBUG org.hibernate.jdbc.AbstractBatcher - about to close PreparedStatement (open PreparedStatements: 1, globally: 1)
14:01:03.740 [main] DEBUG o.h.e.loading.CollectionLoadContext - 1 collections were found in result set for role: net.lojika.gtfs.model.Routes.routesCdkidCollection
14:01:03.740 [main] DEBUG o.h.e.loading.CollectionLoadContext - collection fully initialized: [net.lojika.gtfs.model.Routes.routesCdkidCollection#istb.280507]
14:01:03.740 [main] DEBUG o.h.e.loading.CollectionLoadContext - 1 collections initialized for role: net.lojika.gtfs.model.Routes.routesCdkidCollection
14:01:03.740 [main] DEBUG org.hibernate.loader.Loader - done loading collection
14:01:03.740 [main] DEBUG org.hibernate.loader.Loader - loading collection: [net.lojika.gtfs.model.Routes.routesCdkidCollection#istb.280508]
14:01:03.740 [main] DEBUG org.hibernate.jdbc.AbstractBatcher - about to open PreparedStatement (open PreparedStatements: 0, globally: 0)
14:01:03.740 [main] DEBUG org.hibernate.SQL - select routescdki0_.route_id as route2_2_1_, routescdki0_.route_cdk_id as route1_1_, routescdki0_.route_cdk_id as route1_3_0_, routescdki0_.route_id as route2_3_0_ from public.routes_cdkid routescdki0_ where routescdki0_.route_id=?
Hibernate: select routescdki0_.route_id as route2_2_1_, routescdki0_.route_cdk_id as route1_1_, routescdki0_.route_cdk_id as route1_3_0_, routescdki0_.route_id as route2_3_0_ from public.routes_cdkid routescdki0_ where routescdki0_.route_id=?
14:01:03.741 [main] DEBUG org.hibernate.jdbc.AbstractBatcher - about to open ResultSet (open ResultSets: 0, globally: 0)
14:01:03.741 [main] DEBUG org.hibernate.loader.Loader - result set contains (possibly empty) collection: [net.lojika.gtfs.model.Routes.routesCdkidCollection#istb.280508]
14:01:03.741 [main] DEBUG org.hibernate.loader.Loader - result row: EntityKey[net.lojika.gtfs.model.RoutesCdkid#gtfs.line.1.36v-1]
14:01:03.741 [main] DEBUG org.hibernate.loader.Loader - found row of collection: [net.lojika.gtfs.model.Routes.routesCdkidCollection#istb.280508]
14:01:03.741 [main] DEBUG org.hibernate.loader.Loader - result row: EntityKey[net.lojika.gtfs.model.RoutesCdkid#gtfs.line.1.36v-0]
14:01:03.741 [main] DEBUG org.hibernate.loader.Loader - found row of collection: [net.lojika.gtfs.model.Routes.routesCdkidCollection#istb.280508]
14:01:03.741 [main] DEBUG org.hibernate.jdbc.AbstractBatcher - about to close ResultSet (open ResultSets: 1, globally: 1)
14:01:03.741 [main] DEBUG org.hibernate.jdbc.AbstractBatcher - about to close PreparedStatement (open PreparedStatements: 1, globally: 1)
14:01:03.741 [main] DEBUG o.h.e.loading.CollectionLoadContext - 1 collections were found in result set for role: net.lojika.gtfs.model.Routes.routesCdkidCollection
14:01:03.741 [main] DEBUG o.h.e.loading.CollectionLoadContext - collection fully initialized: [net.lojika.gtfs.model.Routes.routesCdkidCollection#istb.280508]
14:01:03.741 [main] DEBUG o.h.e.loading.CollectionLoadContext - 1 collections initialized for role: net.lojika.gtfs.model.Routes.routesCdkidCollection
14:01:03.741 [main] DEBUG org.hibernate.loader.Loader - done loading collection
14:01:03.741 [main] DEBUG org.hibernate.loader.Loader - loading collection: [net.lojika.gtfs.model.Routes.routesCdkidCollection#istb.280509]
14:01:03.741 [main] DEBUG org.hibernate.jdbc.AbstractBatcher - about to open PreparedStatement (open PreparedStatements: 0, globally: 0)
14:01:03.741 [main] DEBUG org.hibernate.SQL - select routescdki0_.route_id as route2_2_1_, routescdki0_.route_cdk_id as route1_1_, routescdki0_.route_cdk_id as route1_3_0_, routescdki0_.route_id as route2_3_0_ from public.routes_cdkid routescdki0_ where routescdki0_.route_id=?
Hibernate: select routescdki0_.route_id as route2_2_1_, routescdki0_.route_cdk_id as route1_1_, routescdki0_.route_cdk_id as route1_3_0_, routescdki0_.route_id as route2_3_0_ from public.routes_cdkid routescdki0_ where routescdki0_.route_id=?
14:01:03.742 [main] DEBUG org.hibernate.jdbc.AbstractBatcher - about to open ResultSet (open ResultSets: 0, globally: 0)
14:01:03.742 [main] DEBUG org.hibernate.loader.Loader - result set contains (possibly empty) collection: [net.lojika.gtfs.model.Routes.routesCdkidCollection#istb.280509]
14:01:03.742 [main] DEBUG org.hibernate.loader.Loader - result row: EntityKey[net.lojika.gtfs.model.RoutesCdkid#gtfs.line.1.37a-1]
14:01:03.742 [main] DEBUG org.hibernate.loader.Loader - found row of collection: [net.lojika.gtfs.model.Routes.routesCdkidCollection#istb.280509]
14:01:03.742 [main] DEBUG org.hibernate.loader.Loader - result row: EntityKey[net.lojika.gtfs.model.RoutesCdkid#gtfs.line.1.37a-0]
14:01:03.742 [main] DEBUG org.hibernate.loader.Loader - found row of collection: [net.lojika.gtfs.model.Routes.routesCdkidCollection#istb.280509]
14:01:03.742 [main] DEBUG org.hibernate.jdbc.AbstractBatcher - about to close ResultSet (open ResultSets: 1, globally: 1)
14:01:03.742 [main] DEBUG org.hibernate.jdbc.AbstractBatcher - about to close PreparedStatement (open PreparedStatements: 1, globally: 1)
14:01:03.742 [main] DEBUG o.h.e.loading.CollectionLoadContext - 1 collections were found in result set for role: net.lojika.gtfs.model.Routes.routesCdkidCollection
14:01:03.742 [main] DEBUG o.h.e.loading.CollectionLoadContext - collection fully initialized: [net.lojika.gtfs.model.Routes.routesCdkidCollection#istb.280509]
14:01:03.742 [main] DEBUG o.h.e.loading.CollectionLoadContext - 1 collections initialized for role: net.lojika.gtfs.model.Routes.routesCdkidCollection
14:01:03.742 [main] DEBUG org.hibernate.loader.Loader - done loading collection
14:01:03.742 [main] DEBUG org.hibernate.loader.Loader - loading collection: [net.lojika.gtfs.model.Routes.routesCdkidCollection#istb.280510]
14:01:03.743 [main] DEBUG org.hibernate.jdbc.AbstractBatcher - about to open PreparedStatement (open PreparedStatements: 0, globally: 0)
14:01:03.743 [main] DEBUG org.hibernate.SQL - select routescdki0_.route_id as route2_2_1_, routescdki0_.route_cdk_id as route1_1_, routescdki0_.route_cdk_id as route1_3_0_, routescdki0_.route_id as route2_3_0_ from public.routes_cdkid routescdki0_ where routescdki0_.route_id=?
Hibernate: select routescdki0_.route_id as route2_2_1_, routescdki0_.route_cdk_id as route1_1_, routescdki0_.route_cdk_id as route1_3_0_, routescdki0_.route_id as route2_3_0_ from public.routes_cdkid routescdki0_ where routescdki0_.route_id=?
14:01:03.743 [main] DEBUG org.hibernate.jdbc.AbstractBatcher - about to open ResultSet (open ResultSets: 0, globally: 0)
14:01:03.743 [main] DEBUG org.hibernate.loader.Loader - result set contains (possibly empty) collection: [net.lojika.gtfs.model.Routes.routesCdkidCollection#istb.280510]
14:01:03.743 [main] DEBUG org.hibernate.loader.Loader - result row: EntityKey[net.lojika.gtfs.model.RoutesCdkid#gtfs.line.1.37e-1]
14:01:03.743 [main] DEBUG org.hibernate.loader.Loader - found row of collection: [net.lojika.gtfs.model.Routes.routesCdkidCollection#istb.280510]
14:01:03.743 [main] DEBUG org.hibernate.loader.Loader - result row: EntityKey[net.lojika.gtfs.model.RoutesCdkid#gtfs.line.1.37e-0]
14:01:03.743 [main] DEBUG org.hibernate.loader.Loader - found row of collection: [net.lojika.gtfs.model.Routes.routesCdkidCollection#istb.280510]
14:01:03.743 [main] DEBUG org.hibernate.jdbc.AbstractBatcher - about to close ResultSet (open ResultSets: 1, globally: 1)
14:01:03.743 [main] DEBUG org.hibernate.jdbc.AbstractBatcher - about to close PreparedStatement (open PreparedStatements: 1, globally: 1)
14:01:03.743 [main] DEBUG o.h.e.loading.CollectionLoadContext - 1 collections were found in result set for role: net.lojika.gtfs.model.Routes.routesCdkidCollection
14:01:03.743 [main] DEBUG o.h.e.loading.CollectionLoadContext - collection fully initialized: [net.lojika.gtfs.model.Routes.routesCdkidCollection#istb.280510]
14:01:03.743 [main] DEBUG o.h.e.loading.CollectionLoadContext - 1 collections initialized for role: net.lojika.gtfs.model.Routes.routesCdkidCollection
14:01:03.744 [main] DEBUG org.hibernate.loader.Loader - done loading collection
14:01:03.744 [main] DEBUG org.hibernate.loader.Loader - loading collection: [net.lojika.gtfs.model.Routes.routesCdkidCollection#istb.280511]
14:01:03.744 [main] DEBUG org.hibernate.jdbc.AbstractBatcher - about to open PreparedStatement (open PreparedStatements: 0, globally: 0)
14:01:03.744 [main] DEBUG org.hibernate.SQL - select routescdki0_.route_id as route2_2_1_, routescdki0_.route_cdk_id as route1_1_, routescdki0_.route_cdk_id as route1_3_0_, routescdki0_.route_id as route2_3_0_ from public.routes_cdkid routescdki0_ where routescdki0_.route_id=?
Hibernate: select routescdki0_.route_id as route2_2_1_, routescdki0_.route_cdk_id as route1_1_, routescdki0_.route_cdk_id as route1_3_0_, routescdki0_.route_id as route2_3_0_ from public.routes_cdkid routescdki0_ where routescdki0_.route_id=?
14:01:03.744 [main] DEBUG org.hibernate.jdbc.AbstractBatcher - about to open ResultSet (open ResultSets: 0, globally: 0)
14:01:03.744 [main] DEBUG org.hibernate.loader.Loader - result set contains (possibly empty) collection: [net.lojika.gtfs.model.Routes.routesCdkidCollection#istb.280511]
14:01:03.744 [main] DEBUG org.hibernate.loader.Loader - result row: EntityKey[net.lojika.gtfs.model.RoutesCdkid#gtfs.line.1.37m-1]
14:01:03.744 [main] DEBUG org.hibernate.loader.Loader - found row of collection: [net.lojika.gtfs.model.Routes.routesCdkidCollection#istb.280511]
14:01:03.744 [main] DEBUG org.hibernate.loader.Loader - result row: EntityKey[net.lojika.gtfs.model.RoutesCdkid#gtfs.line.1.37m-0]
14:01:03.744 [main] DEBUG org.hibernate.loader.Loader - found row of collection: [net.lojika.gtfs.model.Routes.routesCdkidCollection#istb.280511]
14:01:03.744 [main] DEBUG org.hibernate.jdbc.AbstractBatcher - about to close ResultSet (open ResultSets: 1, globally: 1)
14:01:03.744 [main] DEBUG org.hibernate.jdbc.AbstractBatcher - about to close PreparedStatement (open PreparedStatements: 1, globally: 1)
14:01:03.744 [main] DEBUG o.h.e.loading.CollectionLoadContext - 1 collections were found in result set for role: net.lojika.gtfs.model.Routes.routesCdkidCollection
14:01:03.745 [main] DEBUG o.h.e.loading.CollectionLoadContext - collection fully initialized: [net.lojika.gtfs.model.Routes.routesCdkidCollection#istb.280511]
14:01:03.745 [main] DEBUG o.h.e.loading.CollectionLoadContext - 1 collections initialized for role: net.lojika.gtfs.model.Routes.routesCdkidCollection
14:01:03.745 [main] DEBUG org.hibernate.loader.Loader - done loading collection
14:01:03.745 [main] DEBUG org.hibernate.loader.Loader - loading collection: [net.lojika.gtfs.model.Routes.routesCdkidCollection#istb.280512]
14:01:03.745 [main] DEBUG org.hibernate.jdbc.AbstractBatcher - about to open PreparedStatement (open PreparedStatements: 0, globally: 0)
14:01:03.745 [main] DEBUG org.hibernate.SQL - select routescdki0_.route_id as route2_2_1_, routescdki0_.route_cdk_id as route1_1_, routescdki0_.route_cdk_id as route1_3_0_, routescdki0_.route_id as route2_3_0_ from public.routes_cdkid routescdki0_ where routescdki0_.route_id=?
Hibernate: select routescdki0_.route_id as route2_2_1_, routescdki0_.route_cdk_id as route1_1_, routescdki0_.route_cdk_id as route1_3_0_, routescdki0_.route_id as route2_3_0_ from public.routes_cdkid routescdki0_ where routescdki0_.route_id=?
14:01:03.745 [main] DEBUG org.hibernate.jdbc.AbstractBatcher - about to open ResultSet (open ResultSets: 0, globally: 0)
14:01:03.745 [main] DEBUG org.hibernate.loader.Loader - result set contains (possibly empty) collection: [net.lojika.gtfs.model.Routes.routesCdkidCollection#istb.280512]
14:01:03.745 [main] DEBUG org.hibernate.loader.Loader - result row: EntityKey[net.lojika.gtfs.model.RoutesCdkid#gtfs.line.1.37t-1]
14:01:03.745 [main] DEBUG org.hibernate.loader.Loader - found row of collection: [net.lojika.gtfs.model.Routes.routesCdkidCollection#istb.280512]
14:01:03.745 [main] DEBUG org.hibernate.loader.Loader - result row: EntityKey[net.lojika.gtfs.model.RoutesCdkid#gtfs.line.1.37t-0]
14:01:03.745 [main] DEBUG org.hibernate.loader.Loader - found row of collection: [net.lojika.gtfs.model.Routes.routesCdkidCollection#istb.280512]
14:01:03.745 [main] DEBUG org.hibernate.jdbc.AbstractBatcher - about to close ResultSet (open ResultSets: 1, globally: 1)
14:01:03.746 [main] DEBUG org.hibernate.jdbc.AbstractBatcher - about to close PreparedStatement (open PreparedStatements: 1, globally: 1)
14:01:03.746 [main] DEBUG o.h.e.loading.CollectionLoadContext - 1 collections were found in result set for role: net.lojika.gtfs.model.Routes.routesCdkidCollection
14:01:03.746 [main] DEBUG o.h.e.loading.CollectionLoadContext - collection fully initialized: [net.lojika.gtfs.model.Routes.routesCdkidCollection#istb.280512]
14:01:03.746 [main] DEBUG o.h.e.loading.CollectionLoadContext - 1 collections initialized for role: net.lojika.gtfs.model.Routes.routesCdkidCollection
14:01:03.746 [main] DEBUG org.hibernate.loader.Loader - done loading collection
14:01:03.746 [main] DEBUG org.hibernate.loader.Loader - loading collection: [net.lojika.gtfs.model.Routes.routesCdkidCollection#istb.280513]
14:01:03.746 [main] DEBUG org.hibernate.jdbc.AbstractBatcher - about to open PreparedStatement (open PreparedStatements: 0, globally: 0)
14:01:03.746 [main] DEBUG org.hibernate.SQL - select routescdki0_.route_id as route2_2_1_, routescdki0_.route_cdk_id as route1_1_, routescdki0_.route_cdk_id as route1_3_0_, routescdki0_.route_id as route2_3_0_ from public.routes_cdkid routescdki0_ where routescdki0_.route_id=?
Hibernate: select routescdki0_.route_id as route2_2_1_, routescdki0_.route_cdk_id as route1_1_, routescdki0_.route_cdk_id as route1_3_0_, routescdki0_.route_id as route2_3_0_ from public.routes_cdkid routescdki0_ where routescdki0_.route_id=?
14:01:03.746 [main] DEBUG org.hibernate.jdbc.AbstractBatcher - about to open ResultSet (open ResultSets: 0, globally: 0)
14:01:03.746 [main] DEBUG org.hibernate.loader.Loader - result set contains (possibly empty) collection: [net.lojika.gtfs.model.Routes.routesCdkidCollection#istb.280513]
14:01:03.746 [main] DEBUG org.hibernate.loader.Loader - result row: EntityKey[net.lojika.gtfs.model.RoutesCdkid#gtfs.line.1.37y-1]
14:01:03.746 [main] DEBUG org.hibernate.loader.Loader - found row of collection: [net.lojika.gtfs.model.Routes.routesCdkidCollection#istb.280513]
14:01:03.746 [main] DEBUG org.hibernate.loader.Loader - result row: EntityKey[net.lojika.gtfs.model.RoutesCdkid#gtfs.line.1.37y-0]
14:01:03.746 [main] DEBUG org.hibernate.loader.Loader - found row of collection: [net.lojika.gtfs.model.Routes.routesCdkidCollection#istb.280513]
14:01:03.747 [main] DEBUG org.hibernate.jdbc.AbstractBatcher - about to close ResultSet (open ResultSets: 1, globally: 1)
14:01:03.747 [main] DEBUG org.hibernate.jdbc.AbstractBatcher - about to close PreparedStatement (open PreparedStatements: 1, globally: 1)
14:01:03.747 [main] DEBUG o.h.e.loading.CollectionLoadContext - 1 collections were found in result set for role: net.lojika.gtfs.model.Routes.routesCdkidCollection
14:01:03.747 [main] DEBUG o.h.e.loading.CollectionLoadContext - collection fully initialized: [net.lojika.gtfs.model.Routes.routesCdkidCollection#istb.280513]
14:01:03.747 [main] DEBUG o.h.e.loading.CollectionLoadContext - 1 collections initialized for role: net.lojika.gtfs.model.Routes.routesCdkidCollection
14:01:03.747 [main] DEBUG org.hibernate.loader.Loader - done loading collection
14:01:03.747 [main] DEBUG org.hibernate.loader.Loader - loading collection: [net.lojika.gtfs.model.Routes.routesCdkidCollection#istb.280514]
14:01:03.747 [main] DEBUG org.hibernate.jdbc.AbstractBatcher - about to open PreparedStatement (open PreparedStatements: 0, globally: 0)
14:01:03.747 [main] DEBUG org.hibernate.SQL - select routescdki0_.route_id as route2_2_1_, routescdki0_.route_cdk_id as route1_1_, routescdki0_.route_cdk_id as route1_3_0_, routescdki0_.route_id as route2_3_0_ from public.routes_cdkid routescdki0_ where routescdki0_.route_id=?
Hibernate: select routescdki0_.route_id as route2_2_1_, routescdki0_.route_cdk_id as route1_1_, routescdki0_.route_cdk_id as route1_3_0_, routescdki0_.route_id as route2_3_0_ from public.routes_cdkid routescdki0_ where routescdki0_.route_id=?
14:01:03.747 [main] DEBUG org.hibernate.jdbc.AbstractBatcher - about to open ResultSet (open ResultSets: 0, globally: 0)
14:01:03.747 [main] DEBUG org.hibernate.loader.Loader - result set contains (possibly empty) collection: [net.lojika.gtfs.model.Routes.routesCdkidCollection#istb.280514]
14:01:03.747 [main] DEBUG org.hibernate.loader.Loader - result row: EntityKey[net.lojika.gtfs.model.RoutesCdkid#gtfs.line.1.38-1]
14:01:03.747 [main] DEBUG org.hibernate.loader.Loader - found row of collection: [net.lojika.gtfs.model.Routes.routesCdkidCollection#istb.280514]
14:01:03.747 [main] DEBUG org.hibernate.loader.Loader - result row: EntityKey[net.lojika.gtfs.model.RoutesCdkid#gtfs.line.1.38-0]
14:01:03.748 [main] DEBUG org.hibernate.loader.Loader - found row of collection: [net.lojika.gtfs.model.Routes.routesCdkidCollection#istb.280514]
14:01:03.748 [main] DEBUG org.hibernate.jdbc.AbstractBatcher - about to close ResultSet (open ResultSets: 1, globally: 1)
14:01:03.748 [main] DEBUG org.hibernate.jdbc.AbstractBatcher - about to close PreparedStatement (open PreparedStatements: 1, globally: 1)
14:01:03.748 [main] DEBUG o.h.e.loading.CollectionLoadContext - 1 collections were found in result set for role: net.lojika.gtfs.model.Routes.routesCdkidCollection
14:01:03.748 [main] DEBUG o.h.e.loading.CollectionLoadContext - collection fully initialized: [net.lojika.gtfs.model.Routes.routesCdkidCollection#istb.280514]
14:01:03.748 [main] DEBUG o.h.e.loading.CollectionLoadContext - 1 collections initialized for role: net.lojika.gtfs.model.Routes.routesCdkidCollection
14:01:03.748 [main] DEBUG org.hibernate.loader.Loader - done loading collection
14:01:03.748 [main] DEBUG org.hibernate.loader.Loader - loading collection: [net.lojika.gtfs.model.Routes.routesCdkidCollection#istb.280515]
14:01:03.748 [main] DEBUG org.hibernate.jdbc.AbstractBatcher - about to open PreparedStatement (open PreparedStatements: 0, globally: 0)
14:01:03.748 [main] DEBUG org.hibernate.SQL - select routescdki0_.route_id as route2_2_1_, routescdki0_.route_cdk_id as route1_1_, routescdki0_.route_cdk_id as route1_3_0_, routescdki0_.route_id as route2_3_0_ from public.routes_cdkid routescdki0_ where routescdki0_.route_id=?
Hibernate: select routescdki0_.route_id as route2_2_1_, routescdki0_.route_cdk_id as route1_1_, routescdki0_.route_cdk_id as route1_3_0_, routescdki0_.route_id as route2_3_0_ from public.routes_cdkid routescdki0_ where routescdki0_.route_id=?
14:01:03.748 [main] DEBUG org.hibernate.jdbc.AbstractBatcher - about to open ResultSet (open ResultSets: 0, globally: 0)
14:01:03.748 [main] DEBUG org.hibernate.loader.Loader - result set contains (possibly empty) collection: [net.lojika.gtfs.model.Routes.routesCdkidCollection#istb.280515]
14:01:03.748 [main] DEBUG org.hibernate.loader.Loader - result row: EntityKey[net.lojika.gtfs.model.RoutesCdkid#gtfs.line.1.38b-1]
14:01:03.748 [main] DEBUG org.hibernate.loader.Loader - found row of collection: [net.lojika.gtfs.model.Routes.routesCdkidCollection#istb.280515]
14:01:03.749 [main] DEBUG org.hibernate.loader.Loader - result row: EntityKey[net.lojika.gtfs.model.RoutesCdkid#gtfs.line.1.38b-0]
14:01:03.749 [main] DEBUG org.hibernate.loader.Loader - found row of collection: [net.lojika.gtfs.model.Routes.routesCdkidCollection#istb.280515]
14:01:03.749 [main] DEBUG org.hibernate.jdbc.AbstractBatcher - about to close ResultSet (open ResultSets: 1, globally: 1)
14:01:03.749 [main] DEBUG org.hibernate.jdbc.AbstractBatcher - about to close PreparedStatement (open PreparedStatements: 1, globally: 1)
14:01:03.749 [main] DEBUG o.h.e.loading.CollectionLoadContext - 1 collections were found in result set for role: net.lojika.gtfs.model.Routes.routesCdkidCollection
14:01:03.749 [main] DEBUG o.h.e.loading.CollectionLoadContext - collection fully initialized: [net.lojika.gtfs.model.Routes.routesCdkidCollection#istb.280515]
14:01:03.749 [main] DEBUG o.h.e.loading.CollectionLoadContext - 1 collections initialized for role: net.lojika.gtfs.model.Routes.routesCdkidCollection
14:01:03.749 [main] DEBUG org.hibernate.loader.Loader - done loading collection
14:01:03.749 [main] DEBUG org.hibernate.loader.Loader - loading collection: [net.lojika.gtfs.model.Routes.routesCdkidCollection#istb.280516]
14:01:03.749 [main] DEBUG org.hibernate.jdbc.AbstractBatcher - about to open PreparedStatement (open PreparedStatements: 0, globally: 0)
14:01:03.749 [main] DEBUG org.hibernate.SQL - select routescdki0_.route_id as route2_2_1_, routescdki0_.route_cdk_id as route1_1_, routescdki0_.route_cdk_id as route1_3_0_, routescdki0_.route_id as route2_3_0_ from public.routes_cdkid routescdki0_ where routescdki0_.route_id=?
Hibernate: select routescdki0_.route_id as route2_2_1_, routescdki0_.route_cdk_id as route1_1_, routescdki0_.route_cdk_id as route1_3_0_, routescdki0_.route_id as route2_3_0_ from public.routes_cdkid routescdki0_ where routescdki0_.route_id=?
14:01:03.749 [main] DEBUG org.hibernate.jdbc.AbstractBatcher - about to open ResultSet (open ResultSets: 0, globally: 0)
14:01:03.749 [main] DEBUG org.hibernate.loader.Loader - result set contains (possibly empty) collection: [net.lojika.gtfs.model.Routes.routesCdkidCollection#istb.280516]
14:01:03.749 [main] DEBUG org.hibernate.loader.Loader - result row: EntityKey[net.lojika.gtfs.model.RoutesCdkid#gtfs.line.1.38e-1]
14:01:03.750 [main] DEBUG org.hibernate.loader.Loader - found row of collection: [net.lojika.gtfs.model.Routes.routesCdkidCollection#istb.280516]
14:01:03.750 [main] DEBUG org.hibernate.loader.Loader - result row: EntityKey[net.lojika.gtfs.model.RoutesCdkid#gtfs.line.1.38e-0]
14:01:03.750 [main] DEBUG org.hibernate.loader.Loader - found row of collection: [net.lojika.gtfs.model.Routes.routesCdkidCollection#istb.280516]
14:01:03.750 [main] DEBUG org.hibernate.jdbc.AbstractBatcher - about to close ResultSet (open ResultSets: 1, globally: 1)
14:01:03.750 [main] DEBUG org.hibernate.jdbc.AbstractBatcher - about to close PreparedStatement (open PreparedStatements: 1, globally: 1)
14:01:03.750 [main] DEBUG o.h.e.loading.CollectionLoadContext - 1 collections were found in result set for role: net.lojika.gtfs.model.Routes.routesCdkidCollection
14:01:03.750 [main] DEBUG o.h.e.loading.CollectionLoadContext - collection fully initialized: [net.lojika.gtfs.model.Routes.routesCdkidCollection#istb.280516]
14:01:03.750 [main] DEBUG o.h.e.loading.CollectionLoadContext - 1 collections initialized for role: net.lojika.gtfs.model.Routes.routesCdkidCollection
14:01:03.750 [main] DEBUG org.hibernate.loader.Loader - done loading collection
14:01:03.750 [main] DEBUG org.hibernate.loader.Loader - loading collection: [net.lojika.gtfs.model.Routes.routesCdkidCollection#istb.280517]
14:01:03.750 [main] DEBUG org.hibernate.jdbc.AbstractBatcher - about to open PreparedStatement (open PreparedStatements: 0, globally: 0)
14:01:03.750 [main] DEBUG org.hibernate.SQL - select routescdki0_.route_id as route2_2_1_, routescdki0_.route_cdk_id as route1_1_, routescdki0_.route_cdk_id as route1_3_0_, routescdki0_.route_id as route2_3_0_ from public.routes_cdkid routescdki0_ where routescdki0_.route_id=?
Hibernate: select routescdki0_.route_id as route2_2_1_, routescdki0_.route_cdk_id as route1_1_, routescdki0_.route_cdk_id as route1_3_0_, routescdki0_.route_id as route2_3_0_ from public.routes_cdkid routescdki0_ where routescdki0_.route_id=?
14:01:03.751 [main] DEBUG org.hibernate.jdbc.AbstractBatcher - about to open ResultSet (open ResultSets: 0, globally: 0)
14:01:03.751 [main] DEBUG org.hibernate.loader.Loader - result set contains (possibly empty) collection: [net.lojika.gtfs.model.Routes.routesCdkidCollection#istb.280517]
14:01:03.751 [main] DEBUG org.hibernate.loader.Loader - result row: EntityKey[net.lojika.gtfs.model.RoutesCdkid#gtfs.line.1.38z-1]
14:01:03.751 [main] DEBUG org.hibernate.loader.Loader - found row of collection: [net.lojika.gtfs.model.Routes.routesCdkidCollection#istb.280517]
14:01:03.751 [main] DEBUG org.hibernate.loader.Loader - result row: EntityKey[net.lojika.gtfs.model.RoutesCdkid#gtfs.line.1.38z-0]
14:01:03.751 [main] DEBUG org.hibernate.loader.Loader - found row of collection: [net.lojika.gtfs.model.Routes.routesCdkidCollection#istb.280517]
14:01:03.751 [main] DEBUG org.hibernate.jdbc.AbstractBatcher - about to close ResultSet (open ResultSets: 1, globally: 1)
14:01:03.751 [main] DEBUG org.hibernate.jdbc.AbstractBatcher - about to close PreparedStatement (open PreparedStatements: 1, globally: 1)
14:01:03.751 [main] DEBUG o.h.e.loading.CollectionLoadContext - 1 collections were found in result set for role: net.lojika.gtfs.model.Routes.routesCdkidCollection
14:01:03.751 [main] DEBUG o.h.e.loading.CollectionLoadContext - collection fully initialized: [net.lojika.gtfs.model.Routes.routesCdkidCollection#istb.280517]
14:01:03.751 [main] DEBUG o.h.e.loading.CollectionLoadContext - 1 collections initialized for role: net.lojika.gtfs.model.Routes.routesCdkidCollection
14:01:03.751 [main] DEBUG org.hibernate.loader.Loader - done loading collection
14:01:03.751 [main] DEBUG org.hibernate.loader.Loader - loading collection: [net.lojika.gtfs.model.Routes.routesCdkidCollection#istb.280519]
14:01:03.751 [main] DEBUG org.hibernate.jdbc.AbstractBatcher - about to open PreparedStatement (open PreparedStatements: 0, globally: 0)
14:01:03.751 [main] DEBUG org.hibernate.SQL - select routescdki0_.route_id as route2_2_1_, routescdki0_.route_cdk_id as route1_1_, routescdki0_.route_cdk_id as route1_3_0_, routescdki0_.route_id as route2_3_0_ from public.routes_cdkid routescdki0_ where routescdki0_.route_id=?
Hibernate: select routescdki0_.route_id as route2_2_1_, routescdki0_.route_cdk_id as route1_1_, routescdki0_.route_cdk_id as route1_3_0_, routescdki0_.route_id as route2_3_0_ from public.routes_cdkid routescdki0_ where routescdki0_.route_id=?
14:01:03.752 [main] DEBUG org.hibernate.jdbc.AbstractBatcher - about to open ResultSet (open ResultSets: 0, globally: 0)
14:01:03.752 [main] DEBUG org.hibernate.loader.Loader - result set contains (possibly empty) collection: [net.lojika.gtfs.model.Routes.routesCdkidCollection#istb.280519]
14:01:03.752 [main] DEBUG org.hibernate.loader.Loader - result row: EntityKey[net.lojika.gtfs.model.RoutesCdkid#gtfs.line.1.399b-1]
14:01:03.752 [main] DEBUG org.hibernate.loader.Loader - found row of collection: [net.lojika.gtfs.model.Routes.routesCdkidCollection#istb.280519]
14:01:03.752 [main] DEBUG org.hibernate.loader.Loader - result row: EntityKey[net.lojika.gtfs.model.RoutesCdkid#gtfs.line.1.399b-0]
14:01:03.752 [main] DEBUG org.hibernate.loader.Loader - found row of collection: [net.lojika.gtfs.model.Routes.routesCdkidCollection#istb.280519]
14:01:03.752 [main] DEBUG org.hibernate.jdbc.AbstractBatcher - about to close ResultSet (open ResultSets: 1, globally: 1)
14:01:03.752 [main] DEBUG org.hibernate.jdbc.AbstractBatcher - about to close PreparedStatement (open PreparedStatements: 1, globally: 1)
14:01:03.752 [main] DEBUG o.h.e.loading.CollectionLoadContext - 1 collections were found in result set for role: net.lojika.gtfs.model.Routes.routesCdkidCollection
14:01:03.752 [main] DEBUG o.h.e.loading.CollectionLoadContext - collection fully initialized: [net.lojika.gtfs.model.Routes.routesCdkidCollection#istb.280519]
14:01:03.752 [main] DEBUG o.h.e.loading.CollectionLoadContext - 1 collections initialized for role: net.lojika.gtfs.model.Routes.routesCdkidCollection
14:01:03.752 [main] DEBUG org.hibernate.loader.Loader - done loading collection
14:01:03.752 [main] DEBUG org.hibernate.loader.Loader - loading collection: [net.lojika.gtfs.model.Routes.routesCdkidCollection#istb.280520]
14:01:03.752 [main] DEBUG org.hibernate.jdbc.AbstractBatcher - about to open PreparedStatement (open PreparedStatements: 0, globally: 0)
14:01:03.752 [main] DEBUG org.hibernate.SQL - select routescdki0_.route_id as route2_2_1_, routescdki0_.route_cdk_id as route1_1_, routescdki0_.route_cdk_id as route1_3_0_, routescdki0_.route_id as route2_3_0_ from public.routes_cdkid routescdki0_ where routescdki0_.route_id=?
Hibernate: select routescdki0_.route_id as route2_2_1_, routescdki0_.route_cdk_id as route1_1_, routescdki0_.route_cdk_id as route1_3_0_, routescdki0_.route_id as route2_3_0_ from public.routes_cdkid routescdki0_ where routescdki0_.route_id=?
14:01:03.753 [main] DEBUG org.hibernate.jdbc.AbstractBatcher - about to open ResultSet (open ResultSets: 0, globally: 0)
14:01:03.753 [main] DEBUG org.hibernate.loader.Loader - result set contains (possibly empty) collection: [net.lojika.gtfs.model.Routes.routesCdkidCollection#istb.280520]
14:01:03.753 [main] DEBUG org.hibernate.loader.Loader - result row: EntityKey[net.lojika.gtfs.model.RoutesCdkid#gtfs.line.1.399c-1]
14:01:03.753 [main] DEBUG org.hibernate.loader.Loader - found row of collection: [net.lojika.gtfs.model.Routes.routesCdkidCollection#istb.280520]
14:01:03.753 [main] DEBUG org.hibernate.loader.Loader - result row: EntityKey[net.lojika.gtfs.model.RoutesCdkid#gtfs.line.1.399c-0]
14:01:03.753 [main] DEBUG org.hibernate.loader.Loader - found row of collection: [net.lojika.gtfs.model.Routes.routesCdkidCollection#istb.280520]
14:01:03.753 [main] DEBUG org.hibernate.jdbc.AbstractBatcher - about to close ResultSet (open ResultSets: 1, globally: 1)
14:01:03.753 [main] DEBUG org.hibernate.jdbc.AbstractBatcher - about to close PreparedStatement (open PreparedStatements: 1, globally: 1)
14:01:03.753 [main] DEBUG o.h.e.loading.CollectionLoadContext - 1 collections were found in result set for role: net.lojika.gtfs.model.Routes.routesCdkidCollection
14:01:03.753 [main] DEBUG o.h.e.loading.CollectionLoadContext - collection fully initialized: [net.lojika.gtfs.model.Routes.routesCdkidCollection#istb.280520]
14:01:03.753 [main] DEBUG o.h.e.loading.CollectionLoadContext - 1 collections initialized for role: net.lojika.gtfs.model.Routes.routesCdkidCollection
14:01:03.753 [main] DEBUG org.hibernate.loader.Loader - done loading collection
14:01:03.753 [main] DEBUG org.hibernate.loader.Loader - loading collection: [net.lojika.gtfs.model.Routes.routesCdkidCollection#istb.280521]
14:01:03.753 [main] DEBUG org.hibernate.jdbc.AbstractBatcher - about to open PreparedStatement (open PreparedStatements: 0, globally: 0)
14:01:03.753 [main] DEBUG org.hibernate.SQL - select routescdki0_.route_id as route2_2_1_, routescdki0_.route_cdk_id as route1_1_, routescdki0_.route_cdk_id as route1_3_0_, routescdki0_.route_id as route2_3_0_ from public.routes_cdkid routescdki0_ where routescdki0_.route_id=?
Hibernate: select routescdki0_.route_id as route2_2_1_, routescdki0_.route_cdk_id as route1_1_, routescdki0_.route_cdk_id as route1_3_0_, routescdki0_.route_id as route2_3_0_ from public.routes_cdkid routescdki0_ where routescdki0_.route_id=?
14:01:03.754 [main] DEBUG org.hibernate.jdbc.AbstractBatcher - about to open ResultSet (open ResultSets: 0, globally: 0)
14:01:03.754 [main] DEBUG org.hibernate.loader.Loader - result set contains (possibly empty) collection: [net.lojika.gtfs.model.Routes.routesCdkidCollection#istb.280521]
14:01:03.754 [main] DEBUG org.hibernate.loader.Loader - result row: EntityKey[net.lojika.gtfs.model.RoutesCdkid#gtfs.line.1.39b-1]
14:01:03.754 [main] DEBUG org.hibernate.loader.Loader - found row of collection: [net.lojika.gtfs.model.Routes.routesCdkidCollection#istb.280521]
14:01:03.754 [main] DEBUG org.hibernate.loader.Loader - result row: EntityKey[net.lojika.gtfs.model.RoutesCdkid#gtfs.line.1.39b-0]
14:01:03.754 [main] DEBUG org.hibernate.loader.Loader - found row of collection: [net.lojika.gtfs.model.Routes.routesCdkidCollection#istb.280521]
14:01:03.754 [main] DEBUG org.hibernate.jdbc.AbstractBatcher - about to close ResultSet (open ResultSets: 1, globally: 1)
14:01:03.754 [main] DEBUG org.hibernate.jdbc.AbstractBatcher - about to close PreparedStatement (open PreparedStatements: 1, globally: 1)
14:01:03.754 [main] DEBUG o.h.e.loading.CollectionLoadContext - 1 collections were found in result set for role: net.lojika.gtfs.model.Routes.routesCdkidCollection
14:01:03.754 [main] DEBUG o.h.e.loading.CollectionLoadContext - collection fully initialized: [net.lojika.gtfs.model.Routes.routesCdkidCollection#istb.280521]
14:01:03.754 [main] DEBUG o.h.e.loading.CollectionLoadContext - 1 collections initialized for role: net.lojika.gtfs.model.Routes.routesCdkidCollection
14:01:03.755 [main] DEBUG org.hibernate.loader.Loader - done loading collection
14:01:03.755 [main] DEBUG org.hibernate.loader.Loader - loading collection: [net.lojika.gtfs.model.Routes.routesCdkidCollection#istb.280522]
14:01:03.755 [main] DEBUG org.hibernate.jdbc.AbstractBatcher - about to open PreparedStatement (open PreparedStatements: 0, globally: 0)
14:01:03.755 [main] DEBUG org.hibernate.SQL - select routescdki0_.route_id as route2_2_1_, routescdki0_.route_cdk_id as route1_1_, routescdki0_.route_cdk_id as route1_3_0_, routescdki0_.route_id as route2_3_0_ from public.routes_cdkid routescdki0_ where routescdki0_.route_id=?
Hibernate: select routescdki0_.route_id as route2_2_1_, routescdki0_.route_cdk_id as route1_1_, routescdki0_.route_cdk_id as route1_3_0_, routescdki0_.route_id as route2_3_0_ from public.routes_cdkid routescdki0_ where routescdki0_.route_id=?
14:01:03.755 [main] DEBUG org.hibernate.jdbc.AbstractBatcher - about to open ResultSet (open ResultSets: 0, globally: 0)
14:01:03.755 [main] DEBUG org.hibernate.loader.Loader - result set contains (possibly empty) collection: [net.lojika.gtfs.model.Routes.routesCdkidCollection#istb.280522]
14:01:03.755 [main] DEBUG org.hibernate.loader.Loader - result row: EntityKey[net.lojika.gtfs.model.RoutesCdkid#gtfs.line.1.39d-1]
14:01:03.755 [main] DEBUG org.hibernate.loader.Loader - found row of collection: [net.lojika.gtfs.model.Routes.routesCdkidCollection#istb.280522]
14:01:03.755 [main] DEBUG org.hibernate.loader.Loader - result row: EntityKey[net.lojika.gtfs.model.RoutesCdkid#gtfs.line.1.39d-0]
14:01:03.755 [main] DEBUG org.hibernate.loader.Loader - found row of collection: [net.lojika.gtfs.model.Routes.routesCdkidCollection#istb.280522]
14:01:03.756 [main] DEBUG org.hibernate.jdbc.AbstractBatcher - about to close ResultSet (open ResultSets: 1, globally: 1)
14:01:03.756 [main] DEBUG org.hibernate.jdbc.AbstractBatcher - about to close PreparedStatement (open PreparedStatements: 1, globally: 1)
14:01:03.756 [main] DEBUG o.h.e.loading.CollectionLoadContext - 1 collections were found in result set for role: net.lojika.gtfs.model.Routes.routesCdkidCollection
14:01:03.756 [main] DEBUG o.h.e.loading.CollectionLoadContext - collection fully initialized: [net.lojika.gtfs.model.Routes.routesCdkidCollection#istb.280522]
14:01:03.756 [main] DEBUG o.h.e.loading.CollectionLoadContext - 1 collections initialized for role: net.lojika.gtfs.model.Routes.routesCdkidCollection
14:01:03.756 [main] DEBUG org.hibernate.loader.Loader - done loading collection
14:01:03.756 [main] DEBUG org.hibernate.loader.Loader - loading collection: [net.lojika.gtfs.model.Routes.routesCdkidCollection#istb.280523]
14:01:03.756 [main] DEBUG org.hibernate.jdbc.AbstractBatcher - about to open PreparedStatement (open PreparedStatements: 0, globally: 0)
14:01:03.756 [main] DEBUG org.hibernate.SQL - select routescdki0_.route_id as route2_2_1_, routescdki0_.route_cdk_id as route1_1_, routescdki0_.route_cdk_id as route1_3_0_, routescdki0_.route_id as route2_3_0_ from public.routes_cdkid routescdki0_ where routescdki0_.route_id=?
Hibernate: select routescdki0_.route_id as route2_2_1_, routescdki0_.route_cdk_id as route1_1_, routescdki0_.route_cdk_id as route1_3_0_, routescdki0_.route_id as route2_3_0_ from public.routes_cdkid routescdki0_ where routescdki0_.route_id=?
14:01:03.756 [main] DEBUG org.hibernate.jdbc.AbstractBatcher - about to open ResultSet (open ResultSets: 0, globally: 0)
14:01:03.756 [main] DEBUG org.hibernate.loader.Loader - result set contains (possibly empty) collection: [net.lojika.gtfs.model.Routes.routesCdkidCollection#istb.280523]
14:01:03.757 [main] DEBUG org.hibernate.loader.Loader - result row: EntityKey[net.lojika.gtfs.model.RoutesCdkid#gtfs.line.1.39o-1]
14:01:03.757 [main] DEBUG org.hibernate.loader.Loader - found row of collection: [net.lojika.gtfs.model.Routes.routesCdkidCollection#istb.280523]
14:01:03.757 [main] DEBUG org.hibernate.loader.Loader - result row: EntityKey[net.lojika.gtfs.model.RoutesCdkid#gtfs.line.1.39o-0]
14:01:03.757 [main] DEBUG org.hibernate.loader.Loader - found row of collection: [net.lojika.gtfs.model.Routes.routesCdkidCollection#istb.280523]
14:01:03.757 [main] DEBUG org.hibernate.jdbc.AbstractBatcher - about to close ResultSet (open ResultSets: 1, globally: 1)
14:01:03.757 [main] DEBUG org.hibernate.jdbc.AbstractBatcher - about to close PreparedStatement (open PreparedStatements: 1, globally: 1)
14:01:03.757 [main] DEBUG o.h.e.loading.CollectionLoadContext - 1 collections were found in result set for role: net.lojika.gtfs.model.Routes.routesCdkidCollection
14:01:03.757 [main] DEBUG o.h.e.loading.CollectionLoadContext - collection fully initialized: [net.lojika.gtfs.model.Routes.routesCdkidCollection#istb.280523]
14:01:03.757 [main] DEBUG o.h.e.loading.CollectionLoadContext - 1 collections initialized for role: net.lojika.gtfs.model.Routes.routesCdkidCollection
14:01:03.757 [main] DEBUG org.hibernate.loader.Loader - done loading collection
14:01:03.757 [main] DEBUG org.hibernate.loader.Loader - loading collection: [net.lojika.gtfs.model.Routes.routesCdkidCollection#istb.280524]
14:01:03.757 [main] DEBUG org.hibernate.jdbc.AbstractBatcher - about to open PreparedStatement (open PreparedStatements: 0, globally: 0)
14:01:03.757 [main] DEBUG org.hibernate.SQL - select routescdki0_.route_id as route2_2_1_, routescdki0_.route_cdk_id as route1_1_, routescdki0_.route_cdk_id as route1_3_0_, routescdki0_.route_id as route2_3_0_ from public.routes_cdkid routescdki0_ where routescdki0_.route_id=?
Hibernate: select routescdki0_.route_id as route2_2_1_, routescdki0_.route_cdk_id as route1_1_, routescdki0_.route_cdk_id as route1_3_0_, routescdki0_.route_id as route2_3_0_ from public.routes_cdkid routescdki0_ where routescdki0_.route_id=?
14:01:03.758 [main] DEBUG org.hibernate.jdbc.AbstractBatcher - about to open ResultSet (open ResultSets: 0, globally: 0)
14:01:03.758 [main] DEBUG org.hibernate.loader.Loader - result set contains (possibly empty) collection: [net.lojika.gtfs.model.Routes.routesCdkidCollection#istb.280524]
14:01:03.758 [main] DEBUG org.hibernate.loader.Loader - result row: EntityKey[net.lojika.gtfs.model.RoutesCdkid#gtfs.line.1.39y-1]
14:01:03.758 [main] DEBUG org.hibernate.loader.Loader - found row of collection: [net.lojika.gtfs.model.Routes.routesCdkidCollection#istb.280524]
14:01:03.758 [main] DEBUG org.hibernate.loader.Loader - result row: EntityKey[net.lojika.gtfs.model.RoutesCdkid#gtfs.line.1.39y-0]
14:01:03.758 [main] DEBUG org.hibernate.loader.Loader - found row of collection: [net.lojika.gtfs.model.Routes.routesCdkidCollection#istb.280524]
14:01:03.758 [main] DEBUG org.hibernate.jdbc.AbstractBatcher - about to close ResultSet (open ResultSets: 1, globally: 1)
14:01:03.758 [main] DEBUG org.hibernate.jdbc.AbstractBatcher - about to close PreparedStatement (open PreparedStatements: 1, globally: 1)
14:01:03.758 [main] DEBUG o.h.e.loading.CollectionLoadContext - 1 collections were found in result set for role: net.lojika.gtfs.model.Routes.routesCdkidCollection
14:01:03.758 [main] DEBUG o.h.e.loading.CollectionLoadContext - collection fully initialized: [net.lojika.gtfs.model.Routes.routesCdkidCollection#istb.280524]
14:01:03.758 [main] DEBUG o.h.e.loading.CollectionLoadContext - 1 collections initialized for role: net.lojika.gtfs.model.Routes.routesCdkidCollection
14:01:03.758 [main] DEBUG org.hibernate.loader.Loader - done loading collection
14:01:03.758 [main] DEBUG org.hibernate.loader.Loader - loading collection: [net.lojika.gtfs.model.Routes.routesCdkidCollection#istb.280525]
14:01:03.758 [main] DEBUG org.hibernate.jdbc.AbstractBatcher - about to open PreparedStatement (open PreparedStatements: 0, globally: 0)
14:01:03.758 [main] DEBUG org.hibernate.SQL - select routescdki0_.route_id as route2_2_1_, routescdki0_.route_cdk_id as route1_1_, routescdki0_.route_cdk_id as route1_3_0_, routescdki0_.route_id as route2_3_0_ from public.routes_cdkid routescdki0_ where routescdki0_.route_id=?
Hibernate: select routescdki0_.route_id as route2_2_1_, routescdki0_.route_cdk_id as route1_1_, routescdki0_.route_cdk_id as route1_3_0_, routescdki0_.route_id as route2_3_0_ from public.routes_cdkid routescdki0_ where routescdki0_.route_id=?
14:01:03.759 [main] DEBUG org.hibernate.jdbc.AbstractBatcher - about to open ResultSet (open ResultSets: 0, globally: 0)
14:01:03.759 [main] DEBUG org.hibernate.loader.Loader - result set contains (possibly empty) collection: [net.lojika.gtfs.model.Routes.routesCdkidCollection#istb.280525]
14:01:03.759 [main] DEBUG org.hibernate.loader.Loader - result row: EntityKey[net.lojika.gtfs.model.RoutesCdkid#gtfs.line.1.39-1]
14:01:03.759 [main] DEBUG org.hibernate.loader.Loader - found row of collection: [net.lojika.gtfs.model.Routes.routesCdkidCollection#istb.280525]
14:01:03.759 [main] DEBUG org.hibernate.loader.Loader - result row: EntityKey[net.lojika.gtfs.model.RoutesCdkid#gtfs.line.1.39-0]
14:01:03.759 [main] DEBUG org.hibernate.loader.Loader - found row of collection: [net.lojika.gtfs.model.Routes.routesCdkidCollection#istb.280525]
14:01:03.759 [main] DEBUG org.hibernate.jdbc.AbstractBatcher - about to close ResultSet (open ResultSets: 1, globally: 1)
14:01:03.759 [main] DEBUG org.hibernate.jdbc.AbstractBatcher - about to close PreparedStatement (open PreparedStatements: 1, globally: 1)
14:01:03.759 [main] DEBUG o.h.e.loading.CollectionLoadContext - 1 collections were found in result set for role: net.lojika.gtfs.model.Routes.routesCdkidCollection
14:01:03.759 [main] DEBUG o.h.e.loading.CollectionLoadContext - collection fully initialized: [net.lojika.gtfs.model.Routes.routesCdkidCollection#istb.280525]
14:01:03.759 [main] DEBUG o.h.e.loading.CollectionLoadContext - 1 collections initialized for role: net.lojika.gtfs.model.Routes.routesCdkidCollection
14:01:03.759 [main] DEBUG org.hibernate.loader.Loader - done loading collection
14:01:03.759 [main] DEBUG org.hibernate.loader.Loader - loading collection: [net.lojika.gtfs.model.Routes.routesCdkidCollection#istb.280526]
14:01:03.759 [main] DEBUG org.hibernate.jdbc.AbstractBatcher - about to open PreparedStatement (open PreparedStatements: 0, globally: 0)
14:01:03.759 [main] DEBUG org.hibernate.SQL - select routescdki0_.route_id as route2_2_1_, routescdki0_.route_cdk_id as route1_1_, routescdki0_.route_cdk_id as route1_3_0_, routescdki0_.route_id as route2_3_0_ from public.routes_cdkid routescdki0_ where routescdki0_.route_id=?
Hibernate: select routescdki0_.route_id as route2_2_1_, routescdki0_.route_cdk_id as route1_1_, routescdki0_.route_cdk_id as route1_3_0_, routescdki0_.route_id as route2_3_0_ from public.routes_cdkid routescdki0_ where routescdki0_.route_id=?
14:01:03.759 [main] DEBUG org.hibernate.jdbc.AbstractBatcher - about to open ResultSet (open ResultSets: 0, globally: 0)
14:01:03.759 [main] DEBUG org.hibernate.loader.Loader - result set contains (possibly empty) collection: [net.lojika.gtfs.model.Routes.routesCdkidCollection#istb.280526]
14:01:03.759 [main] DEBUG org.hibernate.loader.Loader - result row: EntityKey[net.lojika.gtfs.model.RoutesCdkid#gtfs.line.1.3a-0]
14:01:03.760 [main] DEBUG org.hibernate.loader.Loader - found row of collection: [net.lojika.gtfs.model.Routes.routesCdkidCollection#istb.280526]
14:01:03.760 [main] DEBUG org.hibernate.jdbc.AbstractBatcher - about to close ResultSet (open ResultSets: 1, globally: 1)
14:01:03.760 [main] DEBUG org.hibernate.jdbc.AbstractBatcher - about to close PreparedStatement (open PreparedStatements: 1, globally: 1)
14:01:03.760 [main] DEBUG o.h.e.loading.CollectionLoadContext - 1 collections were found in result set for role: net.lojika.gtfs.model.Routes.routesCdkidCollection
14:01:03.760 [main] DEBUG o.h.e.loading.CollectionLoadContext - collection fully initialized: [net.lojika.gtfs.model.Routes.routesCdkidCollection#istb.280526]
14:01:03.760 [main] DEBUG o.h.e.loading.CollectionLoadContext - 1 collections initialized for role: net.lojika.gtfs.model.Routes.routesCdkidCollection
14:01:03.760 [main] DEBUG org.hibernate.loader.Loader - done loading collection
14:01:03.760 [main] DEBUG org.hibernate.loader.Loader - loading collection: [net.lojika.gtfs.model.Routes.routesCdkidCollection#istb.280527]
14:01:03.760 [main] DEBUG org.hibernate.jdbc.AbstractBatcher - about to open PreparedStatement (open PreparedStatements: 0, globally: 0)
14:01:03.760 [main] DEBUG org.hibernate.SQL - select routescdki0_.route_id as route2_2_1_, routescdki0_.route_cdk_id as route1_1_, routescdki0_.route_cdk_id as route1_3_0_, routescdki0_.route_id as route2_3_0_ from public.routes_cdkid routescdki0_ where routescdki0_.route_id=?
Hibernate: select routescdki0_.route_id as route2_2_1_, routescdki0_.route_cdk_id as route1_1_, routescdki0_.route_cdk_id as route1_3_0_, routescdki0_.route_id as route2_3_0_ from public.routes_cdkid routescdki0_ where routescdki0_.route_id=?
14:01:03.760 [main] DEBUG org.hibernate.jdbc.AbstractBatcher - about to open ResultSet (open ResultSets: 0, globally: 0)
14:01:03.760 [main] DEBUG org.hibernate.loader.Loader - result set contains (possibly empty) collection: [net.lojika.gtfs.model.Routes.routesCdkidCollection#istb.280527]
14:01:03.761 [main] DEBUG org.hibernate.loader.Loader - result row: EntityKey[net.lojika.gtfs.model.RoutesCdkid#gtfs.line.1.3b-0]
14:01:03.761 [main] DEBUG org.hibernate.loader.Loader - found row of collection: [net.lojika.gtfs.model.Routes.routesCdkidCollection#istb.280527]
14:01:03.761 [main] DEBUG org.hibernate.jdbc.AbstractBatcher - about to close ResultSet (open ResultSets: 1, globally: 1)
14:01:03.761 [main] DEBUG org.hibernate.jdbc.AbstractBatcher - about to close PreparedStatement (open PreparedStatements: 1, globally: 1)
14:01:03.761 [main] DEBUG o.h.e.loading.CollectionLoadContext - 1 collections were found in result set for role: net.lojika.gtfs.model.Routes.routesCdkidCollection
14:01:03.761 [main] DEBUG o.h.e.loading.CollectionLoadContext - collection fully initialized: [net.lojika.gtfs.model.Routes.routesCdkidCollection#istb.280527]
14:01:03.761 [main] DEBUG o.h.e.loading.CollectionLoadContext - 1 collections initialized for role: net.lojika.gtfs.model.Routes.routesCdkidCollection
14:01:03.761 [main] DEBUG org.hibernate.loader.Loader - done loading collection
14:01:03.761 [main] DEBUG org.hibernate.loader.Loader - loading collection: [net.lojika.gtfs.model.Routes.routesCdkidCollection#istb.280528]
14:01:03.761 [main] DEBUG org.hibernate.jdbc.AbstractBatcher - about to open PreparedStatement (open PreparedStatements: 0, globally: 0)
14:01:03.761 [main] DEBUG org.hibernate.SQL - select routescdki0_.route_id as route2_2_1_, routescdki0_.route_cdk_id as route1_1_, routescdki0_.route_cdk_id as route1_3_0_, routescdki0_.route_id as route2_3_0_ from public.routes_cdkid routescdki0_ where routescdki0_.route_id=?
Hibernate: select routescdki0_.route_id as route2_2_1_, routescdki0_.route_cdk_id as route1_1_, routescdki0_.route_cdk_id as route1_3_0_, routescdki0_.route_id as route2_3_0_ from public.routes_cdkid routescdki0_ where routescdki0_.route_id=?
14:01:03.762 [main] DEBUG org.hibernate.jdbc.AbstractBatcher - about to open ResultSet (open ResultSets: 0, globally: 0)
14:01:03.762 [main] DEBUG org.hibernate.loader.Loader - result set contains (possibly empty) collection: [net.lojika.gtfs.model.Routes.routesCdkidCollection#istb.280528]
14:01:03.762 [main] DEBUG org.hibernate.loader.Loader - result row: EntityKey[net.lojika.gtfs.model.RoutesCdkid#gtfs.line.1.4-0]
14:01:03.762 [main] DEBUG org.hibernate.loader.Loader - found row of collection: [net.lojika.gtfs.model.Routes.routesCdkidCollection#istb.280528]
14:01:03.762 [main] DEBUG org.hibernate.jdbc.AbstractBatcher - about to close ResultSet (open ResultSets: 1, globally: 1)
14:01:03.762 [main] DEBUG org.hibernate.jdbc.AbstractBatcher - about to close PreparedStatement (open PreparedStatements: 1, globally: 1)
14:01:03.762 [main] DEBUG o.h.e.loading.CollectionLoadContext - 1 collections were found in result set for role: net.lojika.gtfs.model.Routes.routesCdkidCollection
14:01:03.762 [main] DEBUG o.h.e.loading.CollectionLoadContext - collection fully initialized: [net.lojika.gtfs.model.Routes.routesCdkidCollection#istb.280528]
14:01:03.762 [main] DEBUG o.h.e.loading.CollectionLoadContext - 1 collections initialized for role: net.lojika.gtfs.model.Routes.routesCdkidCollection
14:01:03.762 [main] DEBUG org.hibernate.loader.Loader - done loading collection
14:01:03.762 [main] DEBUG org.hibernate.loader.Loader - loading collection: [net.lojika.gtfs.model.Routes.routesCdkidCollection#istb.280529]
14:01:03.762 [main] DEBUG org.hibernate.jdbc.AbstractBatcher - about to open PreparedStatement (open PreparedStatements: 0, globally: 0)
14:01:03.762 [main] DEBUG org.hibernate.SQL - select routescdki0_.route_id as route2_2_1_, routescdki0_.route_cdk_id as route1_1_, routescdki0_.route_cdk_id as route1_3_0_, routescdki0_.route_id as route2_3_0_ from public.routes_cdkid routescdki0_ where routescdki0_.route_id=?
Hibernate: select routescdki0_.route_id as route2_2_1_, routescdki0_.route_cdk_id as route1_1_, routescdki0_.route_cdk_id as route1_3_0_, routescdki0_.route_id as route2_3_0_ from public.routes_cdkid routescdki0_ where routescdki0_.route_id=?
14:01:03.763 [main] DEBUG org.hibernate.jdbc.AbstractBatcher - about to open ResultSet (open ResultSets: 0, globally: 0)
14:01:03.763 [main] DEBUG org.hibernate.loader.Loader - result set contains (possibly empty) collection: [net.lojika.gtfs.model.Routes.routesCdkidCollection#istb.280529]
14:01:03.763 [main] DEBUG org.hibernate.loader.Loader - result row: EntityKey[net.lojika.gtfs.model.RoutesCdkid#gtfs.line.1.40-1]
14:01:03.763 [main] DEBUG org.hibernate.loader.Loader - found row of collection: [net.lojika.gtfs.model.Routes.routesCdkidCollection#istb.280529]
14:01:03.763 [main] DEBUG org.hibernate.loader.Loader - result row: EntityKey[net.lojika.gtfs.model.RoutesCdkid#gtfs.line.1.40-0]
14:01:03.763 [main] DEBUG org.hibernate.loader.Loader - found row of collection: [net.lojika.gtfs.model.Routes.routesCdkidCollection#istb.280529]
14:01:03.763 [main] DEBUG org.hibernate.jdbc.AbstractBatcher - about to close ResultSet (open ResultSets: 1, globally: 1)
14:01:03.763 [main] DEBUG org.hibernate.jdbc.AbstractBatcher - about to close PreparedStatement (open PreparedStatements: 1, globally: 1)
14:01:03.763 [main] DEBUG o.h.e.loading.CollectionLoadContext - 1 collections were found in result set for role: net.lojika.gtfs.model.Routes.routesCdkidCollection
14:01:03.763 [main] DEBUG o.h.e.loading.CollectionLoadContext - collection fully initialized: [net.lojika.gtfs.model.Routes.routesCdkidCollection#istb.280529]
14:01:03.763 [main] DEBUG o.h.e.loading.CollectionLoadContext - 1 collections initialized for role: net.lojika.gtfs.model.Routes.routesCdkidCollection
14:01:03.763 [main] DEBUG org.hibernate.loader.Loader - done loading collection
14:01:03.763 [main] DEBUG org.hibernate.loader.Loader - loading collection: [net.lojika.gtfs.model.Routes.routesCdkidCollection#istb.280530]
14:01:03.763 [main] DEBUG org.hibernate.jdbc.AbstractBatcher - about to open PreparedStatement (open PreparedStatements: 0, globally: 0)
14:01:03.763 [main] DEBUG org.hibernate.SQL - select routescdki0_.route_id as route2_2_1_, routescdki0_.route_cdk_id as route1_1_, routescdki0_.route_cdk_id as route1_3_0_, routescdki0_.route_id as route2_3_0_ from public.routes_cdkid routescdki0_ where routescdki0_.route_id=?
Hibernate: select routescdki0_.route_id as route2_2_1_, routescdki0_.route_cdk_id as route1_1_, routescdki0_.route_cdk_id as route1_3_0_, routescdki0_.route_id as route2_3_0_ from public.routes_cdkid routescdki0_ where routescdki0_.route_id=?
14:01:03.764 [main] DEBUG org.hibernate.jdbc.AbstractBatcher - about to open ResultSet (open ResultSets: 0, globally: 0)
14:01:03.764 [main] DEBUG org.hibernate.loader.Loader - result set contains (possibly empty) collection: [net.lojika.gtfs.model.Routes.routesCdkidCollection#istb.280530]
14:01:03.764 [main] DEBUG org.hibernate.loader.Loader - result row: EntityKey[net.lojika.gtfs.model.RoutesCdkid#gtfs.line.1.400-0]
14:01:03.764 [main] DEBUG org.hibernate.loader.Loader - found row of collection: [net.lojika.gtfs.model.Routes.routesCdkidCollection#istb.280530]
14:01:03.765 [main] DEBUG org.hibernate.jdbc.AbstractBatcher - about to close ResultSet (open ResultSets: 1, globally: 1)
14:01:03.765 [main] DEBUG org.hibernate.jdbc.AbstractBatcher - about to close PreparedStatement (open PreparedStatements: 1, globally: 1)
14:01:03.765 [main] DEBUG o.h.e.loading.CollectionLoadContext - 1 collections were found in result set for role: net.lojika.gtfs.model.Routes.routesCdkidCollection
14:01:03.765 [main] DEBUG o.h.e.loading.CollectionLoadContext - collection fully initialized: [net.lojika.gtfs.model.Routes.routesCdkidCollection#istb.280530]
14:01:03.765 [main] DEBUG o.h.e.loading.CollectionLoadContext - 1 collections initialized for role: net.lojika.gtfs.model.Routes.routesCdkidCollection
14:01:03.765 [main] DEBUG org.hibernate.loader.Loader - done loading collection
14:01:03.765 [main] DEBUG org.hibernate.loader.Loader - loading collection: [net.lojika.gtfs.model.Routes.routesCdkidCollection#istb.280531]
14:01:03.765 [main] DEBUG org.hibernate.jdbc.AbstractBatcher - about to open PreparedStatement (open PreparedStatements: 0, globally: 0)
14:01:03.765 [main] DEBUG org.hibernate.SQL - select routescdki0_.route_id as route2_2_1_, routescdki0_.route_cdk_id as route1_1_, routescdki0_.route_cdk_id as route1_3_0_, routescdki0_.route_id as route2_3_0_ from public.routes_cdkid routescdki0_ where routescdki0_.route_id=?
Hibernate: select routescdki0_.route_id as route2_2_1_, routescdki0_.route_cdk_id as route1_1_, routescdki0_.route_cdk_id as route1_3_0_, routescdki0_.route_id as route2_3_0_ from public.routes_cdkid routescdki0_ where routescdki0_.route_id=?
14:01:03.765 [main] DEBUG org.hibernate.jdbc.AbstractBatcher - about to open ResultSet (open ResultSets: 0, globally: 0)
14:01:03.765 [main] DEBUG org.hibernate.loader.Loader - result set contains (possibly empty) collection: [net.lojika.gtfs.model.Routes.routesCdkidCollection#istb.280531]
14:01:03.766 [main] DEBUG org.hibernate.loader.Loader - result row: EntityKey[net.lojika.gtfs.model.RoutesCdkid#gtfs.line.1.400a-1]
14:01:03.766 [main] DEBUG org.hibernate.loader.Loader - found row of collection: [net.lojika.gtfs.model.Routes.routesCdkidCollection#istb.280531]
14:01:03.766 [main] DEBUG org.hibernate.loader.Loader - result row: EntityKey[net.lojika.gtfs.model.RoutesCdkid#gtfs.line.1.400a-0]
14:01:03.766 [main] DEBUG org.hibernate.loader.Loader - found row of collection: [net.lojika.gtfs.model.Routes.routesCdkidCollection#istb.280531]
14:01:03.766 [main] DEBUG org.hibernate.jdbc.AbstractBatcher - about to close ResultSet (open ResultSets: 1, globally: 1)
14:01:03.766 [main] DEBUG org.hibernate.jdbc.AbstractBatcher - about to close PreparedStatement (open PreparedStatements: 1, globally: 1)
14:01:03.766 [main] DEBUG o.h.e.loading.CollectionLoadContext - 1 collections were found in result set for role: net.lojika.gtfs.model.Routes.routesCdkidCollection
14:01:03.767 [main] DEBUG o.h.e.loading.CollectionLoadContext - collection fully initialized: [net.lojika.gtfs.model.Routes.routesCdkidCollection#istb.280531]
14:01:03.767 [main] DEBUG o.h.e.loading.CollectionLoadContext - 1 collections initialized for role: net.lojika.gtfs.model.Routes.routesCdkidCollection
14:01:03.767 [main] DEBUG org.hibernate.loader.Loader - done loading collection
14:01:03.767 [main] DEBUG org.hibernate.loader.Loader - loading collection: [net.lojika.gtfs.model.Routes.routesCdkidCollection#istb.280532]
14:01:03.767 [main] DEBUG org.hibernate.jdbc.AbstractBatcher - about to open PreparedStatement (open PreparedStatements: 0, globally: 0)
14:01:03.767 [main] DEBUG org.hibernate.SQL - select routescdki0_.route_id as route2_2_1_, routescdki0_.route_cdk_id as route1_1_, routescdki0_.route_cdk_id as route1_3_0_, routescdki0_.route_id as route2_3_0_ from public.routes_cdkid routescdki0_ where routescdki0_.route_id=?
Hibernate: select routescdki0_.route_id as route2_2_1_, routescdki0_.route_cdk_id as route1_1_, routescdki0_.route_cdk_id as route1_3_0_, routescdki0_.route_id as route2_3_0_ from public.routes_cdkid routescdki0_ where routescdki0_.route_id=?
14:01:03.768 [main] DEBUG org.hibernate.jdbc.AbstractBatcher - about to open ResultSet (open ResultSets: 0, globally: 0)
14:01:03.768 [main] DEBUG org.hibernate.loader.Loader - result set contains (possibly empty) collection: [net.lojika.gtfs.model.Routes.routesCdkidCollection#istb.280532]
14:01:03.768 [main] DEBUG org.hibernate.loader.Loader - result row: EntityKey[net.lojika.gtfs.model.RoutesCdkid#gtfs.line.1.401-1]
14:01:03.768 [main] DEBUG org.hibernate.loader.Loader - found row of collection: [net.lojika.gtfs.model.Routes.routesCdkidCollection#istb.280532]
14:01:03.768 [main] DEBUG org.hibernate.loader.Loader - result row: EntityKey[net.lojika.gtfs.model.RoutesCdkid#gtfs.line.1.401-0]
14:01:03.768 [main] DEBUG org.hibernate.loader.Loader - found row of collection: [net.lojika.gtfs.model.Routes.routesCdkidCollection#istb.280532]
14:01:03.768 [main] DEBUG org.hibernate.jdbc.AbstractBatcher - about to close ResultSet (open ResultSets: 1, globally: 1)
14:01:03.768 [main] DEBUG org.hibernate.jdbc.AbstractBatcher - about to close PreparedStatement (open PreparedStatements: 1, globally: 1)
14:01:03.768 [main] DEBUG o.h.e.loading.CollectionLoadContext - 1 collections were found in result set for role: net.lojika.gtfs.model.Routes.routesCdkidCollection
14:01:03.768 [main] DEBUG o.h.e.loading.CollectionLoadContext - collection fully initialized: [net.lojika.gtfs.model.Routes.routesCdkidCollection#istb.280532]
14:01:03.768 [main] DEBUG o.h.e.loading.CollectionLoadContext - 1 collections initialized for role: net.lojika.gtfs.model.Routes.routesCdkidCollection
14:01:03.768 [main] DEBUG org.hibernate.loader.Loader - done loading collection
14:01:03.768 [main] DEBUG org.hibernate.loader.Loader - loading collection: [net.lojika.gtfs.model.Routes.routesCdkidCollection#istb.280533]
14:01:03.768 [main] DEBUG org.hibernate.jdbc.AbstractBatcher - about to open PreparedStatement (open PreparedStatements: 0, globally: 0)
14:01:03.769 [main] DEBUG org.hibernate.SQL - select routescdki0_.route_id as route2_2_1_, routescdki0_.route_cdk_id as route1_1_, routescdki0_.route_cdk_id as route1_3_0_, routescdki0_.route_id as route2_3_0_ from public.routes_cdkid routescdki0_ where routescdki0_.route_id=?
Hibernate: select routescdki0_.route_id as route2_2_1_, routescdki0_.route_cdk_id as route1_1_, routescdki0_.route_cdk_id as route1_3_0_, routescdki0_.route_id as route2_3_0_ from public.routes_cdkid routescdki0_ where routescdki0_.route_id=?
14:01:03.769 [main] DEBUG org.hibernate.jdbc.AbstractBatcher - about to open ResultSet (open ResultSets: 0, globally: 0)
14:01:03.769 [main] DEBUG org.hibernate.loader.Loader - result set contains (possibly empty) collection: [net.lojika.gtfs.model.Routes.routesCdkidCollection#istb.280533]
14:01:03.769 [main] DEBUG org.hibernate.loader.Loader - result row: EntityKey[net.lojika.gtfs.model.RoutesCdkid#gtfs.line.1.401t-1]
14:01:03.769 [main] DEBUG org.hibernate.loader.Loader - found row of collection: [net.lojika.gtfs.model.Routes.routesCdkidCollection#istb.280533]
14:01:03.769 [main] DEBUG org.hibernate.loader.Loader - result row: EntityKey[net.lojika.gtfs.model.RoutesCdkid#gtfs.line.1.401t-0]
14:01:03.769 [main] DEBUG org.hibernate.loader.Loader - found row of collection: [net.lojika.gtfs.model.Routes.routesCdkidCollection#istb.280533]
14:01:03.769 [main] DEBUG org.hibernate.jdbc.AbstractBatcher - about to close ResultSet (open ResultSets: 1, globally: 1)
14:01:03.769 [main] DEBUG org.hibernate.jdbc.AbstractBatcher - about to close PreparedStatement (open PreparedStatements: 1, globally: 1)
14:01:03.769 [main] DEBUG o.h.e.loading.CollectionLoadContext - 1 collections were found in result set for role: net.lojika.gtfs.model.Routes.routesCdkidCollection
14:01:03.769 [main] DEBUG o.h.e.loading.CollectionLoadContext - collection fully initialized: [net.lojika.gtfs.model.Routes.routesCdkidCollection#istb.280533]
14:01:03.769 [main] DEBUG o.h.e.loading.CollectionLoadContext - 1 collections initialized for role: net.lojika.gtfs.model.Routes.routesCdkidCollection
14:01:03.769 [main] DEBUG org.hibernate.loader.Loader - done loading collection
14:01:03.769 [main] DEBUG org.hibernate.loader.Loader - loading collection: [net.lojika.gtfs.model.Routes.routesCdkidCollection#istb.280534]
14:01:03.770 [main] DEBUG org.hibernate.jdbc.AbstractBatcher - about to open PreparedStatement (open PreparedStatements: 0, globally: 0)
14:01:03.770 [main] DEBUG org.hibernate.SQL - select routescdki0_.route_id as route2_2_1_, routescdki0_.route_cdk_id as route1_1_, routescdki0_.route_cdk_id as route1_3_0_, routescdki0_.route_id as route2_3_0_ from public.routes_cdkid routescdki0_ where routescdki0_.route_id=?
Hibernate: select routescdki0_.route_id as route2_2_1_, routescdki0_.route_cdk_id as route1_1_, routescdki0_.route_cdk_id as route1_3_0_, routescdki0_.route_id as route2_3_0_ from public.routes_cdkid routescdki0_ where routescdki0_.route_id=?
14:01:03.770 [main] DEBUG org.hibernate.jdbc.AbstractBatcher - about to open ResultSet (open ResultSets: 0, globally: 0)
14:01:03.770 [main] DEBUG org.hibernate.loader.Loader - result set contains (possibly empty) collection: [net.lojika.gtfs.model.Routes.routesCdkidCollection#istb.280534]
14:01:03.770 [main] DEBUG org.hibernate.loader.Loader - result row: EntityKey[net.lojika.gtfs.model.RoutesCdkid#gtfs.line.1.402-1]
14:01:03.770 [main] DEBUG org.hibernate.loader.Loader - found row of collection: [net.lojika.gtfs.model.Routes.routesCdkidCollection#istb.280534]
14:01:03.770 [main] DEBUG org.hibernate.loader.Loader - result row: EntityKey[net.lojika.gtfs.model.RoutesCdkid#gtfs.line.1.402-0]
14:01:03.770 [main] DEBUG org.hibernate.loader.Loader - found row of collection: [net.lojika.gtfs.model.Routes.routesCdkidCollection#istb.280534]
14:01:03.770 [main] DEBUG org.hibernate.jdbc.AbstractBatcher - about to close ResultSet (open ResultSets: 1, globally: 1)
14:01:03.770 [main] DEBUG org.hibernate.jdbc.AbstractBatcher - about to close PreparedStatement (open PreparedStatements: 1, globally: 1)
14:01:03.770 [main] DEBUG o.h.e.loading.CollectionLoadContext - 1 collections were found in result set for role: net.lojika.gtfs.model.Routes.routesCdkidCollection
14:01:03.770 [main] DEBUG o.h.e.loading.CollectionLoadContext - collection fully initialized: [net.lojika.gtfs.model.Routes.routesCdkidCollection#istb.280534]
14:01:03.770 [main] DEBUG o.h.e.loading.CollectionLoadContext - 1 collections initialized for role: net.lojika.gtfs.model.Routes.routesCdkidCollection
14:01:03.770 [main] DEBUG org.hibernate.loader.Loader - done loading collection
14:01:03.771 [main] DEBUG org.hibernate.loader.Loader - loading collection: [net.lojika.gtfs.model.Routes.routesCdkidCollection#istb.280535]
14:01:03.771 [main] DEBUG org.hibernate.jdbc.AbstractBatcher - about to open PreparedStatement (open PreparedStatements: 0, globally: 0)
14:01:03.771 [main] DEBUG org.hibernate.SQL - select routescdki0_.route_id as route2_2_1_, routescdki0_.route_cdk_id as route1_1_, routescdki0_.route_cdk_id as route1_3_0_, routescdki0_.route_id as route2_3_0_ from public.routes_cdkid routescdki0_ where routescdki0_.route_id=?
Hibernate: select routescdki0_.route_id as route2_2_1_, routescdki0_.route_cdk_id as route1_1_, routescdki0_.route_cdk_id as route1_3_0_, routescdki0_.route_id as route2_3_0_ from public.routes_cdkid routescdki0_ where routescdki0_.route_id=?
14:01:03.771 [main] DEBUG org.hibernate.jdbc.AbstractBatcher - about to open ResultSet (open ResultSets: 0, globally: 0)
14:01:03.771 [main] DEBUG org.hibernate.loader.Loader - result set contains (possibly empty) collection: [net.lojika.gtfs.model.Routes.routesCdkidCollection#istb.280535]
14:01:03.771 [main] DEBUG org.hibernate.loader.Loader - result row: EntityKey[net.lojika.gtfs.model.RoutesCdkid#gtfs.line.1.403-1]
14:01:03.771 [main] DEBUG org.hibernate.loader.Loader - found row of collection: [net.lojika.gtfs.model.Routes.routesCdkidCollection#istb.280535]
14:01:03.772 [main] DEBUG org.hibernate.loader.Loader - result row: EntityKey[net.lojika.gtfs.model.RoutesCdkid#gtfs.line.1.403-0]
14:01:03.772 [main] DEBUG org.hibernate.loader.Loader - found row of collection: [net.lojika.gtfs.model.Routes.routesCdkidCollection#istb.280535]
14:01:03.772 [main] DEBUG org.hibernate.jdbc.AbstractBatcher - about to close ResultSet (open ResultSets: 1, globally: 1)
14:01:03.772 [main] DEBUG org.hibernate.jdbc.AbstractBatcher - about to close PreparedStatement (open PreparedStatements: 1, globally: 1)
14:01:03.772 [main] DEBUG o.h.e.loading.CollectionLoadContext - 1 collections were found in result set for role: net.lojika.gtfs.model.Routes.routesCdkidCollection
14:01:03.772 [main] DEBUG o.h.e.loading.CollectionLoadContext - collection fully initialized: [net.lojika.gtfs.model.Routes.routesCdkidCollection#istb.280535]
14:01:03.772 [main] DEBUG o.h.e.loading.CollectionLoadContext - 1 collections initialized for role: net.lojika.gtfs.model.Routes.routesCdkidCollection
14:01:03.772 [main] DEBUG org.hibernate.loader.Loader - done loading collection
14:01:03.772 [main] DEBUG org.hibernate.loader.Loader - loading collection: [net.lojika.gtfs.model.Routes.routesCdkidCollection#istb.280536]
14:01:03.772 [main] DEBUG org.hibernate.jdbc.AbstractBatcher - about to open PreparedStatement (open PreparedStatements: 0, globally: 0)
14:01:03.772 [main] DEBUG org.hibernate.SQL - select routescdki0_.route_id as route2_2_1_, routescdki0_.route_cdk_id as route1_1_, routescdki0_.route_cdk_id as route1_3_0_, routescdki0_.route_id as route2_3_0_ from public.routes_cdkid routescdki0_ where routescdki0_.route_id=?
Hibernate: select routescdki0_.route_id as route2_2_1_, routescdki0_.route_cdk_id as route1_1_, routescdki0_.route_cdk_id as route1_3_0_, routescdki0_.route_id as route2_3_0_ from public.routes_cdkid routescdki0_ where routescdki0_.route_id=?
14:01:03.773 [main] DEBUG org.hibernate.jdbc.AbstractBatcher - about to open ResultSet (open ResultSets: 0, globally: 0)
14:01:03.773 [main] DEBUG org.hibernate.loader.Loader - result set contains (possibly empty) collection: [net.lojika.gtfs.model.Routes.routesCdkidCollection#istb.280536]
14:01:03.773 [main] DEBUG org.hibernate.loader.Loader - result row: EntityKey[net.lojika.gtfs.model.RoutesCdkid#gtfs.line.1.404-1]
14:01:03.773 [main] DEBUG org.hibernate.loader.Loader - found row of collection: [net.lojika.gtfs.model.Routes.routesCdkidCollection#istb.280536]
14:01:03.773 [main] DEBUG org.hibernate.loader.Loader - result row: EntityKey[net.lojika.gtfs.model.RoutesCdkid#gtfs.line.1.404-0]
14:01:03.773 [main] DEBUG org.hibernate.loader.Loader - found row of collection: [net.lojika.gtfs.model.Routes.routesCdkidCollection#istb.280536]
14:01:03.773 [main] DEBUG org.hibernate.jdbc.AbstractBatcher - about to close ResultSet (open ResultSets: 1, globally: 1)
14:01:03.773 [main] DEBUG org.hibernate.jdbc.AbstractBatcher - about to close PreparedStatement (open PreparedStatements: 1, globally: 1)
14:01:03.773 [main] DEBUG o.h.e.loading.CollectionLoadContext - 1 collections were found in result set for role: net.lojika.gtfs.model.Routes.routesCdkidCollection
14:01:03.773 [main] DEBUG o.h.e.loading.CollectionLoadContext - collection fully initialized: [net.lojika.gtfs.model.Routes.routesCdkidCollection#istb.280536]
14:01:03.773 [main] DEBUG o.h.e.loading.CollectionLoadContext - 1 collections initialized for role: net.lojika.gtfs.model.Routes.routesCdkidCollection
14:01:03.773 [main] DEBUG org.hibernate.loader.Loader - done loading collection
14:01:03.773 [main] DEBUG org.hibernate.loader.Loader - loading collection: [net.lojika.gtfs.model.Routes.routesCdkidCollection#istb.280537]
14:01:03.773 [main] DEBUG org.hibernate.jdbc.AbstractBatcher - about to open PreparedStatement (open PreparedStatements: 0, globally: 0)
14:01:03.773 [main] DEBUG org.hibernate.SQL - select routescdki0_.route_id as route2_2_1_, routescdki0_.route_cdk_id as route1_1_, routescdki0_.route_cdk_id as route1_3_0_, routescdki0_.route_id as route2_3_0_ from public.routes_cdkid routescdki0_ where routescdki0_.route_id=?
Hibernate: select routescdki0_.route_id as route2_2_1_, routescdki0_.route_cdk_id as route1_1_, routescdki0_.route_cdk_id as route1_3_0_, routescdki0_.route_id as route2_3_0_ from public.routes_cdkid routescdki0_ where routescdki0_.route_id=?
14:01:03.774 [main] DEBUG org.hibernate.jdbc.AbstractBatcher - about to open ResultSet (open ResultSets: 0, globally: 0)
14:01:03.774 [main] DEBUG org.hibernate.loader.Loader - result set contains (possibly empty) collection: [net.lojika.gtfs.model.Routes.routesCdkidCollection#istb.280537]
14:01:03.774 [main] DEBUG org.hibernate.loader.Loader - result row: EntityKey[net.lojika.gtfs.model.RoutesCdkid#gtfs.line.1.40b-1]
14:01:03.774 [main] DEBUG org.hibernate.loader.Loader - found row of collection: [net.lojika.gtfs.model.Routes.routesCdkidCollection#istb.280537]
14:01:03.774 [main] DEBUG org.hibernate.loader.Loader - result row: EntityKey[net.lojika.gtfs.model.RoutesCdkid#gtfs.line.1.40b-0]
14:01:03.774 [main] DEBUG org.hibernate.loader.Loader - found row of collection: [net.lojika.gtfs.model.Routes.routesCdkidCollection#istb.280537]
14:01:03.774 [main] DEBUG org.hibernate.jdbc.AbstractBatcher - about to close ResultSet (open ResultSets: 1, globally: 1)
14:01:03.774 [main] DEBUG org.hibernate.jdbc.AbstractBatcher - about to close PreparedStatement (open PreparedStatements: 1, globally: 1)
14:01:03.774 [main] DEBUG o.h.e.loading.CollectionLoadContext - 1 collections were found in result set for role: net.lojika.gtfs.model.Routes.routesCdkidCollection
14:01:03.774 [main] DEBUG o.h.e.loading.CollectionLoadContext - collection fully initialized: [net.lojika.gtfs.model.Routes.routesCdkidCollection#istb.280537]
14:01:03.774 [main] DEBUG o.h.e.loading.CollectionLoadContext - 1 collections initialized for role: net.lojika.gtfs.model.Routes.routesCdkidCollection
14:01:03.774 [main] DEBUG org.hibernate.loader.Loader - done loading collection
14:01:03.774 [main] DEBUG org.hibernate.loader.Loader - loading collection: [net.lojika.gtfs.model.Routes.routesCdkidCollection#istb.280538]
14:01:03.774 [main] DEBUG org.hibernate.jdbc.AbstractBatcher - about to open PreparedStatement (open PreparedStatements: 0, globally: 0)
14:01:03.774 [main] DEBUG org.hibernate.SQL - select routescdki0_.route_id as route2_2_1_, routescdki0_.route_cdk_id as route1_1_, routescdki0_.route_cdk_id as route1_3_0_, routescdki0_.route_id as route2_3_0_ from public.routes_cdkid routescdki0_ where routescdki0_.route_id=?
Hibernate: select routescdki0_.route_id as route2_2_1_, routescdki0_.route_cdk_id as route1_1_, routescdki0_.route_cdk_id as route1_3_0_, routescdki0_.route_id as route2_3_0_ from public.routes_cdkid routescdki0_ where routescdki0_.route_id=?
14:01:03.775 [main] DEBUG org.hibernate.jdbc.AbstractBatcher - about to open ResultSet (open ResultSets: 0, globally: 0)
14:01:03.775 [main] DEBUG org.hibernate.loader.Loader - result set contains (possibly empty) collection: [net.lojika.gtfs.model.Routes.routesCdkidCollection#istb.280538]
14:01:03.775 [main] DEBUG org.hibernate.loader.Loader - result row: EntityKey[net.lojika.gtfs.model.RoutesCdkid#gtfs.line.1.40t-1]
14:01:03.775 [main] DEBUG org.hibernate.loader.Loader - found row of collection: [net.lojika.gtfs.model.Routes.routesCdkidCollection#istb.280538]
14:01:03.775 [main] DEBUG org.hibernate.loader.Loader - result row: EntityKey[net.lojika.gtfs.model.RoutesCdkid#gtfs.line.1.40t-0]
14:01:03.775 [main] DEBUG org.hibernate.loader.Loader - found row of collection: [net.lojika.gtfs.model.Routes.routesCdkidCollection#istb.280538]
14:01:03.775 [main] DEBUG org.hibernate.jdbc.AbstractBatcher - about to close ResultSet (open ResultSets: 1, globally: 1)
14:01:03.775 [main] DEBUG org.hibernate.jdbc.AbstractBatcher - about to close PreparedStatement (open PreparedStatements: 1, globally: 1)
14:01:03.775 [main] DEBUG o.h.e.loading.CollectionLoadContext - 1 collections were found in result set for role: net.lojika.gtfs.model.Routes.routesCdkidCollection
14:01:03.775 [main] DEBUG o.h.e.loading.CollectionLoadContext - collection fully initialized: [net.lojika.gtfs.model.Routes.routesCdkidCollection#istb.280538]
14:01:03.775 [main] DEBUG o.h.e.loading.CollectionLoadContext - 1 collections initialized for role: net.lojika.gtfs.model.Routes.routesCdkidCollection
14:01:03.775 [main] DEBUG org.hibernate.loader.Loader - done loading collection
14:01:03.775 [main] DEBUG org.hibernate.loader.Loader - loading collection: [net.lojika.gtfs.model.Routes.routesCdkidCollection#istb.280539]
14:01:03.775 [main] DEBUG org.hibernate.jdbc.AbstractBatcher - about to open PreparedStatement (open PreparedStatements: 0, globally: 0)
14:01:03.775 [main] DEBUG org.hibernate.SQL - select routescdki0_.route_id as route2_2_1_, routescdki0_.route_cdk_id as route1_1_, routescdki0_.route_cdk_id as route1_3_0_, routescdki0_.route_id as route2_3_0_ from public.routes_cdkid routescdki0_ where routescdki0_.route_id=?
Hibernate: select routescdki0_.route_id as route2_2_1_, routescdki0_.route_cdk_id as route1_1_, routescdki0_.route_cdk_id as route1_3_0_, routescdki0_.route_id as route2_3_0_ from public.routes_cdkid routescdki0_ where routescdki0_.route_id=?
14:01:03.776 [main] DEBUG org.hibernate.jdbc.AbstractBatcher - about to open ResultSet (open ResultSets: 0, globally: 0)
14:01:03.776 [main] DEBUG org.hibernate.loader.Loader - result set contains (possibly empty) collection: [net.lojika.gtfs.model.Routes.routesCdkidCollection#istb.280539]
14:01:03.776 [main] DEBUG org.hibernate.loader.Loader - result row: EntityKey[net.lojika.gtfs.model.RoutesCdkid#gtfs.line.1.41-1]
14:01:03.776 [main] DEBUG org.hibernate.loader.Loader - found row of collection: [net.lojika.gtfs.model.Routes.routesCdkidCollection#istb.280539]
14:01:03.777 [main] DEBUG org.hibernate.loader.Loader - result row: EntityKey[net.lojika.gtfs.model.RoutesCdkid#gtfs.line.1.41-0]
14:01:03.777 [main] DEBUG org.hibernate.loader.Loader - found row of collection: [net.lojika.gtfs.model.Routes.routesCdkidCollection#istb.280539]
14:01:03.777 [main] DEBUG org.hibernate.jdbc.AbstractBatcher - about to close ResultSet (open ResultSets: 1, globally: 1)
14:01:03.777 [main] DEBUG org.hibernate.jdbc.AbstractBatcher - about to close PreparedStatement (open PreparedStatements: 1, globally: 1)
14:01:03.777 [main] DEBUG o.h.e.loading.CollectionLoadContext - 1 collections were found in result set for role: net.lojika.gtfs.model.Routes.routesCdkidCollection
14:01:03.777 [main] DEBUG o.h.e.loading.CollectionLoadContext - collection fully initialized: [net.lojika.gtfs.model.Routes.routesCdkidCollection#istb.280539]
14:01:03.777 [main] DEBUG o.h.e.loading.CollectionLoadContext - 1 collections initialized for role: net.lojika.gtfs.model.Routes.routesCdkidCollection
14:01:03.777 [main] DEBUG org.hibernate.loader.Loader - done loading collection
14:01:03.777 [main] DEBUG org.hibernate.loader.Loader - loading collection: [net.lojika.gtfs.model.Routes.routesCdkidCollection#istb.280540]
14:01:03.777 [main] DEBUG org.hibernate.jdbc.AbstractBatcher - about to open PreparedStatement (open PreparedStatements: 0, globally: 0)
14:01:03.777 [main] DEBUG org.hibernate.SQL - select routescdki0_.route_id as route2_2_1_, routescdki0_.route_cdk_id as route1_1_, routescdki0_.route_cdk_id as route1_3_0_, routescdki0_.route_id as route2_3_0_ from public.routes_cdkid routescdki0_ where routescdki0_.route_id=?
Hibernate: select routescdki0_.route_id as route2_2_1_, routescdki0_.route_cdk_id as route1_1_, routescdki0_.route_cdk_id as route1_3_0_, routescdki0_.route_id as route2_3_0_ from public.routes_cdkid routescdki0_ where routescdki0_.route_id=?
14:01:03.778 [main] DEBUG org.hibernate.jdbc.AbstractBatcher - about to open ResultSet (open ResultSets: 0, globally: 0)
14:01:03.778 [main] DEBUG org.hibernate.loader.Loader - result set contains (possibly empty) collection: [net.lojika.gtfs.model.Routes.routesCdkidCollection#istb.280540]
14:01:03.778 [main] DEBUG org.hibernate.loader.Loader - result row: EntityKey[net.lojika.gtfs.model.RoutesCdkid#gtfs.line.1.418-1]
14:01:03.778 [main] DEBUG org.hibernate.loader.Loader - found row of collection: [net.lojika.gtfs.model.Routes.routesCdkidCollection#istb.280540]
14:01:03.778 [main] DEBUG org.hibernate.loader.Loader - result row: EntityKey[net.lojika.gtfs.model.RoutesCdkid#gtfs.line.1.418-0]
14:01:03.778 [main] DEBUG org.hibernate.loader.Loader - found row of collection: [net.lojika.gtfs.model.Routes.routesCdkidCollection#istb.280540]
14:01:03.778 [main] DEBUG org.hibernate.jdbc.AbstractBatcher - about to close ResultSet (open ResultSets: 1, globally: 1)
14:01:03.778 [main] DEBUG org.hibernate.jdbc.AbstractBatcher - about to close PreparedStatement (open PreparedStatements: 1, globally: 1)
14:01:03.778 [main] DEBUG o.h.e.loading.CollectionLoadContext - 1 collections were found in result set for role: net.lojika.gtfs.model.Routes.routesCdkidCollection
14:01:03.778 [main] DEBUG o.h.e.loading.CollectionLoadContext - collection fully initialized: [net.lojika.gtfs.model.Routes.routesCdkidCollection#istb.280540]
14:01:03.778 [main] DEBUG o.h.e.loading.CollectionLoadContext - 1 collections initialized for role: net.lojika.gtfs.model.Routes.routesCdkidCollection
14:01:03.778 [main] DEBUG org.hibernate.loader.Loader - done loading collection
14:01:03.778 [main] DEBUG org.hibernate.loader.Loader - loading collection: [net.lojika.gtfs.model.Routes.routesCdkidCollection#istb.280541]
14:01:03.778 [main] DEBUG org.hibernate.jdbc.AbstractBatcher - about to open PreparedStatement (open PreparedStatements: 0, globally: 0)
14:01:03.778 [main] DEBUG org.hibernate.SQL - select routescdki0_.route_id as route2_2_1_, routescdki0_.route_cdk_id as route1_1_, routescdki0_.route_cdk_id as route1_3_0_, routescdki0_.route_id as route2_3_0_ from public.routes_cdkid routescdki0_ where routescdki0_.route_id=?
Hibernate: select routescdki0_.route_id as route2_2_1_, routescdki0_.route_cdk_id as route1_1_, routescdki0_.route_cdk_id as route1_3_0_, routescdki0_.route_id as route2_3_0_ from public.routes_cdkid routescdki0_ where routescdki0_.route_id=?
14:01:03.779 [main] DEBUG org.hibernate.jdbc.AbstractBatcher - about to open ResultSet (open ResultSets: 0, globally: 0)
14:01:03.779 [main] DEBUG org.hibernate.loader.Loader - result set contains (possibly empty) collection: [net.lojika.gtfs.model.Routes.routesCdkidCollection#istb.280541]
14:01:03.779 [main] DEBUG org.hibernate.loader.Loader - result row: EntityKey[net.lojika.gtfs.model.RoutesCdkid#gtfs.line.1.41at-1]
14:01:03.779 [main] DEBUG org.hibernate.loader.Loader - found row of collection: [net.lojika.gtfs.model.Routes.routesCdkidCollection#istb.280541]
14:01:03.779 [main] DEBUG org.hibernate.loader.Loader - result row: EntityKey[net.lojika.gtfs.model.RoutesCdkid#gtfs.line.1.41at-0]
14:01:03.779 [main] DEBUG org.hibernate.loader.Loader - found row of collection: [net.lojika.gtfs.model.Routes.routesCdkidCollection#istb.280541]
14:01:03.779 [main] DEBUG org.hibernate.jdbc.AbstractBatcher - about to close ResultSet (open ResultSets: 1, globally: 1)
14:01:03.779 [main] DEBUG org.hibernate.jdbc.AbstractBatcher - about to close PreparedStatement (open PreparedStatements: 1, globally: 1)
14:01:03.779 [main] DEBUG o.h.e.loading.CollectionLoadContext - 1 collections were found in result set for role: net.lojika.gtfs.model.Routes.routesCdkidCollection
14:01:03.779 [main] DEBUG o.h.e.loading.CollectionLoadContext - collection fully initialized: [net.lojika.gtfs.model.Routes.routesCdkidCollection#istb.280541]
14:01:03.779 [main] DEBUG o.h.e.loading.CollectionLoadContext - 1 collections initialized for role: net.lojika.gtfs.model.Routes.routesCdkidCollection
14:01:03.779 [main] DEBUG org.hibernate.loader.Loader - done loading collection
14:01:03.779 [main] DEBUG org.hibernate.loader.Loader - loading collection: [net.lojika.gtfs.model.Routes.routesCdkidCollection#istb.280545]
14:01:03.779 [main] DEBUG org.hibernate.jdbc.AbstractBatcher - about to open PreparedStatement (open PreparedStatements: 0, globally: 0)
14:01:03.779 [main] DEBUG org.hibernate.SQL - select routescdki0_.route_id as route2_2_1_, routescdki0_.route_cdk_id as route1_1_, routescdki0_.route_cdk_id as route1_3_0_, routescdki0_.route_id as route2_3_0_ from public.routes_cdkid routescdki0_ where routescdki0_.route_id=?
Hibernate: select routescdki0_.route_id as route2_2_1_, routescdki0_.route_cdk_id as route1_1_, routescdki0_.route_cdk_id as route1_3_0_, routescdki0_.route_id as route2_3_0_ from public.routes_cdkid routescdki0_ where routescdki0_.route_id=?
14:01:03.780 [main] DEBUG org.hibernate.jdbc.AbstractBatcher - about to open ResultSet (open ResultSets: 0, globally: 0)
14:01:03.780 [main] DEBUG org.hibernate.loader.Loader - result set contains (possibly empty) collection: [net.lojika.gtfs.model.Routes.routesCdkidCollection#istb.280545]
14:01:03.780 [main] DEBUG org.hibernate.loader.Loader - result row: EntityKey[net.lojika.gtfs.model.RoutesCdkid#gtfs.line.1.41sf-1]
14:01:03.780 [main] DEBUG org.hibernate.loader.Loader - found row of collection: [net.lojika.gtfs.model.Routes.routesCdkidCollection#istb.280545]
14:01:03.780 [main] DEBUG org.hibernate.loader.Loader - result row: EntityKey[net.lojika.gtfs.model.RoutesCdkid#gtfs.line.1.41sf-0]
14:01:03.780 [main] DEBUG org.hibernate.loader.Loader - found row of collection: [net.lojika.gtfs.model.Routes.routesCdkidCollection#istb.280545]
14:01:03.780 [main] DEBUG org.hibernate.jdbc.AbstractBatcher - about to close ResultSet (open ResultSets: 1, globally: 1)
14:01:03.780 [main] DEBUG org.hibernate.jdbc.AbstractBatcher - about to close PreparedStatement (open PreparedStatements: 1, globally: 1)
14:01:03.780 [main] DEBUG o.h.e.loading.CollectionLoadContext - 1 collections were found in result set for role: net.lojika.gtfs.model.Routes.routesCdkidCollection
14:01:03.780 [main] DEBUG o.h.e.loading.CollectionLoadContext - collection fully initialized: [net.lojika.gtfs.model.Routes.routesCdkidCollection#istb.280545]
14:01:03.780 [main] DEBUG o.h.e.loading.CollectionLoadContext - 1 collections initialized for role: net.lojika.gtfs.model.Routes.routesCdkidCollection
14:01:03.781 [main] DEBUG org.hibernate.loader.Loader - done loading collection
14:01:03.781 [main] DEBUG org.hibernate.loader.Loader - loading collection: [net.lojika.gtfs.model.Routes.routesCdkidCollection#istb.280546]
14:01:03.781 [main] DEBUG org.hibernate.jdbc.AbstractBatcher - about to open PreparedStatement (open PreparedStatements: 0, globally: 0)
14:01:03.781 [main] DEBUG org.hibernate.SQL - select routescdki0_.route_id as route2_2_1_, routescdki0_.route_cdk_id as route1_1_, routescdki0_.route_cdk_id as route1_3_0_, routescdki0_.route_id as route2_3_0_ from public.routes_cdkid routescdki0_ where routescdki0_.route_id=?
Hibernate: select routescdki0_.route_id as route2_2_1_, routescdki0_.route_cdk_id as route1_1_, routescdki0_.route_cdk_id as route1_3_0_, routescdki0_.route_id as route2_3_0_ from public.routes_cdkid routescdki0_ where routescdki0_.route_id=?
14:01:03.781 [main] DEBUG org.hibernate.jdbc.AbstractBatcher - about to open ResultSet (open ResultSets: 0, globally: 0)
14:01:03.781 [main] DEBUG org.hibernate.loader.Loader - result set contains (possibly empty) collection: [net.lojika.gtfs.model.Routes.routesCdkidCollection#istb.280546]
14:01:03.781 [main] DEBUG org.hibernate.loader.Loader - result row: EntityKey[net.lojika.gtfs.model.RoutesCdkid#gtfs.line.1.41sm-1]
14:01:03.781 [main] DEBUG org.hibernate.loader.Loader - found row of collection: [net.lojika.gtfs.model.Routes.routesCdkidCollection#istb.280546]
14:01:03.782 [main] DEBUG org.hibernate.loader.Loader - result row: EntityKey[net.lojika.gtfs.model.RoutesCdkid#gtfs.line.1.41sm-0]
14:01:03.782 [main] DEBUG org.hibernate.loader.Loader - found row of collection: [net.lojika.gtfs.model.Routes.routesCdkidCollection#istb.280546]
14:01:03.782 [main] DEBUG org.hibernate.jdbc.AbstractBatcher - about to close ResultSet (open ResultSets: 1, globally: 1)
14:01:03.782 [main] DEBUG org.hibernate.jdbc.AbstractBatcher - about to close PreparedStatement (open PreparedStatements: 1, globally: 1)
14:01:03.782 [main] DEBUG o.h.e.loading.CollectionLoadContext - 1 collections were found in result set for role: net.lojika.gtfs.model.Routes.routesCdkidCollection
14:01:03.782 [main] DEBUG o.h.e.loading.CollectionLoadContext - collection fully initialized: [net.lojika.gtfs.model.Routes.routesCdkidCollection#istb.280546]
14:01:03.782 [main] DEBUG o.h.e.loading.CollectionLoadContext - 1 collections initialized for role: net.lojika.gtfs.model.Routes.routesCdkidCollection
14:01:03.782 [main] DEBUG org.hibernate.loader.Loader - done loading collection
14:01:03.782 [main] DEBUG org.hibernate.loader.Loader - loading collection: [net.lojika.gtfs.model.Routes.routesCdkidCollection#istb.280547]
14:01:03.782 [main] DEBUG org.hibernate.jdbc.AbstractBatcher - about to open PreparedStatement (open PreparedStatements: 0, globally: 0)
14:01:03.782 [main] DEBUG org.hibernate.SQL - select routescdki0_.route_id as route2_2_1_, routescdki0_.route_cdk_id as route1_1_, routescdki0_.route_cdk_id as route1_3_0_, routescdki0_.route_id as route2_3_0_ from public.routes_cdkid routescdki0_ where routescdki0_.route_id=?
Hibernate: select routescdki0_.route_id as route2_2_1_, routescdki0_.route_cdk_id as route1_1_, routescdki0_.route_cdk_id as route1_3_0_, routescdki0_.route_id as route2_3_0_ from public.routes_cdkid routescdki0_ where routescdki0_.route_id=?
14:01:03.783 [main] DEBUG org.hibernate.jdbc.AbstractBatcher - about to open ResultSet (open ResultSets: 0, globally: 0)
14:01:03.783 [main] DEBUG org.hibernate.loader.Loader - result set contains (possibly empty) collection: [net.lojika.gtfs.model.Routes.routesCdkidCollection#istb.280547]
14:01:03.783 [main] DEBUG org.hibernate.loader.Loader - result row: EntityKey[net.lojika.gtfs.model.RoutesCdkid#gtfs.line.1.41st-1]
14:01:03.783 [main] DEBUG org.hibernate.loader.Loader - found row of collection: [net.lojika.gtfs.model.Routes.routesCdkidCollection#istb.280547]
14:01:03.783 [main] DEBUG org.hibernate.loader.Loader - result row: EntityKey[net.lojika.gtfs.model.RoutesCdkid#gtfs.line.1.41st-0]
14:01:03.783 [main] DEBUG org.hibernate.loader.Loader - found row of collection: [net.lojika.gtfs.model.Routes.routesCdkidCollection#istb.280547]
14:01:03.783 [main] DEBUG org.hibernate.jdbc.AbstractBatcher - about to close ResultSet (open ResultSets: 1, globally: 1)
14:01:03.783 [main] DEBUG org.hibernate.jdbc.AbstractBatcher - about to close PreparedStatement (open PreparedStatements: 1, globally: 1)
14:01:03.783 [main] DEBUG o.h.e.loading.CollectionLoadContext - 1 collections were found in result set for role: net.lojika.gtfs.model.Routes.routesCdkidCollection
14:01:03.783 [main] DEBUG o.h.e.loading.CollectionLoadContext - collection fully initialized: [net.lojika.gtfs.model.Routes.routesCdkidCollection#istb.280547]
14:01:03.783 [main] DEBUG o.h.e.loading.CollectionLoadContext - 1 collections initialized for role: net.lojika.gtfs.model.Routes.routesCdkidCollection
14:01:03.783 [main] DEBUG org.hibernate.loader.Loader - done loading collection
14:01:03.783 [main] DEBUG org.hibernate.loader.Loader - loading collection: [net.lojika.gtfs.model.Routes.routesCdkidCollection#istb.280548]
14:01:03.783 [main] DEBUG org.hibernate.jdbc.AbstractBatcher - about to open PreparedStatement (open PreparedStatements: 0, globally: 0)
14:01:03.783 [main] DEBUG org.hibernate.SQL - select routescdki0_.route_id as route2_2_1_, routescdki0_.route_cdk_id as route1_1_, routescdki0_.route_cdk_id as route1_3_0_, routescdki0_.route_id as route2_3_0_ from public.routes_cdkid routescdki0_ where routescdki0_.route_id=?
Hibernate: select routescdki0_.route_id as route2_2_1_, routescdki0_.route_cdk_id as route1_1_, routescdki0_.route_cdk_id as route1_3_0_, routescdki0_.route_id as route2_3_0_ from public.routes_cdkid routescdki0_ where routescdki0_.route_id=?
14:01:03.784 [main] DEBUG org.hibernate.jdbc.AbstractBatcher - about to open ResultSet (open ResultSets: 0, globally: 0)
14:01:03.784 [main] DEBUG org.hibernate.loader.Loader - result set contains (possibly empty) collection: [net.lojika.gtfs.model.Routes.routesCdkidCollection#istb.280548]
14:01:03.784 [main] DEBUG org.hibernate.loader.Loader - result row: EntityKey[net.lojika.gtfs.model.RoutesCdkid#gtfs.line.1.42-1]
14:01:03.784 [main] DEBUG org.hibernate.loader.Loader - found row of collection: [net.lojika.gtfs.model.Routes.routesCdkidCollection#istb.280548]
14:01:03.784 [main] DEBUG org.hibernate.loader.Loader - result row: EntityKey[net.lojika.gtfs.model.RoutesCdkid#gtfs.line.1.42-0]
14:01:03.784 [main] DEBUG org.hibernate.loader.Loader - found row of collection: [net.lojika.gtfs.model.Routes.routesCdkidCollection#istb.280548]
14:01:03.784 [main] DEBUG org.hibernate.jdbc.AbstractBatcher - about to close ResultSet (open ResultSets: 1, globally: 1)
14:01:03.784 [main] DEBUG org.hibernate.jdbc.AbstractBatcher - about to close PreparedStatement (open PreparedStatements: 1, globally: 1)
14:01:03.784 [main] DEBUG o.h.e.loading.CollectionLoadContext - 1 collections were found in result set for role: net.lojika.gtfs.model.Routes.routesCdkidCollection
14:01:03.784 [main] DEBUG o.h.e.loading.CollectionLoadContext - collection fully initialized: [net.lojika.gtfs.model.Routes.routesCdkidCollection#istb.280548]
14:01:03.784 [main] DEBUG o.h.e.loading.CollectionLoadContext - 1 collections initialized for role: net.lojika.gtfs.model.Routes.routesCdkidCollection
14:01:03.784 [main] DEBUG org.hibernate.loader.Loader - done loading collection
14:01:03.784 [main] DEBUG org.hibernate.loader.Loader - loading collection: [net.lojika.gtfs.model.Routes.routesCdkidCollection#istb.280549]
14:01:03.784 [main] DEBUG org.hibernate.jdbc.AbstractBatcher - about to open PreparedStatement (open PreparedStatements: 0, globally: 0)
14:01:03.784 [main] DEBUG org.hibernate.SQL - select routescdki0_.route_id as route2_2_1_, routescdki0_.route_cdk_id as route1_1_, routescdki0_.route_cdk_id as route1_3_0_, routescdki0_.route_id as route2_3_0_ from public.routes_cdkid routescdki0_ where routescdki0_.route_id=?
Hibernate: select routescdki0_.route_id as route2_2_1_, routescdki0_.route_cdk_id as route1_1_, routescdki0_.route_cdk_id as route1_3_0_, routescdki0_.route_id as route2_3_0_ from public.routes_cdkid routescdki0_ where routescdki0_.route_id=?
14:01:03.785 [main] DEBUG org.hibernate.jdbc.AbstractBatcher - about to open ResultSet (open ResultSets: 0, globally: 0)
14:01:03.785 [main] DEBUG org.hibernate.loader.Loader - result set contains (possibly empty) collection: [net.lojika.gtfs.model.Routes.routesCdkidCollection#istb.280549]
14:01:03.785 [main] DEBUG org.hibernate.loader.Loader - result row: EntityKey[net.lojika.gtfs.model.RoutesCdkid#gtfs.line.1.429-1]
14:01:03.785 [main] DEBUG org.hibernate.loader.Loader - found row of collection: [net.lojika.gtfs.model.Routes.routesCdkidCollection#istb.280549]
14:01:03.785 [main] DEBUG org.hibernate.loader.Loader - result row: EntityKey[net.lojika.gtfs.model.RoutesCdkid#gtfs.line.1.429-0]
14:01:03.785 [main] DEBUG org.hibernate.loader.Loader - found row of collection: [net.lojika.gtfs.model.Routes.routesCdkidCollection#istb.280549]
14:01:03.785 [main] DEBUG org.hibernate.jdbc.AbstractBatcher - about to close ResultSet (open ResultSets: 1, globally: 1)
14:01:03.785 [main] DEBUG org.hibernate.jdbc.AbstractBatcher - about to close PreparedStatement (open PreparedStatements: 1, globally: 1)
14:01:03.785 [main] DEBUG o.h.e.loading.CollectionLoadContext - 1 collections were found in result set for role: net.lojika.gtfs.model.Routes.routesCdkidCollection
14:01:03.785 [main] DEBUG o.h.e.loading.CollectionLoadContext - collection fully initialized: [net.lojika.gtfs.model.Routes.routesCdkidCollection#istb.280549]
14:01:03.785 [main] DEBUG o.h.e.loading.CollectionLoadContext - 1 collections initialized for role: net.lojika.gtfs.model.Routes.routesCdkidCollection
14:01:03.785 [main] DEBUG org.hibernate.loader.Loader - done loading collection
14:01:03.785 [main] DEBUG org.hibernate.loader.Loader - loading collection: [net.lojika.gtfs.model.Routes.routesCdkidCollection#istb.280550]
14:01:03.785 [main] DEBUG org.hibernate.jdbc.AbstractBatcher - about to open PreparedStatement (open PreparedStatements: 0, globally: 0)
14:01:03.785 [main] DEBUG org.hibernate.SQL - select routescdki0_.route_id as route2_2_1_, routescdki0_.route_cdk_id as route1_1_, routescdki0_.route_cdk_id as route1_3_0_, routescdki0_.route_id as route2_3_0_ from public.routes_cdkid routescdki0_ where routescdki0_.route_id=?
Hibernate: select routescdki0_.route_id as route2_2_1_, routescdki0_.route_cdk_id as route1_1_, routescdki0_.route_cdk_id as route1_3_0_, routescdki0_.route_id as route2_3_0_ from public.routes_cdkid routescdki0_ where routescdki0_.route_id=?
14:01:03.786 [main] DEBUG org.hibernate.jdbc.AbstractBatcher - about to open ResultSet (open ResultSets: 0, globally: 0)
14:01:03.786 [main] DEBUG org.hibernate.loader.Loader - result set contains (possibly empty) collection: [net.lojika.gtfs.model.Routes.routesCdkidCollection#istb.280550]
14:01:03.786 [main] DEBUG org.hibernate.loader.Loader - result row: EntityKey[net.lojika.gtfs.model.RoutesCdkid#gtfs.line.1.42hm-1]
14:01:03.786 [main] DEBUG org.hibernate.loader.Loader - found row of collection: [net.lojika.gtfs.model.Routes.routesCdkidCollection#istb.280550]
14:01:03.786 [main] DEBUG org.hibernate.loader.Loader - result row: EntityKey[net.lojika.gtfs.model.RoutesCdkid#gtfs.line.1.42hm-0]
14:01:03.786 [main] DEBUG org.hibernate.loader.Loader - found row of collection: [net.lojika.gtfs.model.Routes.routesCdkidCollection#istb.280550]
14:01:03.786 [main] DEBUG org.hibernate.jdbc.AbstractBatcher - about to close ResultSet (open ResultSets: 1, globally: 1)
14:01:03.786 [main] DEBUG org.hibernate.jdbc.AbstractBatcher - about to close PreparedStatement (open PreparedStatements: 1, globally: 1)
14:01:03.786 [main] DEBUG o.h.e.loading.CollectionLoadContext - 1 collections were found in result set for role: net.lojika.gtfs.model.Routes.routesCdkidCollection
14:01:03.786 [main] DEBUG o.h.e.loading.CollectionLoadContext - collection fully initialized: [net.lojika.gtfs.model.Routes.routesCdkidCollection#istb.280550]
14:01:03.786 [main] DEBUG o.h.e.loading.CollectionLoadContext - 1 collections initialized for role: net.lojika.gtfs.model.Routes.routesCdkidCollection
14:01:03.786 [main] DEBUG org.hibernate.loader.Loader - done loading collection
14:01:03.786 [main] DEBUG org.hibernate.loader.Loader - loading collection: [net.lojika.gtfs.model.Routes.routesCdkidCollection#istb.280551]
14:01:03.786 [main] DEBUG org.hibernate.jdbc.AbstractBatcher - about to open PreparedStatement (open PreparedStatements: 0, globally: 0)
14:01:03.786 [main] DEBUG org.hibernate.SQL - select routescdki0_.route_id as route2_2_1_, routescdki0_.route_cdk_id as route1_1_, routescdki0_.route_cdk_id as route1_3_0_, routescdki0_.route_id as route2_3_0_ from public.routes_cdkid routescdki0_ where routescdki0_.route_id=?
Hibernate: select routescdki0_.route_id as route2_2_1_, routescdki0_.route_cdk_id as route1_1_, routescdki0_.route_cdk_id as route1_3_0_, routescdki0_.route_id as route2_3_0_ from public.routes_cdkid routescdki0_ where routescdki0_.route_id=?
14:01:03.787 [main] DEBUG org.hibernate.jdbc.AbstractBatcher - about to open ResultSet (open ResultSets: 0, globally: 0)
14:01:03.787 [main] DEBUG org.hibernate.loader.Loader - result set contains (possibly empty) collection: [net.lojika.gtfs.model.Routes.routesCdkidCollection#istb.280551]
14:01:03.787 [main] DEBUG org.hibernate.loader.Loader - result row: EntityKey[net.lojika.gtfs.model.RoutesCdkid#gtfs.line.1.42k-1]
14:01:03.788 [main] DEBUG org.hibernate.loader.Loader - found row of collection: [net.lojika.gtfs.model.Routes.routesCdkidCollection#istb.280551]
14:01:03.788 [main] DEBUG org.hibernate.loader.Loader - result row: EntityKey[net.lojika.gtfs.model.RoutesCdkid#gtfs.line.1.42k-0]
14:01:03.788 [main] DEBUG org.hibernate.loader.Loader - found row of collection: [net.lojika.gtfs.model.Routes.routesCdkidCollection#istb.280551]
14:01:03.788 [main] DEBUG org.hibernate.jdbc.AbstractBatcher - about to close ResultSet (open ResultSets: 1, globally: 1)
14:01:03.788 [main] DEBUG org.hibernate.jdbc.AbstractBatcher - about to close PreparedStatement (open PreparedStatements: 1, globally: 1)
14:01:03.788 [main] DEBUG o.h.e.loading.CollectionLoadContext - 1 collections were found in result set for role: net.lojika.gtfs.model.Routes.routesCdkidCollection
14:01:03.788 [main] DEBUG o.h.e.loading.CollectionLoadContext - collection fully initialized: [net.lojika.gtfs.model.Routes.routesCdkidCollection#istb.280551]
14:01:03.788 [main] DEBUG o.h.e.loading.CollectionLoadContext - 1 collections initialized for role: net.lojika.gtfs.model.Routes.routesCdkidCollection
14:01:03.788 [main] DEBUG org.hibernate.loader.Loader - done loading collection
14:01:03.788 [main] DEBUG org.hibernate.loader.Loader - loading collection: [net.lojika.gtfs.model.Routes.routesCdkidCollection#istb.280552]
14:01:03.788 [main] DEBUG org.hibernate.jdbc.AbstractBatcher - about to open PreparedStatement (open PreparedStatements: 0, globally: 0)
14:01:03.788 [main] DEBUG org.hibernate.SQL - select routescdki0_.route_id as route2_2_1_, routescdki0_.route_cdk_id as route1_1_, routescdki0_.route_cdk_id as route1_3_0_, routescdki0_.route_id as route2_3_0_ from public.routes_cdkid routescdki0_ where routescdki0_.route_id=?
Hibernate: select routescdki0_.route_id as route2_2_1_, routescdki0_.route_cdk_id as route1_1_, routescdki0_.route_cdk_id as route1_3_0_, routescdki0_.route_id as route2_3_0_ from public.routes_cdkid routescdki0_ where routescdki0_.route_id=?
14:01:03.789 [main] DEBUG org.hibernate.jdbc.AbstractBatcher - about to open ResultSet (open ResultSets: 0, globally: 0)
14:01:03.789 [main] DEBUG org.hibernate.loader.Loader - result set contains (possibly empty) collection: [net.lojika.gtfs.model.Routes.routesCdkidCollection#istb.280552]
14:01:03.789 [main] DEBUG org.hibernate.loader.Loader - result row: EntityKey[net.lojika.gtfs.model.RoutesCdkid#gtfs.line.1.42km-1]
14:01:03.789 [main] DEBUG org.hibernate.loader.Loader - found row of collection: [net.lojika.gtfs.model.Routes.routesCdkidCollection#istb.280552]
14:01:03.789 [main] DEBUG org.hibernate.loader.Loader - result row: EntityKey[net.lojika.gtfs.model.RoutesCdkid#gtfs.line.1.42km-0]
14:01:03.789 [main] DEBUG org.hibernate.loader.Loader - found row of collection: [net.lojika.gtfs.model.Routes.routesCdkidCollection#istb.280552]
14:01:03.789 [main] DEBUG org.hibernate.jdbc.AbstractBatcher - about to close ResultSet (open ResultSets: 1, globally: 1)
14:01:03.789 [main] DEBUG org.hibernate.jdbc.AbstractBatcher - about to close PreparedStatement (open PreparedStatements: 1, globally: 1)
14:01:03.789 [main] DEBUG o.h.e.loading.CollectionLoadContext - 1 collections were found in result set for role: net.lojika.gtfs.model.Routes.routesCdkidCollection
14:01:03.790 [main] DEBUG o.h.e.loading.CollectionLoadContext - collection fully initialized: [net.lojika.gtfs.model.Routes.routesCdkidCollection#istb.280552]
14:01:03.790 [main] DEBUG o.h.e.loading.CollectionLoadContext - 1 collections initialized for role: net.lojika.gtfs.model.Routes.routesCdkidCollection
14:01:03.790 [main] DEBUG org.hibernate.loader.Loader - done loading collection
14:01:03.790 [main] DEBUG org.hibernate.loader.Loader - loading collection: [net.lojika.gtfs.model.Routes.routesCdkidCollection#istb.280553]
14:01:03.790 [main] DEBUG org.hibernate.jdbc.AbstractBatcher - about to open PreparedStatement (open PreparedStatements: 0, globally: 0)
14:01:03.790 [main] DEBUG org.hibernate.SQL - select routescdki0_.route_id as route2_2_1_, routescdki0_.route_cdk_id as route1_1_, routescdki0_.route_cdk_id as route1_3_0_, routescdki0_.route_id as route2_3_0_ from public.routes_cdkid routescdki0_ where routescdki0_.route_id=?
Hibernate: select routescdki0_.route_id as route2_2_1_, routescdki0_.route_cdk_id as route1_1_, routescdki0_.route_cdk_id as route1_3_0_, routescdki0_.route_id as route2_3_0_ from public.routes_cdkid routescdki0_ where routescdki0_.route_id=?
14:01:03.790 [main] DEBUG org.hibernate.jdbc.AbstractBatcher - about to open ResultSet (open ResultSets: 0, globally: 0)
14:01:03.790 [main] DEBUG org.hibernate.loader.Loader - result set contains (possibly empty) collection: [net.lojika.gtfs.model.Routes.routesCdkidCollection#istb.280553]
14:01:03.791 [main] DEBUG org.hibernate.loader.Loader - result row: EntityKey[net.lojika.gtfs.model.RoutesCdkid#gtfs.line.1.42kt-1]
14:01:03.791 [main] DEBUG org.hibernate.loader.Loader - found row of collection: [net.lojika.gtfs.model.Routes.routesCdkidCollection#istb.280553]
14:01:03.791 [main] DEBUG org.hibernate.loader.Loader - result row: EntityKey[net.lojika.gtfs.model.RoutesCdkid#gtfs.line.1.42kt-0]
14:01:03.791 [main] DEBUG org.hibernate.loader.Loader - found row of collection: [net.lojika.gtfs.model.Routes.routesCdkidCollection#istb.280553]
14:01:03.791 [main] DEBUG org.hibernate.jdbc.AbstractBatcher - about to close ResultSet (open ResultSets: 1, globally: 1)
14:01:03.791 [main] DEBUG org.hibernate.jdbc.AbstractBatcher - about to close PreparedStatement (open PreparedStatements: 1, globally: 1)
14:01:03.791 [main] DEBUG o.h.e.loading.CollectionLoadContext - 1 collections were found in result set for role: net.lojika.gtfs.model.Routes.routesCdkidCollection
14:01:03.791 [main] DEBUG o.h.e.loading.CollectionLoadContext - collection fully initialized: [net.lojika.gtfs.model.Routes.routesCdkidCollection#istb.280553]
14:01:03.791 [main] DEBUG o.h.e.loading.CollectionLoadContext - 1 collections initialized for role: net.lojika.gtfs.model.Routes.routesCdkidCollection
14:01:03.791 [main] DEBUG org.hibernate.loader.Loader - done loading collection
14:01:03.791 [main] DEBUG org.hibernate.loader.Loader - loading collection: [net.lojika.gtfs.model.Routes.routesCdkidCollection#istb.280554]
14:01:03.791 [main] DEBUG org.hibernate.jdbc.AbstractBatcher - about to open PreparedStatement (open PreparedStatements: 0, globally: 0)
14:01:03.791 [main] DEBUG org.hibernate.SQL - select routescdki0_.route_id as route2_2_1_, routescdki0_.route_cdk_id as route1_1_, routescdki0_.route_cdk_id as route1_3_0_, routescdki0_.route_id as route2_3_0_ from public.routes_cdkid routescdki0_ where routescdki0_.route_id=?
Hibernate: select routescdki0_.route_id as route2_2_1_, routescdki0_.route_cdk_id as route1_1_, routescdki0_.route_cdk_id as route1_3_0_, routescdki0_.route_id as route2_3_0_ from public.routes_cdkid routescdki0_ where routescdki0_.route_id=?
14:01:03.792 [main] DEBUG org.hibernate.jdbc.AbstractBatcher - about to open ResultSet (open ResultSets: 0, globally: 0)
14:01:03.792 [main] DEBUG org.hibernate.loader.Loader - result set contains (possibly empty) collection: [net.lojika.gtfs.model.Routes.routesCdkidCollection#istb.280554]
14:01:03.792 [main] DEBUG org.hibernate.loader.Loader - result row: EntityKey[net.lojika.gtfs.model.RoutesCdkid#gtfs.line.1.42m-1]
14:01:03.792 [main] DEBUG org.hibernate.loader.Loader - found row of collection: [net.lojika.gtfs.model.Routes.routesCdkidCollection#istb.280554]
14:01:03.792 [main] DEBUG org.hibernate.loader.Loader - result row: EntityKey[net.lojika.gtfs.model.RoutesCdkid#gtfs.line.1.42m-0]
14:01:03.792 [main] DEBUG org.hibernate.loader.Loader - found row of collection: [net.lojika.gtfs.model.Routes.routesCdkidCollection#istb.280554]
14:01:03.792 [main] DEBUG org.hibernate.jdbc.AbstractBatcher - about to close ResultSet (open ResultSets: 1, globally: 1)
14:01:03.792 [main] DEBUG org.hibernate.jdbc.AbstractBatcher - about to close PreparedStatement (open PreparedStatements: 1, globally: 1)
14:01:03.792 [main] DEBUG o.h.e.loading.CollectionLoadContext - 1 collections were found in result set for role: net.lojika.gtfs.model.Routes.routesCdkidCollection
14:01:03.792 [main] DEBUG o.h.e.loading.CollectionLoadContext - collection fully initialized: [net.lojika.gtfs.model.Routes.routesCdkidCollection#istb.280554]
14:01:03.792 [main] DEBUG o.h.e.loading.CollectionLoadContext - 1 collections initialized for role: net.lojika.gtfs.model.Routes.routesCdkidCollection
14:01:03.792 [main] DEBUG org.hibernate.loader.Loader - done loading collection
14:01:03.792 [main] DEBUG org.hibernate.loader.Loader - loading collection: [net.lojika.gtfs.model.Routes.routesCdkidCollection#istb.280555]
14:01:03.792 [main] DEBUG org.hibernate.jdbc.AbstractBatcher - about to open PreparedStatement (open PreparedStatements: 0, globally: 0)
14:01:03.793 [main] DEBUG org.hibernate.SQL - select routescdki0_.route_id as route2_2_1_, routescdki0_.route_cdk_id as route1_1_, routescdki0_.route_cdk_id as route1_3_0_, routescdki0_.route_id as route2_3_0_ from public.routes_cdkid routescdki0_ where routescdki0_.route_id=?
Hibernate: select routescdki0_.route_id as route2_2_1_, routescdki0_.route_cdk_id as route1_1_, routescdki0_.route_cdk_id as route1_3_0_, routescdki0_.route_id as route2_3_0_ from public.routes_cdkid routescdki0_ where routescdki0_.route_id=?
14:01:03.793 [main] DEBUG org.hibernate.jdbc.AbstractBatcher - about to open ResultSet (open ResultSets: 0, globally: 0)
14:01:03.793 [main] DEBUG org.hibernate.loader.Loader - result set contains (possibly empty) collection: [net.lojika.gtfs.model.Routes.routesCdkidCollection#istb.280555]
14:01:03.793 [main] DEBUG org.hibernate.loader.Loader - result row: EntityKey[net.lojika.gtfs.model.RoutesCdkid#gtfs.line.1.42t-1]
14:01:03.793 [main] DEBUG org.hibernate.loader.Loader - found row of collection: [net.lojika.gtfs.model.Routes.routesCdkidCollection#istb.280555]
14:01:03.794 [main] DEBUG org.hibernate.loader.Loader - result row: EntityKey[net.lojika.gtfs.model.RoutesCdkid#gtfs.line.1.42t-0]
14:01:03.794 [main] DEBUG org.hibernate.loader.Loader - found row of collection: [net.lojika.gtfs.model.Routes.routesCdkidCollection#istb.280555]
14:01:03.794 [main] DEBUG org.hibernate.jdbc.AbstractBatcher - about to close ResultSet (open ResultSets: 1, globally: 1)
14:01:03.794 [main] DEBUG org.hibernate.jdbc.AbstractBatcher - about to close PreparedStatement (open PreparedStatements: 1, globally: 1)
14:01:03.794 [main] DEBUG o.h.e.loading.CollectionLoadContext - 1 collections were found in result set for role: net.lojika.gtfs.model.Routes.routesCdkidCollection
14:01:03.794 [main] DEBUG o.h.e.loading.CollectionLoadContext - collection fully initialized: [net.lojika.gtfs.model.Routes.routesCdkidCollection#istb.280555]
14:01:03.794 [main] DEBUG o.h.e.loading.CollectionLoadContext - 1 collections initialized for role: net.lojika.gtfs.model.Routes.routesCdkidCollection
14:01:03.794 [main] DEBUG org.hibernate.loader.Loader - done loading collection
14:01:03.794 [main] DEBUG org.hibernate.loader.Loader - loading collection: [net.lojika.gtfs.model.Routes.routesCdkidCollection#istb.280617]
14:01:03.794 [main] DEBUG org.hibernate.jdbc.AbstractBatcher - about to open PreparedStatement (open PreparedStatements: 0, globally: 0)
14:01:03.794 [main] DEBUG org.hibernate.SQL - select routescdki0_.route_id as route2_2_1_, routescdki0_.route_cdk_id as route1_1_, routescdki0_.route_cdk_id as route1_3_0_, routescdki0_.route_id as route2_3_0_ from public.routes_cdkid routescdki0_ where routescdki0_.route_id=?
Hibernate: select routescdki0_.route_id as route2_2_1_, routescdki0_.route_cdk_id as route1_1_, routescdki0_.route_cdk_id as route1_3_0_, routescdki0_.route_id as route2_3_0_ from public.routes_cdkid routescdki0_ where routescdki0_.route_id=?
14:01:03.794 [main] DEBUG org.hibernate.jdbc.AbstractBatcher - about to open ResultSet (open ResultSets: 0, globally: 0)
14:01:03.794 [main] DEBUG org.hibernate.loader.Loader - result set contains (possibly empty) collection: [net.lojika.gtfs.model.Routes.routesCdkidCollection#istb.280617]
14:01:03.794 [main] DEBUG org.hibernate.loader.Loader - result row: EntityKey[net.lojika.gtfs.model.RoutesCdkid#gtfs.line.1.59c-1]
14:01:03.794 [main] DEBUG org.hibernate.loader.Loader - found row of collection: [net.lojika.gtfs.model.Routes.routesCdkidCollection#istb.280617]
14:01:03.795 [main] DEBUG org.hibernate.loader.Loader - result row: EntityKey[net.lojika.gtfs.model.RoutesCdkid#gtfs.line.1.59c-0]
14:01:03.795 [main] DEBUG org.hibernate.loader.Loader - found row of collection: [net.lojika.gtfs.model.Routes.routesCdkidCollection#istb.280617]
14:01:03.795 [main] DEBUG org.hibernate.jdbc.AbstractBatcher - about to close ResultSet (open ResultSets: 1, globally: 1)
14:01:03.795 [main] DEBUG org.hibernate.jdbc.AbstractBatcher - about to close PreparedStatement (open PreparedStatements: 1, globally: 1)
14:01:03.795 [main] DEBUG o.h.e.loading.CollectionLoadContext - 1 collections were found in result set for role: net.lojika.gtfs.model.Routes.routesCdkidCollection
14:01:03.795 [main] DEBUG o.h.e.loading.CollectionLoadContext - collection fully initialized: [net.lojika.gtfs.model.Routes.routesCdkidCollection#istb.280617]
14:01:03.795 [main] DEBUG o.h.e.loading.CollectionLoadContext - 1 collections initialized for role: net.lojika.gtfs.model.Routes.routesCdkidCollection
14:01:03.795 [main] DEBUG org.hibernate.loader.Loader - done loading collection
14:01:03.795 [main] DEBUG org.hibernate.loader.Loader - loading collection: [net.lojika.gtfs.model.Routes.routesCdkidCollection#istb.280618]
14:01:03.795 [main] DEBUG org.hibernate.jdbc.AbstractBatcher - about to open PreparedStatement (open PreparedStatements: 0, globally: 0)
14:01:03.795 [main] DEBUG org.hibernate.SQL - select routescdki0_.route_id as route2_2_1_, routescdki0_.route_cdk_id as route1_1_, routescdki0_.route_cdk_id as route1_3_0_, routescdki0_.route_id as route2_3_0_ from public.routes_cdkid routescdki0_ where routescdki0_.route_id=?
Hibernate: select routescdki0_.route_id as route2_2_1_, routescdki0_.route_cdk_id as route1_1_, routescdki0_.route_cdk_id as route1_3_0_, routescdki0_.route_id as route2_3_0_ from public.routes_cdkid routescdki0_ where routescdki0_.route_id=?
14:01:03.795 [main] DEBUG org.hibernate.jdbc.AbstractBatcher - about to open ResultSet (open ResultSets: 0, globally: 0)
14:01:03.795 [main] DEBUG org.hibernate.loader.Loader - result set contains (possibly empty) collection: [net.lojika.gtfs.model.Routes.routesCdkidCollection#istb.280618]
14:01:03.795 [main] DEBUG org.hibernate.loader.Loader - result row: EntityKey[net.lojika.gtfs.model.RoutesCdkid#gtfs.line.1.59h-0]
14:01:03.795 [main] DEBUG org.hibernate.loader.Loader - found row of collection: [net.lojika.gtfs.model.Routes.routesCdkidCollection#istb.280618]
14:01:03.795 [main] DEBUG org.hibernate.jdbc.AbstractBatcher - about to close ResultSet (open ResultSets: 1, globally: 1)
14:01:03.795 [main] DEBUG org.hibernate.jdbc.AbstractBatcher - about to close PreparedStatement (open PreparedStatements: 1, globally: 1)
14:01:03.796 [main] DEBUG o.h.e.loading.CollectionLoadContext - 1 collections were found in result set for role: net.lojika.gtfs.model.Routes.routesCdkidCollection
14:01:03.796 [main] DEBUG o.h.e.loading.CollectionLoadContext - collection fully initialized: [net.lojika.gtfs.model.Routes.routesCdkidCollection#istb.280618]
14:01:03.796 [main] DEBUG o.h.e.loading.CollectionLoadContext - 1 collections initialized for role: net.lojika.gtfs.model.Routes.routesCdkidCollection
14:01:03.796 [main] DEBUG org.hibernate.loader.Loader - done loading collection
14:01:03.796 [main] DEBUG org.hibernate.loader.Loader - loading collection: [net.lojika.gtfs.model.Routes.routesCdkidCollection#istb.280619]
14:01:03.796 [main] DEBUG org.hibernate.jdbc.AbstractBatcher - about to open PreparedStatement (open PreparedStatements: 0, globally: 0)
14:01:03.796 [main] DEBUG org.hibernate.SQL - select routescdki0_.route_id as route2_2_1_, routescdki0_.route_cdk_id as route1_1_, routescdki0_.route_cdk_id as route1_3_0_, routescdki0_.route_id as route2_3_0_ from public.routes_cdkid routescdki0_ where routescdki0_.route_id=?
Hibernate: select routescdki0_.route_id as route2_2_1_, routescdki0_.route_cdk_id as route1_1_, routescdki0_.route_cdk_id as route1_3_0_, routescdki0_.route_id as route2_3_0_ from public.routes_cdkid routescdki0_ where routescdki0_.route_id=?
14:01:03.796 [main] DEBUG org.hibernate.jdbc.AbstractBatcher - about to open ResultSet (open ResultSets: 0, globally: 0)
14:01:03.796 [main] DEBUG org.hibernate.loader.Loader - result set contains (possibly empty) collection: [net.lojika.gtfs.model.Routes.routesCdkidCollection#istb.280619]
14:01:03.796 [main] DEBUG org.hibernate.loader.Loader - result row: EntityKey[net.lojika.gtfs.model.RoutesCdkid#gtfs.line.1.59k-0]
14:01:03.796 [main] DEBUG org.hibernate.loader.Loader - found row of collection: [net.lojika.gtfs.model.Routes.routesCdkidCollection#istb.280619]
14:01:03.796 [main] DEBUG org.hibernate.jdbc.AbstractBatcher - about to close ResultSet (open ResultSets: 1, globally: 1)
14:01:03.796 [main] DEBUG org.hibernate.jdbc.AbstractBatcher - about to close PreparedStatement (open PreparedStatements: 1, globally: 1)
14:01:03.796 [main] DEBUG o.h.e.loading.CollectionLoadContext - 1 collections were found in result set for role: net.lojika.gtfs.model.Routes.routesCdkidCollection
14:01:03.796 [main] DEBUG o.h.e.loading.CollectionLoadContext - collection fully initialized: [net.lojika.gtfs.model.Routes.routesCdkidCollection#istb.280619]
14:01:03.796 [main] DEBUG o.h.e.loading.CollectionLoadContext - 1 collections initialized for role: net.lojika.gtfs.model.Routes.routesCdkidCollection
14:01:03.796 [main] DEBUG org.hibernate.loader.Loader - done loading collection
14:01:03.796 [main] DEBUG org.hibernate.loader.Loader - loading collection: [net.lojika.gtfs.model.Routes.routesCdkidCollection#istb.280620]
14:01:03.796 [main] DEBUG org.hibernate.jdbc.AbstractBatcher - about to open PreparedStatement (open PreparedStatements: 0, globally: 0)
14:01:03.796 [main] DEBUG org.hibernate.SQL - select routescdki0_.route_id as route2_2_1_, routescdki0_.route_cdk_id as route1_1_, routescdki0_.route_cdk_id as route1_3_0_, routescdki0_.route_id as route2_3_0_ from public.routes_cdkid routescdki0_ where routescdki0_.route_id=?
Hibernate: select routescdki0_.route_id as route2_2_1_, routescdki0_.route_cdk_id as route1_1_, routescdki0_.route_cdk_id as route1_3_0_, routescdki0_.route_id as route2_3_0_ from public.routes_cdkid routescdki0_ where routescdki0_.route_id=?
14:01:03.797 [main] DEBUG org.hibernate.jdbc.AbstractBatcher - about to open ResultSet (open ResultSets: 0, globally: 0)
14:01:03.797 [main] DEBUG org.hibernate.loader.Loader - result set contains (possibly empty) collection: [net.lojika.gtfs.model.Routes.routesCdkidCollection#istb.280620]
14:01:03.797 [main] DEBUG org.hibernate.loader.Loader - result row: EntityKey[net.lojika.gtfs.model.RoutesCdkid#gtfs.line.1.59n-0]
14:01:03.797 [main] DEBUG org.hibernate.loader.Loader - found row of collection: [net.lojika.gtfs.model.Routes.routesCdkidCollection#istb.280620]
14:01:03.797 [main] DEBUG org.hibernate.jdbc.AbstractBatcher - about to close ResultSet (open ResultSets: 1, globally: 1)
14:01:03.797 [main] DEBUG org.hibernate.jdbc.AbstractBatcher - about to close PreparedStatement (open PreparedStatements: 1, globally: 1)
14:01:03.797 [main] DEBUG o.h.e.loading.CollectionLoadContext - 1 collections were found in result set for role: net.lojika.gtfs.model.Routes.routesCdkidCollection
14:01:03.797 [main] DEBUG o.h.e.loading.CollectionLoadContext - collection fully initialized: [net.lojika.gtfs.model.Routes.routesCdkidCollection#istb.280620]
14:01:03.797 [main] DEBUG o.h.e.loading.CollectionLoadContext - 1 collections initialized for role: net.lojika.gtfs.model.Routes.routesCdkidCollection
14:01:03.797 [main] DEBUG org.hibernate.loader.Loader - done loading collection
14:01:03.797 [main] DEBUG org.hibernate.loader.Loader - loading collection: [net.lojika.gtfs.model.Routes.routesCdkidCollection#istb.280621]
14:01:03.797 [main] DEBUG org.hibernate.jdbc.AbstractBatcher - about to open PreparedStatement (open PreparedStatements: 0, globally: 0)
14:01:03.797 [main] DEBUG org.hibernate.SQL - select routescdki0_.route_id as route2_2_1_, routescdki0_.route_cdk_id as route1_1_, routescdki0_.route_cdk_id as route1_3_0_, routescdki0_.route_id as route2_3_0_ from public.routes_cdkid routescdki0_ where routescdki0_.route_id=?
Hibernate: select routescdki0_.route_id as route2_2_1_, routescdki0_.route_cdk_id as route1_1_, routescdki0_.route_cdk_id as route1_3_0_, routescdki0_.route_id as route2_3_0_ from public.routes_cdkid routescdki0_ where routescdki0_.route_id=?
14:01:03.798 [main] DEBUG org.hibernate.jdbc.AbstractBatcher - about to open ResultSet (open ResultSets: 0, globally: 0)
14:01:03.798 [main] DEBUG org.hibernate.loader.Loader - result set contains (possibly empty) collection: [net.lojika.gtfs.model.Routes.routesCdkidCollection#istb.280621]
14:01:03.798 [main] DEBUG org.hibernate.loader.Loader - result row: EntityKey[net.lojika.gtfs.model.RoutesCdkid#gtfs.line.1.59r-0]
14:01:03.798 [main] DEBUG org.hibernate.loader.Loader - found row of collection: [net.lojika.gtfs.model.Routes.routesCdkidCollection#istb.280621]
14:01:03.798 [main] DEBUG org.hibernate.jdbc.AbstractBatcher - about to close ResultSet (open ResultSets: 1, globally: 1)
14:01:03.798 [main] DEBUG org.hibernate.jdbc.AbstractBatcher - about to close PreparedStatement (open PreparedStatements: 1, globally: 1)
14:01:03.798 [main] DEBUG o.h.e.loading.CollectionLoadContext - 1 collections were found in result set for role: net.lojika.gtfs.model.Routes.routesCdkidCollection
14:01:03.798 [main] DEBUG o.h.e.loading.CollectionLoadContext - collection fully initialized: [net.lojika.gtfs.model.Routes.routesCdkidCollection#istb.280621]
14:01:03.798 [main] DEBUG o.h.e.loading.CollectionLoadContext - 1 collections initialized for role: net.lojika.gtfs.model.Routes.routesCdkidCollection
14:01:03.798 [main] DEBUG org.hibernate.loader.Loader - done loading collection
14:01:03.798 [main] DEBUG org.hibernate.loader.Loader - loading collection: [net.lojika.gtfs.model.Routes.routesCdkidCollection#istb.280622]
14:01:03.798 [main] DEBUG org.hibernate.jdbc.AbstractBatcher - about to open PreparedStatement (open PreparedStatements: 0, globally: 0)
14:01:03.798 [main] DEBUG org.hibernate.SQL - select routescdki0_.route_id as route2_2_1_, routescdki0_.route_cdk_id as route1_1_, routescdki0_.route_cdk_id as route1_3_0_, routescdki0_.route_id as route2_3_0_ from public.routes_cdkid routescdki0_ where routescdki0_.route_id=?
Hibernate: select routescdki0_.route_id as route2_2_1_, routescdki0_.route_cdk_id as route1_1_, routescdki0_.route_cdk_id as route1_3_0_, routescdki0_.route_id as route2_3_0_ from public.routes_cdkid routescdki0_ where routescdki0_.route_id=?
14:01:03.799 [main] DEBUG org.hibernate.jdbc.AbstractBatcher - about to open ResultSet (open ResultSets: 0, globally: 0)
14:01:03.799 [main] DEBUG org.hibernate.loader.Loader - result set contains (possibly empty) collection: [net.lojika.gtfs.model.Routes.routesCdkidCollection#istb.280622]
14:01:03.799 [main] DEBUG org.hibernate.loader.Loader - result row: EntityKey[net.lojika.gtfs.model.RoutesCdkid#gtfs.line.1.59rh-1]
14:01:03.799 [main] DEBUG org.hibernate.loader.Loader - found row of collection: [net.lojika.gtfs.model.Routes.routesCdkidCollection#istb.280622]
14:01:03.799 [main] DEBUG org.hibernate.loader.Loader - result row: EntityKey[net.lojika.gtfs.model.RoutesCdkid#gtfs.line.1.59rh-0]
14:01:03.799 [main] DEBUG org.hibernate.loader.Loader - found row of collection: [net.lojika.gtfs.model.Routes.routesCdkidCollection#istb.280622]
14:01:03.799 [main] DEBUG org.hibernate.jdbc.AbstractBatcher - about to close ResultSet (open ResultSets: 1, globally: 1)
14:01:03.799 [main] DEBUG org.hibernate.jdbc.AbstractBatcher - about to close PreparedStatement (open PreparedStatements: 1, globally: 1)
14:01:03.799 [main] DEBUG o.h.e.loading.CollectionLoadContext - 1 collections were found in result set for role: net.lojika.gtfs.model.Routes.routesCdkidCollection
14:01:03.799 [main] DEBUG o.h.e.loading.CollectionLoadContext - collection fully initialized: [net.lojika.gtfs.model.Routes.routesCdkidCollection#istb.280622]
14:01:03.799 [main] DEBUG o.h.e.loading.CollectionLoadContext - 1 collections initialized for role: net.lojika.gtfs.model.Routes.routesCdkidCollection
14:01:03.799 [main] DEBUG org.hibernate.loader.Loader - done loading collection
14:01:03.799 [main] DEBUG org.hibernate.loader.Loader - loading collection: [net.lojika.gtfs.model.Routes.routesCdkidCollection#istb.280623]
14:01:03.799 [main] DEBUG org.hibernate.jdbc.AbstractBatcher - about to open PreparedStatement (open PreparedStatements: 0, globally: 0)
14:01:03.799 [main] DEBUG org.hibernate.SQL - select routescdki0_.route_id as route2_2_1_, routescdki0_.route_cdk_id as route1_1_, routescdki0_.route_cdk_id as route1_3_0_, routescdki0_.route_id as route2_3_0_ from public.routes_cdkid routescdki0_ where routescdki0_.route_id=?
Hibernate: select routescdki0_.route_id as route2_2_1_, routescdki0_.route_cdk_id as route1_1_, routescdki0_.route_cdk_id as route1_3_0_, routescdki0_.route_id as route2_3_0_ from public.routes_cdkid routescdki0_ where routescdki0_.route_id=?
14:01:03.800 [main] DEBUG org.hibernate.jdbc.AbstractBatcher - about to open ResultSet (open ResultSets: 0, globally: 0)
14:01:03.800 [main] DEBUG org.hibernate.loader.Loader - result set contains (possibly empty) collection: [net.lojika.gtfs.model.Routes.routesCdkidCollection#istb.280623]
14:01:03.800 [main] DEBUG org.hibernate.loader.Loader - result row: EntityKey[net.lojika.gtfs.model.RoutesCdkid#gtfs.line.1.59rk-1]
14:01:03.800 [main] DEBUG org.hibernate.loader.Loader - found row of collection: [net.lojika.gtfs.model.Routes.routesCdkidCollection#istb.280623]
14:01:03.800 [main] DEBUG org.hibernate.loader.Loader - result row: EntityKey[net.lojika.gtfs.model.RoutesCdkid#gtfs.line.1.59rk-0]
14:01:03.800 [main] DEBUG org.hibernate.loader.Loader - found row of collection: [net.lojika.gtfs.model.Routes.routesCdkidCollection#istb.280623]
14:01:03.800 [main] DEBUG org.hibernate.jdbc.AbstractBatcher - about to close ResultSet (open ResultSets: 1, globally: 1)
14:01:03.800 [main] DEBUG org.hibernate.jdbc.AbstractBatcher - about to close PreparedStatement (open PreparedStatements: 1, globally: 1)
14:01:03.800 [main] DEBUG o.h.e.loading.CollectionLoadContext - 1 collections were found in result set for role: net.lojika.gtfs.model.Routes.routesCdkidCollection
14:01:03.800 [main] DEBUG o.h.e.loading.CollectionLoadContext - collection fully initialized: [net.lojika.gtfs.model.Routes.routesCdkidCollection#istb.280623]
14:01:03.800 [main] DEBUG o.h.e.loading.CollectionLoadContext - 1 collections initialized for role: net.lojika.gtfs.model.Routes.routesCdkidCollection
14:01:03.800 [main] DEBUG org.hibernate.loader.Loader - done loading collection
14:01:03.800 [main] DEBUG org.hibernate.loader.Loader - loading collection: [net.lojika.gtfs.model.Routes.routesCdkidCollection#istb.280624]
14:01:03.800 [main] DEBUG org.hibernate.jdbc.AbstractBatcher - about to open PreparedStatement (open PreparedStatements: 0, globally: 0)
14:01:03.800 [main] DEBUG org.hibernate.SQL - select routescdki0_.route_id as route2_2_1_, routescdki0_.route_cdk_id as route1_1_, routescdki0_.route_cdk_id as route1_3_0_, routescdki0_.route_id as route2_3_0_ from public.routes_cdkid routescdki0_ where routescdki0_.route_id=?
Hibernate: select routescdki0_.route_id as route2_2_1_, routescdki0_.route_cdk_id as route1_1_, routescdki0_.route_cdk_id as route1_3_0_, routescdki0_.route_id as route2_3_0_ from public.routes_cdkid routescdki0_ where routescdki0_.route_id=?
14:01:03.801 [main] DEBUG org.hibernate.jdbc.AbstractBatcher - about to open ResultSet (open ResultSets: 0, globally: 0)
14:01:03.801 [main] DEBUG org.hibernate.loader.Loader - result set contains (possibly empty) collection: [net.lojika.gtfs.model.Routes.routesCdkidCollection#istb.280624]
14:01:03.801 [main] DEBUG org.hibernate.loader.Loader - result row: EntityKey[net.lojika.gtfs.model.RoutesCdkid#gtfs.line.1.59rs-1]
14:01:03.801 [main] DEBUG org.hibernate.loader.Loader - found row of collection: [net.lojika.gtfs.model.Routes.routesCdkidCollection#istb.280624]
14:01:03.801 [main] DEBUG org.hibernate.loader.Loader - result row: EntityKey[net.lojika.gtfs.model.RoutesCdkid#gtfs.line.1.59rs-0]
14:01:03.801 [main] DEBUG org.hibernate.loader.Loader - found row of collection: [net.lojika.gtfs.model.Routes.routesCdkidCollection#istb.280624]
14:01:03.801 [main] DEBUG org.hibernate.jdbc.AbstractBatcher - about to close ResultSet (open ResultSets: 1, globally: 1)
14:01:03.801 [main] DEBUG org.hibernate.jdbc.AbstractBatcher - about to close PreparedStatement (open PreparedStatements: 1, globally: 1)
14:01:03.801 [main] DEBUG o.h.e.loading.CollectionLoadContext - 1 collections were found in result set for role: net.lojika.gtfs.model.Routes.routesCdkidCollection
14:01:03.801 [main] DEBUG o.h.e.loading.CollectionLoadContext - collection fully initialized: [net.lojika.gtfs.model.Routes.routesCdkidCollection#istb.280624]
14:01:03.801 [main] DEBUG o.h.e.loading.CollectionLoadContext - 1 collections initialized for role: net.lojika.gtfs.model.Routes.routesCdkidCollection
14:01:03.801 [main] DEBUG org.hibernate.loader.Loader - done loading collection
14:01:03.801 [main] DEBUG org.hibernate.loader.Loader - loading collection: [net.lojika.gtfs.model.Routes.routesCdkidCollection#istb.280625]
14:01:03.801 [main] DEBUG org.hibernate.jdbc.AbstractBatcher - about to open PreparedStatement (open PreparedStatements: 0, globally: 0)
14:01:03.801 [main] DEBUG org.hibernate.SQL - select routescdki0_.route_id as route2_2_1_, routescdki0_.route_cdk_id as route1_1_, routescdki0_.route_cdk_id as route1_3_0_, routescdki0_.route_id as route2_3_0_ from public.routes_cdkid routescdki0_ where routescdki0_.route_id=?
Hibernate: select routescdki0_.route_id as route2_2_1_, routescdki0_.route_cdk_id as route1_1_, routescdki0_.route_cdk_id as route1_3_0_, routescdki0_.route_id as route2_3_0_ from public.routes_cdkid routescdki0_ where routescdki0_.route_id=?
14:01:03.802 [main] DEBUG org.hibernate.jdbc.AbstractBatcher - about to open ResultSet (open ResultSets: 0, globally: 0)
14:01:03.802 [main] DEBUG org.hibernate.loader.Loader - result set contains (possibly empty) collection: [net.lojika.gtfs.model.Routes.routesCdkidCollection#istb.280625]
14:01:03.802 [main] DEBUG org.hibernate.loader.Loader - result row: EntityKey[net.lojika.gtfs.model.RoutesCdkid#gtfs.line.1.59s-0]
14:01:03.802 [main] DEBUG org.hibernate.loader.Loader - found row of collection: [net.lojika.gtfs.model.Routes.routesCdkidCollection#istb.280625]
14:01:03.802 [main] DEBUG org.hibernate.jdbc.AbstractBatcher - about to close ResultSet (open ResultSets: 1, globally: 1)
14:01:03.802 [main] DEBUG org.hibernate.jdbc.AbstractBatcher - about to close PreparedStatement (open PreparedStatements: 1, globally: 1)
14:01:03.802 [main] DEBUG o.h.e.loading.CollectionLoadContext - 1 collections were found in result set for role: net.lojika.gtfs.model.Routes.routesCdkidCollection
14:01:03.802 [main] DEBUG o.h.e.loading.CollectionLoadContext - collection fully initialized: [net.lojika.gtfs.model.Routes.routesCdkidCollection#istb.280625]
14:01:03.802 [main] DEBUG o.h.e.loading.CollectionLoadContext - 1 collections initialized for role: net.lojika.gtfs.model.Routes.routesCdkidCollection
14:01:03.802 [main] DEBUG org.hibernate.loader.Loader - done loading collection
14:01:03.802 [main] DEBUG org.hibernate.loader.Loader - loading collection: [net.lojika.gtfs.model.Routes.routesCdkidCollection#istb.280626]
14:01:03.802 [main] DEBUG org.hibernate.jdbc.AbstractBatcher - about to open PreparedStatement (open PreparedStatements: 0, globally: 0)
14:01:03.802 [main] DEBUG org.hibernate.SQL - select routescdki0_.route_id as route2_2_1_, routescdki0_.route_cdk_id as route1_1_, routescdki0_.route_cdk_id as route1_3_0_, routescdki0_.route_id as route2_3_0_ from public.routes_cdkid routescdki0_ where routescdki0_.route_id=?
Hibernate: select routescdki0_.route_id as route2_2_1_, routescdki0_.route_cdk_id as route1_1_, routescdki0_.route_cdk_id as route1_3_0_, routescdki0_.route_id as route2_3_0_ from public.routes_cdkid routescdki0_ where routescdki0_.route_id=?
14:01:03.803 [main] DEBUG org.hibernate.jdbc.AbstractBatcher - about to open ResultSet (open ResultSets: 0, globally: 0)
14:01:03.803 [main] DEBUG org.hibernate.loader.Loader - result set contains (possibly empty) collection: [net.lojika.gtfs.model.Routes.routesCdkidCollection#istb.280626]
14:01:03.803 [main] DEBUG org.hibernate.loader.Loader - result row: EntityKey[net.lojika.gtfs.model.RoutesCdkid#gtfs.line.1.59u-0]
14:01:03.803 [main] DEBUG org.hibernate.loader.Loader - found row of collection: [net.lojika.gtfs.model.Routes.routesCdkidCollection#istb.280626]
14:01:03.803 [main] DEBUG org.hibernate.jdbc.AbstractBatcher - about to close ResultSet (open ResultSets: 1, globally: 1)
14:01:03.803 [main] DEBUG org.hibernate.jdbc.AbstractBatcher - about to close PreparedStatement (open PreparedStatements: 1, globally: 1)
14:01:03.803 [main] DEBUG o.h.e.loading.CollectionLoadContext - 1 collections were found in result set for role: net.lojika.gtfs.model.Routes.routesCdkidCollection
14:01:03.803 [main] DEBUG o.h.e.loading.CollectionLoadContext - collection fully initialized: [net.lojika.gtfs.model.Routes.routesCdkidCollection#istb.280626]
14:01:03.803 [main] DEBUG o.h.e.loading.CollectionLoadContext - 1 collections initialized for role: net.lojika.gtfs.model.Routes.routesCdkidCollection
14:01:03.803 [main] DEBUG org.hibernate.loader.Loader - done loading collection
14:01:03.803 [main] DEBUG org.hibernate.loader.Loader - loading collection: [net.lojika.gtfs.model.Routes.routesCdkidCollection#istb.280627]
14:01:03.803 [main] DEBUG org.hibernate.jdbc.AbstractBatcher - about to open PreparedStatement (open PreparedStatements: 0, globally: 0)
14:01:03.803 [main] DEBUG org.hibernate.SQL - select routescdki0_.route_id as route2_2_1_, routescdki0_.route_cdk_id as route1_1_, routescdki0_.route_cdk_id as route1_3_0_, routescdki0_.route_id as route2_3_0_ from public.routes_cdkid routescdki0_ where routescdki0_.route_id=?
Hibernate: select routescdki0_.route_id as route2_2_1_, routescdki0_.route_cdk_id as route1_1_, routescdki0_.route_cdk_id as route1_3_0_, routescdki0_.route_id as route2_3_0_ from public.routes_cdkid routescdki0_ where routescdki0_.route_id=?
14:01:03.804 [main] DEBUG org.hibernate.jdbc.AbstractBatcher - about to open ResultSet (open ResultSets: 0, globally: 0)
14:01:03.804 [main] DEBUG org.hibernate.loader.Loader - result set contains (possibly empty) collection: [net.lojika.gtfs.model.Routes.routesCdkidCollection#istb.280627]
14:01:03.804 [main] DEBUG org.hibernate.loader.Loader - result row: EntityKey[net.lojika.gtfs.model.RoutesCdkid#gtfs.line.1.6-1]
14:01:03.804 [main] DEBUG org.hibernate.loader.Loader - found row of collection: [net.lojika.gtfs.model.Routes.routesCdkidCollection#istb.280627]
14:01:03.804 [main] DEBUG org.hibernate.loader.Loader - result row: EntityKey[net.lojika.gtfs.model.RoutesCdkid#gtfs.line.1.6-0]
14:01:03.804 [main] DEBUG org.hibernate.loader.Loader - found row of collection: [net.lojika.gtfs.model.Routes.routesCdkidCollection#istb.280627]
14:01:03.804 [main] DEBUG org.hibernate.jdbc.AbstractBatcher - about to close ResultSet (open ResultSets: 1, globally: 1)
14:01:03.804 [main] DEBUG org.hibernate.jdbc.AbstractBatcher - about to close PreparedStatement (open PreparedStatements: 1, globally: 1)
14:01:03.804 [main] DEBUG o.h.e.loading.CollectionLoadContext - 1 collections were found in result set for role: net.lojika.gtfs.model.Routes.routesCdkidCollection
14:01:03.804 [main] DEBUG o.h.e.loading.CollectionLoadContext - collection fully initialized: [net.lojika.gtfs.model.Routes.routesCdkidCollection#istb.280627]
14:01:03.804 [main] DEBUG o.h.e.loading.CollectionLoadContext - 1 collections initialized for role: net.lojika.gtfs.model.Routes.routesCdkidCollection
14:01:03.804 [main] DEBUG org.hibernate.loader.Loader - done loading collection
14:01:03.804 [main] DEBUG org.hibernate.loader.Loader - loading collection: [net.lojika.gtfs.model.Routes.routesCdkidCollection#istb.280628]
14:01:03.804 [main] DEBUG org.hibernate.jdbc.AbstractBatcher - about to open PreparedStatement (open PreparedStatements: 0, globally: 0)
14:01:03.804 [main] DEBUG org.hibernate.SQL - select routescdki0_.route_id as route2_2_1_, routescdki0_.route_cdk_id as route1_1_, routescdki0_.route_cdk_id as route1_3_0_, routescdki0_.route_id as route2_3_0_ from public.routes_cdkid routescdki0_ where routescdki0_.route_id=?
Hibernate: select routescdki0_.route_id as route2_2_1_, routescdki0_.route_cdk_id as route1_1_, routescdki0_.route_cdk_id as route1_3_0_, routescdki0_.route_id as route2_3_0_ from public.routes_cdkid routescdki0_ where routescdki0_.route_id=?
14:01:03.804 [main] DEBUG org.hibernate.jdbc.AbstractBatcher - about to open ResultSet (open ResultSets: 0, globally: 0)
14:01:03.804 [main] DEBUG org.hibernate.loader.Loader - result set contains (possibly empty) collection: [net.lojika.gtfs.model.Routes.routesCdkidCollection#istb.280628]
14:01:03.805 [main] DEBUG org.hibernate.loader.Loader - result row: EntityKey[net.lojika.gtfs.model.RoutesCdkid#gtfs.line.1.61b-1]
14:01:03.805 [main] DEBUG org.hibernate.loader.Loader - found row of collection: [net.lojika.gtfs.model.Routes.routesCdkidCollection#istb.280628]
14:01:03.805 [main] DEBUG org.hibernate.loader.Loader - result row: EntityKey[net.lojika.gtfs.model.RoutesCdkid#gtfs.line.1.61b-0]
14:01:03.805 [main] DEBUG org.hibernate.loader.Loader - found row of collection: [net.lojika.gtfs.model.Routes.routesCdkidCollection#istb.280628]
14:01:03.805 [main] DEBUG org.hibernate.jdbc.AbstractBatcher - about to close ResultSet (open ResultSets: 1, globally: 1)
14:01:03.805 [main] DEBUG org.hibernate.jdbc.AbstractBatcher - about to close PreparedStatement (open PreparedStatements: 1, globally: 1)
14:01:03.805 [main] DEBUG o.h.e.loading.CollectionLoadContext - 1 collections were found in result set for role: net.lojika.gtfs.model.Routes.routesCdkidCollection
14:01:03.805 [main] DEBUG o.h.e.loading.CollectionLoadContext - collection fully initialized: [net.lojika.gtfs.model.Routes.routesCdkidCollection#istb.280628]
14:01:03.805 [main] DEBUG o.h.e.loading.CollectionLoadContext - 1 collections initialized for role: net.lojika.gtfs.model.Routes.routesCdkidCollection
14:01:03.805 [main] DEBUG org.hibernate.loader.Loader - done loading collection
14:01:03.805 [main] DEBUG org.hibernate.loader.Loader - loading collection: [net.lojika.gtfs.model.Routes.routesCdkidCollection#istb.280630]
14:01:03.805 [main] DEBUG org.hibernate.jdbc.AbstractBatcher - about to open PreparedStatement (open PreparedStatements: 0, globally: 0)
14:01:03.805 [main] DEBUG org.hibernate.SQL - select routescdki0_.route_id as route2_2_1_, routescdki0_.route_cdk_id as route1_1_, routescdki0_.route_cdk_id as route1_3_0_, routescdki0_.route_id as route2_3_0_ from public.routes_cdkid routescdki0_ where routescdki0_.route_id=?
Hibernate: select routescdki0_.route_id as route2_2_1_, routescdki0_.route_cdk_id as route1_1_, routescdki0_.route_cdk_id as route1_3_0_, routescdki0_.route_id as route2_3_0_ from public.routes_cdkid routescdki0_ where routescdki0_.route_id=?
14:01:03.805 [main] DEBUG org.hibernate.jdbc.AbstractBatcher - about to open ResultSet (open ResultSets: 0, globally: 0)
14:01:03.805 [main] DEBUG org.hibernate.loader.Loader - result set contains (possibly empty) collection: [net.lojika.gtfs.model.Routes.routesCdkidCollection#istb.280630]
14:01:03.805 [main] DEBUG org.hibernate.loader.Loader - result row: EntityKey[net.lojika.gtfs.model.RoutesCdkid#gtfs.line.1.62g-1]
14:01:03.806 [main] DEBUG org.hibernate.loader.Loader - found row of collection: [net.lojika.gtfs.model.Routes.routesCdkidCollection#istb.280630]
14:01:03.806 [main] DEBUG org.hibernate.loader.Loader - result row: EntityKey[net.lojika.gtfs.model.RoutesCdkid#gtfs.line.1.62g-0]
14:01:03.806 [main] DEBUG org.hibernate.loader.Loader - found row of collection: [net.lojika.gtfs.model.Routes.routesCdkidCollection#istb.280630]
14:01:03.806 [main] DEBUG org.hibernate.jdbc.AbstractBatcher - about to close ResultSet (open ResultSets: 1, globally: 1)
14:01:03.806 [main] DEBUG org.hibernate.jdbc.AbstractBatcher - about to close PreparedStatement (open PreparedStatements: 1, globally: 1)
14:01:03.806 [main] DEBUG o.h.e.loading.CollectionLoadContext - 1 collections were found in result set for role: net.lojika.gtfs.model.Routes.routesCdkidCollection
14:01:03.806 [main] DEBUG o.h.e.loading.CollectionLoadContext - collection fully initialized: [net.lojika.gtfs.model.Routes.routesCdkidCollection#istb.280630]
14:01:03.806 [main] DEBUG o.h.e.loading.CollectionLoadContext - 1 collections initialized for role: net.lojika.gtfs.model.Routes.routesCdkidCollection
14:01:03.806 [main] DEBUG org.hibernate.loader.Loader - done loading collection
14:01:03.806 [main] DEBUG org.hibernate.loader.Loader - loading collection: [net.lojika.gtfs.model.Routes.routesCdkidCollection#istb.280634]
14:01:03.806 [main] DEBUG org.hibernate.jdbc.AbstractBatcher - about to open PreparedStatement (open PreparedStatements: 0, globally: 0)
14:01:03.806 [main] DEBUG org.hibernate.SQL - select routescdki0_.route_id as route2_2_1_, routescdki0_.route_cdk_id as route1_1_, routescdki0_.route_cdk_id as route1_3_0_, routescdki0_.route_id as route2_3_0_ from public.routes_cdkid routescdki0_ where routescdki0_.route_id=?
Hibernate: select routescdki0_.route_id as route2_2_1_, routescdki0_.route_cdk_id as route1_1_, routescdki0_.route_cdk_id as route1_3_0_, routescdki0_.route_id as route2_3_0_ from public.routes_cdkid routescdki0_ where routescdki0_.route_id=?
14:01:03.807 [main] DEBUG org.hibernate.jdbc.AbstractBatcher - about to open ResultSet (open ResultSets: 0, globally: 0)
14:01:03.807 [main] DEBUG org.hibernate.loader.Loader - result set contains (possibly empty) collection: [net.lojika.gtfs.model.Routes.routesCdkidCollection#istb.280634]
14:01:03.807 [main] DEBUG org.hibernate.loader.Loader - result row: EntityKey[net.lojika.gtfs.model.RoutesCdkid#gtfs.line.1.66-1]
14:01:03.807 [main] DEBUG org.hibernate.loader.Loader - found row of collection: [net.lojika.gtfs.model.Routes.routesCdkidCollection#istb.280634]
14:01:03.807 [main] DEBUG org.hibernate.loader.Loader - result row: EntityKey[net.lojika.gtfs.model.RoutesCdkid#gtfs.line.1.66-0]
14:01:03.807 [main] DEBUG org.hibernate.loader.Loader - found row of collection: [net.lojika.gtfs.model.Routes.routesCdkidCollection#istb.280634]
14:01:03.807 [main] DEBUG org.hibernate.jdbc.AbstractBatcher - about to close ResultSet (open ResultSets: 1, globally: 1)
14:01:03.807 [main] DEBUG org.hibernate.jdbc.AbstractBatcher - about to close PreparedStatement (open PreparedStatements: 1, globally: 1)
14:01:03.807 [main] DEBUG o.h.e.loading.CollectionLoadContext - 1 collections were found in result set for role: net.lojika.gtfs.model.Routes.routesCdkidCollection
14:01:03.807 [main] DEBUG o.h.e.loading.CollectionLoadContext - collection fully initialized: [net.lojika.gtfs.model.Routes.routesCdkidCollection#istb.280634]
14:01:03.807 [main] DEBUG o.h.e.loading.CollectionLoadContext - 1 collections initialized for role: net.lojika.gtfs.model.Routes.routesCdkidCollection
14:01:03.807 [main] DEBUG org.hibernate.loader.Loader - done loading collection
14:01:03.807 [main] DEBUG org.hibernate.loader.Loader - loading collection: [net.lojika.gtfs.model.Routes.routesCdkidCollection#istb.280635]
14:01:03.807 [main] DEBUG org.hibernate.jdbc.AbstractBatcher - about to open PreparedStatement (open PreparedStatements: 0, globally: 0)
14:01:03.807 [main] DEBUG org.hibernate.SQL - select routescdki0_.route_id as route2_2_1_, routescdki0_.route_cdk_id as route1_1_, routescdki0_.route_cdk_id as route1_3_0_, routescdki0_.route_id as route2_3_0_ from public.routes_cdkid routescdki0_ where routescdki0_.route_id=?
Hibernate: select routescdki0_.route_id as route2_2_1_, routescdki0_.route_cdk_id as route1_1_, routescdki0_.route_cdk_id as route1_3_0_, routescdki0_.route_id as route2_3_0_ from public.routes_cdkid routescdki0_ where routescdki0_.route_id=?
14:01:03.808 [main] DEBUG org.hibernate.jdbc.AbstractBatcher - about to open ResultSet (open ResultSets: 0, globally: 0)
14:01:03.808 [main] DEBUG org.hibernate.loader.Loader - result set contains (possibly empty) collection: [net.lojika.gtfs.model.Routes.routesCdkidCollection#istb.280635]
14:01:03.808 [main] DEBUG org.hibernate.loader.Loader - result row: EntityKey[net.lojika.gtfs.model.RoutesCdkid#gtfs.line.1.66z-0]
14:01:03.808 [main] DEBUG org.hibernate.loader.Loader - found row of collection: [net.lojika.gtfs.model.Routes.routesCdkidCollection#istb.280635]
14:01:03.808 [main] DEBUG org.hibernate.jdbc.AbstractBatcher - about to close ResultSet (open ResultSets: 1, globally: 1)
14:01:03.808 [main] DEBUG org.hibernate.jdbc.AbstractBatcher - about to close PreparedStatement (open PreparedStatements: 1, globally: 1)
14:01:03.808 [main] DEBUG o.h.e.loading.CollectionLoadContext - 1 collections were found in result set for role: net.lojika.gtfs.model.Routes.routesCdkidCollection
14:01:03.808 [main] DEBUG o.h.e.loading.CollectionLoadContext - collection fully initialized: [net.lojika.gtfs.model.Routes.routesCdkidCollection#istb.280635]
14:01:03.808 [main] DEBUG o.h.e.loading.CollectionLoadContext - 1 collections initialized for role: net.lojika.gtfs.model.Routes.routesCdkidCollection
14:01:03.808 [main] DEBUG org.hibernate.loader.Loader - done loading collection
14:01:03.808 [main] DEBUG org.hibernate.loader.Loader - loading collection: [net.lojika.gtfs.model.Routes.routesCdkidCollection#istb.280636]
14:01:03.808 [main] DEBUG org.hibernate.jdbc.AbstractBatcher - about to open PreparedStatement (open PreparedStatements: 0, globally: 0)
14:01:03.808 [main] DEBUG org.hibernate.SQL - select routescdki0_.route_id as route2_2_1_, routescdki0_.route_cdk_id as route1_1_, routescdki0_.route_cdk_id as route1_3_0_, routescdki0_.route_id as route2_3_0_ from public.routes_cdkid routescdki0_ where routescdki0_.route_id=?
Hibernate: select routescdki0_.route_id as route2_2_1_, routescdki0_.route_cdk_id as route1_1_, routescdki0_.route_cdk_id as route1_3_0_, routescdki0_.route_id as route2_3_0_ from public.routes_cdkid routescdki0_ where routescdki0_.route_id=?
14:01:03.809 [main] DEBUG org.hibernate.jdbc.AbstractBatcher - about to open ResultSet (open ResultSets: 0, globally: 0)
14:01:03.809 [main] DEBUG org.hibernate.loader.Loader - result set contains (possibly empty) collection: [net.lojika.gtfs.model.Routes.routesCdkidCollection#istb.280636]
14:01:03.809 [main] DEBUG org.hibernate.loader.Loader - result row: EntityKey[net.lojika.gtfs.model.RoutesCdkid#gtfs.line.1.69a-1]
14:01:03.809 [main] DEBUG org.hibernate.loader.Loader - found row of collection: [net.lojika.gtfs.model.Routes.routesCdkidCollection#istb.280636]
14:01:03.809 [main] DEBUG org.hibernate.loader.Loader - result row: EntityKey[net.lojika.gtfs.model.RoutesCdkid#gtfs.line.1.69a-0]
14:01:03.809 [main] DEBUG org.hibernate.loader.Loader - found row of collection: [net.lojika.gtfs.model.Routes.routesCdkidCollection#istb.280636]
14:01:03.809 [main] DEBUG org.hibernate.jdbc.AbstractBatcher - about to close ResultSet (open ResultSets: 1, globally: 1)
14:01:03.809 [main] DEBUG org.hibernate.jdbc.AbstractBatcher - about to close PreparedStatement (open PreparedStatements: 1, globally: 1)
14:01:03.810 [main] DEBUG o.h.e.loading.CollectionLoadContext - 1 collections were found in result set for role: net.lojika.gtfs.model.Routes.routesCdkidCollection
14:01:03.810 [main] DEBUG o.h.e.loading.CollectionLoadContext - collection fully initialized: [net.lojika.gtfs.model.Routes.routesCdkidCollection#istb.280636]
14:01:03.810 [main] DEBUG o.h.e.loading.CollectionLoadContext - 1 collections initialized for role: net.lojika.gtfs.model.Routes.routesCdkidCollection
14:01:03.810 [main] DEBUG org.hibernate.loader.Loader - done loading collection
14:01:03.810 [main] DEBUG org.hibernate.loader.Loader - loading collection: [net.lojika.gtfs.model.Routes.routesCdkidCollection#istb.280637]
14:01:03.810 [main] DEBUG org.hibernate.jdbc.AbstractBatcher - about to open PreparedStatement (open PreparedStatements: 0, globally: 0)
14:01:03.810 [main] DEBUG org.hibernate.SQL - select routescdki0_.route_id as route2_2_1_, routescdki0_.route_cdk_id as route1_1_, routescdki0_.route_cdk_id as route1_3_0_, routescdki0_.route_id as route2_3_0_ from public.routes_cdkid routescdki0_ where routescdki0_.route_id=?
Hibernate: select routescdki0_.route_id as route2_2_1_, routescdki0_.route_cdk_id as route1_1_, routescdki0_.route_cdk_id as route1_3_0_, routescdki0_.route_id as route2_3_0_ from public.routes_cdkid routescdki0_ where routescdki0_.route_id=?
14:01:03.810 [main] DEBUG org.hibernate.jdbc.AbstractBatcher - about to open ResultSet (open ResultSets: 0, globally: 0)
14:01:03.810 [main] DEBUG org.hibernate.loader.Loader - result set contains (possibly empty) collection: [net.lojika.gtfs.model.Routes.routesCdkidCollection#istb.280637]
14:01:03.810 [main] DEBUG org.hibernate.loader.Loader - result row: EntityKey[net.lojika.gtfs.model.RoutesCdkid#gtfs.line.1.7-0]
14:01:03.810 [main] DEBUG org.hibernate.loader.Loader - found row of collection: [net.lojika.gtfs.model.Routes.routesCdkidCollection#istb.280637]
14:01:03.810 [main] DEBUG org.hibernate.jdbc.AbstractBatcher - about to close ResultSet (open ResultSets: 1, globally: 1)
14:01:03.810 [main] DEBUG org.hibernate.jdbc.AbstractBatcher - about to close PreparedStatement (open PreparedStatements: 1, globally: 1)
14:01:03.810 [main] DEBUG o.h.e.loading.CollectionLoadContext - 1 collections were found in result set for role: net.lojika.gtfs.model.Routes.routesCdkidCollection
14:01:03.810 [main] DEBUG o.h.e.loading.CollectionLoadContext - collection fully initialized: [net.lojika.gtfs.model.Routes.routesCdkidCollection#istb.280637]
14:01:03.810 [main] DEBUG o.h.e.loading.CollectionLoadContext - 1 collections initialized for role: net.lojika.gtfs.model.Routes.routesCdkidCollection
14:01:03.810 [main] DEBUG org.hibernate.loader.Loader - done loading collection
14:01:03.811 [main] DEBUG org.hibernate.loader.Loader - loading collection: [net.lojika.gtfs.model.Routes.routesCdkidCollection#istb.280638]
14:01:03.811 [main] DEBUG org.hibernate.jdbc.AbstractBatcher - about to open PreparedStatement (open PreparedStatements: 0, globally: 0)
14:01:03.811 [main] DEBUG org.hibernate.SQL - select routescdki0_.route_id as route2_2_1_, routescdki0_.route_cdk_id as route1_1_, routescdki0_.route_cdk_id as route1_3_0_, routescdki0_.route_id as route2_3_0_ from public.routes_cdkid routescdki0_ where routescdki0_.route_id=?
Hibernate: select routescdki0_.route_id as route2_2_1_, routescdki0_.route_cdk_id as route1_1_, routescdki0_.route_cdk_id as route1_3_0_, routescdki0_.route_id as route2_3_0_ from public.routes_cdkid routescdki0_ where routescdki0_.route_id=?
14:01:03.811 [main] DEBUG org.hibernate.jdbc.AbstractBatcher - about to open ResultSet (open ResultSets: 0, globally: 0)
14:01:03.811 [main] DEBUG org.hibernate.loader.Loader - result set contains (possibly empty) collection: [net.lojika.gtfs.model.Routes.routesCdkidCollection#istb.280638]
14:01:03.811 [main] DEBUG org.hibernate.loader.Loader - result row: EntityKey[net.lojika.gtfs.model.RoutesCdkid#gtfs.line.1.70fe-1]
14:01:03.811 [main] DEBUG org.hibernate.loader.Loader - found row of collection: [net.lojika.gtfs.model.Routes.routesCdkidCollection#istb.280638]
14:01:03.811 [main] DEBUG org.hibernate.loader.Loader - result row: EntityKey[net.lojika.gtfs.model.RoutesCdkid#gtfs.line.1.70fe-0]
14:01:03.811 [main] DEBUG org.hibernate.loader.Loader - found row of collection: [net.lojika.gtfs.model.Routes.routesCdkidCollection#istb.280638]
14:01:03.811 [main] DEBUG org.hibernate.jdbc.AbstractBatcher - about to close ResultSet (open ResultSets: 1, globally: 1)
14:01:03.811 [main] DEBUG org.hibernate.jdbc.AbstractBatcher - about to close PreparedStatement (open PreparedStatements: 1, globally: 1)
14:01:03.811 [main] DEBUG o.h.e.loading.CollectionLoadContext - 1 collections were found in result set for role: net.lojika.gtfs.model.Routes.routesCdkidCollection
14:01:03.811 [main] DEBUG o.h.e.loading.CollectionLoadContext - collection fully initialized: [net.lojika.gtfs.model.Routes.routesCdkidCollection#istb.280638]
14:01:03.811 [main] DEBUG o.h.e.loading.CollectionLoadContext - 1 collections initialized for role: net.lojika.gtfs.model.Routes.routesCdkidCollection
14:01:03.811 [main] DEBUG org.hibernate.loader.Loader - done loading collection
14:01:03.811 [main] DEBUG org.hibernate.loader.Loader - loading collection: [net.lojika.gtfs.model.Routes.routesCdkidCollection#istb.280639]
14:01:03.811 [main] DEBUG org.hibernate.jdbc.AbstractBatcher - about to open PreparedStatement (open PreparedStatements: 0, globally: 0)
14:01:03.811 [main] DEBUG org.hibernate.SQL - select routescdki0_.route_id as route2_2_1_, routescdki0_.route_cdk_id as route1_1_, routescdki0_.route_cdk_id as route1_3_0_, routescdki0_.route_id as route2_3_0_ from public.routes_cdkid routescdki0_ where routescdki0_.route_id=?
Hibernate: select routescdki0_.route_id as route2_2_1_, routescdki0_.route_cdk_id as route1_1_, routescdki0_.route_cdk_id as route1_3_0_, routescdki0_.route_id as route2_3_0_ from public.routes_cdkid routescdki0_ where routescdki0_.route_id=?
14:01:03.812 [main] DEBUG org.hibernate.jdbc.AbstractBatcher - about to open ResultSet (open ResultSets: 0, globally: 0)
14:01:03.812 [main] DEBUG org.hibernate.loader.Loader - result set contains (possibly empty) collection: [net.lojika.gtfs.model.Routes.routesCdkidCollection#istb.280639]
14:01:03.812 [main] DEBUG org.hibernate.loader.Loader - result row: EntityKey[net.lojika.gtfs.model.RoutesCdkid#gtfs.line.1.70fy-1]
14:01:03.812 [main] DEBUG org.hibernate.loader.Loader - found row of collection: [net.lojika.gtfs.model.Routes.routesCdkidCollection#istb.280639]
14:01:03.812 [main] DEBUG org.hibernate.loader.Loader - result row: EntityKey[net.lojika.gtfs.model.RoutesCdkid#gtfs.line.1.70fy-0]
14:01:03.812 [main] DEBUG org.hibernate.loader.Loader - found row of collection: [net.lojika.gtfs.model.Routes.routesCdkidCollection#istb.280639]
14:01:03.812 [main] DEBUG org.hibernate.jdbc.AbstractBatcher - about to close ResultSet (open ResultSets: 1, globally: 1)
14:01:03.812 [main] DEBUG org.hibernate.jdbc.AbstractBatcher - about to close PreparedStatement (open PreparedStatements: 1, globally: 1)
14:01:03.812 [main] DEBUG o.h.e.loading.CollectionLoadContext - 1 collections were found in result set for role: net.lojika.gtfs.model.Routes.routesCdkidCollection
14:01:03.812 [main] DEBUG o.h.e.loading.CollectionLoadContext - collection fully initialized: [net.lojika.gtfs.model.Routes.routesCdkidCollection#istb.280639]
14:01:03.812 [main] DEBUG o.h.e.loading.CollectionLoadContext - 1 collections initialized for role: net.lojika.gtfs.model.Routes.routesCdkidCollection
14:01:03.812 [main] DEBUG org.hibernate.loader.Loader - done loading collection
14:01:03.812 [main] DEBUG org.hibernate.loader.Loader - loading collection: [net.lojika.gtfs.model.Routes.routesCdkidCollection#istb.280640]
14:01:03.812 [main] DEBUG org.hibernate.jdbc.AbstractBatcher - about to open PreparedStatement (open PreparedStatements: 0, globally: 0)
14:01:03.812 [main] DEBUG org.hibernate.SQL - select routescdki0_.route_id as route2_2_1_, routescdki0_.route_cdk_id as route1_1_, routescdki0_.route_cdk_id as route1_3_0_, routescdki0_.route_id as route2_3_0_ from public.routes_cdkid routescdki0_ where routescdki0_.route_id=?
Hibernate: select routescdki0_.route_id as route2_2_1_, routescdki0_.route_cdk_id as route1_1_, routescdki0_.route_cdk_id as route1_3_0_, routescdki0_.route_id as route2_3_0_ from public.routes_cdkid routescdki0_ where routescdki0_.route_id=?
14:01:03.813 [main] DEBUG org.hibernate.jdbc.AbstractBatcher - about to open ResultSet (open ResultSets: 0, globally: 0)
14:01:03.813 [main] DEBUG org.hibernate.loader.Loader - result set contains (possibly empty) collection: [net.lojika.gtfs.model.Routes.routesCdkidCollection#istb.280640]
14:01:03.813 [main] DEBUG org.hibernate.loader.Loader - result row: EntityKey[net.lojika.gtfs.model.RoutesCdkid#gtfs.line.1.70ke-1]
14:01:03.813 [main] DEBUG org.hibernate.loader.Loader - found row of collection: [net.lojika.gtfs.model.Routes.routesCdkidCollection#istb.280640]
14:01:03.813 [main] DEBUG org.hibernate.loader.Loader - result row: EntityKey[net.lojika.gtfs.model.RoutesCdkid#gtfs.line.1.70ke-0]
14:01:03.813 [main] DEBUG org.hibernate.loader.Loader - found row of collection: [net.lojika.gtfs.model.Routes.routesCdkidCollection#istb.280640]
14:01:03.813 [main] DEBUG org.hibernate.jdbc.AbstractBatcher - about to close ResultSet (open ResultSets: 1, globally: 1)
14:01:03.813 [main] DEBUG org.hibernate.jdbc.AbstractBatcher - about to close PreparedStatement (open PreparedStatements: 1, globally: 1)
14:01:03.813 [main] DEBUG o.h.e.loading.CollectionLoadContext - 1 collections were found in result set for role: net.lojika.gtfs.model.Routes.routesCdkidCollection
14:01:03.813 [main] DEBUG o.h.e.loading.CollectionLoadContext - collection fully initialized: [net.lojika.gtfs.model.Routes.routesCdkidCollection#istb.280640]
14:01:03.813 [main] DEBUG o.h.e.loading.CollectionLoadContext - 1 collections initialized for role: net.lojika.gtfs.model.Routes.routesCdkidCollection
14:01:03.813 [main] DEBUG org.hibernate.loader.Loader - done loading collection
14:01:03.813 [main] DEBUG org.hibernate.loader.Loader - loading collection: [net.lojika.gtfs.model.Routes.routesCdkidCollection#istb.280641]
14:01:03.813 [main] DEBUG org.hibernate.jdbc.AbstractBatcher - about to open PreparedStatement (open PreparedStatements: 0, globally: 0)
14:01:03.813 [main] DEBUG org.hibernate.SQL - select routescdki0_.route_id as route2_2_1_, routescdki0_.route_cdk_id as route1_1_, routescdki0_.route_cdk_id as route1_3_0_, routescdki0_.route_id as route2_3_0_ from public.routes_cdkid routescdki0_ where routescdki0_.route_id=?
Hibernate: select routescdki0_.route_id as route2_2_1_, routescdki0_.route_cdk_id as route1_1_, routescdki0_.route_cdk_id as route1_3_0_, routescdki0_.route_id as route2_3_0_ from public.routes_cdkid routescdki0_ where routescdki0_.route_id=?
14:01:03.813 [main] DEBUG org.hibernate.jdbc.AbstractBatcher - about to open ResultSet (open ResultSets: 0, globally: 0)
14:01:03.813 [main] DEBUG org.hibernate.loader.Loader - result set contains (possibly empty) collection: [net.lojika.gtfs.model.Routes.routesCdkidCollection#istb.280641]
14:01:03.814 [main] DEBUG org.hibernate.loader.Loader - result row: EntityKey[net.lojika.gtfs.model.RoutesCdkid#gtfs.line.1.70ky-1]
14:01:03.814 [main] DEBUG org.hibernate.loader.Loader - found row of collection: [net.lojika.gtfs.model.Routes.routesCdkidCollection#istb.280641]
14:01:03.814 [main] DEBUG org.hibernate.loader.Loader - result row: EntityKey[net.lojika.gtfs.model.RoutesCdkid#gtfs.line.1.70ky-0]
14:01:03.814 [main] DEBUG org.hibernate.loader.Loader - found row of collection: [net.lojika.gtfs.model.Routes.routesCdkidCollection#istb.280641]
14:01:03.814 [main] DEBUG org.hibernate.jdbc.AbstractBatcher - about to close ResultSet (open ResultSets: 1, globally: 1)
14:01:03.814 [main] DEBUG org.hibernate.jdbc.AbstractBatcher - about to close PreparedStatement (open PreparedStatements: 1, globally: 1)
14:01:03.814 [main] DEBUG o.h.e.loading.CollectionLoadContext - 1 collections were found in result set for role: net.lojika.gtfs.model.Routes.routesCdkidCollection
14:01:03.814 [main] DEBUG o.h.e.loading.CollectionLoadContext - collection fully initialized: [net.lojika.gtfs.model.Routes.routesCdkidCollection#istb.280641]
14:01:03.814 [main] DEBUG o.h.e.loading.CollectionLoadContext - 1 collections initialized for role: net.lojika.gtfs.model.Routes.routesCdkidCollection
14:01:03.814 [main] DEBUG org.hibernate.loader.Loader - done loading collection
14:01:03.814 [main] DEBUG org.hibernate.loader.Loader - loading collection: [net.lojika.gtfs.model.Routes.routesCdkidCollection#istb.280643]
14:01:03.814 [main] DEBUG org.hibernate.jdbc.AbstractBatcher - about to open PreparedStatement (open PreparedStatements: 0, globally: 0)
14:01:03.814 [main] DEBUG org.hibernate.SQL - select routescdki0_.route_id as route2_2_1_, routescdki0_.route_cdk_id as route1_1_, routescdki0_.route_cdk_id as route1_3_0_, routescdki0_.route_id as route2_3_0_ from public.routes_cdkid routescdki0_ where routescdki0_.route_id=?
Hibernate: select routescdki0_.route_id as route2_2_1_, routescdki0_.route_cdk_id as route1_1_, routescdki0_.route_cdk_id as route1_3_0_, routescdki0_.route_id as route2_3_0_ from public.routes_cdkid routescdki0_ where routescdki0_.route_id=?
14:01:03.814 [main] DEBUG org.hibernate.jdbc.AbstractBatcher - about to open ResultSet (open ResultSets: 0, globally: 0)
14:01:03.814 [main] DEBUG org.hibernate.loader.Loader - result set contains (possibly empty) collection: [net.lojika.gtfs.model.Routes.routesCdkidCollection#istb.280643]
14:01:03.814 [main] DEBUG org.hibernate.loader.Loader - result row: EntityKey[net.lojika.gtfs.model.RoutesCdkid#gtfs.line.1.71t-1]
14:01:03.814 [main] DEBUG org.hibernate.loader.Loader - found row of collection: [net.lojika.gtfs.model.Routes.routesCdkidCollection#istb.280643]
14:01:03.814 [main] DEBUG org.hibernate.loader.Loader - result row: EntityKey[net.lojika.gtfs.model.RoutesCdkid#gtfs.line.1.71t-0]
14:01:03.814 [main] DEBUG org.hibernate.loader.Loader - found row of collection: [net.lojika.gtfs.model.Routes.routesCdkidCollection#istb.280643]
14:01:03.814 [main] DEBUG org.hibernate.jdbc.AbstractBatcher - about to close ResultSet (open ResultSets: 1, globally: 1)
14:01:03.815 [main] DEBUG org.hibernate.jdbc.AbstractBatcher - about to close PreparedStatement (open PreparedStatements: 1, globally: 1)
14:01:03.815 [main] DEBUG o.h.e.loading.CollectionLoadContext - 1 collections were found in result set for role: net.lojika.gtfs.model.Routes.routesCdkidCollection
14:01:03.815 [main] DEBUG o.h.e.loading.CollectionLoadContext - collection fully initialized: [net.lojika.gtfs.model.Routes.routesCdkidCollection#istb.280643]
14:01:03.815 [main] DEBUG o.h.e.loading.CollectionLoadContext - 1 collections initialized for role: net.lojika.gtfs.model.Routes.routesCdkidCollection
14:01:03.815 [main] DEBUG org.hibernate.loader.Loader - done loading collection
14:01:03.815 [main] DEBUG org.hibernate.loader.Loader - loading collection: [net.lojika.gtfs.model.Routes.routesCdkidCollection#istb.280644]
14:01:03.815 [main] DEBUG org.hibernate.jdbc.AbstractBatcher - about to open PreparedStatement (open PreparedStatements: 0, globally: 0)
14:01:03.815 [main] DEBUG org.hibernate.SQL - select routescdki0_.route_id as route2_2_1_, routescdki0_.route_cdk_id as route1_1_, routescdki0_.route_cdk_id as route1_3_0_, routescdki0_.route_id as route2_3_0_ from public.routes_cdkid routescdki0_ where routescdki0_.route_id=?
Hibernate: select routescdki0_.route_id as route2_2_1_, routescdki0_.route_cdk_id as route1_1_, routescdki0_.route_cdk_id as route1_3_0_, routescdki0_.route_id as route2_3_0_ from public.routes_cdkid routescdki0_ where routescdki0_.route_id=?
14:01:03.815 [main] DEBUG org.hibernate.jdbc.AbstractBatcher - about to open ResultSet (open ResultSets: 0, globally: 0)
14:01:03.815 [main] DEBUG org.hibernate.loader.Loader - result set contains (possibly empty) collection: [net.lojika.gtfs.model.Routes.routesCdkidCollection#istb.280644]
14:01:03.815 [main] DEBUG org.hibernate.loader.Loader - result row: EntityKey[net.lojika.gtfs.model.RoutesCdkid#gtfs.line.1.72t-1]
14:01:03.815 [main] DEBUG org.hibernate.loader.Loader - found row of collection: [net.lojika.gtfs.model.Routes.routesCdkidCollection#istb.280644]
14:01:03.815 [main] DEBUG org.hibernate.loader.Loader - result row: EntityKey[net.lojika.gtfs.model.RoutesCdkid#gtfs.line.1.72t-0]
14:01:03.816 [main] DEBUG org.hibernate.loader.Loader - found row of collection: [net.lojika.gtfs.model.Routes.routesCdkidCollection#istb.280644]
14:01:03.816 [main] DEBUG org.hibernate.jdbc.AbstractBatcher - about to close ResultSet (open ResultSets: 1, globally: 1)
14:01:03.816 [main] DEBUG org.hibernate.jdbc.AbstractBatcher - about to close PreparedStatement (open PreparedStatements: 1, globally: 1)
14:01:03.816 [main] DEBUG o.h.e.loading.CollectionLoadContext - 1 collections were found in result set for role: net.lojika.gtfs.model.Routes.routesCdkidCollection
14:01:03.816 [main] DEBUG o.h.e.loading.CollectionLoadContext - collection fully initialized: [net.lojika.gtfs.model.Routes.routesCdkidCollection#istb.280644]
14:01:03.816 [main] DEBUG o.h.e.loading.CollectionLoadContext - 1 collections initialized for role: net.lojika.gtfs.model.Routes.routesCdkidCollection
14:01:03.816 [main] DEBUG org.hibernate.loader.Loader - done loading collection
14:01:03.816 [main] DEBUG org.hibernate.loader.Loader - loading collection: [net.lojika.gtfs.model.Routes.routesCdkidCollection#istb.280646]
14:01:03.816 [main] DEBUG org.hibernate.jdbc.AbstractBatcher - about to open PreparedStatement (open PreparedStatements: 0, globally: 0)
14:01:03.816 [main] DEBUG org.hibernate.SQL - select routescdki0_.route_id as route2_2_1_, routescdki0_.route_cdk_id as route1_1_, routescdki0_.route_cdk_id as route1_3_0_, routescdki0_.route_id as route2_3_0_ from public.routes_cdkid routescdki0_ where routescdki0_.route_id=?
Hibernate: select routescdki0_.route_id as route2_2_1_, routescdki0_.route_cdk_id as route1_1_, routescdki0_.route_cdk_id as route1_3_0_, routescdki0_.route_id as route2_3_0_ from public.routes_cdkid routescdki0_ where routescdki0_.route_id=?
14:01:03.816 [main] DEBUG org.hibernate.jdbc.AbstractBatcher - about to open ResultSet (open ResultSets: 0, globally: 0)
14:01:03.816 [main] DEBUG org.hibernate.loader.Loader - result set contains (possibly empty) collection: [net.lojika.gtfs.model.Routes.routesCdkidCollection#istb.280646]
14:01:03.816 [main] DEBUG org.hibernate.loader.Loader - result row: EntityKey[net.lojika.gtfs.model.RoutesCdkid#gtfs.line.1.73-1]
14:01:03.816 [main] DEBUG org.hibernate.loader.Loader - found row of collection: [net.lojika.gtfs.model.Routes.routesCdkidCollection#istb.280646]
14:01:03.816 [main] DEBUG org.hibernate.loader.Loader - result row: EntityKey[net.lojika.gtfs.model.RoutesCdkid#gtfs.line.1.73-0]
14:01:03.816 [main] DEBUG org.hibernate.loader.Loader - found row of collection: [net.lojika.gtfs.model.Routes.routesCdkidCollection#istb.280646]
14:01:03.817 [main] DEBUG org.hibernate.jdbc.AbstractBatcher - about to close ResultSet (open ResultSets: 1, globally: 1)
14:01:03.817 [main] DEBUG org.hibernate.jdbc.AbstractBatcher - about to close PreparedStatement (open PreparedStatements: 1, globally: 1)
14:01:03.817 [main] DEBUG o.h.e.loading.CollectionLoadContext - 1 collections were found in result set for role: net.lojika.gtfs.model.Routes.routesCdkidCollection
14:01:03.817 [main] DEBUG o.h.e.loading.CollectionLoadContext - collection fully initialized: [net.lojika.gtfs.model.Routes.routesCdkidCollection#istb.280646]
14:01:03.817 [main] DEBUG o.h.e.loading.CollectionLoadContext - 1 collections initialized for role: net.lojika.gtfs.model.Routes.routesCdkidCollection
14:01:03.817 [main] DEBUG org.hibernate.loader.Loader - done loading collection
14:01:03.817 [main] DEBUG org.hibernate.loader.Loader - loading collection: [net.lojika.gtfs.model.Routes.routesCdkidCollection#istb.280647]
14:01:03.817 [main] DEBUG org.hibernate.jdbc.AbstractBatcher - about to open PreparedStatement (open PreparedStatements: 0, globally: 0)
14:01:03.817 [main] DEBUG org.hibernate.SQL - select routescdki0_.route_id as route2_2_1_, routescdki0_.route_cdk_id as route1_1_, routescdki0_.route_cdk_id as route1_3_0_, routescdki0_.route_id as route2_3_0_ from public.routes_cdkid routescdki0_ where routescdki0_.route_id=?
Hibernate: select routescdki0_.route_id as route2_2_1_, routescdki0_.route_cdk_id as route1_1_, routescdki0_.route_cdk_id as route1_3_0_, routescdki0_.route_id as route2_3_0_ from public.routes_cdkid routescdki0_ where routescdki0_.route_id=?
14:01:03.817 [main] DEBUG org.hibernate.jdbc.AbstractBatcher - about to open ResultSet (open ResultSets: 0, globally: 0)
14:01:03.817 [main] DEBUG org.hibernate.loader.Loader - result set contains (possibly empty) collection: [net.lojika.gtfs.model.Routes.routesCdkidCollection#istb.280647]
14:01:03.817 [main] DEBUG org.hibernate.loader.Loader - result row: EntityKey[net.lojika.gtfs.model.RoutesCdkid#gtfs.line.1.73f-1]
14:01:03.817 [main] DEBUG org.hibernate.loader.Loader - found row of collection: [net.lojika.gtfs.model.Routes.routesCdkidCollection#istb.280647]
14:01:03.818 [main] DEBUG org.hibernate.loader.Loader - result row: EntityKey[net.lojika.gtfs.model.RoutesCdkid#gtfs.line.1.73f-0]
14:01:03.818 [main] DEBUG org.hibernate.loader.Loader - found row of collection: [net.lojika.gtfs.model.Routes.routesCdkidCollection#istb.280647]
14:01:03.818 [main] DEBUG org.hibernate.jdbc.AbstractBatcher - about to close ResultSet (open ResultSets: 1, globally: 1)
14:01:03.818 [main] DEBUG org.hibernate.jdbc.AbstractBatcher - about to close PreparedStatement (open PreparedStatements: 1, globally: 1)
14:01:03.818 [main] DEBUG o.h.e.loading.CollectionLoadContext - 1 collections were found in result set for role: net.lojika.gtfs.model.Routes.routesCdkidCollection
14:01:03.818 [main] DEBUG o.h.e.loading.CollectionLoadContext - collection fully initialized: [net.lojika.gtfs.model.Routes.routesCdkidCollection#istb.280647]
14:01:03.818 [main] DEBUG o.h.e.loading.CollectionLoadContext - 1 collections initialized for role: net.lojika.gtfs.model.Routes.routesCdkidCollection
14:01:03.818 [main] DEBUG org.hibernate.loader.Loader - done loading collection
14:01:03.818 [main] DEBUG org.hibernate.loader.Loader - loading collection: [net.lojika.gtfs.model.Routes.routesCdkidCollection#istb.280648]
14:01:03.818 [main] DEBUG org.hibernate.jdbc.AbstractBatcher - about to open PreparedStatement (open PreparedStatements: 0, globally: 0)
14:01:03.818 [main] DEBUG org.hibernate.SQL - select routescdki0_.route_id as route2_2_1_, routescdki0_.route_cdk_id as route1_1_, routescdki0_.route_cdk_id as route1_3_0_, routescdki0_.route_id as route2_3_0_ from public.routes_cdkid routescdki0_ where routescdki0_.route_id=?
Hibernate: select routescdki0_.route_id as route2_2_1_, routescdki0_.route_cdk_id as route1_1_, routescdki0_.route_cdk_id as route1_3_0_, routescdki0_.route_id as route2_3_0_ from public.routes_cdkid routescdki0_ where routescdki0_.route_id=?
14:01:03.819 [main] DEBUG org.hibernate.jdbc.AbstractBatcher - about to open ResultSet (open ResultSets: 0, globally: 0)
14:01:03.819 [main] DEBUG org.hibernate.loader.Loader - result set contains (possibly empty) collection: [net.lojika.gtfs.model.Routes.routesCdkidCollection#istb.280648]
14:01:03.819 [main] DEBUG org.hibernate.loader.Loader - result row: EntityKey[net.lojika.gtfs.model.RoutesCdkid#gtfs.line.1.73t-1]
14:01:03.819 [main] DEBUG org.hibernate.loader.Loader - found row of collection: [net.lojika.gtfs.model.Routes.routesCdkidCollection#istb.280648]
14:01:03.819 [main] DEBUG org.hibernate.loader.Loader - result row: EntityKey[net.lojika.gtfs.model.RoutesCdkid#gtfs.line.1.73t-0]
14:01:03.819 [main] DEBUG org.hibernate.loader.Loader - found row of collection: [net.lojika.gtfs.model.Routes.routesCdkidCollection#istb.280648]
14:01:03.819 [main] DEBUG org.hibernate.jdbc.AbstractBatcher - about to close ResultSet (open ResultSets: 1, globally: 1)
14:01:03.819 [main] DEBUG org.hibernate.jdbc.AbstractBatcher - about to close PreparedStatement (open PreparedStatements: 1, globally: 1)
14:01:03.819 [main] DEBUG o.h.e.loading.CollectionLoadContext - 1 collections were found in result set for role: net.lojika.gtfs.model.Routes.routesCdkidCollection
14:01:03.819 [main] DEBUG o.h.e.loading.CollectionLoadContext - collection fully initialized: [net.lojika.gtfs.model.Routes.routesCdkidCollection#istb.280648]
14:01:03.819 [main] DEBUG o.h.e.loading.CollectionLoadContext - 1 collections initialized for role: net.lojika.gtfs.model.Routes.routesCdkidCollection
14:01:03.819 [main] DEBUG org.hibernate.loader.Loader - done loading collection
14:01:03.819 [main] DEBUG org.hibernate.loader.Loader - loading collection: [net.lojika.gtfs.model.Routes.routesCdkidCollection#istb.280650]
14:01:03.819 [main] DEBUG org.hibernate.jdbc.AbstractBatcher - about to open PreparedStatement (open PreparedStatements: 0, globally: 0)
14:01:03.819 [main] DEBUG org.hibernate.SQL - select routescdki0_.route_id as route2_2_1_, routescdki0_.route_cdk_id as route1_1_, routescdki0_.route_cdk_id as route1_3_0_, routescdki0_.route_id as route2_3_0_ from public.routes_cdkid routescdki0_ where routescdki0_.route_id=?
Hibernate: select routescdki0_.route_id as route2_2_1_, routescdki0_.route_cdk_id as route1_1_, routescdki0_.route_cdk_id as route1_3_0_, routescdki0_.route_id as route2_3_0_ from public.routes_cdkid routescdki0_ where routescdki0_.route_id=?
14:01:03.820 [main] DEBUG org.hibernate.jdbc.AbstractBatcher - about to open ResultSet (open ResultSets: 0, globally: 0)
14:01:03.820 [main] DEBUG org.hibernate.loader.Loader - result set contains (possibly empty) collection: [net.lojika.gtfs.model.Routes.routesCdkidCollection#istb.280650]
14:01:03.820 [main] DEBUG org.hibernate.loader.Loader - result row: EntityKey[net.lojika.gtfs.model.RoutesCdkid#gtfs.line.1.74-1]
14:01:03.820 [main] DEBUG org.hibernate.loader.Loader - found row of collection: [net.lojika.gtfs.model.Routes.routesCdkidCollection#istb.280650]
14:01:03.820 [main] DEBUG org.hibernate.loader.Loader - result row: EntityKey[net.lojika.gtfs.model.RoutesCdkid#gtfs.line.1.74-0]
14:01:03.820 [main] DEBUG org.hibernate.loader.Loader - found row of collection: [net.lojika.gtfs.model.Routes.routesCdkidCollection#istb.280650]
14:01:03.820 [main] DEBUG org.hibernate.jdbc.AbstractBatcher - about to close ResultSet (open ResultSets: 1, globally: 1)
14:01:03.820 [main] DEBUG org.hibernate.jdbc.AbstractBatcher - about to close PreparedStatement (open PreparedStatements: 1, globally: 1)
14:01:03.820 [main] DEBUG o.h.e.loading.CollectionLoadContext - 1 collections were found in result set for role: net.lojika.gtfs.model.Routes.routesCdkidCollection
14:01:03.820 [main] DEBUG o.h.e.loading.CollectionLoadContext - collection fully initialized: [net.lojika.gtfs.model.Routes.routesCdkidCollection#istb.280650]
14:01:03.820 [main] DEBUG o.h.e.loading.CollectionLoadContext - 1 collections initialized for role: net.lojika.gtfs.model.Routes.routesCdkidCollection
14:01:03.820 [main] DEBUG org.hibernate.loader.Loader - done loading collection
14:01:03.820 [main] DEBUG org.hibernate.loader.Loader - loading collection: [net.lojika.gtfs.model.Routes.routesCdkidCollection#istb.280651]
14:01:03.820 [main] DEBUG org.hibernate.jdbc.AbstractBatcher - about to open PreparedStatement (open PreparedStatements: 0, globally: 0)
14:01:03.820 [main] DEBUG org.hibernate.SQL - select routescdki0_.route_id as route2_2_1_, routescdki0_.route_cdk_id as route1_1_, routescdki0_.route_cdk_id as route1_3_0_, routescdki0_.route_id as route2_3_0_ from public.routes_cdkid routescdki0_ where routescdki0_.route_id=?
Hibernate: select routescdki0_.route_id as route2_2_1_, routescdki0_.route_cdk_id as route1_1_, routescdki0_.route_cdk_id as route1_3_0_, routescdki0_.route_id as route2_3_0_ from public.routes_cdkid routescdki0_ where routescdki0_.route_id=?
14:01:03.821 [main] DEBUG org.hibernate.jdbc.AbstractBatcher - about to open ResultSet (open ResultSets: 0, globally: 0)
14:01:03.821 [main] DEBUG org.hibernate.loader.Loader - result set contains (possibly empty) collection: [net.lojika.gtfs.model.Routes.routesCdkidCollection#istb.280651]
14:01:03.821 [main] DEBUG org.hibernate.loader.Loader - result row: EntityKey[net.lojika.gtfs.model.RoutesCdkid#gtfs.line.1.74a-1]
14:01:03.821 [main] DEBUG org.hibernate.loader.Loader - found row of collection: [net.lojika.gtfs.model.Routes.routesCdkidCollection#istb.280651]
14:01:03.821 [main] DEBUG org.hibernate.loader.Loader - result row: EntityKey[net.lojika.gtfs.model.RoutesCdkid#gtfs.line.1.74a-0]
14:01:03.821 [main] DEBUG org.hibernate.loader.Loader - found row of collection: [net.lojika.gtfs.model.Routes.routesCdkidCollection#istb.280651]
14:01:03.821 [main] DEBUG org.hibernate.jdbc.AbstractBatcher - about to close ResultSet (open ResultSets: 1, globally: 1)
14:01:03.821 [main] DEBUG org.hibernate.jdbc.AbstractBatcher - about to close PreparedStatement (open PreparedStatements: 1, globally: 1)
14:01:03.821 [main] DEBUG o.h.e.loading.CollectionLoadContext - 1 collections were found in result set for role: net.lojika.gtfs.model.Routes.routesCdkidCollection
14:01:03.821 [main] DEBUG o.h.e.loading.CollectionLoadContext - collection fully initialized: [net.lojika.gtfs.model.Routes.routesCdkidCollection#istb.280651]
14:01:03.821 [main] DEBUG o.h.e.loading.CollectionLoadContext - 1 collections initialized for role: net.lojika.gtfs.model.Routes.routesCdkidCollection
14:01:03.821 [main] DEBUG org.hibernate.loader.Loader - done loading collection
14:01:03.821 [main] DEBUG org.hibernate.loader.Loader - loading collection: [net.lojika.gtfs.model.Routes.routesCdkidCollection#istb.280652]
14:01:03.821 [main] DEBUG org.hibernate.jdbc.AbstractBatcher - about to open PreparedStatement (open PreparedStatements: 0, globally: 0)
14:01:03.821 [main] DEBUG org.hibernate.SQL - select routescdki0_.route_id as route2_2_1_, routescdki0_.route_cdk_id as route1_1_, routescdki0_.route_cdk_id as route1_3_0_, routescdki0_.route_id as route2_3_0_ from public.routes_cdkid routescdki0_ where routescdki0_.route_id=?
Hibernate: select routescdki0_.route_id as route2_2_1_, routescdki0_.route_cdk_id as route1_1_, routescdki0_.route_cdk_id as route1_3_0_, routescdki0_.route_id as route2_3_0_ from public.routes_cdkid routescdki0_ where routescdki0_.route_id=?
14:01:03.822 [main] DEBUG org.hibernate.jdbc.AbstractBatcher - about to open ResultSet (open ResultSets: 0, globally: 0)
14:01:03.822 [main] DEBUG org.hibernate.loader.Loader - result set contains (possibly empty) collection: [net.lojika.gtfs.model.Routes.routesCdkidCollection#istb.280652]
14:01:03.822 [main] DEBUG org.hibernate.loader.Loader - result row: EntityKey[net.lojika.gtfs.model.RoutesCdkid#gtfs.line.1.75m-1]
14:01:03.822 [main] DEBUG org.hibernate.loader.Loader - found row of collection: [net.lojika.gtfs.model.Routes.routesCdkidCollection#istb.280652]
14:01:03.822 [main] DEBUG org.hibernate.loader.Loader - result row: EntityKey[net.lojika.gtfs.model.RoutesCdkid#gtfs.line.1.75m-0]
14:01:03.822 [main] DEBUG org.hibernate.loader.Loader - found row of collection: [net.lojika.gtfs.model.Routes.routesCdkidCollection#istb.280652]
14:01:03.822 [main] DEBUG org.hibernate.jdbc.AbstractBatcher - about to close ResultSet (open ResultSets: 1, globally: 1)
14:01:03.822 [main] DEBUG org.hibernate.jdbc.AbstractBatcher - about to close PreparedStatement (open PreparedStatements: 1, globally: 1)
14:01:03.822 [main] DEBUG o.h.e.loading.CollectionLoadContext - 1 collections were found in result set for role: net.lojika.gtfs.model.Routes.routesCdkidCollection
14:01:03.822 [main] DEBUG o.h.e.loading.CollectionLoadContext - collection fully initialized: [net.lojika.gtfs.model.Routes.routesCdkidCollection#istb.280652]
14:01:03.822 [main] DEBUG o.h.e.loading.CollectionLoadContext - 1 collections initialized for role: net.lojika.gtfs.model.Routes.routesCdkidCollection
14:01:03.822 [main] DEBUG org.hibernate.loader.Loader - done loading collection
14:01:03.822 [main] DEBUG org.hibernate.loader.Loader - loading collection: [net.lojika.gtfs.model.Routes.routesCdkidCollection#istb.280653]
14:01:03.822 [main] DEBUG org.hibernate.jdbc.AbstractBatcher - about to open PreparedStatement (open PreparedStatements: 0, globally: 0)
14:01:03.823 [main] DEBUG org.hibernate.SQL - select routescdki0_.route_id as route2_2_1_, routescdki0_.route_cdk_id as route1_1_, routescdki0_.route_cdk_id as route1_3_0_, routescdki0_.route_id as route2_3_0_ from public.routes_cdkid routescdki0_ where routescdki0_.route_id=?
Hibernate: select routescdki0_.route_id as route2_2_1_, routescdki0_.route_cdk_id as route1_1_, routescdki0_.route_cdk_id as route1_3_0_, routescdki0_.route_id as route2_3_0_ from public.routes_cdkid routescdki0_ where routescdki0_.route_id=?
14:01:03.823 [main] DEBUG org.hibernate.jdbc.AbstractBatcher - about to open ResultSet (open ResultSets: 0, globally: 0)
14:01:03.823 [main] DEBUG org.hibernate.loader.Loader - result set contains (possibly empty) collection: [net.lojika.gtfs.model.Routes.routesCdkidCollection#istb.280653]
14:01:03.823 [main] DEBUG org.hibernate.loader.Loader - result row: EntityKey[net.lojika.gtfs.model.RoutesCdkid#gtfs.line.1.75o-1]
14:01:03.823 [main] DEBUG org.hibernate.loader.Loader - found row of collection: [net.lojika.gtfs.model.Routes.routesCdkidCollection#istb.280653]
14:01:03.823 [main] DEBUG org.hibernate.loader.Loader - result row: EntityKey[net.lojika.gtfs.model.RoutesCdkid#gtfs.line.1.75o-0]
14:01:03.823 [main] DEBUG org.hibernate.loader.Loader - found row of collection: [net.lojika.gtfs.model.Routes.routesCdkidCollection#istb.280653]
14:01:03.823 [main] DEBUG org.hibernate.jdbc.AbstractBatcher - about to close ResultSet (open ResultSets: 1, globally: 1)
14:01:03.823 [main] DEBUG org.hibernate.jdbc.AbstractBatcher - about to close PreparedStatement (open PreparedStatements: 1, globally: 1)
14:01:03.823 [main] DEBUG o.h.e.loading.CollectionLoadContext - 1 collections were found in result set for role: net.lojika.gtfs.model.Routes.routesCdkidCollection
14:01:03.823 [main] DEBUG o.h.e.loading.CollectionLoadContext - collection fully initialized: [net.lojika.gtfs.model.Routes.routesCdkidCollection#istb.280653]
14:01:03.823 [main] DEBUG o.h.e.loading.CollectionLoadContext - 1 collections initialized for role: net.lojika.gtfs.model.Routes.routesCdkidCollection
14:01:03.823 [main] DEBUG org.hibernate.loader.Loader - done loading collection
14:01:03.823 [main] DEBUG org.hibernate.loader.Loader - loading collection: [net.lojika.gtfs.model.Routes.routesCdkidCollection#istb.280654]
14:01:03.823 [main] DEBUG org.hibernate.jdbc.AbstractBatcher - about to open PreparedStatement (open PreparedStatements: 0, globally: 0)
14:01:03.823 [main] DEBUG org.hibernate.SQL - select routescdki0_.route_id as route2_2_1_, routescdki0_.route_cdk_id as route1_1_, routescdki0_.route_cdk_id as route1_3_0_, routescdki0_.route_id as route2_3_0_ from public.routes_cdkid routescdki0_ where routescdki0_.route_id=?
Hibernate: select routescdki0_.route_id as route2_2_1_, routescdki0_.route_cdk_id as route1_1_, routescdki0_.route_cdk_id as route1_3_0_, routescdki0_.route_id as route2_3_0_ from public.routes_cdkid routescdki0_ where routescdki0_.route_id=?
14:01:03.824 [main] DEBUG org.hibernate.jdbc.AbstractBatcher - about to open ResultSet (open ResultSets: 0, globally: 0)
14:01:03.824 [main] DEBUG org.hibernate.loader.Loader - result set contains (possibly empty) collection: [net.lojika.gtfs.model.Routes.routesCdkidCollection#istb.280654]
14:01:03.824 [main] DEBUG org.hibernate.loader.Loader - result row: EntityKey[net.lojika.gtfs.model.RoutesCdkid#gtfs.line.1.76-1]
14:01:03.824 [main] DEBUG org.hibernate.loader.Loader - found row of collection: [net.lojika.gtfs.model.Routes.routesCdkidCollection#istb.280654]
14:01:03.824 [main] DEBUG org.hibernate.loader.Loader - result row: EntityKey[net.lojika.gtfs.model.RoutesCdkid#gtfs.line.1.76-0]
14:01:03.824 [main] DEBUG org.hibernate.loader.Loader - found row of collection: [net.lojika.gtfs.model.Routes.routesCdkidCollection#istb.280654]
14:01:03.824 [main] DEBUG org.hibernate.jdbc.AbstractBatcher - about to close ResultSet (open ResultSets: 1, globally: 1)
14:01:03.824 [main] DEBUG org.hibernate.jdbc.AbstractBatcher - about to close PreparedStatement (open PreparedStatements: 1, globally: 1)
14:01:03.824 [main] DEBUG o.h.e.loading.CollectionLoadContext - 1 collections were found in result set for role: net.lojika.gtfs.model.Routes.routesCdkidCollection
14:01:03.824 [main] DEBUG o.h.e.loading.CollectionLoadContext - collection fully initialized: [net.lojika.gtfs.model.Routes.routesCdkidCollection#istb.280654]
14:01:03.824 [main] DEBUG o.h.e.loading.CollectionLoadContext - 1 collections initialized for role: net.lojika.gtfs.model.Routes.routesCdkidCollection
14:01:03.824 [main] DEBUG org.hibernate.loader.Loader - done loading collection
14:01:03.824 [main] DEBUG org.hibernate.loader.Loader - loading collection: [net.lojika.gtfs.model.Routes.routesCdkidCollection#istb.280655]
14:01:03.824 [main] DEBUG org.hibernate.jdbc.AbstractBatcher - about to open PreparedStatement (open PreparedStatements: 0, globally: 0)
14:01:03.824 [main] DEBUG org.hibernate.SQL - select routescdki0_.route_id as route2_2_1_, routescdki0_.route_cdk_id as route1_1_, routescdki0_.route_cdk_id as route1_3_0_, routescdki0_.route_id as route2_3_0_ from public.routes_cdkid routescdki0_ where routescdki0_.route_id=?
Hibernate: select routescdki0_.route_id as route2_2_1_, routescdki0_.route_cdk_id as route1_1_, routescdki0_.route_cdk_id as route1_3_0_, routescdki0_.route_id as route2_3_0_ from public.routes_cdkid routescdki0_ where routescdki0_.route_id=?
14:01:03.825 [main] DEBUG org.hibernate.jdbc.AbstractBatcher - about to open ResultSet (open ResultSets: 0, globally: 0)
14:01:03.825 [main] DEBUG org.hibernate.loader.Loader - result set contains (possibly empty) collection: [net.lojika.gtfs.model.Routes.routesCdkidCollection#istb.280655]
14:01:03.825 [main] DEBUG org.hibernate.loader.Loader - result row: EntityKey[net.lojika.gtfs.model.RoutesCdkid#gtfs.line.1.76b-1]
14:01:03.825 [main] DEBUG org.hibernate.loader.Loader - found row of collection: [net.lojika.gtfs.model.Routes.routesCdkidCollection#istb.280655]
14:01:03.825 [main] DEBUG org.hibernate.loader.Loader - result row: EntityKey[net.lojika.gtfs.model.RoutesCdkid#gtfs.line.1.76b-0]
14:01:03.825 [main] DEBUG org.hibernate.loader.Loader - found row of collection: [net.lojika.gtfs.model.Routes.routesCdkidCollection#istb.280655]
14:01:03.825 [main] DEBUG org.hibernate.jdbc.AbstractBatcher - about to close ResultSet (open ResultSets: 1, globally: 1)
14:01:03.825 [main] DEBUG org.hibernate.jdbc.AbstractBatcher - about to close PreparedStatement (open PreparedStatements: 1, globally: 1)
14:01:03.825 [main] DEBUG o.h.e.loading.CollectionLoadContext - 1 collections were found in result set for role: net.lojika.gtfs.model.Routes.routesCdkidCollection
14:01:03.825 [main] DEBUG o.h.e.loading.CollectionLoadContext - collection fully initialized: [net.lojika.gtfs.model.Routes.routesCdkidCollection#istb.280655]
14:01:03.825 [main] DEBUG o.h.e.loading.CollectionLoadContext - 1 collections initialized for role: net.lojika.gtfs.model.Routes.routesCdkidCollection
14:01:03.825 [main] DEBUG org.hibernate.loader.Loader - done loading collection
14:01:03.825 [main] DEBUG org.hibernate.loader.Loader - loading collection: [net.lojika.gtfs.model.Routes.routesCdkidCollection#istb.280657]
14:01:03.825 [main] DEBUG org.hibernate.jdbc.AbstractBatcher - about to open PreparedStatement (open PreparedStatements: 0, globally: 0)
14:01:03.825 [main] DEBUG org.hibernate.SQL - select routescdki0_.route_id as route2_2_1_, routescdki0_.route_cdk_id as route1_1_, routescdki0_.route_cdk_id as route1_3_0_, routescdki0_.route_id as route2_3_0_ from public.routes_cdkid routescdki0_ where routescdki0_.route_id=?
Hibernate: select routescdki0_.route_id as route2_2_1_, routescdki0_.route_cdk_id as route1_1_, routescdki0_.route_cdk_id as route1_3_0_, routescdki0_.route_id as route2_3_0_ from public.routes_cdkid routescdki0_ where routescdki0_.route_id=?
14:01:03.826 [main] DEBUG org.hibernate.jdbc.AbstractBatcher - about to open ResultSet (open ResultSets: 0, globally: 0)
14:01:03.826 [main] DEBUG org.hibernate.loader.Loader - result set contains (possibly empty) collection: [net.lojika.gtfs.model.Routes.routesCdkidCollection#istb.280657]
14:01:03.826 [main] DEBUG org.hibernate.loader.Loader - result row: EntityKey[net.lojika.gtfs.model.RoutesCdkid#gtfs.line.1.76d-1]
14:01:03.826 [main] DEBUG org.hibernate.loader.Loader - found row of collection: [net.lojika.gtfs.model.Routes.routesCdkidCollection#istb.280657]
14:01:03.826 [main] DEBUG org.hibernate.loader.Loader - result row: EntityKey[net.lojika.gtfs.model.RoutesCdkid#gtfs.line.1.76d-0]
14:01:03.826 [main] DEBUG org.hibernate.loader.Loader - found row of collection: [net.lojika.gtfs.model.Routes.routesCdkidCollection#istb.280657]
14:01:03.826 [main] DEBUG org.hibernate.jdbc.AbstractBatcher - about to close ResultSet (open ResultSets: 1, globally: 1)
14:01:03.826 [main] DEBUG org.hibernate.jdbc.AbstractBatcher - about to close PreparedStatement (open PreparedStatements: 1, globally: 1)
14:01:03.826 [main] DEBUG o.h.e.loading.CollectionLoadContext - 1 collections were found in result set for role: net.lojika.gtfs.model.Routes.routesCdkidCollection
14:01:03.826 [main] DEBUG o.h.e.loading.CollectionLoadContext - collection fully initialized: [net.lojika.gtfs.model.Routes.routesCdkidCollection#istb.280657]
14:01:03.826 [main] DEBUG o.h.e.loading.CollectionLoadContext - 1 collections initialized for role: net.lojika.gtfs.model.Routes.routesCdkidCollection
14:01:03.826 [main] DEBUG org.hibernate.loader.Loader - done loading collection
14:01:03.826 [main] DEBUG org.hibernate.loader.Loader - loading collection: [net.lojika.gtfs.model.Routes.routesCdkidCollection#istb.280658]
14:01:03.826 [main] DEBUG org.hibernate.jdbc.AbstractBatcher - about to open PreparedStatement (open PreparedStatements: 0, globally: 0)
14:01:03.826 [main] DEBUG org.hibernate.SQL - select routescdki0_.route_id as route2_2_1_, routescdki0_.route_cdk_id as route1_1_, routescdki0_.route_cdk_id as route1_3_0_, routescdki0_.route_id as route2_3_0_ from public.routes_cdkid routescdki0_ where routescdki0_.route_id=?
Hibernate: select routescdki0_.route_id as route2_2_1_, routescdki0_.route_cdk_id as route1_1_, routescdki0_.route_cdk_id as route1_3_0_, routescdki0_.route_id as route2_3_0_ from public.routes_cdkid routescdki0_ where routescdki0_.route_id=?
14:01:03.827 [main] DEBUG org.hibernate.jdbc.AbstractBatcher - about to open ResultSet (open ResultSets: 0, globally: 0)
14:01:03.827 [main] DEBUG org.hibernate.loader.Loader - result set contains (possibly empty) collection: [net.lojika.gtfs.model.Routes.routesCdkidCollection#istb.280658]
14:01:03.827 [main] DEBUG org.hibernate.loader.Loader - result row: EntityKey[net.lojika.gtfs.model.RoutesCdkid#gtfs.line.1.76e-1]
14:01:03.827 [main] DEBUG org.hibernate.loader.Loader - found row of collection: [net.lojika.gtfs.model.Routes.routesCdkidCollection#istb.280658]
14:01:03.827 [main] DEBUG org.hibernate.loader.Loader - result row: EntityKey[net.lojika.gtfs.model.RoutesCdkid#gtfs.line.1.76e-0]
14:01:03.827 [main] DEBUG org.hibernate.loader.Loader - found row of collection: [net.lojika.gtfs.model.Routes.routesCdkidCollection#istb.280658]
14:01:03.827 [main] DEBUG org.hibernate.jdbc.AbstractBatcher - about to close ResultSet (open ResultSets: 1, globally: 1)
14:01:03.827 [main] DEBUG org.hibernate.jdbc.AbstractBatcher - about to close PreparedStatement (open PreparedStatements: 1, globally: 1)
14:01:03.827 [main] DEBUG o.h.e.loading.CollectionLoadContext - 1 collections were found in result set for role: net.lojika.gtfs.model.Routes.routesCdkidCollection
14:01:03.827 [main] DEBUG o.h.e.loading.CollectionLoadContext - collection fully initialized: [net.lojika.gtfs.model.Routes.routesCdkidCollection#istb.280658]
14:01:03.827 [main] DEBUG o.h.e.loading.CollectionLoadContext - 1 collections initialized for role: net.lojika.gtfs.model.Routes.routesCdkidCollection
14:01:03.827 [main] DEBUG org.hibernate.loader.Loader - done loading collection
14:01:03.827 [main] DEBUG org.hibernate.loader.Loader - loading collection: [net.lojika.gtfs.model.Routes.routesCdkidCollection#istb.280661]
14:01:03.827 [main] DEBUG org.hibernate.jdbc.AbstractBatcher - about to open PreparedStatement (open PreparedStatements: 0, globally: 0)
14:01:03.827 [main] DEBUG org.hibernate.SQL - select routescdki0_.route_id as route2_2_1_, routescdki0_.route_cdk_id as route1_1_, routescdki0_.route_cdk_id as route1_3_0_, routescdki0_.route_id as route2_3_0_ from public.routes_cdkid routescdki0_ where routescdki0_.route_id=?
Hibernate: select routescdki0_.route_id as route2_2_1_, routescdki0_.route_cdk_id as route1_1_, routescdki0_.route_cdk_id as route1_3_0_, routescdki0_.route_id as route2_3_0_ from public.routes_cdkid routescdki0_ where routescdki0_.route_id=?
14:01:03.828 [main] DEBUG org.hibernate.jdbc.AbstractBatcher - about to open ResultSet (open ResultSets: 0, globally: 0)
14:01:03.828 [main] DEBUG org.hibernate.loader.Loader - result set contains (possibly empty) collection: [net.lojika.gtfs.model.Routes.routesCdkidCollection#istb.280661]
14:01:03.828 [main] DEBUG org.hibernate.loader.Loader - result row: EntityKey[net.lojika.gtfs.model.RoutesCdkid#gtfs.line.1.76m-1]
14:01:03.828 [main] DEBUG org.hibernate.loader.Loader - found row of collection: [net.lojika.gtfs.model.Routes.routesCdkidCollection#istb.280661]
14:01:03.828 [main] DEBUG org.hibernate.loader.Loader - result row: EntityKey[net.lojika.gtfs.model.RoutesCdkid#gtfs.line.1.76m-0]
14:01:03.828 [main] DEBUG org.hibernate.loader.Loader - found row of collection: [net.lojika.gtfs.model.Routes.routesCdkidCollection#istb.280661]
14:01:03.828 [main] DEBUG org.hibernate.jdbc.AbstractBatcher - about to close ResultSet (open ResultSets: 1, globally: 1)
14:01:03.828 [main] DEBUG org.hibernate.jdbc.AbstractBatcher - about to close PreparedStatement (open PreparedStatements: 1, globally: 1)
14:01:03.828 [main] DEBUG o.h.e.loading.CollectionLoadContext - 1 collections were found in result set for role: net.lojika.gtfs.model.Routes.routesCdkidCollection
14:01:03.828 [main] DEBUG o.h.e.loading.CollectionLoadContext - collection fully initialized: [net.lojika.gtfs.model.Routes.routesCdkidCollection#istb.280661]
14:01:03.828 [main] DEBUG o.h.e.loading.CollectionLoadContext - 1 collections initialized for role: net.lojika.gtfs.model.Routes.routesCdkidCollection
14:01:03.828 [main] DEBUG org.hibernate.loader.Loader - done loading collection
14:01:03.828 [main] DEBUG org.hibernate.loader.Loader - loading collection: [net.lojika.gtfs.model.Routes.routesCdkidCollection#istb.280662]
14:01:03.828 [main] DEBUG org.hibernate.jdbc.AbstractBatcher - about to open PreparedStatement (open PreparedStatements: 0, globally: 0)
14:01:03.828 [main] DEBUG org.hibernate.SQL - select routescdki0_.route_id as route2_2_1_, routescdki0_.route_cdk_id as route1_1_, routescdki0_.route_cdk_id as route1_3_0_, routescdki0_.route_id as route2_3_0_ from public.routes_cdkid routescdki0_ where routescdki0_.route_id=?
Hibernate: select routescdki0_.route_id as route2_2_1_, routescdki0_.route_cdk_id as route1_1_, routescdki0_.route_cdk_id as route1_3_0_, routescdki0_.route_id as route2_3_0_ from public.routes_cdkid routescdki0_ where routescdki0_.route_id=?
14:01:03.828 [main] DEBUG org.hibernate.jdbc.AbstractBatcher - about to open ResultSet (open ResultSets: 0, globally: 0)
14:01:03.828 [main] DEBUG org.hibernate.loader.Loader - result set contains (possibly empty) collection: [net.lojika.gtfs.model.Routes.routesCdkidCollection#istb.280662]
14:01:03.828 [main] DEBUG org.hibernate.loader.Loader - result row: EntityKey[net.lojika.gtfs.model.RoutesCdkid#gtfs.line.1.76o-1]
14:01:03.829 [main] DEBUG org.hibernate.loader.Loader - found row of collection: [net.lojika.gtfs.model.Routes.routesCdkidCollection#istb.280662]
14:01:03.829 [main] DEBUG org.hibernate.loader.Loader - result row: EntityKey[net.lojika.gtfs.model.RoutesCdkid#gtfs.line.1.76o-0]
14:01:03.829 [main] DEBUG org.hibernate.loader.Loader - found row of collection: [net.lojika.gtfs.model.Routes.routesCdkidCollection#istb.280662]
14:01:03.829 [main] DEBUG org.hibernate.jdbc.AbstractBatcher - about to close ResultSet (open ResultSets: 1, globally: 1)
14:01:03.829 [main] DEBUG org.hibernate.jdbc.AbstractBatcher - about to close PreparedStatement (open PreparedStatements: 1, globally: 1)
14:01:03.829 [main] DEBUG o.h.e.loading.CollectionLoadContext - 1 collections were found in result set for role: net.lojika.gtfs.model.Routes.routesCdkidCollection
14:01:03.829 [main] DEBUG o.h.e.loading.CollectionLoadContext - collection fully initialized: [net.lojika.gtfs.model.Routes.routesCdkidCollection#istb.280662]
14:01:03.829 [main] DEBUG o.h.e.loading.CollectionLoadContext - 1 collections initialized for role: net.lojika.gtfs.model.Routes.routesCdkidCollection
14:01:03.829 [main] DEBUG org.hibernate.loader.Loader - done loading collection
14:01:03.829 [main] DEBUG org.hibernate.loader.Loader - loading collection: [net.lojika.gtfs.model.Routes.routesCdkidCollection#istb.280665]
14:01:03.829 [main] DEBUG org.hibernate.jdbc.AbstractBatcher - about to open PreparedStatement (open PreparedStatements: 0, globally: 0)
14:01:03.829 [main] DEBUG org.hibernate.SQL - select routescdki0_.route_id as route2_2_1_, routescdki0_.route_cdk_id as route1_1_, routescdki0_.route_cdk_id as route1_3_0_, routescdki0_.route_id as route2_3_0_ from public.routes_cdkid routescdki0_ where routescdki0_.route_id=?
Hibernate: select routescdki0_.route_id as route2_2_1_, routescdki0_.route_cdk_id as route1_1_, routescdki0_.route_cdk_id as route1_3_0_, routescdki0_.route_id as route2_3_0_ from public.routes_cdkid routescdki0_ where routescdki0_.route_id=?
14:01:03.829 [main] DEBUG org.hibernate.jdbc.AbstractBatcher - about to open ResultSet (open ResultSets: 0, globally: 0)
14:01:03.829 [main] DEBUG org.hibernate.loader.Loader - result set contains (possibly empty) collection: [net.lojika.gtfs.model.Routes.routesCdkidCollection#istb.280665]
14:01:03.829 [main] DEBUG org.hibernate.loader.Loader - result row: EntityKey[net.lojika.gtfs.model.RoutesCdkid#gtfs.line.1.76y-1]
14:01:03.829 [main] DEBUG org.hibernate.loader.Loader - found row of collection: [net.lojika.gtfs.model.Routes.routesCdkidCollection#istb.280665]
14:01:03.829 [main] DEBUG org.hibernate.loader.Loader - result row: EntityKey[net.lojika.gtfs.model.RoutesCdkid#gtfs.line.1.76y-0]
14:01:03.829 [main] DEBUG org.hibernate.loader.Loader - found row of collection: [net.lojika.gtfs.model.Routes.routesCdkidCollection#istb.280665]
14:01:03.830 [main] DEBUG org.hibernate.jdbc.AbstractBatcher - about to close ResultSet (open ResultSets: 1, globally: 1)
14:01:03.830 [main] DEBUG org.hibernate.jdbc.AbstractBatcher - about to close PreparedStatement (open PreparedStatements: 1, globally: 1)
14:01:03.830 [main] DEBUG o.h.e.loading.CollectionLoadContext - 1 collections were found in result set for role: net.lojika.gtfs.model.Routes.routesCdkidCollection
14:01:03.830 [main] DEBUG o.h.e.loading.CollectionLoadContext - collection fully initialized: [net.lojika.gtfs.model.Routes.routesCdkidCollection#istb.280665]
14:01:03.830 [main] DEBUG o.h.e.loading.CollectionLoadContext - 1 collections initialized for role: net.lojika.gtfs.model.Routes.routesCdkidCollection
14:01:03.830 [main] DEBUG org.hibernate.loader.Loader - done loading collection
14:01:03.830 [main] DEBUG org.hibernate.loader.Loader - loading collection: [net.lojika.gtfs.model.Routes.routesCdkidCollection#istb.280668]
14:01:03.830 [main] DEBUG org.hibernate.jdbc.AbstractBatcher - about to open PreparedStatement (open PreparedStatements: 0, globally: 0)
14:01:03.830 [main] DEBUG org.hibernate.SQL - select routescdki0_.route_id as route2_2_1_, routescdki0_.route_cdk_id as route1_1_, routescdki0_.route_cdk_id as route1_3_0_, routescdki0_.route_id as route2_3_0_ from public.routes_cdkid routescdki0_ where routescdki0_.route_id=?
Hibernate: select routescdki0_.route_id as route2_2_1_, routescdki0_.route_cdk_id as route1_1_, routescdki0_.route_cdk_id as route1_3_0_, routescdki0_.route_id as route2_3_0_ from public.routes_cdkid routescdki0_ where routescdki0_.route_id=?
14:01:03.830 [main] DEBUG org.hibernate.jdbc.AbstractBatcher - about to open ResultSet (open ResultSets: 0, globally: 0)
14:01:03.830 [main] DEBUG org.hibernate.loader.Loader - result set contains (possibly empty) collection: [net.lojika.gtfs.model.Routes.routesCdkidCollection#istb.280668]
14:01:03.830 [main] DEBUG org.hibernate.loader.Loader - result row: EntityKey[net.lojika.gtfs.model.RoutesCdkid#gtfs.line.1.77a-0]
14:01:03.830 [main] DEBUG org.hibernate.loader.Loader - found row of collection: [net.lojika.gtfs.model.Routes.routesCdkidCollection#istb.280668]
14:01:03.830 [main] DEBUG org.hibernate.loader.Loader - result row: EntityKey[net.lojika.gtfs.model.RoutesCdkid#gtfs.line.1.77a-1]
14:01:03.830 [main] DEBUG org.hibernate.loader.Loader - found row of collection: [net.lojika.gtfs.model.Routes.routesCdkidCollection#istb.280668]
14:01:03.830 [main] DEBUG org.hibernate.jdbc.AbstractBatcher - about to close ResultSet (open ResultSets: 1, globally: 1)
14:01:03.830 [main] DEBUG org.hibernate.jdbc.AbstractBatcher - about to close PreparedStatement (open PreparedStatements: 1, globally: 1)
14:01:03.830 [main] DEBUG o.h.e.loading.CollectionLoadContext - 1 collections were found in result set for role: net.lojika.gtfs.model.Routes.routesCdkidCollection
14:01:03.830 [main] DEBUG o.h.e.loading.CollectionLoadContext - collection fully initialized: [net.lojika.gtfs.model.Routes.routesCdkidCollection#istb.280668]
14:01:03.830 [main] DEBUG o.h.e.loading.CollectionLoadContext - 1 collections initialized for role: net.lojika.gtfs.model.Routes.routesCdkidCollection
14:01:03.830 [main] DEBUG org.hibernate.loader.Loader - done loading collection
14:01:03.831 [main] DEBUG org.hibernate.loader.Loader - loading collection: [net.lojika.gtfs.model.Routes.routesCdkidCollection#istb.280669]
14:01:03.831 [main] DEBUG org.hibernate.jdbc.AbstractBatcher - about to open PreparedStatement (open PreparedStatements: 0, globally: 0)
14:01:03.831 [main] DEBUG org.hibernate.SQL - select routescdki0_.route_id as route2_2_1_, routescdki0_.route_cdk_id as route1_1_, routescdki0_.route_cdk_id as route1_3_0_, routescdki0_.route_id as route2_3_0_ from public.routes_cdkid routescdki0_ where routescdki0_.route_id=?
Hibernate: select routescdki0_.route_id as route2_2_1_, routescdki0_.route_cdk_id as route1_1_, routescdki0_.route_cdk_id as route1_3_0_, routescdki0_.route_id as route2_3_0_ from public.routes_cdkid routescdki0_ where routescdki0_.route_id=?
14:01:03.831 [main] DEBUG org.hibernate.jdbc.AbstractBatcher - about to open ResultSet (open ResultSets: 0, globally: 0)
14:01:03.831 [main] DEBUG org.hibernate.loader.Loader - result set contains (possibly empty) collection: [net.lojika.gtfs.model.Routes.routesCdkidCollection#istb.280669]
14:01:03.831 [main] DEBUG org.hibernate.loader.Loader - result row: EntityKey[net.lojika.gtfs.model.RoutesCdkid#gtfs.line.1.77mt-1]
14:01:03.831 [main] DEBUG org.hibernate.loader.Loader - found row of collection: [net.lojika.gtfs.model.Routes.routesCdkidCollection#istb.280669]
14:01:03.831 [main] DEBUG org.hibernate.loader.Loader - result row: EntityKey[net.lojika.gtfs.model.RoutesCdkid#gtfs.line.1.77mt-0]
14:01:03.831 [main] DEBUG org.hibernate.loader.Loader - found row of collection: [net.lojika.gtfs.model.Routes.routesCdkidCollection#istb.280669]
14:01:03.831 [main] DEBUG org.hibernate.jdbc.AbstractBatcher - about to close ResultSet (open ResultSets: 1, globally: 1)
14:01:03.831 [main] DEBUG org.hibernate.jdbc.AbstractBatcher - about to close PreparedStatement (open PreparedStatements: 1, globally: 1)
14:01:03.831 [main] DEBUG o.h.e.loading.CollectionLoadContext - 1 collections were found in result set for role: net.lojika.gtfs.model.Routes.routesCdkidCollection
14:01:03.831 [main] DEBUG o.h.e.loading.CollectionLoadContext - collection fully initialized: [net.lojika.gtfs.model.Routes.routesCdkidCollection#istb.280669]
14:01:03.831 [main] DEBUG o.h.e.loading.CollectionLoadContext - 1 collections initialized for role: net.lojika.gtfs.model.Routes.routesCdkidCollection
14:01:03.831 [main] DEBUG org.hibernate.loader.Loader - done loading collection
14:01:03.831 [main] DEBUG org.hibernate.loader.Loader - loading collection: [net.lojika.gtfs.model.Routes.routesCdkidCollection#istb.280670]
14:01:03.831 [main] DEBUG org.hibernate.jdbc.AbstractBatcher - about to open PreparedStatement (open PreparedStatements: 0, globally: 0)
14:01:03.831 [main] DEBUG org.hibernate.SQL - select routescdki0_.route_id as route2_2_1_, routescdki0_.route_cdk_id as route1_1_, routescdki0_.route_cdk_id as route1_3_0_, routescdki0_.route_id as route2_3_0_ from public.routes_cdkid routescdki0_ where routescdki0_.route_id=?
Hibernate: select routescdki0_.route_id as route2_2_1_, routescdki0_.route_cdk_id as route1_1_, routescdki0_.route_cdk_id as route1_3_0_, routescdki0_.route_id as route2_3_0_ from public.routes_cdkid routescdki0_ where routescdki0_.route_id=?
14:01:03.832 [main] DEBUG org.hibernate.jdbc.AbstractBatcher - about to open ResultSet (open ResultSets: 0, globally: 0)
14:01:03.832 [main] DEBUG org.hibernate.loader.Loader - result set contains (possibly empty) collection: [net.lojika.gtfs.model.Routes.routesCdkidCollection#istb.280670]
14:01:03.832 [main] DEBUG org.hibernate.loader.Loader - result row: EntityKey[net.lojika.gtfs.model.RoutesCdkid#gtfs.line.1.77-1]
14:01:03.832 [main] DEBUG org.hibernate.loader.Loader - found row of collection: [net.lojika.gtfs.model.Routes.routesCdkidCollection#istb.280670]
14:01:03.832 [main] DEBUG org.hibernate.loader.Loader - result row: EntityKey[net.lojika.gtfs.model.RoutesCdkid#gtfs.line.1.77-0]
14:01:03.832 [main] DEBUG org.hibernate.loader.Loader - found row of collection: [net.lojika.gtfs.model.Routes.routesCdkidCollection#istb.280670]
14:01:03.832 [main] DEBUG org.hibernate.jdbc.AbstractBatcher - about to close ResultSet (open ResultSets: 1, globally: 1)
14:01:03.832 [main] DEBUG org.hibernate.jdbc.AbstractBatcher - about to close PreparedStatement (open PreparedStatements: 1, globally: 1)
14:01:03.832 [main] DEBUG o.h.e.loading.CollectionLoadContext - 1 collections were found in result set for role: net.lojika.gtfs.model.Routes.routesCdkidCollection
14:01:03.832 [main] DEBUG o.h.e.loading.CollectionLoadContext - collection fully initialized: [net.lojika.gtfs.model.Routes.routesCdkidCollection#istb.280670]
14:01:03.832 [main] DEBUG o.h.e.loading.CollectionLoadContext - 1 collections initialized for role: net.lojika.gtfs.model.Routes.routesCdkidCollection
14:01:03.832 [main] DEBUG org.hibernate.loader.Loader - done loading collection
14:01:03.832 [main] DEBUG org.hibernate.loader.Loader - loading collection: [net.lojika.gtfs.model.Routes.routesCdkidCollection#istb.280673]
14:01:03.832 [main] DEBUG org.hibernate.jdbc.AbstractBatcher - about to open PreparedStatement (open PreparedStatements: 0, globally: 0)
14:01:03.832 [main] DEBUG org.hibernate.SQL - select routescdki0_.route_id as route2_2_1_, routescdki0_.route_cdk_id as route1_1_, routescdki0_.route_cdk_id as route1_3_0_, routescdki0_.route_id as route2_3_0_ from public.routes_cdkid routescdki0_ where routescdki0_.route_id=?
Hibernate: select routescdki0_.route_id as route2_2_1_, routescdki0_.route_cdk_id as route1_1_, routescdki0_.route_cdk_id as route1_3_0_, routescdki0_.route_id as route2_3_0_ from public.routes_cdkid routescdki0_ where routescdki0_.route_id=?
14:01:03.833 [main] DEBUG org.hibernate.jdbc.AbstractBatcher - about to open ResultSet (open ResultSets: 0, globally: 0)
14:01:03.833 [main] DEBUG org.hibernate.loader.Loader - result set contains (possibly empty) collection: [net.lojika.gtfs.model.Routes.routesCdkidCollection#istb.280673]
14:01:03.833 [main] DEBUG org.hibernate.loader.Loader - result row: EntityKey[net.lojika.gtfs.model.RoutesCdkid#gtfs.line.1.78b-1]
14:01:03.833 [main] DEBUG org.hibernate.loader.Loader - found row of collection: [net.lojika.gtfs.model.Routes.routesCdkidCollection#istb.280673]
14:01:03.833 [main] DEBUG org.hibernate.loader.Loader - result row: EntityKey[net.lojika.gtfs.model.RoutesCdkid#gtfs.line.1.78b-0]
14:01:03.833 [main] DEBUG org.hibernate.loader.Loader - found row of collection: [net.lojika.gtfs.model.Routes.routesCdkidCollection#istb.280673]
14:01:03.833 [main] DEBUG org.hibernate.jdbc.AbstractBatcher - about to close ResultSet (open ResultSets: 1, globally: 1)
14:01:03.833 [main] DEBUG org.hibernate.jdbc.AbstractBatcher - about to close PreparedStatement (open PreparedStatements: 1, globally: 1)
14:01:03.833 [main] DEBUG o.h.e.loading.CollectionLoadContext - 1 collections were found in result set for role: net.lojika.gtfs.model.Routes.routesCdkidCollection
14:01:03.833 [main] DEBUG o.h.e.loading.CollectionLoadContext - collection fully initialized: [net.lojika.gtfs.model.Routes.routesCdkidCollection#istb.280673]
14:01:03.833 [main] DEBUG o.h.e.loading.CollectionLoadContext - 1 collections initialized for role: net.lojika.gtfs.model.Routes.routesCdkidCollection
14:01:03.833 [main] DEBUG org.hibernate.loader.Loader - done loading collection
14:01:03.833 [main] DEBUG org.hibernate.loader.Loader - loading collection: [net.lojika.gtfs.model.Routes.routesCdkidCollection#istb.280675]
14:01:03.833 [main] DEBUG org.hibernate.jdbc.AbstractBatcher - about to open PreparedStatement (open PreparedStatements: 0, globally: 0)
14:01:03.833 [main] DEBUG org.hibernate.SQL - select routescdki0_.route_id as route2_2_1_, routescdki0_.route_cdk_id as route1_1_, routescdki0_.route_cdk_id as route1_3_0_, routescdki0_.route_id as route2_3_0_ from public.routes_cdkid routescdki0_ where routescdki0_.route_id=?
Hibernate: select routescdki0_.route_id as route2_2_1_, routescdki0_.route_cdk_id as route1_1_, routescdki0_.route_cdk_id as route1_3_0_, routescdki0_.route_id as route2_3_0_ from public.routes_cdkid routescdki0_ where routescdki0_.route_id=?
14:01:03.834 [main] DEBUG org.hibernate.jdbc.AbstractBatcher - about to open ResultSet (open ResultSets: 0, globally: 0)
14:01:03.834 [main] DEBUG org.hibernate.loader.Loader - result set contains (possibly empty) collection: [net.lojika.gtfs.model.Routes.routesCdkidCollection#istb.280675]
14:01:03.834 [main] DEBUG org.hibernate.loader.Loader - result row: EntityKey[net.lojika.gtfs.model.RoutesCdkid#gtfs.line.1.78c-1]
14:01:03.834 [main] DEBUG org.hibernate.loader.Loader - found row of collection: [net.lojika.gtfs.model.Routes.routesCdkidCollection#istb.280675]
14:01:03.834 [main] DEBUG org.hibernate.loader.Loader - result row: EntityKey[net.lojika.gtfs.model.RoutesCdkid#gtfs.line.1.78c-0]
14:01:03.834 [main] DEBUG org.hibernate.loader.Loader - found row of collection: [net.lojika.gtfs.model.Routes.routesCdkidCollection#istb.280675]
14:01:03.834 [main] DEBUG org.hibernate.jdbc.AbstractBatcher - about to close ResultSet (open ResultSets: 1, globally: 1)
14:01:03.834 [main] DEBUG org.hibernate.jdbc.AbstractBatcher - about to close PreparedStatement (open PreparedStatements: 1, globally: 1)
14:01:03.834 [main] DEBUG o.h.e.loading.CollectionLoadContext - 1 collections were found in result set for role: net.lojika.gtfs.model.Routes.routesCdkidCollection
14:01:03.834 [main] DEBUG o.h.e.loading.CollectionLoadContext - collection fully initialized: [net.lojika.gtfs.model.Routes.routesCdkidCollection#istb.280675]
14:01:03.834 [main] DEBUG o.h.e.loading.CollectionLoadContext - 1 collections initialized for role: net.lojika.gtfs.model.Routes.routesCdkidCollection
14:01:03.834 [main] DEBUG org.hibernate.loader.Loader - done loading collection
14:01:03.834 [main] DEBUG org.hibernate.loader.Loader - loading collection: [net.lojika.gtfs.model.Routes.routesCdkidCollection#istb.280676]
14:01:03.834 [main] DEBUG org.hibernate.jdbc.AbstractBatcher - about to open PreparedStatement (open PreparedStatements: 0, globally: 0)
14:01:03.834 [main] DEBUG org.hibernate.SQL - select routescdki0_.route_id as route2_2_1_, routescdki0_.route_cdk_id as route1_1_, routescdki0_.route_cdk_id as route1_3_0_, routescdki0_.route_id as route2_3_0_ from public.routes_cdkid routescdki0_ where routescdki0_.route_id=?
Hibernate: select routescdki0_.route_id as route2_2_1_, routescdki0_.route_cdk_id as route1_1_, routescdki0_.route_cdk_id as route1_3_0_, routescdki0_.route_id as route2_3_0_ from public.routes_cdkid routescdki0_ where routescdki0_.route_id=?
14:01:03.835 [main] DEBUG org.hibernate.jdbc.AbstractBatcher - about to open ResultSet (open ResultSets: 0, globally: 0)
14:01:03.835 [main] DEBUG org.hibernate.loader.Loader - result set contains (possibly empty) collection: [net.lojika.gtfs.model.Routes.routesCdkidCollection#istb.280676]
14:01:03.835 [main] DEBUG org.hibernate.loader.Loader - result row: EntityKey[net.lojika.gtfs.model.RoutesCdkid#gtfs.line.1.78e-1]
14:01:03.835 [main] DEBUG org.hibernate.loader.Loader - found row of collection: [net.lojika.gtfs.model.Routes.routesCdkidCollection#istb.280676]
14:01:03.835 [main] DEBUG org.hibernate.loader.Loader - result row: EntityKey[net.lojika.gtfs.model.RoutesCdkid#gtfs.line.1.78e-0]
14:01:03.835 [main] DEBUG org.hibernate.loader.Loader - found row of collection: [net.lojika.gtfs.model.Routes.routesCdkidCollection#istb.280676]
14:01:03.835 [main] DEBUG org.hibernate.jdbc.AbstractBatcher - about to close ResultSet (open ResultSets: 1, globally: 1)
14:01:03.835 [main] DEBUG org.hibernate.jdbc.AbstractBatcher - about to close PreparedStatement (open PreparedStatements: 1, globally: 1)
14:01:03.835 [main] DEBUG o.h.e.loading.CollectionLoadContext - 1 collections were found in result set for role: net.lojika.gtfs.model.Routes.routesCdkidCollection
14:01:03.835 [main] DEBUG o.h.e.loading.CollectionLoadContext - collection fully initialized: [net.lojika.gtfs.model.Routes.routesCdkidCollection#istb.280676]
14:01:03.835 [main] DEBUG o.h.e.loading.CollectionLoadContext - 1 collections initialized for role: net.lojika.gtfs.model.Routes.routesCdkidCollection
14:01:03.835 [main] DEBUG org.hibernate.loader.Loader - done loading collection
14:01:03.835 [main] DEBUG org.hibernate.loader.Loader - loading collection: [net.lojika.gtfs.model.Routes.routesCdkidCollection#istb.280678]
14:01:03.835 [main] DEBUG org.hibernate.jdbc.AbstractBatcher - about to open PreparedStatement (open PreparedStatements: 0, globally: 0)
14:01:03.835 [main] DEBUG org.hibernate.SQL - select routescdki0_.route_id as route2_2_1_, routescdki0_.route_cdk_id as route1_1_, routescdki0_.route_cdk_id as route1_3_0_, routescdki0_.route_id as route2_3_0_ from public.routes_cdkid routescdki0_ where routescdki0_.route_id=?
Hibernate: select routescdki0_.route_id as route2_2_1_, routescdki0_.route_cdk_id as route1_1_, routescdki0_.route_cdk_id as route1_3_0_, routescdki0_.route_id as route2_3_0_ from public.routes_cdkid routescdki0_ where routescdki0_.route_id=?
14:01:03.835 [main] DEBUG org.hibernate.jdbc.AbstractBatcher - about to open ResultSet (open ResultSets: 0, globally: 0)
14:01:03.835 [main] DEBUG org.hibernate.loader.Loader - result set contains (possibly empty) collection: [net.lojika.gtfs.model.Routes.routesCdkidCollection#istb.280678]
14:01:03.835 [main] DEBUG org.hibernate.loader.Loader - result row: EntityKey[net.lojika.gtfs.model.RoutesCdkid#gtfs.line.1.78g-1]
14:01:03.836 [main] DEBUG org.hibernate.loader.Loader - found row of collection: [net.lojika.gtfs.model.Routes.routesCdkidCollection#istb.280678]
14:01:03.836 [main] DEBUG org.hibernate.loader.Loader - result row: EntityKey[net.lojika.gtfs.model.RoutesCdkid#gtfs.line.1.78g-0]
14:01:03.836 [main] DEBUG org.hibernate.loader.Loader - found row of collection: [net.lojika.gtfs.model.Routes.routesCdkidCollection#istb.280678]
14:01:03.836 [main] DEBUG org.hibernate.jdbc.AbstractBatcher - about to close ResultSet (open ResultSets: 1, globally: 1)
14:01:03.836 [main] DEBUG org.hibernate.jdbc.AbstractBatcher - about to close PreparedStatement (open PreparedStatements: 1, globally: 1)
14:01:03.836 [main] DEBUG o.h.e.loading.CollectionLoadContext - 1 collections were found in result set for role: net.lojika.gtfs.model.Routes.routesCdkidCollection
14:01:03.836 [main] DEBUG o.h.e.loading.CollectionLoadContext - collection fully initialized: [net.lojika.gtfs.model.Routes.routesCdkidCollection#istb.280678]
14:01:03.836 [main] DEBUG o.h.e.loading.CollectionLoadContext - 1 collections initialized for role: net.lojika.gtfs.model.Routes.routesCdkidCollection
14:01:03.836 [main] DEBUG org.hibernate.loader.Loader - done loading collection
14:01:03.836 [main] DEBUG org.hibernate.loader.Loader - loading collection: [net.lojika.gtfs.model.Routes.routesCdkidCollection#istb.280680]
14:01:03.836 [main] DEBUG org.hibernate.jdbc.AbstractBatcher - about to open PreparedStatement (open PreparedStatements: 0, globally: 0)
14:01:03.836 [main] DEBUG org.hibernate.SQL - select routescdki0_.route_id as route2_2_1_, routescdki0_.route_cdk_id as route1_1_, routescdki0_.route_cdk_id as route1_3_0_, routescdki0_.route_id as route2_3_0_ from public.routes_cdkid routescdki0_ where routescdki0_.route_id=?
Hibernate: select routescdki0_.route_id as route2_2_1_, routescdki0_.route_cdk_id as route1_1_, routescdki0_.route_cdk_id as route1_3_0_, routescdki0_.route_id as route2_3_0_ from public.routes_cdkid routescdki0_ where routescdki0_.route_id=?
14:01:03.836 [main] DEBUG org.hibernate.jdbc.AbstractBatcher - about to open ResultSet (open ResultSets: 0, globally: 0)
14:01:03.836 [main] DEBUG org.hibernate.loader.Loader - result set contains (possibly empty) collection: [net.lojika.gtfs.model.Routes.routesCdkidCollection#istb.280680]
14:01:03.836 [main] DEBUG org.hibernate.loader.Loader - result row: EntityKey[net.lojika.gtfs.model.RoutesCdkid#gtfs.line.1.78m-1]
14:01:03.836 [main] DEBUG org.hibernate.loader.Loader - found row of collection: [net.lojika.gtfs.model.Routes.routesCdkidCollection#istb.280680]
14:01:03.836 [main] DEBUG org.hibernate.loader.Loader - result row: EntityKey[net.lojika.gtfs.model.RoutesCdkid#gtfs.line.1.78m-0]
14:01:03.836 [main] DEBUG org.hibernate.loader.Loader - found row of collection: [net.lojika.gtfs.model.Routes.routesCdkidCollection#istb.280680]
14:01:03.837 [main] DEBUG org.hibernate.jdbc.AbstractBatcher - about to close ResultSet (open ResultSets: 1, globally: 1)
14:01:03.837 [main] DEBUG org.hibernate.jdbc.AbstractBatcher - about to close PreparedStatement (open PreparedStatements: 1, globally: 1)
14:01:03.837 [main] DEBUG o.h.e.loading.CollectionLoadContext - 1 collections were found in result set for role: net.lojika.gtfs.model.Routes.routesCdkidCollection
14:01:03.837 [main] DEBUG o.h.e.loading.CollectionLoadContext - collection fully initialized: [net.lojika.gtfs.model.Routes.routesCdkidCollection#istb.280680]
14:01:03.837 [main] DEBUG o.h.e.loading.CollectionLoadContext - 1 collections initialized for role: net.lojika.gtfs.model.Routes.routesCdkidCollection
14:01:03.837 [main] DEBUG org.hibernate.loader.Loader - done loading collection
14:01:03.837 [main] DEBUG org.hibernate.loader.Loader - loading collection: [net.lojika.gtfs.model.Routes.routesCdkidCollection#istb.280681]
14:01:03.837 [main] DEBUG org.hibernate.jdbc.AbstractBatcher - about to open PreparedStatement (open PreparedStatements: 0, globally: 0)
14:01:03.837 [main] DEBUG org.hibernate.SQL - select routescdki0_.route_id as route2_2_1_, routescdki0_.route_cdk_id as route1_1_, routescdki0_.route_cdk_id as route1_3_0_, routescdki0_.route_id as route2_3_0_ from public.routes_cdkid routescdki0_ where routescdki0_.route_id=?
Hibernate: select routescdki0_.route_id as route2_2_1_, routescdki0_.route_cdk_id as route1_1_, routescdki0_.route_cdk_id as route1_3_0_, routescdki0_.route_id as route2_3_0_ from public.routes_cdkid routescdki0_ where routescdki0_.route_id=?
14:01:03.837 [main] DEBUG org.hibernate.jdbc.AbstractBatcher - about to open ResultSet (open ResultSets: 0, globally: 0)
14:01:03.837 [main] DEBUG org.hibernate.loader.Loader - result set contains (possibly empty) collection: [net.lojika.gtfs.model.Routes.routesCdkidCollection#istb.280681]
14:01:03.837 [main] DEBUG org.hibernate.loader.Loader - result row: EntityKey[net.lojika.gtfs.model.RoutesCdkid#gtfs.line.1.78zb-1]
14:01:03.838 [main] DEBUG org.hibernate.loader.Loader - found row of collection: [net.lojika.gtfs.model.Routes.routesCdkidCollection#istb.280681]
14:01:03.838 [main] DEBUG org.hibernate.loader.Loader - result row: EntityKey[net.lojika.gtfs.model.RoutesCdkid#gtfs.line.1.78zb-0]
14:01:03.838 [main] DEBUG org.hibernate.loader.Loader - found row of collection: [net.lojika.gtfs.model.Routes.routesCdkidCollection#istb.280681]
14:01:03.838 [main] DEBUG org.hibernate.jdbc.AbstractBatcher - about to close ResultSet (open ResultSets: 1, globally: 1)
14:01:03.838 [main] DEBUG org.hibernate.jdbc.AbstractBatcher - about to close PreparedStatement (open PreparedStatements: 1, globally: 1)
14:01:03.838 [main] DEBUG o.h.e.loading.CollectionLoadContext - 1 collections were found in result set for role: net.lojika.gtfs.model.Routes.routesCdkidCollection
14:01:03.838 [main] DEBUG o.h.e.loading.CollectionLoadContext - collection fully initialized: [net.lojika.gtfs.model.Routes.routesCdkidCollection#istb.280681]
14:01:03.838 [main] DEBUG o.h.e.loading.CollectionLoadContext - 1 collections initialized for role: net.lojika.gtfs.model.Routes.routesCdkidCollection
14:01:03.838 [main] DEBUG org.hibernate.loader.Loader - done loading collection
14:01:03.838 [main] DEBUG org.hibernate.loader.Loader - loading collection: [net.lojika.gtfs.model.Routes.routesCdkidCollection#istb.280682]
14:01:03.838 [main] DEBUG org.hibernate.jdbc.AbstractBatcher - about to open PreparedStatement (open PreparedStatements: 0, globally: 0)
14:01:03.838 [main] DEBUG org.hibernate.SQL - select routescdki0_.route_id as route2_2_1_, routescdki0_.route_cdk_id as route1_1_, routescdki0_.route_cdk_id as route1_3_0_, routescdki0_.route_id as route2_3_0_ from public.routes_cdkid routescdki0_ where routescdki0_.route_id=?
Hibernate: select routescdki0_.route_id as route2_2_1_, routescdki0_.route_cdk_id as route1_1_, routescdki0_.route_cdk_id as route1_3_0_, routescdki0_.route_id as route2_3_0_ from public.routes_cdkid routescdki0_ where routescdki0_.route_id=?
14:01:03.838 [main] DEBUG org.hibernate.jdbc.AbstractBatcher - about to open ResultSet (open ResultSets: 0, globally: 0)
14:01:03.838 [main] DEBUG org.hibernate.loader.Loader - result set contains (possibly empty) collection: [net.lojika.gtfs.model.Routes.routesCdkidCollection#istb.280682]
14:01:03.838 [main] DEBUG org.hibernate.loader.Loader - result row: EntityKey[net.lojika.gtfs.model.RoutesCdkid#gtfs.line.1.78-1]
14:01:03.838 [main] DEBUG org.hibernate.loader.Loader - found row of collection: [net.lojika.gtfs.model.Routes.routesCdkidCollection#istb.280682]
14:01:03.838 [main] DEBUG org.hibernate.loader.Loader - result row: EntityKey[net.lojika.gtfs.model.RoutesCdkid#gtfs.line.1.78-0]
14:01:03.838 [main] DEBUG org.hibernate.loader.Loader - found row of collection: [net.lojika.gtfs.model.Routes.routesCdkidCollection#istb.280682]
14:01:03.839 [main] DEBUG org.hibernate.jdbc.AbstractBatcher - about to close ResultSet (open ResultSets: 1, globally: 1)
14:01:03.839 [main] DEBUG org.hibernate.jdbc.AbstractBatcher - about to close PreparedStatement (open PreparedStatements: 1, globally: 1)
14:01:03.839 [main] DEBUG o.h.e.loading.CollectionLoadContext - 1 collections were found in result set for role: net.lojika.gtfs.model.Routes.routesCdkidCollection
14:01:03.839 [main] DEBUG o.h.e.loading.CollectionLoadContext - collection fully initialized: [net.lojika.gtfs.model.Routes.routesCdkidCollection#istb.280682]
14:01:03.839 [main] DEBUG o.h.e.loading.CollectionLoadContext - 1 collections initialized for role: net.lojika.gtfs.model.Routes.routesCdkidCollection
14:01:03.839 [main] DEBUG org.hibernate.loader.Loader - done loading collection
14:01:03.839 [main] DEBUG org.hibernate.loader.Loader - loading collection: [net.lojika.gtfs.model.Routes.routesCdkidCollection#istb.280683]
14:01:03.839 [main] DEBUG org.hibernate.jdbc.AbstractBatcher - about to open PreparedStatement (open PreparedStatements: 0, globally: 0)
14:01:03.839 [main] DEBUG org.hibernate.SQL - select routescdki0_.route_id as route2_2_1_, routescdki0_.route_cdk_id as route1_1_, routescdki0_.route_cdk_id as route1_3_0_, routescdki0_.route_id as route2_3_0_ from public.routes_cdkid routescdki0_ where routescdki0_.route_id=?
Hibernate: select routescdki0_.route_id as route2_2_1_, routescdki0_.route_cdk_id as route1_1_, routescdki0_.route_cdk_id as route1_3_0_, routescdki0_.route_id as route2_3_0_ from public.routes_cdkid routescdki0_ where routescdki0_.route_id=?
14:01:03.839 [main] DEBUG org.hibernate.jdbc.AbstractBatcher - about to open ResultSet (open ResultSets: 0, globally: 0)
14:01:03.839 [main] DEBUG org.hibernate.loader.Loader - result set contains (possibly empty) collection: [net.lojika.gtfs.model.Routes.routesCdkidCollection#istb.280683]
14:01:03.839 [main] DEBUG org.hibernate.loader.Loader - result row: EntityKey[net.lojika.gtfs.model.RoutesCdkid#gtfs.line.1.79b-1]
14:01:03.839 [main] DEBUG org.hibernate.loader.Loader - found row of collection: [net.lojika.gtfs.model.Routes.routesCdkidCollection#istb.280683]
14:01:03.839 [main] DEBUG org.hibernate.loader.Loader - result row: EntityKey[net.lojika.gtfs.model.RoutesCdkid#gtfs.line.1.79b-0]
14:01:03.839 [main] DEBUG org.hibernate.loader.Loader - found row of collection: [net.lojika.gtfs.model.Routes.routesCdkidCollection#istb.280683]
14:01:03.839 [main] DEBUG org.hibernate.jdbc.AbstractBatcher - about to close ResultSet (open ResultSets: 1, globally: 1)
14:01:03.839 [main] DEBUG org.hibernate.jdbc.AbstractBatcher - about to close PreparedStatement (open PreparedStatements: 1, globally: 1)
14:01:03.839 [main] DEBUG o.h.e.loading.CollectionLoadContext - 1 collections were found in result set for role: net.lojika.gtfs.model.Routes.routesCdkidCollection
14:01:03.839 [main] DEBUG o.h.e.loading.CollectionLoadContext - collection fully initialized: [net.lojika.gtfs.model.Routes.routesCdkidCollection#istb.280683]
14:01:03.839 [main] DEBUG o.h.e.loading.CollectionLoadContext - 1 collections initialized for role: net.lojika.gtfs.model.Routes.routesCdkidCollection
14:01:03.839 [main] DEBUG org.hibernate.loader.Loader - done loading collection
14:01:03.839 [main] DEBUG org.hibernate.loader.Loader - loading collection: [net.lojika.gtfs.model.Routes.routesCdkidCollection#istb.280684]
14:01:03.839 [main] DEBUG org.hibernate.jdbc.AbstractBatcher - about to open PreparedStatement (open PreparedStatements: 0, globally: 0)
14:01:03.840 [main] DEBUG org.hibernate.SQL - select routescdki0_.route_id as route2_2_1_, routescdki0_.route_cdk_id as route1_1_, routescdki0_.route_cdk_id as route1_3_0_, routescdki0_.route_id as route2_3_0_ from public.routes_cdkid routescdki0_ where routescdki0_.route_id=?
Hibernate: select routescdki0_.route_id as route2_2_1_, routescdki0_.route_cdk_id as route1_1_, routescdki0_.route_cdk_id as route1_3_0_, routescdki0_.route_id as route2_3_0_ from public.routes_cdkid routescdki0_ where routescdki0_.route_id=?
14:01:03.840 [main] DEBUG org.hibernate.jdbc.AbstractBatcher - about to open ResultSet (open ResultSets: 0, globally: 0)
14:01:03.840 [main] DEBUG org.hibernate.loader.Loader - result set contains (possibly empty) collection: [net.lojika.gtfs.model.Routes.routesCdkidCollection#istb.280684]
14:01:03.840 [main] DEBUG org.hibernate.loader.Loader - result row: EntityKey[net.lojika.gtfs.model.RoutesCdkid#gtfs.line.1.79c-1]
14:01:03.840 [main] DEBUG org.hibernate.loader.Loader - found row of collection: [net.lojika.gtfs.model.Routes.routesCdkidCollection#istb.280684]
14:01:03.840 [main] DEBUG org.hibernate.loader.Loader - result row: EntityKey[net.lojika.gtfs.model.RoutesCdkid#gtfs.line.1.79c-0]
14:01:03.840 [main] DEBUG org.hibernate.loader.Loader - found row of collection: [net.lojika.gtfs.model.Routes.routesCdkidCollection#istb.280684]
14:01:03.840 [main] DEBUG org.hibernate.jdbc.AbstractBatcher - about to close ResultSet (open ResultSets: 1, globally: 1)
14:01:03.840 [main] DEBUG org.hibernate.jdbc.AbstractBatcher - about to close PreparedStatement (open PreparedStatements: 1, globally: 1)
14:01:03.840 [main] DEBUG o.h.e.loading.CollectionLoadContext - 1 collections were found in result set for role: net.lojika.gtfs.model.Routes.routesCdkidCollection
14:01:03.840 [main] DEBUG o.h.e.loading.CollectionLoadContext - collection fully initialized: [net.lojika.gtfs.model.Routes.routesCdkidCollection#istb.280684]
14:01:03.840 [main] DEBUG o.h.e.loading.CollectionLoadContext - 1 collections initialized for role: net.lojika.gtfs.model.Routes.routesCdkidCollection
14:01:03.840 [main] DEBUG org.hibernate.loader.Loader - done loading collection
14:01:03.840 [main] DEBUG org.hibernate.loader.Loader - loading collection: [net.lojika.gtfs.model.Routes.routesCdkidCollection#istb.280687]
14:01:03.840 [main] DEBUG org.hibernate.jdbc.AbstractBatcher - about to open PreparedStatement (open PreparedStatements: 0, globally: 0)
14:01:03.840 [main] DEBUG org.hibernate.SQL - select routescdki0_.route_id as route2_2_1_, routescdki0_.route_cdk_id as route1_1_, routescdki0_.route_cdk_id as route1_3_0_, routescdki0_.route_id as route2_3_0_ from public.routes_cdkid routescdki0_ where routescdki0_.route_id=?
Hibernate: select routescdki0_.route_id as route2_2_1_, routescdki0_.route_cdk_id as route1_1_, routescdki0_.route_cdk_id as route1_3_0_, routescdki0_.route_id as route2_3_0_ from public.routes_cdkid routescdki0_ where routescdki0_.route_id=?
14:01:03.841 [main] DEBUG org.hibernate.jdbc.AbstractBatcher - about to open ResultSet (open ResultSets: 0, globally: 0)
14:01:03.841 [main] DEBUG org.hibernate.loader.Loader - result set contains (possibly empty) collection: [net.lojika.gtfs.model.Routes.routesCdkidCollection#istb.280687]
14:01:03.841 [main] DEBUG org.hibernate.loader.Loader - result row: EntityKey[net.lojika.gtfs.model.RoutesCdkid#gtfs.line.1.79g-1]
14:01:03.841 [main] DEBUG org.hibernate.loader.Loader - found row of collection: [net.lojika.gtfs.model.Routes.routesCdkidCollection#istb.280687]
14:01:03.841 [main] DEBUG org.hibernate.loader.Loader - result row: EntityKey[net.lojika.gtfs.model.RoutesCdkid#gtfs.line.1.79g-0]
14:01:03.841 [main] DEBUG org.hibernate.loader.Loader - found row of collection: [net.lojika.gtfs.model.Routes.routesCdkidCollection#istb.280687]
14:01:03.841 [main] DEBUG org.hibernate.jdbc.AbstractBatcher - about to close ResultSet (open ResultSets: 1, globally: 1)
14:01:03.841 [main] DEBUG org.hibernate.jdbc.AbstractBatcher - about to close PreparedStatement (open PreparedStatements: 1, globally: 1)
14:01:03.841 [main] DEBUG o.h.e.loading.CollectionLoadContext - 1 collections were found in result set for role: net.lojika.gtfs.model.Routes.routesCdkidCollection
14:01:03.841 [main] DEBUG o.h.e.loading.CollectionLoadContext - collection fully initialized: [net.lojika.gtfs.model.Routes.routesCdkidCollection#istb.280687]
14:01:03.841 [main] DEBUG o.h.e.loading.CollectionLoadContext - 1 collections initialized for role: net.lojika.gtfs.model.Routes.routesCdkidCollection
14:01:03.841 [main] DEBUG org.hibernate.loader.Loader - done loading collection
14:01:03.841 [main] DEBUG org.hibernate.loader.Loader - loading collection: [net.lojika.gtfs.model.Routes.routesCdkidCollection#istb.280688]
14:01:03.841 [main] DEBUG org.hibernate.jdbc.AbstractBatcher - about to open PreparedStatement (open PreparedStatements: 0, globally: 0)
14:01:03.841 [main] DEBUG org.hibernate.SQL - select routescdki0_.route_id as route2_2_1_, routescdki0_.route_cdk_id as route1_1_, routescdki0_.route_cdk_id as route1_3_0_, routescdki0_.route_id as route2_3_0_ from public.routes_cdkid routescdki0_ where routescdki0_.route_id=?
Hibernate: select routescdki0_.route_id as route2_2_1_, routescdki0_.route_cdk_id as route1_1_, routescdki0_.route_cdk_id as route1_3_0_, routescdki0_.route_id as route2_3_0_ from public.routes_cdkid routescdki0_ where routescdki0_.route_id=?
14:01:03.842 [main] DEBUG org.hibernate.jdbc.AbstractBatcher - about to open ResultSet (open ResultSets: 0, globally: 0)
14:01:03.842 [main] DEBUG org.hibernate.loader.Loader - result set contains (possibly empty) collection: [net.lojika.gtfs.model.Routes.routesCdkidCollection#istb.280688]
14:01:03.842 [main] DEBUG org.hibernate.loader.Loader - result row: EntityKey[net.lojika.gtfs.model.RoutesCdkid#gtfs.line.1.79k-1]
14:01:03.842 [main] DEBUG org.hibernate.loader.Loader - found row of collection: [net.lojika.gtfs.model.Routes.routesCdkidCollection#istb.280688]
14:01:03.842 [main] DEBUG org.hibernate.loader.Loader - result row: EntityKey[net.lojika.gtfs.model.RoutesCdkid#gtfs.line.1.79k-0]
14:01:03.842 [main] DEBUG org.hibernate.loader.Loader - found row of collection: [net.lojika.gtfs.model.Routes.routesCdkidCollection#istb.280688]
14:01:03.842 [main] DEBUG org.hibernate.jdbc.AbstractBatcher - about to close ResultSet (open ResultSets: 1, globally: 1)
14:01:03.842 [main] DEBUG org.hibernate.jdbc.AbstractBatcher - about to close PreparedStatement (open PreparedStatements: 1, globally: 1)
14:01:03.842 [main] DEBUG o.h.e.loading.CollectionLoadContext - 1 collections were found in result set for role: net.lojika.gtfs.model.Routes.routesCdkidCollection
14:01:03.842 [main] DEBUG o.h.e.loading.CollectionLoadContext - collection fully initialized: [net.lojika.gtfs.model.Routes.routesCdkidCollection#istb.280688]
14:01:03.842 [main] DEBUG o.h.e.loading.CollectionLoadContext - 1 collections initialized for role: net.lojika.gtfs.model.Routes.routesCdkidCollection
14:01:03.842 [main] DEBUG org.hibernate.loader.Loader - done loading collection
14:01:03.842 [main] DEBUG org.hibernate.loader.Loader - loading collection: [net.lojika.gtfs.model.Routes.routesCdkidCollection#istb.280690]
14:01:03.842 [main] DEBUG org.hibernate.jdbc.AbstractBatcher - about to open PreparedStatement (open PreparedStatements: 0, globally: 0)
14:01:03.842 [main] DEBUG org.hibernate.SQL - select routescdki0_.route_id as route2_2_1_, routescdki0_.route_cdk_id as route1_1_, routescdki0_.route_cdk_id as route1_3_0_, routescdki0_.route_id as route2_3_0_ from public.routes_cdkid routescdki0_ where routescdki0_.route_id=?
Hibernate: select routescdki0_.route_id as route2_2_1_, routescdki0_.route_cdk_id as route1_1_, routescdki0_.route_cdk_id as route1_3_0_, routescdki0_.route_id as route2_3_0_ from public.routes_cdkid routescdki0_ where routescdki0_.route_id=?
14:01:03.842 [main] DEBUG org.hibernate.jdbc.AbstractBatcher - about to open ResultSet (open ResultSets: 0, globally: 0)
14:01:03.842 [main] DEBUG org.hibernate.loader.Loader - result set contains (possibly empty) collection: [net.lojika.gtfs.model.Routes.routesCdkidCollection#istb.280690]
14:01:03.842 [main] DEBUG org.hibernate.loader.Loader - result row: EntityKey[net.lojika.gtfs.model.RoutesCdkid#gtfs.line.1.79m-1]
14:01:03.842 [main] DEBUG org.hibernate.loader.Loader - found row of collection: [net.lojika.gtfs.model.Routes.routesCdkidCollection#istb.280690]
14:01:03.843 [main] DEBUG org.hibernate.loader.Loader - result row: EntityKey[net.lojika.gtfs.model.RoutesCdkid#gtfs.line.1.79m-0]
14:01:03.843 [main] DEBUG org.hibernate.loader.Loader - found row of collection: [net.lojika.gtfs.model.Routes.routesCdkidCollection#istb.280690]
14:01:03.843 [main] DEBUG org.hibernate.jdbc.AbstractBatcher - about to close ResultSet (open ResultSets: 1, globally: 1)
14:01:03.843 [main] DEBUG org.hibernate.jdbc.AbstractBatcher - about to close PreparedStatement (open PreparedStatements: 1, globally: 1)
14:01:03.843 [main] DEBUG o.h.e.loading.CollectionLoadContext - 1 collections were found in result set for role: net.lojika.gtfs.model.Routes.routesCdkidCollection
14:01:03.843 [main] DEBUG o.h.e.loading.CollectionLoadContext - collection fully initialized: [net.lojika.gtfs.model.Routes.routesCdkidCollection#istb.280690]
14:01:03.843 [main] DEBUG o.h.e.loading.CollectionLoadContext - 1 collections initialized for role: net.lojika.gtfs.model.Routes.routesCdkidCollection
14:01:03.843 [main] DEBUG org.hibernate.loader.Loader - done loading collection
14:01:03.843 [main] DEBUG org.hibernate.loader.Loader - loading collection: [net.lojika.gtfs.model.Routes.routesCdkidCollection#istb.280691]
14:01:03.843 [main] DEBUG org.hibernate.jdbc.AbstractBatcher - about to open PreparedStatement (open PreparedStatements: 0, globally: 0)
14:01:03.843 [main] DEBUG org.hibernate.SQL - select routescdki0_.route_id as route2_2_1_, routescdki0_.route_cdk_id as route1_1_, routescdki0_.route_cdk_id as route1_3_0_, routescdki0_.route_id as route2_3_0_ from public.routes_cdkid routescdki0_ where routescdki0_.route_id=?
Hibernate: select routescdki0_.route_id as route2_2_1_, routescdki0_.route_cdk_id as route1_1_, routescdki0_.route_cdk_id as route1_3_0_, routescdki0_.route_id as route2_3_0_ from public.routes_cdkid routescdki0_ where routescdki0_.route_id=?
14:01:03.843 [main] DEBUG org.hibernate.jdbc.AbstractBatcher - about to open ResultSet (open ResultSets: 0, globally: 0)
14:01:03.843 [main] DEBUG org.hibernate.loader.Loader - result set contains (possibly empty) collection: [net.lojika.gtfs.model.Routes.routesCdkidCollection#istb.280691]
14:01:03.844 [main] DEBUG org.hibernate.loader.Loader - result row: EntityKey[net.lojika.gtfs.model.RoutesCdkid#gtfs.line.1.79t-1]
14:01:03.844 [main] DEBUG org.hibernate.loader.Loader - found row of collection: [net.lojika.gtfs.model.Routes.routesCdkidCollection#istb.280691]
14:01:03.844 [main] DEBUG org.hibernate.loader.Loader - result row: EntityKey[net.lojika.gtfs.model.RoutesCdkid#gtfs.line.1.79t-0]
14:01:03.844 [main] DEBUG org.hibernate.loader.Loader - found row of collection: [net.lojika.gtfs.model.Routes.routesCdkidCollection#istb.280691]
14:01:03.844 [main] DEBUG org.hibernate.jdbc.AbstractBatcher - about to close ResultSet (open ResultSets: 1, globally: 1)
14:01:03.844 [main] DEBUG org.hibernate.jdbc.AbstractBatcher - about to close PreparedStatement (open PreparedStatements: 1, globally: 1)
14:01:03.844 [main] DEBUG o.h.e.loading.CollectionLoadContext - 1 collections were found in result set for role: net.lojika.gtfs.model.Routes.routesCdkidCollection
14:01:03.844 [main] DEBUG o.h.e.loading.CollectionLoadContext - collection fully initialized: [net.lojika.gtfs.model.Routes.routesCdkidCollection#istb.280691]
14:01:03.844 [main] DEBUG o.h.e.loading.CollectionLoadContext - 1 collections initialized for role: net.lojika.gtfs.model.Routes.routesCdkidCollection
14:01:03.844 [main] DEBUG org.hibernate.loader.Loader - done loading collection
14:01:03.844 [main] DEBUG org.hibernate.loader.Loader - loading collection: [net.lojika.gtfs.model.Routes.routesCdkidCollection#istb.280692]
14:01:03.844 [main] DEBUG org.hibernate.jdbc.AbstractBatcher - about to open PreparedStatement (open PreparedStatements: 0, globally: 0)
14:01:03.844 [main] DEBUG org.hibernate.SQL - select routescdki0_.route_id as route2_2_1_, routescdki0_.route_cdk_id as route1_1_, routescdki0_.route_cdk_id as route1_3_0_, routescdki0_.route_id as route2_3_0_ from public.routes_cdkid routescdki0_ where routescdki0_.route_id=?
Hibernate: select routescdki0_.route_id as route2_2_1_, routescdki0_.route_cdk_id as route1_1_, routescdki0_.route_cdk_id as route1_3_0_, routescdki0_.route_id as route2_3_0_ from public.routes_cdkid routescdki0_ where routescdki0_.route_id=?
14:01:03.845 [main] DEBUG org.hibernate.jdbc.AbstractBatcher - about to open ResultSet (open ResultSets: 0, globally: 0)
14:01:03.845 [main] DEBUG org.hibernate.loader.Loader - result set contains (possibly empty) collection: [net.lojika.gtfs.model.Routes.routesCdkidCollection#istb.280692]
14:01:03.845 [main] DEBUG org.hibernate.loader.Loader - result row: EntityKey[net.lojika.gtfs.model.RoutesCdkid#gtfs.line.1.79y-1]
14:01:03.845 [main] DEBUG org.hibernate.loader.Loader - found row of collection: [net.lojika.gtfs.model.Routes.routesCdkidCollection#istb.280692]
14:01:03.845 [main] DEBUG org.hibernate.loader.Loader - result row: EntityKey[net.lojika.gtfs.model.RoutesCdkid#gtfs.line.1.79y-0]
14:01:03.845 [main] DEBUG org.hibernate.loader.Loader - found row of collection: [net.lojika.gtfs.model.Routes.routesCdkidCollection#istb.280692]
14:01:03.845 [main] DEBUG org.hibernate.jdbc.AbstractBatcher - about to close ResultSet (open ResultSets: 1, globally: 1)
14:01:03.845 [main] DEBUG org.hibernate.jdbc.AbstractBatcher - about to close PreparedStatement (open PreparedStatements: 1, globally: 1)
14:01:03.845 [main] DEBUG o.h.e.loading.CollectionLoadContext - 1 collections were found in result set for role: net.lojika.gtfs.model.Routes.routesCdkidCollection
14:01:03.845 [main] DEBUG o.h.e.loading.CollectionLoadContext - collection fully initialized: [net.lojika.gtfs.model.Routes.routesCdkidCollection#istb.280692]
14:01:03.845 [main] DEBUG o.h.e.loading.CollectionLoadContext - 1 collections initialized for role: net.lojika.gtfs.model.Routes.routesCdkidCollection
14:01:03.845 [main] DEBUG org.hibernate.loader.Loader - done loading collection
14:01:03.845 [main] DEBUG org.hibernate.loader.Loader - loading collection: [net.lojika.gtfs.model.Routes.routesCdkidCollection#istb.280695]
14:01:03.845 [main] DEBUG org.hibernate.jdbc.AbstractBatcher - about to open PreparedStatement (open PreparedStatements: 0, globally: 0)
14:01:03.845 [main] DEBUG org.hibernate.SQL - select routescdki0_.route_id as route2_2_1_, routescdki0_.route_cdk_id as route1_1_, routescdki0_.route_cdk_id as route1_3_0_, routescdki0_.route_id as route2_3_0_ from public.routes_cdkid routescdki0_ where routescdki0_.route_id=?
Hibernate: select routescdki0_.route_id as route2_2_1_, routescdki0_.route_cdk_id as route1_1_, routescdki0_.route_cdk_id as route1_3_0_, routescdki0_.route_id as route2_3_0_ from public.routes_cdkid routescdki0_ where routescdki0_.route_id=?
14:01:03.846 [main] DEBUG org.hibernate.jdbc.AbstractBatcher - about to open ResultSet (open ResultSets: 0, globally: 0)
14:01:03.846 [main] DEBUG org.hibernate.loader.Loader - result set contains (possibly empty) collection: [net.lojika.gtfs.model.Routes.routesCdkidCollection#istb.280695]
14:01:03.846 [main] DEBUG org.hibernate.loader.Loader - result row: EntityKey[net.lojika.gtfs.model.RoutesCdkid#gtfs.line.1.80-1]
14:01:03.846 [main] DEBUG org.hibernate.loader.Loader - found row of collection: [net.lojika.gtfs.model.Routes.routesCdkidCollection#istb.280695]
14:01:03.846 [main] DEBUG org.hibernate.loader.Loader - result row: EntityKey[net.lojika.gtfs.model.RoutesCdkid#gtfs.line.1.80-0]
14:01:03.846 [main] DEBUG org.hibernate.loader.Loader - found row of collection: [net.lojika.gtfs.model.Routes.routesCdkidCollection#istb.280695]
14:01:03.846 [main] DEBUG org.hibernate.jdbc.AbstractBatcher - about to close ResultSet (open ResultSets: 1, globally: 1)
14:01:03.846 [main] DEBUG org.hibernate.jdbc.AbstractBatcher - about to close PreparedStatement (open PreparedStatements: 1, globally: 1)
14:01:03.846 [main] DEBUG o.h.e.loading.CollectionLoadContext - 1 collections were found in result set for role: net.lojika.gtfs.model.Routes.routesCdkidCollection
14:01:03.846 [main] DEBUG o.h.e.loading.CollectionLoadContext - collection fully initialized: [net.lojika.gtfs.model.Routes.routesCdkidCollection#istb.280695]
14:01:03.846 [main] DEBUG o.h.e.loading.CollectionLoadContext - 1 collections initialized for role: net.lojika.gtfs.model.Routes.routesCdkidCollection
14:01:03.846 [main] DEBUG org.hibernate.loader.Loader - done loading collection
14:01:03.846 [main] DEBUG org.hibernate.loader.Loader - loading collection: [net.lojika.gtfs.model.Routes.routesCdkidCollection#istb.280696]
14:01:03.846 [main] DEBUG org.hibernate.jdbc.AbstractBatcher - about to open PreparedStatement (open PreparedStatements: 0, globally: 0)
14:01:03.846 [main] DEBUG org.hibernate.SQL - select routescdki0_.route_id as route2_2_1_, routescdki0_.route_cdk_id as route1_1_, routescdki0_.route_cdk_id as route1_3_0_, routescdki0_.route_id as route2_3_0_ from public.routes_cdkid routescdki0_ where routescdki0_.route_id=?
Hibernate: select routescdki0_.route_id as route2_2_1_, routescdki0_.route_cdk_id as route1_1_, routescdki0_.route_cdk_id as route1_3_0_, routescdki0_.route_id as route2_3_0_ from public.routes_cdkid routescdki0_ where routescdki0_.route_id=?
14:01:03.847 [main] DEBUG org.hibernate.jdbc.AbstractBatcher - about to open ResultSet (open ResultSets: 0, globally: 0)
14:01:03.847 [main] DEBUG org.hibernate.loader.Loader - result set contains (possibly empty) collection: [net.lojika.gtfs.model.Routes.routesCdkidCollection#istb.280696]
14:01:03.847 [main] DEBUG org.hibernate.loader.Loader - result row: EntityKey[net.lojika.gtfs.model.RoutesCdkid#gtfs.line.1.80t-1]
14:01:03.847 [main] DEBUG org.hibernate.loader.Loader - found row of collection: [net.lojika.gtfs.model.Routes.routesCdkidCollection#istb.280696]
14:01:03.847 [main] DEBUG org.hibernate.loader.Loader - result row: EntityKey[net.lojika.gtfs.model.RoutesCdkid#gtfs.line.1.80t-0]
14:01:03.847 [main] DEBUG org.hibernate.loader.Loader - found row of collection: [net.lojika.gtfs.model.Routes.routesCdkidCollection#istb.280696]
14:01:03.847 [main] DEBUG org.hibernate.jdbc.AbstractBatcher - about to close ResultSet (open ResultSets: 1, globally: 1)
14:01:03.847 [main] DEBUG org.hibernate.jdbc.AbstractBatcher - about to close PreparedStatement (open PreparedStatements: 1, globally: 1)
14:01:03.847 [main] DEBUG o.h.e.loading.CollectionLoadContext - 1 collections were found in result set for role: net.lojika.gtfs.model.Routes.routesCdkidCollection
14:01:03.847 [main] DEBUG o.h.e.loading.CollectionLoadContext - collection fully initialized: [net.lojika.gtfs.model.Routes.routesCdkidCollection#istb.280696]
14:01:03.847 [main] DEBUG o.h.e.loading.CollectionLoadContext - 1 collections initialized for role: net.lojika.gtfs.model.Routes.routesCdkidCollection
14:01:03.847 [main] DEBUG org.hibernate.loader.Loader - done loading collection
14:01:03.847 [main] DEBUG org.hibernate.loader.Loader - loading collection: [net.lojika.gtfs.model.Routes.routesCdkidCollection#istb.280697]
14:01:03.847 [main] DEBUG org.hibernate.jdbc.AbstractBatcher - about to open PreparedStatement (open PreparedStatements: 0, globally: 0)
14:01:03.847 [main] DEBUG org.hibernate.SQL - select routescdki0_.route_id as route2_2_1_, routescdki0_.route_cdk_id as route1_1_, routescdki0_.route_cdk_id as route1_3_0_, routescdki0_.route_id as route2_3_0_ from public.routes_cdkid routescdki0_ where routescdki0_.route_id=?
Hibernate: select routescdki0_.route_id as route2_2_1_, routescdki0_.route_cdk_id as route1_1_, routescdki0_.route_cdk_id as route1_3_0_, routescdki0_.route_id as route2_3_0_ from public.routes_cdkid routescdki0_ where routescdki0_.route_id=?
14:01:03.848 [main] DEBUG org.hibernate.jdbc.AbstractBatcher - about to open ResultSet (open ResultSets: 0, globally: 0)
14:01:03.848 [main] DEBUG org.hibernate.loader.Loader - result set contains (possibly empty) collection: [net.lojika.gtfs.model.Routes.routesCdkidCollection#istb.280697]
14:01:03.848 [main] DEBUG org.hibernate.loader.Loader - result row: EntityKey[net.lojika.gtfs.model.RoutesCdkid#gtfs.line.1.81-1]
14:01:03.848 [main] DEBUG org.hibernate.loader.Loader - found row of collection: [net.lojika.gtfs.model.Routes.routesCdkidCollection#istb.280697]
14:01:03.848 [main] DEBUG org.hibernate.loader.Loader - result row: EntityKey[net.lojika.gtfs.model.RoutesCdkid#gtfs.line.1.81-0]
14:01:03.848 [main] DEBUG org.hibernate.loader.Loader - found row of collection: [net.lojika.gtfs.model.Routes.routesCdkidCollection#istb.280697]
14:01:03.848 [main] DEBUG org.hibernate.jdbc.AbstractBatcher - about to close ResultSet (open ResultSets: 1, globally: 1)
14:01:03.848 [main] DEBUG org.hibernate.jdbc.AbstractBatcher - about to close PreparedStatement (open PreparedStatements: 1, globally: 1)
14:01:03.848 [main] DEBUG o.h.e.loading.CollectionLoadContext - 1 collections were found in result set for role: net.lojika.gtfs.model.Routes.routesCdkidCollection
14:01:03.848 [main] DEBUG o.h.e.loading.CollectionLoadContext - collection fully initialized: [net.lojika.gtfs.model.Routes.routesCdkidCollection#istb.280697]
14:01:03.848 [main] DEBUG o.h.e.loading.CollectionLoadContext - 1 collections initialized for role: net.lojika.gtfs.model.Routes.routesCdkidCollection
14:01:03.848 [main] DEBUG org.hibernate.loader.Loader - done loading collection
14:01:03.848 [main] DEBUG org.hibernate.loader.Loader - loading collection: [net.lojika.gtfs.model.Routes.routesCdkidCollection#istb.280698]
14:01:03.848 [main] DEBUG org.hibernate.jdbc.AbstractBatcher - about to open PreparedStatement (open PreparedStatements: 0, globally: 0)
14:01:03.848 [main] DEBUG org.hibernate.SQL - select routescdki0_.route_id as route2_2_1_, routescdki0_.route_cdk_id as route1_1_, routescdki0_.route_cdk_id as route1_3_0_, routescdki0_.route_id as route2_3_0_ from public.routes_cdkid routescdki0_ where routescdki0_.route_id=?
Hibernate: select routescdki0_.route_id as route2_2_1_, routescdki0_.route_cdk_id as route1_1_, routescdki0_.route_cdk_id as route1_3_0_, routescdki0_.route_id as route2_3_0_ from public.routes_cdkid routescdki0_ where routescdki0_.route_id=?
14:01:03.849 [main] DEBUG org.hibernate.jdbc.AbstractBatcher - about to open ResultSet (open ResultSets: 0, globally: 0)
14:01:03.849 [main] DEBUG org.hibernate.loader.Loader - result set contains (possibly empty) collection: [net.lojika.gtfs.model.Routes.routesCdkidCollection#istb.280698]
14:01:03.849 [main] DEBUG org.hibernate.loader.Loader - result row: EntityKey[net.lojika.gtfs.model.RoutesCdkid#gtfs.line.1.82-1]
14:01:03.849 [main] DEBUG org.hibernate.loader.Loader - found row of collection: [net.lojika.gtfs.model.Routes.routesCdkidCollection#istb.280698]
14:01:03.849 [main] DEBUG org.hibernate.loader.Loader - result row: EntityKey[net.lojika.gtfs.model.RoutesCdkid#gtfs.line.1.82-0]
14:01:03.849 [main] DEBUG org.hibernate.loader.Loader - found row of collection: [net.lojika.gtfs.model.Routes.routesCdkidCollection#istb.280698]
14:01:03.849 [main] DEBUG org.hibernate.jdbc.AbstractBatcher - about to close ResultSet (open ResultSets: 1, globally: 1)
14:01:03.849 [main] DEBUG org.hibernate.jdbc.AbstractBatcher - about to close PreparedStatement (open PreparedStatements: 1, globally: 1)
14:01:03.849 [main] DEBUG o.h.e.loading.CollectionLoadContext - 1 collections were found in result set for role: net.lojika.gtfs.model.Routes.routesCdkidCollection
14:01:03.849 [main] DEBUG o.h.e.loading.CollectionLoadContext - collection fully initialized: [net.lojika.gtfs.model.Routes.routesCdkidCollection#istb.280698]
14:01:03.849 [main] DEBUG o.h.e.loading.CollectionLoadContext - 1 collections initialized for role: net.lojika.gtfs.model.Routes.routesCdkidCollection
14:01:03.849 [main] DEBUG org.hibernate.loader.Loader - done loading collection
14:01:03.849 [main] DEBUG org.hibernate.loader.Loader - loading collection: [net.lojika.gtfs.model.Routes.routesCdkidCollection#istb.280699]
14:01:03.849 [main] DEBUG org.hibernate.jdbc.AbstractBatcher - about to open PreparedStatement (open PreparedStatements: 0, globally: 0)
14:01:03.849 [main] DEBUG org.hibernate.SQL - select routescdki0_.route_id as route2_2_1_, routescdki0_.route_cdk_id as route1_1_, routescdki0_.route_cdk_id as route1_3_0_, routescdki0_.route_id as route2_3_0_ from public.routes_cdkid routescdki0_ where routescdki0_.route_id=?
Hibernate: select routescdki0_.route_id as route2_2_1_, routescdki0_.route_cdk_id as route1_1_, routescdki0_.route_cdk_id as route1_3_0_, routescdki0_.route_id as route2_3_0_ from public.routes_cdkid routescdki0_ where routescdki0_.route_id=?
14:01:03.850 [main] DEBUG org.hibernate.jdbc.AbstractBatcher - about to open ResultSet (open ResultSets: 0, globally: 0)
14:01:03.850 [main] DEBUG org.hibernate.loader.Loader - result set contains (possibly empty) collection: [net.lojika.gtfs.model.Routes.routesCdkidCollection#istb.280699]
14:01:03.850 [main] DEBUG org.hibernate.loader.Loader - result row: EntityKey[net.lojika.gtfs.model.RoutesCdkid#gtfs.line.1.82b-0]
14:01:03.850 [main] DEBUG org.hibernate.loader.Loader - found row of collection: [net.lojika.gtfs.model.Routes.routesCdkidCollection#istb.280699]
14:01:03.850 [main] DEBUG org.hibernate.jdbc.AbstractBatcher - about to close ResultSet (open ResultSets: 1, globally: 1)
14:01:03.850 [main] DEBUG org.hibernate.jdbc.AbstractBatcher - about to close PreparedStatement (open PreparedStatements: 1, globally: 1)
14:01:03.850 [main] DEBUG o.h.e.loading.CollectionLoadContext - 1 collections were found in result set for role: net.lojika.gtfs.model.Routes.routesCdkidCollection
14:01:03.850 [main] DEBUG o.h.e.loading.CollectionLoadContext - collection fully initialized: [net.lojika.gtfs.model.Routes.routesCdkidCollection#istb.280699]
14:01:03.850 [main] DEBUG o.h.e.loading.CollectionLoadContext - 1 collections initialized for role: net.lojika.gtfs.model.Routes.routesCdkidCollection
14:01:03.850 [main] DEBUG org.hibernate.loader.Loader - done loading collection
14:01:03.850 [main] DEBUG org.hibernate.loader.Loader - loading collection: [net.lojika.gtfs.model.Routes.routesCdkidCollection#istb.280700]
14:01:03.850 [main] DEBUG org.hibernate.jdbc.AbstractBatcher - about to open PreparedStatement (open PreparedStatements: 0, globally: 0)
14:01:03.850 [main] DEBUG org.hibernate.SQL - select routescdki0_.route_id as route2_2_1_, routescdki0_.route_cdk_id as route1_1_, routescdki0_.route_cdk_id as route1_3_0_, routescdki0_.route_id as route2_3_0_ from public.routes_cdkid routescdki0_ where routescdki0_.route_id=?
Hibernate: select routescdki0_.route_id as route2_2_1_, routescdki0_.route_cdk_id as route1_1_, routescdki0_.route_cdk_id as route1_3_0_, routescdki0_.route_id as route2_3_0_ from public.routes_cdkid routescdki0_ where routescdki0_.route_id=?
14:01:03.850 [main] DEBUG org.hibernate.jdbc.AbstractBatcher - about to open ResultSet (open ResultSets: 0, globally: 0)
14:01:03.850 [main] DEBUG org.hibernate.loader.Loader - result set contains (possibly empty) collection: [net.lojika.gtfs.model.Routes.routesCdkidCollection#istb.280700]
14:01:03.850 [main] DEBUG org.hibernate.loader.Loader - result row: EntityKey[net.lojika.gtfs.model.RoutesCdkid#gtfs.line.1.83-1]
14:01:03.851 [main] DEBUG org.hibernate.loader.Loader - found row of collection: [net.lojika.gtfs.model.Routes.routesCdkidCollection#istb.280700]
14:01:03.851 [main] DEBUG org.hibernate.loader.Loader - result row: EntityKey[net.lojika.gtfs.model.RoutesCdkid#gtfs.line.1.83-0]
14:01:03.851 [main] DEBUG org.hibernate.loader.Loader - found row of collection: [net.lojika.gtfs.model.Routes.routesCdkidCollection#istb.280700]
14:01:03.851 [main] DEBUG org.hibernate.jdbc.AbstractBatcher - about to close ResultSet (open ResultSets: 1, globally: 1)
14:01:03.851 [main] DEBUG org.hibernate.jdbc.AbstractBatcher - about to close PreparedStatement (open PreparedStatements: 1, globally: 1)
14:01:03.851 [main] DEBUG o.h.e.loading.CollectionLoadContext - 1 collections were found in result set for role: net.lojika.gtfs.model.Routes.routesCdkidCollection
14:01:03.851 [main] DEBUG o.h.e.loading.CollectionLoadContext - collection fully initialized: [net.lojika.gtfs.model.Routes.routesCdkidCollection#istb.280700]
14:01:03.851 [main] DEBUG o.h.e.loading.CollectionLoadContext - 1 collections initialized for role: net.lojika.gtfs.model.Routes.routesCdkidCollection
14:01:03.851 [main] DEBUG org.hibernate.loader.Loader - done loading collection
14:01:03.851 [main] DEBUG org.hibernate.loader.Loader - loading collection: [net.lojika.gtfs.model.Routes.routesCdkidCollection#istb.280701]
14:01:03.851 [main] DEBUG org.hibernate.jdbc.AbstractBatcher - about to open PreparedStatement (open PreparedStatements: 0, globally: 0)
14:01:03.851 [main] DEBUG org.hibernate.SQL - select routescdki0_.route_id as route2_2_1_, routescdki0_.route_cdk_id as route1_1_, routescdki0_.route_cdk_id as route1_3_0_, routescdki0_.route_id as route2_3_0_ from public.routes_cdkid routescdki0_ where routescdki0_.route_id=?
Hibernate: select routescdki0_.route_id as route2_2_1_, routescdki0_.route_cdk_id as route1_1_, routescdki0_.route_cdk_id as route1_3_0_, routescdki0_.route_id as route2_3_0_ from public.routes_cdkid routescdki0_ where routescdki0_.route_id=?
14:01:03.851 [main] DEBUG org.hibernate.jdbc.AbstractBatcher - about to open ResultSet (open ResultSets: 0, globally: 0)
14:01:03.851 [main] DEBUG org.hibernate.loader.Loader - result set contains (possibly empty) collection: [net.lojika.gtfs.model.Routes.routesCdkidCollection#istb.280701]
14:01:03.851 [main] DEBUG org.hibernate.loader.Loader - result row: EntityKey[net.lojika.gtfs.model.RoutesCdkid#gtfs.line.1.83o-1]
14:01:03.851 [main] DEBUG org.hibernate.loader.Loader - found row of collection: [net.lojika.gtfs.model.Routes.routesCdkidCollection#istb.280701]
14:01:03.851 [main] DEBUG org.hibernate.loader.Loader - result row: EntityKey[net.lojika.gtfs.model.RoutesCdkid#gtfs.line.1.83o-0]
14:01:03.851 [main] DEBUG org.hibernate.loader.Loader - found row of collection: [net.lojika.gtfs.model.Routes.routesCdkidCollection#istb.280701]
14:01:03.852 [main] DEBUG org.hibernate.jdbc.AbstractBatcher - about to close ResultSet (open ResultSets: 1, globally: 1)
14:01:03.852 [main] DEBUG org.hibernate.jdbc.AbstractBatcher - about to close PreparedStatement (open PreparedStatements: 1, globally: 1)
14:01:03.852 [main] DEBUG o.h.e.loading.CollectionLoadContext - 1 collections were found in result set for role: net.lojika.gtfs.model.Routes.routesCdkidCollection
14:01:03.852 [main] DEBUG o.h.e.loading.CollectionLoadContext - collection fully initialized: [net.lojika.gtfs.model.Routes.routesCdkidCollection#istb.280701]
14:01:03.852 [main] DEBUG o.h.e.loading.CollectionLoadContext - 1 collections initialized for role: net.lojika.gtfs.model.Routes.routesCdkidCollection
14:01:03.852 [main] DEBUG org.hibernate.loader.Loader - done loading collection
14:01:03.852 [main] DEBUG org.hibernate.loader.Loader - loading collection: [net.lojika.gtfs.model.Routes.routesCdkidCollection#istb.280702]
14:01:03.852 [main] DEBUG org.hibernate.jdbc.AbstractBatcher - about to open PreparedStatement (open PreparedStatements: 0, globally: 0)
14:01:03.852 [main] DEBUG org.hibernate.SQL - select routescdki0_.route_id as route2_2_1_, routescdki0_.route_cdk_id as route1_1_, routescdki0_.route_cdk_id as route1_3_0_, routescdki0_.route_id as route2_3_0_ from public.routes_cdkid routescdki0_ where routescdki0_.route_id=?
Hibernate: select routescdki0_.route_id as route2_2_1_, routescdki0_.route_cdk_id as route1_1_, routescdki0_.route_cdk_id as route1_3_0_, routescdki0_.route_id as route2_3_0_ from public.routes_cdkid routescdki0_ where routescdki0_.route_id=?
14:01:03.852 [main] DEBUG org.hibernate.jdbc.AbstractBatcher - about to open ResultSet (open ResultSets: 0, globally: 0)
14:01:03.852 [main] DEBUG org.hibernate.loader.Loader - result set contains (possibly empty) collection: [net.lojika.gtfs.model.Routes.routesCdkidCollection#istb.280702]
14:01:03.852 [main] DEBUG org.hibernate.loader.Loader - result row: EntityKey[net.lojika.gtfs.model.RoutesCdkid#gtfs.line.1.85c-1]
14:01:03.852 [main] DEBUG org.hibernate.loader.Loader - found row of collection: [net.lojika.gtfs.model.Routes.routesCdkidCollection#istb.280702]
14:01:03.853 [main] DEBUG org.hibernate.loader.Loader - result row: EntityKey[net.lojika.gtfs.model.RoutesCdkid#gtfs.line.1.85c-0]
14:01:03.853 [main] DEBUG org.hibernate.loader.Loader - found row of collection: [net.lojika.gtfs.model.Routes.routesCdkidCollection#istb.280702]
14:01:03.853 [main] DEBUG org.hibernate.jdbc.AbstractBatcher - about to close ResultSet (open ResultSets: 1, globally: 1)
14:01:03.853 [main] DEBUG org.hibernate.jdbc.AbstractBatcher - about to close PreparedStatement (open PreparedStatements: 1, globally: 1)
14:01:03.853 [main] DEBUG o.h.e.loading.CollectionLoadContext - 1 collections were found in result set for role: net.lojika.gtfs.model.Routes.routesCdkidCollection
14:01:03.853 [main] DEBUG o.h.e.loading.CollectionLoadContext - collection fully initialized: [net.lojika.gtfs.model.Routes.routesCdkidCollection#istb.280702]
14:01:03.853 [main] DEBUG o.h.e.loading.CollectionLoadContext - 1 collections initialized for role: net.lojika.gtfs.model.Routes.routesCdkidCollection
14:01:03.853 [main] DEBUG org.hibernate.loader.Loader - done loading collection
14:01:03.853 [main] DEBUG org.hibernate.loader.Loader - loading collection: [net.lojika.gtfs.model.Routes.routesCdkidCollection#istb.280703]
14:01:03.853 [main] DEBUG org.hibernate.jdbc.AbstractBatcher - about to open PreparedStatement (open PreparedStatements: 0, globally: 0)
14:01:03.853 [main] DEBUG org.hibernate.SQL - select routescdki0_.route_id as route2_2_1_, routescdki0_.route_cdk_id as route1_1_, routescdki0_.route_cdk_id as route1_3_0_, routescdki0_.route_id as route2_3_0_ from public.routes_cdkid routescdki0_ where routescdki0_.route_id=?
Hibernate: select routescdki0_.route_id as route2_2_1_, routescdki0_.route_cdk_id as route1_1_, routescdki0_.route_cdk_id as route1_3_0_, routescdki0_.route_id as route2_3_0_ from public.routes_cdkid routescdki0_ where routescdki0_.route_id=?
14:01:03.853 [main] DEBUG org.hibernate.jdbc.AbstractBatcher - about to open ResultSet (open ResultSets: 0, globally: 0)
14:01:03.853 [main] DEBUG org.hibernate.loader.Loader - result set contains (possibly empty) collection: [net.lojika.gtfs.model.Routes.routesCdkidCollection#istb.280703]
14:01:03.853 [main] DEBUG org.hibernate.loader.Loader - result row: EntityKey[net.lojika.gtfs.model.RoutesCdkid#gtfs.line.1.85t-1]
14:01:03.853 [main] DEBUG org.hibernate.loader.Loader - found row of collection: [net.lojika.gtfs.model.Routes.routesCdkidCollection#istb.280703]
14:01:03.853 [main] DEBUG org.hibernate.loader.Loader - result row: EntityKey[net.lojika.gtfs.model.RoutesCdkid#gtfs.line.1.85t-0]
14:01:03.853 [main] DEBUG org.hibernate.loader.Loader - found row of collection: [net.lojika.gtfs.model.Routes.routesCdkidCollection#istb.280703]
14:01:03.853 [main] DEBUG org.hibernate.jdbc.AbstractBatcher - about to close ResultSet (open ResultSets: 1, globally: 1)
14:01:03.853 [main] DEBUG org.hibernate.jdbc.AbstractBatcher - about to close PreparedStatement (open PreparedStatements: 1, globally: 1)
14:01:03.853 [main] DEBUG o.h.e.loading.CollectionLoadContext - 1 collections were found in result set for role: net.lojika.gtfs.model.Routes.routesCdkidCollection
14:01:03.853 [main] DEBUG o.h.e.loading.CollectionLoadContext - collection fully initialized: [net.lojika.gtfs.model.Routes.routesCdkidCollection#istb.280703]
14:01:03.853 [main] DEBUG o.h.e.loading.CollectionLoadContext - 1 collections initialized for role: net.lojika.gtfs.model.Routes.routesCdkidCollection
14:01:03.853 [main] DEBUG org.hibernate.loader.Loader - done loading collection
14:01:03.853 [main] DEBUG org.hibernate.loader.Loader - loading collection: [net.lojika.gtfs.model.Routes.routesCdkidCollection#istb.280704]
14:01:03.854 [main] DEBUG org.hibernate.jdbc.AbstractBatcher - about to open PreparedStatement (open PreparedStatements: 0, globally: 0)
14:01:03.854 [main] DEBUG org.hibernate.SQL - select routescdki0_.route_id as route2_2_1_, routescdki0_.route_cdk_id as route1_1_, routescdki0_.route_cdk_id as route1_3_0_, routescdki0_.route_id as route2_3_0_ from public.routes_cdkid routescdki0_ where routescdki0_.route_id=?
Hibernate: select routescdki0_.route_id as route2_2_1_, routescdki0_.route_cdk_id as route1_1_, routescdki0_.route_cdk_id as route1_3_0_, routescdki0_.route_id as route2_3_0_ from public.routes_cdkid routescdki0_ where routescdki0_.route_id=?
14:01:03.854 [main] DEBUG org.hibernate.jdbc.AbstractBatcher - about to open ResultSet (open ResultSets: 0, globally: 0)
14:01:03.854 [main] DEBUG org.hibernate.loader.Loader - result set contains (possibly empty) collection: [net.lojika.gtfs.model.Routes.routesCdkidCollection#istb.280704]
14:01:03.854 [main] DEBUG org.hibernate.loader.Loader - result row: EntityKey[net.lojika.gtfs.model.RoutesCdkid#gtfs.line.1.86v-1]
14:01:03.854 [main] DEBUG org.hibernate.loader.Loader - found row of collection: [net.lojika.gtfs.model.Routes.routesCdkidCollection#istb.280704]
14:01:03.854 [main] DEBUG org.hibernate.loader.Loader - result row: EntityKey[net.lojika.gtfs.model.RoutesCdkid#gtfs.line.1.86v-0]
14:01:03.854 [main] DEBUG org.hibernate.loader.Loader - found row of collection: [net.lojika.gtfs.model.Routes.routesCdkidCollection#istb.280704]
14:01:03.854 [main] DEBUG org.hibernate.jdbc.AbstractBatcher - about to close ResultSet (open ResultSets: 1, globally: 1)
14:01:03.854 [main] DEBUG org.hibernate.jdbc.AbstractBatcher - about to close PreparedStatement (open PreparedStatements: 1, globally: 1)
14:01:03.854 [main] DEBUG o.h.e.loading.CollectionLoadContext - 1 collections were found in result set for role: net.lojika.gtfs.model.Routes.routesCdkidCollection
14:01:03.854 [main] DEBUG o.h.e.loading.CollectionLoadContext - collection fully initialized: [net.lojika.gtfs.model.Routes.routesCdkidCollection#istb.280704]
14:01:03.854 [main] DEBUG o.h.e.loading.CollectionLoadContext - 1 collections initialized for role: net.lojika.gtfs.model.Routes.routesCdkidCollection
14:01:03.854 [main] DEBUG org.hibernate.loader.Loader - done loading collection
14:01:03.854 [main] DEBUG org.hibernate.loader.Loader - loading collection: [net.lojika.gtfs.model.Routes.routesCdkidCollection#istb.280705]
14:01:03.854 [main] DEBUG org.hibernate.jdbc.AbstractBatcher - about to open PreparedStatement (open PreparedStatements: 0, globally: 0)
14:01:03.854 [main] DEBUG org.hibernate.SQL - select routescdki0_.route_id as route2_2_1_, routescdki0_.route_cdk_id as route1_1_, routescdki0_.route_cdk_id as route1_3_0_, routescdki0_.route_id as route2_3_0_ from public.routes_cdkid routescdki0_ where routescdki0_.route_id=?
Hibernate: select routescdki0_.route_id as route2_2_1_, routescdki0_.route_cdk_id as route1_1_, routescdki0_.route_cdk_id as route1_3_0_, routescdki0_.route_id as route2_3_0_ from public.routes_cdkid routescdki0_ where routescdki0_.route_id=?
14:01:03.855 [main] DEBUG org.hibernate.jdbc.AbstractBatcher - about to open ResultSet (open ResultSets: 0, globally: 0)
14:01:03.855 [main] DEBUG org.hibernate.loader.Loader - result set contains (possibly empty) collection: [net.lojika.gtfs.model.Routes.routesCdkidCollection#istb.280705]
14:01:03.855 [main] DEBUG org.hibernate.loader.Loader - result row: EntityKey[net.lojika.gtfs.model.RoutesCdkid#gtfs.line.1.87-1]
14:01:03.855 [main] DEBUG org.hibernate.loader.Loader - found row of collection: [net.lojika.gtfs.model.Routes.routesCdkidCollection#istb.280705]
14:01:03.855 [main] DEBUG org.hibernate.loader.Loader - result row: EntityKey[net.lojika.gtfs.model.RoutesCdkid#gtfs.line.1.87-0]
14:01:03.855 [main] DEBUG org.hibernate.loader.Loader - found row of collection: [net.lojika.gtfs.model.Routes.routesCdkidCollection#istb.280705]
14:01:03.855 [main] DEBUG org.hibernate.jdbc.AbstractBatcher - about to close ResultSet (open ResultSets: 1, globally: 1)
14:01:03.855 [main] DEBUG org.hibernate.jdbc.AbstractBatcher - about to close PreparedStatement (open PreparedStatements: 1, globally: 1)
14:01:03.855 [main] DEBUG o.h.e.loading.CollectionLoadContext - 1 collections were found in result set for role: net.lojika.gtfs.model.Routes.routesCdkidCollection
14:01:03.855 [main] DEBUG o.h.e.loading.CollectionLoadContext - collection fully initialized: [net.lojika.gtfs.model.Routes.routesCdkidCollection#istb.280705]
14:01:03.855 [main] DEBUG o.h.e.loading.CollectionLoadContext - 1 collections initialized for role: net.lojika.gtfs.model.Routes.routesCdkidCollection
14:01:03.855 [main] DEBUG org.hibernate.loader.Loader - done loading collection
14:01:03.855 [main] DEBUG org.hibernate.loader.Loader - loading collection: [net.lojika.gtfs.model.Routes.routesCdkidCollection#istb.280707]
14:01:03.855 [main] DEBUG org.hibernate.jdbc.AbstractBatcher - about to open PreparedStatement (open PreparedStatements: 0, globally: 0)
14:01:03.855 [main] DEBUG org.hibernate.SQL - select routescdki0_.route_id as route2_2_1_, routescdki0_.route_cdk_id as route1_1_, routescdki0_.route_cdk_id as route1_3_0_, routescdki0_.route_id as route2_3_0_ from public.routes_cdkid routescdki0_ where routescdki0_.route_id=?
Hibernate: select routescdki0_.route_id as route2_2_1_, routescdki0_.route_cdk_id as route1_1_, routescdki0_.route_cdk_id as route1_3_0_, routescdki0_.route_id as route2_3_0_ from public.routes_cdkid routescdki0_ where routescdki0_.route_id=?
14:01:03.855 [main] DEBUG org.hibernate.jdbc.AbstractBatcher - about to open ResultSet (open ResultSets: 0, globally: 0)
14:01:03.855 [main] DEBUG org.hibernate.loader.Loader - result set contains (possibly empty) collection: [net.lojika.gtfs.model.Routes.routesCdkidCollection#istb.280707]
14:01:03.855 [main] DEBUG org.hibernate.loader.Loader - result row: EntityKey[net.lojika.gtfs.model.RoutesCdkid#gtfs.line.1.88a-1]
14:01:03.856 [main] DEBUG org.hibernate.loader.Loader - found row of collection: [net.lojika.gtfs.model.Routes.routesCdkidCollection#istb.280707]
14:01:03.856 [main] DEBUG org.hibernate.loader.Loader - result row: EntityKey[net.lojika.gtfs.model.RoutesCdkid#gtfs.line.1.88a-0]
14:01:03.856 [main] DEBUG org.hibernate.loader.Loader - found row of collection: [net.lojika.gtfs.model.Routes.routesCdkidCollection#istb.280707]
14:01:03.856 [main] DEBUG org.hibernate.jdbc.AbstractBatcher - about to close ResultSet (open ResultSets: 1, globally: 1)
14:01:03.856 [main] DEBUG org.hibernate.jdbc.AbstractBatcher - about to close PreparedStatement (open PreparedStatements: 1, globally: 1)
14:01:03.856 [main] DEBUG o.h.e.loading.CollectionLoadContext - 1 collections were found in result set for role: net.lojika.gtfs.model.Routes.routesCdkidCollection
14:01:03.856 [main] DEBUG o.h.e.loading.CollectionLoadContext - collection fully initialized: [net.lojika.gtfs.model.Routes.routesCdkidCollection#istb.280707]
14:01:03.856 [main] DEBUG o.h.e.loading.CollectionLoadContext - 1 collections initialized for role: net.lojika.gtfs.model.Routes.routesCdkidCollection
14:01:03.856 [main] DEBUG org.hibernate.loader.Loader - done loading collection
14:01:03.856 [main] DEBUG org.hibernate.loader.Loader - loading collection: [net.lojika.gtfs.model.Routes.routesCdkidCollection#istb.280709]
14:01:03.856 [main] DEBUG org.hibernate.jdbc.AbstractBatcher - about to open PreparedStatement (open PreparedStatements: 0, globally: 0)
14:01:03.856 [main] DEBUG org.hibernate.SQL - select routescdki0_.route_id as route2_2_1_, routescdki0_.route_cdk_id as route1_1_, routescdki0_.route_cdk_id as route1_3_0_, routescdki0_.route_id as route2_3_0_ from public.routes_cdkid routescdki0_ where routescdki0_.route_id=?
Hibernate: select routescdki0_.route_id as route2_2_1_, routescdki0_.route_cdk_id as route1_1_, routescdki0_.route_cdk_id as route1_3_0_, routescdki0_.route_id as route2_3_0_ from public.routes_cdkid routescdki0_ where routescdki0_.route_id=?
14:01:03.856 [main] DEBUG org.hibernate.jdbc.AbstractBatcher - about to open ResultSet (open ResultSets: 0, globally: 0)
14:01:03.856 [main] DEBUG org.hibernate.loader.Loader - result set contains (possibly empty) collection: [net.lojika.gtfs.model.Routes.routesCdkidCollection#istb.280709]
14:01:03.856 [main] DEBUG org.hibernate.loader.Loader - result row: EntityKey[net.lojika.gtfs.model.RoutesCdkid#gtfs.line.1.89a-1]
14:01:03.856 [main] DEBUG org.hibernate.loader.Loader - found row of collection: [net.lojika.gtfs.model.Routes.routesCdkidCollection#istb.280709]
14:01:03.856 [main] DEBUG org.hibernate.loader.Loader - result row: EntityKey[net.lojika.gtfs.model.RoutesCdkid#gtfs.line.1.89a-0]
14:01:03.856 [main] DEBUG org.hibernate.loader.Loader - found row of collection: [net.lojika.gtfs.model.Routes.routesCdkidCollection#istb.280709]
14:01:03.857 [main] DEBUG org.hibernate.jdbc.AbstractBatcher - about to close ResultSet (open ResultSets: 1, globally: 1)
14:01:03.857 [main] DEBUG org.hibernate.jdbc.AbstractBatcher - about to close PreparedStatement (open PreparedStatements: 1, globally: 1)
14:01:03.857 [main] DEBUG o.h.e.loading.CollectionLoadContext - 1 collections were found in result set for role: net.lojika.gtfs.model.Routes.routesCdkidCollection
14:01:03.857 [main] DEBUG o.h.e.loading.CollectionLoadContext - collection fully initialized: [net.lojika.gtfs.model.Routes.routesCdkidCollection#istb.280709]
14:01:03.857 [main] DEBUG o.h.e.loading.CollectionLoadContext - 1 collections initialized for role: net.lojika.gtfs.model.Routes.routesCdkidCollection
14:01:03.857 [main] DEBUG org.hibernate.loader.Loader - done loading collection
14:01:03.857 [main] DEBUG org.hibernate.loader.Loader - loading collection: [net.lojika.gtfs.model.Routes.routesCdkidCollection#istb.280710]
14:01:03.857 [main] DEBUG org.hibernate.jdbc.AbstractBatcher - about to open PreparedStatement (open PreparedStatements: 0, globally: 0)
14:01:03.857 [main] DEBUG org.hibernate.SQL - select routescdki0_.route_id as route2_2_1_, routescdki0_.route_cdk_id as route1_1_, routescdki0_.route_cdk_id as route1_3_0_, routescdki0_.route_id as route2_3_0_ from public.routes_cdkid routescdki0_ where routescdki0_.route_id=?
Hibernate: select routescdki0_.route_id as route2_2_1_, routescdki0_.route_cdk_id as route1_1_, routescdki0_.route_cdk_id as route1_3_0_, routescdki0_.route_id as route2_3_0_ from public.routes_cdkid routescdki0_ where routescdki0_.route_id=?
14:01:03.857 [main] DEBUG org.hibernate.jdbc.AbstractBatcher - about to open ResultSet (open ResultSets: 0, globally: 0)
14:01:03.857 [main] DEBUG org.hibernate.loader.Loader - result set contains (possibly empty) collection: [net.lojika.gtfs.model.Routes.routesCdkidCollection#istb.280710]
14:01:03.857 [main] DEBUG org.hibernate.loader.Loader - result row: EntityKey[net.lojika.gtfs.model.RoutesCdkid#gtfs.line.1.89b-1]
14:01:03.857 [main] DEBUG org.hibernate.loader.Loader - found row of collection: [net.lojika.gtfs.model.Routes.routesCdkidCollection#istb.280710]
14:01:03.857 [main] DEBUG org.hibernate.loader.Loader - result row: EntityKey[net.lojika.gtfs.model.RoutesCdkid#gtfs.line.1.89b-0]
14:01:03.857 [main] DEBUG org.hibernate.loader.Loader - found row of collection: [net.lojika.gtfs.model.Routes.routesCdkidCollection#istb.280710]
14:01:03.857 [main] DEBUG org.hibernate.jdbc.AbstractBatcher - about to close ResultSet (open ResultSets: 1, globally: 1)
14:01:03.857 [main] DEBUG org.hibernate.jdbc.AbstractBatcher - about to close PreparedStatement (open PreparedStatements: 1, globally: 1)
14:01:03.857 [main] DEBUG o.h.e.loading.CollectionLoadContext - 1 collections were found in result set for role: net.lojika.gtfs.model.Routes.routesCdkidCollection
14:01:03.857 [main] DEBUG o.h.e.loading.CollectionLoadContext - collection fully initialized: [net.lojika.gtfs.model.Routes.routesCdkidCollection#istb.280710]
14:01:03.857 [main] DEBUG o.h.e.loading.CollectionLoadContext - 1 collections initialized for role: net.lojika.gtfs.model.Routes.routesCdkidCollection
14:01:03.858 [main] DEBUG org.hibernate.loader.Loader - done loading collection
14:01:03.858 [main] DEBUG org.hibernate.loader.Loader - loading collection: [net.lojika.gtfs.model.Routes.routesCdkidCollection#istb.280711]
14:01:03.858 [main] DEBUG org.hibernate.jdbc.AbstractBatcher - about to open PreparedStatement (open PreparedStatements: 0, globally: 0)
14:01:03.858 [main] DEBUG org.hibernate.SQL - select routescdki0_.route_id as route2_2_1_, routescdki0_.route_cdk_id as route1_1_, routescdki0_.route_cdk_id as route1_3_0_, routescdki0_.route_id as route2_3_0_ from public.routes_cdkid routescdki0_ where routescdki0_.route_id=?
Hibernate: select routescdki0_.route_id as route2_2_1_, routescdki0_.route_cdk_id as route1_1_, routescdki0_.route_cdk_id as route1_3_0_, routescdki0_.route_id as route2_3_0_ from public.routes_cdkid routescdki0_ where routescdki0_.route_id=?
14:01:03.858 [main] DEBUG org.hibernate.jdbc.AbstractBatcher - about to open ResultSet (open ResultSets: 0, globally: 0)
14:01:03.858 [main] DEBUG org.hibernate.loader.Loader - result set contains (possibly empty) collection: [net.lojika.gtfs.model.Routes.routesCdkidCollection#istb.280711]
14:01:03.858 [main] DEBUG org.hibernate.loader.Loader - result row: EntityKey[net.lojika.gtfs.model.RoutesCdkid#gtfs.line.1.89c-1]
14:01:03.858 [main] DEBUG org.hibernate.loader.Loader - found row of collection: [net.lojika.gtfs.model.Routes.routesCdkidCollection#istb.280711]
14:01:03.858 [main] DEBUG org.hibernate.loader.Loader - result row: EntityKey[net.lojika.gtfs.model.RoutesCdkid#gtfs.line.1.89c-0]
14:01:03.858 [main] DEBUG org.hibernate.loader.Loader - found row of collection: [net.lojika.gtfs.model.Routes.routesCdkidCollection#istb.280711]
14:01:03.858 [main] DEBUG org.hibernate.jdbc.AbstractBatcher - about to close ResultSet (open ResultSets: 1, globally: 1)
14:01:03.858 [main] DEBUG org.hibernate.jdbc.AbstractBatcher - about to close PreparedStatement (open PreparedStatements: 1, globally: 1)
14:01:03.858 [main] DEBUG o.h.e.loading.CollectionLoadContext - 1 collections were found in result set for role: net.lojika.gtfs.model.Routes.routesCdkidCollection
14:01:03.858 [main] DEBUG o.h.e.loading.CollectionLoadContext - collection fully initialized: [net.lojika.gtfs.model.Routes.routesCdkidCollection#istb.280711]
14:01:03.858 [main] DEBUG o.h.e.loading.CollectionLoadContext - 1 collections initialized for role: net.lojika.gtfs.model.Routes.routesCdkidCollection
14:01:03.858 [main] DEBUG org.hibernate.loader.Loader - done loading collection
14:01:03.858 [main] DEBUG org.hibernate.loader.Loader - loading collection: [net.lojika.gtfs.model.Routes.routesCdkidCollection#istb.280712]
14:01:03.858 [main] DEBUG org.hibernate.jdbc.AbstractBatcher - about to open PreparedStatement (open PreparedStatements: 0, globally: 0)
14:01:03.858 [main] DEBUG org.hibernate.SQL - select routescdki0_.route_id as route2_2_1_, routescdki0_.route_cdk_id as route1_1_, routescdki0_.route_cdk_id as route1_3_0_, routescdki0_.route_id as route2_3_0_ from public.routes_cdkid routescdki0_ where routescdki0_.route_id=?
Hibernate: select routescdki0_.route_id as route2_2_1_, routescdki0_.route_cdk_id as route1_1_, routescdki0_.route_cdk_id as route1_3_0_, routescdki0_.route_id as route2_3_0_ from public.routes_cdkid routescdki0_ where routescdki0_.route_id=?
14:01:03.859 [main] DEBUG org.hibernate.jdbc.AbstractBatcher - about to open ResultSet (open ResultSets: 0, globally: 0)
14:01:03.859 [main] DEBUG org.hibernate.loader.Loader - result set contains (possibly empty) collection: [net.lojika.gtfs.model.Routes.routesCdkidCollection#istb.280712]
14:01:03.859 [main] DEBUG org.hibernate.loader.Loader - result row: EntityKey[net.lojika.gtfs.model.RoutesCdkid#gtfs.line.1.89m-1]
14:01:03.859 [main] DEBUG org.hibernate.loader.Loader - found row of collection: [net.lojika.gtfs.model.Routes.routesCdkidCollection#istb.280712]
14:01:03.859 [main] DEBUG org.hibernate.loader.Loader - result row: EntityKey[net.lojika.gtfs.model.RoutesCdkid#gtfs.line.1.89m-0]
14:01:03.859 [main] DEBUG org.hibernate.loader.Loader - found row of collection: [net.lojika.gtfs.model.Routes.routesCdkidCollection#istb.280712]
14:01:03.859 [main] DEBUG org.hibernate.jdbc.AbstractBatcher - about to close ResultSet (open ResultSets: 1, globally: 1)
14:01:03.859 [main] DEBUG org.hibernate.jdbc.AbstractBatcher - about to close PreparedStatement (open PreparedStatements: 1, globally: 1)
14:01:03.859 [main] DEBUG o.h.e.loading.CollectionLoadContext - 1 collections were found in result set for role: net.lojika.gtfs.model.Routes.routesCdkidCollection
14:01:03.859 [main] DEBUG o.h.e.loading.CollectionLoadContext - collection fully initialized: [net.lojika.gtfs.model.Routes.routesCdkidCollection#istb.280712]
14:01:03.859 [main] DEBUG o.h.e.loading.CollectionLoadContext - 1 collections initialized for role: net.lojika.gtfs.model.Routes.routesCdkidCollection
14:01:03.859 [main] DEBUG org.hibernate.loader.Loader - done loading collection
14:01:03.859 [main] DEBUG org.hibernate.loader.Loader - loading collection: [net.lojika.gtfs.model.Routes.routesCdkidCollection#istb.280713]
14:01:03.859 [main] DEBUG org.hibernate.jdbc.AbstractBatcher - about to open PreparedStatement (open PreparedStatements: 0, globally: 0)
14:01:03.859 [main] DEBUG org.hibernate.SQL - select routescdki0_.route_id as route2_2_1_, routescdki0_.route_cdk_id as route1_1_, routescdki0_.route_cdk_id as route1_3_0_, routescdki0_.route_id as route2_3_0_ from public.routes_cdkid routescdki0_ where routescdki0_.route_id=?
Hibernate: select routescdki0_.route_id as route2_2_1_, routescdki0_.route_cdk_id as route1_1_, routescdki0_.route_cdk_id as route1_3_0_, routescdki0_.route_id as route2_3_0_ from public.routes_cdkid routescdki0_ where routescdki0_.route_id=?
14:01:03.860 [main] DEBUG org.hibernate.jdbc.AbstractBatcher - about to open ResultSet (open ResultSets: 0, globally: 0)
14:01:03.860 [main] DEBUG org.hibernate.loader.Loader - result set contains (possibly empty) collection: [net.lojika.gtfs.model.Routes.routesCdkidCollection#istb.280713]
14:01:03.860 [main] DEBUG org.hibernate.loader.Loader - result row: EntityKey[net.lojika.gtfs.model.RoutesCdkid#gtfs.line.1.89s-1]
14:01:03.860 [main] DEBUG org.hibernate.loader.Loader - found row of collection: [net.lojika.gtfs.model.Routes.routesCdkidCollection#istb.280713]
14:01:03.860 [main] DEBUG org.hibernate.loader.Loader - result row: EntityKey[net.lojika.gtfs.model.RoutesCdkid#gtfs.line.1.89s-0]
14:01:03.860 [main] DEBUG org.hibernate.loader.Loader - found row of collection: [net.lojika.gtfs.model.Routes.routesCdkidCollection#istb.280713]
14:01:03.860 [main] DEBUG org.hibernate.jdbc.AbstractBatcher - about to close ResultSet (open ResultSets: 1, globally: 1)
14:01:03.860 [main] DEBUG org.hibernate.jdbc.AbstractBatcher - about to close PreparedStatement (open PreparedStatements: 1, globally: 1)
14:01:03.860 [main] DEBUG o.h.e.loading.CollectionLoadContext - 1 collections were found in result set for role: net.lojika.gtfs.model.Routes.routesCdkidCollection
14:01:03.860 [main] DEBUG o.h.e.loading.CollectionLoadContext - collection fully initialized: [net.lojika.gtfs.model.Routes.routesCdkidCollection#istb.280713]
14:01:03.860 [main] DEBUG o.h.e.loading.CollectionLoadContext - 1 collections initialized for role: net.lojika.gtfs.model.Routes.routesCdkidCollection
14:01:03.860 [main] DEBUG org.hibernate.loader.Loader - done loading collection
14:01:03.860 [main] DEBUG org.hibernate.loader.Loader - loading collection: [net.lojika.gtfs.model.Routes.routesCdkidCollection#istb.280714]
14:01:03.860 [main] DEBUG org.hibernate.jdbc.AbstractBatcher - about to open PreparedStatement (open PreparedStatements: 0, globally: 0)
14:01:03.860 [main] DEBUG org.hibernate.SQL - select routescdki0_.route_id as route2_2_1_, routescdki0_.route_cdk_id as route1_1_, routescdki0_.route_cdk_id as route1_3_0_, routescdki0_.route_id as route2_3_0_ from public.routes_cdkid routescdki0_ where routescdki0_.route_id=?
Hibernate: select routescdki0_.route_id as route2_2_1_, routescdki0_.route_cdk_id as route1_1_, routescdki0_.route_cdk_id as route1_3_0_, routescdki0_.route_id as route2_3_0_ from public.routes_cdkid routescdki0_ where routescdki0_.route_id=?
14:01:03.860 [main] DEBUG org.hibernate.jdbc.AbstractBatcher - about to open ResultSet (open ResultSets: 0, globally: 0)
14:01:03.860 [main] DEBUG org.hibernate.loader.Loader - result set contains (possibly empty) collection: [net.lojika.gtfs.model.Routes.routesCdkidCollection#istb.280714]
14:01:03.860 [main] DEBUG org.hibernate.loader.Loader - result row: EntityKey[net.lojika.gtfs.model.RoutesCdkid#gtfs.line.1.89t-1]
14:01:03.860 [main] DEBUG org.hibernate.loader.Loader - found row of collection: [net.lojika.gtfs.model.Routes.routesCdkidCollection#istb.280714]
14:01:03.860 [main] DEBUG org.hibernate.loader.Loader - result row: EntityKey[net.lojika.gtfs.model.RoutesCdkid#gtfs.line.1.89t-0]
14:01:03.861 [main] DEBUG org.hibernate.loader.Loader - found row of collection: [net.lojika.gtfs.model.Routes.routesCdkidCollection#istb.280714]
14:01:03.861 [main] DEBUG org.hibernate.jdbc.AbstractBatcher - about to close ResultSet (open ResultSets: 1, globally: 1)
14:01:03.861 [main] DEBUG org.hibernate.jdbc.AbstractBatcher - about to close PreparedStatement (open PreparedStatements: 1, globally: 1)
14:01:03.861 [main] DEBUG o.h.e.loading.CollectionLoadContext - 1 collections were found in result set for role: net.lojika.gtfs.model.Routes.routesCdkidCollection
14:01:03.861 [main] DEBUG o.h.e.loading.CollectionLoadContext - collection fully initialized: [net.lojika.gtfs.model.Routes.routesCdkidCollection#istb.280714]
14:01:03.861 [main] DEBUG o.h.e.loading.CollectionLoadContext - 1 collections initialized for role: net.lojika.gtfs.model.Routes.routesCdkidCollection
14:01:03.861 [main] DEBUG org.hibernate.loader.Loader - done loading collection
14:01:03.861 [main] DEBUG org.hibernate.loader.Loader - loading collection: [net.lojika.gtfs.model.Routes.routesCdkidCollection#istb.280715]
14:01:03.861 [main] DEBUG org.hibernate.jdbc.AbstractBatcher - about to open PreparedStatement (open PreparedStatements: 0, globally: 0)
14:01:03.861 [main] DEBUG org.hibernate.SQL - select routescdki0_.route_id as route2_2_1_, routescdki0_.route_cdk_id as route1_1_, routescdki0_.route_cdk_id as route1_3_0_, routescdki0_.route_id as route2_3_0_ from public.routes_cdkid routescdki0_ where routescdki0_.route_id=?
Hibernate: select routescdki0_.route_id as route2_2_1_, routescdki0_.route_cdk_id as route1_1_, routescdki0_.route_cdk_id as route1_3_0_, routescdki0_.route_id as route2_3_0_ from public.routes_cdkid routescdki0_ where routescdki0_.route_id=?
14:01:03.861 [main] DEBUG org.hibernate.jdbc.AbstractBatcher - about to open ResultSet (open ResultSets: 0, globally: 0)
14:01:03.861 [main] DEBUG org.hibernate.loader.Loader - result set contains (possibly empty) collection: [net.lojika.gtfs.model.Routes.routesCdkidCollection#istb.280715]
14:01:03.861 [main] DEBUG org.hibernate.loader.Loader - result row: EntityKey[net.lojika.gtfs.model.RoutesCdkid#gtfs.line.1.89yb-1]
14:01:03.861 [main] DEBUG org.hibernate.loader.Loader - found row of collection: [net.lojika.gtfs.model.Routes.routesCdkidCollection#istb.280715]
14:01:03.861 [main] DEBUG org.hibernate.loader.Loader - result row: EntityKey[net.lojika.gtfs.model.RoutesCdkid#gtfs.line.1.89yb-0]
14:01:03.861 [main] DEBUG org.hibernate.loader.Loader - found row of collection: [net.lojika.gtfs.model.Routes.routesCdkidCollection#istb.280715]
14:01:03.862 [main] DEBUG org.hibernate.jdbc.AbstractBatcher - about to close ResultSet (open ResultSets: 1, globally: 1)
14:01:03.862 [main] DEBUG org.hibernate.jdbc.AbstractBatcher - about to close PreparedStatement (open PreparedStatements: 1, globally: 1)
14:01:03.862 [main] DEBUG o.h.e.loading.CollectionLoadContext - 1 collections were found in result set for role: net.lojika.gtfs.model.Routes.routesCdkidCollection
14:01:03.862 [main] DEBUG o.h.e.loading.CollectionLoadContext - collection fully initialized: [net.lojika.gtfs.model.Routes.routesCdkidCollection#istb.280715]
14:01:03.862 [main] DEBUG o.h.e.loading.CollectionLoadContext - 1 collections initialized for role: net.lojika.gtfs.model.Routes.routesCdkidCollection
14:01:03.862 [main] DEBUG org.hibernate.loader.Loader - done loading collection
14:01:03.862 [main] DEBUG org.hibernate.loader.Loader - loading collection: [net.lojika.gtfs.model.Routes.routesCdkidCollection#istb.280716]
14:01:03.862 [main] DEBUG org.hibernate.jdbc.AbstractBatcher - about to open PreparedStatement (open PreparedStatements: 0, globally: 0)
14:01:03.862 [main] DEBUG org.hibernate.SQL - select routescdki0_.route_id as route2_2_1_, routescdki0_.route_cdk_id as route1_1_, routescdki0_.route_cdk_id as route1_3_0_, routescdki0_.route_id as route2_3_0_ from public.routes_cdkid routescdki0_ where routescdki0_.route_id=?
Hibernate: select routescdki0_.route_id as route2_2_1_, routescdki0_.route_cdk_id as route1_1_, routescdki0_.route_cdk_id as route1_3_0_, routescdki0_.route_id as route2_3_0_ from public.routes_cdkid routescdki0_ where routescdki0_.route_id=?
14:01:03.862 [main] DEBUG org.hibernate.jdbc.AbstractBatcher - about to open ResultSet (open ResultSets: 0, globally: 0)
14:01:03.862 [main] DEBUG org.hibernate.loader.Loader - result set contains (possibly empty) collection: [net.lojika.gtfs.model.Routes.routesCdkidCollection#istb.280716]
14:01:03.862 [main] DEBUG org.hibernate.loader.Loader - result row: EntityKey[net.lojika.gtfs.model.RoutesCdkid#gtfs.line.1.89-1]
14:01:03.862 [main] DEBUG org.hibernate.loader.Loader - found row of collection: [net.lojika.gtfs.model.Routes.routesCdkidCollection#istb.280716]
14:01:03.862 [main] DEBUG org.hibernate.loader.Loader - result row: EntityKey[net.lojika.gtfs.model.RoutesCdkid#gtfs.line.1.89-0]
14:01:03.862 [main] DEBUG org.hibernate.loader.Loader - found row of collection: [net.lojika.gtfs.model.Routes.routesCdkidCollection#istb.280716]
14:01:03.862 [main] DEBUG org.hibernate.jdbc.AbstractBatcher - about to close ResultSet (open ResultSets: 1, globally: 1)
14:01:03.862 [main] DEBUG org.hibernate.jdbc.AbstractBatcher - about to close PreparedStatement (open PreparedStatements: 1, globally: 1)
14:01:03.862 [main] DEBUG o.h.e.loading.CollectionLoadContext - 1 collections were found in result set for role: net.lojika.gtfs.model.Routes.routesCdkidCollection
14:01:03.862 [main] DEBUG o.h.e.loading.CollectionLoadContext - collection fully initialized: [net.lojika.gtfs.model.Routes.routesCdkidCollection#istb.280716]
14:01:03.862 [main] DEBUG o.h.e.loading.CollectionLoadContext - 1 collections initialized for role: net.lojika.gtfs.model.Routes.routesCdkidCollection
14:01:03.863 [main] DEBUG org.hibernate.loader.Loader - done loading collection
14:01:03.863 [main] DEBUG org.hibernate.loader.Loader - loading collection: [net.lojika.gtfs.model.Routes.routesCdkidCollection#istb.280717]
14:01:03.863 [main] DEBUG org.hibernate.jdbc.AbstractBatcher - about to open PreparedStatement (open PreparedStatements: 0, globally: 0)
14:01:03.863 [main] DEBUG org.hibernate.SQL - select routescdki0_.route_id as route2_2_1_, routescdki0_.route_cdk_id as route1_1_, routescdki0_.route_cdk_id as route1_3_0_, routescdki0_.route_id as route2_3_0_ from public.routes_cdkid routescdki0_ where routescdki0_.route_id=?
Hibernate: select routescdki0_.route_id as route2_2_1_, routescdki0_.route_cdk_id as route1_1_, routescdki0_.route_cdk_id as route1_3_0_, routescdki0_.route_id as route2_3_0_ from public.routes_cdkid routescdki0_ where routescdki0_.route_id=?
14:01:03.863 [main] DEBUG org.hibernate.jdbc.AbstractBatcher - about to open ResultSet (open ResultSets: 0, globally: 0)
14:01:03.863 [main] DEBUG org.hibernate.loader.Loader - result set contains (possibly empty) collection: [net.lojika.gtfs.model.Routes.routesCdkidCollection#istb.280717]
14:01:03.863 [main] DEBUG org.hibernate.loader.Loader - result row: EntityKey[net.lojika.gtfs.model.RoutesCdkid#gtfs.line.1.8a-1]
14:01:03.863 [main] DEBUG org.hibernate.loader.Loader - found row of collection: [net.lojika.gtfs.model.Routes.routesCdkidCollection#istb.280717]
14:01:03.863 [main] DEBUG org.hibernate.loader.Loader - result row: EntityKey[net.lojika.gtfs.model.RoutesCdkid#gtfs.line.1.8a-0]
14:01:03.863 [main] DEBUG org.hibernate.loader.Loader - found row of collection: [net.lojika.gtfs.model.Routes.routesCdkidCollection#istb.280717]
14:01:03.863 [main] DEBUG org.hibernate.jdbc.AbstractBatcher - about to close ResultSet (open ResultSets: 1, globally: 1)
14:01:03.863 [main] DEBUG org.hibernate.jdbc.AbstractBatcher - about to close PreparedStatement (open PreparedStatements: 1, globally: 1)
14:01:03.863 [main] DEBUG o.h.e.loading.CollectionLoadContext - 1 collections were found in result set for role: net.lojika.gtfs.model.Routes.routesCdkidCollection
14:01:03.863 [main] DEBUG o.h.e.loading.CollectionLoadContext - collection fully initialized: [net.lojika.gtfs.model.Routes.routesCdkidCollection#istb.280717]
14:01:03.863 [main] DEBUG o.h.e.loading.CollectionLoadContext - 1 collections initialized for role: net.lojika.gtfs.model.Routes.routesCdkidCollection
14:01:03.863 [main] DEBUG org.hibernate.loader.Loader - done loading collection
14:01:03.863 [main] DEBUG org.hibernate.loader.Loader - loading collection: [net.lojika.gtfs.model.Routes.routesCdkidCollection#istb.280718]
14:01:03.863 [main] DEBUG org.hibernate.jdbc.AbstractBatcher - about to open PreparedStatement (open PreparedStatements: 0, globally: 0)
14:01:03.863 [main] DEBUG org.hibernate.SQL - select routescdki0_.route_id as route2_2_1_, routescdki0_.route_cdk_id as route1_1_, routescdki0_.route_cdk_id as route1_3_0_, routescdki0_.route_id as route2_3_0_ from public.routes_cdkid routescdki0_ where routescdki0_.route_id=?
Hibernate: select routescdki0_.route_id as route2_2_1_, routescdki0_.route_cdk_id as route1_1_, routescdki0_.route_cdk_id as route1_3_0_, routescdki0_.route_id as route2_3_0_ from public.routes_cdkid routescdki0_ where routescdki0_.route_id=?
14:01:03.864 [main] DEBUG org.hibernate.jdbc.AbstractBatcher - about to open ResultSet (open ResultSets: 0, globally: 0)
14:01:03.864 [main] DEBUG org.hibernate.loader.Loader - result set contains (possibly empty) collection: [net.lojika.gtfs.model.Routes.routesCdkidCollection#istb.280718]
14:01:03.864 [main] DEBUG org.hibernate.loader.Loader - result row: EntityKey[net.lojika.gtfs.model.RoutesCdkid#gtfs.line.1.8d-1]
14:01:03.864 [main] DEBUG org.hibernate.loader.Loader - found row of collection: [net.lojika.gtfs.model.Routes.routesCdkidCollection#istb.280718]
14:01:03.864 [main] DEBUG org.hibernate.loader.Loader - result row: EntityKey[net.lojika.gtfs.model.RoutesCdkid#gtfs.line.1.8d-0]
14:01:03.864 [main] DEBUG org.hibernate.loader.Loader - found row of collection: [net.lojika.gtfs.model.Routes.routesCdkidCollection#istb.280718]
14:01:03.864 [main] DEBUG org.hibernate.jdbc.AbstractBatcher - about to close ResultSet (open ResultSets: 1, globally: 1)
14:01:03.864 [main] DEBUG org.hibernate.jdbc.AbstractBatcher - about to close PreparedStatement (open PreparedStatements: 1, globally: 1)
14:01:03.864 [main] DEBUG o.h.e.loading.CollectionLoadContext - 1 collections were found in result set for role: net.lojika.gtfs.model.Routes.routesCdkidCollection
14:01:03.864 [main] DEBUG o.h.e.loading.CollectionLoadContext - collection fully initialized: [net.lojika.gtfs.model.Routes.routesCdkidCollection#istb.280718]
14:01:03.864 [main] DEBUG o.h.e.loading.CollectionLoadContext - 1 collections initialized for role: net.lojika.gtfs.model.Routes.routesCdkidCollection
14:01:03.864 [main] DEBUG org.hibernate.loader.Loader - done loading collection
14:01:03.864 [main] DEBUG org.hibernate.loader.Loader - loading collection: [net.lojika.gtfs.model.Routes.routesCdkidCollection#istb.280719]
14:01:03.864 [main] DEBUG org.hibernate.jdbc.AbstractBatcher - about to open PreparedStatement (open PreparedStatements: 0, globally: 0)
14:01:03.864 [main] DEBUG org.hibernate.SQL - select routescdki0_.route_id as route2_2_1_, routescdki0_.route_cdk_id as route1_1_, routescdki0_.route_cdk_id as route1_3_0_, routescdki0_.route_id as route2_3_0_ from public.routes_cdkid routescdki0_ where routescdki0_.route_id=?
Hibernate: select routescdki0_.route_id as route2_2_1_, routescdki0_.route_cdk_id as route1_1_, routescdki0_.route_cdk_id as route1_3_0_, routescdki0_.route_id as route2_3_0_ from public.routes_cdkid routescdki0_ where routescdki0_.route_id=?
14:01:03.865 [main] DEBUG org.hibernate.jdbc.AbstractBatcher - about to open ResultSet (open ResultSets: 0, globally: 0)
14:01:03.865 [main] DEBUG org.hibernate.loader.Loader - result set contains (possibly empty) collection: [net.lojika.gtfs.model.Routes.routesCdkidCollection#istb.280719]
14:01:03.865 [main] DEBUG org.hibernate.loader.Loader - result row: EntityKey[net.lojika.gtfs.model.RoutesCdkid#gtfs.line.1.8e-1]
14:01:03.865 [main] DEBUG org.hibernate.loader.Loader - found row of collection: [net.lojika.gtfs.model.Routes.routesCdkidCollection#istb.280719]
14:01:03.865 [main] DEBUG org.hibernate.loader.Loader - result row: EntityKey[net.lojika.gtfs.model.RoutesCdkid#gtfs.line.1.8e-0]
14:01:03.865 [main] DEBUG org.hibernate.loader.Loader - found row of collection: [net.lojika.gtfs.model.Routes.routesCdkidCollection#istb.280719]
14:01:03.865 [main] DEBUG org.hibernate.jdbc.AbstractBatcher - about to close ResultSet (open ResultSets: 1, globally: 1)
14:01:03.865 [main] DEBUG org.hibernate.jdbc.AbstractBatcher - about to close PreparedStatement (open PreparedStatements: 1, globally: 1)
14:01:03.865 [main] DEBUG o.h.e.loading.CollectionLoadContext - 1 collections were found in result set for role: net.lojika.gtfs.model.Routes.routesCdkidCollection
14:01:03.865 [main] DEBUG o.h.e.loading.CollectionLoadContext - collection fully initialized: [net.lojika.gtfs.model.Routes.routesCdkidCollection#istb.280719]
14:01:03.865 [main] DEBUG o.h.e.loading.CollectionLoadContext - 1 collections initialized for role: net.lojika.gtfs.model.Routes.routesCdkidCollection
14:01:03.865 [main] DEBUG org.hibernate.loader.Loader - done loading collection
14:01:03.865 [main] DEBUG org.hibernate.loader.Loader - loading collection: [net.lojika.gtfs.model.Routes.routesCdkidCollection#istb.280720]
14:01:03.865 [main] DEBUG org.hibernate.jdbc.AbstractBatcher - about to open PreparedStatement (open PreparedStatements: 0, globally: 0)
14:01:03.865 [main] DEBUG org.hibernate.SQL - select routescdki0_.route_id as route2_2_1_, routescdki0_.route_cdk_id as route1_1_, routescdki0_.route_cdk_id as route1_3_0_, routescdki0_.route_id as route2_3_0_ from public.routes_cdkid routescdki0_ where routescdki0_.route_id=?
Hibernate: select routescdki0_.route_id as route2_2_1_, routescdki0_.route_cdk_id as route1_1_, routescdki0_.route_cdk_id as route1_3_0_, routescdki0_.route_id as route2_3_0_ from public.routes_cdkid routescdki0_ where routescdki0_.route_id=?
14:01:03.865 [main] DEBUG org.hibernate.jdbc.AbstractBatcher - about to open ResultSet (open ResultSets: 0, globally: 0)
14:01:03.866 [main] DEBUG org.hibernate.loader.Loader - result set contains (possibly empty) collection: [net.lojika.gtfs.model.Routes.routesCdkidCollection#istb.280720]
14:01:03.866 [main] DEBUG org.hibernate.loader.Loader - result row: EntityKey[net.lojika.gtfs.model.RoutesCdkid#gtfs.line.1.8m-1]
14:01:03.866 [main] DEBUG org.hibernate.loader.Loader - found row of collection: [net.lojika.gtfs.model.Routes.routesCdkidCollection#istb.280720]
14:01:03.866 [main] DEBUG org.hibernate.loader.Loader - result row: EntityKey[net.lojika.gtfs.model.RoutesCdkid#gtfs.line.1.8m-0]
14:01:03.866 [main] DEBUG org.hibernate.loader.Loader - found row of collection: [net.lojika.gtfs.model.Routes.routesCdkidCollection#istb.280720]
14:01:03.866 [main] DEBUG org.hibernate.jdbc.AbstractBatcher - about to close ResultSet (open ResultSets: 1, globally: 1)
14:01:03.866 [main] DEBUG org.hibernate.jdbc.AbstractBatcher - about to close PreparedStatement (open PreparedStatements: 1, globally: 1)
14:01:03.866 [main] DEBUG o.h.e.loading.CollectionLoadContext - 1 collections were found in result set for role: net.lojika.gtfs.model.Routes.routesCdkidCollection
14:01:03.866 [main] DEBUG o.h.e.loading.CollectionLoadContext - collection fully initialized: [net.lojika.gtfs.model.Routes.routesCdkidCollection#istb.280720]
14:01:03.866 [main] DEBUG o.h.e.loading.CollectionLoadContext - 1 collections initialized for role: net.lojika.gtfs.model.Routes.routesCdkidCollection
14:01:03.866 [main] DEBUG org.hibernate.loader.Loader - done loading collection
14:01:03.866 [main] DEBUG org.hibernate.loader.Loader - loading collection: [net.lojika.gtfs.model.Routes.routesCdkidCollection#istb.280721]
14:01:03.866 [main] DEBUG org.hibernate.jdbc.AbstractBatcher - about to open PreparedStatement (open PreparedStatements: 0, globally: 0)
14:01:03.866 [main] DEBUG org.hibernate.SQL - select routescdki0_.route_id as route2_2_1_, routescdki0_.route_cdk_id as route1_1_, routescdki0_.route_cdk_id as route1_3_0_, routescdki0_.route_id as route2_3_0_ from public.routes_cdkid routescdki0_ where routescdki0_.route_id=?
Hibernate: select routescdki0_.route_id as route2_2_1_, routescdki0_.route_cdk_id as route1_1_, routescdki0_.route_cdk_id as route1_3_0_, routescdki0_.route_id as route2_3_0_ from public.routes_cdkid routescdki0_ where routescdki0_.route_id=?
14:01:03.866 [main] DEBUG org.hibernate.jdbc.AbstractBatcher - about to open ResultSet (open ResultSets: 0, globally: 0)
14:01:03.866 [main] DEBUG org.hibernate.loader.Loader - result set contains (possibly empty) collection: [net.lojika.gtfs.model.Routes.routesCdkidCollection#istb.280721]
14:01:03.866 [main] DEBUG org.hibernate.loader.Loader - result row: EntityKey[net.lojika.gtfs.model.RoutesCdkid#gtfs.line.1.90-1]
14:01:03.866 [main] DEBUG org.hibernate.loader.Loader - found row of collection: [net.lojika.gtfs.model.Routes.routesCdkidCollection#istb.280721]
14:01:03.866 [main] DEBUG org.hibernate.loader.Loader - result row: EntityKey[net.lojika.gtfs.model.RoutesCdkid#gtfs.line.1.90-0]
14:01:03.866 [main] DEBUG org.hibernate.loader.Loader - found row of collection: [net.lojika.gtfs.model.Routes.routesCdkidCollection#istb.280721]
14:01:03.867 [main] DEBUG org.hibernate.jdbc.AbstractBatcher - about to close ResultSet (open ResultSets: 1, globally: 1)
14:01:03.867 [main] DEBUG org.hibernate.jdbc.AbstractBatcher - about to close PreparedStatement (open PreparedStatements: 1, globally: 1)
14:01:03.867 [main] DEBUG o.h.e.loading.CollectionLoadContext - 1 collections were found in result set for role: net.lojika.gtfs.model.Routes.routesCdkidCollection
14:01:03.867 [main] DEBUG o.h.e.loading.CollectionLoadContext - collection fully initialized: [net.lojika.gtfs.model.Routes.routesCdkidCollection#istb.280721]
14:01:03.867 [main] DEBUG o.h.e.loading.CollectionLoadContext - 1 collections initialized for role: net.lojika.gtfs.model.Routes.routesCdkidCollection
14:01:03.867 [main] DEBUG org.hibernate.loader.Loader - done loading collection
14:01:03.867 [main] DEBUG org.hibernate.loader.Loader - loading collection: [net.lojika.gtfs.model.Routes.routesCdkidCollection#istb.280722]
14:01:03.867 [main] DEBUG org.hibernate.jdbc.AbstractBatcher - about to open PreparedStatement (open PreparedStatements: 0, globally: 0)
14:01:03.867 [main] DEBUG org.hibernate.SQL - select routescdki0_.route_id as route2_2_1_, routescdki0_.route_cdk_id as route1_1_, routescdki0_.route_cdk_id as route1_3_0_, routescdki0_.route_id as route2_3_0_ from public.routes_cdkid routescdki0_ where routescdki0_.route_id=?
Hibernate: select routescdki0_.route_id as route2_2_1_, routescdki0_.route_cdk_id as route1_1_, routescdki0_.route_cdk_id as route1_3_0_, routescdki0_.route_id as route2_3_0_ from public.routes_cdkid routescdki0_ where routescdki0_.route_id=?
14:01:03.867 [main] DEBUG org.hibernate.jdbc.AbstractBatcher - about to open ResultSet (open ResultSets: 0, globally: 0)
14:01:03.867 [main] DEBUG org.hibernate.loader.Loader - result set contains (possibly empty) collection: [net.lojika.gtfs.model.Routes.routesCdkidCollection#istb.280722]
14:01:03.867 [main] DEBUG org.hibernate.loader.Loader - result row: EntityKey[net.lojika.gtfs.model.RoutesCdkid#gtfs.line.1.90b-1]
14:01:03.867 [main] DEBUG org.hibernate.loader.Loader - found row of collection: [net.lojika.gtfs.model.Routes.routesCdkidCollection#istb.280722]
14:01:03.867 [main] DEBUG org.hibernate.loader.Loader - result row: EntityKey[net.lojika.gtfs.model.RoutesCdkid#gtfs.line.1.90b-0]
14:01:03.867 [main] DEBUG org.hibernate.loader.Loader - found row of collection: [net.lojika.gtfs.model.Routes.routesCdkidCollection#istb.280722]
14:01:03.867 [main] DEBUG org.hibernate.jdbc.AbstractBatcher - about to close ResultSet (open ResultSets: 1, globally: 1)
14:01:03.867 [main] DEBUG org.hibernate.jdbc.AbstractBatcher - about to close PreparedStatement (open PreparedStatements: 1, globally: 1)
14:01:03.867 [main] DEBUG o.h.e.loading.CollectionLoadContext - 1 collections were found in result set for role: net.lojika.gtfs.model.Routes.routesCdkidCollection
14:01:03.867 [main] DEBUG o.h.e.loading.CollectionLoadContext - collection fully initialized: [net.lojika.gtfs.model.Routes.routesCdkidCollection#istb.280722]
14:01:03.868 [main] DEBUG o.h.e.loading.CollectionLoadContext - 1 collections initialized for role: net.lojika.gtfs.model.Routes.routesCdkidCollection
14:01:03.868 [main] DEBUG org.hibernate.loader.Loader - done loading collection
14:01:03.868 [main] DEBUG org.hibernate.loader.Loader - loading collection: [net.lojika.gtfs.model.Routes.routesCdkidCollection#istb.280723]
14:01:03.868 [main] DEBUG org.hibernate.jdbc.AbstractBatcher - about to open PreparedStatement (open PreparedStatements: 0, globally: 0)
14:01:03.868 [main] DEBUG org.hibernate.SQL - select routescdki0_.route_id as route2_2_1_, routescdki0_.route_cdk_id as route1_1_, routescdki0_.route_cdk_id as route1_3_0_, routescdki0_.route_id as route2_3_0_ from public.routes_cdkid routescdki0_ where routescdki0_.route_id=?
Hibernate: select routescdki0_.route_id as route2_2_1_, routescdki0_.route_cdk_id as route1_1_, routescdki0_.route_cdk_id as route1_3_0_, routescdki0_.route_id as route2_3_0_ from public.routes_cdkid routescdki0_ where routescdki0_.route_id=?
14:01:03.868 [main] DEBUG org.hibernate.jdbc.AbstractBatcher - about to open ResultSet (open ResultSets: 0, globally: 0)
14:01:03.868 [main] DEBUG org.hibernate.loader.Loader - result set contains (possibly empty) collection: [net.lojika.gtfs.model.Routes.routesCdkidCollection#istb.280723]
14:01:03.868 [main] DEBUG org.hibernate.loader.Loader - result row: EntityKey[net.lojika.gtfs.model.RoutesCdkid#gtfs.line.1.91e-1]
14:01:03.868 [main] DEBUG org.hibernate.loader.Loader - found row of collection: [net.lojika.gtfs.model.Routes.routesCdkidCollection#istb.280723]
14:01:03.868 [main] DEBUG org.hibernate.loader.Loader - result row: EntityKey[net.lojika.gtfs.model.RoutesCdkid#gtfs.line.1.91e-0]
14:01:03.868 [main] DEBUG org.hibernate.loader.Loader - found row of collection: [net.lojika.gtfs.model.Routes.routesCdkidCollection#istb.280723]
14:01:03.868 [main] DEBUG org.hibernate.jdbc.AbstractBatcher - about to close ResultSet (open ResultSets: 1, globally: 1)
14:01:03.868 [main] DEBUG org.hibernate.jdbc.AbstractBatcher - about to close PreparedStatement (open PreparedStatements: 1, globally: 1)
14:01:03.868 [main] DEBUG o.h.e.loading.CollectionLoadContext - 1 collections were found in result set for role: net.lojika.gtfs.model.Routes.routesCdkidCollection
14:01:03.868 [main] DEBUG o.h.e.loading.CollectionLoadContext - collection fully initialized: [net.lojika.gtfs.model.Routes.routesCdkidCollection#istb.280723]
14:01:03.868 [main] DEBUG o.h.e.loading.CollectionLoadContext - 1 collections initialized for role: net.lojika.gtfs.model.Routes.routesCdkidCollection
14:01:03.868 [main] DEBUG org.hibernate.loader.Loader - done loading collection
14:01:03.868 [main] DEBUG org.hibernate.loader.Loader - loading collection: [net.lojika.gtfs.model.Routes.routesCdkidCollection#istb.280724]
14:01:03.868 [main] DEBUG org.hibernate.jdbc.AbstractBatcher - about to open PreparedStatement (open PreparedStatements: 0, globally: 0)
14:01:03.868 [main] DEBUG org.hibernate.SQL - select routescdki0_.route_id as route2_2_1_, routescdki0_.route_cdk_id as route1_1_, routescdki0_.route_cdk_id as route1_3_0_, routescdki0_.route_id as route2_3_0_ from public.routes_cdkid routescdki0_ where routescdki0_.route_id=?
Hibernate: select routescdki0_.route_id as route2_2_1_, routescdki0_.route_cdk_id as route1_1_, routescdki0_.route_cdk_id as route1_3_0_, routescdki0_.route_id as route2_3_0_ from public.routes_cdkid routescdki0_ where routescdki0_.route_id=?
14:01:03.869 [main] DEBUG org.hibernate.jdbc.AbstractBatcher - about to open ResultSet (open ResultSets: 0, globally: 0)
14:01:03.869 [main] DEBUG org.hibernate.loader.Loader - result set contains (possibly empty) collection: [net.lojika.gtfs.model.Routes.routesCdkidCollection#istb.280724]
14:01:03.869 [main] DEBUG org.hibernate.loader.Loader - result row: EntityKey[net.lojika.gtfs.model.RoutesCdkid#gtfs.line.1.91o-1]
14:01:03.869 [main] DEBUG org.hibernate.loader.Loader - found row of collection: [net.lojika.gtfs.model.Routes.routesCdkidCollection#istb.280724]
14:01:03.869 [main] DEBUG org.hibernate.loader.Loader - result row: EntityKey[net.lojika.gtfs.model.RoutesCdkid#gtfs.line.1.91o-0]
14:01:03.869 [main] DEBUG org.hibernate.loader.Loader - found row of collection: [net.lojika.gtfs.model.Routes.routesCdkidCollection#istb.280724]
14:01:03.869 [main] DEBUG org.hibernate.jdbc.AbstractBatcher - about to close ResultSet (open ResultSets: 1, globally: 1)
14:01:03.869 [main] DEBUG org.hibernate.jdbc.AbstractBatcher - about to close PreparedStatement (open PreparedStatements: 1, globally: 1)
14:01:03.869 [main] DEBUG o.h.e.loading.CollectionLoadContext - 1 collections were found in result set for role: net.lojika.gtfs.model.Routes.routesCdkidCollection
14:01:03.869 [main] DEBUG o.h.e.loading.CollectionLoadContext - collection fully initialized: [net.lojika.gtfs.model.Routes.routesCdkidCollection#istb.280724]
14:01:03.869 [main] DEBUG o.h.e.loading.CollectionLoadContext - 1 collections initialized for role: net.lojika.gtfs.model.Routes.routesCdkidCollection
14:01:03.869 [main] DEBUG org.hibernate.loader.Loader - done loading collection
14:01:03.869 [main] DEBUG org.hibernate.loader.Loader - loading collection: [net.lojika.gtfs.model.Routes.routesCdkidCollection#istb.280728]
14:01:03.869 [main] DEBUG org.hibernate.jdbc.AbstractBatcher - about to open PreparedStatement (open PreparedStatements: 0, globally: 0)
14:01:03.869 [main] DEBUG org.hibernate.SQL - select routescdki0_.route_id as route2_2_1_, routescdki0_.route_cdk_id as route1_1_, routescdki0_.route_cdk_id as route1_3_0_, routescdki0_.route_id as route2_3_0_ from public.routes_cdkid routescdki0_ where routescdki0_.route_id=?
Hibernate: select routescdki0_.route_id as route2_2_1_, routescdki0_.route_cdk_id as route1_1_, routescdki0_.route_cdk_id as route1_3_0_, routescdki0_.route_id as route2_3_0_ from public.routes_cdkid routescdki0_ where routescdki0_.route_id=?
14:01:03.869 [main] DEBUG org.hibernate.jdbc.AbstractBatcher - about to open ResultSet (open ResultSets: 0, globally: 0)
14:01:03.869 [main] DEBUG org.hibernate.loader.Loader - result set contains (possibly empty) collection: [net.lojika.gtfs.model.Routes.routesCdkidCollection#istb.280728]
14:01:03.869 [main] DEBUG org.hibernate.loader.Loader - result row: EntityKey[net.lojika.gtfs.model.RoutesCdkid#gtfs.line.1.92c-1]
14:01:03.869 [main] DEBUG org.hibernate.loader.Loader - found row of collection: [net.lojika.gtfs.model.Routes.routesCdkidCollection#istb.280728]
14:01:03.869 [main] DEBUG org.hibernate.loader.Loader - result row: EntityKey[net.lojika.gtfs.model.RoutesCdkid#gtfs.line.1.92c-0]
14:01:03.869 [main] DEBUG org.hibernate.loader.Loader - found row of collection: [net.lojika.gtfs.model.Routes.routesCdkidCollection#istb.280728]
14:01:03.870 [main] DEBUG org.hibernate.jdbc.AbstractBatcher - about to close ResultSet (open ResultSets: 1, globally: 1)
14:01:03.870 [main] DEBUG org.hibernate.jdbc.AbstractBatcher - about to close PreparedStatement (open PreparedStatements: 1, globally: 1)
14:01:03.870 [main] DEBUG o.h.e.loading.CollectionLoadContext - 1 collections were found in result set for role: net.lojika.gtfs.model.Routes.routesCdkidCollection
14:01:03.870 [main] DEBUG o.h.e.loading.CollectionLoadContext - collection fully initialized: [net.lojika.gtfs.model.Routes.routesCdkidCollection#istb.280728]
14:01:03.870 [main] DEBUG o.h.e.loading.CollectionLoadContext - 1 collections initialized for role: net.lojika.gtfs.model.Routes.routesCdkidCollection
14:01:03.870 [main] DEBUG org.hibernate.loader.Loader - done loading collection
14:01:03.870 [main] DEBUG org.hibernate.loader.Loader - loading collection: [net.lojika.gtfs.model.Routes.routesCdkidCollection#istb.280729]
14:01:03.870 [main] DEBUG org.hibernate.jdbc.AbstractBatcher - about to open PreparedStatement (open PreparedStatements: 0, globally: 0)
14:01:03.870 [main] DEBUG org.hibernate.SQL - select routescdki0_.route_id as route2_2_1_, routescdki0_.route_cdk_id as route1_1_, routescdki0_.route_cdk_id as route1_3_0_, routescdki0_.route_id as route2_3_0_ from public.routes_cdkid routescdki0_ where routescdki0_.route_id=?
Hibernate: select routescdki0_.route_id as route2_2_1_, routescdki0_.route_cdk_id as route1_1_, routescdki0_.route_cdk_id as route1_3_0_, routescdki0_.route_id as route2_3_0_ from public.routes_cdkid routescdki0_ where routescdki0_.route_id=?
14:01:03.870 [main] DEBUG org.hibernate.jdbc.AbstractBatcher - about to open ResultSet (open ResultSets: 0, globally: 0)
14:01:03.870 [main] DEBUG org.hibernate.loader.Loader - result set contains (possibly empty) collection: [net.lojika.gtfs.model.Routes.routesCdkidCollection#istb.280729]
14:01:03.870 [main] DEBUG org.hibernate.loader.Loader - result row: EntityKey[net.lojika.gtfs.model.RoutesCdkid#gtfs.line.1.92k-1]
14:01:03.870 [main] DEBUG org.hibernate.loader.Loader - found row of collection: [net.lojika.gtfs.model.Routes.routesCdkidCollection#istb.280729]
14:01:03.870 [main] DEBUG org.hibernate.loader.Loader - result row: EntityKey[net.lojika.gtfs.model.RoutesCdkid#gtfs.line.1.92k-0]
14:01:03.870 [main] DEBUG org.hibernate.loader.Loader - found row of collection: [net.lojika.gtfs.model.Routes.routesCdkidCollection#istb.280729]
14:01:03.870 [main] DEBUG org.hibernate.jdbc.AbstractBatcher - about to close ResultSet (open ResultSets: 1, globally: 1)
14:01:03.870 [main] DEBUG org.hibernate.jdbc.AbstractBatcher - about to close PreparedStatement (open PreparedStatements: 1, globally: 1)
14:01:03.870 [main] DEBUG o.h.e.loading.CollectionLoadContext - 1 collections were found in result set for role: net.lojika.gtfs.model.Routes.routesCdkidCollection
14:01:03.870 [main] DEBUG o.h.e.loading.CollectionLoadContext - collection fully initialized: [net.lojika.gtfs.model.Routes.routesCdkidCollection#istb.280729]
14:01:03.870 [main] DEBUG o.h.e.loading.CollectionLoadContext - 1 collections initialized for role: net.lojika.gtfs.model.Routes.routesCdkidCollection
14:01:03.870 [main] DEBUG org.hibernate.loader.Loader - done loading collection
14:01:03.870 [main] DEBUG org.hibernate.loader.Loader - loading collection: [net.lojika.gtfs.model.Routes.routesCdkidCollection#istb.280730]
14:01:03.870 [main] DEBUG org.hibernate.jdbc.AbstractBatcher - about to open PreparedStatement (open PreparedStatements: 0, globally: 0)
14:01:03.870 [main] DEBUG org.hibernate.SQL - select routescdki0_.route_id as route2_2_1_, routescdki0_.route_cdk_id as route1_1_, routescdki0_.route_cdk_id as route1_3_0_, routescdki0_.route_id as route2_3_0_ from public.routes_cdkid routescdki0_ where routescdki0_.route_id=?
Hibernate: select routescdki0_.route_id as route2_2_1_, routescdki0_.route_cdk_id as route1_1_, routescdki0_.route_cdk_id as route1_3_0_, routescdki0_.route_id as route2_3_0_ from public.routes_cdkid routescdki0_ where routescdki0_.route_id=?
14:01:03.871 [main] DEBUG org.hibernate.jdbc.AbstractBatcher - about to open ResultSet (open ResultSets: 0, globally: 0)
14:01:03.871 [main] DEBUG org.hibernate.loader.Loader - result set contains (possibly empty) collection: [net.lojika.gtfs.model.Routes.routesCdkidCollection#istb.280730]
14:01:03.871 [main] DEBUG org.hibernate.loader.Loader - result row: EntityKey[net.lojika.gtfs.model.RoutesCdkid#gtfs.line.1.92t-1]
14:01:03.871 [main] DEBUG org.hibernate.loader.Loader - found row of collection: [net.lojika.gtfs.model.Routes.routesCdkidCollection#istb.280730]
14:01:03.871 [main] DEBUG org.hibernate.loader.Loader - result row: EntityKey[net.lojika.gtfs.model.RoutesCdkid#gtfs.line.1.92t-0]
14:01:03.871 [main] DEBUG org.hibernate.loader.Loader - found row of collection: [net.lojika.gtfs.model.Routes.routesCdkidCollection#istb.280730]
14:01:03.871 [main] DEBUG org.hibernate.jdbc.AbstractBatcher - about to close ResultSet (open ResultSets: 1, globally: 1)
14:01:03.871 [main] DEBUG org.hibernate.jdbc.AbstractBatcher - about to close PreparedStatement (open PreparedStatements: 1, globally: 1)
14:01:03.871 [main] DEBUG o.h.e.loading.CollectionLoadContext - 1 collections were found in result set for role: net.lojika.gtfs.model.Routes.routesCdkidCollection
14:01:03.871 [main] DEBUG o.h.e.loading.CollectionLoadContext - collection fully initialized: [net.lojika.gtfs.model.Routes.routesCdkidCollection#istb.280730]
14:01:03.871 [main] DEBUG o.h.e.loading.CollectionLoadContext - 1 collections initialized for role: net.lojika.gtfs.model.Routes.routesCdkidCollection
14:01:03.871 [main] DEBUG org.hibernate.loader.Loader - done loading collection
14:01:03.871 [main] DEBUG org.hibernate.loader.Loader - loading collection: [net.lojika.gtfs.model.Routes.routesCdkidCollection#istb.280731]
14:01:03.871 [main] DEBUG org.hibernate.jdbc.AbstractBatcher - about to open PreparedStatement (open PreparedStatements: 0, globally: 0)
14:01:03.871 [main] DEBUG org.hibernate.SQL - select routescdki0_.route_id as route2_2_1_, routescdki0_.route_cdk_id as route1_1_, routescdki0_.route_cdk_id as route1_3_0_, routescdki0_.route_id as route2_3_0_ from public.routes_cdkid routescdki0_ where routescdki0_.route_id=?
Hibernate: select routescdki0_.route_id as route2_2_1_, routescdki0_.route_cdk_id as route1_1_, routescdki0_.route_cdk_id as route1_3_0_, routescdki0_.route_id as route2_3_0_ from public.routes_cdkid routescdki0_ where routescdki0_.route_id=?
14:01:03.871 [main] DEBUG org.hibernate.jdbc.AbstractBatcher - about to open ResultSet (open ResultSets: 0, globally: 0)
14:01:03.871 [main] DEBUG org.hibernate.loader.Loader - result set contains (possibly empty) collection: [net.lojika.gtfs.model.Routes.routesCdkidCollection#istb.280731]
14:01:03.871 [main] DEBUG org.hibernate.loader.Loader - result row: EntityKey[net.lojika.gtfs.model.RoutesCdkid#gtfs.line.1.92-1]
14:01:03.871 [main] DEBUG org.hibernate.loader.Loader - found row of collection: [net.lojika.gtfs.model.Routes.routesCdkidCollection#istb.280731]
14:01:03.872 [main] DEBUG org.hibernate.loader.Loader - result row: EntityKey[net.lojika.gtfs.model.RoutesCdkid#gtfs.line.1.92-0]
14:01:03.872 [main] DEBUG org.hibernate.loader.Loader - found row of collection: [net.lojika.gtfs.model.Routes.routesCdkidCollection#istb.280731]
14:01:03.872 [main] DEBUG org.hibernate.jdbc.AbstractBatcher - about to close ResultSet (open ResultSets: 1, globally: 1)
14:01:03.872 [main] DEBUG org.hibernate.jdbc.AbstractBatcher - about to close PreparedStatement (open PreparedStatements: 1, globally: 1)
14:01:03.872 [main] DEBUG o.h.e.loading.CollectionLoadContext - 1 collections were found in result set for role: net.lojika.gtfs.model.Routes.routesCdkidCollection
14:01:03.872 [main] DEBUG o.h.e.loading.CollectionLoadContext - collection fully initialized: [net.lojika.gtfs.model.Routes.routesCdkidCollection#istb.280731]
14:01:03.872 [main] DEBUG o.h.e.loading.CollectionLoadContext - 1 collections initialized for role: net.lojika.gtfs.model.Routes.routesCdkidCollection
14:01:03.872 [main] DEBUG org.hibernate.loader.Loader - done loading collection
14:01:03.872 [main] DEBUG org.hibernate.loader.Loader - loading collection: [net.lojika.gtfs.model.Routes.routesCdkidCollection#istb.280732]
14:01:03.872 [main] DEBUG org.hibernate.jdbc.AbstractBatcher - about to open PreparedStatement (open PreparedStatements: 0, globally: 0)
14:01:03.872 [main] DEBUG org.hibernate.SQL - select routescdki0_.route_id as route2_2_1_, routescdki0_.route_cdk_id as route1_1_, routescdki0_.route_cdk_id as route1_3_0_, routescdki0_.route_id as route2_3_0_ from public.routes_cdkid routescdki0_ where routescdki0_.route_id=?
Hibernate: select routescdki0_.route_id as route2_2_1_, routescdki0_.route_cdk_id as route1_1_, routescdki0_.route_cdk_id as route1_3_0_, routescdki0_.route_id as route2_3_0_ from public.routes_cdkid routescdki0_ where routescdki0_.route_id=?
14:01:03.872 [main] DEBUG org.hibernate.jdbc.AbstractBatcher - about to open ResultSet (open ResultSets: 0, globally: 0)
14:01:03.872 [main] DEBUG org.hibernate.loader.Loader - result set contains (possibly empty) collection: [net.lojika.gtfs.model.Routes.routesCdkidCollection#istb.280732]
14:01:03.872 [main] DEBUG org.hibernate.loader.Loader - result row: EntityKey[net.lojika.gtfs.model.RoutesCdkid#gtfs.line.1.93-1]
14:01:03.872 [main] DEBUG org.hibernate.loader.Loader - found row of collection: [net.lojika.gtfs.model.Routes.routesCdkidCollection#istb.280732]
14:01:03.872 [main] DEBUG org.hibernate.loader.Loader - result row: EntityKey[net.lojika.gtfs.model.RoutesCdkid#gtfs.line.1.93-0]
14:01:03.872 [main] DEBUG org.hibernate.loader.Loader - found row of collection: [net.lojika.gtfs.model.Routes.routesCdkidCollection#istb.280732]
14:01:03.872 [main] DEBUG org.hibernate.jdbc.AbstractBatcher - about to close ResultSet (open ResultSets: 1, globally: 1)
14:01:03.872 [main] DEBUG org.hibernate.jdbc.AbstractBatcher - about to close PreparedStatement (open PreparedStatements: 1, globally: 1)
14:01:03.872 [main] DEBUG o.h.e.loading.CollectionLoadContext - 1 collections were found in result set for role: net.lojika.gtfs.model.Routes.routesCdkidCollection
14:01:03.872 [main] DEBUG o.h.e.loading.CollectionLoadContext - collection fully initialized: [net.lojika.gtfs.model.Routes.routesCdkidCollection#istb.280732]
14:01:03.872 [main] DEBUG o.h.e.loading.CollectionLoadContext - 1 collections initialized for role: net.lojika.gtfs.model.Routes.routesCdkidCollection
14:01:03.872 [main] DEBUG org.hibernate.loader.Loader - done loading collection
14:01:03.872 [main] DEBUG org.hibernate.loader.Loader - loading collection: [net.lojika.gtfs.model.Routes.routesCdkidCollection#istb.280733]
14:01:03.872 [main] DEBUG org.hibernate.jdbc.AbstractBatcher - about to open PreparedStatement (open PreparedStatements: 0, globally: 0)
14:01:03.872 [main] DEBUG org.hibernate.SQL - select routescdki0_.route_id as route2_2_1_, routescdki0_.route_cdk_id as route1_1_, routescdki0_.route_cdk_id as route1_3_0_, routescdki0_.route_id as route2_3_0_ from public.routes_cdkid routescdki0_ where routescdki0_.route_id=?
Hibernate: select routescdki0_.route_id as route2_2_1_, routescdki0_.route_cdk_id as route1_1_, routescdki0_.route_cdk_id as route1_3_0_, routescdki0_.route_id as route2_3_0_ from public.routes_cdkid routescdki0_ where routescdki0_.route_id=?
14:01:03.873 [main] DEBUG org.hibernate.jdbc.AbstractBatcher - about to open ResultSet (open ResultSets: 0, globally: 0)
14:01:03.873 [main] DEBUG org.hibernate.loader.Loader - result set contains (possibly empty) collection: [net.lojika.gtfs.model.Routes.routesCdkidCollection#istb.280733]
14:01:03.873 [main] DEBUG org.hibernate.loader.Loader - result row: EntityKey[net.lojika.gtfs.model.RoutesCdkid#gtfs.line.1.93c-1]
14:01:03.873 [main] DEBUG org.hibernate.loader.Loader - found row of collection: [net.lojika.gtfs.model.Routes.routesCdkidCollection#istb.280733]
14:01:03.873 [main] DEBUG org.hibernate.loader.Loader - result row: EntityKey[net.lojika.gtfs.model.RoutesCdkid#gtfs.line.1.93c-0]
14:01:03.873 [main] DEBUG org.hibernate.loader.Loader - found row of collection: [net.lojika.gtfs.model.Routes.routesCdkidCollection#istb.280733]
14:01:03.873 [main] DEBUG org.hibernate.jdbc.AbstractBatcher - about to close ResultSet (open ResultSets: 1, globally: 1)
14:01:03.873 [main] DEBUG org.hibernate.jdbc.AbstractBatcher - about to close PreparedStatement (open PreparedStatements: 1, globally: 1)
14:01:03.873 [main] DEBUG o.h.e.loading.CollectionLoadContext - 1 collections were found in result set for role: net.lojika.gtfs.model.Routes.routesCdkidCollection
14:01:03.873 [main] DEBUG o.h.e.loading.CollectionLoadContext - collection fully initialized: [net.lojika.gtfs.model.Routes.routesCdkidCollection#istb.280733]
14:01:03.873 [main] DEBUG o.h.e.loading.CollectionLoadContext - 1 collections initialized for role: net.lojika.gtfs.model.Routes.routesCdkidCollection
14:01:03.873 [main] DEBUG org.hibernate.loader.Loader - done loading collection
14:01:03.873 [main] DEBUG org.hibernate.loader.Loader - loading collection: [net.lojika.gtfs.model.Routes.routesCdkidCollection#istb.280734]
14:01:03.873 [main] DEBUG org.hibernate.jdbc.AbstractBatcher - about to open PreparedStatement (open PreparedStatements: 0, globally: 0)
14:01:03.873 [main] DEBUG org.hibernate.SQL - select routescdki0_.route_id as route2_2_1_, routescdki0_.route_cdk_id as route1_1_, routescdki0_.route_cdk_id as route1_3_0_, routescdki0_.route_id as route2_3_0_ from public.routes_cdkid routescdki0_ where routescdki0_.route_id=?
Hibernate: select routescdki0_.route_id as route2_2_1_, routescdki0_.route_cdk_id as route1_1_, routescdki0_.route_cdk_id as route1_3_0_, routescdki0_.route_id as route2_3_0_ from public.routes_cdkid routescdki0_ where routescdki0_.route_id=?
14:01:03.874 [main] DEBUG org.hibernate.jdbc.AbstractBatcher - about to open ResultSet (open ResultSets: 0, globally: 0)
14:01:03.874 [main] DEBUG org.hibernate.loader.Loader - result set contains (possibly empty) collection: [net.lojika.gtfs.model.Routes.routesCdkidCollection#istb.280734]
14:01:03.874 [main] DEBUG org.hibernate.loader.Loader - result row: EntityKey[net.lojika.gtfs.model.RoutesCdkid#gtfs.line.1.93m-1]
14:01:03.874 [main] DEBUG org.hibernate.loader.Loader - found row of collection: [net.lojika.gtfs.model.Routes.routesCdkidCollection#istb.280734]
14:01:03.874 [main] DEBUG org.hibernate.loader.Loader - result row: EntityKey[net.lojika.gtfs.model.RoutesCdkid#gtfs.line.1.93m-0]
14:01:03.874 [main] DEBUG org.hibernate.loader.Loader - found row of collection: [net.lojika.gtfs.model.Routes.routesCdkidCollection#istb.280734]
14:01:03.874 [main] DEBUG org.hibernate.jdbc.AbstractBatcher - about to close ResultSet (open ResultSets: 1, globally: 1)
14:01:03.874 [main] DEBUG org.hibernate.jdbc.AbstractBatcher - about to close PreparedStatement (open PreparedStatements: 1, globally: 1)
14:01:03.874 [main] DEBUG o.h.e.loading.CollectionLoadContext - 1 collections were found in result set for role: net.lojika.gtfs.model.Routes.routesCdkidCollection
14:01:03.874 [main] DEBUG o.h.e.loading.CollectionLoadContext - collection fully initialized: [net.lojika.gtfs.model.Routes.routesCdkidCollection#istb.280734]
14:01:03.874 [main] DEBUG o.h.e.loading.CollectionLoadContext - 1 collections initialized for role: net.lojika.gtfs.model.Routes.routesCdkidCollection
14:01:03.874 [main] DEBUG org.hibernate.loader.Loader - done loading collection
14:01:03.874 [main] DEBUG org.hibernate.loader.Loader - loading collection: [net.lojika.gtfs.model.Routes.routesCdkidCollection#istb.280735]
14:01:03.874 [main] DEBUG org.hibernate.jdbc.AbstractBatcher - about to open PreparedStatement (open PreparedStatements: 0, globally: 0)
14:01:03.874 [main] DEBUG org.hibernate.SQL - select routescdki0_.route_id as route2_2_1_, routescdki0_.route_cdk_id as route1_1_, routescdki0_.route_cdk_id as route1_3_0_, routescdki0_.route_id as route2_3_0_ from public.routes_cdkid routescdki0_ where routescdki0_.route_id=?
Hibernate: select routescdki0_.route_id as route2_2_1_, routescdki0_.route_cdk_id as route1_1_, routescdki0_.route_cdk_id as route1_3_0_, routescdki0_.route_id as route2_3_0_ from public.routes_cdkid routescdki0_ where routescdki0_.route_id=?
14:01:03.875 [main] DEBUG org.hibernate.jdbc.AbstractBatcher - about to open ResultSet (open ResultSets: 0, globally: 0)
14:01:03.875 [main] DEBUG org.hibernate.loader.Loader - result set contains (possibly empty) collection: [net.lojika.gtfs.model.Routes.routesCdkidCollection#istb.280735]
14:01:03.875 [main] DEBUG org.hibernate.loader.Loader - result row: EntityKey[net.lojika.gtfs.model.RoutesCdkid#gtfs.line.1.93t-1]
14:01:03.875 [main] DEBUG org.hibernate.loader.Loader - found row of collection: [net.lojika.gtfs.model.Routes.routesCdkidCollection#istb.280735]
14:01:03.875 [main] DEBUG org.hibernate.loader.Loader - result row: EntityKey[net.lojika.gtfs.model.RoutesCdkid#gtfs.line.1.93t-0]
14:01:03.875 [main] DEBUG org.hibernate.loader.Loader - found row of collection: [net.lojika.gtfs.model.Routes.routesCdkidCollection#istb.280735]
14:01:03.875 [main] DEBUG org.hibernate.jdbc.AbstractBatcher - about to close ResultSet (open ResultSets: 1, globally: 1)
14:01:03.875 [main] DEBUG org.hibernate.jdbc.AbstractBatcher - about to close PreparedStatement (open PreparedStatements: 1, globally: 1)
14:01:03.875 [main] DEBUG o.h.e.loading.CollectionLoadContext - 1 collections were found in result set for role: net.lojika.gtfs.model.Routes.routesCdkidCollection
14:01:03.875 [main] DEBUG o.h.e.loading.CollectionLoadContext - collection fully initialized: [net.lojika.gtfs.model.Routes.routesCdkidCollection#istb.280735]
14:01:03.875 [main] DEBUG o.h.e.loading.CollectionLoadContext - 1 collections initialized for role: net.lojika.gtfs.model.Routes.routesCdkidCollection
14:01:03.875 [main] DEBUG org.hibernate.loader.Loader - done loading collection
14:01:03.875 [main] DEBUG org.hibernate.loader.Loader - loading collection: [net.lojika.gtfs.model.Routes.routesCdkidCollection#istb.280736]
14:01:03.875 [main] DEBUG org.hibernate.jdbc.AbstractBatcher - about to open PreparedStatement (open PreparedStatements: 0, globally: 0)
14:01:03.875 [main] DEBUG org.hibernate.SQL - select routescdki0_.route_id as route2_2_1_, routescdki0_.route_cdk_id as route1_1_, routescdki0_.route_cdk_id as route1_3_0_, routescdki0_.route_id as route2_3_0_ from public.routes_cdkid routescdki0_ where routescdki0_.route_id=?
Hibernate: select routescdki0_.route_id as route2_2_1_, routescdki0_.route_cdk_id as route1_1_, routescdki0_.route_cdk_id as route1_3_0_, routescdki0_.route_id as route2_3_0_ from public.routes_cdkid routescdki0_ where routescdki0_.route_id=?
14:01:03.875 [main] DEBUG org.hibernate.jdbc.AbstractBatcher - about to open ResultSet (open ResultSets: 0, globally: 0)
14:01:03.875 [main] DEBUG org.hibernate.loader.Loader - result set contains (possibly empty) collection: [net.lojika.gtfs.model.Routes.routesCdkidCollection#istb.280736]
14:01:03.875 [main] DEBUG org.hibernate.loader.Loader - result row: EntityKey[net.lojika.gtfs.model.RoutesCdkid#gtfs.line.1.94-1]
14:01:03.875 [main] DEBUG org.hibernate.loader.Loader - found row of collection: [net.lojika.gtfs.model.Routes.routesCdkidCollection#istb.280736]
14:01:03.876 [main] DEBUG org.hibernate.loader.Loader - result row: EntityKey[net.lojika.gtfs.model.RoutesCdkid#gtfs.line.1.94-0]
14:01:03.876 [main] DEBUG org.hibernate.loader.Loader - found row of collection: [net.lojika.gtfs.model.Routes.routesCdkidCollection#istb.280736]
14:01:03.876 [main] DEBUG org.hibernate.jdbc.AbstractBatcher - about to close ResultSet (open ResultSets: 1, globally: 1)
14:01:03.876 [main] DEBUG org.hibernate.jdbc.AbstractBatcher - about to close PreparedStatement (open PreparedStatements: 1, globally: 1)
14:01:03.876 [main] DEBUG o.h.e.loading.CollectionLoadContext - 1 collections were found in result set for role: net.lojika.gtfs.model.Routes.routesCdkidCollection
14:01:03.876 [main] DEBUG o.h.e.loading.CollectionLoadContext - collection fully initialized: [net.lojika.gtfs.model.Routes.routesCdkidCollection#istb.280736]
14:01:03.876 [main] DEBUG o.h.e.loading.CollectionLoadContext - 1 collections initialized for role: net.lojika.gtfs.model.Routes.routesCdkidCollection
14:01:03.876 [main] DEBUG org.hibernate.loader.Loader - done loading collection
14:01:03.876 [main] DEBUG org.hibernate.loader.Loader - loading collection: [net.lojika.gtfs.model.Routes.routesCdkidCollection#istb.280737]
14:01:03.876 [main] DEBUG org.hibernate.jdbc.AbstractBatcher - about to open PreparedStatement (open PreparedStatements: 0, globally: 0)
14:01:03.876 [main] DEBUG org.hibernate.SQL - select routescdki0_.route_id as route2_2_1_, routescdki0_.route_cdk_id as route1_1_, routescdki0_.route_cdk_id as route1_3_0_, routescdki0_.route_id as route2_3_0_ from public.routes_cdkid routescdki0_ where routescdki0_.route_id=?
Hibernate: select routescdki0_.route_id as route2_2_1_, routescdki0_.route_cdk_id as route1_1_, routescdki0_.route_cdk_id as route1_3_0_, routescdki0_.route_id as route2_3_0_ from public.routes_cdkid routescdki0_ where routescdki0_.route_id=?
14:01:03.876 [main] DEBUG org.hibernate.jdbc.AbstractBatcher - about to open ResultSet (open ResultSets: 0, globally: 0)
14:01:03.876 [main] DEBUG org.hibernate.loader.Loader - result set contains (possibly empty) collection: [net.lojika.gtfs.model.Routes.routesCdkidCollection#istb.280737]
14:01:03.876 [main] DEBUG org.hibernate.loader.Loader - result row: EntityKey[net.lojika.gtfs.model.RoutesCdkid#gtfs.line.1.94a-1]
14:01:03.876 [main] DEBUG org.hibernate.loader.Loader - found row of collection: [net.lojika.gtfs.model.Routes.routesCdkidCollection#istb.280737]
14:01:03.876 [main] DEBUG org.hibernate.loader.Loader - result row: EntityKey[net.lojika.gtfs.model.RoutesCdkid#gtfs.line.1.94a-0]
14:01:03.876 [main] DEBUG org.hibernate.loader.Loader - found row of collection: [net.lojika.gtfs.model.Routes.routesCdkidCollection#istb.280737]
14:01:03.876 [main] DEBUG org.hibernate.jdbc.AbstractBatcher - about to close ResultSet (open ResultSets: 1, globally: 1)
14:01:03.876 [main] DEBUG org.hibernate.jdbc.AbstractBatcher - about to close PreparedStatement (open PreparedStatements: 1, globally: 1)
14:01:03.876 [main] DEBUG o.h.e.loading.CollectionLoadContext - 1 collections were found in result set for role: net.lojika.gtfs.model.Routes.routesCdkidCollection
14:01:03.876 [main] DEBUG o.h.e.loading.CollectionLoadContext - collection fully initialized: [net.lojika.gtfs.model.Routes.routesCdkidCollection#istb.280737]
14:01:03.876 [main] DEBUG o.h.e.loading.CollectionLoadContext - 1 collections initialized for role: net.lojika.gtfs.model.Routes.routesCdkidCollection
14:01:03.876 [main] DEBUG org.hibernate.loader.Loader - done loading collection
14:01:03.876 [main] DEBUG org.hibernate.loader.Loader - loading collection: [net.lojika.gtfs.model.Routes.routesCdkidCollection#istb.280738]
14:01:03.876 [main] DEBUG org.hibernate.jdbc.AbstractBatcher - about to open PreparedStatement (open PreparedStatements: 0, globally: 0)
14:01:03.876 [main] DEBUG org.hibernate.SQL - select routescdki0_.route_id as route2_2_1_, routescdki0_.route_cdk_id as route1_1_, routescdki0_.route_cdk_id as route1_3_0_, routescdki0_.route_id as route2_3_0_ from public.routes_cdkid routescdki0_ where routescdki0_.route_id=?
Hibernate: select routescdki0_.route_id as route2_2_1_, routescdki0_.route_cdk_id as route1_1_, routescdki0_.route_cdk_id as route1_3_0_, routescdki0_.route_id as route2_3_0_ from public.routes_cdkid routescdki0_ where routescdki0_.route_id=?
14:01:03.877 [main] DEBUG org.hibernate.jdbc.AbstractBatcher - about to open ResultSet (open ResultSets: 0, globally: 0)
14:01:03.877 [main] DEBUG org.hibernate.loader.Loader - result set contains (possibly empty) collection: [net.lojika.gtfs.model.Routes.routesCdkidCollection#istb.280738]
14:01:03.877 [main] DEBUG org.hibernate.loader.Loader - result row: EntityKey[net.lojika.gtfs.model.RoutesCdkid#gtfs.line.1.96t-1]
14:01:03.877 [main] DEBUG org.hibernate.loader.Loader - found row of collection: [net.lojika.gtfs.model.Routes.routesCdkidCollection#istb.280738]
14:01:03.877 [main] DEBUG org.hibernate.loader.Loader - result row: EntityKey[net.lojika.gtfs.model.RoutesCdkid#gtfs.line.1.96t-0]
14:01:03.877 [main] DEBUG org.hibernate.loader.Loader - found row of collection: [net.lojika.gtfs.model.Routes.routesCdkidCollection#istb.280738]
14:01:03.877 [main] DEBUG org.hibernate.jdbc.AbstractBatcher - about to close ResultSet (open ResultSets: 1, globally: 1)
14:01:03.877 [main] DEBUG org.hibernate.jdbc.AbstractBatcher - about to close PreparedStatement (open PreparedStatements: 1, globally: 1)
14:01:03.877 [main] DEBUG o.h.e.loading.CollectionLoadContext - 1 collections were found in result set for role: net.lojika.gtfs.model.Routes.routesCdkidCollection
14:01:03.877 [main] DEBUG o.h.e.loading.CollectionLoadContext - collection fully initialized: [net.lojika.gtfs.model.Routes.routesCdkidCollection#istb.280738]
14:01:03.877 [main] DEBUG o.h.e.loading.CollectionLoadContext - 1 collections initialized for role: net.lojika.gtfs.model.Routes.routesCdkidCollection
14:01:03.877 [main] DEBUG org.hibernate.loader.Loader - done loading collection
14:01:03.877 [main] DEBUG org.hibernate.loader.Loader - loading collection: [net.lojika.gtfs.model.Routes.routesCdkidCollection#istb.280739]
14:01:03.877 [main] DEBUG org.hibernate.jdbc.AbstractBatcher - about to open PreparedStatement (open PreparedStatements: 0, globally: 0)
14:01:03.877 [main] DEBUG org.hibernate.SQL - select routescdki0_.route_id as route2_2_1_, routescdki0_.route_cdk_id as route1_1_, routescdki0_.route_cdk_id as route1_3_0_, routescdki0_.route_id as route2_3_0_ from public.routes_cdkid routescdki0_ where routescdki0_.route_id=?
Hibernate: select routescdki0_.route_id as route2_2_1_, routescdki0_.route_cdk_id as route1_1_, routescdki0_.route_cdk_id as route1_3_0_, routescdki0_.route_id as route2_3_0_ from public.routes_cdkid routescdki0_ where routescdki0_.route_id=?
14:01:03.877 [main] DEBUG org.hibernate.jdbc.AbstractBatcher - about to open ResultSet (open ResultSets: 0, globally: 0)
14:01:03.878 [main] DEBUG org.hibernate.loader.Loader - result set contains (possibly empty) collection: [net.lojika.gtfs.model.Routes.routesCdkidCollection#istb.280739]
14:01:03.878 [main] DEBUG org.hibernate.loader.Loader - result row: EntityKey[net.lojika.gtfs.model.RoutesCdkid#gtfs.line.1.97-1]
14:01:03.878 [main] DEBUG org.hibernate.loader.Loader - found row of collection: [net.lojika.gtfs.model.Routes.routesCdkidCollection#istb.280739]
14:01:03.878 [main] DEBUG org.hibernate.loader.Loader - result row: EntityKey[net.lojika.gtfs.model.RoutesCdkid#gtfs.line.1.97-0]
14:01:03.878 [main] DEBUG org.hibernate.loader.Loader - found row of collection: [net.lojika.gtfs.model.Routes.routesCdkidCollection#istb.280739]
14:01:03.878 [main] DEBUG org.hibernate.jdbc.AbstractBatcher - about to close ResultSet (open ResultSets: 1, globally: 1)
14:01:03.878 [main] DEBUG org.hibernate.jdbc.AbstractBatcher - about to close PreparedStatement (open PreparedStatements: 1, globally: 1)
14:01:03.878 [main] DEBUG o.h.e.loading.CollectionLoadContext - 1 collections were found in result set for role: net.lojika.gtfs.model.Routes.routesCdkidCollection
14:01:03.878 [main] DEBUG o.h.e.loading.CollectionLoadContext - collection fully initialized: [net.lojika.gtfs.model.Routes.routesCdkidCollection#istb.280739]
14:01:03.878 [main] DEBUG o.h.e.loading.CollectionLoadContext - 1 collections initialized for role: net.lojika.gtfs.model.Routes.routesCdkidCollection
14:01:03.878 [main] DEBUG org.hibernate.loader.Loader - done loading collection
14:01:03.878 [main] DEBUG org.hibernate.loader.Loader - loading collection: [net.lojika.gtfs.model.Routes.routesCdkidCollection#istb.280740]
14:01:03.878 [main] DEBUG org.hibernate.jdbc.AbstractBatcher - about to open PreparedStatement (open PreparedStatements: 0, globally: 0)
14:01:03.878 [main] DEBUG org.hibernate.SQL - select routescdki0_.route_id as route2_2_1_, routescdki0_.route_cdk_id as route1_1_, routescdki0_.route_cdk_id as route1_3_0_, routescdki0_.route_id as route2_3_0_ from public.routes_cdkid routescdki0_ where routescdki0_.route_id=?
Hibernate: select routescdki0_.route_id as route2_2_1_, routescdki0_.route_cdk_id as route1_1_, routescdki0_.route_cdk_id as route1_3_0_, routescdki0_.route_id as route2_3_0_ from public.routes_cdkid routescdki0_ where routescdki0_.route_id=?
14:01:03.878 [main] DEBUG org.hibernate.jdbc.AbstractBatcher - about to open ResultSet (open ResultSets: 0, globally: 0)
14:01:03.878 [main] DEBUG org.hibernate.loader.Loader - result set contains (possibly empty) collection: [net.lojika.gtfs.model.Routes.routesCdkidCollection#istb.280740]
14:01:03.878 [main] DEBUG org.hibernate.loader.Loader - result row: EntityKey[net.lojika.gtfs.model.RoutesCdkid#gtfs.line.1.97a-1]
14:01:03.878 [main] DEBUG org.hibernate.loader.Loader - found row of collection: [net.lojika.gtfs.model.Routes.routesCdkidCollection#istb.280740]
14:01:03.878 [main] DEBUG org.hibernate.loader.Loader - result row: EntityKey[net.lojika.gtfs.model.RoutesCdkid#gtfs.line.1.97a-0]
14:01:03.878 [main] DEBUG org.hibernate.loader.Loader - found row of collection: [net.lojika.gtfs.model.Routes.routesCdkidCollection#istb.280740]
14:01:03.878 [main] DEBUG org.hibernate.jdbc.AbstractBatcher - about to close ResultSet (open ResultSets: 1, globally: 1)
14:01:03.878 [main] DEBUG org.hibernate.jdbc.AbstractBatcher - about to close PreparedStatement (open PreparedStatements: 1, globally: 1)
14:01:03.878 [main] DEBUG o.h.e.loading.CollectionLoadContext - 1 collections were found in result set for role: net.lojika.gtfs.model.Routes.routesCdkidCollection
14:01:03.878 [main] DEBUG o.h.e.loading.CollectionLoadContext - collection fully initialized: [net.lojika.gtfs.model.Routes.routesCdkidCollection#istb.280740]
14:01:03.878 [main] DEBUG o.h.e.loading.CollectionLoadContext - 1 collections initialized for role: net.lojika.gtfs.model.Routes.routesCdkidCollection
14:01:03.878 [main] DEBUG org.hibernate.loader.Loader - done loading collection
14:01:03.878 [main] DEBUG org.hibernate.loader.Loader - loading collection: [net.lojika.gtfs.model.Routes.routesCdkidCollection#istb.280741]
14:01:03.879 [main] DEBUG org.hibernate.jdbc.AbstractBatcher - about to open PreparedStatement (open PreparedStatements: 0, globally: 0)
14:01:03.879 [main] DEBUG org.hibernate.SQL - select routescdki0_.route_id as route2_2_1_, routescdki0_.route_cdk_id as route1_1_, routescdki0_.route_cdk_id as route1_3_0_, routescdki0_.route_id as route2_3_0_ from public.routes_cdkid routescdki0_ where routescdki0_.route_id=?
Hibernate: select routescdki0_.route_id as route2_2_1_, routescdki0_.route_cdk_id as route1_1_, routescdki0_.route_cdk_id as route1_3_0_, routescdki0_.route_id as route2_3_0_ from public.routes_cdkid routescdki0_ where routescdki0_.route_id=?
14:01:03.879 [main] DEBUG org.hibernate.jdbc.AbstractBatcher - about to open ResultSet (open ResultSets: 0, globally: 0)
14:01:03.879 [main] DEBUG org.hibernate.loader.Loader - result set contains (possibly empty) collection: [net.lojika.gtfs.model.Routes.routesCdkidCollection#istb.280741]
14:01:03.879 [main] DEBUG org.hibernate.loader.Loader - result row: EntityKey[net.lojika.gtfs.model.RoutesCdkid#gtfs.line.1.97b-1]
14:01:03.879 [main] DEBUG org.hibernate.loader.Loader - found row of collection: [net.lojika.gtfs.model.Routes.routesCdkidCollection#istb.280741]
14:01:03.879 [main] DEBUG org.hibernate.loader.Loader - result row: EntityKey[net.lojika.gtfs.model.RoutesCdkid#gtfs.line.1.97b-0]
14:01:03.879 [main] DEBUG org.hibernate.loader.Loader - found row of collection: [net.lojika.gtfs.model.Routes.routesCdkidCollection#istb.280741]
14:01:03.879 [main] DEBUG org.hibernate.jdbc.AbstractBatcher - about to close ResultSet (open ResultSets: 1, globally: 1)
14:01:03.879 [main] DEBUG org.hibernate.jdbc.AbstractBatcher - about to close PreparedStatement (open PreparedStatements: 1, globally: 1)
14:01:03.879 [main] DEBUG o.h.e.loading.CollectionLoadContext - 1 collections were found in result set for role: net.lojika.gtfs.model.Routes.routesCdkidCollection
14:01:03.879 [main] DEBUG o.h.e.loading.CollectionLoadContext - collection fully initialized: [net.lojika.gtfs.model.Routes.routesCdkidCollection#istb.280741]
14:01:03.879 [main] DEBUG o.h.e.loading.CollectionLoadContext - 1 collections initialized for role: net.lojika.gtfs.model.Routes.routesCdkidCollection
14:01:03.879 [main] DEBUG org.hibernate.loader.Loader - done loading collection
14:01:03.879 [main] DEBUG org.hibernate.loader.Loader - loading collection: [net.lojika.gtfs.model.Routes.routesCdkidCollection#istb.280742]
14:01:03.879 [main] DEBUG org.hibernate.jdbc.AbstractBatcher - about to open PreparedStatement (open PreparedStatements: 0, globally: 0)
14:01:03.879 [main] DEBUG org.hibernate.SQL - select routescdki0_.route_id as route2_2_1_, routescdki0_.route_cdk_id as route1_1_, routescdki0_.route_cdk_id as route1_3_0_, routescdki0_.route_id as route2_3_0_ from public.routes_cdkid routescdki0_ where routescdki0_.route_id=?
Hibernate: select routescdki0_.route_id as route2_2_1_, routescdki0_.route_cdk_id as route1_1_, routescdki0_.route_cdk_id as route1_3_0_, routescdki0_.route_id as route2_3_0_ from public.routes_cdkid routescdki0_ where routescdki0_.route_id=?
14:01:03.880 [main] DEBUG org.hibernate.jdbc.AbstractBatcher - about to open ResultSet (open ResultSets: 0, globally: 0)
14:01:03.880 [main] DEBUG org.hibernate.loader.Loader - result set contains (possibly empty) collection: [net.lojika.gtfs.model.Routes.routesCdkidCollection#istb.280742]
14:01:03.880 [main] DEBUG org.hibernate.loader.Loader - result row: EntityKey[net.lojika.gtfs.model.RoutesCdkid#gtfs.line.1.97e-0]
14:01:03.880 [main] DEBUG org.hibernate.loader.Loader - found row of collection: [net.lojika.gtfs.model.Routes.routesCdkidCollection#istb.280742]
14:01:03.880 [main] DEBUG org.hibernate.jdbc.AbstractBatcher - about to close ResultSet (open ResultSets: 1, globally: 1)
14:01:03.880 [main] DEBUG org.hibernate.jdbc.AbstractBatcher - about to close PreparedStatement (open PreparedStatements: 1, globally: 1)
14:01:03.880 [main] DEBUG o.h.e.loading.CollectionLoadContext - 1 collections were found in result set for role: net.lojika.gtfs.model.Routes.routesCdkidCollection
14:01:03.880 [main] DEBUG o.h.e.loading.CollectionLoadContext - collection fully initialized: [net.lojika.gtfs.model.Routes.routesCdkidCollection#istb.280742]
14:01:03.880 [main] DEBUG o.h.e.loading.CollectionLoadContext - 1 collections initialized for role: net.lojika.gtfs.model.Routes.routesCdkidCollection
14:01:03.880 [main] DEBUG org.hibernate.loader.Loader - done loading collection
14:01:03.880 [main] DEBUG org.hibernate.loader.Loader - loading collection: [net.lojika.gtfs.model.Routes.routesCdkidCollection#istb.280743]
14:01:03.880 [main] DEBUG org.hibernate.jdbc.AbstractBatcher - about to open PreparedStatement (open PreparedStatements: 0, globally: 0)
14:01:03.880 [main] DEBUG org.hibernate.SQL - select routescdki0_.route_id as route2_2_1_, routescdki0_.route_cdk_id as route1_1_, routescdki0_.route_cdk_id as route1_3_0_, routescdki0_.route_id as route2_3_0_ from public.routes_cdkid routescdki0_ where routescdki0_.route_id=?
Hibernate: select routescdki0_.route_id as route2_2_1_, routescdki0_.route_cdk_id as route1_1_, routescdki0_.route_cdk_id as route1_3_0_, routescdki0_.route_id as route2_3_0_ from public.routes_cdkid routescdki0_ where routescdki0_.route_id=?
14:01:03.880 [main] DEBUG org.hibernate.jdbc.AbstractBatcher - about to open ResultSet (open ResultSets: 0, globally: 0)
14:01:03.880 [main] DEBUG org.hibernate.loader.Loader - result set contains (possibly empty) collection: [net.lojika.gtfs.model.Routes.routesCdkidCollection#istb.280743]
14:01:03.880 [main] DEBUG org.hibernate.loader.Loader - result row: EntityKey[net.lojika.gtfs.model.RoutesCdkid#gtfs.line.1.97g-1]
14:01:03.880 [main] DEBUG org.hibernate.loader.Loader - found row of collection: [net.lojika.gtfs.model.Routes.routesCdkidCollection#istb.280743]
14:01:03.880 [main] DEBUG org.hibernate.loader.Loader - result row: EntityKey[net.lojika.gtfs.model.RoutesCdkid#gtfs.line.1.97g-0]
14:01:03.880 [main] DEBUG org.hibernate.loader.Loader - found row of collection: [net.lojika.gtfs.model.Routes.routesCdkidCollection#istb.280743]
14:01:03.880 [main] DEBUG org.hibernate.jdbc.AbstractBatcher - about to close ResultSet (open ResultSets: 1, globally: 1)
14:01:03.880 [main] DEBUG org.hibernate.jdbc.AbstractBatcher - about to close PreparedStatement (open PreparedStatements: 1, globally: 1)
14:01:03.880 [main] DEBUG o.h.e.loading.CollectionLoadContext - 1 collections were found in result set for role: net.lojika.gtfs.model.Routes.routesCdkidCollection
14:01:03.880 [main] DEBUG o.h.e.loading.CollectionLoadContext - collection fully initialized: [net.lojika.gtfs.model.Routes.routesCdkidCollection#istb.280743]
14:01:03.880 [main] DEBUG o.h.e.loading.CollectionLoadContext - 1 collections initialized for role: net.lojika.gtfs.model.Routes.routesCdkidCollection
14:01:03.880 [main] DEBUG org.hibernate.loader.Loader - done loading collection
14:01:03.880 [main] DEBUG org.hibernate.loader.Loader - loading collection: [net.lojika.gtfs.model.Routes.routesCdkidCollection#istb.280746]
14:01:03.880 [main] DEBUG org.hibernate.jdbc.AbstractBatcher - about to open PreparedStatement (open PreparedStatements: 0, globally: 0)
14:01:03.880 [main] DEBUG org.hibernate.SQL - select routescdki0_.route_id as route2_2_1_, routescdki0_.route_cdk_id as route1_1_, routescdki0_.route_cdk_id as route1_3_0_, routescdki0_.route_id as route2_3_0_ from public.routes_cdkid routescdki0_ where routescdki0_.route_id=?
Hibernate: select routescdki0_.route_id as route2_2_1_, routescdki0_.route_cdk_id as route1_1_, routescdki0_.route_cdk_id as route1_3_0_, routescdki0_.route_id as route2_3_0_ from public.routes_cdkid routescdki0_ where routescdki0_.route_id=?
14:01:03.881 [main] DEBUG org.hibernate.jdbc.AbstractBatcher - about to open ResultSet (open ResultSets: 0, globally: 0)
14:01:03.881 [main] DEBUG org.hibernate.loader.Loader - result set contains (possibly empty) collection: [net.lojika.gtfs.model.Routes.routesCdkidCollection#istb.280746]
14:01:03.881 [main] DEBUG org.hibernate.loader.Loader - result row: EntityKey[net.lojika.gtfs.model.RoutesCdkid#gtfs.line.1.97m-1]
14:01:03.881 [main] DEBUG org.hibernate.loader.Loader - found row of collection: [net.lojika.gtfs.model.Routes.routesCdkidCollection#istb.280746]
14:01:03.881 [main] DEBUG org.hibernate.loader.Loader - result row: EntityKey[net.lojika.gtfs.model.RoutesCdkid#gtfs.line.1.97m-0]
14:01:03.881 [main] DEBUG org.hibernate.loader.Loader - found row of collection: [net.lojika.gtfs.model.Routes.routesCdkidCollection#istb.280746]
14:01:03.881 [main] DEBUG org.hibernate.jdbc.AbstractBatcher - about to close ResultSet (open ResultSets: 1, globally: 1)
14:01:03.881 [main] DEBUG org.hibernate.jdbc.AbstractBatcher - about to close PreparedStatement (open PreparedStatements: 1, globally: 1)
14:01:03.881 [main] DEBUG o.h.e.loading.CollectionLoadContext - 1 collections were found in result set for role: net.lojika.gtfs.model.Routes.routesCdkidCollection
14:01:03.881 [main] DEBUG o.h.e.loading.CollectionLoadContext - collection fully initialized: [net.lojika.gtfs.model.Routes.routesCdkidCollection#istb.280746]
14:01:03.881 [main] DEBUG o.h.e.loading.CollectionLoadContext - 1 collections initialized for role: net.lojika.gtfs.model.Routes.routesCdkidCollection
14:01:03.881 [main] DEBUG org.hibernate.loader.Loader - done loading collection
14:01:03.881 [main] DEBUG org.hibernate.loader.Loader - loading collection: [net.lojika.gtfs.model.Routes.routesCdkidCollection#istb.280747]
14:01:03.881 [main] DEBUG org.hibernate.jdbc.AbstractBatcher - about to open PreparedStatement (open PreparedStatements: 0, globally: 0)
14:01:03.881 [main] DEBUG org.hibernate.SQL - select routescdki0_.route_id as route2_2_1_, routescdki0_.route_cdk_id as route1_1_, routescdki0_.route_cdk_id as route1_3_0_, routescdki0_.route_id as route2_3_0_ from public.routes_cdkid routescdki0_ where routescdki0_.route_id=?
Hibernate: select routescdki0_.route_id as route2_2_1_, routescdki0_.route_cdk_id as route1_1_, routescdki0_.route_cdk_id as route1_3_0_, routescdki0_.route_id as route2_3_0_ from public.routes_cdkid routescdki0_ where routescdki0_.route_id=?
14:01:03.881 [main] DEBUG org.hibernate.jdbc.AbstractBatcher - about to open ResultSet (open ResultSets: 0, globally: 0)
14:01:03.881 [main] DEBUG org.hibernate.loader.Loader - result set contains (possibly empty) collection: [net.lojika.gtfs.model.Routes.routesCdkidCollection#istb.280747]
14:01:03.881 [main] DEBUG org.hibernate.loader.Loader - result row: EntityKey[net.lojika.gtfs.model.RoutesCdkid#gtfs.line.1.97t-1]
14:01:03.881 [main] DEBUG org.hibernate.loader.Loader - found row of collection: [net.lojika.gtfs.model.Routes.routesCdkidCollection#istb.280747]
14:01:03.882 [main] DEBUG org.hibernate.loader.Loader - result row: EntityKey[net.lojika.gtfs.model.RoutesCdkid#gtfs.line.1.97t-0]
14:01:03.882 [main] DEBUG org.hibernate.loader.Loader - found row of collection: [net.lojika.gtfs.model.Routes.routesCdkidCollection#istb.280747]
14:01:03.882 [main] DEBUG org.hibernate.jdbc.AbstractBatcher - about to close ResultSet (open ResultSets: 1, globally: 1)
14:01:03.882 [main] DEBUG org.hibernate.jdbc.AbstractBatcher - about to close PreparedStatement (open PreparedStatements: 1, globally: 1)
14:01:03.882 [main] DEBUG o.h.e.loading.CollectionLoadContext - 1 collections were found in result set for role: net.lojika.gtfs.model.Routes.routesCdkidCollection
14:01:03.882 [main] DEBUG o.h.e.loading.CollectionLoadContext - collection fully initialized: [net.lojika.gtfs.model.Routes.routesCdkidCollection#istb.280747]
14:01:03.882 [main] DEBUG o.h.e.loading.CollectionLoadContext - 1 collections initialized for role: net.lojika.gtfs.model.Routes.routesCdkidCollection
14:01:03.882 [main] DEBUG org.hibernate.loader.Loader - done loading collection
14:01:03.882 [main] DEBUG org.hibernate.loader.Loader - loading collection: [net.lojika.gtfs.model.Routes.routesCdkidCollection#istb.280751]
14:01:03.882 [main] DEBUG org.hibernate.jdbc.AbstractBatcher - about to open PreparedStatement (open PreparedStatements: 0, globally: 0)
14:01:03.882 [main] DEBUG org.hibernate.SQL - select routescdki0_.route_id as route2_2_1_, routescdki0_.route_cdk_id as route1_1_, routescdki0_.route_cdk_id as route1_3_0_, routescdki0_.route_id as route2_3_0_ from public.routes_cdkid routescdki0_ where routescdki0_.route_id=?
Hibernate: select routescdki0_.route_id as route2_2_1_, routescdki0_.route_cdk_id as route1_1_, routescdki0_.route_cdk_id as route1_3_0_, routescdki0_.route_id as route2_3_0_ from public.routes_cdkid routescdki0_ where routescdki0_.route_id=?
14:01:03.882 [main] DEBUG org.hibernate.jdbc.AbstractBatcher - about to open ResultSet (open ResultSets: 0, globally: 0)
14:01:03.882 [main] DEBUG org.hibernate.loader.Loader - result set contains (possibly empty) collection: [net.lojika.gtfs.model.Routes.routesCdkidCollection#istb.280751]
14:01:03.882 [main] DEBUG org.hibernate.loader.Loader - result row: EntityKey[net.lojika.gtfs.model.RoutesCdkid#gtfs.line.1.98b-1]
14:01:03.882 [main] DEBUG org.hibernate.loader.Loader - found row of collection: [net.lojika.gtfs.model.Routes.routesCdkidCollection#istb.280751]
14:01:03.882 [main] DEBUG org.hibernate.loader.Loader - result row: EntityKey[net.lojika.gtfs.model.RoutesCdkid#gtfs.line.1.98b-0]
14:01:03.882 [main] DEBUG org.hibernate.loader.Loader - found row of collection: [net.lojika.gtfs.model.Routes.routesCdkidCollection#istb.280751]
14:01:03.882 [main] DEBUG org.hibernate.jdbc.AbstractBatcher - about to close ResultSet (open ResultSets: 1, globally: 1)
14:01:03.882 [main] DEBUG org.hibernate.jdbc.AbstractBatcher - about to close PreparedStatement (open PreparedStatements: 1, globally: 1)
14:01:03.882 [main] DEBUG o.h.e.loading.CollectionLoadContext - 1 collections were found in result set for role: net.lojika.gtfs.model.Routes.routesCdkidCollection
14:01:03.882 [main] DEBUG o.h.e.loading.CollectionLoadContext - collection fully initialized: [net.lojika.gtfs.model.Routes.routesCdkidCollection#istb.280751]
14:01:03.882 [main] DEBUG o.h.e.loading.CollectionLoadContext - 1 collections initialized for role: net.lojika.gtfs.model.Routes.routesCdkidCollection
14:01:03.882 [main] DEBUG org.hibernate.loader.Loader - done loading collection
14:01:03.882 [main] DEBUG org.hibernate.loader.Loader - loading collection: [net.lojika.gtfs.model.Routes.routesCdkidCollection#istb.280752]
14:01:03.882 [main] DEBUG org.hibernate.jdbc.AbstractBatcher - about to open PreparedStatement (open PreparedStatements: 0, globally: 0)
14:01:03.882 [main] DEBUG org.hibernate.SQL - select routescdki0_.route_id as route2_2_1_, routescdki0_.route_cdk_id as route1_1_, routescdki0_.route_cdk_id as route1_3_0_, routescdki0_.route_id as route2_3_0_ from public.routes_cdkid routescdki0_ where routescdki0_.route_id=?
Hibernate: select routescdki0_.route_id as route2_2_1_, routescdki0_.route_cdk_id as route1_1_, routescdki0_.route_cdk_id as route1_3_0_, routescdki0_.route_id as route2_3_0_ from public.routes_cdkid routescdki0_ where routescdki0_.route_id=?
14:01:03.883 [main] DEBUG org.hibernate.jdbc.AbstractBatcher - about to open ResultSet (open ResultSets: 0, globally: 0)
14:01:03.883 [main] DEBUG org.hibernate.loader.Loader - result set contains (possibly empty) collection: [net.lojika.gtfs.model.Routes.routesCdkidCollection#istb.280752]
14:01:03.883 [main] DEBUG org.hibernate.loader.Loader - result row: EntityKey[net.lojika.gtfs.model.RoutesCdkid#gtfs.line.1.98c-1]
14:01:03.883 [main] DEBUG org.hibernate.loader.Loader - found row of collection: [net.lojika.gtfs.model.Routes.routesCdkidCollection#istb.280752]
14:01:03.883 [main] DEBUG org.hibernate.loader.Loader - result row: EntityKey[net.lojika.gtfs.model.RoutesCdkid#gtfs.line.1.98c-0]
14:01:03.883 [main] DEBUG org.hibernate.loader.Loader - found row of collection: [net.lojika.gtfs.model.Routes.routesCdkidCollection#istb.280752]
14:01:03.883 [main] DEBUG org.hibernate.jdbc.AbstractBatcher - about to close ResultSet (open ResultSets: 1, globally: 1)
14:01:03.883 [main] DEBUG org.hibernate.jdbc.AbstractBatcher - about to close PreparedStatement (open PreparedStatements: 1, globally: 1)
14:01:03.883 [main] DEBUG o.h.e.loading.CollectionLoadContext - 1 collections were found in result set for role: net.lojika.gtfs.model.Routes.routesCdkidCollection
14:01:03.883 [main] DEBUG o.h.e.loading.CollectionLoadContext - collection fully initialized: [net.lojika.gtfs.model.Routes.routesCdkidCollection#istb.280752]
14:01:03.883 [main] DEBUG o.h.e.loading.CollectionLoadContext - 1 collections initialized for role: net.lojika.gtfs.model.Routes.routesCdkidCollection
14:01:03.883 [main] DEBUG org.hibernate.loader.Loader - done loading collection
14:01:03.883 [main] DEBUG org.hibernate.loader.Loader - loading collection: [net.lojika.gtfs.model.Routes.routesCdkidCollection#istb.280753]
14:01:03.883 [main] DEBUG org.hibernate.jdbc.AbstractBatcher - about to open PreparedStatement (open PreparedStatements: 0, globally: 0)
14:01:03.883 [main] DEBUG org.hibernate.SQL - select routescdki0_.route_id as route2_2_1_, routescdki0_.route_cdk_id as route1_1_, routescdki0_.route_cdk_id as route1_3_0_, routescdki0_.route_id as route2_3_0_ from public.routes_cdkid routescdki0_ where routescdki0_.route_id=?
Hibernate: select routescdki0_.route_id as route2_2_1_, routescdki0_.route_cdk_id as route1_1_, routescdki0_.route_cdk_id as route1_3_0_, routescdki0_.route_id as route2_3_0_ from public.routes_cdkid routescdki0_ where routescdki0_.route_id=?
14:01:03.883 [main] DEBUG org.hibernate.jdbc.AbstractBatcher - about to open ResultSet (open ResultSets: 0, globally: 0)
14:01:03.883 [main] DEBUG org.hibernate.loader.Loader - result set contains (possibly empty) collection: [net.lojika.gtfs.model.Routes.routesCdkidCollection#istb.280753]
14:01:03.883 [main] DEBUG org.hibernate.loader.Loader - result row: EntityKey[net.lojika.gtfs.model.RoutesCdkid#gtfs.line.1.98d-1]
14:01:03.884 [main] DEBUG org.hibernate.loader.Loader - found row of collection: [net.lojika.gtfs.model.Routes.routesCdkidCollection#istb.280753]
14:01:03.884 [main] DEBUG org.hibernate.loader.Loader - result row: EntityKey[net.lojika.gtfs.model.RoutesCdkid#gtfs.line.1.98d-0]
14:01:03.884 [main] DEBUG org.hibernate.loader.Loader - found row of collection: [net.lojika.gtfs.model.Routes.routesCdkidCollection#istb.280753]
14:01:03.884 [main] DEBUG org.hibernate.jdbc.AbstractBatcher - about to close ResultSet (open ResultSets: 1, globally: 1)
14:01:03.884 [main] DEBUG org.hibernate.jdbc.AbstractBatcher - about to close PreparedStatement (open PreparedStatements: 1, globally: 1)
14:01:03.884 [main] DEBUG o.h.e.loading.CollectionLoadContext - 1 collections were found in result set for role: net.lojika.gtfs.model.Routes.routesCdkidCollection
14:01:03.884 [main] DEBUG o.h.e.loading.CollectionLoadContext - collection fully initialized: [net.lojika.gtfs.model.Routes.routesCdkidCollection#istb.280753]
14:01:03.884 [main] DEBUG o.h.e.loading.CollectionLoadContext - 1 collections initialized for role: net.lojika.gtfs.model.Routes.routesCdkidCollection
14:01:03.884 [main] DEBUG org.hibernate.loader.Loader - done loading collection
14:01:03.884 [main] DEBUG org.hibernate.loader.Loader - loading collection: [net.lojika.gtfs.model.Routes.routesCdkidCollection#istb.280754]
14:01:03.884 [main] DEBUG org.hibernate.jdbc.AbstractBatcher - about to open PreparedStatement (open PreparedStatements: 0, globally: 0)
14:01:03.884 [main] DEBUG org.hibernate.SQL - select routescdki0_.route_id as route2_2_1_, routescdki0_.route_cdk_id as route1_1_, routescdki0_.route_cdk_id as route1_3_0_, routescdki0_.route_id as route2_3_0_ from public.routes_cdkid routescdki0_ where routescdki0_.route_id=?
Hibernate: select routescdki0_.route_id as route2_2_1_, routescdki0_.route_cdk_id as route1_1_, routescdki0_.route_cdk_id as route1_3_0_, routescdki0_.route_id as route2_3_0_ from public.routes_cdkid routescdki0_ where routescdki0_.route_id=?
14:01:03.884 [main] DEBUG org.hibernate.jdbc.AbstractBatcher - about to open ResultSet (open ResultSets: 0, globally: 0)
14:01:03.884 [main] DEBUG org.hibernate.loader.Loader - result set contains (possibly empty) collection: [net.lojika.gtfs.model.Routes.routesCdkidCollection#istb.280754]
14:01:03.884 [main] DEBUG org.hibernate.loader.Loader - result row: EntityKey[net.lojika.gtfs.model.RoutesCdkid#gtfs.line.1.98e-1]
14:01:03.884 [main] DEBUG org.hibernate.loader.Loader - found row of collection: [net.lojika.gtfs.model.Routes.routesCdkidCollection#istb.280754]
14:01:03.884 [main] DEBUG org.hibernate.loader.Loader - result row: EntityKey[net.lojika.gtfs.model.RoutesCdkid#gtfs.line.1.98e-0]
14:01:03.884 [main] DEBUG org.hibernate.loader.Loader - found row of collection: [net.lojika.gtfs.model.Routes.routesCdkidCollection#istb.280754]
14:01:03.884 [main] DEBUG org.hibernate.jdbc.AbstractBatcher - about to close ResultSet (open ResultSets: 1, globally: 1)
14:01:03.884 [main] DEBUG org.hibernate.jdbc.AbstractBatcher - about to close PreparedStatement (open PreparedStatements: 1, globally: 1)
14:01:03.884 [main] DEBUG o.h.e.loading.CollectionLoadContext - 1 collections were found in result set for role: net.lojika.gtfs.model.Routes.routesCdkidCollection
14:01:03.884 [main] DEBUG o.h.e.loading.CollectionLoadContext - collection fully initialized: [net.lojika.gtfs.model.Routes.routesCdkidCollection#istb.280754]
14:01:03.884 [main] DEBUG o.h.e.loading.CollectionLoadContext - 1 collections initialized for role: net.lojika.gtfs.model.Routes.routesCdkidCollection
14:01:03.884 [main] DEBUG org.hibernate.loader.Loader - done loading collection
14:01:03.884 [main] DEBUG org.hibernate.loader.Loader - loading collection: [net.lojika.gtfs.model.Routes.routesCdkidCollection#istb.280755]
14:01:03.884 [main] DEBUG org.hibernate.jdbc.AbstractBatcher - about to open PreparedStatement (open PreparedStatements: 0, globally: 0)
14:01:03.884 [main] DEBUG org.hibernate.SQL - select routescdki0_.route_id as route2_2_1_, routescdki0_.route_cdk_id as route1_1_, routescdki0_.route_cdk_id as route1_3_0_, routescdki0_.route_id as route2_3_0_ from public.routes_cdkid routescdki0_ where routescdki0_.route_id=?
Hibernate: select routescdki0_.route_id as route2_2_1_, routescdki0_.route_cdk_id as route1_1_, routescdki0_.route_cdk_id as route1_3_0_, routescdki0_.route_id as route2_3_0_ from public.routes_cdkid routescdki0_ where routescdki0_.route_id=?
14:01:03.885 [main] DEBUG org.hibernate.jdbc.AbstractBatcher - about to open ResultSet (open ResultSets: 0, globally: 0)
14:01:03.885 [main] DEBUG org.hibernate.loader.Loader - result set contains (possibly empty) collection: [net.lojika.gtfs.model.Routes.routesCdkidCollection#istb.280755]
14:01:03.885 [main] DEBUG org.hibernate.loader.Loader - result row: EntityKey[net.lojika.gtfs.model.RoutesCdkid#gtfs.line.1.98g-1]
14:01:03.885 [main] DEBUG org.hibernate.loader.Loader - found row of collection: [net.lojika.gtfs.model.Routes.routesCdkidCollection#istb.280755]
14:01:03.885 [main] DEBUG org.hibernate.loader.Loader - result row: EntityKey[net.lojika.gtfs.model.RoutesCdkid#gtfs.line.1.98g-0]
14:01:03.885 [main] DEBUG org.hibernate.loader.Loader - found row of collection: [net.lojika.gtfs.model.Routes.routesCdkidCollection#istb.280755]
14:01:03.885 [main] DEBUG org.hibernate.jdbc.AbstractBatcher - about to close ResultSet (open ResultSets: 1, globally: 1)
14:01:03.885 [main] DEBUG org.hibernate.jdbc.AbstractBatcher - about to close PreparedStatement (open PreparedStatements: 1, globally: 1)
14:01:03.885 [main] DEBUG o.h.e.loading.CollectionLoadContext - 1 collections were found in result set for role: net.lojika.gtfs.model.Routes.routesCdkidCollection
14:01:03.885 [main] DEBUG o.h.e.loading.CollectionLoadContext - collection fully initialized: [net.lojika.gtfs.model.Routes.routesCdkidCollection#istb.280755]
14:01:03.885 [main] DEBUG o.h.e.loading.CollectionLoadContext - 1 collections initialized for role: net.lojika.gtfs.model.Routes.routesCdkidCollection
14:01:03.885 [main] DEBUG org.hibernate.loader.Loader - done loading collection
14:01:03.885 [main] DEBUG org.hibernate.loader.Loader - loading collection: [net.lojika.gtfs.model.Routes.routesCdkidCollection#istb.280756]
14:01:03.885 [main] DEBUG org.hibernate.jdbc.AbstractBatcher - about to open PreparedStatement (open PreparedStatements: 0, globally: 0)
14:01:03.885 [main] DEBUG org.hibernate.SQL - select routescdki0_.route_id as route2_2_1_, routescdki0_.route_cdk_id as route1_1_, routescdki0_.route_cdk_id as route1_3_0_, routescdki0_.route_id as route2_3_0_ from public.routes_cdkid routescdki0_ where routescdki0_.route_id=?
Hibernate: select routescdki0_.route_id as route2_2_1_, routescdki0_.route_cdk_id as route1_1_, routescdki0_.route_cdk_id as route1_3_0_, routescdki0_.route_id as route2_3_0_ from public.routes_cdkid routescdki0_ where routescdki0_.route_id=?
14:01:03.885 [main] DEBUG org.hibernate.jdbc.AbstractBatcher - about to open ResultSet (open ResultSets: 0, globally: 0)
14:01:03.886 [main] DEBUG org.hibernate.loader.Loader - result set contains (possibly empty) collection: [net.lojika.gtfs.model.Routes.routesCdkidCollection#istb.280756]
14:01:03.886 [main] DEBUG org.hibernate.loader.Loader - result row: EntityKey[net.lojika.gtfs.model.RoutesCdkid#gtfs.line.1.98h-1]
14:01:03.886 [main] DEBUG org.hibernate.loader.Loader - found row of collection: [net.lojika.gtfs.model.Routes.routesCdkidCollection#istb.280756]
14:01:03.886 [main] DEBUG org.hibernate.loader.Loader - result row: EntityKey[net.lojika.gtfs.model.RoutesCdkid#gtfs.line.1.98h-0]
14:01:03.886 [main] DEBUG org.hibernate.loader.Loader - found row of collection: [net.lojika.gtfs.model.Routes.routesCdkidCollection#istb.280756]
14:01:03.886 [main] DEBUG org.hibernate.jdbc.AbstractBatcher - about to close ResultSet (open ResultSets: 1, globally: 1)
14:01:03.886 [main] DEBUG org.hibernate.jdbc.AbstractBatcher - about to close PreparedStatement (open PreparedStatements: 1, globally: 1)
14:01:03.886 [main] DEBUG o.h.e.loading.CollectionLoadContext - 1 collections were found in result set for role: net.lojika.gtfs.model.Routes.routesCdkidCollection
14:01:03.886 [main] DEBUG o.h.e.loading.CollectionLoadContext - collection fully initialized: [net.lojika.gtfs.model.Routes.routesCdkidCollection#istb.280756]
14:01:03.886 [main] DEBUG o.h.e.loading.CollectionLoadContext - 1 collections initialized for role: net.lojika.gtfs.model.Routes.routesCdkidCollection
14:01:03.886 [main] DEBUG org.hibernate.loader.Loader - done loading collection
14:01:03.886 [main] DEBUG org.hibernate.loader.Loader - loading collection: [net.lojika.gtfs.model.Routes.routesCdkidCollection#istb.280757]
14:01:03.886 [main] DEBUG org.hibernate.jdbc.AbstractBatcher - about to open PreparedStatement (open PreparedStatements: 0, globally: 0)
14:01:03.886 [main] DEBUG org.hibernate.SQL - select routescdki0_.route_id as route2_2_1_, routescdki0_.route_cdk_id as route1_1_, routescdki0_.route_cdk_id as route1_3_0_, routescdki0_.route_id as route2_3_0_ from public.routes_cdkid routescdki0_ where routescdki0_.route_id=?
Hibernate: select routescdki0_.route_id as route2_2_1_, routescdki0_.route_cdk_id as route1_1_, routescdki0_.route_cdk_id as route1_3_0_, routescdki0_.route_id as route2_3_0_ from public.routes_cdkid routescdki0_ where routescdki0_.route_id=?
14:01:03.886 [main] DEBUG org.hibernate.jdbc.AbstractBatcher - about to open ResultSet (open ResultSets: 0, globally: 0)
14:01:03.886 [main] DEBUG org.hibernate.loader.Loader - result set contains (possibly empty) collection: [net.lojika.gtfs.model.Routes.routesCdkidCollection#istb.280757]
14:01:03.886 [main] DEBUG org.hibernate.loader.Loader - result row: EntityKey[net.lojika.gtfs.model.RoutesCdkid#gtfs.line.1.98k-1]
14:01:03.886 [main] DEBUG org.hibernate.loader.Loader - found row of collection: [net.lojika.gtfs.model.Routes.routesCdkidCollection#istb.280757]
14:01:03.887 [main] DEBUG org.hibernate.loader.Loader - result row: EntityKey[net.lojika.gtfs.model.RoutesCdkid#gtfs.line.1.98k-0]
14:01:03.887 [main] DEBUG org.hibernate.loader.Loader - found row of collection: [net.lojika.gtfs.model.Routes.routesCdkidCollection#istb.280757]
14:01:03.887 [main] DEBUG org.hibernate.jdbc.AbstractBatcher - about to close ResultSet (open ResultSets: 1, globally: 1)
14:01:03.887 [main] DEBUG org.hibernate.jdbc.AbstractBatcher - about to close PreparedStatement (open PreparedStatements: 1, globally: 1)
14:01:03.887 [main] DEBUG o.h.e.loading.CollectionLoadContext - 1 collections were found in result set for role: net.lojika.gtfs.model.Routes.routesCdkidCollection
14:01:03.887 [main] DEBUG o.h.e.loading.CollectionLoadContext - collection fully initialized: [net.lojika.gtfs.model.Routes.routesCdkidCollection#istb.280757]
14:01:03.887 [main] DEBUG o.h.e.loading.CollectionLoadContext - 1 collections initialized for role: net.lojika.gtfs.model.Routes.routesCdkidCollection
14:01:03.887 [main] DEBUG org.hibernate.loader.Loader - done loading collection
14:01:03.887 [main] DEBUG org.hibernate.loader.Loader - loading collection: [net.lojika.gtfs.model.Routes.routesCdkidCollection#istb.280758]
14:01:03.887 [main] DEBUG org.hibernate.jdbc.AbstractBatcher - about to open PreparedStatement (open PreparedStatements: 0, globally: 0)
14:01:03.887 [main] DEBUG org.hibernate.SQL - select routescdki0_.route_id as route2_2_1_, routescdki0_.route_cdk_id as route1_1_, routescdki0_.route_cdk_id as route1_3_0_, routescdki0_.route_id as route2_3_0_ from public.routes_cdkid routescdki0_ where routescdki0_.route_id=?
Hibernate: select routescdki0_.route_id as route2_2_1_, routescdki0_.route_cdk_id as route1_1_, routescdki0_.route_cdk_id as route1_3_0_, routescdki0_.route_id as route2_3_0_ from public.routes_cdkid routescdki0_ where routescdki0_.route_id=?
14:01:03.887 [main] DEBUG org.hibernate.jdbc.AbstractBatcher - about to open ResultSet (open ResultSets: 0, globally: 0)
14:01:03.887 [main] DEBUG org.hibernate.loader.Loader - result set contains (possibly empty) collection: [net.lojika.gtfs.model.Routes.routesCdkidCollection#istb.280758]
14:01:03.887 [main] DEBUG org.hibernate.loader.Loader - result row: EntityKey[net.lojika.gtfs.model.RoutesCdkid#gtfs.line.1.98m-1]
14:01:03.887 [main] DEBUG org.hibernate.loader.Loader - found row of collection: [net.lojika.gtfs.model.Routes.routesCdkidCollection#istb.280758]
14:01:03.887 [main] DEBUG org.hibernate.loader.Loader - result row: EntityKey[net.lojika.gtfs.model.RoutesCdkid#gtfs.line.1.98m-0]
14:01:03.887 [main] DEBUG org.hibernate.loader.Loader - found row of collection: [net.lojika.gtfs.model.Routes.routesCdkidCollection#istb.280758]
14:01:03.887 [main] DEBUG org.hibernate.jdbc.AbstractBatcher - about to close ResultSet (open ResultSets: 1, globally: 1)
14:01:03.887 [main] DEBUG org.hibernate.jdbc.AbstractBatcher - about to close PreparedStatement (open PreparedStatements: 1, globally: 1)
14:01:03.888 [main] DEBUG o.h.e.loading.CollectionLoadContext - 1 collections were found in result set for role: net.lojika.gtfs.model.Routes.routesCdkidCollection
14:01:03.888 [main] DEBUG o.h.e.loading.CollectionLoadContext - collection fully initialized: [net.lojika.gtfs.model.Routes.routesCdkidCollection#istb.280758]
14:01:03.888 [main] DEBUG o.h.e.loading.CollectionLoadContext - 1 collections initialized for role: net.lojika.gtfs.model.Routes.routesCdkidCollection
14:01:03.888 [main] DEBUG org.hibernate.loader.Loader - done loading collection
14:01:03.888 [main] DEBUG org.hibernate.loader.Loader - loading collection: [net.lojika.gtfs.model.Routes.routesCdkidCollection#istb.280760]
14:01:03.888 [main] DEBUG org.hibernate.jdbc.AbstractBatcher - about to open PreparedStatement (open PreparedStatements: 0, globally: 0)
14:01:03.888 [main] DEBUG org.hibernate.SQL - select routescdki0_.route_id as route2_2_1_, routescdki0_.route_cdk_id as route1_1_, routescdki0_.route_cdk_id as route1_3_0_, routescdki0_.route_id as route2_3_0_ from public.routes_cdkid routescdki0_ where routescdki0_.route_id=?
Hibernate: select routescdki0_.route_id as route2_2_1_, routescdki0_.route_cdk_id as route1_1_, routescdki0_.route_cdk_id as route1_3_0_, routescdki0_.route_id as route2_3_0_ from public.routes_cdkid routescdki0_ where routescdki0_.route_id=?
14:01:03.888 [main] DEBUG org.hibernate.jdbc.AbstractBatcher - about to open ResultSet (open ResultSets: 0, globally: 0)
14:01:03.888 [main] DEBUG org.hibernate.loader.Loader - result set contains (possibly empty) collection: [net.lojika.gtfs.model.Routes.routesCdkidCollection#istb.280760]
14:01:03.888 [main] DEBUG org.hibernate.loader.Loader - result row: EntityKey[net.lojika.gtfs.model.RoutesCdkid#gtfs.line.1.98s-1]
14:01:03.888 [main] DEBUG org.hibernate.loader.Loader - found row of collection: [net.lojika.gtfs.model.Routes.routesCdkidCollection#istb.280760]
14:01:03.888 [main] DEBUG org.hibernate.loader.Loader - result row: EntityKey[net.lojika.gtfs.model.RoutesCdkid#gtfs.line.1.98s-0]
14:01:03.888 [main] DEBUG org.hibernate.loader.Loader - found row of collection: [net.lojika.gtfs.model.Routes.routesCdkidCollection#istb.280760]
14:01:03.888 [main] DEBUG org.hibernate.jdbc.AbstractBatcher - about to close ResultSet (open ResultSets: 1, globally: 1)
14:01:03.888 [main] DEBUG org.hibernate.jdbc.AbstractBatcher - about to close PreparedStatement (open PreparedStatements: 1, globally: 1)
14:01:03.888 [main] DEBUG o.h.e.loading.CollectionLoadContext - 1 collections were found in result set for role: net.lojika.gtfs.model.Routes.routesCdkidCollection
14:01:03.888 [main] DEBUG o.h.e.loading.CollectionLoadContext - collection fully initialized: [net.lojika.gtfs.model.Routes.routesCdkidCollection#istb.280760]
14:01:03.888 [main] DEBUG o.h.e.loading.CollectionLoadContext - 1 collections initialized for role: net.lojika.gtfs.model.Routes.routesCdkidCollection
14:01:03.888 [main] DEBUG org.hibernate.loader.Loader - done loading collection
14:01:03.888 [main] DEBUG org.hibernate.loader.Loader - loading collection: [net.lojika.gtfs.model.Routes.routesCdkidCollection#istb.280761]
14:01:03.888 [main] DEBUG org.hibernate.jdbc.AbstractBatcher - about to open PreparedStatement (open PreparedStatements: 0, globally: 0)
14:01:03.888 [main] DEBUG org.hibernate.SQL - select routescdki0_.route_id as route2_2_1_, routescdki0_.route_cdk_id as route1_1_, routescdki0_.route_cdk_id as route1_3_0_, routescdki0_.route_id as route2_3_0_ from public.routes_cdkid routescdki0_ where routescdki0_.route_id=?
Hibernate: select routescdki0_.route_id as route2_2_1_, routescdki0_.route_cdk_id as route1_1_, routescdki0_.route_cdk_id as route1_3_0_, routescdki0_.route_id as route2_3_0_ from public.routes_cdkid routescdki0_ where routescdki0_.route_id=?
14:01:03.889 [main] DEBUG org.hibernate.jdbc.AbstractBatcher - about to open ResultSet (open ResultSets: 0, globally: 0)
14:01:03.889 [main] DEBUG org.hibernate.loader.Loader - result set contains (possibly empty) collection: [net.lojika.gtfs.model.Routes.routesCdkidCollection#istb.280761]
14:01:03.889 [main] DEBUG org.hibernate.loader.Loader - result row: EntityKey[net.lojika.gtfs.model.RoutesCdkid#gtfs.line.1.98t-1]
14:01:03.889 [main] DEBUG org.hibernate.loader.Loader - found row of collection: [net.lojika.gtfs.model.Routes.routesCdkidCollection#istb.280761]
14:01:03.889 [main] DEBUG org.hibernate.loader.Loader - result row: EntityKey[net.lojika.gtfs.model.RoutesCdkid#gtfs.line.1.98t-0]
14:01:03.889 [main] DEBUG org.hibernate.loader.Loader - found row of collection: [net.lojika.gtfs.model.Routes.routesCdkidCollection#istb.280761]
14:01:03.889 [main] DEBUG org.hibernate.jdbc.AbstractBatcher - about to close ResultSet (open ResultSets: 1, globally: 1)
14:01:03.889 [main] DEBUG org.hibernate.jdbc.AbstractBatcher - about to close PreparedStatement (open PreparedStatements: 1, globally: 1)
14:01:03.889 [main] DEBUG o.h.e.loading.CollectionLoadContext - 1 collections were found in result set for role: net.lojika.gtfs.model.Routes.routesCdkidCollection
14:01:03.889 [main] DEBUG o.h.e.loading.CollectionLoadContext - collection fully initialized: [net.lojika.gtfs.model.Routes.routesCdkidCollection#istb.280761]
14:01:03.889 [main] DEBUG o.h.e.loading.CollectionLoadContext - 1 collections initialized for role: net.lojika.gtfs.model.Routes.routesCdkidCollection
14:01:03.889 [main] DEBUG org.hibernate.loader.Loader - done loading collection
14:01:03.889 [main] DEBUG org.hibernate.loader.Loader - loading collection: [net.lojika.gtfs.model.Routes.routesCdkidCollection#istb.280762]
14:01:03.889 [main] DEBUG org.hibernate.jdbc.AbstractBatcher - about to open PreparedStatement (open PreparedStatements: 0, globally: 0)
14:01:03.889 [main] DEBUG org.hibernate.SQL - select routescdki0_.route_id as route2_2_1_, routescdki0_.route_cdk_id as route1_1_, routescdki0_.route_cdk_id as route1_3_0_, routescdki0_.route_id as route2_3_0_ from public.routes_cdkid routescdki0_ where routescdki0_.route_id=?
Hibernate: select routescdki0_.route_id as route2_2_1_, routescdki0_.route_cdk_id as route1_1_, routescdki0_.route_cdk_id as route1_3_0_, routescdki0_.route_id as route2_3_0_ from public.routes_cdkid routescdki0_ where routescdki0_.route_id=?
14:01:03.889 [main] DEBUG org.hibernate.jdbc.AbstractBatcher - about to open ResultSet (open ResultSets: 0, globally: 0)
14:01:03.890 [main] DEBUG org.hibernate.loader.Loader - result set contains (possibly empty) collection: [net.lojika.gtfs.model.Routes.routesCdkidCollection#istb.280762]
14:01:03.890 [main] DEBUG org.hibernate.loader.Loader - result row: EntityKey[net.lojika.gtfs.model.RoutesCdkid#gtfs.line.1.98y-1]
14:01:03.890 [main] DEBUG org.hibernate.loader.Loader - found row of collection: [net.lojika.gtfs.model.Routes.routesCdkidCollection#istb.280762]
14:01:03.890 [main] DEBUG org.hibernate.loader.Loader - result row: EntityKey[net.lojika.gtfs.model.RoutesCdkid#gtfs.line.1.98y-0]
14:01:03.890 [main] DEBUG org.hibernate.loader.Loader - found row of collection: [net.lojika.gtfs.model.Routes.routesCdkidCollection#istb.280762]
14:01:03.890 [main] DEBUG org.hibernate.jdbc.AbstractBatcher - about to close ResultSet (open ResultSets: 1, globally: 1)
14:01:03.890 [main] DEBUG org.hibernate.jdbc.AbstractBatcher - about to close PreparedStatement (open PreparedStatements: 1, globally: 1)
14:01:03.890 [main] DEBUG o.h.e.loading.CollectionLoadContext - 1 collections were found in result set for role: net.lojika.gtfs.model.Routes.routesCdkidCollection
14:01:03.890 [main] DEBUG o.h.e.loading.CollectionLoadContext - collection fully initialized: [net.lojika.gtfs.model.Routes.routesCdkidCollection#istb.280762]
14:01:03.890 [main] DEBUG o.h.e.loading.CollectionLoadContext - 1 collections initialized for role: net.lojika.gtfs.model.Routes.routesCdkidCollection
14:01:03.890 [main] DEBUG org.hibernate.loader.Loader - done loading collection
14:01:03.890 [main] DEBUG org.hibernate.loader.Loader - loading collection: [net.lojika.gtfs.model.Routes.routesCdkidCollection#istb.280763]
14:01:03.890 [main] DEBUG org.hibernate.jdbc.AbstractBatcher - about to open PreparedStatement (open PreparedStatements: 0, globally: 0)
14:01:03.890 [main] DEBUG org.hibernate.SQL - select routescdki0_.route_id as route2_2_1_, routescdki0_.route_cdk_id as route1_1_, routescdki0_.route_cdk_id as route1_3_0_, routescdki0_.route_id as route2_3_0_ from public.routes_cdkid routescdki0_ where routescdki0_.route_id=?
Hibernate: select routescdki0_.route_id as route2_2_1_, routescdki0_.route_cdk_id as route1_1_, routescdki0_.route_cdk_id as route1_3_0_, routescdki0_.route_id as route2_3_0_ from public.routes_cdkid routescdki0_ where routescdki0_.route_id=?
14:01:03.890 [main] DEBUG org.hibernate.jdbc.AbstractBatcher - about to open ResultSet (open ResultSets: 0, globally: 0)
14:01:03.890 [main] DEBUG org.hibernate.loader.Loader - result set contains (possibly empty) collection: [net.lojika.gtfs.model.Routes.routesCdkidCollection#istb.280763]
14:01:03.890 [main] DEBUG org.hibernate.loader.Loader - result row: EntityKey[net.lojika.gtfs.model.RoutesCdkid#gtfs.line.1.98-0]
14:01:03.890 [main] DEBUG org.hibernate.loader.Loader - found row of collection: [net.lojika.gtfs.model.Routes.routesCdkidCollection#istb.280763]
14:01:03.890 [main] DEBUG org.hibernate.loader.Loader - result row: EntityKey[net.lojika.gtfs.model.RoutesCdkid#gtfs.line.1.98-1]
14:01:03.890 [main] DEBUG org.hibernate.loader.Loader - found row of collection: [net.lojika.gtfs.model.Routes.routesCdkidCollection#istb.280763]
14:01:03.890 [main] DEBUG org.hibernate.jdbc.AbstractBatcher - about to close ResultSet (open ResultSets: 1, globally: 1)
14:01:03.890 [main] DEBUG org.hibernate.jdbc.AbstractBatcher - about to close PreparedStatement (open PreparedStatements: 1, globally: 1)
14:01:03.890 [main] DEBUG o.h.e.loading.CollectionLoadContext - 1 collections were found in result set for role: net.lojika.gtfs.model.Routes.routesCdkidCollection
14:01:03.890 [main] DEBUG o.h.e.loading.CollectionLoadContext - collection fully initialized: [net.lojika.gtfs.model.Routes.routesCdkidCollection#istb.280763]
14:01:03.890 [main] DEBUG o.h.e.loading.CollectionLoadContext - 1 collections initialized for role: net.lojika.gtfs.model.Routes.routesCdkidCollection
14:01:03.890 [main] DEBUG org.hibernate.loader.Loader - done loading collection
14:01:03.890 [main] DEBUG org.hibernate.loader.Loader - loading collection: [net.lojika.gtfs.model.Routes.routesCdkidCollection#istb.280783]
14:01:03.890 [main] DEBUG org.hibernate.jdbc.AbstractBatcher - about to open PreparedStatement (open PreparedStatements: 0, globally: 0)
14:01:03.890 [main] DEBUG org.hibernate.SQL - select routescdki0_.route_id as route2_2_1_, routescdki0_.route_cdk_id as route1_1_, routescdki0_.route_cdk_id as route1_3_0_, routescdki0_.route_id as route2_3_0_ from public.routes_cdkid routescdki0_ where routescdki0_.route_id=?
Hibernate: select routescdki0_.route_id as route2_2_1_, routescdki0_.route_cdk_id as route1_1_, routescdki0_.route_cdk_id as route1_3_0_, routescdki0_.route_id as route2_3_0_ from public.routes_cdkid routescdki0_ where routescdki0_.route_id=?
14:01:03.891 [main] DEBUG org.hibernate.jdbc.AbstractBatcher - about to open ResultSet (open ResultSets: 0, globally: 0)
14:01:03.891 [main] DEBUG org.hibernate.loader.Loader - result set contains (possibly empty) collection: [net.lojika.gtfs.model.Routes.routesCdkidCollection#istb.280783]
14:01:03.891 [main] DEBUG org.hibernate.loader.Loader - result row: EntityKey[net.lojika.gtfs.model.RoutesCdkid#gtfs.line.1.e57-1]
14:01:03.891 [main] DEBUG org.hibernate.loader.Loader - found row of collection: [net.lojika.gtfs.model.Routes.routesCdkidCollection#istb.280783]
14:01:03.891 [main] DEBUG org.hibernate.loader.Loader - result row: EntityKey[net.lojika.gtfs.model.RoutesCdkid#gtfs.line.1.e57-0]
14:01:03.891 [main] DEBUG org.hibernate.loader.Loader - found row of collection: [net.lojika.gtfs.model.Routes.routesCdkidCollection#istb.280783]
14:01:03.891 [main] DEBUG org.hibernate.jdbc.AbstractBatcher - about to close ResultSet (open ResultSets: 1, globally: 1)
14:01:03.891 [main] DEBUG org.hibernate.jdbc.AbstractBatcher - about to close PreparedStatement (open PreparedStatements: 1, globally: 1)
14:01:03.891 [main] DEBUG o.h.e.loading.CollectionLoadContext - 1 collections were found in result set for role: net.lojika.gtfs.model.Routes.routesCdkidCollection
14:01:03.891 [main] DEBUG o.h.e.loading.CollectionLoadContext - collection fully initialized: [net.lojika.gtfs.model.Routes.routesCdkidCollection#istb.280783]
14:01:03.891 [main] DEBUG o.h.e.loading.CollectionLoadContext - 1 collections initialized for role: net.lojika.gtfs.model.Routes.routesCdkidCollection
14:01:03.891 [main] DEBUG org.hibernate.loader.Loader - done loading collection
14:01:03.891 [main] DEBUG org.hibernate.loader.Loader - loading collection: [net.lojika.gtfs.model.Routes.routesCdkidCollection#istb.280784]
14:01:03.891 [main] DEBUG org.hibernate.jdbc.AbstractBatcher - about to open PreparedStatement (open PreparedStatements: 0, globally: 0)
14:01:03.891 [main] DEBUG org.hibernate.SQL - select routescdki0_.route_id as route2_2_1_, routescdki0_.route_cdk_id as route1_1_, routescdki0_.route_cdk_id as route1_3_0_, routescdki0_.route_id as route2_3_0_ from public.routes_cdkid routescdki0_ where routescdki0_.route_id=?
Hibernate: select routescdki0_.route_id as route2_2_1_, routescdki0_.route_cdk_id as route1_1_, routescdki0_.route_cdk_id as route1_3_0_, routescdki0_.route_id as route2_3_0_ from public.routes_cdkid routescdki0_ where routescdki0_.route_id=?
14:01:03.891 [main] DEBUG org.hibernate.jdbc.AbstractBatcher - about to open ResultSet (open ResultSets: 0, globally: 0)
14:01:03.891 [main] DEBUG org.hibernate.loader.Loader - result set contains (possibly empty) collection: [net.lojika.gtfs.model.Routes.routesCdkidCollection#istb.280784]
14:01:03.892 [main] DEBUG org.hibernate.loader.Loader - result row: EntityKey[net.lojika.gtfs.model.RoutesCdkid#gtfs.line.1.e58-1]
14:01:03.892 [main] DEBUG org.hibernate.loader.Loader - found row of collection: [net.lojika.gtfs.model.Routes.routesCdkidCollection#istb.280784]
14:01:03.892 [main] DEBUG org.hibernate.loader.Loader - result row: EntityKey[net.lojika.gtfs.model.RoutesCdkid#gtfs.line.1.e58-0]
14:01:03.892 [main] DEBUG org.hibernate.loader.Loader - found row of collection: [net.lojika.gtfs.model.Routes.routesCdkidCollection#istb.280784]
14:01:03.892 [main] DEBUG org.hibernate.jdbc.AbstractBatcher - about to close ResultSet (open ResultSets: 1, globally: 1)
14:01:03.892 [main] DEBUG org.hibernate.jdbc.AbstractBatcher - about to close PreparedStatement (open PreparedStatements: 1, globally: 1)
14:01:03.892 [main] DEBUG o.h.e.loading.CollectionLoadContext - 1 collections were found in result set for role: net.lojika.gtfs.model.Routes.routesCdkidCollection
14:01:03.892 [main] DEBUG o.h.e.loading.CollectionLoadContext - collection fully initialized: [net.lojika.gtfs.model.Routes.routesCdkidCollection#istb.280784]
14:01:03.892 [main] DEBUG o.h.e.loading.CollectionLoadContext - 1 collections initialized for role: net.lojika.gtfs.model.Routes.routesCdkidCollection
14:01:03.892 [main] DEBUG org.hibernate.loader.Loader - done loading collection
14:01:03.892 [main] DEBUG org.hibernate.loader.Loader - loading collection: [net.lojika.gtfs.model.Routes.routesCdkidCollection#istb.280785]
14:01:03.892 [main] DEBUG org.hibernate.jdbc.AbstractBatcher - about to open PreparedStatement (open PreparedStatements: 0, globally: 0)
14:01:03.892 [main] DEBUG org.hibernate.SQL - select routescdki0_.route_id as route2_2_1_, routescdki0_.route_cdk_id as route1_1_, routescdki0_.route_cdk_id as route1_3_0_, routescdki0_.route_id as route2_3_0_ from public.routes_cdkid routescdki0_ where routescdki0_.route_id=?
Hibernate: select routescdki0_.route_id as route2_2_1_, routescdki0_.route_cdk_id as route1_1_, routescdki0_.route_cdk_id as route1_3_0_, routescdki0_.route_id as route2_3_0_ from public.routes_cdkid routescdki0_ where routescdki0_.route_id=?
14:01:03.892 [main] DEBUG org.hibernate.jdbc.AbstractBatcher - about to open ResultSet (open ResultSets: 0, globally: 0)
14:01:03.892 [main] DEBUG org.hibernate.loader.Loader - result set contains (possibly empty) collection: [net.lojika.gtfs.model.Routes.routesCdkidCollection#istb.280785]
14:01:03.892 [main] DEBUG org.hibernate.loader.Loader - result row: EntityKey[net.lojika.gtfs.model.RoutesCdkid#gtfs.line.1.e60-1]
14:01:03.892 [main] DEBUG org.hibernate.loader.Loader - found row of collection: [net.lojika.gtfs.model.Routes.routesCdkidCollection#istb.280785]
14:01:03.892 [main] DEBUG org.hibernate.loader.Loader - result row: EntityKey[net.lojika.gtfs.model.RoutesCdkid#gtfs.line.1.e60-0]
14:01:03.892 [main] DEBUG org.hibernate.loader.Loader - found row of collection: [net.lojika.gtfs.model.Routes.routesCdkidCollection#istb.280785]
14:01:03.892 [main] DEBUG org.hibernate.jdbc.AbstractBatcher - about to close ResultSet (open ResultSets: 1, globally: 1)
14:01:03.892 [main] DEBUG org.hibernate.jdbc.AbstractBatcher - about to close PreparedStatement (open PreparedStatements: 1, globally: 1)
14:01:03.892 [main] DEBUG o.h.e.loading.CollectionLoadContext - 1 collections were found in result set for role: net.lojika.gtfs.model.Routes.routesCdkidCollection
14:01:03.892 [main] DEBUG o.h.e.loading.CollectionLoadContext - collection fully initialized: [net.lojika.gtfs.model.Routes.routesCdkidCollection#istb.280785]
14:01:03.892 [main] DEBUG o.h.e.loading.CollectionLoadContext - 1 collections initialized for role: net.lojika.gtfs.model.Routes.routesCdkidCollection
14:01:03.892 [main] DEBUG org.hibernate.loader.Loader - done loading collection
14:01:03.892 [main] DEBUG org.hibernate.loader.Loader - loading collection: [net.lojika.gtfs.model.Routes.routesCdkidCollection#istb.280787]
14:01:03.892 [main] DEBUG org.hibernate.jdbc.AbstractBatcher - about to open PreparedStatement (open PreparedStatements: 0, globally: 0)
14:01:03.892 [main] DEBUG org.hibernate.SQL - select routescdki0_.route_id as route2_2_1_, routescdki0_.route_cdk_id as route1_1_, routescdki0_.route_cdk_id as route1_3_0_, routescdki0_.route_id as route2_3_0_ from public.routes_cdkid routescdki0_ where routescdki0_.route_id=?
Hibernate: select routescdki0_.route_id as route2_2_1_, routescdki0_.route_cdk_id as route1_1_, routescdki0_.route_cdk_id as route1_3_0_, routescdki0_.route_id as route2_3_0_ from public.routes_cdkid routescdki0_ where routescdki0_.route_id=?
14:01:03.893 [main] DEBUG org.hibernate.jdbc.AbstractBatcher - about to open ResultSet (open ResultSets: 0, globally: 0)
14:01:03.893 [main] DEBUG org.hibernate.loader.Loader - result set contains (possibly empty) collection: [net.lojika.gtfs.model.Routes.routesCdkidCollection#istb.280787]
14:01:03.893 [main] DEBUG org.hibernate.loader.Loader - result row: EntityKey[net.lojika.gtfs.model.RoutesCdkid#gtfs.line.1.e9-1]
14:01:03.893 [main] DEBUG org.hibernate.loader.Loader - found row of collection: [net.lojika.gtfs.model.Routes.routesCdkidCollection#istb.280787]
14:01:03.893 [main] DEBUG org.hibernate.loader.Loader - result row: EntityKey[net.lojika.gtfs.model.RoutesCdkid#gtfs.line.1.e9-0]
14:01:03.893 [main] DEBUG org.hibernate.loader.Loader - found row of collection: [net.lojika.gtfs.model.Routes.routesCdkidCollection#istb.280787]
14:01:03.893 [main] DEBUG org.hibernate.jdbc.AbstractBatcher - about to close ResultSet (open ResultSets: 1, globally: 1)
14:01:03.893 [main] DEBUG org.hibernate.jdbc.AbstractBatcher - about to close PreparedStatement (open PreparedStatements: 1, globally: 1)
14:01:03.893 [main] DEBUG o.h.e.loading.CollectionLoadContext - 1 collections were found in result set for role: net.lojika.gtfs.model.Routes.routesCdkidCollection
14:01:03.893 [main] DEBUG o.h.e.loading.CollectionLoadContext - collection fully initialized: [net.lojika.gtfs.model.Routes.routesCdkidCollection#istb.280787]
14:01:03.893 [main] DEBUG o.h.e.loading.CollectionLoadContext - 1 collections initialized for role: net.lojika.gtfs.model.Routes.routesCdkidCollection
14:01:03.893 [main] DEBUG org.hibernate.loader.Loader - done loading collection
14:01:03.893 [main] DEBUG org.hibernate.loader.Loader - loading collection: [net.lojika.gtfs.model.Routes.routesCdkidCollection#istb.280789]
14:01:03.893 [main] DEBUG org.hibernate.jdbc.AbstractBatcher - about to open PreparedStatement (open PreparedStatements: 0, globally: 0)
14:01:03.893 [main] DEBUG org.hibernate.SQL - select routescdki0_.route_id as route2_2_1_, routescdki0_.route_cdk_id as route1_1_, routescdki0_.route_cdk_id as route1_3_0_, routescdki0_.route_id as route2_3_0_ from public.routes_cdkid routescdki0_ where routescdki0_.route_id=?
Hibernate: select routescdki0_.route_id as route2_2_1_, routescdki0_.route_cdk_id as route1_1_, routescdki0_.route_cdk_id as route1_3_0_, routescdki0_.route_id as route2_3_0_ from public.routes_cdkid routescdki0_ where routescdki0_.route_id=?
14:01:03.893 [main] DEBUG org.hibernate.jdbc.AbstractBatcher - about to open ResultSet (open ResultSets: 0, globally: 0)
14:01:03.893 [main] DEBUG org.hibernate.loader.Loader - result set contains (possibly empty) collection: [net.lojika.gtfs.model.Routes.routesCdkidCollection#istb.280789]
14:01:03.894 [main] DEBUG org.hibernate.loader.Loader - result row: EntityKey[net.lojika.gtfs.model.RoutesCdkid#gtfs.line.1.em1-0]
14:01:03.894 [main] DEBUG org.hibernate.loader.Loader - found row of collection: [net.lojika.gtfs.model.Routes.routesCdkidCollection#istb.280789]
14:01:03.894 [main] DEBUG org.hibernate.jdbc.AbstractBatcher - about to close ResultSet (open ResultSets: 1, globally: 1)
14:01:03.894 [main] DEBUG org.hibernate.jdbc.AbstractBatcher - about to close PreparedStatement (open PreparedStatements: 1, globally: 1)
14:01:03.894 [main] DEBUG o.h.e.loading.CollectionLoadContext - 1 collections were found in result set for role: net.lojika.gtfs.model.Routes.routesCdkidCollection
14:01:03.894 [main] DEBUG o.h.e.loading.CollectionLoadContext - collection fully initialized: [net.lojika.gtfs.model.Routes.routesCdkidCollection#istb.280789]
14:01:03.894 [main] DEBUG o.h.e.loading.CollectionLoadContext - 1 collections initialized for role: net.lojika.gtfs.model.Routes.routesCdkidCollection
14:01:03.894 [main] DEBUG org.hibernate.loader.Loader - done loading collection
14:01:03.894 [main] DEBUG org.hibernate.loader.Loader - loading collection: [net.lojika.gtfs.model.Routes.routesCdkidCollection#istb.280790]
14:01:03.894 [main] DEBUG org.hibernate.jdbc.AbstractBatcher - about to open PreparedStatement (open PreparedStatements: 0, globally: 0)
14:01:03.894 [main] DEBUG org.hibernate.SQL - select routescdki0_.route_id as route2_2_1_, routescdki0_.route_cdk_id as route1_1_, routescdki0_.route_cdk_id as route1_3_0_, routescdki0_.route_id as route2_3_0_ from public.routes_cdkid routescdki0_ where routescdki0_.route_id=?
Hibernate: select routescdki0_.route_id as route2_2_1_, routescdki0_.route_cdk_id as route1_1_, routescdki0_.route_cdk_id as route1_3_0_, routescdki0_.route_id as route2_3_0_ from public.routes_cdkid routescdki0_ where routescdki0_.route_id=?
14:01:03.894 [main] DEBUG org.hibernate.jdbc.AbstractBatcher - about to open ResultSet (open ResultSets: 0, globally: 0)
14:01:03.894 [main] DEBUG org.hibernate.loader.Loader - result set contains (possibly empty) collection: [net.lojika.gtfs.model.Routes.routesCdkidCollection#istb.280790]
14:01:03.894 [main] DEBUG org.hibernate.loader.Loader - result row: EntityKey[net.lojika.gtfs.model.RoutesCdkid#gtfs.line.1.em2-0]
14:01:03.894 [main] DEBUG org.hibernate.loader.Loader - found row of collection: [net.lojika.gtfs.model.Routes.routesCdkidCollection#istb.280790]
14:01:03.894 [main] DEBUG org.hibernate.jdbc.AbstractBatcher - about to close ResultSet (open ResultSets: 1, globally: 1)
14:01:03.894 [main] DEBUG org.hibernate.jdbc.AbstractBatcher - about to close PreparedStatement (open PreparedStatements: 1, globally: 1)
14:01:03.894 [main] DEBUG o.h.e.loading.CollectionLoadContext - 1 collections were found in result set for role: net.lojika.gtfs.model.Routes.routesCdkidCollection
14:01:03.894 [main] DEBUG o.h.e.loading.CollectionLoadContext - collection fully initialized: [net.lojika.gtfs.model.Routes.routesCdkidCollection#istb.280790]
14:01:03.894 [main] DEBUG o.h.e.loading.CollectionLoadContext - 1 collections initialized for role: net.lojika.gtfs.model.Routes.routesCdkidCollection
14:01:03.894 [main] DEBUG org.hibernate.loader.Loader - done loading collection
14:01:03.894 [main] DEBUG org.hibernate.loader.Loader - loading collection: [net.lojika.gtfs.model.Routes.routesCdkidCollection#istb.280791]
14:01:03.894 [main] DEBUG org.hibernate.jdbc.AbstractBatcher - about to open PreparedStatement (open PreparedStatements: 0, globally: 0)
14:01:03.894 [main] DEBUG org.hibernate.SQL - select routescdki0_.route_id as route2_2_1_, routescdki0_.route_cdk_id as route1_1_, routescdki0_.route_cdk_id as route1_3_0_, routescdki0_.route_id as route2_3_0_ from public.routes_cdkid routescdki0_ where routescdki0_.route_id=?
Hibernate: select routescdki0_.route_id as route2_2_1_, routescdki0_.route_cdk_id as route1_1_, routescdki0_.route_cdk_id as route1_3_0_, routescdki0_.route_id as route2_3_0_ from public.routes_cdkid routescdki0_ where routescdki0_.route_id=?
14:01:03.895 [main] DEBUG org.hibernate.jdbc.AbstractBatcher - about to open ResultSet (open ResultSets: 0, globally: 0)
14:01:03.895 [main] DEBUG org.hibernate.loader.Loader - result set contains (possibly empty) collection: [net.lojika.gtfs.model.Routes.routesCdkidCollection#istb.280791]
14:01:03.895 [main] DEBUG org.hibernate.loader.Loader - result row: EntityKey[net.lojika.gtfs.model.RoutesCdkid#gtfs.line.1.er1-0]
14:01:03.895 [main] DEBUG org.hibernate.loader.Loader - found row of collection: [net.lojika.gtfs.model.Routes.routesCdkidCollection#istb.280791]
14:01:03.895 [main] DEBUG org.hibernate.jdbc.AbstractBatcher - about to close ResultSet (open ResultSets: 1, globally: 1)
14:01:03.895 [main] DEBUG org.hibernate.jdbc.AbstractBatcher - about to close PreparedStatement (open PreparedStatements: 1, globally: 1)
14:01:03.895 [main] DEBUG o.h.e.loading.CollectionLoadContext - 1 collections were found in result set for role: net.lojika.gtfs.model.Routes.routesCdkidCollection
14:01:03.895 [main] DEBUG o.h.e.loading.CollectionLoadContext - collection fully initialized: [net.lojika.gtfs.model.Routes.routesCdkidCollection#istb.280791]
14:01:03.895 [main] DEBUG o.h.e.loading.CollectionLoadContext - 1 collections initialized for role: net.lojika.gtfs.model.Routes.routesCdkidCollection
14:01:03.895 [main] DEBUG org.hibernate.loader.Loader - done loading collection
14:01:03.895 [main] DEBUG org.hibernate.loader.Loader - loading collection: [net.lojika.gtfs.model.Routes.routesCdkidCollection#istb.280792]
14:01:03.895 [main] DEBUG org.hibernate.jdbc.AbstractBatcher - about to open PreparedStatement (open PreparedStatements: 0, globally: 0)
14:01:03.895 [main] DEBUG org.hibernate.SQL - select routescdki0_.route_id as route2_2_1_, routescdki0_.route_cdk_id as route1_1_, routescdki0_.route_cdk_id as route1_3_0_, routescdki0_.route_id as route2_3_0_ from public.routes_cdkid routescdki0_ where routescdki0_.route_id=?
Hibernate: select routescdki0_.route_id as route2_2_1_, routescdki0_.route_cdk_id as route1_1_, routescdki0_.route_cdk_id as route1_3_0_, routescdki0_.route_id as route2_3_0_ from public.routes_cdkid routescdki0_ where routescdki0_.route_id=?
14:01:03.895 [main] DEBUG org.hibernate.jdbc.AbstractBatcher - about to open ResultSet (open ResultSets: 0, globally: 0)
14:01:03.895 [main] DEBUG org.hibernate.loader.Loader - result set contains (possibly empty) collection: [net.lojika.gtfs.model.Routes.routesCdkidCollection#istb.280792]
14:01:03.895 [main] DEBUG org.hibernate.loader.Loader - result row: EntityKey[net.lojika.gtfs.model.RoutesCdkid#gtfs.line.1.er2-0]
14:01:03.895 [main] DEBUG org.hibernate.loader.Loader - found row of collection: [net.lojika.gtfs.model.Routes.routesCdkidCollection#istb.280792]
14:01:03.895 [main] DEBUG org.hibernate.jdbc.AbstractBatcher - about to close ResultSet (open ResultSets: 1, globally: 1)
14:01:03.895 [main] DEBUG org.hibernate.jdbc.AbstractBatcher - about to close PreparedStatement (open PreparedStatements: 1, globally: 1)
14:01:03.895 [main] DEBUG o.h.e.loading.CollectionLoadContext - 1 collections were found in result set for role: net.lojika.gtfs.model.Routes.routesCdkidCollection
14:01:03.895 [main] DEBUG o.h.e.loading.CollectionLoadContext - collection fully initialized: [net.lojika.gtfs.model.Routes.routesCdkidCollection#istb.280792]
14:01:03.895 [main] DEBUG o.h.e.loading.CollectionLoadContext - 1 collections initialized for role: net.lojika.gtfs.model.Routes.routesCdkidCollection
14:01:03.895 [main] DEBUG org.hibernate.loader.Loader - done loading collection
14:01:03.895 [main] DEBUG org.hibernate.loader.Loader - loading collection: [net.lojika.gtfs.model.Routes.routesCdkidCollection#istb.280793]
14:01:03.895 [main] DEBUG org.hibernate.jdbc.AbstractBatcher - about to open PreparedStatement (open PreparedStatements: 0, globally: 0)
14:01:03.895 [main] DEBUG org.hibernate.SQL - select routescdki0_.route_id as route2_2_1_, routescdki0_.route_cdk_id as route1_1_, routescdki0_.route_cdk_id as route1_3_0_, routescdki0_.route_id as route2_3_0_ from public.routes_cdkid routescdki0_ where routescdki0_.route_id=?
Hibernate: select routescdki0_.route_id as route2_2_1_, routescdki0_.route_cdk_id as route1_1_, routescdki0_.route_cdk_id as route1_3_0_, routescdki0_.route_id as route2_3_0_ from public.routes_cdkid routescdki0_ where routescdki0_.route_id=?
14:01:03.896 [main] DEBUG org.hibernate.jdbc.AbstractBatcher - about to open ResultSet (open ResultSets: 0, globally: 0)
14:01:03.896 [main] DEBUG org.hibernate.loader.Loader - result set contains (possibly empty) collection: [net.lojika.gtfs.model.Routes.routesCdkidCollection#istb.280793]
14:01:03.896 [main] DEBUG org.hibernate.loader.Loader - result row: EntityKey[net.lojika.gtfs.model.RoutesCdkid#gtfs.line.1.fb1-0]
14:01:03.896 [main] DEBUG org.hibernate.loader.Loader - found row of collection: [net.lojika.gtfs.model.Routes.routesCdkidCollection#istb.280793]
14:01:03.896 [main] DEBUG org.hibernate.jdbc.AbstractBatcher - about to close ResultSet (open ResultSets: 1, globally: 1)
14:01:03.896 [main] DEBUG org.hibernate.jdbc.AbstractBatcher - about to close PreparedStatement (open PreparedStatements: 1, globally: 1)
14:01:03.896 [main] DEBUG o.h.e.loading.CollectionLoadContext - 1 collections were found in result set for role: net.lojika.gtfs.model.Routes.routesCdkidCollection
14:01:03.896 [main] DEBUG o.h.e.loading.CollectionLoadContext - collection fully initialized: [net.lojika.gtfs.model.Routes.routesCdkidCollection#istb.280793]
14:01:03.896 [main] DEBUG o.h.e.loading.CollectionLoadContext - 1 collections initialized for role: net.lojika.gtfs.model.Routes.routesCdkidCollection
14:01:03.896 [main] DEBUG org.hibernate.loader.Loader - done loading collection
14:01:03.896 [main] DEBUG org.hibernate.loader.Loader - loading collection: [net.lojika.gtfs.model.Routes.routesCdkidCollection#istb.280794]
14:01:03.896 [main] DEBUG org.hibernate.jdbc.AbstractBatcher - about to open PreparedStatement (open PreparedStatements: 0, globally: 0)
14:01:03.896 [main] DEBUG org.hibernate.SQL - select routescdki0_.route_id as route2_2_1_, routescdki0_.route_cdk_id as route1_1_, routescdki0_.route_cdk_id as route1_3_0_, routescdki0_.route_id as route2_3_0_ from public.routes_cdkid routescdki0_ where routescdki0_.route_id=?
Hibernate: select routescdki0_.route_id as route2_2_1_, routescdki0_.route_cdk_id as route1_1_, routescdki0_.route_cdk_id as route1_3_0_, routescdki0_.route_id as route2_3_0_ from public.routes_cdkid routescdki0_ where routescdki0_.route_id=?
14:01:03.896 [main] DEBUG org.hibernate.jdbc.AbstractBatcher - about to open ResultSet (open ResultSets: 0, globally: 0)
14:01:03.896 [main] DEBUG org.hibernate.loader.Loader - result set contains (possibly empty) collection: [net.lojika.gtfs.model.Routes.routesCdkidCollection#istb.280794]
14:01:03.896 [main] DEBUG org.hibernate.loader.Loader - result row: EntityKey[net.lojika.gtfs.model.RoutesCdkid#gtfs.line.1.fb2-0]
14:01:03.896 [main] DEBUG org.hibernate.loader.Loader - found row of collection: [net.lojika.gtfs.model.Routes.routesCdkidCollection#istb.280794]
14:01:03.897 [main] DEBUG org.hibernate.jdbc.AbstractBatcher - about to close ResultSet (open ResultSets: 1, globally: 1)
14:01:03.897 [main] DEBUG org.hibernate.jdbc.AbstractBatcher - about to close PreparedStatement (open PreparedStatements: 1, globally: 1)
14:01:03.897 [main] DEBUG o.h.e.loading.CollectionLoadContext - 1 collections were found in result set for role: net.lojika.gtfs.model.Routes.routesCdkidCollection
14:01:03.897 [main] DEBUG o.h.e.loading.CollectionLoadContext - collection fully initialized: [net.lojika.gtfs.model.Routes.routesCdkidCollection#istb.280794]
14:01:03.897 [main] DEBUG o.h.e.loading.CollectionLoadContext - 1 collections initialized for role: net.lojika.gtfs.model.Routes.routesCdkidCollection
14:01:03.897 [main] DEBUG org.hibernate.loader.Loader - done loading collection
14:01:03.897 [main] DEBUG org.hibernate.loader.Loader - loading collection: [net.lojika.gtfs.model.Routes.routesCdkidCollection#istb.280795]
14:01:03.897 [main] DEBUG org.hibernate.jdbc.AbstractBatcher - about to open PreparedStatement (open PreparedStatements: 0, globally: 0)
14:01:03.897 [main] DEBUG org.hibernate.SQL - select routescdki0_.route_id as route2_2_1_, routescdki0_.route_cdk_id as route1_1_, routescdki0_.route_cdk_id as route1_3_0_, routescdki0_.route_id as route2_3_0_ from public.routes_cdkid routescdki0_ where routescdki0_.route_id=?
Hibernate: select routescdki0_.route_id as route2_2_1_, routescdki0_.route_cdk_id as route1_1_, routescdki0_.route_cdk_id as route1_3_0_, routescdki0_.route_id as route2_3_0_ from public.routes_cdkid routescdki0_ where routescdki0_.route_id=?
14:01:03.897 [main] DEBUG org.hibernate.jdbc.AbstractBatcher - about to open ResultSet (open ResultSets: 0, globally: 0)
14:01:03.897 [main] DEBUG org.hibernate.loader.Loader - result set contains (possibly empty) collection: [net.lojika.gtfs.model.Routes.routesCdkidCollection#istb.280795]
14:01:03.897 [main] DEBUG org.hibernate.loader.Loader - result row: EntityKey[net.lojika.gtfs.model.RoutesCdkid#gtfs.line.1.gz1-0]
14:01:03.897 [main] DEBUG org.hibernate.loader.Loader - found row of collection: [net.lojika.gtfs.model.Routes.routesCdkidCollection#istb.280795]
14:01:03.897 [main] DEBUG org.hibernate.jdbc.AbstractBatcher - about to close ResultSet (open ResultSets: 1, globally: 1)
14:01:03.897 [main] DEBUG org.hibernate.jdbc.AbstractBatcher - about to close PreparedStatement (open PreparedStatements: 1, globally: 1)
14:01:03.897 [main] DEBUG o.h.e.loading.CollectionLoadContext - 1 collections were found in result set for role: net.lojika.gtfs.model.Routes.routesCdkidCollection
14:01:03.897 [main] DEBUG o.h.e.loading.CollectionLoadContext - collection fully initialized: [net.lojika.gtfs.model.Routes.routesCdkidCollection#istb.280795]
14:01:03.897 [main] DEBUG o.h.e.loading.CollectionLoadContext - 1 collections initialized for role: net.lojika.gtfs.model.Routes.routesCdkidCollection
14:01:03.897 [main] DEBUG org.hibernate.loader.Loader - done loading collection
14:01:03.897 [main] DEBUG org.hibernate.loader.Loader - loading collection: [net.lojika.gtfs.model.Routes.routesCdkidCollection#istb.280796]
14:01:03.897 [main] DEBUG org.hibernate.jdbc.AbstractBatcher - about to open PreparedStatement (open PreparedStatements: 0, globally: 0)
14:01:03.897 [main] DEBUG org.hibernate.SQL - select routescdki0_.route_id as route2_2_1_, routescdki0_.route_cdk_id as route1_1_, routescdki0_.route_cdk_id as route1_3_0_, routescdki0_.route_id as route2_3_0_ from public.routes_cdkid routescdki0_ where routescdki0_.route_id=?
Hibernate: select routescdki0_.route_id as route2_2_1_, routescdki0_.route_cdk_id as route1_1_, routescdki0_.route_cdk_id as route1_3_0_, routescdki0_.route_id as route2_3_0_ from public.routes_cdkid routescdki0_ where routescdki0_.route_id=?
14:01:03.898 [main] DEBUG org.hibernate.jdbc.AbstractBatcher - about to open ResultSet (open ResultSets: 0, globally: 0)
14:01:03.898 [main] DEBUG org.hibernate.loader.Loader - result set contains (possibly empty) collection: [net.lojika.gtfs.model.Routes.routesCdkidCollection#istb.280796]
14:01:03.898 [main] DEBUG org.hibernate.loader.Loader - result row: EntityKey[net.lojika.gtfs.model.RoutesCdkid#gtfs.line.1.gz2-0]
14:01:03.898 [main] DEBUG org.hibernate.loader.Loader - found row of collection: [net.lojika.gtfs.model.Routes.routesCdkidCollection#istb.280796]
14:01:03.898 [main] DEBUG org.hibernate.jdbc.AbstractBatcher - about to close ResultSet (open ResultSets: 1, globally: 1)
14:01:03.898 [main] DEBUG org.hibernate.jdbc.AbstractBatcher - about to close PreparedStatement (open PreparedStatements: 1, globally: 1)
14:01:03.898 [main] DEBUG o.h.e.loading.CollectionLoadContext - 1 collections were found in result set for role: net.lojika.gtfs.model.Routes.routesCdkidCollection
14:01:03.898 [main] DEBUG o.h.e.loading.CollectionLoadContext - collection fully initialized: [net.lojika.gtfs.model.Routes.routesCdkidCollection#istb.280796]
14:01:03.898 [main] DEBUG o.h.e.loading.CollectionLoadContext - 1 collections initialized for role: net.lojika.gtfs.model.Routes.routesCdkidCollection
14:01:03.898 [main] DEBUG org.hibernate.loader.Loader - done loading collection
14:01:03.898 [main] DEBUG org.hibernate.loader.Loader - loading collection: [net.lojika.gtfs.model.Routes.routesCdkidCollection#istb.280798]
14:01:03.898 [main] DEBUG org.hibernate.jdbc.AbstractBatcher - about to open PreparedStatement (open PreparedStatements: 0, globally: 0)
14:01:03.898 [main] DEBUG org.hibernate.SQL - select routescdki0_.route_id as route2_2_1_, routescdki0_.route_cdk_id as route1_1_, routescdki0_.route_cdk_id as route1_3_0_, routescdki0_.route_id as route2_3_0_ from public.routes_cdkid routescdki0_ where routescdki0_.route_id=?
Hibernate: select routescdki0_.route_id as route2_2_1_, routescdki0_.route_cdk_id as route1_1_, routescdki0_.route_cdk_id as route1_3_0_, routescdki0_.route_id as route2_3_0_ from public.routes_cdkid routescdki0_ where routescdki0_.route_id=?
14:01:03.898 [main] DEBUG org.hibernate.jdbc.AbstractBatcher - about to open ResultSet (open ResultSets: 0, globally: 0)
14:01:03.898 [main] DEBUG org.hibernate.loader.Loader - result set contains (possibly empty) collection: [net.lojika.gtfs.model.Routes.routesCdkidCollection#istb.280798]
14:01:03.898 [main] DEBUG org.hibernate.loader.Loader - result row: EntityKey[net.lojika.gtfs.model.RoutesCdkid#gtfs.line.1.ht11-1]
14:01:03.898 [main] DEBUG org.hibernate.loader.Loader - found row of collection: [net.lojika.gtfs.model.Routes.routesCdkidCollection#istb.280798]
14:01:03.898 [main] DEBUG org.hibernate.loader.Loader - result row: EntityKey[net.lojika.gtfs.model.RoutesCdkid#gtfs.line.1.ht11-0]
14:01:03.898 [main] DEBUG org.hibernate.loader.Loader - found row of collection: [net.lojika.gtfs.model.Routes.routesCdkidCollection#istb.280798]
14:01:03.898 [main] DEBUG org.hibernate.jdbc.AbstractBatcher - about to close ResultSet (open ResultSets: 1, globally: 1)
14:01:03.898 [main] DEBUG org.hibernate.jdbc.AbstractBatcher - about to close PreparedStatement (open PreparedStatements: 1, globally: 1)
14:01:03.898 [main] DEBUG o.h.e.loading.CollectionLoadContext - 1 collections were found in result set for role: net.lojika.gtfs.model.Routes.routesCdkidCollection
14:01:03.898 [main] DEBUG o.h.e.loading.CollectionLoadContext - collection fully initialized: [net.lojika.gtfs.model.Routes.routesCdkidCollection#istb.280798]
14:01:03.899 [main] DEBUG o.h.e.loading.CollectionLoadContext - 1 collections initialized for role: net.lojika.gtfs.model.Routes.routesCdkidCollection
14:01:03.899 [main] DEBUG org.hibernate.loader.Loader - done loading collection
14:01:03.899 [main] DEBUG org.hibernate.loader.Loader - loading collection: [net.lojika.gtfs.model.Routes.routesCdkidCollection#istb.280799]
14:01:03.899 [main] DEBUG org.hibernate.jdbc.AbstractBatcher - about to open PreparedStatement (open PreparedStatements: 0, globally: 0)
14:01:03.899 [main] DEBUG org.hibernate.SQL - select routescdki0_.route_id as route2_2_1_, routescdki0_.route_cdk_id as route1_1_, routescdki0_.route_cdk_id as route1_3_0_, routescdki0_.route_id as route2_3_0_ from public.routes_cdkid routescdki0_ where routescdki0_.route_id=?
Hibernate: select routescdki0_.route_id as route2_2_1_, routescdki0_.route_cdk_id as route1_1_, routescdki0_.route_cdk_id as route1_3_0_, routescdki0_.route_id as route2_3_0_ from public.routes_cdkid routescdki0_ where routescdki0_.route_id=?
14:01:03.899 [main] DEBUG org.hibernate.jdbc.AbstractBatcher - about to open ResultSet (open ResultSets: 0, globally: 0)
14:01:03.899 [main] DEBUG org.hibernate.loader.Loader - result set contains (possibly empty) collection: [net.lojika.gtfs.model.Routes.routesCdkidCollection#istb.280799]
14:01:03.899 [main] DEBUG org.hibernate.loader.Loader - result row: EntityKey[net.lojika.gtfs.model.RoutesCdkid#gtfs.line.1.ht12-1]
14:01:03.899 [main] DEBUG org.hibernate.loader.Loader - found row of collection: [net.lojika.gtfs.model.Routes.routesCdkidCollection#istb.280799]
14:01:03.899 [main] DEBUG org.hibernate.loader.Loader - result row: EntityKey[net.lojika.gtfs.model.RoutesCdkid#gtfs.line.1.ht12-0]
14:01:03.899 [main] DEBUG org.hibernate.loader.Loader - found row of collection: [net.lojika.gtfs.model.Routes.routesCdkidCollection#istb.280799]
14:01:03.899 [main] DEBUG org.hibernate.jdbc.AbstractBatcher - about to close ResultSet (open ResultSets: 1, globally: 1)
14:01:03.899 [main] DEBUG org.hibernate.jdbc.AbstractBatcher - about to close PreparedStatement (open PreparedStatements: 1, globally: 1)
14:01:03.899 [main] DEBUG o.h.e.loading.CollectionLoadContext - 1 collections were found in result set for role: net.lojika.gtfs.model.Routes.routesCdkidCollection
14:01:03.899 [main] DEBUG o.h.e.loading.CollectionLoadContext - collection fully initialized: [net.lojika.gtfs.model.Routes.routesCdkidCollection#istb.280799]
14:01:03.899 [main] DEBUG o.h.e.loading.CollectionLoadContext - 1 collections initialized for role: net.lojika.gtfs.model.Routes.routesCdkidCollection
14:01:03.899 [main] DEBUG org.hibernate.loader.Loader - done loading collection
14:01:03.899 [main] DEBUG org.hibernate.loader.Loader - loading collection: [net.lojika.gtfs.model.Routes.routesCdkidCollection#istb.280800]
14:01:03.899 [main] DEBUG org.hibernate.jdbc.AbstractBatcher - about to open PreparedStatement (open PreparedStatements: 0, globally: 0)
14:01:03.899 [main] DEBUG org.hibernate.SQL - select routescdki0_.route_id as route2_2_1_, routescdki0_.route_cdk_id as route1_1_, routescdki0_.route_cdk_id as route1_3_0_, routescdki0_.route_id as route2_3_0_ from public.routes_cdkid routescdki0_ where routescdki0_.route_id=?
Hibernate: select routescdki0_.route_id as route2_2_1_, routescdki0_.route_cdk_id as route1_1_, routescdki0_.route_cdk_id as route1_3_0_, routescdki0_.route_id as route2_3_0_ from public.routes_cdkid routescdki0_ where routescdki0_.route_id=?
14:01:03.900 [main] DEBUG org.hibernate.jdbc.AbstractBatcher - about to open ResultSet (open ResultSets: 0, globally: 0)
14:01:03.900 [main] DEBUG org.hibernate.loader.Loader - result set contains (possibly empty) collection: [net.lojika.gtfs.model.Routes.routesCdkidCollection#istb.280800]
14:01:03.900 [main] DEBUG org.hibernate.loader.Loader - result row: EntityKey[net.lojika.gtfs.model.RoutesCdkid#gtfs.line.1.ht18-1]
14:01:03.900 [main] DEBUG org.hibernate.loader.Loader - found row of collection: [net.lojika.gtfs.model.Routes.routesCdkidCollection#istb.280800]
14:01:03.900 [main] DEBUG org.hibernate.loader.Loader - result row: EntityKey[net.lojika.gtfs.model.RoutesCdkid#gtfs.line.1.ht18-0]
14:01:03.900 [main] DEBUG org.hibernate.loader.Loader - found row of collection: [net.lojika.gtfs.model.Routes.routesCdkidCollection#istb.280800]
14:01:03.900 [main] DEBUG org.hibernate.jdbc.AbstractBatcher - about to close ResultSet (open ResultSets: 1, globally: 1)
14:01:03.900 [main] DEBUG org.hibernate.jdbc.AbstractBatcher - about to close PreparedStatement (open PreparedStatements: 1, globally: 1)
14:01:03.900 [main] DEBUG o.h.e.loading.CollectionLoadContext - 1 collections were found in result set for role: net.lojika.gtfs.model.Routes.routesCdkidCollection
14:01:03.900 [main] DEBUG o.h.e.loading.CollectionLoadContext - collection fully initialized: [net.lojika.gtfs.model.Routes.routesCdkidCollection#istb.280800]
14:01:03.900 [main] DEBUG o.h.e.loading.CollectionLoadContext - 1 collections initialized for role: net.lojika.gtfs.model.Routes.routesCdkidCollection
14:01:03.900 [main] DEBUG org.hibernate.loader.Loader - done loading collection
14:01:03.900 [main] DEBUG org.hibernate.loader.Loader - loading collection: [net.lojika.gtfs.model.Routes.routesCdkidCollection#istb.280801]
14:01:03.900 [main] DEBUG org.hibernate.jdbc.AbstractBatcher - about to open PreparedStatement (open PreparedStatements: 0, globally: 0)
14:01:03.900 [main] DEBUG org.hibernate.SQL - select routescdki0_.route_id as route2_2_1_, routescdki0_.route_cdk_id as route1_1_, routescdki0_.route_cdk_id as route1_3_0_, routescdki0_.route_id as route2_3_0_ from public.routes_cdkid routescdki0_ where routescdki0_.route_id=?
Hibernate: select routescdki0_.route_id as route2_2_1_, routescdki0_.route_cdk_id as route1_1_, routescdki0_.route_cdk_id as route1_3_0_, routescdki0_.route_id as route2_3_0_ from public.routes_cdkid routescdki0_ where routescdki0_.route_id=?
14:01:03.900 [main] DEBUG org.hibernate.jdbc.AbstractBatcher - about to open ResultSet (open ResultSets: 0, globally: 0)
14:01:03.900 [main] DEBUG org.hibernate.loader.Loader - result set contains (possibly empty) collection: [net.lojika.gtfs.model.Routes.routesCdkidCollection#istb.280801]
14:01:03.900 [main] DEBUG org.hibernate.loader.Loader - result row: EntityKey[net.lojika.gtfs.model.RoutesCdkid#gtfs.line.1.ht2-1]
14:01:03.900 [main] DEBUG org.hibernate.loader.Loader - found row of collection: [net.lojika.gtfs.model.Routes.routesCdkidCollection#istb.280801]
14:01:03.900 [main] DEBUG org.hibernate.loader.Loader - result row: EntityKey[net.lojika.gtfs.model.RoutesCdkid#gtfs.line.1.ht2-0]
14:01:03.900 [main] DEBUG org.hibernate.loader.Loader - found row of collection: [net.lojika.gtfs.model.Routes.routesCdkidCollection#istb.280801]
14:01:03.900 [main] DEBUG org.hibernate.jdbc.AbstractBatcher - about to close ResultSet (open ResultSets: 1, globally: 1)
14:01:03.900 [main] DEBUG org.hibernate.jdbc.AbstractBatcher - about to close PreparedStatement (open PreparedStatements: 1, globally: 1)
14:01:03.900 [main] DEBUG o.h.e.loading.CollectionLoadContext - 1 collections were found in result set for role: net.lojika.gtfs.model.Routes.routesCdkidCollection
14:01:03.900 [main] DEBUG o.h.e.loading.CollectionLoadContext - collection fully initialized: [net.lojika.gtfs.model.Routes.routesCdkidCollection#istb.280801]
14:01:03.900 [main] DEBUG o.h.e.loading.CollectionLoadContext - 1 collections initialized for role: net.lojika.gtfs.model.Routes.routesCdkidCollection
14:01:03.901 [main] DEBUG org.hibernate.loader.Loader - done loading collection
14:01:03.901 [main] DEBUG org.hibernate.loader.Loader - loading collection: [net.lojika.gtfs.model.Routes.routesCdkidCollection#istb.280802]
14:01:03.901 [main] DEBUG org.hibernate.jdbc.AbstractBatcher - about to open PreparedStatement (open PreparedStatements: 0, globally: 0)
14:01:03.901 [main] DEBUG org.hibernate.SQL - select routescdki0_.route_id as route2_2_1_, routescdki0_.route_cdk_id as route1_1_, routescdki0_.route_cdk_id as route1_3_0_, routescdki0_.route_id as route2_3_0_ from public.routes_cdkid routescdki0_ where routescdki0_.route_id=?
Hibernate: select routescdki0_.route_id as route2_2_1_, routescdki0_.route_cdk_id as route1_1_, routescdki0_.route_cdk_id as route1_3_0_, routescdki0_.route_id as route2_3_0_ from public.routes_cdkid routescdki0_ where routescdki0_.route_id=?
14:01:03.901 [main] DEBUG org.hibernate.jdbc.AbstractBatcher - about to open ResultSet (open ResultSets: 0, globally: 0)
14:01:03.901 [main] DEBUG org.hibernate.loader.Loader - result set contains (possibly empty) collection: [net.lojika.gtfs.model.Routes.routesCdkidCollection#istb.280802]
14:01:03.901 [main] DEBUG org.hibernate.loader.Loader - result row: EntityKey[net.lojika.gtfs.model.RoutesCdkid#gtfs.line.1.ht20-1]
14:01:03.901 [main] DEBUG org.hibernate.loader.Loader - found row of collection: [net.lojika.gtfs.model.Routes.routesCdkidCollection#istb.280802]
14:01:03.901 [main] DEBUG org.hibernate.loader.Loader - result row: EntityKey[net.lojika.gtfs.model.RoutesCdkid#gtfs.line.1.ht20-0]
14:01:03.901 [main] DEBUG org.hibernate.loader.Loader - found row of collection: [net.lojika.gtfs.model.Routes.routesCdkidCollection#istb.280802]
14:01:03.901 [main] DEBUG org.hibernate.jdbc.AbstractBatcher - about to close ResultSet (open ResultSets: 1, globally: 1)
14:01:03.901 [main] DEBUG org.hibernate.jdbc.AbstractBatcher - about to close PreparedStatement (open PreparedStatements: 1, globally: 1)
14:01:03.901 [main] DEBUG o.h.e.loading.CollectionLoadContext - 1 collections were found in result set for role: net.lojika.gtfs.model.Routes.routesCdkidCollection
14:01:03.901 [main] DEBUG o.h.e.loading.CollectionLoadContext - collection fully initialized: [net.lojika.gtfs.model.Routes.routesCdkidCollection#istb.280802]
14:01:03.901 [main] DEBUG o.h.e.loading.CollectionLoadContext - 1 collections initialized for role: net.lojika.gtfs.model.Routes.routesCdkidCollection
14:01:03.901 [main] DEBUG org.hibernate.loader.Loader - done loading collection
14:01:03.901 [main] DEBUG org.hibernate.loader.Loader - loading collection: [net.lojika.gtfs.model.Routes.routesCdkidCollection#istb.280803]
14:01:03.901 [main] DEBUG org.hibernate.jdbc.AbstractBatcher - about to open PreparedStatement (open PreparedStatements: 0, globally: 0)
14:01:03.901 [main] DEBUG org.hibernate.SQL - select routescdki0_.route_id as route2_2_1_, routescdki0_.route_cdk_id as route1_1_, routescdki0_.route_cdk_id as route1_3_0_, routescdki0_.route_id as route2_3_0_ from public.routes_cdkid routescdki0_ where routescdki0_.route_id=?
Hibernate: select routescdki0_.route_id as route2_2_1_, routescdki0_.route_cdk_id as route1_1_, routescdki0_.route_cdk_id as route1_3_0_, routescdki0_.route_id as route2_3_0_ from public.routes_cdkid routescdki0_ where routescdki0_.route_id=?
14:01:03.902 [main] DEBUG org.hibernate.jdbc.AbstractBatcher - about to open ResultSet (open ResultSets: 0, globally: 0)
14:01:03.902 [main] DEBUG org.hibernate.loader.Loader - result set contains (possibly empty) collection: [net.lojika.gtfs.model.Routes.routesCdkidCollection#istb.280803]
14:01:03.902 [main] DEBUG org.hibernate.loader.Loader - result row: EntityKey[net.lojika.gtfs.model.RoutesCdkid#gtfs.line.1.ht29-1]
14:01:03.902 [main] DEBUG org.hibernate.loader.Loader - found row of collection: [net.lojika.gtfs.model.Routes.routesCdkidCollection#istb.280803]
14:01:03.902 [main] DEBUG org.hibernate.loader.Loader - result row: EntityKey[net.lojika.gtfs.model.RoutesCdkid#gtfs.line.1.ht29-0]
14:01:03.902 [main] DEBUG org.hibernate.loader.Loader - found row of collection: [net.lojika.gtfs.model.Routes.routesCdkidCollection#istb.280803]
14:01:03.902 [main] DEBUG org.hibernate.jdbc.AbstractBatcher - about to close ResultSet (open ResultSets: 1, globally: 1)
14:01:03.902 [main] DEBUG org.hibernate.jdbc.AbstractBatcher - about to close PreparedStatement (open PreparedStatements: 1, globally: 1)
14:01:03.902 [main] DEBUG o.h.e.loading.CollectionLoadContext - 1 collections were found in result set for role: net.lojika.gtfs.model.Routes.routesCdkidCollection
14:01:03.902 [main] DEBUG o.h.e.loading.CollectionLoadContext - collection fully initialized: [net.lojika.gtfs.model.Routes.routesCdkidCollection#istb.280803]
14:01:03.902 [main] DEBUG o.h.e.loading.CollectionLoadContext - 1 collections initialized for role: net.lojika.gtfs.model.Routes.routesCdkidCollection
14:01:03.902 [main] DEBUG org.hibernate.loader.Loader - done loading collection
14:01:03.902 [main] DEBUG org.hibernate.loader.Loader - loading collection: [net.lojika.gtfs.model.Routes.routesCdkidCollection#istb.280804]
14:01:03.902 [main] DEBUG org.hibernate.jdbc.AbstractBatcher - about to open PreparedStatement (open PreparedStatements: 0, globally: 0)
14:01:03.902 [main] DEBUG org.hibernate.SQL - select routescdki0_.route_id as route2_2_1_, routescdki0_.route_cdk_id as route1_1_, routescdki0_.route_cdk_id as route1_3_0_, routescdki0_.route_id as route2_3_0_ from public.routes_cdkid routescdki0_ where routescdki0_.route_id=?
Hibernate: select routescdki0_.route_id as route2_2_1_, routescdki0_.route_cdk_id as route1_1_, routescdki0_.route_cdk_id as route1_3_0_, routescdki0_.route_id as route2_3_0_ from public.routes_cdkid routescdki0_ where routescdki0_.route_id=?
14:01:03.902 [main] DEBUG org.hibernate.jdbc.AbstractBatcher - about to open ResultSet (open ResultSets: 0, globally: 0)
14:01:03.902 [main] DEBUG org.hibernate.loader.Loader - result set contains (possibly empty) collection: [net.lojika.gtfs.model.Routes.routesCdkidCollection#istb.280804]
14:01:03.902 [main] DEBUG org.hibernate.loader.Loader - result row: EntityKey[net.lojika.gtfs.model.RoutesCdkid#gtfs.line.1.ht48-1]
14:01:03.903 [main] DEBUG org.hibernate.loader.Loader - found row of collection: [net.lojika.gtfs.model.Routes.routesCdkidCollection#istb.280804]
14:01:03.903 [main] DEBUG org.hibernate.loader.Loader - result row: EntityKey[net.lojika.gtfs.model.RoutesCdkid#gtfs.line.1.ht48-0]
14:01:03.903 [main] DEBUG org.hibernate.loader.Loader - found row of collection: [net.lojika.gtfs.model.Routes.routesCdkidCollection#istb.280804]
14:01:03.903 [main] DEBUG org.hibernate.jdbc.AbstractBatcher - about to close ResultSet (open ResultSets: 1, globally: 1)
14:01:03.903 [main] DEBUG org.hibernate.jdbc.AbstractBatcher - about to close PreparedStatement (open PreparedStatements: 1, globally: 1)
14:01:03.903 [main] DEBUG o.h.e.loading.CollectionLoadContext - 1 collections were found in result set for role: net.lojika.gtfs.model.Routes.routesCdkidCollection
14:01:03.903 [main] DEBUG o.h.e.loading.CollectionLoadContext - collection fully initialized: [net.lojika.gtfs.model.Routes.routesCdkidCollection#istb.280804]
14:01:03.903 [main] DEBUG o.h.e.loading.CollectionLoadContext - 1 collections initialized for role: net.lojika.gtfs.model.Routes.routesCdkidCollection
14:01:03.903 [main] DEBUG org.hibernate.loader.Loader - done loading collection
14:01:03.903 [main] DEBUG org.hibernate.loader.Loader - loading collection: [net.lojika.gtfs.model.Routes.routesCdkidCollection#istb.280805]
14:01:03.903 [main] DEBUG org.hibernate.jdbc.AbstractBatcher - about to open PreparedStatement (open PreparedStatements: 0, globally: 0)
14:01:03.903 [main] DEBUG org.hibernate.SQL - select routescdki0_.route_id as route2_2_1_, routescdki0_.route_cdk_id as route1_1_, routescdki0_.route_cdk_id as route1_3_0_, routescdki0_.route_id as route2_3_0_ from public.routes_cdkid routescdki0_ where routescdki0_.route_id=?
Hibernate: select routescdki0_.route_id as route2_2_1_, routescdki0_.route_cdk_id as route1_1_, routescdki0_.route_cdk_id as route1_3_0_, routescdki0_.route_id as route2_3_0_ from public.routes_cdkid routescdki0_ where routescdki0_.route_id=?
14:01:03.903 [main] DEBUG org.hibernate.jdbc.AbstractBatcher - about to open ResultSet (open ResultSets: 0, globally: 0)
14:01:03.903 [main] DEBUG org.hibernate.loader.Loader - result set contains (possibly empty) collection: [net.lojika.gtfs.model.Routes.routesCdkidCollection#istb.280805]
14:01:03.904 [main] DEBUG org.hibernate.loader.Loader - result row: EntityKey[net.lojika.gtfs.model.RoutesCdkid#gtfs.line.1.ht5-0]
14:01:03.904 [main] DEBUG org.hibernate.loader.Loader - found row of collection: [net.lojika.gtfs.model.Routes.routesCdkidCollection#istb.280805]
14:01:03.904 [main] DEBUG org.hibernate.loader.Loader - result row: EntityKey[net.lojika.gtfs.model.RoutesCdkid#gtfs.line.1.ht5-1]
14:01:03.904 [main] DEBUG org.hibernate.loader.Loader - found row of collection: [net.lojika.gtfs.model.Routes.routesCdkidCollection#istb.280805]
14:01:03.904 [main] DEBUG org.hibernate.jdbc.AbstractBatcher - about to close ResultSet (open ResultSets: 1, globally: 1)
14:01:03.904 [main] DEBUG org.hibernate.jdbc.AbstractBatcher - about to close PreparedStatement (open PreparedStatements: 1, globally: 1)
14:01:03.904 [main] DEBUG o.h.e.loading.CollectionLoadContext - 1 collections were found in result set for role: net.lojika.gtfs.model.Routes.routesCdkidCollection
14:01:03.904 [main] DEBUG o.h.e.loading.CollectionLoadContext - collection fully initialized: [net.lojika.gtfs.model.Routes.routesCdkidCollection#istb.280805]
14:01:03.904 [main] DEBUG o.h.e.loading.CollectionLoadContext - 1 collections initialized for role: net.lojika.gtfs.model.Routes.routesCdkidCollection
14:01:03.904 [main] DEBUG org.hibernate.loader.Loader - done loading collection
14:01:03.904 [main] DEBUG org.hibernate.loader.Loader - loading collection: [net.lojika.gtfs.model.Routes.routesCdkidCollection#istb.280823]
14:01:03.904 [main] DEBUG org.hibernate.jdbc.AbstractBatcher - about to open PreparedStatement (open PreparedStatements: 0, globally: 0)
14:01:03.904 [main] DEBUG org.hibernate.SQL - select routescdki0_.route_id as route2_2_1_, routescdki0_.route_cdk_id as route1_1_, routescdki0_.route_cdk_id as route1_3_0_, routescdki0_.route_id as route2_3_0_ from public.routes_cdkid routescdki0_ where routescdki0_.route_id=?
Hibernate: select routescdki0_.route_id as route2_2_1_, routescdki0_.route_cdk_id as route1_1_, routescdki0_.route_cdk_id as route1_3_0_, routescdki0_.route_id as route2_3_0_ from public.routes_cdkid routescdki0_ where routescdki0_.route_id=?
14:01:03.904 [main] DEBUG org.hibernate.jdbc.AbstractBatcher - about to open ResultSet (open ResultSets: 0, globally: 0)
14:01:03.904 [main] DEBUG org.hibernate.loader.Loader - result set contains (possibly empty) collection: [net.lojika.gtfs.model.Routes.routesCdkidCollection#istb.280823]
14:01:03.904 [main] DEBUG org.hibernate.loader.Loader - result row: EntityKey[net.lojika.gtfs.model.RoutesCdkid#gtfs.line.1.sg1-1]
14:01:03.904 [main] DEBUG org.hibernate.loader.Loader - found row of collection: [net.lojika.gtfs.model.Routes.routesCdkidCollection#istb.280823]
14:01:03.904 [main] DEBUG org.hibernate.loader.Loader - result row: EntityKey[net.lojika.gtfs.model.RoutesCdkid#gtfs.line.1.sg1-0]
14:01:03.904 [main] DEBUG org.hibernate.loader.Loader - found row of collection: [net.lojika.gtfs.model.Routes.routesCdkidCollection#istb.280823]
14:01:03.904 [main] DEBUG org.hibernate.jdbc.AbstractBatcher - about to close ResultSet (open ResultSets: 1, globally: 1)
14:01:03.904 [main] DEBUG org.hibernate.jdbc.AbstractBatcher - about to close PreparedStatement (open PreparedStatements: 1, globally: 1)
14:01:03.904 [main] DEBUG o.h.e.loading.CollectionLoadContext - 1 collections were found in result set for role: net.lojika.gtfs.model.Routes.routesCdkidCollection
14:01:03.904 [main] DEBUG o.h.e.loading.CollectionLoadContext - collection fully initialized: [net.lojika.gtfs.model.Routes.routesCdkidCollection#istb.280823]
14:01:03.905 [main] DEBUG o.h.e.loading.CollectionLoadContext - 1 collections initialized for role: net.lojika.gtfs.model.Routes.routesCdkidCollection
14:01:03.905 [main] DEBUG org.hibernate.loader.Loader - done loading collection
14:01:03.905 [main] DEBUG org.hibernate.loader.Loader - loading collection: [net.lojika.gtfs.model.Routes.routesCdkidCollection#istb.280824]
14:01:03.905 [main] DEBUG org.hibernate.jdbc.AbstractBatcher - about to open PreparedStatement (open PreparedStatements: 0, globally: 0)
14:01:03.905 [main] DEBUG org.hibernate.SQL - select routescdki0_.route_id as route2_2_1_, routescdki0_.route_cdk_id as route1_1_, routescdki0_.route_cdk_id as route1_3_0_, routescdki0_.route_id as route2_3_0_ from public.routes_cdkid routescdki0_ where routescdki0_.route_id=?
Hibernate: select routescdki0_.route_id as route2_2_1_, routescdki0_.route_cdk_id as route1_1_, routescdki0_.route_cdk_id as route1_3_0_, routescdki0_.route_id as route2_3_0_ from public.routes_cdkid routescdki0_ where routescdki0_.route_id=?
14:01:03.905 [main] DEBUG org.hibernate.jdbc.AbstractBatcher - about to open ResultSet (open ResultSets: 0, globally: 0)
14:01:03.905 [main] DEBUG org.hibernate.loader.Loader - result set contains (possibly empty) collection: [net.lojika.gtfs.model.Routes.routesCdkidCollection#istb.280824]
14:01:03.905 [main] DEBUG org.hibernate.loader.Loader - result row: EntityKey[net.lojika.gtfs.model.RoutesCdkid#gtfs.line.1.sg2-1]
14:01:03.905 [main] DEBUG org.hibernate.loader.Loader - found row of collection: [net.lojika.gtfs.model.Routes.routesCdkidCollection#istb.280824]
14:01:03.905 [main] DEBUG org.hibernate.loader.Loader - result row: EntityKey[net.lojika.gtfs.model.RoutesCdkid#gtfs.line.1.sg2-0]
14:01:03.905 [main] DEBUG org.hibernate.loader.Loader - found row of collection: [net.lojika.gtfs.model.Routes.routesCdkidCollection#istb.280824]
14:01:03.905 [main] DEBUG org.hibernate.jdbc.AbstractBatcher - about to close ResultSet (open ResultSets: 1, globally: 1)
14:01:03.905 [main] DEBUG org.hibernate.jdbc.AbstractBatcher - about to close PreparedStatement (open PreparedStatements: 1, globally: 1)
14:01:03.905 [main] DEBUG o.h.e.loading.CollectionLoadContext - 1 collections were found in result set for role: net.lojika.gtfs.model.Routes.routesCdkidCollection
14:01:03.905 [main] DEBUG o.h.e.loading.CollectionLoadContext - collection fully initialized: [net.lojika.gtfs.model.Routes.routesCdkidCollection#istb.280824]
14:01:03.905 [main] DEBUG o.h.e.loading.CollectionLoadContext - 1 collections initialized for role: net.lojika.gtfs.model.Routes.routesCdkidCollection
14:01:03.905 [main] DEBUG org.hibernate.loader.Loader - done loading collection
14:01:03.905 [main] DEBUG org.hibernate.loader.Loader - loading collection: [net.lojika.gtfs.model.Routes.routesCdkidCollection#istb.280825]
14:01:03.905 [main] DEBUG org.hibernate.jdbc.AbstractBatcher - about to open PreparedStatement (open PreparedStatements: 0, globally: 0)
14:01:03.905 [main] DEBUG org.hibernate.SQL - select routescdki0_.route_id as route2_2_1_, routescdki0_.route_cdk_id as route1_1_, routescdki0_.route_cdk_id as route1_3_0_, routescdki0_.route_id as route2_3_0_ from public.routes_cdkid routescdki0_ where routescdki0_.route_id=?
Hibernate: select routescdki0_.route_id as route2_2_1_, routescdki0_.route_cdk_id as route1_1_, routescdki0_.route_cdk_id as route1_3_0_, routescdki0_.route_id as route2_3_0_ from public.routes_cdkid routescdki0_ where routescdki0_.route_id=?
14:01:03.906 [main] DEBUG org.hibernate.jdbc.AbstractBatcher - about to open ResultSet (open ResultSets: 0, globally: 0)
14:01:03.906 [main] DEBUG org.hibernate.loader.Loader - result set contains (possibly empty) collection: [net.lojika.gtfs.model.Routes.routesCdkidCollection#istb.280825]
14:01:03.906 [main] DEBUG org.hibernate.loader.Loader - result row: EntityKey[net.lojika.gtfs.model.RoutesCdkid#gtfs.line.1.t1-0]
14:01:03.906 [main] DEBUG org.hibernate.loader.Loader - found row of collection: [net.lojika.gtfs.model.Routes.routesCdkidCollection#istb.280825]
14:01:03.906 [main] DEBUG org.hibernate.jdbc.AbstractBatcher - about to close ResultSet (open ResultSets: 1, globally: 1)
14:01:03.906 [main] DEBUG org.hibernate.jdbc.AbstractBatcher - about to close PreparedStatement (open PreparedStatements: 1, globally: 1)
14:01:03.906 [main] DEBUG o.h.e.loading.CollectionLoadContext - 1 collections were found in result set for role: net.lojika.gtfs.model.Routes.routesCdkidCollection
14:01:03.906 [main] DEBUG o.h.e.loading.CollectionLoadContext - collection fully initialized: [net.lojika.gtfs.model.Routes.routesCdkidCollection#istb.280825]
14:01:03.906 [main] DEBUG o.h.e.loading.CollectionLoadContext - 1 collections initialized for role: net.lojika.gtfs.model.Routes.routesCdkidCollection
14:01:03.906 [main] DEBUG org.hibernate.loader.Loader - done loading collection
14:01:03.906 [main] DEBUG org.hibernate.loader.Loader - loading collection: [net.lojika.gtfs.model.Routes.routesCdkidCollection#istb.280827]
14:01:03.906 [main] DEBUG org.hibernate.jdbc.AbstractBatcher - about to open PreparedStatement (open PreparedStatements: 0, globally: 0)
14:01:03.906 [main] DEBUG org.hibernate.SQL - select routescdki0_.route_id as route2_2_1_, routescdki0_.route_cdk_id as route1_1_, routescdki0_.route_cdk_id as route1_3_0_, routescdki0_.route_id as route2_3_0_ from public.routes_cdkid routescdki0_ where routescdki0_.route_id=?
Hibernate: select routescdki0_.route_id as route2_2_1_, routescdki0_.route_cdk_id as route1_1_, routescdki0_.route_cdk_id as route1_3_0_, routescdki0_.route_id as route2_3_0_ from public.routes_cdkid routescdki0_ where routescdki0_.route_id=?
14:01:03.906 [main] DEBUG org.hibernate.jdbc.AbstractBatcher - about to open ResultSet (open ResultSets: 0, globally: 0)
14:01:03.906 [main] DEBUG org.hibernate.loader.Loader - result set contains (possibly empty) collection: [net.lojika.gtfs.model.Routes.routesCdkidCollection#istb.280827]
14:01:03.906 [main] DEBUG org.hibernate.loader.Loader - result row: EntityKey[net.lojika.gtfs.model.RoutesCdkid#gtfs.line.1.tb1-0]
14:01:03.906 [main] DEBUG org.hibernate.loader.Loader - found row of collection: [net.lojika.gtfs.model.Routes.routesCdkidCollection#istb.280827]
14:01:03.906 [main] DEBUG org.hibernate.jdbc.AbstractBatcher - about to close ResultSet (open ResultSets: 1, globally: 1)
14:01:03.906 [main] DEBUG org.hibernate.jdbc.AbstractBatcher - about to close PreparedStatement (open PreparedStatements: 1, globally: 1)
14:01:03.906 [main] DEBUG o.h.e.loading.CollectionLoadContext - 1 collections were found in result set for role: net.lojika.gtfs.model.Routes.routesCdkidCollection
14:01:03.906 [main] DEBUG o.h.e.loading.CollectionLoadContext - collection fully initialized: [net.lojika.gtfs.model.Routes.routesCdkidCollection#istb.280827]
14:01:03.906 [main] DEBUG o.h.e.loading.CollectionLoadContext - 1 collections initialized for role: net.lojika.gtfs.model.Routes.routesCdkidCollection
14:01:03.906 [main] DEBUG org.hibernate.loader.Loader - done loading collection
14:01:03.906 [main] DEBUG org.hibernate.loader.Loader - loading collection: [net.lojika.gtfs.model.Routes.routesCdkidCollection#istb.280828]
14:01:03.906 [main] DEBUG org.hibernate.jdbc.AbstractBatcher - about to open PreparedStatement (open PreparedStatements: 0, globally: 0)
14:01:03.906 [main] DEBUG org.hibernate.SQL - select routescdki0_.route_id as route2_2_1_, routescdki0_.route_cdk_id as route1_1_, routescdki0_.route_cdk_id as route1_3_0_, routescdki0_.route_id as route2_3_0_ from public.routes_cdkid routescdki0_ where routescdki0_.route_id=?
Hibernate: select routescdki0_.route_id as route2_2_1_, routescdki0_.route_cdk_id as route1_1_, routescdki0_.route_cdk_id as route1_3_0_, routescdki0_.route_id as route2_3_0_ from public.routes_cdkid routescdki0_ where routescdki0_.route_id=?
14:01:03.907 [main] DEBUG org.hibernate.jdbc.AbstractBatcher - about to open ResultSet (open ResultSets: 0, globally: 0)
14:01:03.907 [main] DEBUG org.hibernate.loader.Loader - result set contains (possibly empty) collection: [net.lojika.gtfs.model.Routes.routesCdkidCollection#istb.280828]
14:01:03.907 [main] DEBUG org.hibernate.loader.Loader - result row: EntityKey[net.lojika.gtfs.model.RoutesCdkid#gtfs.line.1.tb2-0]
14:01:03.907 [main] DEBUG org.hibernate.loader.Loader - found row of collection: [net.lojika.gtfs.model.Routes.routesCdkidCollection#istb.280828]
14:01:03.907 [main] DEBUG org.hibernate.jdbc.AbstractBatcher - about to close ResultSet (open ResultSets: 1, globally: 1)
14:01:03.907 [main] DEBUG org.hibernate.jdbc.AbstractBatcher - about to close PreparedStatement (open PreparedStatements: 1, globally: 1)
14:01:03.907 [main] DEBUG o.h.e.loading.CollectionLoadContext - 1 collections were found in result set for role: net.lojika.gtfs.model.Routes.routesCdkidCollection
14:01:03.907 [main] DEBUG o.h.e.loading.CollectionLoadContext - collection fully initialized: [net.lojika.gtfs.model.Routes.routesCdkidCollection#istb.280828]
14:01:03.907 [main] DEBUG o.h.e.loading.CollectionLoadContext - 1 collections initialized for role: net.lojika.gtfs.model.Routes.routesCdkidCollection
14:01:03.907 [main] DEBUG org.hibernate.loader.Loader - done loading collection
14:01:03.907 [main] DEBUG org.hibernate.loader.Loader - loading collection: [net.lojika.gtfs.model.Routes.routesCdkidCollection#istb.4001]
14:01:03.907 [main] DEBUG org.hibernate.jdbc.AbstractBatcher - about to open PreparedStatement (open PreparedStatements: 0, globally: 0)
14:01:03.907 [main] DEBUG org.hibernate.SQL - select routescdki0_.route_id as route2_2_1_, routescdki0_.route_cdk_id as route1_1_, routescdki0_.route_cdk_id as route1_3_0_, routescdki0_.route_id as route2_3_0_ from public.routes_cdkid routescdki0_ where routescdki0_.route_id=?
Hibernate: select routescdki0_.route_id as route2_2_1_, routescdki0_.route_cdk_id as route1_1_, routescdki0_.route_cdk_id as route1_3_0_, routescdki0_.route_id as route2_3_0_ from public.routes_cdkid routescdki0_ where routescdki0_.route_id=?
14:01:03.907 [main] DEBUG org.hibernate.jdbc.AbstractBatcher - about to open ResultSet (open ResultSets: 0, globally: 0)
14:01:03.907 [main] DEBUG org.hibernate.loader.Loader - result set contains (possibly empty) collection: [net.lojika.gtfs.model.Routes.routesCdkidCollection#istb.4001]
14:01:03.907 [main] DEBUG org.hibernate.loader.Loader - result row: EntityKey[net.lojika.gtfs.model.RoutesCdkid#gtfs.line.1.34-1]
14:01:03.907 [main] DEBUG org.hibernate.loader.Loader - found row of collection: [net.lojika.gtfs.model.Routes.routesCdkidCollection#istb.4001]
14:01:03.907 [main] DEBUG org.hibernate.loader.Loader - result row: EntityKey[net.lojika.gtfs.model.RoutesCdkid#gtfs.line.1.34-0]
14:01:03.907 [main] DEBUG org.hibernate.loader.Loader - found row of collection: [net.lojika.gtfs.model.Routes.routesCdkidCollection#istb.4001]
14:01:03.907 [main] DEBUG org.hibernate.jdbc.AbstractBatcher - about to close ResultSet (open ResultSets: 1, globally: 1)
14:01:03.907 [main] DEBUG org.hibernate.jdbc.AbstractBatcher - about to close PreparedStatement (open PreparedStatements: 1, globally: 1)
14:01:03.907 [main] DEBUG o.h.e.loading.CollectionLoadContext - 1 collections were found in result set for role: net.lojika.gtfs.model.Routes.routesCdkidCollection
14:01:03.907 [main] DEBUG o.h.e.loading.CollectionLoadContext - collection fully initialized: [net.lojika.gtfs.model.Routes.routesCdkidCollection#istb.4001]
14:01:03.907 [main] DEBUG o.h.e.loading.CollectionLoadContext - 1 collections initialized for role: net.lojika.gtfs.model.Routes.routesCdkidCollection
14:01:03.907 [main] DEBUG org.hibernate.loader.Loader - done loading collection
14:01:03.908 [main] DEBUG org.hibernate.loader.Loader - loading collection: [net.lojika.gtfs.model.Routes.routesCdkidCollection#istb.4002]
14:01:03.908 [main] DEBUG org.hibernate.jdbc.AbstractBatcher - about to open PreparedStatement (open PreparedStatements: 0, globally: 0)
14:01:03.908 [main] DEBUG org.hibernate.SQL - select routescdki0_.route_id as route2_2_1_, routescdki0_.route_cdk_id as route1_1_, routescdki0_.route_cdk_id as route1_3_0_, routescdki0_.route_id as route2_3_0_ from public.routes_cdkid routescdki0_ where routescdki0_.route_id=?
Hibernate: select routescdki0_.route_id as route2_2_1_, routescdki0_.route_cdk_id as route1_1_, routescdki0_.route_cdk_id as route1_3_0_, routescdki0_.route_id as route2_3_0_ from public.routes_cdkid routescdki0_ where routescdki0_.route_id=?
14:01:03.908 [main] DEBUG org.hibernate.jdbc.AbstractBatcher - about to open ResultSet (open ResultSets: 0, globally: 0)
14:01:03.908 [main] DEBUG org.hibernate.loader.Loader - result set contains (possibly empty) collection: [net.lojika.gtfs.model.Routes.routesCdkidCollection#istb.4002]
14:01:03.908 [main] DEBUG org.hibernate.loader.Loader - result row: EntityKey[net.lojika.gtfs.model.RoutesCdkid#gtfs.line.1.34a-1]
14:01:03.908 [main] DEBUG org.hibernate.loader.Loader - found row of collection: [net.lojika.gtfs.model.Routes.routesCdkidCollection#istb.4002]
14:01:03.908 [main] DEBUG org.hibernate.loader.Loader - result row: EntityKey[net.lojika.gtfs.model.RoutesCdkid#gtfs.line.1.34a-0]
14:01:03.908 [main] DEBUG org.hibernate.loader.Loader - found row of collection: [net.lojika.gtfs.model.Routes.routesCdkidCollection#istb.4002]
14:01:03.908 [main] DEBUG org.hibernate.jdbc.AbstractBatcher - about to close ResultSet (open ResultSets: 1, globally: 1)
14:01:03.908 [main] DEBUG org.hibernate.jdbc.AbstractBatcher - about to close PreparedStatement (open PreparedStatements: 1, globally: 1)
14:01:03.908 [main] DEBUG o.h.e.loading.CollectionLoadContext - 1 collections were found in result set for role: net.lojika.gtfs.model.Routes.routesCdkidCollection
14:01:03.908 [main] DEBUG o.h.e.loading.CollectionLoadContext - collection fully initialized: [net.lojika.gtfs.model.Routes.routesCdkidCollection#istb.4002]
14:01:03.908 [main] DEBUG o.h.e.loading.CollectionLoadContext - 1 collections initialized for role: net.lojika.gtfs.model.Routes.routesCdkidCollection
14:01:03.908 [main] DEBUG org.hibernate.loader.Loader - done loading collection
14:01:03.908 [main] DEBUG org.hibernate.loader.Loader - loading collection: [net.lojika.gtfs.model.Routes.routesCdkidCollection#istb.4003]
14:01:03.908 [main] DEBUG org.hibernate.jdbc.AbstractBatcher - about to open PreparedStatement (open PreparedStatements: 0, globally: 0)
14:01:03.908 [main] DEBUG org.hibernate.SQL - select routescdki0_.route_id as route2_2_1_, routescdki0_.route_cdk_id as route1_1_, routescdki0_.route_cdk_id as route1_3_0_, routescdki0_.route_id as route2_3_0_ from public.routes_cdkid routescdki0_ where routescdki0_.route_id=?
Hibernate: select routescdki0_.route_id as route2_2_1_, routescdki0_.route_cdk_id as route1_1_, routescdki0_.route_cdk_id as route1_3_0_, routescdki0_.route_id as route2_3_0_ from public.routes_cdkid routescdki0_ where routescdki0_.route_id=?
14:01:03.908 [main] DEBUG org.hibernate.jdbc.AbstractBatcher - about to open ResultSet (open ResultSets: 0, globally: 0)
14:01:03.908 [main] DEBUG org.hibernate.loader.Loader - result set contains (possibly empty) collection: [net.lojika.gtfs.model.Routes.routesCdkidCollection#istb.4003]
14:01:03.909 [main] DEBUG org.hibernate.loader.Loader - result row: EntityKey[net.lojika.gtfs.model.RoutesCdkid#gtfs.line.1.34b-1]
14:01:03.909 [main] DEBUG org.hibernate.loader.Loader - found row of collection: [net.lojika.gtfs.model.Routes.routesCdkidCollection#istb.4003]
14:01:03.909 [main] DEBUG org.hibernate.loader.Loader - result row: EntityKey[net.lojika.gtfs.model.RoutesCdkid#gtfs.line.1.34b-0]
14:01:03.909 [main] DEBUG org.hibernate.loader.Loader - found row of collection: [net.lojika.gtfs.model.Routes.routesCdkidCollection#istb.4003]
14:01:03.909 [main] DEBUG org.hibernate.jdbc.AbstractBatcher - about to close ResultSet (open ResultSets: 1, globally: 1)
14:01:03.909 [main] DEBUG org.hibernate.jdbc.AbstractBatcher - about to close PreparedStatement (open PreparedStatements: 1, globally: 1)
14:01:03.909 [main] DEBUG o.h.e.loading.CollectionLoadContext - 1 collections were found in result set for role: net.lojika.gtfs.model.Routes.routesCdkidCollection
14:01:03.909 [main] DEBUG o.h.e.loading.CollectionLoadContext - collection fully initialized: [net.lojika.gtfs.model.Routes.routesCdkidCollection#istb.4003]
14:01:03.909 [main] DEBUG o.h.e.loading.CollectionLoadContext - 1 collections initialized for role: net.lojika.gtfs.model.Routes.routesCdkidCollection
14:01:03.909 [main] DEBUG org.hibernate.loader.Loader - done loading collection
14:01:03.909 [main] DEBUG org.hibernate.loader.Loader - loading collection: [net.lojika.gtfs.model.Routes.routesCdkidCollection#istb.4004]
14:01:03.909 [main] DEBUG org.hibernate.jdbc.AbstractBatcher - about to open PreparedStatement (open PreparedStatements: 0, globally: 0)
14:01:03.909 [main] DEBUG org.hibernate.SQL - select routescdki0_.route_id as route2_2_1_, routescdki0_.route_cdk_id as route1_1_, routescdki0_.route_cdk_id as route1_3_0_, routescdki0_.route_id as route2_3_0_ from public.routes_cdkid routescdki0_ where routescdki0_.route_id=?
Hibernate: select routescdki0_.route_id as route2_2_1_, routescdki0_.route_cdk_id as route1_1_, routescdki0_.route_cdk_id as route1_3_0_, routescdki0_.route_id as route2_3_0_ from public.routes_cdkid routescdki0_ where routescdki0_.route_id=?
14:01:03.909 [main] DEBUG org.hibernate.jdbc.AbstractBatcher - about to open ResultSet (open ResultSets: 0, globally: 0)
14:01:03.909 [main] DEBUG org.hibernate.loader.Loader - result set contains (possibly empty) collection: [net.lojika.gtfs.model.Routes.routesCdkidCollection#istb.4004]
14:01:03.909 [main] DEBUG org.hibernate.loader.Loader - result row: EntityKey[net.lojika.gtfs.model.RoutesCdkid#gtfs.line.1.34c-1]
14:01:03.909 [main] DEBUG org.hibernate.loader.Loader - found row of collection: [net.lojika.gtfs.model.Routes.routesCdkidCollection#istb.4004]
14:01:03.909 [main] DEBUG org.hibernate.loader.Loader - result row: EntityKey[net.lojika.gtfs.model.RoutesCdkid#gtfs.line.1.34c-0]
14:01:03.909 [main] DEBUG org.hibernate.loader.Loader - found row of collection: [net.lojika.gtfs.model.Routes.routesCdkidCollection#istb.4004]
14:01:03.909 [main] DEBUG org.hibernate.jdbc.AbstractBatcher - about to close ResultSet (open ResultSets: 1, globally: 1)
14:01:03.910 [main] DEBUG org.hibernate.jdbc.AbstractBatcher - about to close PreparedStatement (open PreparedStatements: 1, globally: 1)
14:01:03.910 [main] DEBUG o.h.e.loading.CollectionLoadContext - 1 collections were found in result set for role: net.lojika.gtfs.model.Routes.routesCdkidCollection
14:01:03.910 [main] DEBUG o.h.e.loading.CollectionLoadContext - collection fully initialized: [net.lojika.gtfs.model.Routes.routesCdkidCollection#istb.4004]
14:01:03.910 [main] DEBUG o.h.e.loading.CollectionLoadContext - 1 collections initialized for role: net.lojika.gtfs.model.Routes.routesCdkidCollection
14:01:03.910 [main] DEBUG org.hibernate.loader.Loader - done loading collection
14:01:03.910 [main] DEBUG org.hibernate.loader.Loader - loading collection: [net.lojika.gtfs.model.Routes.routesCdkidCollection#istb.4005]
14:01:03.910 [main] DEBUG org.hibernate.jdbc.AbstractBatcher - about to open PreparedStatement (open PreparedStatements: 0, globally: 0)
14:01:03.910 [main] DEBUG org.hibernate.SQL - select routescdki0_.route_id as route2_2_1_, routescdki0_.route_cdk_id as route1_1_, routescdki0_.route_cdk_id as route1_3_0_, routescdki0_.route_id as route2_3_0_ from public.routes_cdkid routescdki0_ where routescdki0_.route_id=?
Hibernate: select routescdki0_.route_id as route2_2_1_, routescdki0_.route_cdk_id as route1_1_, routescdki0_.route_cdk_id as route1_3_0_, routescdki0_.route_id as route2_3_0_ from public.routes_cdkid routescdki0_ where routescdki0_.route_id=?
14:01:03.910 [main] DEBUG org.hibernate.jdbc.AbstractBatcher - about to open ResultSet (open ResultSets: 0, globally: 0)
14:01:03.910 [main] DEBUG org.hibernate.loader.Loader - result set contains (possibly empty) collection: [net.lojika.gtfs.model.Routes.routesCdkidCollection#istb.4005]
14:01:03.910 [main] DEBUG org.hibernate.loader.Loader - result row: EntityKey[net.lojika.gtfs.model.RoutesCdkid#gtfs.line.1.34g-1]
14:01:03.910 [main] DEBUG org.hibernate.loader.Loader - found row of collection: [net.lojika.gtfs.model.Routes.routesCdkidCollection#istb.4005]
14:01:03.910 [main] DEBUG org.hibernate.loader.Loader - result row: EntityKey[net.lojika.gtfs.model.RoutesCdkid#gtfs.line.1.34g-0]
14:01:03.910 [main] DEBUG org.hibernate.loader.Loader - found row of collection: [net.lojika.gtfs.model.Routes.routesCdkidCollection#istb.4005]
14:01:03.911 [main] DEBUG org.hibernate.jdbc.AbstractBatcher - about to close ResultSet (open ResultSets: 1, globally: 1)
14:01:03.911 [main] DEBUG org.hibernate.jdbc.AbstractBatcher - about to close PreparedStatement (open PreparedStatements: 1, globally: 1)
14:01:03.911 [main] DEBUG o.h.e.loading.CollectionLoadContext - 1 collections were found in result set for role: net.lojika.gtfs.model.Routes.routesCdkidCollection
14:01:03.911 [main] DEBUG o.h.e.loading.CollectionLoadContext - collection fully initialized: [net.lojika.gtfs.model.Routes.routesCdkidCollection#istb.4005]
14:01:03.911 [main] DEBUG o.h.e.loading.CollectionLoadContext - 1 collections initialized for role: net.lojika.gtfs.model.Routes.routesCdkidCollection
14:01:03.911 [main] DEBUG org.hibernate.loader.Loader - done loading collection
14:01:03.911 [main] DEBUG org.hibernate.loader.Loader - loading collection: [net.lojika.gtfs.model.Routes.routesCdkidCollection#istb.4006]
14:01:03.911 [main] DEBUG org.hibernate.jdbc.AbstractBatcher - about to open PreparedStatement (open PreparedStatements: 0, globally: 0)
14:01:03.911 [main] DEBUG org.hibernate.SQL - select routescdki0_.route_id as route2_2_1_, routescdki0_.route_cdk_id as route1_1_, routescdki0_.route_cdk_id as route1_3_0_, routescdki0_.route_id as route2_3_0_ from public.routes_cdkid routescdki0_ where routescdki0_.route_id=?
Hibernate: select routescdki0_.route_id as route2_2_1_, routescdki0_.route_cdk_id as route1_1_, routescdki0_.route_cdk_id as route1_3_0_, routescdki0_.route_id as route2_3_0_ from public.routes_cdkid routescdki0_ where routescdki0_.route_id=?
14:01:03.911 [main] DEBUG org.hibernate.jdbc.AbstractBatcher - about to open ResultSet (open ResultSets: 0, globally: 0)
14:01:03.911 [main] DEBUG org.hibernate.loader.Loader - result set contains (possibly empty) collection: [net.lojika.gtfs.model.Routes.routesCdkidCollection#istb.4006]
14:01:03.911 [main] DEBUG org.hibernate.loader.Loader - result row: EntityKey[net.lojika.gtfs.model.RoutesCdkid#gtfs.line.1.34t-1]
14:01:03.911 [main] DEBUG org.hibernate.loader.Loader - found row of collection: [net.lojika.gtfs.model.Routes.routesCdkidCollection#istb.4006]
14:01:03.911 [main] DEBUG org.hibernate.loader.Loader - result row: EntityKey[net.lojika.gtfs.model.RoutesCdkid#gtfs.line.1.34t-0]
14:01:03.911 [main] DEBUG org.hibernate.loader.Loader - found row of collection: [net.lojika.gtfs.model.Routes.routesCdkidCollection#istb.4006]
14:01:03.912 [main] DEBUG org.hibernate.jdbc.AbstractBatcher - about to close ResultSet (open ResultSets: 1, globally: 1)
14:01:03.912 [main] DEBUG org.hibernate.jdbc.AbstractBatcher - about to close PreparedStatement (open PreparedStatements: 1, globally: 1)
14:01:03.912 [main] DEBUG o.h.e.loading.CollectionLoadContext - 1 collections were found in result set for role: net.lojika.gtfs.model.Routes.routesCdkidCollection
14:01:03.912 [main] DEBUG o.h.e.loading.CollectionLoadContext - collection fully initialized: [net.lojika.gtfs.model.Routes.routesCdkidCollection#istb.4006]
14:01:03.912 [main] DEBUG o.h.e.loading.CollectionLoadContext - 1 collections initialized for role: net.lojika.gtfs.model.Routes.routesCdkidCollection
14:01:03.912 [main] DEBUG org.hibernate.loader.Loader - done loading collection
14:01:03.912 [main] DEBUG org.hibernate.loader.Loader - loading collection: [net.lojika.gtfs.model.Routes.routesCdkidCollection#istb.4007]
14:01:03.912 [main] DEBUG org.hibernate.jdbc.AbstractBatcher - about to open PreparedStatement (open PreparedStatements: 0, globally: 0)
14:01:03.912 [main] DEBUG org.hibernate.SQL - select routescdki0_.route_id as route2_2_1_, routescdki0_.route_cdk_id as route1_1_, routescdki0_.route_cdk_id as route1_3_0_, routescdki0_.route_id as route2_3_0_ from public.routes_cdkid routescdki0_ where routescdki0_.route_id=?
Hibernate: select routescdki0_.route_id as route2_2_1_, routescdki0_.route_cdk_id as route1_1_, routescdki0_.route_cdk_id as route1_3_0_, routescdki0_.route_id as route2_3_0_ from public.routes_cdkid routescdki0_ where routescdki0_.route_id=?
14:01:03.912 [main] DEBUG org.hibernate.jdbc.AbstractBatcher - about to open ResultSet (open ResultSets: 0, globally: 0)
14:01:03.912 [main] DEBUG org.hibernate.loader.Loader - result set contains (possibly empty) collection: [net.lojika.gtfs.model.Routes.routesCdkidCollection#istb.4007]
14:01:03.912 [main] DEBUG org.hibernate.loader.Loader - result row: EntityKey[net.lojika.gtfs.model.RoutesCdkid#gtfs.line.1.34z-1]
14:01:03.912 [main] DEBUG org.hibernate.loader.Loader - found row of collection: [net.lojika.gtfs.model.Routes.routesCdkidCollection#istb.4007]
14:01:03.912 [main] DEBUG org.hibernate.loader.Loader - result row: EntityKey[net.lojika.gtfs.model.RoutesCdkid#gtfs.line.1.34z-0]
14:01:03.912 [main] DEBUG org.hibernate.loader.Loader - found row of collection: [net.lojika.gtfs.model.Routes.routesCdkidCollection#istb.4007]
14:01:03.912 [main] DEBUG org.hibernate.jdbc.AbstractBatcher - about to close ResultSet (open ResultSets: 1, globally: 1)
14:01:03.912 [main] DEBUG org.hibernate.jdbc.AbstractBatcher - about to close PreparedStatement (open PreparedStatements: 1, globally: 1)
14:01:03.912 [main] DEBUG o.h.e.loading.CollectionLoadContext - 1 collections were found in result set for role: net.lojika.gtfs.model.Routes.routesCdkidCollection
14:01:03.912 [main] DEBUG o.h.e.loading.CollectionLoadContext - collection fully initialized: [net.lojika.gtfs.model.Routes.routesCdkidCollection#istb.4007]
14:01:03.912 [main] DEBUG o.h.e.loading.CollectionLoadContext - 1 collections initialized for role: net.lojika.gtfs.model.Routes.routesCdkidCollection
14:01:03.912 [main] DEBUG org.hibernate.loader.Loader - done loading collection
14:01:03.912 [main] DEBUG org.hibernate.loader.Loader - loading collection: [net.lojika.gtfs.model.Routes.routesCdkidCollection#istb.5001]
14:01:03.912 [main] DEBUG org.hibernate.jdbc.AbstractBatcher - about to open PreparedStatement (open PreparedStatements: 0, globally: 0)
14:01:03.912 [main] DEBUG org.hibernate.SQL - select routescdki0_.route_id as route2_2_1_, routescdki0_.route_cdk_id as route1_1_, routescdki0_.route_cdk_id as route1_3_0_, routescdki0_.route_id as route2_3_0_ from public.routes_cdkid routescdki0_ where routescdki0_.route_id=?
Hibernate: select routescdki0_.route_id as route2_2_1_, routescdki0_.route_cdk_id as route1_1_, routescdki0_.route_cdk_id as route1_3_0_, routescdki0_.route_id as route2_3_0_ from public.routes_cdkid routescdki0_ where routescdki0_.route_id=?
14:01:03.913 [main] DEBUG org.hibernate.jdbc.AbstractBatcher - about to open ResultSet (open ResultSets: 0, globally: 0)
14:01:03.913 [main] DEBUG org.hibernate.loader.Loader - result set contains (possibly empty) collection: [net.lojika.gtfs.model.Routes.routesCdkidCollection#istb.5001]
14:01:03.913 [main] DEBUG org.hibernate.loader.Loader - result row: EntityKey[net.lojika.gtfs.model.RoutesCdkid#gtfs.line.5.kdyemn-0]
14:01:03.913 [main] DEBUG org.hibernate.loader.Loader - found row of collection: [net.lojika.gtfs.model.Routes.routesCdkidCollection#istb.5001]
14:01:03.913 [main] DEBUG org.hibernate.jdbc.AbstractBatcher - about to close ResultSet (open ResultSets: 1, globally: 1)
14:01:03.913 [main] DEBUG org.hibernate.jdbc.AbstractBatcher - about to close PreparedStatement (open PreparedStatements: 1, globally: 1)
14:01:03.913 [main] DEBUG o.h.e.loading.CollectionLoadContext - 1 collections were found in result set for role: net.lojika.gtfs.model.Routes.routesCdkidCollection
14:01:03.913 [main] DEBUG o.h.e.loading.CollectionLoadContext - collection fully initialized: [net.lojika.gtfs.model.Routes.routesCdkidCollection#istb.5001]
14:01:03.913 [main] DEBUG o.h.e.loading.CollectionLoadContext - 1 collections initialized for role: net.lojika.gtfs.model.Routes.routesCdkidCollection
14:01:03.913 [main] DEBUG org.hibernate.loader.Loader - done loading collection
14:01:03.913 [main] DEBUG org.hibernate.loader.Loader - loading collection: [net.lojika.gtfs.model.Routes.routesCdkidCollection#istb.5002]
14:01:03.913 [main] DEBUG org.hibernate.jdbc.AbstractBatcher - about to open PreparedStatement (open PreparedStatements: 0, globally: 0)
14:01:03.913 [main] DEBUG org.hibernate.SQL - select routescdki0_.route_id as route2_2_1_, routescdki0_.route_cdk_id as route1_1_, routescdki0_.route_cdk_id as route1_3_0_, routescdki0_.route_id as route2_3_0_ from public.routes_cdkid routescdki0_ where routescdki0_.route_id=?
Hibernate: select routescdki0_.route_id as route2_2_1_, routescdki0_.route_cdk_id as route1_1_, routescdki0_.route_cdk_id as route1_3_0_, routescdki0_.route_id as route2_3_0_ from public.routes_cdkid routescdki0_ where routescdki0_.route_id=?
14:01:03.913 [main] DEBUG org.hibernate.jdbc.AbstractBatcher - about to open ResultSet (open ResultSets: 0, globally: 0)
14:01:03.913 [main] DEBUG org.hibernate.loader.Loader - result set contains (possibly empty) collection: [net.lojika.gtfs.model.Routes.routesCdkidCollection#istb.5002]
14:01:03.913 [main] DEBUG org.hibernate.loader.Loader - result row: EntityKey[net.lojika.gtfs.model.RoutesCdkid#gtfs.line.5.krkkdy-1]
14:01:03.913 [main] DEBUG org.hibernate.loader.Loader - found row of collection: [net.lojika.gtfs.model.Routes.routesCdkidCollection#istb.5002]
14:01:03.913 [main] DEBUG org.hibernate.jdbc.AbstractBatcher - about to close ResultSet (open ResultSets: 1, globally: 1)
14:01:03.913 [main] DEBUG org.hibernate.jdbc.AbstractBatcher - about to close PreparedStatement (open PreparedStatements: 1, globally: 1)
14:01:03.913 [main] DEBUG o.h.e.loading.CollectionLoadContext - 1 collections were found in result set for role: net.lojika.gtfs.model.Routes.routesCdkidCollection
14:01:03.913 [main] DEBUG o.h.e.loading.CollectionLoadContext - collection fully initialized: [net.lojika.gtfs.model.Routes.routesCdkidCollection#istb.5002]
14:01:03.913 [main] DEBUG o.h.e.loading.CollectionLoadContext - 1 collections initialized for role: net.lojika.gtfs.model.Routes.routesCdkidCollection
14:01:03.913 [main] DEBUG org.hibernate.loader.Loader - done loading collection
14:01:03.914 [main] DEBUG org.hibernate.loader.Loader - loading collection: [net.lojika.gtfs.model.Routes.routesCdkidCollection#istb.5003]
14:01:03.914 [main] DEBUG org.hibernate.jdbc.AbstractBatcher - about to open PreparedStatement (open PreparedStatements: 0, globally: 0)
14:01:03.914 [main] DEBUG org.hibernate.SQL - select routescdki0_.route_id as route2_2_1_, routescdki0_.route_cdk_id as route1_1_, routescdki0_.route_cdk_id as route1_3_0_, routescdki0_.route_id as route2_3_0_ from public.routes_cdkid routescdki0_ where routescdki0_.route_id=?
Hibernate: select routescdki0_.route_id as route2_2_1_, routescdki0_.route_cdk_id as route1_1_, routescdki0_.route_cdk_id as route1_3_0_, routescdki0_.route_id as route2_3_0_ from public.routes_cdkid routescdki0_ where routescdki0_.route_id=?
14:01:03.914 [main] DEBUG org.hibernate.jdbc.AbstractBatcher - about to open ResultSet (open ResultSets: 0, globally: 0)
14:01:03.914 [main] DEBUG org.hibernate.loader.Loader - result set contains (possibly empty) collection: [net.lojika.gtfs.model.Routes.routesCdkidCollection#istb.5003]
14:01:03.914 [main] DEBUG org.hibernate.loader.Loader - result row: EntityKey[net.lojika.gtfs.model.RoutesCdkid#gtfs.line.5.krkhyd-0]
14:01:03.914 [main] DEBUG org.hibernate.loader.Loader - found row of collection: [net.lojika.gtfs.model.Routes.routesCdkidCollection#istb.5003]
14:01:03.914 [main] DEBUG org.hibernate.jdbc.AbstractBatcher - about to close ResultSet (open ResultSets: 1, globally: 1)
14:01:03.914 [main] DEBUG org.hibernate.jdbc.AbstractBatcher - about to close PreparedStatement (open PreparedStatements: 1, globally: 1)
14:01:03.914 [main] DEBUG o.h.e.loading.CollectionLoadContext - 1 collections were found in result set for role: net.lojika.gtfs.model.Routes.routesCdkidCollection
14:01:03.914 [main] DEBUG o.h.e.loading.CollectionLoadContext - collection fully initialized: [net.lojika.gtfs.model.Routes.routesCdkidCollection#istb.5003]
14:01:03.914 [main] DEBUG o.h.e.loading.CollectionLoadContext - 1 collections initialized for role: net.lojika.gtfs.model.Routes.routesCdkidCollection
14:01:03.914 [main] DEBUG org.hibernate.loader.Loader - done loading collection
14:01:03.914 [main] DEBUG org.hibernate.loader.Loader - loading collection: [net.lojika.gtfs.model.Routes.routesCdkidCollection#istb.5004]
14:01:03.914 [main] DEBUG org.hibernate.jdbc.AbstractBatcher - about to open PreparedStatement (open PreparedStatements: 0, globally: 0)
14:01:03.914 [main] DEBUG org.hibernate.SQL - select routescdki0_.route_id as route2_2_1_, routescdki0_.route_cdk_id as route1_1_, routescdki0_.route_cdk_id as route1_3_0_, routescdki0_.route_id as route2_3_0_ from public.routes_cdkid routescdki0_ where routescdki0_.route_id=?
Hibernate: select routescdki0_.route_id as route2_2_1_, routescdki0_.route_cdk_id as route1_1_, routescdki0_.route_cdk_id as route1_3_0_, routescdki0_.route_id as route2_3_0_ from public.routes_cdkid routescdki0_ where routescdki0_.route_id=?
14:01:03.914 [main] DEBUG org.hibernate.jdbc.AbstractBatcher - about to open ResultSet (open ResultSets: 0, globally: 0)
14:01:03.914 [main] DEBUG org.hibernate.loader.Loader - result set contains (possibly empty) collection: [net.lojika.gtfs.model.Routes.routesCdkidCollection#istb.5004]
14:01:03.914 [main] DEBUG org.hibernate.loader.Loader - result row: EntityKey[net.lojika.gtfs.model.RoutesCdkid#gtfs.line.5.uskemn-1]
14:01:03.915 [main] DEBUG org.hibernate.loader.Loader - found row of collection: [net.lojika.gtfs.model.Routes.routesCdkidCollection#istb.5004]
14:01:03.915 [main] DEBUG org.hibernate.loader.Loader - result row: EntityKey[net.lojika.gtfs.model.RoutesCdkid#gtfs.line.5.uskemn-0]
14:01:03.915 [main] DEBUG org.hibernate.loader.Loader - found row of collection: [net.lojika.gtfs.model.Routes.routesCdkidCollection#istb.5004]
14:01:03.915 [main] DEBUG org.hibernate.jdbc.AbstractBatcher - about to close ResultSet (open ResultSets: 1, globally: 1)
14:01:03.915 [main] DEBUG org.hibernate.jdbc.AbstractBatcher - about to close PreparedStatement (open PreparedStatements: 1, globally: 1)
14:01:03.915 [main] DEBUG o.h.e.loading.CollectionLoadContext - 1 collections were found in result set for role: net.lojika.gtfs.model.Routes.routesCdkidCollection
14:01:03.915 [main] DEBUG o.h.e.loading.CollectionLoadContext - collection fully initialized: [net.lojika.gtfs.model.Routes.routesCdkidCollection#istb.5004]
14:01:03.915 [main] DEBUG o.h.e.loading.CollectionLoadContext - 1 collections initialized for role: net.lojika.gtfs.model.Routes.routesCdkidCollection
14:01:03.915 [main] DEBUG org.hibernate.loader.Loader - done loading collection
14:01:03.915 [main] DEBUG org.hibernate.loader.Loader - loading collection: [net.lojika.gtfs.model.Routes.routesCdkidCollection#istb.5005]
14:01:03.915 [main] DEBUG org.hibernate.jdbc.AbstractBatcher - about to open PreparedStatement (open PreparedStatements: 0, globally: 0)
14:01:03.915 [main] DEBUG org.hibernate.SQL - select routescdki0_.route_id as route2_2_1_, routescdki0_.route_cdk_id as route1_1_, routescdki0_.route_cdk_id as route1_3_0_, routescdki0_.route_id as route2_3_0_ from public.routes_cdkid routescdki0_ where routescdki0_.route_id=?
Hibernate: select routescdki0_.route_id as route2_2_1_, routescdki0_.route_cdk_id as route1_1_, routescdki0_.route_cdk_id as route1_3_0_, routescdki0_.route_id as route2_3_0_ from public.routes_cdkid routescdki0_ where routescdki0_.route_id=?
14:01:03.915 [main] DEBUG org.hibernate.jdbc.AbstractBatcher - about to open ResultSet (open ResultSets: 0, globally: 0)
14:01:03.915 [main] DEBUG org.hibernate.loader.Loader - result set contains (possibly empty) collection: [net.lojika.gtfs.model.Routes.routesCdkidCollection#istb.5005]
14:01:03.915 [main] DEBUG org.hibernate.loader.Loader - result row: EntityKey[net.lojika.gtfs.model.RoutesCdkid#gtfs.line.5.uskbsk-1]
14:01:03.915 [main] DEBUG org.hibernate.loader.Loader - found row of collection: [net.lojika.gtfs.model.Routes.routesCdkidCollection#istb.5005]
14:01:03.915 [main] DEBUG org.hibernate.loader.Loader - result row: EntityKey[net.lojika.gtfs.model.RoutesCdkid#gtfs.line.5.uskbsk-0]
14:01:03.915 [main] DEBUG org.hibernate.loader.Loader - found row of collection: [net.lojika.gtfs.model.Routes.routesCdkidCollection#istb.5005]
14:01:03.915 [main] DEBUG org.hibernate.jdbc.AbstractBatcher - about to close ResultSet (open ResultSets: 1, globally: 1)
14:01:03.915 [main] DEBUG org.hibernate.jdbc.AbstractBatcher - about to close PreparedStatement (open PreparedStatements: 1, globally: 1)
14:01:03.915 [main] DEBUG o.h.e.loading.CollectionLoadContext - 1 collections were found in result set for role: net.lojika.gtfs.model.Routes.routesCdkidCollection
14:01:03.915 [main] DEBUG o.h.e.loading.CollectionLoadContext - collection fully initialized: [net.lojika.gtfs.model.Routes.routesCdkidCollection#istb.5005]
14:01:03.915 [main] DEBUG o.h.e.loading.CollectionLoadContext - 1 collections initialized for role: net.lojika.gtfs.model.Routes.routesCdkidCollection
14:01:03.915 [main] DEBUG org.hibernate.loader.Loader - done loading collection
14:01:03.915 [main] DEBUG org.hibernate.loader.Loader - loading collection: [net.lojika.gtfs.model.Routes.routesCdkidCollection#istb.5006]
14:01:03.915 [main] DEBUG org.hibernate.jdbc.AbstractBatcher - about to open PreparedStatement (open PreparedStatements: 0, globally: 0)
14:01:03.915 [main] DEBUG org.hibernate.SQL - select routescdki0_.route_id as route2_2_1_, routescdki0_.route_cdk_id as route1_1_, routescdki0_.route_cdk_id as route1_3_0_, routescdki0_.route_id as route2_3_0_ from public.routes_cdkid routescdki0_ where routescdki0_.route_id=?
Hibernate: select routescdki0_.route_id as route2_2_1_, routescdki0_.route_cdk_id as route1_1_, routescdki0_.route_cdk_id as route1_3_0_, routescdki0_.route_id as route2_3_0_ from public.routes_cdkid routescdki0_ where routescdki0_.route_id=?
14:01:03.916 [main] DEBUG org.hibernate.jdbc.AbstractBatcher - about to open ResultSet (open ResultSets: 0, globally: 0)
14:01:03.916 [main] DEBUG org.hibernate.loader.Loader - result set contains (possibly empty) collection: [net.lojika.gtfs.model.Routes.routesCdkidCollection#istb.5006]
14:01:03.916 [main] DEBUG org.hibernate.loader.Loader - result row: EntityKey[net.lojika.gtfs.model.RoutesCdkid#gtfs.line.5.kdybsk-0]
14:01:03.916 [main] DEBUG org.hibernate.loader.Loader - found row of collection: [net.lojika.gtfs.model.Routes.routesCdkidCollection#istb.5006]
14:01:03.916 [main] DEBUG org.hibernate.jdbc.AbstractBatcher - about to close ResultSet (open ResultSets: 1, globally: 1)
14:01:03.916 [main] DEBUG org.hibernate.jdbc.AbstractBatcher - about to close PreparedStatement (open PreparedStatements: 1, globally: 1)
14:01:03.916 [main] DEBUG o.h.e.loading.CollectionLoadContext - 1 collections were found in result set for role: net.lojika.gtfs.model.Routes.routesCdkidCollection
14:01:03.916 [main] DEBUG o.h.e.loading.CollectionLoadContext - collection fully initialized: [net.lojika.gtfs.model.Routes.routesCdkidCollection#istb.5006]
14:01:03.916 [main] DEBUG o.h.e.loading.CollectionLoadContext - 1 collections initialized for role: net.lojika.gtfs.model.Routes.routesCdkidCollection
14:01:03.916 [main] DEBUG org.hibernate.loader.Loader - done loading collection
14:01:03.916 [main] DEBUG org.hibernate.loader.Loader - loading collection: [net.lojika.gtfs.model.Routes.routesCdkidCollection#istb.5008]
14:01:03.916 [main] DEBUG org.hibernate.jdbc.AbstractBatcher - about to open PreparedStatement (open PreparedStatements: 0, globally: 0)
14:01:03.916 [main] DEBUG org.hibernate.SQL - select routescdki0_.route_id as route2_2_1_, routescdki0_.route_cdk_id as route1_1_, routescdki0_.route_cdk_id as route1_3_0_, routescdki0_.route_id as route2_3_0_ from public.routes_cdkid routescdki0_ where routescdki0_.route_id=?
Hibernate: select routescdki0_.route_id as route2_2_1_, routescdki0_.route_cdk_id as route1_1_, routescdki0_.route_cdk_id as route1_3_0_, routescdki0_.route_id as route2_3_0_ from public.routes_cdkid routescdki0_ where routescdki0_.route_id=?
14:01:03.916 [main] DEBUG org.hibernate.jdbc.AbstractBatcher - about to open ResultSet (open ResultSets: 0, globally: 0)
14:01:03.916 [main] DEBUG org.hibernate.loader.Loader - result set contains (possibly empty) collection: [net.lojika.gtfs.model.Routes.routesCdkidCollection#istb.5008]
14:01:03.916 [main] DEBUG org.hibernate.loader.Loader - result row: EntityKey[net.lojika.gtfs.model.RoutesCdkid#gtfs.line.5.hlc-1]
14:01:03.916 [main] DEBUG org.hibernate.loader.Loader - found row of collection: [net.lojika.gtfs.model.Routes.routesCdkidCollection#istb.5008]
14:01:03.916 [main] DEBUG org.hibernate.loader.Loader - result row: EntityKey[net.lojika.gtfs.model.RoutesCdkid#gtfs.line.5.hlc-0]
14:01:03.917 [main] DEBUG org.hibernate.loader.Loader - found row of collection: [net.lojika.gtfs.model.Routes.routesCdkidCollection#istb.5008]
14:01:03.917 [main] DEBUG org.hibernate.jdbc.AbstractBatcher - about to close ResultSet (open ResultSets: 1, globally: 1)
14:01:03.917 [main] DEBUG org.hibernate.jdbc.AbstractBatcher - about to close PreparedStatement (open PreparedStatements: 1, globally: 1)
14:01:03.917 [main] DEBUG o.h.e.loading.CollectionLoadContext - 1 collections were found in result set for role: net.lojika.gtfs.model.Routes.routesCdkidCollection
14:01:03.917 [main] DEBUG o.h.e.loading.CollectionLoadContext - collection fully initialized: [net.lojika.gtfs.model.Routes.routesCdkidCollection#istb.5008]
14:01:03.917 [main] DEBUG o.h.e.loading.CollectionLoadContext - 1 collections initialized for role: net.lojika.gtfs.model.Routes.routesCdkidCollection
14:01:03.917 [main] DEBUG org.hibernate.loader.Loader - done loading collection
14:01:03.917 [main] DEBUG org.hibernate.loader.Loader - loading collection: [net.lojika.gtfs.model.Routes.routesCdkidCollection#istb.5011]
14:01:03.917 [main] DEBUG org.hibernate.jdbc.AbstractBatcher - about to open PreparedStatement (open PreparedStatements: 0, globally: 0)
14:01:03.917 [main] DEBUG org.hibernate.SQL - select routescdki0_.route_id as route2_2_1_, routescdki0_.route_cdk_id as route1_1_, routescdki0_.route_cdk_id as route1_3_0_, routescdki0_.route_id as route2_3_0_ from public.routes_cdkid routescdki0_ where routescdki0_.route_id=?
Hibernate: select routescdki0_.route_id as route2_2_1_, routescdki0_.route_cdk_id as route1_1_, routescdki0_.route_cdk_id as route1_3_0_, routescdki0_.route_id as route2_3_0_ from public.routes_cdkid routescdki0_ where routescdki0_.route_id=?
14:01:03.917 [main] DEBUG org.hibernate.jdbc.AbstractBatcher - about to open ResultSet (open ResultSets: 0, globally: 0)
14:01:03.917 [main] DEBUG org.hibernate.loader.Loader - result set contains (possibly empty) collection: [net.lojika.gtfs.model.Routes.routesCdkidCollection#istb.5011]
14:01:03.917 [main] DEBUG org.hibernate.loader.Loader - result row: EntityKey[net.lojika.gtfs.model.RoutesCdkid#gtfs.line.5.kdyemn-1]
14:01:03.917 [main] DEBUG org.hibernate.loader.Loader - found row of collection: [net.lojika.gtfs.model.Routes.routesCdkidCollection#istb.5011]
14:01:03.917 [main] DEBUG org.hibernate.jdbc.AbstractBatcher - about to close ResultSet (open ResultSets: 1, globally: 1)
14:01:03.917 [main] DEBUG org.hibernate.jdbc.AbstractBatcher - about to close PreparedStatement (open PreparedStatements: 1, globally: 1)
14:01:03.917 [main] DEBUG o.h.e.loading.CollectionLoadContext - 1 collections were found in result set for role: net.lojika.gtfs.model.Routes.routesCdkidCollection
14:01:03.917 [main] DEBUG o.h.e.loading.CollectionLoadContext - collection fully initialized: [net.lojika.gtfs.model.Routes.routesCdkidCollection#istb.5011]
14:01:03.917 [main] DEBUG o.h.e.loading.CollectionLoadContext - 1 collections initialized for role: net.lojika.gtfs.model.Routes.routesCdkidCollection
14:01:03.917 [main] DEBUG org.hibernate.loader.Loader - done loading collection
14:01:03.918 [main] DEBUG org.hibernate.loader.Loader - loading collection: [net.lojika.gtfs.model.Routes.routesCdkidCollection#istb.5012]
14:01:03.918 [main] DEBUG org.hibernate.jdbc.AbstractBatcher - about to open PreparedStatement (open PreparedStatements: 0, globally: 0)
14:01:03.918 [main] DEBUG org.hibernate.SQL - select routescdki0_.route_id as route2_2_1_, routescdki0_.route_cdk_id as route1_1_, routescdki0_.route_cdk_id as route1_3_0_, routescdki0_.route_id as route2_3_0_ from public.routes_cdkid routescdki0_ where routescdki0_.route_id=?
Hibernate: select routescdki0_.route_id as route2_2_1_, routescdki0_.route_cdk_id as route1_1_, routescdki0_.route_cdk_id as route1_3_0_, routescdki0_.route_id as route2_3_0_ from public.routes_cdkid routescdki0_ where routescdki0_.route_id=?
14:01:03.918 [main] DEBUG org.hibernate.jdbc.AbstractBatcher - about to open ResultSet (open ResultSets: 0, globally: 0)
14:01:03.918 [main] DEBUG org.hibernate.loader.Loader - result set contains (possibly empty) collection: [net.lojika.gtfs.model.Routes.routesCdkidCollection#istb.5012]
14:01:03.918 [main] DEBUG org.hibernate.loader.Loader - result row: EntityKey[net.lojika.gtfs.model.RoutesCdkid#gtfs.line.5.krkkdy-0]
14:01:03.918 [main] DEBUG org.hibernate.loader.Loader - found row of collection: [net.lojika.gtfs.model.Routes.routesCdkidCollection#istb.5012]
14:01:03.918 [main] DEBUG org.hibernate.jdbc.AbstractBatcher - about to close ResultSet (open ResultSets: 1, globally: 1)
14:01:03.918 [main] DEBUG org.hibernate.jdbc.AbstractBatcher - about to close PreparedStatement (open PreparedStatements: 1, globally: 1)
14:01:03.918 [main] DEBUG o.h.e.loading.CollectionLoadContext - 1 collections were found in result set for role: net.lojika.gtfs.model.Routes.routesCdkidCollection
14:01:03.918 [main] DEBUG o.h.e.loading.CollectionLoadContext - collection fully initialized: [net.lojika.gtfs.model.Routes.routesCdkidCollection#istb.5012]
14:01:03.918 [main] DEBUG o.h.e.loading.CollectionLoadContext - 1 collections initialized for role: net.lojika.gtfs.model.Routes.routesCdkidCollection
14:01:03.918 [main] DEBUG org.hibernate.loader.Loader - done loading collection
14:01:03.918 [main] DEBUG org.hibernate.loader.Loader - loading collection: [net.lojika.gtfs.model.Routes.routesCdkidCollection#istb.5013]
14:01:03.918 [main] DEBUG org.hibernate.jdbc.AbstractBatcher - about to open PreparedStatement (open PreparedStatements: 0, globally: 0)
14:01:03.918 [main] DEBUG org.hibernate.SQL - select routescdki0_.route_id as route2_2_1_, routescdki0_.route_cdk_id as route1_1_, routescdki0_.route_cdk_id as route1_3_0_, routescdki0_.route_id as route2_3_0_ from public.routes_cdkid routescdki0_ where routescdki0_.route_id=?
Hibernate: select routescdki0_.route_id as route2_2_1_, routescdki0_.route_cdk_id as route1_1_, routescdki0_.route_cdk_id as route1_3_0_, routescdki0_.route_id as route2_3_0_ from public.routes_cdkid routescdki0_ where routescdki0_.route_id=?
14:01:03.919 [main] DEBUG org.hibernate.jdbc.AbstractBatcher - about to open ResultSet (open ResultSets: 0, globally: 0)
14:01:03.919 [main] DEBUG org.hibernate.loader.Loader - result set contains (possibly empty) collection: [net.lojika.gtfs.model.Routes.routesCdkidCollection#istb.5013]
14:01:03.919 [main] DEBUG org.hibernate.loader.Loader - result row: EntityKey[net.lojika.gtfs.model.RoutesCdkid#gtfs.line.5.krkhyd-1]
14:01:03.919 [main] DEBUG org.hibernate.loader.Loader - found row of collection: [net.lojika.gtfs.model.Routes.routesCdkidCollection#istb.5013]
14:01:03.919 [main] DEBUG org.hibernate.jdbc.AbstractBatcher - about to close ResultSet (open ResultSets: 1, globally: 1)
14:01:03.919 [main] DEBUG org.hibernate.jdbc.AbstractBatcher - about to close PreparedStatement (open PreparedStatements: 1, globally: 1)
14:01:03.919 [main] DEBUG o.h.e.loading.CollectionLoadContext - 1 collections were found in result set for role: net.lojika.gtfs.model.Routes.routesCdkidCollection
14:01:03.919 [main] DEBUG o.h.e.loading.CollectionLoadContext - collection fully initialized: [net.lojika.gtfs.model.Routes.routesCdkidCollection#istb.5013]
14:01:03.919 [main] DEBUG o.h.e.loading.CollectionLoadContext - 1 collections initialized for role: net.lojika.gtfs.model.Routes.routesCdkidCollection
14:01:03.919 [main] DEBUG org.hibernate.loader.Loader - done loading collection
14:01:03.919 [main] DEBUG org.hibernate.loader.Loader - loading collection: [net.lojika.gtfs.model.Routes.routesCdkidCollection#istb.5102]
14:01:03.919 [main] DEBUG org.hibernate.jdbc.AbstractBatcher - about to open PreparedStatement (open PreparedStatements: 0, globally: 0)
14:01:03.919 [main] DEBUG org.hibernate.SQL - select routescdki0_.route_id as route2_2_1_, routescdki0_.route_cdk_id as route1_1_, routescdki0_.route_cdk_id as route1_3_0_, routescdki0_.route_id as route2_3_0_ from public.routes_cdkid routescdki0_ where routescdki0_.route_id=?
Hibernate: select routescdki0_.route_id as route2_2_1_, routescdki0_.route_cdk_id as route1_1_, routescdki0_.route_cdk_id as route1_3_0_, routescdki0_.route_id as route2_3_0_ from public.routes_cdkid routescdki0_ where routescdki0_.route_id=?
14:01:03.920 [main] DEBUG org.hibernate.jdbc.AbstractBatcher - about to open ResultSet (open ResultSets: 0, globally: 0)
14:01:03.920 [main] DEBUG org.hibernate.loader.Loader - result set contains (possibly empty) collection: [net.lojika.gtfs.model.Routes.routesCdkidCollection#istb.5102]
14:01:03.920 [main] DEBUG org.hibernate.loader.Loader - result row: EntityKey[net.lojika.gtfs.model.RoutesCdkid#gtfs.line.5.kcsbsk-1]
14:01:03.920 [main] DEBUG org.hibernate.loader.Loader - found row of collection: [net.lojika.gtfs.model.Routes.routesCdkidCollection#istb.5102]
14:01:03.920 [main] DEBUG org.hibernate.loader.Loader - result row: EntityKey[net.lojika.gtfs.model.RoutesCdkid#gtfs.line.5.kcsbsk-0]
14:01:03.920 [main] DEBUG org.hibernate.loader.Loader - found row of collection: [net.lojika.gtfs.model.Routes.routesCdkidCollection#istb.5102]
14:01:03.920 [main] DEBUG org.hibernate.jdbc.AbstractBatcher - about to close ResultSet (open ResultSets: 1, globally: 1)
14:01:03.920 [main] DEBUG org.hibernate.jdbc.AbstractBatcher - about to close PreparedStatement (open PreparedStatements: 1, globally: 1)
14:01:03.920 [main] DEBUG o.h.e.loading.CollectionLoadContext - 1 collections were found in result set for role: net.lojika.gtfs.model.Routes.routesCdkidCollection
14:01:03.920 [main] DEBUG o.h.e.loading.CollectionLoadContext - collection fully initialized: [net.lojika.gtfs.model.Routes.routesCdkidCollection#istb.5102]
14:01:03.920 [main] DEBUG o.h.e.loading.CollectionLoadContext - 1 collections initialized for role: net.lojika.gtfs.model.Routes.routesCdkidCollection
14:01:03.920 [main] DEBUG org.hibernate.loader.Loader - done loading collection
14:01:03.920 [main] DEBUG org.hibernate.loader.Loader - loading collection: [net.lojika.gtfs.model.Routes.routesCdkidCollection#istb.5104]
14:01:03.920 [main] DEBUG org.hibernate.jdbc.AbstractBatcher - about to open PreparedStatement (open PreparedStatements: 0, globally: 0)
14:01:03.920 [main] DEBUG org.hibernate.SQL - select routescdki0_.route_id as route2_2_1_, routescdki0_.route_cdk_id as route1_1_, routescdki0_.route_cdk_id as route1_3_0_, routescdki0_.route_id as route2_3_0_ from public.routes_cdkid routescdki0_ where routescdki0_.route_id=?
Hibernate: select routescdki0_.route_id as route2_2_1_, routescdki0_.route_cdk_id as route1_1_, routescdki0_.route_cdk_id as route1_3_0_, routescdki0_.route_id as route2_3_0_ from public.routes_cdkid routescdki0_ where routescdki0_.route_id=?
14:01:03.920 [main] DEBUG org.hibernate.jdbc.AbstractBatcher - about to open ResultSet (open ResultSets: 0, globally: 0)
14:01:03.920 [main] DEBUG org.hibernate.loader.Loader - result set contains (possibly empty) collection: [net.lojika.gtfs.model.Routes.routesCdkidCollection#istb.5104]
14:01:03.920 [main] DEBUG org.hibernate.loader.Loader - result row: EntityKey[net.lojika.gtfs.model.RoutesCdkid#gtfs.line.5.kcsist-0]
14:01:03.920 [main] DEBUG org.hibernate.loader.Loader - found row of collection: [net.lojika.gtfs.model.Routes.routesCdkidCollection#istb.5104]
14:01:03.921 [main] DEBUG org.hibernate.loader.Loader - result row: EntityKey[net.lojika.gtfs.model.RoutesCdkid#gtfs.line.5.kcsist-1]
14:01:03.921 [main] DEBUG org.hibernate.loader.Loader - found row of collection: [net.lojika.gtfs.model.Routes.routesCdkidCollection#istb.5104]
14:01:03.921 [main] DEBUG org.hibernate.jdbc.AbstractBatcher - about to close ResultSet (open ResultSets: 1, globally: 1)
14:01:03.921 [main] DEBUG org.hibernate.jdbc.AbstractBatcher - about to close PreparedStatement (open PreparedStatements: 1, globally: 1)
14:01:03.921 [main] DEBUG o.h.e.loading.CollectionLoadContext - 1 collections were found in result set for role: net.lojika.gtfs.model.Routes.routesCdkidCollection
14:01:03.921 [main] DEBUG o.h.e.loading.CollectionLoadContext - collection fully initialized: [net.lojika.gtfs.model.Routes.routesCdkidCollection#istb.5104]
14:01:03.921 [main] DEBUG o.h.e.loading.CollectionLoadContext - 1 collections initialized for role: net.lojika.gtfs.model.Routes.routesCdkidCollection
14:01:03.921 [main] DEBUG org.hibernate.loader.Loader - done loading collection
14:01:03.921 [main] DEBUG org.hibernate.loader.Loader - loading collection: [net.lojika.gtfs.model.Routes.routesCdkidCollection#istb.5111]
14:01:03.921 [main] DEBUG org.hibernate.jdbc.AbstractBatcher - about to open PreparedStatement (open PreparedStatements: 0, globally: 0)
14:01:03.921 [main] DEBUG org.hibernate.SQL - select routescdki0_.route_id as route2_2_1_, routescdki0_.route_cdk_id as route1_1_, routescdki0_.route_cdk_id as route1_3_0_, routescdki0_.route_id as route2_3_0_ from public.routes_cdkid routescdki0_ where routescdki0_.route_id=?
Hibernate: select routescdki0_.route_id as route2_2_1_, routescdki0_.route_cdk_id as route1_1_, routescdki0_.route_cdk_id as route1_3_0_, routescdki0_.route_id as route2_3_0_ from public.routes_cdkid routescdki0_ where routescdki0_.route_id=?
14:01:03.921 [main] DEBUG org.hibernate.jdbc.AbstractBatcher - about to open ResultSet (open ResultSets: 0, globally: 0)
14:01:03.921 [main] DEBUG org.hibernate.loader.Loader - result set contains (possibly empty) collection: [net.lojika.gtfs.model.Routes.routesCdkidCollection#istb.5111]
14:01:03.921 [main] DEBUG org.hibernate.loader.Loader - result row: EntityKey[net.lojika.gtfs.model.RoutesCdkid#gtfs.line.5.sryakv-1]
14:01:03.921 [main] DEBUG org.hibernate.loader.Loader - found row of collection: [net.lojika.gtfs.model.Routes.routesCdkidCollection#istb.5111]
14:01:03.921 [main] DEBUG org.hibernate.loader.Loader - result row: EntityKey[net.lojika.gtfs.model.RoutesCdkid#gtfs.line.5.sryakv-0]
14:01:03.921 [main] DEBUG org.hibernate.loader.Loader - found row of collection: [net.lojika.gtfs.model.Routes.routesCdkidCollection#istb.5111]
14:01:03.921 [main] DEBUG org.hibernate.jdbc.AbstractBatcher - about to close ResultSet (open ResultSets: 1, globally: 1)
14:01:03.921 [main] DEBUG org.hibernate.jdbc.AbstractBatcher - about to close PreparedStatement (open PreparedStatements: 1, globally: 1)
14:01:03.921 [main] DEBUG o.h.e.loading.CollectionLoadContext - 1 collections were found in result set for role: net.lojika.gtfs.model.Routes.routesCdkidCollection
14:01:03.921 [main] DEBUG o.h.e.loading.CollectionLoadContext - collection fully initialized: [net.lojika.gtfs.model.Routes.routesCdkidCollection#istb.5111]
14:01:03.921 [main] DEBUG o.h.e.loading.CollectionLoadContext - 1 collections initialized for role: net.lojika.gtfs.model.Routes.routesCdkidCollection
14:01:03.921 [main] DEBUG org.hibernate.loader.Loader - done loading collection
14:01:03.922 [main] DEBUG org.hibernate.loader.Loader - loading collection: [net.lojika.gtfs.model.Routes.routesCdkidCollection#istb.5143]
14:01:03.922 [main] DEBUG org.hibernate.jdbc.AbstractBatcher - about to open PreparedStatement (open PreparedStatements: 0, globally: 0)
14:01:03.922 [main] DEBUG org.hibernate.SQL - select routescdki0_.route_id as route2_2_1_, routescdki0_.route_cdk_id as route1_1_, routescdki0_.route_cdk_id as route1_3_0_, routescdki0_.route_id as route2_3_0_ from public.routes_cdkid routescdki0_ where routescdki0_.route_id=?
Hibernate: select routescdki0_.route_id as route2_2_1_, routescdki0_.route_cdk_id as route1_1_, routescdki0_.route_cdk_id as route1_3_0_, routescdki0_.route_id as route2_3_0_ from public.routes_cdkid routescdki0_ where routescdki0_.route_id=?
14:01:03.922 [main] DEBUG org.hibernate.jdbc.AbstractBatcher - about to open ResultSet (open ResultSets: 0, globally: 0)
14:01:03.922 [main] DEBUG org.hibernate.loader.Loader - result set contains (possibly empty) collection: [net.lojika.gtfs.model.Routes.routesCdkidCollection#istb.5143]
14:01:03.922 [main] DEBUG org.hibernate.loader.Loader - result row: EntityKey[net.lojika.gtfs.model.RoutesCdkid#gtfs.line.5.cngist-0]
14:01:03.922 [main] DEBUG org.hibernate.loader.Loader - found row of collection: [net.lojika.gtfs.model.Routes.routesCdkidCollection#istb.5143]
14:01:03.922 [main] DEBUG org.hibernate.jdbc.AbstractBatcher - about to close ResultSet (open ResultSets: 1, globally: 1)
14:01:03.922 [main] DEBUG org.hibernate.jdbc.AbstractBatcher - about to close PreparedStatement (open PreparedStatements: 1, globally: 1)
14:01:03.922 [main] DEBUG o.h.e.loading.CollectionLoadContext - 1 collections were found in result set for role: net.lojika.gtfs.model.Routes.routesCdkidCollection
14:01:03.922 [main] DEBUG o.h.e.loading.CollectionLoadContext - collection fully initialized: [net.lojika.gtfs.model.Routes.routesCdkidCollection#istb.5143]
14:01:03.922 [main] DEBUG o.h.e.loading.CollectionLoadContext - 1 collections initialized for role: net.lojika.gtfs.model.Routes.routesCdkidCollection
14:01:03.922 [main] DEBUG org.hibernate.loader.Loader - done loading collection
14:01:03.922 [main] DEBUG org.hibernate.loader.Loader - loading collection: [net.lojika.gtfs.model.Routes.routesCdkidCollection#istb.5150]
14:01:03.922 [main] DEBUG org.hibernate.jdbc.AbstractBatcher - about to open PreparedStatement (open PreparedStatements: 0, globally: 0)
14:01:03.922 [main] DEBUG org.hibernate.SQL - select routescdki0_.route_id as route2_2_1_, routescdki0_.route_cdk_id as route1_1_, routescdki0_.route_cdk_id as route1_3_0_, routescdki0_.route_id as route2_3_0_ from public.routes_cdkid routescdki0_ where routescdki0_.route_id=?
Hibernate: select routescdki0_.route_id as route2_2_1_, routescdki0_.route_cdk_id as route1_1_, routescdki0_.route_cdk_id as route1_3_0_, routescdki0_.route_id as route2_3_0_ from public.routes_cdkid routescdki0_ where routescdki0_.route_id=?
14:01:03.923 [main] DEBUG org.hibernate.jdbc.AbstractBatcher - about to open ResultSet (open ResultSets: 0, globally: 0)
14:01:03.923 [main] DEBUG org.hibernate.loader.Loader - result set contains (possibly empty) collection: [net.lojika.gtfs.model.Routes.routesCdkidCollection#istb.5150]
14:01:03.923 [main] DEBUG org.hibernate.loader.Loader - result row: EntityKey[net.lojika.gtfs.model.RoutesCdkid#gtfs.line.5.emnbyk-1]
14:01:03.923 [main] DEBUG org.hibernate.loader.Loader - found row of collection: [net.lojika.gtfs.model.Routes.routesCdkidCollection#istb.5150]
14:01:03.923 [main] DEBUG org.hibernate.jdbc.AbstractBatcher - about to close ResultSet (open ResultSets: 1, globally: 1)
14:01:03.923 [main] DEBUG org.hibernate.jdbc.AbstractBatcher - about to close PreparedStatement (open PreparedStatements: 1, globally: 1)
14:01:03.923 [main] DEBUG o.h.e.loading.CollectionLoadContext - 1 collections were found in result set for role: net.lojika.gtfs.model.Routes.routesCdkidCollection
14:01:03.923 [main] DEBUG o.h.e.loading.CollectionLoadContext - collection fully initialized: [net.lojika.gtfs.model.Routes.routesCdkidCollection#istb.5150]
14:01:03.923 [main] DEBUG o.h.e.loading.CollectionLoadContext - 1 collections initialized for role: net.lojika.gtfs.model.Routes.routesCdkidCollection
14:01:03.923 [main] DEBUG org.hibernate.loader.Loader - done loading collection
14:01:03.923 [main] DEBUG org.hibernate.loader.Loader - loading collection: [net.lojika.gtfs.model.Routes.routesCdkidCollection#istb.5153]
14:01:03.923 [main] DEBUG org.hibernate.jdbc.AbstractBatcher - about to open PreparedStatement (open PreparedStatements: 0, globally: 0)
14:01:03.923 [main] DEBUG org.hibernate.SQL - select routescdki0_.route_id as route2_2_1_, routescdki0_.route_cdk_id as route1_1_, routescdki0_.route_cdk_id as route1_3_0_, routescdki0_.route_id as route2_3_0_ from public.routes_cdkid routescdki0_ where routescdki0_.route_id=?
Hibernate: select routescdki0_.route_id as route2_2_1_, routescdki0_.route_cdk_id as route1_1_, routescdki0_.route_cdk_id as route1_3_0_, routescdki0_.route_id as route2_3_0_ from public.routes_cdkid routescdki0_ where routescdki0_.route_id=?
14:01:03.923 [main] DEBUG org.hibernate.jdbc.AbstractBatcher - about to open ResultSet (open ResultSets: 0, globally: 0)
14:01:03.923 [main] DEBUG org.hibernate.loader.Loader - result set contains (possibly empty) collection: [net.lojika.gtfs.model.Routes.routesCdkidCollection#istb.5153]
14:01:03.923 [main] DEBUG org.hibernate.loader.Loader - result row: EntityKey[net.lojika.gtfs.model.RoutesCdkid#gtfs.line.5.cngist-1]
14:01:03.923 [main] DEBUG org.hibernate.loader.Loader - found row of collection: [net.lojika.gtfs.model.Routes.routesCdkidCollection#istb.5153]
14:01:03.923 [main] DEBUG org.hibernate.jdbc.AbstractBatcher - about to close ResultSet (open ResultSets: 1, globally: 1)
14:01:03.923 [main] DEBUG org.hibernate.jdbc.AbstractBatcher - about to close PreparedStatement (open PreparedStatements: 1, globally: 1)
14:01:03.923 [main] DEBUG o.h.e.loading.CollectionLoadContext - 1 collections were found in result set for role: net.lojika.gtfs.model.Routes.routesCdkidCollection
14:01:03.923 [main] DEBUG o.h.e.loading.CollectionLoadContext - collection fully initialized: [net.lojika.gtfs.model.Routes.routesCdkidCollection#istb.5153]
14:01:03.923 [main] DEBUG o.h.e.loading.CollectionLoadContext - 1 collections initialized for role: net.lojika.gtfs.model.Routes.routesCdkidCollection
14:01:03.923 [main] DEBUG org.hibernate.loader.Loader - done loading collection
14:01:03.923 [main] DEBUG org.hibernate.loader.Loader - loading collection: [net.lojika.gtfs.model.Routes.routesCdkidCollection#istb.5154]
14:01:03.923 [main] DEBUG org.hibernate.jdbc.AbstractBatcher - about to open PreparedStatement (open PreparedStatements: 0, globally: 0)
14:01:03.923 [main] DEBUG org.hibernate.SQL - select routescdki0_.route_id as route2_2_1_, routescdki0_.route_cdk_id as route1_1_, routescdki0_.route_cdk_id as route1_3_0_, routescdki0_.route_id as route2_3_0_ from public.routes_cdkid routescdki0_ where routescdki0_.route_id=?
Hibernate: select routescdki0_.route_id as route2_2_1_, routescdki0_.route_cdk_id as route1_1_, routescdki0_.route_cdk_id as route1_3_0_, routescdki0_.route_id as route2_3_0_ from public.routes_cdkid routescdki0_ where routescdki0_.route_id=?
14:01:03.924 [main] DEBUG org.hibernate.jdbc.AbstractBatcher - about to open ResultSet (open ResultSets: 0, globally: 0)
14:01:03.924 [main] DEBUG org.hibernate.loader.Loader - result set contains (possibly empty) collection: [net.lojika.gtfs.model.Routes.routesCdkidCollection#istb.5154]
14:01:03.924 [main] DEBUG org.hibernate.loader.Loader - result row: EntityKey[net.lojika.gtfs.model.RoutesCdkid#gtfs.line.5.cngemn-1]
14:01:03.924 [main] DEBUG org.hibernate.loader.Loader - found row of collection: [net.lojika.gtfs.model.Routes.routesCdkidCollection#istb.5154]
14:01:03.924 [main] DEBUG org.hibernate.jdbc.AbstractBatcher - about to close ResultSet (open ResultSets: 1, globally: 1)
14:01:03.924 [main] DEBUG org.hibernate.jdbc.AbstractBatcher - about to close PreparedStatement (open PreparedStatements: 1, globally: 1)
14:01:03.924 [main] DEBUG o.h.e.loading.CollectionLoadContext - 1 collections were found in result set for role: net.lojika.gtfs.model.Routes.routesCdkidCollection
14:01:03.924 [main] DEBUG o.h.e.loading.CollectionLoadContext - collection fully initialized: [net.lojika.gtfs.model.Routes.routesCdkidCollection#istb.5154]
14:01:03.924 [main] DEBUG o.h.e.loading.CollectionLoadContext - 1 collections initialized for role: net.lojika.gtfs.model.Routes.routesCdkidCollection
14:01:03.924 [main] DEBUG org.hibernate.loader.Loader - done loading collection
14:01:03.924 [main] DEBUG org.hibernate.loader.Loader - loading collection: [net.lojika.gtfs.model.Routes.routesCdkidCollection#istb.5155]
14:01:03.924 [main] DEBUG org.hibernate.jdbc.AbstractBatcher - about to open PreparedStatement (open PreparedStatements: 0, globally: 0)
14:01:03.924 [main] DEBUG org.hibernate.SQL - select routescdki0_.route_id as route2_2_1_, routescdki0_.route_cdk_id as route1_1_, routescdki0_.route_cdk_id as route1_3_0_, routescdki0_.route_id as route2_3_0_ from public.routes_cdkid routescdki0_ where routescdki0_.route_id=?
Hibernate: select routescdki0_.route_id as route2_2_1_, routescdki0_.route_cdk_id as route1_1_, routescdki0_.route_cdk_id as route1_3_0_, routescdki0_.route_id as route2_3_0_ from public.routes_cdkid routescdki0_ where routescdki0_.route_id=?
14:01:03.924 [main] DEBUG org.hibernate.jdbc.AbstractBatcher - about to open ResultSet (open ResultSets: 0, globally: 0)
14:01:03.924 [main] DEBUG org.hibernate.loader.Loader - result set contains (possibly empty) collection: [net.lojika.gtfs.model.Routes.routesCdkidCollection#istb.5155]
14:01:03.924 [main] DEBUG org.hibernate.loader.Loader - result row: EntityKey[net.lojika.gtfs.model.RoutesCdkid#gtfs.line.5.ahsemn-1]
14:01:03.924 [main] DEBUG org.hibernate.loader.Loader - found row of collection: [net.lojika.gtfs.model.Routes.routesCdkidCollection#istb.5155]
14:01:03.924 [main] DEBUG org.hibernate.jdbc.AbstractBatcher - about to close ResultSet (open ResultSets: 1, globally: 1)
14:01:03.924 [main] DEBUG org.hibernate.jdbc.AbstractBatcher - about to close PreparedStatement (open PreparedStatements: 1, globally: 1)
14:01:03.924 [main] DEBUG o.h.e.loading.CollectionLoadContext - 1 collections were found in result set for role: net.lojika.gtfs.model.Routes.routesCdkidCollection
14:01:03.924 [main] DEBUG o.h.e.loading.CollectionLoadContext - collection fully initialized: [net.lojika.gtfs.model.Routes.routesCdkidCollection#istb.5155]
14:01:03.924 [main] DEBUG o.h.e.loading.CollectionLoadContext - 1 collections initialized for role: net.lojika.gtfs.model.Routes.routesCdkidCollection
14:01:03.924 [main] DEBUG org.hibernate.loader.Loader - done loading collection
14:01:03.924 [main] DEBUG org.hibernate.loader.Loader - loading collection: [net.lojika.gtfs.model.Routes.routesCdkidCollection#istb.5156]
14:01:03.924 [main] DEBUG org.hibernate.jdbc.AbstractBatcher - about to open PreparedStatement (open PreparedStatements: 0, globally: 0)
14:01:03.924 [main] DEBUG org.hibernate.SQL - select routescdki0_.route_id as route2_2_1_, routescdki0_.route_cdk_id as route1_1_, routescdki0_.route_cdk_id as route1_3_0_, routescdki0_.route_id as route2_3_0_ from public.routes_cdkid routescdki0_ where routescdki0_.route_id=?
Hibernate: select routescdki0_.route_id as route2_2_1_, routescdki0_.route_cdk_id as route1_1_, routescdki0_.route_cdk_id as route1_3_0_, routescdki0_.route_id as route2_3_0_ from public.routes_cdkid routescdki0_ where routescdki0_.route_id=?
14:01:03.925 [main] DEBUG org.hibernate.jdbc.AbstractBatcher - about to open ResultSet (open ResultSets: 0, globally: 0)
14:01:03.925 [main] DEBUG org.hibernate.loader.Loader - result set contains (possibly empty) collection: [net.lojika.gtfs.model.Routes.routesCdkidCollection#istb.5156]
14:01:03.925 [main] DEBUG org.hibernate.loader.Loader - result row: EntityKey[net.lojika.gtfs.model.RoutesCdkid#gtfs.line.5.arnemn-1]
14:01:03.925 [main] DEBUG org.hibernate.loader.Loader - found row of collection: [net.lojika.gtfs.model.Routes.routesCdkidCollection#istb.5156]
14:01:03.925 [main] DEBUG org.hibernate.jdbc.AbstractBatcher - about to close ResultSet (open ResultSets: 1, globally: 1)
14:01:03.925 [main] DEBUG org.hibernate.jdbc.AbstractBatcher - about to close PreparedStatement (open PreparedStatements: 1, globally: 1)
14:01:03.925 [main] DEBUG o.h.e.loading.CollectionLoadContext - 1 collections were found in result set for role: net.lojika.gtfs.model.Routes.routesCdkidCollection
14:01:03.925 [main] DEBUG o.h.e.loading.CollectionLoadContext - collection fully initialized: [net.lojika.gtfs.model.Routes.routesCdkidCollection#istb.5156]
14:01:03.925 [main] DEBUG o.h.e.loading.CollectionLoadContext - 1 collections initialized for role: net.lojika.gtfs.model.Routes.routesCdkidCollection
14:01:03.925 [main] DEBUG org.hibernate.loader.Loader - done loading collection
14:01:03.925 [main] DEBUG org.hibernate.loader.Loader - loading collection: [net.lojika.gtfs.model.Routes.routesCdkidCollection#istb.5160]
14:01:03.925 [main] DEBUG org.hibernate.jdbc.AbstractBatcher - about to open PreparedStatement (open PreparedStatements: 0, globally: 0)
14:01:03.925 [main] DEBUG org.hibernate.SQL - select routescdki0_.route_id as route2_2_1_, routescdki0_.route_cdk_id as route1_1_, routescdki0_.route_cdk_id as route1_3_0_, routescdki0_.route_id as route2_3_0_ from public.routes_cdkid routescdki0_ where routescdki0_.route_id=?
Hibernate: select routescdki0_.route_id as route2_2_1_, routescdki0_.route_cdk_id as route1_1_, routescdki0_.route_cdk_id as route1_3_0_, routescdki0_.route_id as route2_3_0_ from public.routes_cdkid routescdki0_ where routescdki0_.route_id=?
14:01:03.925 [main] DEBUG org.hibernate.jdbc.AbstractBatcher - about to open ResultSet (open ResultSets: 0, globally: 0)
14:01:03.925 [main] DEBUG org.hibernate.loader.Loader - result set contains (possibly empty) collection: [net.lojika.gtfs.model.Routes.routesCdkidCollection#istb.5160]
14:01:03.925 [main] DEBUG org.hibernate.loader.Loader - result row: EntityKey[net.lojika.gtfs.model.RoutesCdkid#gtfs.line.5.kbtbyk-0]
14:01:03.925 [main] DEBUG org.hibernate.loader.Loader - found row of collection: [net.lojika.gtfs.model.Routes.routesCdkidCollection#istb.5160]
14:01:03.925 [main] DEBUG org.hibernate.loader.Loader - result row: EntityKey[net.lojika.gtfs.model.RoutesCdkid#gtfs.line.5.kbtbyk-1]
14:01:03.925 [main] DEBUG org.hibernate.loader.Loader - found row of collection: [net.lojika.gtfs.model.Routes.routesCdkidCollection#istb.5160]
14:01:03.925 [main] DEBUG org.hibernate.jdbc.AbstractBatcher - about to close ResultSet (open ResultSets: 1, globally: 1)
14:01:03.926 [main] DEBUG org.hibernate.jdbc.AbstractBatcher - about to close PreparedStatement (open PreparedStatements: 1, globally: 1)
14:01:03.926 [main] DEBUG o.h.e.loading.CollectionLoadContext - 1 collections were found in result set for role: net.lojika.gtfs.model.Routes.routesCdkidCollection
14:01:03.926 [main] DEBUG o.h.e.loading.CollectionLoadContext - collection fully initialized: [net.lojika.gtfs.model.Routes.routesCdkidCollection#istb.5160]
14:01:03.926 [main] DEBUG o.h.e.loading.CollectionLoadContext - 1 collections initialized for role: net.lojika.gtfs.model.Routes.routesCdkidCollection
14:01:03.926 [main] DEBUG org.hibernate.loader.Loader - done loading collection
14:01:03.926 [main] DEBUG org.hibernate.loader.Loader - loading collection: [net.lojika.gtfs.model.Routes.routesCdkidCollection#istb.5163]
14:01:03.926 [main] DEBUG org.hibernate.jdbc.AbstractBatcher - about to open PreparedStatement (open PreparedStatements: 0, globally: 0)
14:01:03.926 [main] DEBUG org.hibernate.SQL - select routescdki0_.route_id as route2_2_1_, routescdki0_.route_cdk_id as route1_1_, routescdki0_.route_cdk_id as route1_3_0_, routescdki0_.route_id as route2_3_0_ from public.routes_cdkid routescdki0_ where routescdki0_.route_id=?
Hibernate: select routescdki0_.route_id as route2_2_1_, routescdki0_.route_cdk_id as route1_1_, routescdki0_.route_cdk_id as route1_3_0_, routescdki0_.route_id as route2_3_0_ from public.routes_cdkid routescdki0_ where routescdki0_.route_id=?
14:01:03.926 [main] DEBUG org.hibernate.jdbc.AbstractBatcher - about to open ResultSet (open ResultSets: 0, globally: 0)
14:01:03.926 [main] DEBUG org.hibernate.loader.Loader - result set contains (possibly empty) collection: [net.lojika.gtfs.model.Routes.routesCdkidCollection#istb.5163]
14:01:03.926 [main] DEBUG org.hibernate.loader.Loader - result row: EntityKey[net.lojika.gtfs.model.RoutesCdkid#gtfs.line.5.emrcng-1]
14:01:03.926 [main] DEBUG org.hibernate.loader.Loader - found row of collection: [net.lojika.gtfs.model.Routes.routesCdkidCollection#istb.5163]
14:01:03.926 [main] DEBUG org.hibernate.jdbc.AbstractBatcher - about to close ResultSet (open ResultSets: 1, globally: 1)
14:01:03.926 [main] DEBUG org.hibernate.jdbc.AbstractBatcher - about to close PreparedStatement (open PreparedStatements: 1, globally: 1)
14:01:03.926 [main] DEBUG o.h.e.loading.CollectionLoadContext - 1 collections were found in result set for role: net.lojika.gtfs.model.Routes.routesCdkidCollection
14:01:03.926 [main] DEBUG o.h.e.loading.CollectionLoadContext - collection fully initialized: [net.lojika.gtfs.model.Routes.routesCdkidCollection#istb.5163]
14:01:03.926 [main] DEBUG o.h.e.loading.CollectionLoadContext - 1 collections initialized for role: net.lojika.gtfs.model.Routes.routesCdkidCollection
14:01:03.926 [main] DEBUG org.hibernate.loader.Loader - done loading collection
14:01:03.926 [main] DEBUG org.hibernate.loader.Loader - loading collection: [net.lojika.gtfs.model.Routes.routesCdkidCollection#istb.5170]
14:01:03.926 [main] DEBUG org.hibernate.jdbc.AbstractBatcher - about to open PreparedStatement (open PreparedStatements: 0, globally: 0)
14:01:03.926 [main] DEBUG org.hibernate.SQL - select routescdki0_.route_id as route2_2_1_, routescdki0_.route_cdk_id as route1_1_, routescdki0_.route_cdk_id as route1_3_0_, routescdki0_.route_id as route2_3_0_ from public.routes_cdkid routescdki0_ where routescdki0_.route_id=?
Hibernate: select routescdki0_.route_id as route2_2_1_, routescdki0_.route_cdk_id as route1_1_, routescdki0_.route_cdk_id as route1_3_0_, routescdki0_.route_id as route2_3_0_ from public.routes_cdkid routescdki0_ where routescdki0_.route_id=?
14:01:03.926 [main] DEBUG org.hibernate.jdbc.AbstractBatcher - about to open ResultSet (open ResultSets: 0, globally: 0)
14:01:03.927 [main] DEBUG org.hibernate.loader.Loader - result set contains (possibly empty) collection: [net.lojika.gtfs.model.Routes.routesCdkidCollection#istb.5170]
14:01:03.927 [main] DEBUG org.hibernate.loader.Loader - result row: EntityKey[net.lojika.gtfs.model.RoutesCdkid#gtfs.line.5.emnbyk-0]
14:01:03.927 [main] DEBUG org.hibernate.loader.Loader - found row of collection: [net.lojika.gtfs.model.Routes.routesCdkidCollection#istb.5170]
14:01:03.927 [main] DEBUG org.hibernate.jdbc.AbstractBatcher - about to close ResultSet (open ResultSets: 1, globally: 1)
14:01:03.927 [main] DEBUG org.hibernate.jdbc.AbstractBatcher - about to close PreparedStatement (open PreparedStatements: 1, globally: 1)
14:01:03.927 [main] DEBUG o.h.e.loading.CollectionLoadContext - 1 collections were found in result set for role: net.lojika.gtfs.model.Routes.routesCdkidCollection
14:01:03.927 [main] DEBUG o.h.e.loading.CollectionLoadContext - collection fully initialized: [net.lojika.gtfs.model.Routes.routesCdkidCollection#istb.5170]
14:01:03.927 [main] DEBUG o.h.e.loading.CollectionLoadContext - 1 collections initialized for role: net.lojika.gtfs.model.Routes.routesCdkidCollection
14:01:03.927 [main] DEBUG org.hibernate.loader.Loader - done loading collection
14:01:03.927 [main] DEBUG org.hibernate.loader.Loader - loading collection: [net.lojika.gtfs.model.Routes.routesCdkidCollection#istb.5190]
14:01:03.927 [main] DEBUG org.hibernate.jdbc.AbstractBatcher - about to open PreparedStatement (open PreparedStatements: 0, globally: 0)
14:01:03.927 [main] DEBUG org.hibernate.SQL - select routescdki0_.route_id as route2_2_1_, routescdki0_.route_cdk_id as route1_1_, routescdki0_.route_cdk_id as route1_3_0_, routescdki0_.route_id as route2_3_0_ from public.routes_cdkid routescdki0_ where routescdki0_.route_id=?
Hibernate: select routescdki0_.route_id as route2_2_1_, routescdki0_.route_cdk_id as route1_1_, routescdki0_.route_cdk_id as route1_3_0_, routescdki0_.route_id as route2_3_0_ from public.routes_cdkid routescdki0_ where routescdki0_.route_id=?
14:01:03.927 [main] DEBUG org.hibernate.jdbc.AbstractBatcher - about to open ResultSet (open ResultSets: 0, globally: 0)
14:01:03.927 [main] DEBUG org.hibernate.loader.Loader - result set contains (possibly empty) collection: [net.lojika.gtfs.model.Routes.routesCdkidCollection#istb.5190]
14:01:03.927 [main] DEBUG org.hibernate.loader.Loader - result row: EntityKey[net.lojika.gtfs.model.RoutesCdkid#gtfs.line.5.emnahs-0]
14:01:03.927 [main] DEBUG org.hibernate.loader.Loader - found row of collection: [net.lojika.gtfs.model.Routes.routesCdkidCollection#istb.5190]
14:01:03.927 [main] DEBUG org.hibernate.jdbc.AbstractBatcher - about to close ResultSet (open ResultSets: 1, globally: 1)
14:01:03.927 [main] DEBUG org.hibernate.jdbc.AbstractBatcher - about to close PreparedStatement (open PreparedStatements: 1, globally: 1)
14:01:03.927 [main] DEBUG o.h.e.loading.CollectionLoadContext - 1 collections were found in result set for role: net.lojika.gtfs.model.Routes.routesCdkidCollection
14:01:03.927 [main] DEBUG o.h.e.loading.CollectionLoadContext - collection fully initialized: [net.lojika.gtfs.model.Routes.routesCdkidCollection#istb.5190]
14:01:03.927 [main] DEBUG o.h.e.loading.CollectionLoadContext - 1 collections initialized for role: net.lojika.gtfs.model.Routes.routesCdkidCollection
14:01:03.927 [main] DEBUG org.hibernate.loader.Loader - done loading collection
14:01:03.927 [main] DEBUG org.hibernate.loader.Loader - loading collection: [net.lojika.gtfs.model.Routes.routesCdkidCollection#istb.5198]
14:01:03.927 [main] DEBUG org.hibernate.jdbc.AbstractBatcher - about to open PreparedStatement (open PreparedStatements: 0, globally: 0)
14:01:03.927 [main] DEBUG org.hibernate.SQL - select routescdki0_.route_id as route2_2_1_, routescdki0_.route_cdk_id as route1_1_, routescdki0_.route_cdk_id as route1_3_0_, routescdki0_.route_id as route2_3_0_ from public.routes_cdkid routescdki0_ where routescdki0_.route_id=?
Hibernate: select routescdki0_.route_id as route2_2_1_, routescdki0_.route_cdk_id as route1_1_, routescdki0_.route_cdk_id as route1_3_0_, routescdki0_.route_id as route2_3_0_ from public.routes_cdkid routescdki0_ where routescdki0_.route_id=?
14:01:03.928 [main] DEBUG org.hibernate.jdbc.AbstractBatcher - about to open ResultSet (open ResultSets: 0, globally: 0)
14:01:03.928 [main] DEBUG org.hibernate.loader.Loader - result set contains (possibly empty) collection: [net.lojika.gtfs.model.Routes.routesCdkidCollection#istb.5198]
14:01:03.928 [main] DEBUG org.hibernate.loader.Loader - result row: EntityKey[net.lojika.gtfs.model.RoutesCdkid#gtfs.line.5.bykemn-1]
14:01:03.928 [main] DEBUG org.hibernate.loader.Loader - found row of collection: [net.lojika.gtfs.model.Routes.routesCdkidCollection#istb.5198]
14:01:03.928 [main] DEBUG org.hibernate.jdbc.AbstractBatcher - about to close ResultSet (open ResultSets: 1, globally: 1)
14:01:03.928 [main] DEBUG org.hibernate.jdbc.AbstractBatcher - about to close PreparedStatement (open PreparedStatements: 1, globally: 1)
14:01:03.928 [main] DEBUG o.h.e.loading.CollectionLoadContext - 1 collections were found in result set for role: net.lojika.gtfs.model.Routes.routesCdkidCollection
14:01:03.928 [main] DEBUG o.h.e.loading.CollectionLoadContext - collection fully initialized: [net.lojika.gtfs.model.Routes.routesCdkidCollection#istb.5198]
14:01:03.928 [main] DEBUG o.h.e.loading.CollectionLoadContext - 1 collections initialized for role: net.lojika.gtfs.model.Routes.routesCdkidCollection
14:01:03.928 [main] DEBUG org.hibernate.loader.Loader - done loading collection
14:01:03.928 [main] DEBUG org.hibernate.loader.Loader - loading collection: [net.lojika.gtfs.model.Routes.routesCdkidCollection#istb.5199]
14:01:03.928 [main] DEBUG org.hibernate.jdbc.AbstractBatcher - about to open PreparedStatement (open PreparedStatements: 0, globally: 0)
14:01:03.928 [main] DEBUG org.hibernate.SQL - select routescdki0_.route_id as route2_2_1_, routescdki0_.route_cdk_id as route1_1_, routescdki0_.route_cdk_id as route1_3_0_, routescdki0_.route_id as route2_3_0_ from public.routes_cdkid routescdki0_ where routescdki0_.route_id=?
Hibernate: select routescdki0_.route_id as route2_2_1_, routescdki0_.route_cdk_id as route1_1_, routescdki0_.route_cdk_id as route1_3_0_, routescdki0_.route_id as route2_3_0_ from public.routes_cdkid routescdki0_ where routescdki0_.route_id=?
14:01:03.928 [main] DEBUG org.hibernate.jdbc.AbstractBatcher - about to open ResultSet (open ResultSets: 0, globally: 0)
14:01:03.928 [main] DEBUG org.hibernate.loader.Loader - result set contains (possibly empty) collection: [net.lojika.gtfs.model.Routes.routesCdkidCollection#istb.5199]
14:01:03.928 [main] DEBUG org.hibernate.loader.Loader - result row: EntityKey[net.lojika.gtfs.model.RoutesCdkid#gtfs.line.5.emnakv-1]
14:01:03.928 [main] DEBUG org.hibernate.loader.Loader - found row of collection: [net.lojika.gtfs.model.Routes.routesCdkidCollection#istb.5199]
14:01:03.928 [main] DEBUG org.hibernate.loader.Loader - result row: EntityKey[net.lojika.gtfs.model.RoutesCdkid#gtfs.line.5.emnakv-0]
14:01:03.928 [main] DEBUG org.hibernate.loader.Loader - found row of collection: [net.lojika.gtfs.model.Routes.routesCdkidCollection#istb.5199]
14:01:03.928 [main] DEBUG org.hibernate.jdbc.AbstractBatcher - about to close ResultSet (open ResultSets: 1, globally: 1)
14:01:03.928 [main] DEBUG org.hibernate.jdbc.AbstractBatcher - about to close PreparedStatement (open PreparedStatements: 1, globally: 1)
14:01:03.928 [main] DEBUG o.h.e.loading.CollectionLoadContext - 1 collections were found in result set for role: net.lojika.gtfs.model.Routes.routesCdkidCollection
14:01:03.928 [main] DEBUG o.h.e.loading.CollectionLoadContext - collection fully initialized: [net.lojika.gtfs.model.Routes.routesCdkidCollection#istb.5199]
14:01:03.928 [main] DEBUG o.h.e.loading.CollectionLoadContext - 1 collections initialized for role: net.lojika.gtfs.model.Routes.routesCdkidCollection
14:01:03.928 [main] DEBUG org.hibernate.loader.Loader - done loading collection
14:01:03.928 [main] DEBUG org.hibernate.loader.Loader - loading collection: [net.lojika.gtfs.model.Routes.routesCdkidCollection#istb.5230]
14:01:03.928 [main] DEBUG org.hibernate.jdbc.AbstractBatcher - about to open PreparedStatement (open PreparedStatements: 0, globally: 0)
14:01:03.928 [main] DEBUG org.hibernate.SQL - select routescdki0_.route_id as route2_2_1_, routescdki0_.route_cdk_id as route1_1_, routescdki0_.route_cdk_id as route1_3_0_, routescdki0_.route_id as route2_3_0_ from public.routes_cdkid routescdki0_ where routescdki0_.route_id=?
Hibernate: select routescdki0_.route_id as route2_2_1_, routescdki0_.route_cdk_id as route1_1_, routescdki0_.route_cdk_id as route1_3_0_, routescdki0_.route_id as route2_3_0_ from public.routes_cdkid routescdki0_ where routescdki0_.route_id=?
14:01:03.929 [main] DEBUG org.hibernate.jdbc.AbstractBatcher - about to open ResultSet (open ResultSets: 0, globally: 0)
14:01:03.929 [main] DEBUG org.hibernate.loader.Loader - result set contains (possibly empty) collection: [net.lojika.gtfs.model.Routes.routesCdkidCollection#istb.5230]
14:01:03.929 [main] DEBUG org.hibernate.loader.Loader - result row: EntityKey[net.lojika.gtfs.model.RoutesCdkid#gtfs.line.5.kbtkdyada-1]
14:01:03.929 [main] DEBUG org.hibernate.loader.Loader - found row of collection: [net.lojika.gtfs.model.Routes.routesCdkidCollection#istb.5230]
14:01:03.929 [main] DEBUG org.hibernate.loader.Loader - result row: EntityKey[net.lojika.gtfs.model.RoutesCdkid#gtfs.line.5.kbtkdyada-0]
14:01:03.929 [main] DEBUG org.hibernate.loader.Loader - found row of collection: [net.lojika.gtfs.model.Routes.routesCdkidCollection#istb.5230]
14:01:03.929 [main] DEBUG org.hibernate.jdbc.AbstractBatcher - about to close ResultSet (open ResultSets: 1, globally: 1)
14:01:03.929 [main] DEBUG org.hibernate.jdbc.AbstractBatcher - about to close PreparedStatement (open PreparedStatements: 1, globally: 1)
14:01:03.929 [main] DEBUG o.h.e.loading.CollectionLoadContext - 1 collections were found in result set for role: net.lojika.gtfs.model.Routes.routesCdkidCollection
14:01:03.929 [main] DEBUG o.h.e.loading.CollectionLoadContext - collection fully initialized: [net.lojika.gtfs.model.Routes.routesCdkidCollection#istb.5230]
14:01:03.929 [main] DEBUG o.h.e.loading.CollectionLoadContext - 1 collections initialized for role: net.lojika.gtfs.model.Routes.routesCdkidCollection
14:01:03.929 [main] DEBUG org.hibernate.loader.Loader - done loading collection
14:01:03.929 [main] DEBUG org.hibernate.loader.Loader - loading collection: [net.lojika.gtfs.model.Routes.routesCdkidCollection#istb.5231]
14:01:03.929 [main] DEBUG org.hibernate.jdbc.AbstractBatcher - about to open PreparedStatement (open PreparedStatements: 0, globally: 0)
14:01:03.929 [main] DEBUG org.hibernate.SQL - select routescdki0_.route_id as route2_2_1_, routescdki0_.route_cdk_id as route1_1_, routescdki0_.route_cdk_id as route1_3_0_, routescdki0_.route_id as route2_3_0_ from public.routes_cdkid routescdki0_ where routescdki0_.route_id=?
Hibernate: select routescdki0_.route_id as route2_2_1_, routescdki0_.route_cdk_id as route1_1_, routescdki0_.route_cdk_id as route1_3_0_, routescdki0_.route_id as route2_3_0_ from public.routes_cdkid routescdki0_ where routescdki0_.route_id=?
14:01:03.929 [main] DEBUG org.hibernate.jdbc.AbstractBatcher - about to open ResultSet (open ResultSets: 0, globally: 0)
14:01:03.929 [main] DEBUG org.hibernate.loader.Loader - result set contains (possibly empty) collection: [net.lojika.gtfs.model.Routes.routesCdkidCollection#istb.5231]
14:01:03.929 [main] DEBUG org.hibernate.loader.Loader - result row: EntityKey[net.lojika.gtfs.model.RoutesCdkid#gtfs.line.5.bosada-0]
14:01:03.929 [main] DEBUG org.hibernate.loader.Loader - found row of collection: [net.lojika.gtfs.model.Routes.routesCdkidCollection#istb.5231]
14:01:03.929 [main] DEBUG org.hibernate.jdbc.AbstractBatcher - about to close ResultSet (open ResultSets: 1, globally: 1)
14:01:03.930 [main] DEBUG org.hibernate.jdbc.AbstractBatcher - about to close PreparedStatement (open PreparedStatements: 1, globally: 1)
14:01:03.930 [main] DEBUG o.h.e.loading.CollectionLoadContext - 1 collections were found in result set for role: net.lojika.gtfs.model.Routes.routesCdkidCollection
14:01:03.930 [main] DEBUG o.h.e.loading.CollectionLoadContext - collection fully initialized: [net.lojika.gtfs.model.Routes.routesCdkidCollection#istb.5231]
14:01:03.930 [main] DEBUG o.h.e.loading.CollectionLoadContext - 1 collections initialized for role: net.lojika.gtfs.model.Routes.routesCdkidCollection
14:01:03.930 [main] DEBUG org.hibernate.loader.Loader - done loading collection
14:01:03.930 [main] DEBUG org.hibernate.loader.Loader - loading collection: [net.lojika.gtfs.model.Routes.routesCdkidCollection#istb.5240]
14:01:03.930 [main] DEBUG org.hibernate.jdbc.AbstractBatcher - about to open PreparedStatement (open PreparedStatements: 0, globally: 0)
14:01:03.930 [main] DEBUG org.hibernate.SQL - select routescdki0_.route_id as route2_2_1_, routescdki0_.route_cdk_id as route1_1_, routescdki0_.route_cdk_id as route1_3_0_, routescdki0_.route_id as route2_3_0_ from public.routes_cdkid routescdki0_ where routescdki0_.route_id=?
Hibernate: select routescdki0_.route_id as route2_2_1_, routescdki0_.route_cdk_id as route1_1_, routescdki0_.route_cdk_id as route1_3_0_, routescdki0_.route_id as route2_3_0_ from public.routes_cdkid routescdki0_ where routescdki0_.route_id=?
14:01:03.930 [main] DEBUG org.hibernate.jdbc.AbstractBatcher - about to open ResultSet (open ResultSets: 0, globally: 0)
14:01:03.930 [main] DEBUG org.hibernate.loader.Loader - result set contains (possibly empty) collection: [net.lojika.gtfs.model.Routes.routesCdkidCollection#istb.5240]
14:01:03.930 [main] DEBUG org.hibernate.loader.Loader - result row: EntityKey[net.lojika.gtfs.model.RoutesCdkid#gtfs.line.5.kbt_kdyada-1]
14:01:03.930 [main] DEBUG org.hibernate.loader.Loader - found row of collection: [net.lojika.gtfs.model.Routes.routesCdkidCollection#istb.5240]
14:01:03.930 [main] DEBUG org.hibernate.jdbc.AbstractBatcher - about to close ResultSet (open ResultSets: 1, globally: 1)
14:01:03.930 [main] DEBUG org.hibernate.jdbc.AbstractBatcher - about to close PreparedStatement (open PreparedStatements: 1, globally: 1)
14:01:03.930 [main] DEBUG o.h.e.loading.CollectionLoadContext - 1 collections were found in result set for role: net.lojika.gtfs.model.Routes.routesCdkidCollection
14:01:03.930 [main] DEBUG o.h.e.loading.CollectionLoadContext - collection fully initialized: [net.lojika.gtfs.model.Routes.routesCdkidCollection#istb.5240]
14:01:03.930 [main] DEBUG o.h.e.loading.CollectionLoadContext - 1 collections initialized for role: net.lojika.gtfs.model.Routes.routesCdkidCollection
14:01:03.930 [main] DEBUG org.hibernate.loader.Loader - done loading collection
14:01:03.930 [main] DEBUG org.hibernate.loader.Loader - loading collection: [net.lojika.gtfs.model.Routes.routesCdkidCollection#istb.5241]
14:01:03.930 [main] DEBUG org.hibernate.jdbc.AbstractBatcher - about to open PreparedStatement (open PreparedStatements: 0, globally: 0)
14:01:03.930 [main] DEBUG org.hibernate.SQL - select routescdki0_.route_id as route2_2_1_, routescdki0_.route_cdk_id as route1_1_, routescdki0_.route_cdk_id as route1_3_0_, routescdki0_.route_id as route2_3_0_ from public.routes_cdkid routescdki0_ where routescdki0_.route_id=?
Hibernate: select routescdki0_.route_id as route2_2_1_, routescdki0_.route_cdk_id as route1_1_, routescdki0_.route_cdk_id as route1_3_0_, routescdki0_.route_id as route2_3_0_ from public.routes_cdkid routescdki0_ where routescdki0_.route_id=?
14:01:03.930 [main] DEBUG org.hibernate.jdbc.AbstractBatcher - about to open ResultSet (open ResultSets: 0, globally: 0)
14:01:03.931 [main] DEBUG org.hibernate.loader.Loader - result set contains (possibly empty) collection: [net.lojika.gtfs.model.Routes.routesCdkidCollection#istb.5241]
14:01:03.931 [main] DEBUG org.hibernate.loader.Loader - result row: EntityKey[net.lojika.gtfs.model.RoutesCdkid#gtfs.line.5.bosada-1]
14:01:03.931 [main] DEBUG org.hibernate.loader.Loader - found row of collection: [net.lojika.gtfs.model.Routes.routesCdkidCollection#istb.5241]
14:01:03.931 [main] DEBUG org.hibernate.jdbc.AbstractBatcher - about to close ResultSet (open ResultSets: 1, globally: 1)
14:01:03.931 [main] DEBUG org.hibernate.jdbc.AbstractBatcher - about to close PreparedStatement (open PreparedStatements: 1, globally: 1)
14:01:03.931 [main] DEBUG o.h.e.loading.CollectionLoadContext - 1 collections were found in result set for role: net.lojika.gtfs.model.Routes.routesCdkidCollection
14:01:03.931 [main] DEBUG o.h.e.loading.CollectionLoadContext - collection fully initialized: [net.lojika.gtfs.model.Routes.routesCdkidCollection#istb.5241]
14:01:03.931 [main] DEBUG o.h.e.loading.CollectionLoadContext - 1 collections initialized for role: net.lojika.gtfs.model.Routes.routesCdkidCollection
14:01:03.931 [main] DEBUG org.hibernate.loader.Loader - done loading collection
14:01:03.931 [main] INFO  org.hibernate.stat.Statistics - HQL: null, time: 861ms, rows: 915
14:01:03.931 [main] DEBUG o.s.o.h.HibernateTransactionManager - Initiating transaction commit
14:01:03.931 [main] DEBUG o.s.o.h.HibernateTransactionManager - Committing Hibernate transaction on Session [org.hibernate.impl.SessionImpl@3c7c3041]
14:01:03.931 [main] DEBUG o.h.transaction.JDBCTransaction - commit
14:01:03.932 [main] DEBUG o.h.e.d.AbstractFlushingEventListener - processing flush-time cascades
14:01:03.947 [main] DEBUG o.h.e.d.AbstractFlushingEventListener - dirty checking collections
14:01:03.952 [main] DEBUG org.hibernate.engine.Collections - Collection found: [net.lojika.gtfs.model.Routes.routesCdkidCollection#istb.5241], was: [net.lojika.gtfs.model.Routes.routesCdkidCollection#istb.5241] (initialized)
14:01:03.952 [main] DEBUG org.hibernate.engine.Collections - Collection found: [net.lojika.gtfs.model.Routes.tripsList#istb.5241], was: [net.lojika.gtfs.model.Routes.tripsList#istb.5241] (uninitialized)
14:01:03.952 [main] DEBUG org.hibernate.engine.Collections - Collection found: [net.lojika.gtfs.model.Routes.routesCdkidCollection#istb.5240], was: [net.lojika.gtfs.model.Routes.routesCdkidCollection#istb.5240] (initialized)
14:01:03.952 [main] DEBUG org.hibernate.engine.Collections - Collection found: [net.lojika.gtfs.model.Routes.tripsList#istb.5240], was: [net.lojika.gtfs.model.Routes.tripsList#istb.5240] (uninitialized)
14:01:03.952 [main] DEBUG org.hibernate.engine.Collections - Collection found: [net.lojika.gtfs.model.Routes.routesCdkidCollection#istb.5231], was: [net.lojika.gtfs.model.Routes.routesCdkidCollection#istb.5231] (initialized)
14:01:03.952 [main] DEBUG org.hibernate.engine.Collections - Collection found: [net.lojika.gtfs.model.Routes.tripsList#istb.5231], was: [net.lojika.gtfs.model.Routes.tripsList#istb.5231] (uninitialized)
14:01:03.952 [main] DEBUG org.hibernate.engine.Collections - Collection found: [net.lojika.gtfs.model.Routes.routesCdkidCollection#istb.5230], was: [net.lojika.gtfs.model.Routes.routesCdkidCollection#istb.5230] (initialized)
14:01:03.952 [main] DEBUG org.hibernate.engine.Collections - Collection found: [net.lojika.gtfs.model.Routes.tripsList#istb.5230], was: [net.lojika.gtfs.model.Routes.tripsList#istb.5230] (uninitialized)
14:01:03.952 [main] DEBUG org.hibernate.engine.Collections - Collection found: [net.lojika.gtfs.model.Routes.routesCdkidCollection#istb.5199], was: [net.lojika.gtfs.model.Routes.routesCdkidCollection#istb.5199] (initialized)
14:01:03.953 [main] DEBUG org.hibernate.engine.Collections - Collection found: [net.lojika.gtfs.model.Routes.tripsList#istb.5199], was: [net.lojika.gtfs.model.Routes.tripsList#istb.5199] (uninitialized)
14:01:03.953 [main] DEBUG org.hibernate.engine.Collections - Collection found: [net.lojika.gtfs.model.Routes.routesCdkidCollection#istb.5198], was: [net.lojika.gtfs.model.Routes.routesCdkidCollection#istb.5198] (initialized)
14:01:03.953 [main] DEBUG org.hibernate.engine.Collections - Collection found: [net.lojika.gtfs.model.Routes.tripsList#istb.5198], was: [net.lojika.gtfs.model.Routes.tripsList#istb.5198] (uninitialized)
14:01:03.953 [main] DEBUG org.hibernate.engine.Collections - Collection found: [net.lojika.gtfs.model.Routes.routesCdkidCollection#istb.5190], was: [net.lojika.gtfs.model.Routes.routesCdkidCollection#istb.5190] (initialized)
14:01:03.953 [main] DEBUG org.hibernate.engine.Collections - Collection found: [net.lojika.gtfs.model.Routes.tripsList#istb.5190], was: [net.lojika.gtfs.model.Routes.tripsList#istb.5190] (uninitialized)
14:01:03.953 [main] DEBUG org.hibernate.engine.Collections - Collection found: [net.lojika.gtfs.model.Routes.routesCdkidCollection#istb.5170], was: [net.lojika.gtfs.model.Routes.routesCdkidCollection#istb.5170] (initialized)
14:01:03.953 [main] DEBUG org.hibernate.engine.Collections - Collection found: [net.lojika.gtfs.model.Routes.tripsList#istb.5170], was: [net.lojika.gtfs.model.Routes.tripsList#istb.5170] (uninitialized)
14:01:03.953 [main] DEBUG org.hibernate.engine.Collections - Collection found: [net.lojika.gtfs.model.Routes.routesCdkidCollection#istb.5163], was: [net.lojika.gtfs.model.Routes.routesCdkidCollection#istb.5163] (initialized)
14:01:03.953 [main] DEBUG org.hibernate.engine.Collections - Collection found: [net.lojika.gtfs.model.Routes.tripsList#istb.5163], was: [net.lojika.gtfs.model.Routes.tripsList#istb.5163] (uninitialized)
14:01:03.953 [main] DEBUG org.hibernate.engine.Collections - Collection found: [net.lojika.gtfs.model.Routes.routesCdkidCollection#istb.5160], was: [net.lojika.gtfs.model.Routes.routesCdkidCollection#istb.5160] (initialized)
14:01:03.953 [main] DEBUG org.hibernate.engine.Collections - Collection found: [net.lojika.gtfs.model.Routes.tripsList#istb.5160], was: [net.lojika.gtfs.model.Routes.tripsList#istb.5160] (uninitialized)
14:01:03.953 [main] DEBUG org.hibernate.engine.Collections - Collection found: [net.lojika.gtfs.model.Routes.routesCdkidCollection#istb.5156], was: [net.lojika.gtfs.model.Routes.routesCdkidCollection#istb.5156] (initialized)
14:01:03.953 [main] DEBUG org.hibernate.engine.Collections - Collection found: [net.lojika.gtfs.model.Routes.tripsList#istb.5156], was: [net.lojika.gtfs.model.Routes.tripsList#istb.5156] (uninitialized)
14:01:03.953 [main] DEBUG org.hibernate.engine.Collections - Collection found: [net.lojika.gtfs.model.Routes.routesCdkidCollection#istb.5155], was: [net.lojika.gtfs.model.Routes.routesCdkidCollection#istb.5155] (initialized)
14:01:03.953 [main] DEBUG org.hibernate.engine.Collections - Collection found: [net.lojika.gtfs.model.Routes.tripsList#istb.5155], was: [net.lojika.gtfs.model.Routes.tripsList#istb.5155] (uninitialized)
14:01:03.953 [main] DEBUG org.hibernate.engine.Collections - Collection found: [net.lojika.gtfs.model.Routes.routesCdkidCollection#istb.5154], was: [net.lojika.gtfs.model.Routes.routesCdkidCollection#istb.5154] (initialized)
14:01:03.953 [main] DEBUG org.hibernate.engine.Collections - Collection found: [net.lojika.gtfs.model.Routes.tripsList#istb.5154], was: [net.lojika.gtfs.model.Routes.tripsList#istb.5154] (uninitialized)
14:01:03.953 [main] DEBUG org.hibernate.engine.Collections - Collection found: [net.lojika.gtfs.model.Routes.routesCdkidCollection#istb.5153], was: [net.lojika.gtfs.model.Routes.routesCdkidCollection#istb.5153] (initialized)
14:01:03.953 [main] DEBUG org.hibernate.engine.Collections - Collection found: [net.lojika.gtfs.model.Routes.tripsList#istb.5153], was: [net.lojika.gtfs.model.Routes.tripsList#istb.5153] (uninitialized)
14:01:03.953 [main] DEBUG org.hibernate.engine.Collections - Collection found: [net.lojika.gtfs.model.Routes.routesCdkidCollection#istb.5150], was: [net.lojika.gtfs.model.Routes.routesCdkidCollection#istb.5150] (initialized)
14:01:03.954 [main] DEBUG org.hibernate.engine.Collections - Collection found: [net.lojika.gtfs.model.Routes.tripsList#istb.5150], was: [net.lojika.gtfs.model.Routes.tripsList#istb.5150] (uninitialized)
14:01:03.954 [main] DEBUG org.hibernate.engine.Collections - Collection found: [net.lojika.gtfs.model.Routes.routesCdkidCollection#istb.5143], was: [net.lojika.gtfs.model.Routes.routesCdkidCollection#istb.5143] (initialized)
14:01:03.954 [main] DEBUG org.hibernate.engine.Collections - Collection found: [net.lojika.gtfs.model.Routes.tripsList#istb.5143], was: [net.lojika.gtfs.model.Routes.tripsList#istb.5143] (uninitialized)
14:01:03.954 [main] DEBUG org.hibernate.engine.Collections - Collection found: [net.lojika.gtfs.model.Routes.routesCdkidCollection#istb.5111], was: [net.lojika.gtfs.model.Routes.routesCdkidCollection#istb.5111] (initialized)
14:01:03.954 [main] DEBUG org.hibernate.engine.Collections - Collection found: [net.lojika.gtfs.model.Routes.tripsList#istb.5111], was: [net.lojika.gtfs.model.Routes.tripsList#istb.5111] (uninitialized)
14:01:03.954 [main] DEBUG org.hibernate.engine.Collections - Collection found: [net.lojika.gtfs.model.Routes.routesCdkidCollection#istb.5104], was: [net.lojika.gtfs.model.Routes.routesCdkidCollection#istb.5104] (initialized)
14:01:03.954 [main] DEBUG org.hibernate.engine.Collections - Collection found: [net.lojika.gtfs.model.Routes.tripsList#istb.5104], was: [net.lojika.gtfs.model.Routes.tripsList#istb.5104] (uninitialized)
14:01:03.954 [main] DEBUG org.hibernate.engine.Collections - Collection found: [net.lojika.gtfs.model.Routes.routesCdkidCollection#istb.5102], was: [net.lojika.gtfs.model.Routes.routesCdkidCollection#istb.5102] (initialized)
14:01:03.954 [main] DEBUG org.hibernate.engine.Collections - Collection found: [net.lojika.gtfs.model.Routes.tripsList#istb.5102], was: [net.lojika.gtfs.model.Routes.tripsList#istb.5102] (uninitialized)
14:01:03.954 [main] DEBUG org.hibernate.engine.Collections - Collection found: [net.lojika.gtfs.model.Routes.routesCdkidCollection#istb.5013], was: [net.lojika.gtfs.model.Routes.routesCdkidCollection#istb.5013] (initialized)
14:01:03.954 [main] DEBUG org.hibernate.engine.Collections - Collection found: [net.lojika.gtfs.model.Routes.tripsList#istb.5013], was: [net.lojika.gtfs.model.Routes.tripsList#istb.5013] (uninitialized)
14:01:03.954 [main] DEBUG org.hibernate.engine.Collections - Collection found: [net.lojika.gtfs.model.Routes.routesCdkidCollection#istb.5012], was: [net.lojika.gtfs.model.Routes.routesCdkidCollection#istb.5012] (initialized)
14:01:03.954 [main] DEBUG org.hibernate.engine.Collections - Collection found: [net.lojika.gtfs.model.Routes.tripsList#istb.5012], was: [net.lojika.gtfs.model.Routes.tripsList#istb.5012] (uninitialized)
14:01:03.954 [main] DEBUG org.hibernate.engine.Collections - Collection found: [net.lojika.gtfs.model.Routes.routesCdkidCollection#istb.5011], was: [net.lojika.gtfs.model.Routes.routesCdkidCollection#istb.5011] (initialized)
14:01:03.954 [main] DEBUG org.hibernate.engine.Collections - Collection found: [net.lojika.gtfs.model.Routes.tripsList#istb.5011], was: [net.lojika.gtfs.model.Routes.tripsList#istb.5011] (uninitialized)
14:01:03.954 [main] DEBUG org.hibernate.engine.Collections - Collection found: [net.lojika.gtfs.model.Routes.routesCdkidCollection#istb.5008], was: [net.lojika.gtfs.model.Routes.routesCdkidCollection#istb.5008] (initialized)
14:01:03.954 [main] DEBUG org.hibernate.engine.Collections - Collection found: [net.lojika.gtfs.model.Routes.tripsList#istb.5008], was: [net.lojika.gtfs.model.Routes.tripsList#istb.5008] (uninitialized)
14:01:03.954 [main] DEBUG org.hibernate.engine.Collections - Collection found: [net.lojika.gtfs.model.Routes.routesCdkidCollection#istb.5006], was: [net.lojika.gtfs.model.Routes.routesCdkidCollection#istb.5006] (initialized)
14:01:03.954 [main] DEBUG org.hibernate.engine.Collections - Collection found: [net.lojika.gtfs.model.Routes.tripsList#istb.5006], was: [net.lojika.gtfs.model.Routes.tripsList#istb.5006] (uninitialized)
14:01:03.954 [main] DEBUG org.hibernate.engine.Collections - Collection found: [net.lojika.gtfs.model.Routes.routesCdkidCollection#istb.5005], was: [net.lojika.gtfs.model.Routes.routesCdkidCollection#istb.5005] (initialized)
14:01:03.954 [main] DEBUG org.hibernate.engine.Collections - Collection found: [net.lojika.gtfs.model.Routes.tripsList#istb.5005], was: [net.lojika.gtfs.model.Routes.tripsList#istb.5005] (uninitialized)
14:01:03.955 [main] DEBUG org.hibernate.engine.Collections - Collection found: [net.lojika.gtfs.model.Routes.routesCdkidCollection#istb.5004], was: [net.lojika.gtfs.model.Routes.routesCdkidCollection#istb.5004] (initialized)
14:01:03.955 [main] DEBUG org.hibernate.engine.Collections - Collection found: [net.lojika.gtfs.model.Routes.tripsList#istb.5004], was: [net.lojika.gtfs.model.Routes.tripsList#istb.5004] (uninitialized)
14:01:03.955 [main] DEBUG org.hibernate.engine.Collections - Collection found: [net.lojika.gtfs.model.Routes.routesCdkidCollection#istb.5003], was: [net.lojika.gtfs.model.Routes.routesCdkidCollection#istb.5003] (initialized)
14:01:03.955 [main] DEBUG org.hibernate.engine.Collections - Collection found: [net.lojika.gtfs.model.Routes.tripsList#istb.5003], was: [net.lojika.gtfs.model.Routes.tripsList#istb.5003] (uninitialized)
14:01:03.955 [main] DEBUG org.hibernate.engine.Collections - Collection found: [net.lojika.gtfs.model.Routes.routesCdkidCollection#istb.5002], was: [net.lojika.gtfs.model.Routes.routesCdkidCollection#istb.5002] (initialized)
14:01:03.955 [main] DEBUG org.hibernate.engine.Collections - Collection found: [net.lojika.gtfs.model.Routes.tripsList#istb.5002], was: [net.lojika.gtfs.model.Routes.tripsList#istb.5002] (uninitialized)
14:01:03.955 [main] DEBUG org.hibernate.engine.Collections - Collection found: [net.lojika.gtfs.model.Routes.routesCdkidCollection#istb.5001], was: [net.lojika.gtfs.model.Routes.routesCdkidCollection#istb.5001] (initialized)
14:01:03.955 [main] DEBUG org.hibernate.engine.Collections - Collection found: [net.lojika.gtfs.model.Routes.tripsList#istb.5001], was: [net.lojika.gtfs.model.Routes.tripsList#istb.5001] (uninitialized)
14:01:03.955 [main] DEBUG org.hibernate.engine.Collections - Collection found: [net.lojika.gtfs.model.Routes.routesCdkidCollection#istb.4007], was: [net.lojika.gtfs.model.Routes.routesCdkidCollection#istb.4007] (initialized)
14:01:03.955 [main] DEBUG org.hibernate.engine.Collections - Collection found: [net.lojika.gtfs.model.Routes.tripsList#istb.4007], was: [net.lojika.gtfs.model.Routes.tripsList#istb.4007] (uninitialized)
14:01:03.955 [main] DEBUG org.hibernate.engine.Collections - Collection found: [net.lojika.gtfs.model.Routes.routesCdkidCollection#istb.4006], was: [net.lojika.gtfs.model.Routes.routesCdkidCollection#istb.4006] (initialized)
14:01:03.955 [main] DEBUG org.hibernate.engine.Collections - Collection found: [net.lojika.gtfs.model.Routes.tripsList#istb.4006], was: [net.lojika.gtfs.model.Routes.tripsList#istb.4006] (uninitialized)
14:01:03.955 [main] DEBUG org.hibernate.engine.Collections - Collection found: [net.lojika.gtfs.model.Routes.routesCdkidCollection#istb.4005], was: [net.lojika.gtfs.model.Routes.routesCdkidCollection#istb.4005] (initialized)
14:01:03.955 [main] DEBUG org.hibernate.engine.Collections - Collection found: [net.lojika.gtfs.model.Routes.tripsList#istb.4005], was: [net.lojika.gtfs.model.Routes.tripsList#istb.4005] (uninitialized)
14:01:03.955 [main] DEBUG org.hibernate.engine.Collections - Collection found: [net.lojika.gtfs.model.Routes.routesCdkidCollection#istb.4004], was: [net.lojika.gtfs.model.Routes.routesCdkidCollection#istb.4004] (initialized)
14:01:03.955 [main] DEBUG org.hibernate.engine.Collections - Collection found: [net.lojika.gtfs.model.Routes.tripsList#istb.4004], was: [net.lojika.gtfs.model.Routes.tripsList#istb.4004] (uninitialized)
14:01:03.955 [main] DEBUG org.hibernate.engine.Collections - Collection found: [net.lojika.gtfs.model.Routes.routesCdkidCollection#istb.4003], was: [net.lojika.gtfs.model.Routes.routesCdkidCollection#istb.4003] (initialized)
14:01:03.955 [main] DEBUG org.hibernate.engine.Collections - Collection found: [net.lojika.gtfs.model.Routes.tripsList#istb.4003], was: [net.lojika.gtfs.model.Routes.tripsList#istb.4003] (uninitialized)
14:01:03.955 [main] DEBUG org.hibernate.engine.Collections - Collection found: [net.lojika.gtfs.model.Routes.routesCdkidCollection#istb.4002], was: [net.lojika.gtfs.model.Routes.routesCdkidCollection#istb.4002] (initialized)
14:01:03.955 [main] DEBUG org.hibernate.engine.Collections - Collection found: [net.lojika.gtfs.model.Routes.tripsList#istb.4002], was: [net.lojika.gtfs.model.Routes.tripsList#istb.4002] (uninitialized)
14:01:03.956 [main] DEBUG org.hibernate.engine.Collections - Collection found: [net.lojika.gtfs.model.Routes.routesCdkidCollection#istb.4001], was: [net.lojika.gtfs.model.Routes.routesCdkidCollection#istb.4001] (initialized)
14:01:03.956 [main] DEBUG org.hibernate.engine.Collections - Collection found: [net.lojika.gtfs.model.Routes.tripsList#istb.4001], was: [net.lojika.gtfs.model.Routes.tripsList#istb.4001] (uninitialized)
14:01:03.956 [main] DEBUG org.hibernate.engine.Collections - Collection found: [net.lojika.gtfs.model.Routes.routesCdkidCollection#istb.280828], was: [net.lojika.gtfs.model.Routes.routesCdkidCollection#istb.280828] (initialized)
14:01:03.956 [main] DEBUG org.hibernate.engine.Collections - Collection found: [net.lojika.gtfs.model.Routes.tripsList#istb.280828], was: [net.lojika.gtfs.model.Routes.tripsList#istb.280828] (uninitialized)
14:01:03.956 [main] DEBUG org.hibernate.engine.Collections - Collection found: [net.lojika.gtfs.model.Routes.routesCdkidCollection#istb.280827], was: [net.lojika.gtfs.model.Routes.routesCdkidCollection#istb.280827] (initialized)
14:01:03.956 [main] DEBUG org.hibernate.engine.Collections - Collection found: [net.lojika.gtfs.model.Routes.tripsList#istb.280827], was: [net.lojika.gtfs.model.Routes.tripsList#istb.280827] (uninitialized)
14:01:03.956 [main] DEBUG org.hibernate.engine.Collections - Collection found: [net.lojika.gtfs.model.Routes.routesCdkidCollection#istb.280825], was: [net.lojika.gtfs.model.Routes.routesCdkidCollection#istb.280825] (initialized)
14:01:03.956 [main] DEBUG org.hibernate.engine.Collections - Collection found: [net.lojika.gtfs.model.Routes.tripsList#istb.280825], was: [net.lojika.gtfs.model.Routes.tripsList#istb.280825] (uninitialized)
14:01:03.956 [main] DEBUG org.hibernate.engine.Collections - Collection found: [net.lojika.gtfs.model.Routes.routesCdkidCollection#istb.280824], was: [net.lojika.gtfs.model.Routes.routesCdkidCollection#istb.280824] (initialized)
14:01:03.956 [main] DEBUG org.hibernate.engine.Collections - Collection found: [net.lojika.gtfs.model.Routes.tripsList#istb.280824], was: [net.lojika.gtfs.model.Routes.tripsList#istb.280824] (uninitialized)
14:01:03.956 [main] DEBUG org.hibernate.engine.Collections - Collection found: [net.lojika.gtfs.model.Routes.routesCdkidCollection#istb.280823], was: [net.lojika.gtfs.model.Routes.routesCdkidCollection#istb.280823] (initialized)
14:01:03.956 [main] DEBUG org.hibernate.engine.Collections - Collection found: [net.lojika.gtfs.model.Routes.tripsList#istb.280823], was: [net.lojika.gtfs.model.Routes.tripsList#istb.280823] (uninitialized)
14:01:03.956 [main] DEBUG org.hibernate.engine.Collections - Collection found: [net.lojika.gtfs.model.Routes.routesCdkidCollection#istb.280805], was: [net.lojika.gtfs.model.Routes.routesCdkidCollection#istb.280805] (initialized)
14:01:03.956 [main] DEBUG org.hibernate.engine.Collections - Collection found: [net.lojika.gtfs.model.Routes.tripsList#istb.280805], was: [net.lojika.gtfs.model.Routes.tripsList#istb.280805] (uninitialized)
14:01:03.956 [main] DEBUG org.hibernate.engine.Collections - Collection found: [net.lojika.gtfs.model.Routes.routesCdkidCollection#istb.280804], was: [net.lojika.gtfs.model.Routes.routesCdkidCollection#istb.280804] (initialized)
14:01:03.956 [main] DEBUG org.hibernate.engine.Collections - Collection found: [net.lojika.gtfs.model.Routes.tripsList#istb.280804], was: [net.lojika.gtfs.model.Routes.tripsList#istb.280804] (uninitialized)
14:01:03.956 [main] DEBUG org.hibernate.engine.Collections - Collection found: [net.lojika.gtfs.model.Routes.routesCdkidCollection#istb.280803], was: [net.lojika.gtfs.model.Routes.routesCdkidCollection#istb.280803] (initialized)
14:01:03.956 [main] DEBUG org.hibernate.engine.Collections - Collection found: [net.lojika.gtfs.model.Routes.tripsList#istb.280803], was: [net.lojika.gtfs.model.Routes.tripsList#istb.280803] (uninitialized)
14:01:03.957 [main] DEBUG org.hibernate.engine.Collections - Collection found: [net.lojika.gtfs.model.Routes.routesCdkidCollection#istb.280802], was: [net.lojika.gtfs.model.Routes.routesCdkidCollection#istb.280802] (initialized)
14:01:03.957 [main] DEBUG org.hibernate.engine.Collections - Collection found: [net.lojika.gtfs.model.Routes.tripsList#istb.280802], was: [net.lojika.gtfs.model.Routes.tripsList#istb.280802] (uninitialized)
14:01:03.957 [main] DEBUG org.hibernate.engine.Collections - Collection found: [net.lojika.gtfs.model.Routes.routesCdkidCollection#istb.280801], was: [net.lojika.gtfs.model.Routes.routesCdkidCollection#istb.280801] (initialized)
14:01:03.957 [main] DEBUG org.hibernate.engine.Collections - Collection found: [net.lojika.gtfs.model.Routes.tripsList#istb.280801], was: [net.lojika.gtfs.model.Routes.tripsList#istb.280801] (uninitialized)
14:01:03.957 [main] DEBUG org.hibernate.engine.Collections - Collection found: [net.lojika.gtfs.model.Routes.routesCdkidCollection#istb.280800], was: [net.lojika.gtfs.model.Routes.routesCdkidCollection#istb.280800] (initialized)
14:01:03.957 [main] DEBUG org.hibernate.engine.Collections - Collection found: [net.lojika.gtfs.model.Routes.tripsList#istb.280800], was: [net.lojika.gtfs.model.Routes.tripsList#istb.280800] (uninitialized)
14:01:03.957 [main] DEBUG org.hibernate.engine.Collections - Collection found: [net.lojika.gtfs.model.Routes.routesCdkidCollection#istb.280799], was: [net.lojika.gtfs.model.Routes.routesCdkidCollection#istb.280799] (initialized)
14:01:03.957 [main] DEBUG org.hibernate.engine.Collections - Collection found: [net.lojika.gtfs.model.Routes.tripsList#istb.280799], was: [net.lojika.gtfs.model.Routes.tripsList#istb.280799] (uninitialized)
14:01:03.957 [main] DEBUG org.hibernate.engine.Collections - Collection found: [net.lojika.gtfs.model.Routes.routesCdkidCollection#istb.280798], was: [net.lojika.gtfs.model.Routes.routesCdkidCollection#istb.280798] (initialized)
14:01:03.957 [main] DEBUG org.hibernate.engine.Collections - Collection found: [net.lojika.gtfs.model.Routes.tripsList#istb.280798], was: [net.lojika.gtfs.model.Routes.tripsList#istb.280798] (uninitialized)
14:01:03.957 [main] DEBUG org.hibernate.engine.Collections - Collection found: [net.lojika.gtfs.model.Routes.routesCdkidCollection#istb.280796], was: [net.lojika.gtfs.model.Routes.routesCdkidCollection#istb.280796] (initialized)
14:01:03.957 [main] DEBUG org.hibernate.engine.Collections - Collection found: [net.lojika.gtfs.model.Routes.tripsList#istb.280796], was: [net.lojika.gtfs.model.Routes.tripsList#istb.280796] (uninitialized)
14:01:03.957 [main] DEBUG org.hibernate.engine.Collections - Collection found: [net.lojika.gtfs.model.Routes.routesCdkidCollection#istb.280795], was: [net.lojika.gtfs.model.Routes.routesCdkidCollection#istb.280795] (initialized)
14:01:03.957 [main] DEBUG org.hibernate.engine.Collections - Collection found: [net.lojika.gtfs.model.Routes.tripsList#istb.280795], was: [net.lojika.gtfs.model.Routes.tripsList#istb.280795] (uninitialized)
14:01:03.957 [main] DEBUG org.hibernate.engine.Collections - Collection found: [net.lojika.gtfs.model.Routes.routesCdkidCollection#istb.280794], was: [net.lojika.gtfs.model.Routes.routesCdkidCollection#istb.280794] (initialized)
14:01:03.957 [main] DEBUG org.hibernate.engine.Collections - Collection found: [net.lojika.gtfs.model.Routes.tripsList#istb.280794], was: [net.lojika.gtfs.model.Routes.tripsList#istb.280794] (uninitialized)
14:01:03.957 [main] DEBUG org.hibernate.engine.Collections - Collection found: [net.lojika.gtfs.model.Routes.routesCdkidCollection#istb.280793], was: [net.lojika.gtfs.model.Routes.routesCdkidCollection#istb.280793] (initialized)
14:01:03.957 [main] DEBUG org.hibernate.engine.Collections - Collection found: [net.lojika.gtfs.model.Routes.tripsList#istb.280793], was: [net.lojika.gtfs.model.Routes.tripsList#istb.280793] (uninitialized)
14:01:03.958 [main] DEBUG org.hibernate.engine.Collections - Collection found: [net.lojika.gtfs.model.Routes.routesCdkidCollection#istb.280792], was: [net.lojika.gtfs.model.Routes.routesCdkidCollection#istb.280792] (initialized)
14:01:03.958 [main] DEBUG org.hibernate.engine.Collections - Collection found: [net.lojika.gtfs.model.Routes.tripsList#istb.280792], was: [net.lojika.gtfs.model.Routes.tripsList#istb.280792] (uninitialized)
14:01:03.958 [main] DEBUG org.hibernate.engine.Collections - Collection found: [net.lojika.gtfs.model.Routes.routesCdkidCollection#istb.280791], was: [net.lojika.gtfs.model.Routes.routesCdkidCollection#istb.280791] (initialized)
14:01:03.958 [main] DEBUG org.hibernate.engine.Collections - Collection found: [net.lojika.gtfs.model.Routes.tripsList#istb.280791], was: [net.lojika.gtfs.model.Routes.tripsList#istb.280791] (uninitialized)
14:01:03.958 [main] DEBUG org.hibernate.engine.Collections - Collection found: [net.lojika.gtfs.model.Routes.routesCdkidCollection#istb.280790], was: [net.lojika.gtfs.model.Routes.routesCdkidCollection#istb.280790] (initialized)
14:01:03.958 [main] DEBUG org.hibernate.engine.Collections - Collection found: [net.lojika.gtfs.model.Routes.tripsList#istb.280790], was: [net.lojika.gtfs.model.Routes.tripsList#istb.280790] (uninitialized)
14:01:03.958 [main] DEBUG org.hibernate.engine.Collections - Collection found: [net.lojika.gtfs.model.Routes.routesCdkidCollection#istb.280789], was: [net.lojika.gtfs.model.Routes.routesCdkidCollection#istb.280789] (initialized)
14:01:03.958 [main] DEBUG org.hibernate.engine.Collections - Collection found: [net.lojika.gtfs.model.Routes.tripsList#istb.280789], was: [net.lojika.gtfs.model.Routes.tripsList#istb.280789] (uninitialized)
14:01:03.958 [main] DEBUG org.hibernate.engine.Collections - Collection found: [net.lojika.gtfs.model.Routes.routesCdkidCollection#istb.280787], was: [net.lojika.gtfs.model.Routes.routesCdkidCollection#istb.280787] (initialized)
14:01:03.958 [main] DEBUG org.hibernate.engine.Collections - Collection found: [net.lojika.gtfs.model.Routes.tripsList#istb.280787], was: [net.lojika.gtfs.model.Routes.tripsList#istb.280787] (uninitialized)
14:01:03.958 [main] DEBUG org.hibernate.engine.Collections - Collection found: [net.lojika.gtfs.model.Routes.routesCdkidCollection#istb.280785], was: [net.lojika.gtfs.model.Routes.routesCdkidCollection#istb.280785] (initialized)
14:01:03.958 [main] DEBUG org.hibernate.engine.Collections - Collection found: [net.lojika.gtfs.model.Routes.tripsList#istb.280785], was: [net.lojika.gtfs.model.Routes.tripsList#istb.280785] (uninitialized)
14:01:03.958 [main] DEBUG org.hibernate.engine.Collections - Collection found: [net.lojika.gtfs.model.Routes.routesCdkidCollection#istb.280784], was: [net.lojika.gtfs.model.Routes.routesCdkidCollection#istb.280784] (initialized)
14:01:03.958 [main] DEBUG org.hibernate.engine.Collections - Collection found: [net.lojika.gtfs.model.Routes.tripsList#istb.280784], was: [net.lojika.gtfs.model.Routes.tripsList#istb.280784] (uninitialized)
14:01:03.958 [main] DEBUG org.hibernate.engine.Collections - Collection found: [net.lojika.gtfs.model.Routes.routesCdkidCollection#istb.280783], was: [net.lojika.gtfs.model.Routes.routesCdkidCollection#istb.280783] (initialized)
14:01:03.958 [main] DEBUG org.hibernate.engine.Collections - Collection found: [net.lojika.gtfs.model.Routes.tripsList#istb.280783], was: [net.lojika.gtfs.model.Routes.tripsList#istb.280783] (uninitialized)
14:01:03.958 [main] DEBUG org.hibernate.engine.Collections - Collection found: [net.lojika.gtfs.model.Routes.routesCdkidCollection#istb.280763], was: [net.lojika.gtfs.model.Routes.routesCdkidCollection#istb.280763] (initialized)
14:01:03.958 [main] DEBUG org.hibernate.engine.Collections - Collection found: [net.lojika.gtfs.model.Routes.tripsList#istb.280763], was: [net.lojika.gtfs.model.Routes.tripsList#istb.280763] (uninitialized)
14:01:03.958 [main] DEBUG org.hibernate.engine.Collections - Collection found: [net.lojika.gtfs.model.Routes.routesCdkidCollection#istb.280762], was: [net.lojika.gtfs.model.Routes.routesCdkidCollection#istb.280762] (initialized)
14:01:03.958 [main] DEBUG org.hibernate.engine.Collections - Collection found: [net.lojika.gtfs.model.Routes.tripsList#istb.280762], was: [net.lojika.gtfs.model.Routes.tripsList#istb.280762] (uninitialized)
14:01:03.958 [main] DEBUG org.hibernate.engine.Collections - Collection found: [net.lojika.gtfs.model.Routes.routesCdkidCollection#istb.280761], was: [net.lojika.gtfs.model.Routes.routesCdkidCollection#istb.280761] (initialized)
14:01:03.958 [main] DEBUG org.hibernate.engine.Collections - Collection found: [net.lojika.gtfs.model.Routes.tripsList#istb.280761], was: [net.lojika.gtfs.model.Routes.tripsList#istb.280761] (uninitialized)
14:01:03.959 [main] DEBUG org.hibernate.engine.Collections - Collection found: [net.lojika.gtfs.model.Routes.routesCdkidCollection#istb.280760], was: [net.lojika.gtfs.model.Routes.routesCdkidCollection#istb.280760] (initialized)
14:01:03.959 [main] DEBUG org.hibernate.engine.Collections - Collection found: [net.lojika.gtfs.model.Routes.tripsList#istb.280760], was: [net.lojika.gtfs.model.Routes.tripsList#istb.280760] (uninitialized)
14:01:03.959 [main] DEBUG org.hibernate.engine.Collections - Collection found: [net.lojika.gtfs.model.Routes.routesCdkidCollection#istb.280758], was: [net.lojika.gtfs.model.Routes.routesCdkidCollection#istb.280758] (initialized)
14:01:03.959 [main] DEBUG org.hibernate.engine.Collections - Collection found: [net.lojika.gtfs.model.Routes.tripsList#istb.280758], was: [net.lojika.gtfs.model.Routes.tripsList#istb.280758] (uninitialized)
14:01:03.959 [main] DEBUG org.hibernate.engine.Collections - Collection found: [net.lojika.gtfs.model.Routes.routesCdkidCollection#istb.280757], was: [net.lojika.gtfs.model.Routes.routesCdkidCollection#istb.280757] (initialized)
14:01:03.959 [main] DEBUG org.hibernate.engine.Collections - Collection found: [net.lojika.gtfs.model.Routes.tripsList#istb.280757], was: [net.lojika.gtfs.model.Routes.tripsList#istb.280757] (uninitialized)
14:01:03.959 [main] DEBUG org.hibernate.engine.Collections - Collection found: [net.lojika.gtfs.model.Routes.routesCdkidCollection#istb.280756], was: [net.lojika.gtfs.model.Routes.routesCdkidCollection#istb.280756] (initialized)
14:01:03.959 [main] DEBUG org.hibernate.engine.Collections - Collection found: [net.lojika.gtfs.model.Routes.tripsList#istb.280756], was: [net.lojika.gtfs.model.Routes.tripsList#istb.280756] (uninitialized)
14:01:03.959 [main] DEBUG org.hibernate.engine.Collections - Collection found: [net.lojika.gtfs.model.Routes.routesCdkidCollection#istb.280755], was: [net.lojika.gtfs.model.Routes.routesCdkidCollection#istb.280755] (initialized)
14:01:03.959 [main] DEBUG org.hibernate.engine.Collections - Collection found: [net.lojika.gtfs.model.Routes.tripsList#istb.280755], was: [net.lojika.gtfs.model.Routes.tripsList#istb.280755] (uninitialized)
14:01:03.959 [main] DEBUG org.hibernate.engine.Collections - Collection found: [net.lojika.gtfs.model.Routes.routesCdkidCollection#istb.280754], was: [net.lojika.gtfs.model.Routes.routesCdkidCollection#istb.280754] (initialized)
14:01:03.959 [main] DEBUG org.hibernate.engine.Collections - Collection found: [net.lojika.gtfs.model.Routes.tripsList#istb.280754], was: [net.lojika.gtfs.model.Routes.tripsList#istb.280754] (uninitialized)
14:01:03.959 [main] DEBUG org.hibernate.engine.Collections - Collection found: [net.lojika.gtfs.model.Routes.routesCdkidCollection#istb.280753], was: [net.lojika.gtfs.model.Routes.routesCdkidCollection#istb.280753] (initialized)
14:01:03.959 [main] DEBUG org.hibernate.engine.Collections - Collection found: [net.lojika.gtfs.model.Routes.tripsList#istb.280753], was: [net.lojika.gtfs.model.Routes.tripsList#istb.280753] (uninitialized)
14:01:03.959 [main] DEBUG org.hibernate.engine.Collections - Collection found: [net.lojika.gtfs.model.Routes.routesCdkidCollection#istb.280752], was: [net.lojika.gtfs.model.Routes.routesCdkidCollection#istb.280752] (initialized)
14:01:03.959 [main] DEBUG org.hibernate.engine.Collections - Collection found: [net.lojika.gtfs.model.Routes.tripsList#istb.280752], was: [net.lojika.gtfs.model.Routes.tripsList#istb.280752] (uninitialized)
14:01:03.959 [main] DEBUG org.hibernate.engine.Collections - Collection found: [net.lojika.gtfs.model.Routes.routesCdkidCollection#istb.280751], was: [net.lojika.gtfs.model.Routes.routesCdkidCollection#istb.280751] (initialized)
14:01:03.959 [main] DEBUG org.hibernate.engine.Collections - Collection found: [net.lojika.gtfs.model.Routes.tripsList#istb.280751], was: [net.lojika.gtfs.model.Routes.tripsList#istb.280751] (uninitialized)
14:01:03.959 [main] DEBUG org.hibernate.engine.Collections - Collection found: [net.lojika.gtfs.model.Routes.routesCdkidCollection#istb.280747], was: [net.lojika.gtfs.model.Routes.routesCdkidCollection#istb.280747] (initialized)
14:01:03.959 [main] DEBUG org.hibernate.engine.Collections - Collection found: [net.lojika.gtfs.model.Routes.tripsList#istb.280747], was: [net.lojika.gtfs.model.Routes.tripsList#istb.280747] (uninitialized)
14:01:03.960 [main] DEBUG org.hibernate.engine.Collections - Collection found: [net.lojika.gtfs.model.Routes.routesCdkidCollection#istb.280746], was: [net.lojika.gtfs.model.Routes.routesCdkidCollection#istb.280746] (initialized)
14:01:03.960 [main] DEBUG org.hibernate.engine.Collections - Collection found: [net.lojika.gtfs.model.Routes.tripsList#istb.280746], was: [net.lojika.gtfs.model.Routes.tripsList#istb.280746] (uninitialized)
14:01:03.960 [main] DEBUG org.hibernate.engine.Collections - Collection found: [net.lojika.gtfs.model.Routes.routesCdkidCollection#istb.280743], was: [net.lojika.gtfs.model.Routes.routesCdkidCollection#istb.280743] (initialized)
14:01:03.960 [main] DEBUG org.hibernate.engine.Collections - Collection found: [net.lojika.gtfs.model.Routes.tripsList#istb.280743], was: [net.lojika.gtfs.model.Routes.tripsList#istb.280743] (uninitialized)
14:01:03.960 [main] DEBUG org.hibernate.engine.Collections - Collection found: [net.lojika.gtfs.model.Routes.routesCdkidCollection#istb.280742], was: [net.lojika.gtfs.model.Routes.routesCdkidCollection#istb.280742] (initialized)
14:01:03.960 [main] DEBUG org.hibernate.engine.Collections - Collection found: [net.lojika.gtfs.model.Routes.tripsList#istb.280742], was: [net.lojika.gtfs.model.Routes.tripsList#istb.280742] (uninitialized)
14:01:03.960 [main] DEBUG org.hibernate.engine.Collections - Collection found: [net.lojika.gtfs.model.Routes.routesCdkidCollection#istb.280741], was: [net.lojika.gtfs.model.Routes.routesCdkidCollection#istb.280741] (initialized)
14:01:03.960 [main] DEBUG org.hibernate.engine.Collections - Collection found: [net.lojika.gtfs.model.Routes.tripsList#istb.280741], was: [net.lojika.gtfs.model.Routes.tripsList#istb.280741] (uninitialized)
14:01:03.960 [main] DEBUG org.hibernate.engine.Collections - Collection found: [net.lojika.gtfs.model.Routes.routesCdkidCollection#istb.280740], was: [net.lojika.gtfs.model.Routes.routesCdkidCollection#istb.280740] (initialized)
14:01:03.960 [main] DEBUG org.hibernate.engine.Collections - Collection found: [net.lojika.gtfs.model.Routes.tripsList#istb.280740], was: [net.lojika.gtfs.model.Routes.tripsList#istb.280740] (uninitialized)
14:01:03.960 [main] DEBUG org.hibernate.engine.Collections - Collection found: [net.lojika.gtfs.model.Routes.routesCdkidCollection#istb.280739], was: [net.lojika.gtfs.model.Routes.routesCdkidCollection#istb.280739] (initialized)
14:01:03.960 [main] DEBUG org.hibernate.engine.Collections - Collection found: [net.lojika.gtfs.model.Routes.tripsList#istb.280739], was: [net.lojika.gtfs.model.Routes.tripsList#istb.280739] (uninitialized)
14:01:03.960 [main] DEBUG org.hibernate.engine.Collections - Collection found: [net.lojika.gtfs.model.Routes.routesCdkidCollection#istb.280738], was: [net.lojika.gtfs.model.Routes.routesCdkidCollection#istb.280738] (initialized)
14:01:03.960 [main] DEBUG org.hibernate.engine.Collections - Collection found: [net.lojika.gtfs.model.Routes.tripsList#istb.280738], was: [net.lojika.gtfs.model.Routes.tripsList#istb.280738] (uninitialized)
14:01:03.960 [main] DEBUG org.hibernate.engine.Collections - Collection found: [net.lojika.gtfs.model.Routes.routesCdkidCollection#istb.280737], was: [net.lojika.gtfs.model.Routes.routesCdkidCollection#istb.280737] (initialized)
14:01:03.960 [main] DEBUG org.hibernate.engine.Collections - Collection found: [net.lojika.gtfs.model.Routes.tripsList#istb.280737], was: [net.lojika.gtfs.model.Routes.tripsList#istb.280737] (uninitialized)
14:01:03.960 [main] DEBUG org.hibernate.engine.Collections - Collection found: [net.lojika.gtfs.model.Routes.routesCdkidCollection#istb.280736], was: [net.lojika.gtfs.model.Routes.routesCdkidCollection#istb.280736] (initialized)
14:01:03.960 [main] DEBUG org.hibernate.engine.Collections - Collection found: [net.lojika.gtfs.model.Routes.tripsList#istb.280736], was: [net.lojika.gtfs.model.Routes.tripsList#istb.280736] (uninitialized)
14:01:03.960 [main] DEBUG org.hibernate.engine.Collections - Collection found: [net.lojika.gtfs.model.Routes.routesCdkidCollection#istb.280735], was: [net.lojika.gtfs.model.Routes.routesCdkidCollection#istb.280735] (initialized)
14:01:03.960 [main] DEBUG org.hibernate.engine.Collections - Collection found: [net.lojika.gtfs.model.Routes.tripsList#istb.280735], was: [net.lojika.gtfs.model.Routes.tripsList#istb.280735] (uninitialized)
14:01:03.961 [main] DEBUG org.hibernate.engine.Collections - Collection found: [net.lojika.gtfs.model.Routes.routesCdkidCollection#istb.280734], was: [net.lojika.gtfs.model.Routes.routesCdkidCollection#istb.280734] (initialized)
14:01:03.961 [main] DEBUG org.hibernate.engine.Collections - Collection found: [net.lojika.gtfs.model.Routes.tripsList#istb.280734], was: [net.lojika.gtfs.model.Routes.tripsList#istb.280734] (uninitialized)
14:01:03.961 [main] DEBUG org.hibernate.engine.Collections - Collection found: [net.lojika.gtfs.model.Routes.routesCdkidCollection#istb.280733], was: [net.lojika.gtfs.model.Routes.routesCdkidCollection#istb.280733] (initialized)
14:01:03.961 [main] DEBUG org.hibernate.engine.Collections - Collection found: [net.lojika.gtfs.model.Routes.tripsList#istb.280733], was: [net.lojika.gtfs.model.Routes.tripsList#istb.280733] (uninitialized)
14:01:03.961 [main] DEBUG org.hibernate.engine.Collections - Collection found: [net.lojika.gtfs.model.Routes.routesCdkidCollection#istb.280732], was: [net.lojika.gtfs.model.Routes.routesCdkidCollection#istb.280732] (initialized)
14:01:03.961 [main] DEBUG org.hibernate.engine.Collections - Collection found: [net.lojika.gtfs.model.Routes.tripsList#istb.280732], was: [net.lojika.gtfs.model.Routes.tripsList#istb.280732] (uninitialized)
14:01:03.961 [main] DEBUG org.hibernate.engine.Collections - Collection found: [net.lojika.gtfs.model.Routes.routesCdkidCollection#istb.280731], was: [net.lojika.gtfs.model.Routes.routesCdkidCollection#istb.280731] (initialized)
14:01:03.961 [main] DEBUG org.hibernate.engine.Collections - Collection found: [net.lojika.gtfs.model.Routes.tripsList#istb.280731], was: [net.lojika.gtfs.model.Routes.tripsList#istb.280731] (uninitialized)
14:01:03.961 [main] DEBUG org.hibernate.engine.Collections - Collection found: [net.lojika.gtfs.model.Routes.routesCdkidCollection#istb.280730], was: [net.lojika.gtfs.model.Routes.routesCdkidCollection#istb.280730] (initialized)
14:01:03.961 [main] DEBUG org.hibernate.engine.Collections - Collection found: [net.lojika.gtfs.model.Routes.tripsList#istb.280730], was: [net.lojika.gtfs.model.Routes.tripsList#istb.280730] (uninitialized)
14:01:03.961 [main] DEBUG org.hibernate.engine.Collections - Collection found: [net.lojika.gtfs.model.Routes.routesCdkidCollection#istb.280729], was: [net.lojika.gtfs.model.Routes.routesCdkidCollection#istb.280729] (initialized)
14:01:03.961 [main] DEBUG org.hibernate.engine.Collections - Collection found: [net.lojika.gtfs.model.Routes.tripsList#istb.280729], was: [net.lojika.gtfs.model.Routes.tripsList#istb.280729] (uninitialized)
14:01:03.961 [main] DEBUG org.hibernate.engine.Collections - Collection found: [net.lojika.gtfs.model.Routes.routesCdkidCollection#istb.280728], was: [net.lojika.gtfs.model.Routes.routesCdkidCollection#istb.280728] (initialized)
14:01:03.961 [main] DEBUG org.hibernate.engine.Collections - Collection found: [net.lojika.gtfs.model.Routes.tripsList#istb.280728], was: [net.lojika.gtfs.model.Routes.tripsList#istb.280728] (uninitialized)
14:01:03.961 [main] DEBUG org.hibernate.engine.Collections - Collection found: [net.lojika.gtfs.model.Routes.routesCdkidCollection#istb.280724], was: [net.lojika.gtfs.model.Routes.routesCdkidCollection#istb.280724] (initialized)
14:01:03.961 [main] DEBUG org.hibernate.engine.Collections - Collection found: [net.lojika.gtfs.model.Routes.tripsList#istb.280724], was: [net.lojika.gtfs.model.Routes.tripsList#istb.280724] (uninitialized)
14:01:03.961 [main] DEBUG org.hibernate.engine.Collections - Collection found: [net.lojika.gtfs.model.Routes.routesCdkidCollection#istb.280723], was: [net.lojika.gtfs.model.Routes.routesCdkidCollection#istb.280723] (initialized)
14:01:03.961 [main] DEBUG org.hibernate.engine.Collections - Collection found: [net.lojika.gtfs.model.Routes.tripsList#istb.280723], was: [net.lojika.gtfs.model.Routes.tripsList#istb.280723] (uninitialized)
14:01:03.962 [main] DEBUG org.hibernate.engine.Collections - Collection found: [net.lojika.gtfs.model.Routes.routesCdkidCollection#istb.280722], was: [net.lojika.gtfs.model.Routes.routesCdkidCollection#istb.280722] (initialized)
14:01:03.962 [main] DEBUG org.hibernate.engine.Collections - Collection found: [net.lojika.gtfs.model.Routes.tripsList#istb.280722], was: [net.lojika.gtfs.model.Routes.tripsList#istb.280722] (uninitialized)
14:01:03.962 [main] DEBUG org.hibernate.engine.Collections - Collection found: [net.lojika.gtfs.model.Routes.routesCdkidCollection#istb.280721], was: [net.lojika.gtfs.model.Routes.routesCdkidCollection#istb.280721] (initialized)
14:01:03.962 [main] DEBUG org.hibernate.engine.Collections - Collection found: [net.lojika.gtfs.model.Routes.tripsList#istb.280721], was: [net.lojika.gtfs.model.Routes.tripsList#istb.280721] (uninitialized)
14:01:03.962 [main] DEBUG org.hibernate.engine.Collections - Collection found: [net.lojika.gtfs.model.Routes.routesCdkidCollection#istb.280720], was: [net.lojika.gtfs.model.Routes.routesCdkidCollection#istb.280720] (initialized)
14:01:03.962 [main] DEBUG org.hibernate.engine.Collections - Collection found: [net.lojika.gtfs.model.Routes.tripsList#istb.280720], was: [net.lojika.gtfs.model.Routes.tripsList#istb.280720] (uninitialized)
14:01:03.962 [main] DEBUG org.hibernate.engine.Collections - Collection found: [net.lojika.gtfs.model.Routes.routesCdkidCollection#istb.280719], was: [net.lojika.gtfs.model.Routes.routesCdkidCollection#istb.280719] (initialized)
14:01:03.962 [main] DEBUG org.hibernate.engine.Collections - Collection found: [net.lojika.gtfs.model.Routes.tripsList#istb.280719], was: [net.lojika.gtfs.model.Routes.tripsList#istb.280719] (uninitialized)
14:01:03.962 [main] DEBUG org.hibernate.engine.Collections - Collection found: [net.lojika.gtfs.model.Routes.routesCdkidCollection#istb.280718], was: [net.lojika.gtfs.model.Routes.routesCdkidCollection#istb.280718] (initialized)
14:01:03.962 [main] DEBUG org.hibernate.engine.Collections - Collection found: [net.lojika.gtfs.model.Routes.tripsList#istb.280718], was: [net.lojika.gtfs.model.Routes.tripsList#istb.280718] (uninitialized)
14:01:03.962 [main] DEBUG org.hibernate.engine.Collections - Collection found: [net.lojika.gtfs.model.Routes.routesCdkidCollection#istb.280717], was: [net.lojika.gtfs.model.Routes.routesCdkidCollection#istb.280717] (initialized)
14:01:03.962 [main] DEBUG org.hibernate.engine.Collections - Collection found: [net.lojika.gtfs.model.Routes.tripsList#istb.280717], was: [net.lojika.gtfs.model.Routes.tripsList#istb.280717] (uninitialized)
14:01:03.962 [main] DEBUG org.hibernate.engine.Collections - Collection found: [net.lojika.gtfs.model.Routes.routesCdkidCollection#istb.280716], was: [net.lojika.gtfs.model.Routes.routesCdkidCollection#istb.280716] (initialized)
14:01:03.962 [main] DEBUG org.hibernate.engine.Collections - Collection found: [net.lojika.gtfs.model.Routes.tripsList#istb.280716], was: [net.lojika.gtfs.model.Routes.tripsList#istb.280716] (uninitialized)
14:01:03.962 [main] DEBUG org.hibernate.engine.Collections - Collection found: [net.lojika.gtfs.model.Routes.routesCdkidCollection#istb.280715], was: [net.lojika.gtfs.model.Routes.routesCdkidCollection#istb.280715] (initialized)
14:01:03.962 [main] DEBUG org.hibernate.engine.Collections - Collection found: [net.lojika.gtfs.model.Routes.tripsList#istb.280715], was: [net.lojika.gtfs.model.Routes.tripsList#istb.280715] (uninitialized)
14:01:03.962 [main] DEBUG org.hibernate.engine.Collections - Collection found: [net.lojika.gtfs.model.Routes.routesCdkidCollection#istb.280714], was: [net.lojika.gtfs.model.Routes.routesCdkidCollection#istb.280714] (initialized)
14:01:03.962 [main] DEBUG org.hibernate.engine.Collections - Collection found: [net.lojika.gtfs.model.Routes.tripsList#istb.280714], was: [net.lojika.gtfs.model.Routes.tripsList#istb.280714] (uninitialized)
14:01:03.962 [main] DEBUG org.hibernate.engine.Collections - Collection found: [net.lojika.gtfs.model.Routes.routesCdkidCollection#istb.280713], was: [net.lojika.gtfs.model.Routes.routesCdkidCollection#istb.280713] (initialized)
14:01:03.963 [main] DEBUG org.hibernate.engine.Collections - Collection found: [net.lojika.gtfs.model.Routes.tripsList#istb.280713], was: [net.lojika.gtfs.model.Routes.tripsList#istb.280713] (uninitialized)
14:01:03.963 [main] DEBUG org.hibernate.engine.Collections - Collection found: [net.lojika.gtfs.model.Routes.routesCdkidCollection#istb.280712], was: [net.lojika.gtfs.model.Routes.routesCdkidCollection#istb.280712] (initialized)
14:01:03.963 [main] DEBUG org.hibernate.engine.Collections - Collection found: [net.lojika.gtfs.model.Routes.tripsList#istb.280712], was: [net.lojika.gtfs.model.Routes.tripsList#istb.280712] (uninitialized)
14:01:03.963 [main] DEBUG org.hibernate.engine.Collections - Collection found: [net.lojika.gtfs.model.Routes.routesCdkidCollection#istb.280711], was: [net.lojika.gtfs.model.Routes.routesCdkidCollection#istb.280711] (initialized)
14:01:03.963 [main] DEBUG org.hibernate.engine.Collections - Collection found: [net.lojika.gtfs.model.Routes.tripsList#istb.280711], was: [net.lojika.gtfs.model.Routes.tripsList#istb.280711] (uninitialized)
14:01:03.963 [main] DEBUG org.hibernate.engine.Collections - Collection found: [net.lojika.gtfs.model.Routes.routesCdkidCollection#istb.280710], was: [net.lojika.gtfs.model.Routes.routesCdkidCollection#istb.280710] (initialized)
14:01:03.963 [main] DEBUG org.hibernate.engine.Collections - Collection found: [net.lojika.gtfs.model.Routes.tripsList#istb.280710], was: [net.lojika.gtfs.model.Routes.tripsList#istb.280710] (uninitialized)
14:01:03.963 [main] DEBUG org.hibernate.engine.Collections - Collection found: [net.lojika.gtfs.model.Routes.routesCdkidCollection#istb.280709], was: [net.lojika.gtfs.model.Routes.routesCdkidCollection#istb.280709] (initialized)
14:01:03.963 [main] DEBUG org.hibernate.engine.Collections - Collection found: [net.lojika.gtfs.model.Routes.tripsList#istb.280709], was: [net.lojika.gtfs.model.Routes.tripsList#istb.280709] (uninitialized)
14:01:03.963 [main] DEBUG org.hibernate.engine.Collections - Collection found: [net.lojika.gtfs.model.Routes.routesCdkidCollection#istb.280707], was: [net.lojika.gtfs.model.Routes.routesCdkidCollection#istb.280707] (initialized)
14:01:03.963 [main] DEBUG org.hibernate.engine.Collections - Collection found: [net.lojika.gtfs.model.Routes.tripsList#istb.280707], was: [net.lojika.gtfs.model.Routes.tripsList#istb.280707] (uninitialized)
14:01:03.963 [main] DEBUG org.hibernate.engine.Collections - Collection found: [net.lojika.gtfs.model.Routes.routesCdkidCollection#istb.280705], was: [net.lojika.gtfs.model.Routes.routesCdkidCollection#istb.280705] (initialized)
14:01:03.963 [main] DEBUG org.hibernate.engine.Collections - Collection found: [net.lojika.gtfs.model.Routes.tripsList#istb.280705], was: [net.lojika.gtfs.model.Routes.tripsList#istb.280705] (uninitialized)
14:01:03.963 [main] DEBUG org.hibernate.engine.Collections - Collection found: [net.lojika.gtfs.model.Routes.routesCdkidCollection#istb.280704], was: [net.lojika.gtfs.model.Routes.routesCdkidCollection#istb.280704] (initialized)
14:01:03.963 [main] DEBUG org.hibernate.engine.Collections - Collection found: [net.lojika.gtfs.model.Routes.tripsList#istb.280704], was: [net.lojika.gtfs.model.Routes.tripsList#istb.280704] (uninitialized)
14:01:03.963 [main] DEBUG org.hibernate.engine.Collections - Collection found: [net.lojika.gtfs.model.Routes.routesCdkidCollection#istb.280703], was: [net.lojika.gtfs.model.Routes.routesCdkidCollection#istb.280703] (initialized)
14:01:03.963 [main] DEBUG org.hibernate.engine.Collections - Collection found: [net.lojika.gtfs.model.Routes.tripsList#istb.280703], was: [net.lojika.gtfs.model.Routes.tripsList#istb.280703] (uninitialized)
14:01:03.963 [main] DEBUG org.hibernate.engine.Collections - Collection found: [net.lojika.gtfs.model.Routes.routesCdkidCollection#istb.280702], was: [net.lojika.gtfs.model.Routes.routesCdkidCollection#istb.280702] (initialized)
14:01:03.963 [main] DEBUG org.hibernate.engine.Collections - Collection found: [net.lojika.gtfs.model.Routes.tripsList#istb.280702], was: [net.lojika.gtfs.model.Routes.tripsList#istb.280702] (uninitialized)
14:01:03.963 [main] DEBUG org.hibernate.engine.Collections - Collection found: [net.lojika.gtfs.model.Routes.routesCdkidCollection#istb.280701], was: [net.lojika.gtfs.model.Routes.routesCdkidCollection#istb.280701] (initialized)
14:01:03.963 [main] DEBUG org.hibernate.engine.Collections - Collection found: [net.lojika.gtfs.model.Routes.tripsList#istb.280701], was: [net.lojika.gtfs.model.Routes.tripsList#istb.280701] (uninitialized)
14:01:03.964 [main] DEBUG org.hibernate.engine.Collections - Collection found: [net.lojika.gtfs.model.Routes.routesCdkidCollection#istb.280700], was: [net.lojika.gtfs.model.Routes.routesCdkidCollection#istb.280700] (initialized)
14:01:03.964 [main] DEBUG org.hibernate.engine.Collections - Collection found: [net.lojika.gtfs.model.Routes.tripsList#istb.280700], was: [net.lojika.gtfs.model.Routes.tripsList#istb.280700] (uninitialized)
14:01:03.964 [main] DEBUG org.hibernate.engine.Collections - Collection found: [net.lojika.gtfs.model.Routes.routesCdkidCollection#istb.280699], was: [net.lojika.gtfs.model.Routes.routesCdkidCollection#istb.280699] (initialized)
14:01:03.964 [main] DEBUG org.hibernate.engine.Collections - Collection found: [net.lojika.gtfs.model.Routes.tripsList#istb.280699], was: [net.lojika.gtfs.model.Routes.tripsList#istb.280699] (uninitialized)
14:01:03.964 [main] DEBUG org.hibernate.engine.Collections - Collection found: [net.lojika.gtfs.model.Routes.routesCdkidCollection#istb.280698], was: [net.lojika.gtfs.model.Routes.routesCdkidCollection#istb.280698] (initialized)
14:01:03.964 [main] DEBUG org.hibernate.engine.Collections - Collection found: [net.lojika.gtfs.model.Routes.tripsList#istb.280698], was: [net.lojika.gtfs.model.Routes.tripsList#istb.280698] (uninitialized)
14:01:03.964 [main] DEBUG org.hibernate.engine.Collections - Collection found: [net.lojika.gtfs.model.Routes.routesCdkidCollection#istb.280697], was: [net.lojika.gtfs.model.Routes.routesCdkidCollection#istb.280697] (initialized)
14:01:03.964 [main] DEBUG org.hibernate.engine.Collections - Collection found: [net.lojika.gtfs.model.Routes.tripsList#istb.280697], was: [net.lojika.gtfs.model.Routes.tripsList#istb.280697] (uninitialized)
14:01:03.964 [main] DEBUG org.hibernate.engine.Collections - Collection found: [net.lojika.gtfs.model.Routes.routesCdkidCollection#istb.280696], was: [net.lojika.gtfs.model.Routes.routesCdkidCollection#istb.280696] (initialized)
14:01:03.964 [main] DEBUG org.hibernate.engine.Collections - Collection found: [net.lojika.gtfs.model.Routes.tripsList#istb.280696], was: [net.lojika.gtfs.model.Routes.tripsList#istb.280696] (uninitialized)
14:01:03.964 [main] DEBUG org.hibernate.engine.Collections - Collection found: [net.lojika.gtfs.model.Routes.routesCdkidCollection#istb.280695], was: [net.lojika.gtfs.model.Routes.routesCdkidCollection#istb.280695] (initialized)
14:01:03.964 [main] DEBUG org.hibernate.engine.Collections - Collection found: [net.lojika.gtfs.model.Routes.tripsList#istb.280695], was: [net.lojika.gtfs.model.Routes.tripsList#istb.280695] (uninitialized)
14:01:03.964 [main] DEBUG org.hibernate.engine.Collections - Collection found: [net.lojika.gtfs.model.Routes.routesCdkidCollection#istb.280692], was: [net.lojika.gtfs.model.Routes.routesCdkidCollection#istb.280692] (initialized)
14:01:03.964 [main] DEBUG org.hibernate.engine.Collections - Collection found: [net.lojika.gtfs.model.Routes.tripsList#istb.280692], was: [net.lojika.gtfs.model.Routes.tripsList#istb.280692] (uninitialized)
14:01:03.964 [main] DEBUG org.hibernate.engine.Collections - Collection found: [net.lojika.gtfs.model.Routes.routesCdkidCollection#istb.280691], was: [net.lojika.gtfs.model.Routes.routesCdkidCollection#istb.280691] (initialized)
14:01:03.964 [main] DEBUG org.hibernate.engine.Collections - Collection found: [net.lojika.gtfs.model.Routes.tripsList#istb.280691], was: [net.lojika.gtfs.model.Routes.tripsList#istb.280691] (uninitialized)
14:01:03.964 [main] DEBUG org.hibernate.engine.Collections - Collection found: [net.lojika.gtfs.model.Routes.routesCdkidCollection#istb.280690], was: [net.lojika.gtfs.model.Routes.routesCdkidCollection#istb.280690] (initialized)
14:01:03.964 [main] DEBUG org.hibernate.engine.Collections - Collection found: [net.lojika.gtfs.model.Routes.tripsList#istb.280690], was: [net.lojika.gtfs.model.Routes.tripsList#istb.280690] (uninitialized)
14:01:03.964 [main] DEBUG org.hibernate.engine.Collections - Collection found: [net.lojika.gtfs.model.Routes.routesCdkidCollection#istb.280688], was: [net.lojika.gtfs.model.Routes.routesCdkidCollection#istb.280688] (initialized)
14:01:03.964 [main] DEBUG org.hibernate.engine.Collections - Collection found: [net.lojika.gtfs.model.Routes.tripsList#istb.280688], was: [net.lojika.gtfs.model.Routes.tripsList#istb.280688] (uninitialized)
14:01:03.965 [main] DEBUG org.hibernate.engine.Collections - Collection found: [net.lojika.gtfs.model.Routes.routesCdkidCollection#istb.280687], was: [net.lojika.gtfs.model.Routes.routesCdkidCollection#istb.280687] (initialized)
14:01:03.965 [main] DEBUG org.hibernate.engine.Collections - Collection found: [net.lojika.gtfs.model.Routes.tripsList#istb.280687], was: [net.lojika.gtfs.model.Routes.tripsList#istb.280687] (uninitialized)
14:01:03.965 [main] DEBUG org.hibernate.engine.Collections - Collection found: [net.lojika.gtfs.model.Routes.routesCdkidCollection#istb.280684], was: [net.lojika.gtfs.model.Routes.routesCdkidCollection#istb.280684] (initialized)
14:01:03.965 [main] DEBUG org.hibernate.engine.Collections - Collection found: [net.lojika.gtfs.model.Routes.tripsList#istb.280684], was: [net.lojika.gtfs.model.Routes.tripsList#istb.280684] (uninitialized)
14:01:03.965 [main] DEBUG org.hibernate.engine.Collections - Collection found: [net.lojika.gtfs.model.Routes.routesCdkidCollection#istb.280683], was: [net.lojika.gtfs.model.Routes.routesCdkidCollection#istb.280683] (initialized)
14:01:03.965 [main] DEBUG org.hibernate.engine.Collections - Collection found: [net.lojika.gtfs.model.Routes.tripsList#istb.280683], was: [net.lojika.gtfs.model.Routes.tripsList#istb.280683] (uninitialized)
14:01:03.965 [main] DEBUG org.hibernate.engine.Collections - Collection found: [net.lojika.gtfs.model.Routes.routesCdkidCollection#istb.280682], was: [net.lojika.gtfs.model.Routes.routesCdkidCollection#istb.280682] (initialized)
14:01:03.965 [main] DEBUG org.hibernate.engine.Collections - Collection found: [net.lojika.gtfs.model.Routes.tripsList#istb.280682], was: [net.lojika.gtfs.model.Routes.tripsList#istb.280682] (uninitialized)
14:01:03.965 [main] DEBUG org.hibernate.engine.Collections - Collection found: [net.lojika.gtfs.model.Routes.routesCdkidCollection#istb.280681], was: [net.lojika.gtfs.model.Routes.routesCdkidCollection#istb.280681] (initialized)
14:01:03.965 [main] DEBUG org.hibernate.engine.Collections - Collection found: [net.lojika.gtfs.model.Routes.tripsList#istb.280681], was: [net.lojika.gtfs.model.Routes.tripsList#istb.280681] (uninitialized)
14:01:03.965 [main] DEBUG org.hibernate.engine.Collections - Collection found: [net.lojika.gtfs.model.Routes.routesCdkidCollection#istb.280680], was: [net.lojika.gtfs.model.Routes.routesCdkidCollection#istb.280680] (initialized)
14:01:03.965 [main] DEBUG org.hibernate.engine.Collections - Collection found: [net.lojika.gtfs.model.Routes.tripsList#istb.280680], was: [net.lojika.gtfs.model.Routes.tripsList#istb.280680] (uninitialized)
14:01:03.965 [main] DEBUG org.hibernate.engine.Collections - Collection found: [net.lojika.gtfs.model.Routes.routesCdkidCollection#istb.280678], was: [net.lojika.gtfs.model.Routes.routesCdkidCollection#istb.280678] (initialized)
14:01:03.965 [main] DEBUG org.hibernate.engine.Collections - Collection found: [net.lojika.gtfs.model.Routes.tripsList#istb.280678], was: [net.lojika.gtfs.model.Routes.tripsList#istb.280678] (uninitialized)
14:01:03.965 [main] DEBUG org.hibernate.engine.Collections - Collection found: [net.lojika.gtfs.model.Routes.routesCdkidCollection#istb.280676], was: [net.lojika.gtfs.model.Routes.routesCdkidCollection#istb.280676] (initialized)
14:01:03.965 [main] DEBUG org.hibernate.engine.Collections - Collection found: [net.lojika.gtfs.model.Routes.tripsList#istb.280676], was: [net.lojika.gtfs.model.Routes.tripsList#istb.280676] (uninitialized)
14:01:03.965 [main] DEBUG org.hibernate.engine.Collections - Collection found: [net.lojika.gtfs.model.Routes.routesCdkidCollection#istb.280675], was: [net.lojika.gtfs.model.Routes.routesCdkidCollection#istb.280675] (initialized)
14:01:03.965 [main] DEBUG org.hibernate.engine.Collections - Collection found: [net.lojika.gtfs.model.Routes.tripsList#istb.280675], was: [net.lojika.gtfs.model.Routes.tripsList#istb.280675] (uninitialized)
14:01:03.965 [main] DEBUG org.hibernate.engine.Collections - Collection found: [net.lojika.gtfs.model.Routes.routesCdkidCollection#istb.280673], was: [net.lojika.gtfs.model.Routes.routesCdkidCollection#istb.280673] (initialized)
14:01:03.965 [main] DEBUG org.hibernate.engine.Collections - Collection found: [net.lojika.gtfs.model.Routes.tripsList#istb.280673], was: [net.lojika.gtfs.model.Routes.tripsList#istb.280673] (uninitialized)
14:01:03.966 [main] DEBUG org.hibernate.engine.Collections - Collection found: [net.lojika.gtfs.model.Routes.routesCdkidCollection#istb.280670], was: [net.lojika.gtfs.model.Routes.routesCdkidCollection#istb.280670] (initialized)
14:01:03.966 [main] DEBUG org.hibernate.engine.Collections - Collection found: [net.lojika.gtfs.model.Routes.tripsList#istb.280670], was: [net.lojika.gtfs.model.Routes.tripsList#istb.280670] (uninitialized)
14:01:03.966 [main] DEBUG org.hibernate.engine.Collections - Collection found: [net.lojika.gtfs.model.Routes.routesCdkidCollection#istb.280669], was: [net.lojika.gtfs.model.Routes.routesCdkidCollection#istb.280669] (initialized)
14:01:03.966 [main] DEBUG org.hibernate.engine.Collections - Collection found: [net.lojika.gtfs.model.Routes.tripsList#istb.280669], was: [net.lojika.gtfs.model.Routes.tripsList#istb.280669] (uninitialized)
14:01:03.966 [main] DEBUG org.hibernate.engine.Collections - Collection found: [net.lojika.gtfs.model.Routes.routesCdkidCollection#istb.280668], was: [net.lojika.gtfs.model.Routes.routesCdkidCollection#istb.280668] (initialized)
14:01:03.966 [main] DEBUG org.hibernate.engine.Collections - Collection found: [net.lojika.gtfs.model.Routes.tripsList#istb.280668], was: [net.lojika.gtfs.model.Routes.tripsList#istb.280668] (uninitialized)
14:01:03.966 [main] DEBUG org.hibernate.engine.Collections - Collection found: [net.lojika.gtfs.model.Routes.routesCdkidCollection#istb.280665], was: [net.lojika.gtfs.model.Routes.routesCdkidCollection#istb.280665] (initialized)
14:01:03.966 [main] DEBUG org.hibernate.engine.Collections - Collection found: [net.lojika.gtfs.model.Routes.tripsList#istb.280665], was: [net.lojika.gtfs.model.Routes.tripsList#istb.280665] (uninitialized)
14:01:03.966 [main] DEBUG org.hibernate.engine.Collections - Collection found: [net.lojika.gtfs.model.Routes.routesCdkidCollection#istb.280662], was: [net.lojika.gtfs.model.Routes.routesCdkidCollection#istb.280662] (initialized)
14:01:03.966 [main] DEBUG org.hibernate.engine.Collections - Collection found: [net.lojika.gtfs.model.Routes.tripsList#istb.280662], was: [net.lojika.gtfs.model.Routes.tripsList#istb.280662] (uninitialized)
14:01:03.966 [main] DEBUG org.hibernate.engine.Collections - Collection found: [net.lojika.gtfs.model.Routes.routesCdkidCollection#istb.280661], was: [net.lojika.gtfs.model.Routes.routesCdkidCollection#istb.280661] (initialized)
14:01:03.966 [main] DEBUG org.hibernate.engine.Collections - Collection found: [net.lojika.gtfs.model.Routes.tripsList#istb.280661], was: [net.lojika.gtfs.model.Routes.tripsList#istb.280661] (uninitialized)
14:01:03.966 [main] DEBUG org.hibernate.engine.Collections - Collection found: [net.lojika.gtfs.model.Routes.routesCdkidCollection#istb.280658], was: [net.lojika.gtfs.model.Routes.routesCdkidCollection#istb.280658] (initialized)
14:01:03.966 [main] DEBUG org.hibernate.engine.Collections - Collection found: [net.lojika.gtfs.model.Routes.tripsList#istb.280658], was: [net.lojika.gtfs.model.Routes.tripsList#istb.280658] (uninitialized)
14:01:03.966 [main] DEBUG org.hibernate.engine.Collections - Collection found: [net.lojika.gtfs.model.Routes.routesCdkidCollection#istb.280657], was: [net.lojika.gtfs.model.Routes.routesCdkidCollection#istb.280657] (initialized)
14:01:03.966 [main] DEBUG org.hibernate.engine.Collections - Collection found: [net.lojika.gtfs.model.Routes.tripsList#istb.280657], was: [net.lojika.gtfs.model.Routes.tripsList#istb.280657] (uninitialized)
14:01:03.966 [main] DEBUG org.hibernate.engine.Collections - Collection found: [net.lojika.gtfs.model.Routes.routesCdkidCollection#istb.280655], was: [net.lojika.gtfs.model.Routes.routesCdkidCollection#istb.280655] (initialized)
14:01:03.966 [main] DEBUG org.hibernate.engine.Collections - Collection found: [net.lojika.gtfs.model.Routes.tripsList#istb.280655], was: [net.lojika.gtfs.model.Routes.tripsList#istb.280655] (uninitialized)
14:01:03.966 [main] DEBUG org.hibernate.engine.Collections - Collection found: [net.lojika.gtfs.model.Routes.routesCdkidCollection#istb.280654], was: [net.lojika.gtfs.model.Routes.routesCdkidCollection#istb.280654] (initialized)
14:01:03.966 [main] DEBUG org.hibernate.engine.Collections - Collection found: [net.lojika.gtfs.model.Routes.tripsList#istb.280654], was: [net.lojika.gtfs.model.Routes.tripsList#istb.280654] (uninitialized)
14:01:03.967 [main] DEBUG org.hibernate.engine.Collections - Collection found: [net.lojika.gtfs.model.Routes.routesCdkidCollection#istb.280653], was: [net.lojika.gtfs.model.Routes.routesCdkidCollection#istb.280653] (initialized)
14:01:03.967 [main] DEBUG org.hibernate.engine.Collections - Collection found: [net.lojika.gtfs.model.Routes.tripsList#istb.280653], was: [net.lojika.gtfs.model.Routes.tripsList#istb.280653] (uninitialized)
14:01:03.967 [main] DEBUG org.hibernate.engine.Collections - Collection found: [net.lojika.gtfs.model.Routes.routesCdkidCollection#istb.280652], was: [net.lojika.gtfs.model.Routes.routesCdkidCollection#istb.280652] (initialized)
14:01:03.967 [main] DEBUG org.hibernate.engine.Collections - Collection found: [net.lojika.gtfs.model.Routes.tripsList#istb.280652], was: [net.lojika.gtfs.model.Routes.tripsList#istb.280652] (uninitialized)
14:01:03.967 [main] DEBUG org.hibernate.engine.Collections - Collection found: [net.lojika.gtfs.model.Routes.routesCdkidCollection#istb.280651], was: [net.lojika.gtfs.model.Routes.routesCdkidCollection#istb.280651] (initialized)
14:01:03.967 [main] DEBUG org.hibernate.engine.Collections - Collection found: [net.lojika.gtfs.model.Routes.tripsList#istb.280651], was: [net.lojika.gtfs.model.Routes.tripsList#istb.280651] (uninitialized)
14:01:03.967 [main] DEBUG org.hibernate.engine.Collections - Collection found: [net.lojika.gtfs.model.Routes.routesCdkidCollection#istb.280650], was: [net.lojika.gtfs.model.Routes.routesCdkidCollection#istb.280650] (initialized)
14:01:03.967 [main] DEBUG org.hibernate.engine.Collections - Collection found: [net.lojika.gtfs.model.Routes.tripsList#istb.280650], was: [net.lojika.gtfs.model.Routes.tripsList#istb.280650] (uninitialized)
14:01:03.967 [main] DEBUG org.hibernate.engine.Collections - Collection found: [net.lojika.gtfs.model.Routes.routesCdkidCollection#istb.280648], was: [net.lojika.gtfs.model.Routes.routesCdkidCollection#istb.280648] (initialized)
14:01:03.967 [main] DEBUG org.hibernate.engine.Collections - Collection found: [net.lojika.gtfs.model.Routes.tripsList#istb.280648], was: [net.lojika.gtfs.model.Routes.tripsList#istb.280648] (uninitialized)
14:01:03.967 [main] DEBUG org.hibernate.engine.Collections - Collection found: [net.lojika.gtfs.model.Routes.routesCdkidCollection#istb.280647], was: [net.lojika.gtfs.model.Routes.routesCdkidCollection#istb.280647] (initialized)
14:01:03.967 [main] DEBUG org.hibernate.engine.Collections - Collection found: [net.lojika.gtfs.model.Routes.tripsList#istb.280647], was: [net.lojika.gtfs.model.Routes.tripsList#istb.280647] (uninitialized)
14:01:03.967 [main] DEBUG org.hibernate.engine.Collections - Collection found: [net.lojika.gtfs.model.Routes.routesCdkidCollection#istb.280646], was: [net.lojika.gtfs.model.Routes.routesCdkidCollection#istb.280646] (initialized)
14:01:03.967 [main] DEBUG org.hibernate.engine.Collections - Collection found: [net.lojika.gtfs.model.Routes.tripsList#istb.280646], was: [net.lojika.gtfs.model.Routes.tripsList#istb.280646] (uninitialized)
14:01:03.967 [main] DEBUG org.hibernate.engine.Collections - Collection found: [net.lojika.gtfs.model.Routes.routesCdkidCollection#istb.280644], was: [net.lojika.gtfs.model.Routes.routesCdkidCollection#istb.280644] (initialized)
14:01:03.967 [main] DEBUG org.hibernate.engine.Collections - Collection found: [net.lojika.gtfs.model.Routes.tripsList#istb.280644], was: [net.lojika.gtfs.model.Routes.tripsList#istb.280644] (uninitialized)
14:01:03.967 [main] DEBUG org.hibernate.engine.Collections - Collection found: [net.lojika.gtfs.model.Routes.routesCdkidCollection#istb.280643], was: [net.lojika.gtfs.model.Routes.routesCdkidCollection#istb.280643] (initialized)
14:01:03.967 [main] DEBUG org.hibernate.engine.Collections - Collection found: [net.lojika.gtfs.model.Routes.tripsList#istb.280643], was: [net.lojika.gtfs.model.Routes.tripsList#istb.280643] (uninitialized)
14:01:03.967 [main] DEBUG org.hibernate.engine.Collections - Collection found: [net.lojika.gtfs.model.Routes.routesCdkidCollection#istb.280641], was: [net.lojika.gtfs.model.Routes.routesCdkidCollection#istb.280641] (initialized)
14:01:03.967 [main] DEBUG org.hibernate.engine.Collections - Collection found: [net.lojika.gtfs.model.Routes.tripsList#istb.280641], was: [net.lojika.gtfs.model.Routes.tripsList#istb.280641] (uninitialized)
14:01:03.968 [main] DEBUG org.hibernate.engine.Collections - Collection found: [net.lojika.gtfs.model.Routes.routesCdkidCollection#istb.280640], was: [net.lojika.gtfs.model.Routes.routesCdkidCollection#istb.280640] (initialized)
14:01:03.968 [main] DEBUG org.hibernate.engine.Collections - Collection found: [net.lojika.gtfs.model.Routes.tripsList#istb.280640], was: [net.lojika.gtfs.model.Routes.tripsList#istb.280640] (uninitialized)
14:01:03.968 [main] DEBUG org.hibernate.engine.Collections - Collection found: [net.lojika.gtfs.model.Routes.routesCdkidCollection#istb.280639], was: [net.lojika.gtfs.model.Routes.routesCdkidCollection#istb.280639] (initialized)
14:01:03.968 [main] DEBUG org.hibernate.engine.Collections - Collection found: [net.lojika.gtfs.model.Routes.tripsList#istb.280639], was: [net.lojika.gtfs.model.Routes.tripsList#istb.280639] (uninitialized)
14:01:03.968 [main] DEBUG org.hibernate.engine.Collections - Collection found: [net.lojika.gtfs.model.Routes.routesCdkidCollection#istb.280638], was: [net.lojika.gtfs.model.Routes.routesCdkidCollection#istb.280638] (initialized)
14:01:03.968 [main] DEBUG org.hibernate.engine.Collections - Collection found: [net.lojika.gtfs.model.Routes.tripsList#istb.280638], was: [net.lojika.gtfs.model.Routes.tripsList#istb.280638] (uninitialized)
14:01:03.968 [main] DEBUG org.hibernate.engine.Collections - Collection found: [net.lojika.gtfs.model.Routes.routesCdkidCollection#istb.280637], was: [net.lojika.gtfs.model.Routes.routesCdkidCollection#istb.280637] (initialized)
14:01:03.968 [main] DEBUG org.hibernate.engine.Collections - Collection found: [net.lojika.gtfs.model.Routes.tripsList#istb.280637], was: [net.lojika.gtfs.model.Routes.tripsList#istb.280637] (uninitialized)
14:01:03.968 [main] DEBUG org.hibernate.engine.Collections - Collection found: [net.lojika.gtfs.model.Routes.routesCdkidCollection#istb.280636], was: [net.lojika.gtfs.model.Routes.routesCdkidCollection#istb.280636] (initialized)
14:01:03.968 [main] DEBUG org.hibernate.engine.Collections - Collection found: [net.lojika.gtfs.model.Routes.tripsList#istb.280636], was: [net.lojika.gtfs.model.Routes.tripsList#istb.280636] (uninitialized)
14:01:03.968 [main] DEBUG org.hibernate.engine.Collections - Collection found: [net.lojika.gtfs.model.Routes.routesCdkidCollection#istb.280635], was: [net.lojika.gtfs.model.Routes.routesCdkidCollection#istb.280635] (initialized)
14:01:03.968 [main] DEBUG org.hibernate.engine.Collections - Collection found: [net.lojika.gtfs.model.Routes.tripsList#istb.280635], was: [net.lojika.gtfs.model.Routes.tripsList#istb.280635] (uninitialized)
14:01:03.968 [main] DEBUG org.hibernate.engine.Collections - Collection found: [net.lojika.gtfs.model.Routes.routesCdkidCollection#istb.280634], was: [net.lojika.gtfs.model.Routes.routesCdkidCollection#istb.280634] (initialized)
14:01:03.968 [main] DEBUG org.hibernate.engine.Collections - Collection found: [net.lojika.gtfs.model.Routes.tripsList#istb.280634], was: [net.lojika.gtfs.model.Routes.tripsList#istb.280634] (uninitialized)
14:01:03.968 [main] DEBUG org.hibernate.engine.Collections - Collection found: [net.lojika.gtfs.model.Routes.routesCdkidCollection#istb.280630], was: [net.lojika.gtfs.model.Routes.routesCdkidCollection#istb.280630] (initialized)
14:01:03.968 [main] DEBUG org.hibernate.engine.Collections - Collection found: [net.lojika.gtfs.model.Routes.tripsList#istb.280630], was: [net.lojika.gtfs.model.Routes.tripsList#istb.280630] (uninitialized)
14:01:03.968 [main] DEBUG org.hibernate.engine.Collections - Collection found: [net.lojika.gtfs.model.Routes.routesCdkidCollection#istb.280628], was: [net.lojika.gtfs.model.Routes.routesCdkidCollection#istb.280628] (initialized)
14:01:03.968 [main] DEBUG org.hibernate.engine.Collections - Collection found: [net.lojika.gtfs.model.Routes.tripsList#istb.280628], was: [net.lojika.gtfs.model.Routes.tripsList#istb.280628] (uninitialized)
14:01:03.968 [main] DEBUG org.hibernate.engine.Collections - Collection found: [net.lojika.gtfs.model.Routes.routesCdkidCollection#istb.280627], was: [net.lojika.gtfs.model.Routes.routesCdkidCollection#istb.280627] (initialized)
14:01:03.968 [main] DEBUG org.hibernate.engine.Collections - Collection found: [net.lojika.gtfs.model.Routes.tripsList#istb.280627], was: [net.lojika.gtfs.model.Routes.tripsList#istb.280627] (uninitialized)
14:01:03.969 [main] DEBUG org.hibernate.engine.Collections - Collection found: [net.lojika.gtfs.model.Routes.routesCdkidCollection#istb.280626], was: [net.lojika.gtfs.model.Routes.routesCdkidCollection#istb.280626] (initialized)
14:01:03.969 [main] DEBUG org.hibernate.engine.Collections - Collection found: [net.lojika.gtfs.model.Routes.tripsList#istb.280626], was: [net.lojika.gtfs.model.Routes.tripsList#istb.280626] (uninitialized)
14:01:03.969 [main] DEBUG org.hibernate.engine.Collections - Collection found: [net.lojika.gtfs.model.Routes.routesCdkidCollection#istb.280625], was: [net.lojika.gtfs.model.Routes.routesCdkidCollection#istb.280625] (initialized)
14:01:03.969 [main] DEBUG org.hibernate.engine.Collections - Collection found: [net.lojika.gtfs.model.Routes.tripsList#istb.280625], was: [net.lojika.gtfs.model.Routes.tripsList#istb.280625] (uninitialized)
14:01:03.969 [main] DEBUG org.hibernate.engine.Collections - Collection found: [net.lojika.gtfs.model.Routes.routesCdkidCollection#istb.280624], was: [net.lojika.gtfs.model.Routes.routesCdkidCollection#istb.280624] (initialized)
14:01:03.969 [main] DEBUG org.hibernate.engine.Collections - Collection found: [net.lojika.gtfs.model.Routes.tripsList#istb.280624], was: [net.lojika.gtfs.model.Routes.tripsList#istb.280624] (uninitialized)
14:01:03.969 [main] DEBUG org.hibernate.engine.Collections - Collection found: [net.lojika.gtfs.model.Routes.routesCdkidCollection#istb.280623], was: [net.lojika.gtfs.model.Routes.routesCdkidCollection#istb.280623] (initialized)
14:01:03.969 [main] DEBUG org.hibernate.engine.Collections - Collection found: [net.lojika.gtfs.model.Routes.tripsList#istb.280623], was: [net.lojika.gtfs.model.Routes.tripsList#istb.280623] (uninitialized)
14:01:03.969 [main] DEBUG org.hibernate.engine.Collections - Collection found: [net.lojika.gtfs.model.Routes.routesCdkidCollection#istb.280622], was: [net.lojika.gtfs.model.Routes.routesCdkidCollection#istb.280622] (initialized)
14:01:03.969 [main] DEBUG org.hibernate.engine.Collections - Collection found: [net.lojika.gtfs.model.Routes.tripsList#istb.280622], was: [net.lojika.gtfs.model.Routes.tripsList#istb.280622] (uninitialized)
14:01:03.969 [main] DEBUG org.hibernate.engine.Collections - Collection found: [net.lojika.gtfs.model.Routes.routesCdkidCollection#istb.280621], was: [net.lojika.gtfs.model.Routes.routesCdkidCollection#istb.280621] (initialized)
14:01:03.969 [main] DEBUG org.hibernate.engine.Collections - Collection found: [net.lojika.gtfs.model.Routes.tripsList#istb.280621], was: [net.lojika.gtfs.model.Routes.tripsList#istb.280621] (uninitialized)
14:01:03.969 [main] DEBUG org.hibernate.engine.Collections - Collection found: [net.lojika.gtfs.model.Routes.routesCdkidCollection#istb.280620], was: [net.lojika.gtfs.model.Routes.routesCdkidCollection#istb.280620] (initialized)
14:01:03.969 [main] DEBUG org.hibernate.engine.Collections - Collection found: [net.lojika.gtfs.model.Routes.tripsList#istb.280620], was: [net.lojika.gtfs.model.Routes.tripsList#istb.280620] (uninitialized)
14:01:03.969 [main] DEBUG org.hibernate.engine.Collections - Collection found: [net.lojika.gtfs.model.Routes.routesCdkidCollection#istb.280619], was: [net.lojika.gtfs.model.Routes.routesCdkidCollection#istb.280619] (initialized)
14:01:03.969 [main] DEBUG org.hibernate.engine.Collections - Collection found: [net.lojika.gtfs.model.Routes.tripsList#istb.280619], was: [net.lojika.gtfs.model.Routes.tripsList#istb.280619] (uninitialized)
14:01:03.969 [main] DEBUG org.hibernate.engine.Collections - Collection found: [net.lojika.gtfs.model.Routes.routesCdkidCollection#istb.280618], was: [net.lojika.gtfs.model.Routes.routesCdkidCollection#istb.280618] (initialized)
14:01:03.969 [main] DEBUG org.hibernate.engine.Collections - Collection found: [net.lojika.gtfs.model.Routes.tripsList#istb.280618], was: [net.lojika.gtfs.model.Routes.tripsList#istb.280618] (uninitialized)
14:01:03.969 [main] DEBUG org.hibernate.engine.Collections - Collection found: [net.lojika.gtfs.model.Routes.routesCdkidCollection#istb.280617], was: [net.lojika.gtfs.model.Routes.routesCdkidCollection#istb.280617] (initialized)
14:01:03.969 [main] DEBUG org.hibernate.engine.Collections - Collection found: [net.lojika.gtfs.model.Routes.tripsList#istb.280617], was: [net.lojika.gtfs.model.Routes.tripsList#istb.280617] (uninitialized)
14:01:03.969 [main] DEBUG org.hibernate.engine.Collections - Collection found: [net.lojika.gtfs.model.Routes.routesCdkidCollection#istb.280555], was: [net.lojika.gtfs.model.Routes.routesCdkidCollection#istb.280555] (initialized)
14:01:03.969 [main] DEBUG org.hibernate.engine.Collections - Collection found: [net.lojika.gtfs.model.Routes.tripsList#istb.280555], was: [net.lojika.gtfs.model.Routes.tripsList#istb.280555] (uninitialized)
14:01:03.970 [main] DEBUG org.hibernate.engine.Collections - Collection found: [net.lojika.gtfs.model.Routes.routesCdkidCollection#istb.280554], was: [net.lojika.gtfs.model.Routes.routesCdkidCollection#istb.280554] (initialized)
14:01:03.970 [main] DEBUG org.hibernate.engine.Collections - Collection found: [net.lojika.gtfs.model.Routes.tripsList#istb.280554], was: [net.lojika.gtfs.model.Routes.tripsList#istb.280554] (uninitialized)
14:01:03.970 [main] DEBUG org.hibernate.engine.Collections - Collection found: [net.lojika.gtfs.model.Routes.routesCdkidCollection#istb.280553], was: [net.lojika.gtfs.model.Routes.routesCdkidCollection#istb.280553] (initialized)
14:01:03.970 [main] DEBUG org.hibernate.engine.Collections - Collection found: [net.lojika.gtfs.model.Routes.tripsList#istb.280553], was: [net.lojika.gtfs.model.Routes.tripsList#istb.280553] (uninitialized)
14:01:03.970 [main] DEBUG org.hibernate.engine.Collections - Collection found: [net.lojika.gtfs.model.Routes.routesCdkidCollection#istb.280552], was: [net.lojika.gtfs.model.Routes.routesCdkidCollection#istb.280552] (initialized)
14:01:03.970 [main] DEBUG org.hibernate.engine.Collections - Collection found: [net.lojika.gtfs.model.Routes.tripsList#istb.280552], was: [net.lojika.gtfs.model.Routes.tripsList#istb.280552] (uninitialized)
14:01:03.970 [main] DEBUG org.hibernate.engine.Collections - Collection found: [net.lojika.gtfs.model.Routes.routesCdkidCollection#istb.280551], was: [net.lojika.gtfs.model.Routes.routesCdkidCollection#istb.280551] (initialized)
14:01:03.970 [main] DEBUG org.hibernate.engine.Collections - Collection found: [net.lojika.gtfs.model.Routes.tripsList#istb.280551], was: [net.lojika.gtfs.model.Routes.tripsList#istb.280551] (uninitialized)
14:01:03.970 [main] DEBUG org.hibernate.engine.Collections - Collection found: [net.lojika.gtfs.model.Routes.routesCdkidCollection#istb.280550], was: [net.lojika.gtfs.model.Routes.routesCdkidCollection#istb.280550] (initialized)
14:01:03.970 [main] DEBUG org.hibernate.engine.Collections - Collection found: [net.lojika.gtfs.model.Routes.tripsList#istb.280550], was: [net.lojika.gtfs.model.Routes.tripsList#istb.280550] (uninitialized)
14:01:03.970 [main] DEBUG org.hibernate.engine.Collections - Collection found: [net.lojika.gtfs.model.Routes.routesCdkidCollection#istb.280549], was: [net.lojika.gtfs.model.Routes.routesCdkidCollection#istb.280549] (initialized)
14:01:03.970 [main] DEBUG org.hibernate.engine.Collections - Collection found: [net.lojika.gtfs.model.Routes.tripsList#istb.280549], was: [net.lojika.gtfs.model.Routes.tripsList#istb.280549] (uninitialized)
14:01:03.970 [main] DEBUG org.hibernate.engine.Collections - Collection found: [net.lojika.gtfs.model.Routes.routesCdkidCollection#istb.280548], was: [net.lojika.gtfs.model.Routes.routesCdkidCollection#istb.280548] (initialized)
14:01:03.970 [main] DEBUG org.hibernate.engine.Collections - Collection found: [net.lojika.gtfs.model.Routes.tripsList#istb.280548], was: [net.lojika.gtfs.model.Routes.tripsList#istb.280548] (uninitialized)
14:01:03.970 [main] DEBUG org.hibernate.engine.Collections - Collection found: [net.lojika.gtfs.model.Routes.routesCdkidCollection#istb.280547], was: [net.lojika.gtfs.model.Routes.routesCdkidCollection#istb.280547] (initialized)
14:01:03.970 [main] DEBUG org.hibernate.engine.Collections - Collection found: [net.lojika.gtfs.model.Routes.tripsList#istb.280547], was: [net.lojika.gtfs.model.Routes.tripsList#istb.280547] (uninitialized)
14:01:03.970 [main] DEBUG org.hibernate.engine.Collections - Collection found: [net.lojika.gtfs.model.Routes.routesCdkidCollection#istb.280546], was: [net.lojika.gtfs.model.Routes.routesCdkidCollection#istb.280546] (initialized)
14:01:03.970 [main] DEBUG org.hibernate.engine.Collections - Collection found: [net.lojika.gtfs.model.Routes.tripsList#istb.280546], was: [net.lojika.gtfs.model.Routes.tripsList#istb.280546] (uninitialized)
14:01:03.970 [main] DEBUG org.hibernate.engine.Collections - Collection found: [net.lojika.gtfs.model.Routes.routesCdkidCollection#istb.280545], was: [net.lojika.gtfs.model.Routes.routesCdkidCollection#istb.280545] (initialized)
14:01:03.970 [main] DEBUG org.hibernate.engine.Collections - Collection found: [net.lojika.gtfs.model.Routes.tripsList#istb.280545], was: [net.lojika.gtfs.model.Routes.tripsList#istb.280545] (uninitialized)
14:01:03.971 [main] DEBUG org.hibernate.engine.Collections - Collection found: [net.lojika.gtfs.model.Routes.routesCdkidCollection#istb.280541], was: [net.lojika.gtfs.model.Routes.routesCdkidCollection#istb.280541] (initialized)
14:01:03.971 [main] DEBUG org.hibernate.engine.Collections - Collection found: [net.lojika.gtfs.model.Routes.tripsList#istb.280541], was: [net.lojika.gtfs.model.Routes.tripsList#istb.280541] (uninitialized)
14:01:03.971 [main] DEBUG org.hibernate.engine.Collections - Collection found: [net.lojika.gtfs.model.Routes.routesCdkidCollection#istb.280540], was: [net.lojika.gtfs.model.Routes.routesCdkidCollection#istb.280540] (initialized)
14:01:03.971 [main] DEBUG org.hibernate.engine.Collections - Collection found: [net.lojika.gtfs.model.Routes.tripsList#istb.280540], was: [net.lojika.gtfs.model.Routes.tripsList#istb.280540] (uninitialized)
14:01:03.971 [main] DEBUG org.hibernate.engine.Collections - Collection found: [net.lojika.gtfs.model.Routes.routesCdkidCollection#istb.280539], was: [net.lojika.gtfs.model.Routes.routesCdkidCollection#istb.280539] (initialized)
14:01:03.971 [main] DEBUG org.hibernate.engine.Collections - Collection found: [net.lojika.gtfs.model.Routes.tripsList#istb.280539], was: [net.lojika.gtfs.model.Routes.tripsList#istb.280539] (uninitialized)
14:01:03.971 [main] DEBUG org.hibernate.engine.Collections - Collection found: [net.lojika.gtfs.model.Routes.routesCdkidCollection#istb.280538], was: [net.lojika.gtfs.model.Routes.routesCdkidCollection#istb.280538] (initialized)
14:01:03.971 [main] DEBUG org.hibernate.engine.Collections - Collection found: [net.lojika.gtfs.model.Routes.tripsList#istb.280538], was: [net.lojika.gtfs.model.Routes.tripsList#istb.280538] (uninitialized)
14:01:03.971 [main] DEBUG org.hibernate.engine.Collections - Collection found: [net.lojika.gtfs.model.Routes.routesCdkidCollection#istb.280537], was: [net.lojika.gtfs.model.Routes.routesCdkidCollection#istb.280537] (initialized)
14:01:03.971 [main] DEBUG org.hibernate.engine.Collections - Collection found: [net.lojika.gtfs.model.Routes.tripsList#istb.280537], was: [net.lojika.gtfs.model.Routes.tripsList#istb.280537] (uninitialized)
14:01:03.971 [main] DEBUG org.hibernate.engine.Collections - Collection found: [net.lojika.gtfs.model.Routes.routesCdkidCollection#istb.280536], was: [net.lojika.gtfs.model.Routes.routesCdkidCollection#istb.280536] (initialized)
14:01:03.971 [main] DEBUG org.hibernate.engine.Collections - Collection found: [net.lojika.gtfs.model.Routes.tripsList#istb.280536], was: [net.lojika.gtfs.model.Routes.tripsList#istb.280536] (uninitialized)
14:01:03.971 [main] DEBUG org.hibernate.engine.Collections - Collection found: [net.lojika.gtfs.model.Routes.routesCdkidCollection#istb.280535], was: [net.lojika.gtfs.model.Routes.routesCdkidCollection#istb.280535] (initialized)
14:01:03.971 [main] DEBUG org.hibernate.engine.Collections - Collection found: [net.lojika.gtfs.model.Routes.tripsList#istb.280535], was: [net.lojika.gtfs.model.Routes.tripsList#istb.280535] (uninitialized)
14:01:03.971 [main] DEBUG org.hibernate.engine.Collections - Collection found: [net.lojika.gtfs.model.Routes.routesCdkidCollection#istb.280534], was: [net.lojika.gtfs.model.Routes.routesCdkidCollection#istb.280534] (initialized)
14:01:03.971 [main] DEBUG org.hibernate.engine.Collections - Collection found: [net.lojika.gtfs.model.Routes.tripsList#istb.280534], was: [net.lojika.gtfs.model.Routes.tripsList#istb.280534] (uninitialized)
14:01:03.971 [main] DEBUG org.hibernate.engine.Collections - Collection found: [net.lojika.gtfs.model.Routes.routesCdkidCollection#istb.280533], was: [net.lojika.gtfs.model.Routes.routesCdkidCollection#istb.280533] (initialized)
14:01:03.971 [main] DEBUG org.hibernate.engine.Collections - Collection found: [net.lojika.gtfs.model.Routes.tripsList#istb.280533], was: [net.lojika.gtfs.model.Routes.tripsList#istb.280533] (uninitialized)
14:01:03.971 [main] DEBUG org.hibernate.engine.Collections - Collection found: [net.lojika.gtfs.model.Routes.routesCdkidCollection#istb.280532], was: [net.lojika.gtfs.model.Routes.routesCdkidCollection#istb.280532] (initialized)
14:01:03.972 [main] DEBUG org.hibernate.engine.Collections - Collection found: [net.lojika.gtfs.model.Routes.tripsList#istb.280532], was: [net.lojika.gtfs.model.Routes.tripsList#istb.280532] (uninitialized)
14:01:03.972 [main] DEBUG org.hibernate.engine.Collections - Collection found: [net.lojika.gtfs.model.Routes.routesCdkidCollection#istb.280531], was: [net.lojika.gtfs.model.Routes.routesCdkidCollection#istb.280531] (initialized)
14:01:03.972 [main] DEBUG org.hibernate.engine.Collections - Collection found: [net.lojika.gtfs.model.Routes.tripsList#istb.280531], was: [net.lojika.gtfs.model.Routes.tripsList#istb.280531] (uninitialized)
14:01:03.972 [main] DEBUG org.hibernate.engine.Collections - Collection found: [net.lojika.gtfs.model.Routes.routesCdkidCollection#istb.280530], was: [net.lojika.gtfs.model.Routes.routesCdkidCollection#istb.280530] (initialized)
14:01:03.972 [main] DEBUG org.hibernate.engine.Collections - Collection found: [net.lojika.gtfs.model.Routes.tripsList#istb.280530], was: [net.lojika.gtfs.model.Routes.tripsList#istb.280530] (uninitialized)
14:01:03.972 [main] DEBUG org.hibernate.engine.Collections - Collection found: [net.lojika.gtfs.model.Routes.routesCdkidCollection#istb.280529], was: [net.lojika.gtfs.model.Routes.routesCdkidCollection#istb.280529] (initialized)
14:01:03.972 [main] DEBUG org.hibernate.engine.Collections - Collection found: [net.lojika.gtfs.model.Routes.tripsList#istb.280529], was: [net.lojika.gtfs.model.Routes.tripsList#istb.280529] (uninitialized)
14:01:03.972 [main] DEBUG org.hibernate.engine.Collections - Collection found: [net.lojika.gtfs.model.Routes.routesCdkidCollection#istb.280528], was: [net.lojika.gtfs.model.Routes.routesCdkidCollection#istb.280528] (initialized)
14:01:03.972 [main] DEBUG org.hibernate.engine.Collections - Collection found: [net.lojika.gtfs.model.Routes.tripsList#istb.280528], was: [net.lojika.gtfs.model.Routes.tripsList#istb.280528] (uninitialized)
14:01:03.972 [main] DEBUG org.hibernate.engine.Collections - Collection found: [net.lojika.gtfs.model.Routes.routesCdkidCollection#istb.280527], was: [net.lojika.gtfs.model.Routes.routesCdkidCollection#istb.280527] (initialized)
14:01:03.972 [main] DEBUG org.hibernate.engine.Collections - Collection found: [net.lojika.gtfs.model.Routes.tripsList#istb.280527], was: [net.lojika.gtfs.model.Routes.tripsList#istb.280527] (uninitialized)
14:01:03.972 [main] DEBUG org.hibernate.engine.Collections - Collection found: [net.lojika.gtfs.model.Routes.routesCdkidCollection#istb.280526], was: [net.lojika.gtfs.model.Routes.routesCdkidCollection#istb.280526] (initialized)
14:01:03.972 [main] DEBUG org.hibernate.engine.Collections - Collection found: [net.lojika.gtfs.model.Routes.tripsList#istb.280526], was: [net.lojika.gtfs.model.Routes.tripsList#istb.280526] (uninitialized)
14:01:03.972 [main] DEBUG org.hibernate.engine.Collections - Collection found: [net.lojika.gtfs.model.Routes.routesCdkidCollection#istb.280525], was: [net.lojika.gtfs.model.Routes.routesCdkidCollection#istb.280525] (initialized)
14:01:03.972 [main] DEBUG org.hibernate.engine.Collections - Collection found: [net.lojika.gtfs.model.Routes.tripsList#istb.280525], was: [net.lojika.gtfs.model.Routes.tripsList#istb.280525] (uninitialized)
14:01:03.972 [main] DEBUG org.hibernate.engine.Collections - Collection found: [net.lojika.gtfs.model.Routes.routesCdkidCollection#istb.280524], was: [net.lojika.gtfs.model.Routes.routesCdkidCollection#istb.280524] (initialized)
14:01:03.972 [main] DEBUG org.hibernate.engine.Collections - Collection found: [net.lojika.gtfs.model.Routes.tripsList#istb.280524], was: [net.lojika.gtfs.model.Routes.tripsList#istb.280524] (uninitialized)
14:01:03.972 [main] DEBUG org.hibernate.engine.Collections - Collection found: [net.lojika.gtfs.model.Routes.routesCdkidCollection#istb.280523], was: [net.lojika.gtfs.model.Routes.routesCdkidCollection#istb.280523] (initialized)
14:01:03.972 [main] DEBUG org.hibernate.engine.Collections - Collection found: [net.lojika.gtfs.model.Routes.tripsList#istb.280523], was: [net.lojika.gtfs.model.Routes.tripsList#istb.280523] (uninitialized)
14:01:03.973 [main] DEBUG org.hibernate.engine.Collections - Collection found: [net.lojika.gtfs.model.Routes.routesCdkidCollection#istb.280522], was: [net.lojika.gtfs.model.Routes.routesCdkidCollection#istb.280522] (initialized)
14:01:03.973 [main] DEBUG org.hibernate.engine.Collections - Collection found: [net.lojika.gtfs.model.Routes.tripsList#istb.280522], was: [net.lojika.gtfs.model.Routes.tripsList#istb.280522] (uninitialized)
14:01:03.973 [main] DEBUG org.hibernate.engine.Collections - Collection found: [net.lojika.gtfs.model.Routes.routesCdkidCollection#istb.280521], was: [net.lojika.gtfs.model.Routes.routesCdkidCollection#istb.280521] (initialized)
14:01:03.973 [main] DEBUG org.hibernate.engine.Collections - Collection found: [net.lojika.gtfs.model.Routes.tripsList#istb.280521], was: [net.lojika.gtfs.model.Routes.tripsList#istb.280521] (uninitialized)
14:01:03.973 [main] DEBUG org.hibernate.engine.Collections - Collection found: [net.lojika.gtfs.model.Routes.routesCdkidCollection#istb.280520], was: [net.lojika.gtfs.model.Routes.routesCdkidCollection#istb.280520] (initialized)
14:01:03.973 [main] DEBUG org.hibernate.engine.Collections - Collection found: [net.lojika.gtfs.model.Routes.tripsList#istb.280520], was: [net.lojika.gtfs.model.Routes.tripsList#istb.280520] (uninitialized)
14:01:03.973 [main] DEBUG org.hibernate.engine.Collections - Collection found: [net.lojika.gtfs.model.Routes.routesCdkidCollection#istb.280519], was: [net.lojika.gtfs.model.Routes.routesCdkidCollection#istb.280519] (initialized)
14:01:03.973 [main] DEBUG org.hibernate.engine.Collections - Collection found: [net.lojika.gtfs.model.Routes.tripsList#istb.280519], was: [net.lojika.gtfs.model.Routes.tripsList#istb.280519] (uninitialized)
14:01:03.973 [main] DEBUG org.hibernate.engine.Collections - Collection found: [net.lojika.gtfs.model.Routes.routesCdkidCollection#istb.280517], was: [net.lojika.gtfs.model.Routes.routesCdkidCollection#istb.280517] (initialized)
14:01:03.973 [main] DEBUG org.hibernate.engine.Collections - Collection found: [net.lojika.gtfs.model.Routes.tripsList#istb.280517], was: [net.lojika.gtfs.model.Routes.tripsList#istb.280517] (uninitialized)
14:01:03.973 [main] DEBUG org.hibernate.engine.Collections - Collection found: [net.lojika.gtfs.model.Routes.routesCdkidCollection#istb.280516], was: [net.lojika.gtfs.model.Routes.routesCdkidCollection#istb.280516] (initialized)
14:01:03.973 [main] DEBUG org.hibernate.engine.Collections - Collection found: [net.lojika.gtfs.model.Routes.tripsList#istb.280516], was: [net.lojika.gtfs.model.Routes.tripsList#istb.280516] (uninitialized)
14:01:03.973 [main] DEBUG org.hibernate.engine.Collections - Collection found: [net.lojika.gtfs.model.Routes.routesCdkidCollection#istb.280515], was: [net.lojika.gtfs.model.Routes.routesCdkidCollection#istb.280515] (initialized)
14:01:03.973 [main] DEBUG org.hibernate.engine.Collections - Collection found: [net.lojika.gtfs.model.Routes.tripsList#istb.280515], was: [net.lojika.gtfs.model.Routes.tripsList#istb.280515] (uninitialized)
14:01:03.973 [main] DEBUG org.hibernate.engine.Collections - Collection found: [net.lojika.gtfs.model.Routes.routesCdkidCollection#istb.280514], was: [net.lojika.gtfs.model.Routes.routesCdkidCollection#istb.280514] (initialized)
14:01:03.973 [main] DEBUG org.hibernate.engine.Collections - Collection found: [net.lojika.gtfs.model.Routes.tripsList#istb.280514], was: [net.lojika.gtfs.model.Routes.tripsList#istb.280514] (uninitialized)
14:01:03.973 [main] DEBUG org.hibernate.engine.Collections - Collection found: [net.lojika.gtfs.model.Routes.routesCdkidCollection#istb.280513], was: [net.lojika.gtfs.model.Routes.routesCdkidCollection#istb.280513] (initialized)
14:01:03.973 [main] DEBUG org.hibernate.engine.Collections - Collection found: [net.lojika.gtfs.model.Routes.tripsList#istb.280513], was: [net.lojika.gtfs.model.Routes.tripsList#istb.280513] (uninitialized)
14:01:03.973 [main] DEBUG org.hibernate.engine.Collections - Collection found: [net.lojika.gtfs.model.Routes.routesCdkidCollection#istb.280512], was: [net.lojika.gtfs.model.Routes.routesCdkidCollection#istb.280512] (initialized)
14:01:03.973 [main] DEBUG org.hibernate.engine.Collections - Collection found: [net.lojika.gtfs.model.Routes.tripsList#istb.280512], was: [net.lojika.gtfs.model.Routes.tripsList#istb.280512] (uninitialized)
14:01:03.974 [main] DEBUG org.hibernate.engine.Collections - Collection found: [net.lojika.gtfs.model.Routes.routesCdkidCollection#istb.280511], was: [net.lojika.gtfs.model.Routes.routesCdkidCollection#istb.280511] (initialized)
14:01:03.974 [main] DEBUG org.hibernate.engine.Collections - Collection found: [net.lojika.gtfs.model.Routes.tripsList#istb.280511], was: [net.lojika.gtfs.model.Routes.tripsList#istb.280511] (uninitialized)
14:01:03.974 [main] DEBUG org.hibernate.engine.Collections - Collection found: [net.lojika.gtfs.model.Routes.routesCdkidCollection#istb.280510], was: [net.lojika.gtfs.model.Routes.routesCdkidCollection#istb.280510] (initialized)
14:01:03.974 [main] DEBUG org.hibernate.engine.Collections - Collection found: [net.lojika.gtfs.model.Routes.tripsList#istb.280510], was: [net.lojika.gtfs.model.Routes.tripsList#istb.280510] (uninitialized)
14:01:03.974 [main] DEBUG org.hibernate.engine.Collections - Collection found: [net.lojika.gtfs.model.Routes.routesCdkidCollection#istb.280509], was: [net.lojika.gtfs.model.Routes.routesCdkidCollection#istb.280509] (initialized)
14:01:03.974 [main] DEBUG org.hibernate.engine.Collections - Collection found: [net.lojika.gtfs.model.Routes.tripsList#istb.280509], was: [net.lojika.gtfs.model.Routes.tripsList#istb.280509] (uninitialized)
14:01:03.974 [main] DEBUG org.hibernate.engine.Collections - Collection found: [net.lojika.gtfs.model.Routes.routesCdkidCollection#istb.280508], was: [net.lojika.gtfs.model.Routes.routesCdkidCollection#istb.280508] (initialized)
14:01:03.974 [main] DEBUG org.hibernate.engine.Collections - Collection found: [net.lojika.gtfs.model.Routes.tripsList#istb.280508], was: [net.lojika.gtfs.model.Routes.tripsList#istb.280508] (uninitialized)
14:01:03.974 [main] DEBUG org.hibernate.engine.Collections - Collection found: [net.lojika.gtfs.model.Routes.routesCdkidCollection#istb.280507], was: [net.lojika.gtfs.model.Routes.routesCdkidCollection#istb.280507] (initialized)
14:01:03.974 [main] DEBUG org.hibernate.engine.Collections - Collection found: [net.lojika.gtfs.model.Routes.tripsList#istb.280507], was: [net.lojika.gtfs.model.Routes.tripsList#istb.280507] (uninitialized)
14:01:03.974 [main] DEBUG org.hibernate.engine.Collections - Collection found: [net.lojika.gtfs.model.Routes.routesCdkidCollection#istb.280506], was: [net.lojika.gtfs.model.Routes.routesCdkidCollection#istb.280506] (initialized)
14:01:03.974 [main] DEBUG org.hibernate.engine.Collections - Collection found: [net.lojika.gtfs.model.Routes.tripsList#istb.280506], was: [net.lojika.gtfs.model.Routes.tripsList#istb.280506] (uninitialized)
14:01:03.974 [main] DEBUG org.hibernate.engine.Collections - Collection found: [net.lojika.gtfs.model.Routes.routesCdkidCollection#istb.280505], was: [net.lojika.gtfs.model.Routes.routesCdkidCollection#istb.280505] (initialized)
14:01:03.974 [main] DEBUG org.hibernate.engine.Collections - Collection found: [net.lojika.gtfs.model.Routes.tripsList#istb.280505], was: [net.lojika.gtfs.model.Routes.tripsList#istb.280505] (uninitialized)
14:01:03.974 [main] DEBUG org.hibernate.engine.Collections - Collection found: [net.lojika.gtfs.model.Routes.routesCdkidCollection#istb.280504], was: [net.lojika.gtfs.model.Routes.routesCdkidCollection#istb.280504] (initialized)
14:01:03.974 [main] DEBUG org.hibernate.engine.Collections - Collection found: [net.lojika.gtfs.model.Routes.tripsList#istb.280504], was: [net.lojika.gtfs.model.Routes.tripsList#istb.280504] (uninitialized)
14:01:03.974 [main] DEBUG org.hibernate.engine.Collections - Collection found: [net.lojika.gtfs.model.Routes.routesCdkidCollection#istb.280503], was: [net.lojika.gtfs.model.Routes.routesCdkidCollection#istb.280503] (initialized)
14:01:03.974 [main] DEBUG org.hibernate.engine.Collections - Collection found: [net.lojika.gtfs.model.Routes.tripsList#istb.280503], was: [net.lojika.gtfs.model.Routes.tripsList#istb.280503] (uninitialized)
14:01:03.974 [main] DEBUG org.hibernate.engine.Collections - Collection found: [net.lojika.gtfs.model.Routes.routesCdkidCollection#istb.280502], was: [net.lojika.gtfs.model.Routes.routesCdkidCollection#istb.280502] (initialized)
14:01:03.974 [main] DEBUG org.hibernate.engine.Collections - Collection found: [net.lojika.gtfs.model.Routes.tripsList#istb.280502], was: [net.lojika.gtfs.model.Routes.tripsList#istb.280502] (uninitialized)
14:01:03.975 [main] DEBUG org.hibernate.engine.Collections - Collection found: [net.lojika.gtfs.model.Routes.routesCdkidCollection#istb.280501], was: [net.lojika.gtfs.model.Routes.routesCdkidCollection#istb.280501] (initialized)
14:01:03.975 [main] DEBUG org.hibernate.engine.Collections - Collection found: [net.lojika.gtfs.model.Routes.tripsList#istb.280501], was: [net.lojika.gtfs.model.Routes.tripsList#istb.280501] (uninitialized)
14:01:03.975 [main] DEBUG org.hibernate.engine.Collections - Collection found: [net.lojika.gtfs.model.Routes.routesCdkidCollection#istb.280499], was: [net.lojika.gtfs.model.Routes.routesCdkidCollection#istb.280499] (initialized)
14:01:03.975 [main] DEBUG org.hibernate.engine.Collections - Collection found: [net.lojika.gtfs.model.Routes.tripsList#istb.280499], was: [net.lojika.gtfs.model.Routes.tripsList#istb.280499] (uninitialized)
14:01:03.975 [main] DEBUG org.hibernate.engine.Collections - Collection found: [net.lojika.gtfs.model.Routes.routesCdkidCollection#istb.280498], was: [net.lojika.gtfs.model.Routes.routesCdkidCollection#istb.280498] (initialized)
14:01:03.975 [main] DEBUG org.hibernate.engine.Collections - Collection found: [net.lojika.gtfs.model.Routes.tripsList#istb.280498], was: [net.lojika.gtfs.model.Routes.tripsList#istb.280498] (uninitialized)
14:01:03.975 [main] DEBUG org.hibernate.engine.Collections - Collection found: [net.lojika.gtfs.model.Routes.routesCdkidCollection#istb.280497], was: [net.lojika.gtfs.model.Routes.routesCdkidCollection#istb.280497] (initialized)
14:01:03.975 [main] DEBUG org.hibernate.engine.Collections - Collection found: [net.lojika.gtfs.model.Routes.tripsList#istb.280497], was: [net.lojika.gtfs.model.Routes.tripsList#istb.280497] (uninitialized)
14:01:03.975 [main] DEBUG org.hibernate.engine.Collections - Collection found: [net.lojika.gtfs.model.Routes.routesCdkidCollection#istb.280496], was: [net.lojika.gtfs.model.Routes.routesCdkidCollection#istb.280496] (initialized)
14:01:03.975 [main] DEBUG org.hibernate.engine.Collections - Collection found: [net.lojika.gtfs.model.Routes.tripsList#istb.280496], was: [net.lojika.gtfs.model.Routes.tripsList#istb.280496] (uninitialized)
14:01:03.975 [main] DEBUG org.hibernate.engine.Collections - Collection found: [net.lojika.gtfs.model.Routes.routesCdkidCollection#istb.280494], was: [net.lojika.gtfs.model.Routes.routesCdkidCollection#istb.280494] (initialized)
14:01:03.975 [main] DEBUG org.hibernate.engine.Collections - Collection found: [net.lojika.gtfs.model.Routes.tripsList#istb.280494], was: [net.lojika.gtfs.model.Routes.tripsList#istb.280494] (uninitialized)
14:01:03.975 [main] DEBUG org.hibernate.engine.Collections - Collection found: [net.lojika.gtfs.model.Routes.routesCdkidCollection#istb.280492], was: [net.lojika.gtfs.model.Routes.routesCdkidCollection#istb.280492] (initialized)
14:01:03.975 [main] DEBUG org.hibernate.engine.Collections - Collection found: [net.lojika.gtfs.model.Routes.tripsList#istb.280492], was: [net.lojika.gtfs.model.Routes.tripsList#istb.280492] (uninitialized)
14:01:03.975 [main] DEBUG org.hibernate.engine.Collections - Collection found: [net.lojika.gtfs.model.Routes.routesCdkidCollection#istb.280490], was: [net.lojika.gtfs.model.Routes.routesCdkidCollection#istb.280490] (initialized)
14:01:03.975 [main] DEBUG org.hibernate.engine.Collections - Collection found: [net.lojika.gtfs.model.Routes.tripsList#istb.280490], was: [net.lojika.gtfs.model.Routes.tripsList#istb.280490] (uninitialized)
14:01:03.975 [main] DEBUG org.hibernate.engine.Collections - Collection found: [net.lojika.gtfs.model.Routes.routesCdkidCollection#istb.280489], was: [net.lojika.gtfs.model.Routes.routesCdkidCollection#istb.280489] (initialized)
14:01:03.975 [main] DEBUG org.hibernate.engine.Collections - Collection found: [net.lojika.gtfs.model.Routes.tripsList#istb.280489], was: [net.lojika.gtfs.model.Routes.tripsList#istb.280489] (uninitialized)
14:01:03.975 [main] DEBUG org.hibernate.engine.Collections - Collection found: [net.lojika.gtfs.model.Routes.routesCdkidCollection#istb.280488], was: [net.lojika.gtfs.model.Routes.routesCdkidCollection#istb.280488] (initialized)
14:01:03.976 [main] DEBUG org.hibernate.engine.Collections - Collection found: [net.lojika.gtfs.model.Routes.tripsList#istb.280488], was: [net.lojika.gtfs.model.Routes.tripsList#istb.280488] (uninitialized)
14:01:03.976 [main] DEBUG org.hibernate.engine.Collections - Collection found: [net.lojika.gtfs.model.Routes.routesCdkidCollection#istb.280487], was: [net.lojika.gtfs.model.Routes.routesCdkidCollection#istb.280487] (initialized)
14:01:03.976 [main] DEBUG org.hibernate.engine.Collections - Collection found: [net.lojika.gtfs.model.Routes.tripsList#istb.280487], was: [net.lojika.gtfs.model.Routes.tripsList#istb.280487] (uninitialized)
14:01:03.976 [main] DEBUG org.hibernate.engine.Collections - Collection found: [net.lojika.gtfs.model.Routes.routesCdkidCollection#istb.280486], was: [net.lojika.gtfs.model.Routes.routesCdkidCollection#istb.280486] (initialized)
14:01:03.976 [main] DEBUG org.hibernate.engine.Collections - Collection found: [net.lojika.gtfs.model.Routes.tripsList#istb.280486], was: [net.lojika.gtfs.model.Routes.tripsList#istb.280486] (uninitialized)
14:01:03.976 [main] DEBUG org.hibernate.engine.Collections - Collection found: [net.lojika.gtfs.model.Routes.routesCdkidCollection#istb.280485], was: [net.lojika.gtfs.model.Routes.routesCdkidCollection#istb.280485] (initialized)
14:01:03.976 [main] DEBUG org.hibernate.engine.Collections - Collection found: [net.lojika.gtfs.model.Routes.tripsList#istb.280485], was: [net.lojika.gtfs.model.Routes.tripsList#istb.280485] (uninitialized)
14:01:03.976 [main] DEBUG org.hibernate.engine.Collections - Collection found: [net.lojika.gtfs.model.Routes.routesCdkidCollection#istb.280483], was: [net.lojika.gtfs.model.Routes.routesCdkidCollection#istb.280483] (initialized)
14:01:03.976 [main] DEBUG org.hibernate.engine.Collections - Collection found: [net.lojika.gtfs.model.Routes.tripsList#istb.280483], was: [net.lojika.gtfs.model.Routes.tripsList#istb.280483] (uninitialized)
14:01:03.976 [main] DEBUG org.hibernate.engine.Collections - Collection found: [net.lojika.gtfs.model.Routes.routesCdkidCollection#istb.280480], was: [net.lojika.gtfs.model.Routes.routesCdkidCollection#istb.280480] (initialized)
14:01:03.976 [main] DEBUG org.hibernate.engine.Collections - Collection found: [net.lojika.gtfs.model.Routes.tripsList#istb.280480], was: [net.lojika.gtfs.model.Routes.tripsList#istb.280480] (uninitialized)
14:01:03.976 [main] DEBUG org.hibernate.engine.Collections - Collection found: [net.lojika.gtfs.model.Routes.routesCdkidCollection#istb.280479], was: [net.lojika.gtfs.model.Routes.routesCdkidCollection#istb.280479] (initialized)
14:01:03.976 [main] DEBUG org.hibernate.engine.Collections - Collection found: [net.lojika.gtfs.model.Routes.tripsList#istb.280479], was: [net.lojika.gtfs.model.Routes.tripsList#istb.280479] (uninitialized)
14:01:03.976 [main] DEBUG org.hibernate.engine.Collections - Collection found: [net.lojika.gtfs.model.Routes.routesCdkidCollection#istb.280478], was: [net.lojika.gtfs.model.Routes.routesCdkidCollection#istb.280478] (initialized)
14:01:03.976 [main] DEBUG org.hibernate.engine.Collections - Collection found: [net.lojika.gtfs.model.Routes.tripsList#istb.280478], was: [net.lojika.gtfs.model.Routes.tripsList#istb.280478] (uninitialized)
14:01:03.976 [main] DEBUG org.hibernate.engine.Collections - Collection found: [net.lojika.gtfs.model.Routes.routesCdkidCollection#istb.280477], was: [net.lojika.gtfs.model.Routes.routesCdkidCollection#istb.280477] (initialized)
14:01:03.976 [main] DEBUG org.hibernate.engine.Collections - Collection found: [net.lojika.gtfs.model.Routes.tripsList#istb.280477], was: [net.lojika.gtfs.model.Routes.tripsList#istb.280477] (uninitialized)
14:01:03.976 [main] DEBUG org.hibernate.engine.Collections - Collection found: [net.lojika.gtfs.model.Routes.routesCdkidCollection#istb.280476], was: [net.lojika.gtfs.model.Routes.routesCdkidCollection#istb.280476] (initialized)
14:01:03.976 [main] DEBUG org.hibernate.engine.Collections - Collection found: [net.lojika.gtfs.model.Routes.tripsList#istb.280476], was: [net.lojika.gtfs.model.Routes.tripsList#istb.280476] (uninitialized)
14:01:03.977 [main] DEBUG org.hibernate.engine.Collections - Collection found: [net.lojika.gtfs.model.Routes.routesCdkidCollection#istb.280475], was: [net.lojika.gtfs.model.Routes.routesCdkidCollection#istb.280475] (initialized)
14:01:03.977 [main] DEBUG org.hibernate.engine.Collections - Collection found: [net.lojika.gtfs.model.Routes.tripsList#istb.280475], was: [net.lojika.gtfs.model.Routes.tripsList#istb.280475] (uninitialized)
14:01:03.977 [main] DEBUG org.hibernate.engine.Collections - Collection found: [net.lojika.gtfs.model.Routes.routesCdkidCollection#istb.280474], was: [net.lojika.gtfs.model.Routes.routesCdkidCollection#istb.280474] (initialized)
14:01:03.977 [main] DEBUG org.hibernate.engine.Collections - Collection found: [net.lojika.gtfs.model.Routes.tripsList#istb.280474], was: [net.lojika.gtfs.model.Routes.tripsList#istb.280474] (uninitialized)
14:01:03.977 [main] DEBUG org.hibernate.engine.Collections - Collection found: [net.lojika.gtfs.model.Routes.routesCdkidCollection#istb.280473], was: [net.lojika.gtfs.model.Routes.routesCdkidCollection#istb.280473] (initialized)
14:01:03.977 [main] DEBUG org.hibernate.engine.Collections - Collection found: [net.lojika.gtfs.model.Routes.tripsList#istb.280473], was: [net.lojika.gtfs.model.Routes.tripsList#istb.280473] (uninitialized)
14:01:03.977 [main] DEBUG org.hibernate.engine.Collections - Collection found: [net.lojika.gtfs.model.Routes.routesCdkidCollection#istb.280472], was: [net.lojika.gtfs.model.Routes.routesCdkidCollection#istb.280472] (initialized)
14:01:03.977 [main] DEBUG org.hibernate.engine.Collections - Collection found: [net.lojika.gtfs.model.Routes.tripsList#istb.280472], was: [net.lojika.gtfs.model.Routes.tripsList#istb.280472] (uninitialized)
14:01:03.977 [main] DEBUG org.hibernate.engine.Collections - Collection found: [net.lojika.gtfs.model.Routes.routesCdkidCollection#istb.280470], was: [net.lojika.gtfs.model.Routes.routesCdkidCollection#istb.280470] (initialized)
14:01:03.977 [main] DEBUG org.hibernate.engine.Collections - Collection found: [net.lojika.gtfs.model.Routes.tripsList#istb.280470], was: [net.lojika.gtfs.model.Routes.tripsList#istb.280470] (uninitialized)
14:01:03.977 [main] DEBUG org.hibernate.engine.Collections - Collection found: [net.lojika.gtfs.model.Routes.routesCdkidCollection#istb.280469], was: [net.lojika.gtfs.model.Routes.routesCdkidCollection#istb.280469] (initialized)
14:01:03.977 [main] DEBUG org.hibernate.engine.Collections - Collection found: [net.lojika.gtfs.model.Routes.tripsList#istb.280469], was: [net.lojika.gtfs.model.Routes.tripsList#istb.280469] (uninitialized)
14:01:03.977 [main] DEBUG org.hibernate.engine.Collections - Collection found: [net.lojika.gtfs.model.Routes.routesCdkidCollection#istb.280468], was: [net.lojika.gtfs.model.Routes.routesCdkidCollection#istb.280468] (initialized)
14:01:03.977 [main] DEBUG org.hibernate.engine.Collections - Collection found: [net.lojika.gtfs.model.Routes.tripsList#istb.280468], was: [net.lojika.gtfs.model.Routes.tripsList#istb.280468] (uninitialized)
14:01:03.977 [main] DEBUG org.hibernate.engine.Collections - Collection found: [net.lojika.gtfs.model.Routes.routesCdkidCollection#istb.280467], was: [net.lojika.gtfs.model.Routes.routesCdkidCollection#istb.280467] (initialized)
14:01:03.977 [main] DEBUG org.hibernate.engine.Collections - Collection found: [net.lojika.gtfs.model.Routes.tripsList#istb.280467], was: [net.lojika.gtfs.model.Routes.tripsList#istb.280467] (uninitialized)
14:01:03.977 [main] DEBUG org.hibernate.engine.Collections - Collection found: [net.lojika.gtfs.model.Routes.routesCdkidCollection#istb.280466], was: [net.lojika.gtfs.model.Routes.routesCdkidCollection#istb.280466] (initialized)
14:01:03.977 [main] DEBUG org.hibernate.engine.Collections - Collection found: [net.lojika.gtfs.model.Routes.tripsList#istb.280466], was: [net.lojika.gtfs.model.Routes.tripsList#istb.280466] (uninitialized)
14:01:03.977 [main] DEBUG org.hibernate.engine.Collections - Collection found: [net.lojika.gtfs.model.Routes.routesCdkidCollection#istb.280465], was: [net.lojika.gtfs.model.Routes.routesCdkidCollection#istb.280465] (initialized)
14:01:03.977 [main] DEBUG org.hibernate.engine.Collections - Collection found: [net.lojika.gtfs.model.Routes.tripsList#istb.280465], was: [net.lojika.gtfs.model.Routes.tripsList#istb.280465] (uninitialized)
14:01:03.978 [main] DEBUG org.hibernate.engine.Collections - Collection found: [net.lojika.gtfs.model.Routes.routesCdkidCollection#istb.280464], was: [net.lojika.gtfs.model.Routes.routesCdkidCollection#istb.280464] (initialized)
14:01:03.978 [main] DEBUG org.hibernate.engine.Collections - Collection found: [net.lojika.gtfs.model.Routes.tripsList#istb.280464], was: [net.lojika.gtfs.model.Routes.tripsList#istb.280464] (uninitialized)
14:01:03.978 [main] DEBUG org.hibernate.engine.Collections - Collection found: [net.lojika.gtfs.model.Routes.routesCdkidCollection#istb.280463], was: [net.lojika.gtfs.model.Routes.routesCdkidCollection#istb.280463] (initialized)
14:01:03.978 [main] DEBUG org.hibernate.engine.Collections - Collection found: [net.lojika.gtfs.model.Routes.tripsList#istb.280463], was: [net.lojika.gtfs.model.Routes.tripsList#istb.280463] (uninitialized)
14:01:03.978 [main] DEBUG org.hibernate.engine.Collections - Collection found: [net.lojika.gtfs.model.Routes.routesCdkidCollection#istb.280462], was: [net.lojika.gtfs.model.Routes.routesCdkidCollection#istb.280462] (initialized)
14:01:03.978 [main] DEBUG org.hibernate.engine.Collections - Collection found: [net.lojika.gtfs.model.Routes.tripsList#istb.280462], was: [net.lojika.gtfs.model.Routes.tripsList#istb.280462] (uninitialized)
14:01:03.978 [main] DEBUG org.hibernate.engine.Collections - Collection found: [net.lojika.gtfs.model.Routes.routesCdkidCollection#istb.280461], was: [net.lojika.gtfs.model.Routes.routesCdkidCollection#istb.280461] (initialized)
14:01:03.978 [main] DEBUG org.hibernate.engine.Collections - Collection found: [net.lojika.gtfs.model.Routes.tripsList#istb.280461], was: [net.lojika.gtfs.model.Routes.tripsList#istb.280461] (uninitialized)
14:01:03.978 [main] DEBUG org.hibernate.engine.Collections - Collection found: [net.lojika.gtfs.model.Routes.routesCdkidCollection#istb.280460], was: [net.lojika.gtfs.model.Routes.routesCdkidCollection#istb.280460] (initialized)
14:01:03.978 [main] DEBUG org.hibernate.engine.Collections - Collection found: [net.lojika.gtfs.model.Routes.tripsList#istb.280460], was: [net.lojika.gtfs.model.Routes.tripsList#istb.280460] (uninitialized)
14:01:03.978 [main] DEBUG org.hibernate.engine.Collections - Collection found: [net.lojika.gtfs.model.Routes.routesCdkidCollection#istb.280459], was: [net.lojika.gtfs.model.Routes.routesCdkidCollection#istb.280459] (initialized)
14:01:03.978 [main] DEBUG org.hibernate.engine.Collections - Collection found: [net.lojika.gtfs.model.Routes.tripsList#istb.280459], was: [net.lojika.gtfs.model.Routes.tripsList#istb.280459] (uninitialized)
14:01:03.978 [main] DEBUG org.hibernate.engine.Collections - Collection found: [net.lojika.gtfs.model.Routes.routesCdkidCollection#istb.280458], was: [net.lojika.gtfs.model.Routes.routesCdkidCollection#istb.280458] (initialized)
14:01:03.978 [main] DEBUG org.hibernate.engine.Collections - Collection found: [net.lojika.gtfs.model.Routes.tripsList#istb.280458], was: [net.lojika.gtfs.model.Routes.tripsList#istb.280458] (uninitialized)
14:01:03.978 [main] DEBUG org.hibernate.engine.Collections - Collection found: [net.lojika.gtfs.model.Routes.routesCdkidCollection#istb.280457], was: [net.lojika.gtfs.model.Routes.routesCdkidCollection#istb.280457] (initialized)
14:01:03.978 [main] DEBUG org.hibernate.engine.Collections - Collection found: [net.lojika.gtfs.model.Routes.tripsList#istb.280457], was: [net.lojika.gtfs.model.Routes.tripsList#istb.280457] (uninitialized)
14:01:03.978 [main] DEBUG org.hibernate.engine.Collections - Collection found: [net.lojika.gtfs.model.Routes.routesCdkidCollection#istb.280456], was: [net.lojika.gtfs.model.Routes.routesCdkidCollection#istb.280456] (initialized)
14:01:03.978 [main] DEBUG org.hibernate.engine.Collections - Collection found: [net.lojika.gtfs.model.Routes.tripsList#istb.280456], was: [net.lojika.gtfs.model.Routes.tripsList#istb.280456] (uninitialized)
14:01:03.978 [main] DEBUG org.hibernate.engine.Collections - Collection found: [net.lojika.gtfs.model.Routes.routesCdkidCollection#istb.280455], was: [net.lojika.gtfs.model.Routes.routesCdkidCollection#istb.280455] (initialized)
14:01:03.978 [main] DEBUG org.hibernate.engine.Collections - Collection found: [net.lojika.gtfs.model.Routes.tripsList#istb.280455], was: [net.lojika.gtfs.model.Routes.tripsList#istb.280455] (uninitialized)
14:01:03.979 [main] DEBUG org.hibernate.engine.Collections - Collection found: [net.lojika.gtfs.model.Routes.routesCdkidCollection#istb.280453], was: [net.lojika.gtfs.model.Routes.routesCdkidCollection#istb.280453] (initialized)
14:01:03.979 [main] DEBUG org.hibernate.engine.Collections - Collection found: [net.lojika.gtfs.model.Routes.tripsList#istb.280453], was: [net.lojika.gtfs.model.Routes.tripsList#istb.280453] (uninitialized)
14:01:03.979 [main] DEBUG org.hibernate.engine.Collections - Collection found: [net.lojika.gtfs.model.Routes.routesCdkidCollection#istb.280452], was: [net.lojika.gtfs.model.Routes.routesCdkidCollection#istb.280452] (initialized)
14:01:03.979 [main] DEBUG org.hibernate.engine.Collections - Collection found: [net.lojika.gtfs.model.Routes.tripsList#istb.280452], was: [net.lojika.gtfs.model.Routes.tripsList#istb.280452] (uninitialized)
14:01:03.979 [main] DEBUG org.hibernate.engine.Collections - Collection found: [net.lojika.gtfs.model.Routes.routesCdkidCollection#istb.280451], was: [net.lojika.gtfs.model.Routes.routesCdkidCollection#istb.280451] (initialized)
14:01:03.979 [main] DEBUG org.hibernate.engine.Collections - Collection found: [net.lojika.gtfs.model.Routes.tripsList#istb.280451], was: [net.lojika.gtfs.model.Routes.tripsList#istb.280451] (uninitialized)
14:01:03.979 [main] DEBUG org.hibernate.engine.Collections - Collection found: [net.lojika.gtfs.model.Routes.routesCdkidCollection#istb.280450], was: [net.lojika.gtfs.model.Routes.routesCdkidCollection#istb.280450] (initialized)
14:01:03.979 [main] DEBUG org.hibernate.engine.Collections - Collection found: [net.lojika.gtfs.model.Routes.tripsList#istb.280450], was: [net.lojika.gtfs.model.Routes.tripsList#istb.280450] (uninitialized)
14:01:03.979 [main] DEBUG org.hibernate.engine.Collections - Collection found: [net.lojika.gtfs.model.Routes.routesCdkidCollection#istb.280449], was: [net.lojika.gtfs.model.Routes.routesCdkidCollection#istb.280449] (initialized)
14:01:03.979 [main] DEBUG org.hibernate.engine.Collections - Collection found: [net.lojika.gtfs.model.Routes.tripsList#istb.280449], was: [net.lojika.gtfs.model.Routes.tripsList#istb.280449] (uninitialized)
14:01:03.979 [main] DEBUG org.hibernate.engine.Collections - Collection found: [net.lojika.gtfs.model.Routes.routesCdkidCollection#istb.280448], was: [net.lojika.gtfs.model.Routes.routesCdkidCollection#istb.280448] (initialized)
14:01:03.979 [main] DEBUG org.hibernate.engine.Collections - Collection found: [net.lojika.gtfs.model.Routes.tripsList#istb.280448], was: [net.lojika.gtfs.model.Routes.tripsList#istb.280448] (uninitialized)
14:01:03.979 [main] DEBUG org.hibernate.engine.Collections - Collection found: [net.lojika.gtfs.model.Routes.routesCdkidCollection#istb.280447], was: [net.lojika.gtfs.model.Routes.routesCdkidCollection#istb.280447] (initialized)
14:01:03.979 [main] DEBUG org.hibernate.engine.Collections - Collection found: [net.lojika.gtfs.model.Routes.tripsList#istb.280447], was: [net.lojika.gtfs.model.Routes.tripsList#istb.280447] (uninitialized)
14:01:03.979 [main] DEBUG org.hibernate.engine.Collections - Collection found: [net.lojika.gtfs.model.Routes.routesCdkidCollection#istb.280446], was: [net.lojika.gtfs.model.Routes.routesCdkidCollection#istb.280446] (initialized)
14:01:03.979 [main] DEBUG org.hibernate.engine.Collections - Collection found: [net.lojika.gtfs.model.Routes.tripsList#istb.280446], was: [net.lojika.gtfs.model.Routes.tripsList#istb.280446] (uninitialized)
14:01:03.979 [main] DEBUG org.hibernate.engine.Collections - Collection found: [net.lojika.gtfs.model.Routes.routesCdkidCollection#istb.280445], was: [net.lojika.gtfs.model.Routes.routesCdkidCollection#istb.280445] (initialized)
14:01:03.979 [main] DEBUG org.hibernate.engine.Collections - Collection found: [net.lojika.gtfs.model.Routes.tripsList#istb.280445], was: [net.lojika.gtfs.model.Routes.tripsList#istb.280445] (uninitialized)
14:01:03.979 [main] DEBUG org.hibernate.engine.Collections - Collection found: [net.lojika.gtfs.model.Routes.routesCdkidCollection#istb.280444], was: [net.lojika.gtfs.model.Routes.routesCdkidCollection#istb.280444] (initialized)
14:01:03.979 [main] DEBUG org.hibernate.engine.Collections - Collection found: [net.lojika.gtfs.model.Routes.tripsList#istb.280444], was: [net.lojika.gtfs.model.Routes.tripsList#istb.280444] (uninitialized)
14:01:03.979 [main] DEBUG org.hibernate.engine.Collections - Collection found: [net.lojika.gtfs.model.Routes.routesCdkidCollection#istb.280442], was: [net.lojika.gtfs.model.Routes.routesCdkidCollection#istb.280442] (initialized)
14:01:03.979 [main] DEBUG org.hibernate.engine.Collections - Collection found: [net.lojika.gtfs.model.Routes.tripsList#istb.280442], was: [net.lojika.gtfs.model.Routes.tripsList#istb.280442] (uninitialized)
14:01:03.980 [main] DEBUG org.hibernate.engine.Collections - Collection found: [net.lojika.gtfs.model.Routes.routesCdkidCollection#istb.280441], was: [net.lojika.gtfs.model.Routes.routesCdkidCollection#istb.280441] (initialized)
14:01:03.980 [main] DEBUG org.hibernate.engine.Collections - Collection found: [net.lojika.gtfs.model.Routes.tripsList#istb.280441], was: [net.lojika.gtfs.model.Routes.tripsList#istb.280441] (uninitialized)
14:01:03.980 [main] DEBUG org.hibernate.engine.Collections - Collection found: [net.lojika.gtfs.model.Routes.routesCdkidCollection#istb.280782], was: [net.lojika.gtfs.model.Routes.routesCdkidCollection#istb.280782] (initialized)
14:01:03.980 [main] DEBUG org.hibernate.engine.Collections - Collection found: [net.lojika.gtfs.model.Routes.tripsList#istb.280782], was: [net.lojika.gtfs.model.Routes.tripsList#istb.280782] (uninitialized)
14:01:03.980 [main] DEBUG org.hibernate.engine.Collections - Collection found: [net.lojika.gtfs.model.Routes.routesCdkidCollection#istb.280781], was: [net.lojika.gtfs.model.Routes.routesCdkidCollection#istb.280781] (initialized)
14:01:03.980 [main] DEBUG org.hibernate.engine.Collections - Collection found: [net.lojika.gtfs.model.Routes.tripsList#istb.280781], was: [net.lojika.gtfs.model.Routes.tripsList#istb.280781] (uninitialized)
14:01:03.980 [main] DEBUG org.hibernate.engine.Collections - Collection found: [net.lojika.gtfs.model.Routes.routesCdkidCollection#istb.280779], was: [net.lojika.gtfs.model.Routes.routesCdkidCollection#istb.280779] (initialized)
14:01:03.980 [main] DEBUG org.hibernate.engine.Collections - Collection found: [net.lojika.gtfs.model.Routes.tripsList#istb.280779], was: [net.lojika.gtfs.model.Routes.tripsList#istb.280779] (uninitialized)
14:01:03.980 [main] DEBUG org.hibernate.engine.Collections - Collection found: [net.lojika.gtfs.model.Routes.routesCdkidCollection#istb.280778], was: [net.lojika.gtfs.model.Routes.routesCdkidCollection#istb.280778] (initialized)
14:01:03.980 [main] DEBUG org.hibernate.engine.Collections - Collection found: [net.lojika.gtfs.model.Routes.tripsList#istb.280778], was: [net.lojika.gtfs.model.Routes.tripsList#istb.280778] (uninitialized)
14:01:03.980 [main] DEBUG org.hibernate.engine.Collections - Collection found: [net.lojika.gtfs.model.Routes.routesCdkidCollection#istb.280777], was: [net.lojika.gtfs.model.Routes.routesCdkidCollection#istb.280777] (initialized)
14:01:03.980 [main] DEBUG org.hibernate.engine.Collections - Collection found: [net.lojika.gtfs.model.Routes.tripsList#istb.280777], was: [net.lojika.gtfs.model.Routes.tripsList#istb.280777] (uninitialized)
14:01:03.980 [main] DEBUG org.hibernate.engine.Collections - Collection found: [net.lojika.gtfs.model.Routes.routesCdkidCollection#istb.280770], was: [net.lojika.gtfs.model.Routes.routesCdkidCollection#istb.280770] (initialized)
14:01:03.980 [main] DEBUG org.hibernate.engine.Collections - Collection found: [net.lojika.gtfs.model.Routes.tripsList#istb.280770], was: [net.lojika.gtfs.model.Routes.tripsList#istb.280770] (uninitialized)
14:01:03.980 [main] DEBUG org.hibernate.engine.Collections - Collection found: [net.lojika.gtfs.model.Routes.routesCdkidCollection#istb.280769], was: [net.lojika.gtfs.model.Routes.routesCdkidCollection#istb.280769] (initialized)
14:01:03.980 [main] DEBUG org.hibernate.engine.Collections - Collection found: [net.lojika.gtfs.model.Routes.tripsList#istb.280769], was: [net.lojika.gtfs.model.Routes.tripsList#istb.280769] (uninitialized)
14:01:03.980 [main] DEBUG org.hibernate.engine.Collections - Collection found: [net.lojika.gtfs.model.Routes.routesCdkidCollection#istb.280768], was: [net.lojika.gtfs.model.Routes.routesCdkidCollection#istb.280768] (initialized)
14:01:03.980 [main] DEBUG org.hibernate.engine.Collections - Collection found: [net.lojika.gtfs.model.Routes.tripsList#istb.280768], was: [net.lojika.gtfs.model.Routes.tripsList#istb.280768] (uninitialized)
14:01:03.980 [main] DEBUG org.hibernate.engine.Collections - Collection found: [net.lojika.gtfs.model.Routes.routesCdkidCollection#istb.280766], was: [net.lojika.gtfs.model.Routes.routesCdkidCollection#istb.280766] (initialized)
14:01:03.980 [main] DEBUG org.hibernate.engine.Collections - Collection found: [net.lojika.gtfs.model.Routes.tripsList#istb.280766], was: [net.lojika.gtfs.model.Routes.tripsList#istb.280766] (uninitialized)
14:01:03.980 [main] DEBUG org.hibernate.engine.Collections - Collection found: [net.lojika.gtfs.model.Routes.routesCdkidCollection#istb.280765], was: [net.lojika.gtfs.model.Routes.routesCdkidCollection#istb.280765] (initialized)
14:01:03.980 [main] DEBUG org.hibernate.engine.Collections - Collection found: [net.lojika.gtfs.model.Routes.tripsList#istb.280765], was: [net.lojika.gtfs.model.Routes.tripsList#istb.280765] (uninitialized)
14:01:03.981 [main] DEBUG org.hibernate.engine.Collections - Collection found: [net.lojika.gtfs.model.Routes.routesCdkidCollection#istb.280764], was: [net.lojika.gtfs.model.Routes.routesCdkidCollection#istb.280764] (initialized)
14:01:03.981 [main] DEBUG org.hibernate.engine.Collections - Collection found: [net.lojika.gtfs.model.Routes.tripsList#istb.280764], was: [net.lojika.gtfs.model.Routes.tripsList#istb.280764] (uninitialized)
14:01:03.981 [main] DEBUG org.hibernate.engine.Collections - Collection found: [net.lojika.gtfs.model.Routes.routesCdkidCollection#istb.280439], was: [net.lojika.gtfs.model.Routes.routesCdkidCollection#istb.280439] (initialized)
14:01:03.981 [main] DEBUG org.hibernate.engine.Collections - Collection found: [net.lojika.gtfs.model.Routes.tripsList#istb.280439], was: [net.lojika.gtfs.model.Routes.tripsList#istb.280439] (uninitialized)
14:01:03.981 [main] DEBUG org.hibernate.engine.Collections - Collection found: [net.lojika.gtfs.model.Routes.routesCdkidCollection#istb.280438], was: [net.lojika.gtfs.model.Routes.routesCdkidCollection#istb.280438] (initialized)
14:01:03.981 [main] DEBUG org.hibernate.engine.Collections - Collection found: [net.lojika.gtfs.model.Routes.tripsList#istb.280438], was: [net.lojika.gtfs.model.Routes.tripsList#istb.280438] (uninitialized)
14:01:03.981 [main] DEBUG org.hibernate.engine.Collections - Collection found: [net.lojika.gtfs.model.Routes.routesCdkidCollection#istb.280437], was: [net.lojika.gtfs.model.Routes.routesCdkidCollection#istb.280437] (initialized)
14:01:03.981 [main] DEBUG org.hibernate.engine.Collections - Collection found: [net.lojika.gtfs.model.Routes.tripsList#istb.280437], was: [net.lojika.gtfs.model.Routes.tripsList#istb.280437] (uninitialized)
14:01:03.981 [main] DEBUG org.hibernate.engine.Collections - Collection found: [net.lojika.gtfs.model.Routes.routesCdkidCollection#istb.280434], was: [net.lojika.gtfs.model.Routes.routesCdkidCollection#istb.280434] (initialized)
14:01:03.981 [main] DEBUG org.hibernate.engine.Collections - Collection found: [net.lojika.gtfs.model.Routes.tripsList#istb.280434], was: [net.lojika.gtfs.model.Routes.tripsList#istb.280434] (uninitialized)
14:01:03.981 [main] DEBUG org.hibernate.engine.Collections - Collection found: [net.lojika.gtfs.model.Routes.routesCdkidCollection#istb.280433], was: [net.lojika.gtfs.model.Routes.routesCdkidCollection#istb.280433] (initialized)
14:01:03.981 [main] DEBUG org.hibernate.engine.Collections - Collection found: [net.lojika.gtfs.model.Routes.tripsList#istb.280433], was: [net.lojika.gtfs.model.Routes.tripsList#istb.280433] (uninitialized)
14:01:03.981 [main] DEBUG org.hibernate.engine.Collections - Collection found: [net.lojika.gtfs.model.Routes.routesCdkidCollection#istb.280432], was: [net.lojika.gtfs.model.Routes.routesCdkidCollection#istb.280432] (initialized)
14:01:03.981 [main] DEBUG org.hibernate.engine.Collections - Collection found: [net.lojika.gtfs.model.Routes.tripsList#istb.280432], was: [net.lojika.gtfs.model.Routes.tripsList#istb.280432] (uninitialized)
14:01:03.981 [main] DEBUG org.hibernate.engine.Collections - Collection found: [net.lojika.gtfs.model.Routes.routesCdkidCollection#istb.280431], was: [net.lojika.gtfs.model.Routes.routesCdkidCollection#istb.280431] (initialized)
14:01:03.981 [main] DEBUG org.hibernate.engine.Collections - Collection found: [net.lojika.gtfs.model.Routes.tripsList#istb.280431], was: [net.lojika.gtfs.model.Routes.tripsList#istb.280431] (uninitialized)
14:01:03.981 [main] DEBUG org.hibernate.engine.Collections - Collection found: [net.lojika.gtfs.model.Routes.routesCdkidCollection#istb.280429], was: [net.lojika.gtfs.model.Routes.routesCdkidCollection#istb.280429] (initialized)
14:01:03.981 [main] DEBUG org.hibernate.engine.Collections - Collection found: [net.lojika.gtfs.model.Routes.tripsList#istb.280429], was: [net.lojika.gtfs.model.Routes.tripsList#istb.280429] (uninitialized)
14:01:03.982 [main] DEBUG org.hibernate.engine.Collections - Collection found: [net.lojika.gtfs.model.Routes.routesCdkidCollection#istb.280428], was: [net.lojika.gtfs.model.Routes.routesCdkidCollection#istb.280428] (initialized)
14:01:03.982 [main] DEBUG org.hibernate.engine.Collections - Collection found: [net.lojika.gtfs.model.Routes.tripsList#istb.280428], was: [net.lojika.gtfs.model.Routes.tripsList#istb.280428] (uninitialized)
14:01:03.982 [main] DEBUG org.hibernate.engine.Collections - Collection found: [net.lojika.gtfs.model.Routes.routesCdkidCollection#istb.280427], was: [net.lojika.gtfs.model.Routes.routesCdkidCollection#istb.280427] (initialized)
14:01:03.982 [main] DEBUG org.hibernate.engine.Collections - Collection found: [net.lojika.gtfs.model.Routes.tripsList#istb.280427], was: [net.lojika.gtfs.model.Routes.tripsList#istb.280427] (uninitialized)
14:01:03.982 [main] DEBUG org.hibernate.engine.Collections - Collection found: [net.lojika.gtfs.model.Routes.routesCdkidCollection#istb.280426], was: [net.lojika.gtfs.model.Routes.routesCdkidCollection#istb.280426] (initialized)
14:01:03.982 [main] DEBUG org.hibernate.engine.Collections - Collection found: [net.lojika.gtfs.model.Routes.tripsList#istb.280426], was: [net.lojika.gtfs.model.Routes.tripsList#istb.280426] (uninitialized)
14:01:03.982 [main] DEBUG org.hibernate.engine.Collections - Collection found: [net.lojika.gtfs.model.Routes.routesCdkidCollection#istb.280425], was: [net.lojika.gtfs.model.Routes.routesCdkidCollection#istb.280425] (initialized)
14:01:03.982 [main] DEBUG org.hibernate.engine.Collections - Collection found: [net.lojika.gtfs.model.Routes.tripsList#istb.280425], was: [net.lojika.gtfs.model.Routes.tripsList#istb.280425] (uninitialized)
14:01:03.982 [main] DEBUG org.hibernate.engine.Collections - Collection found: [net.lojika.gtfs.model.Routes.routesCdkidCollection#istb.280424], was: [net.lojika.gtfs.model.Routes.routesCdkidCollection#istb.280424] (initialized)
14:01:03.982 [main] DEBUG org.hibernate.engine.Collections - Collection found: [net.lojika.gtfs.model.Routes.tripsList#istb.280424], was: [net.lojika.gtfs.model.Routes.tripsList#istb.280424] (uninitialized)
14:01:03.982 [main] DEBUG org.hibernate.engine.Collections - Collection found: [net.lojika.gtfs.model.Routes.routesCdkidCollection#istb.280423], was: [net.lojika.gtfs.model.Routes.routesCdkidCollection#istb.280423] (initialized)
14:01:03.982 [main] DEBUG org.hibernate.engine.Collections - Collection found: [net.lojika.gtfs.model.Routes.tripsList#istb.280423], was: [net.lojika.gtfs.model.Routes.tripsList#istb.280423] (uninitialized)
14:01:03.982 [main] DEBUG org.hibernate.engine.Collections - Collection found: [net.lojika.gtfs.model.Routes.routesCdkidCollection#istb.280374], was: [net.lojika.gtfs.model.Routes.routesCdkidCollection#istb.280374] (initialized)
14:01:03.982 [main] DEBUG org.hibernate.engine.Collections - Collection found: [net.lojika.gtfs.model.Routes.tripsList#istb.280374], was: [net.lojika.gtfs.model.Routes.tripsList#istb.280374] (uninitialized)
14:01:03.982 [main] DEBUG org.hibernate.engine.Collections - Collection found: [net.lojika.gtfs.model.Routes.routesCdkidCollection#istb.280373], was: [net.lojika.gtfs.model.Routes.routesCdkidCollection#istb.280373] (initialized)
14:01:03.982 [main] DEBUG org.hibernate.engine.Collections - Collection found: [net.lojika.gtfs.model.Routes.tripsList#istb.280373], was: [net.lojika.gtfs.model.Routes.tripsList#istb.280373] (uninitialized)
14:01:03.982 [main] DEBUG org.hibernate.engine.Collections - Collection found: [net.lojika.gtfs.model.Routes.routesCdkidCollection#istb.280372], was: [net.lojika.gtfs.model.Routes.routesCdkidCollection#istb.280372] (initialized)
14:01:03.982 [main] DEBUG org.hibernate.engine.Collections - Collection found: [net.lojika.gtfs.model.Routes.tripsList#istb.280372], was: [net.lojika.gtfs.model.Routes.tripsList#istb.280372] (uninitialized)
14:01:03.982 [main] DEBUG org.hibernate.engine.Collections - Collection found: [net.lojika.gtfs.model.Routes.routesCdkidCollection#istb.280371], was: [net.lojika.gtfs.model.Routes.routesCdkidCollection#istb.280371] (initialized)
14:01:03.982 [main] DEBUG org.hibernate.engine.Collections - Collection found: [net.lojika.gtfs.model.Routes.tripsList#istb.280371], was: [net.lojika.gtfs.model.Routes.tripsList#istb.280371] (uninitialized)
14:01:03.983 [main] DEBUG org.hibernate.engine.Collections - Collection found: [net.lojika.gtfs.model.Routes.routesCdkidCollection#istb.280370], was: [net.lojika.gtfs.model.Routes.routesCdkidCollection#istb.280370] (initialized)
14:01:03.983 [main] DEBUG org.hibernate.engine.Collections - Collection found: [net.lojika.gtfs.model.Routes.tripsList#istb.280370], was: [net.lojika.gtfs.model.Routes.tripsList#istb.280370] (uninitialized)
14:01:03.983 [main] DEBUG org.hibernate.engine.Collections - Collection found: [net.lojika.gtfs.model.Routes.routesCdkidCollection#istb.280369], was: [net.lojika.gtfs.model.Routes.routesCdkidCollection#istb.280369] (initialized)
14:01:03.983 [main] DEBUG org.hibernate.engine.Collections - Collection found: [net.lojika.gtfs.model.Routes.tripsList#istb.280369], was: [net.lojika.gtfs.model.Routes.tripsList#istb.280369] (uninitialized)
14:01:03.983 [main] DEBUG org.hibernate.engine.Collections - Collection found: [net.lojika.gtfs.model.Routes.routesCdkidCollection#istb.280368], was: [net.lojika.gtfs.model.Routes.routesCdkidCollection#istb.280368] (initialized)
14:01:03.983 [main] DEBUG org.hibernate.engine.Collections - Collection found: [net.lojika.gtfs.model.Routes.tripsList#istb.280368], was: [net.lojika.gtfs.model.Routes.tripsList#istb.280368] (uninitialized)
14:01:03.983 [main] DEBUG org.hibernate.engine.Collections - Collection found: [net.lojika.gtfs.model.Routes.routesCdkidCollection#istb.280367], was: [net.lojika.gtfs.model.Routes.routesCdkidCollection#istb.280367] (initialized)
14:01:03.983 [main] DEBUG org.hibernate.engine.Collections - Collection found: [net.lojika.gtfs.model.Routes.tripsList#istb.280367], was: [net.lojika.gtfs.model.Routes.tripsList#istb.280367] (uninitialized)
14:01:03.983 [main] DEBUG org.hibernate.engine.Collections - Collection found: [net.lojika.gtfs.model.Routes.routesCdkidCollection#istb.280366], was: [net.lojika.gtfs.model.Routes.routesCdkidCollection#istb.280366] (initialized)
14:01:03.983 [main] DEBUG org.hibernate.engine.Collections - Collection found: [net.lojika.gtfs.model.Routes.tripsList#istb.280366], was: [net.lojika.gtfs.model.Routes.tripsList#istb.280366] (uninitialized)
14:01:03.983 [main] DEBUG org.hibernate.engine.Collections - Collection found: [net.lojika.gtfs.model.Routes.routesCdkidCollection#istb.280365], was: [net.lojika.gtfs.model.Routes.routesCdkidCollection#istb.280365] (initialized)
14:01:03.983 [main] DEBUG org.hibernate.engine.Collections - Collection found: [net.lojika.gtfs.model.Routes.tripsList#istb.280365], was: [net.lojika.gtfs.model.Routes.tripsList#istb.280365] (uninitialized)
14:01:03.983 [main] DEBUG org.hibernate.engine.Collections - Collection found: [net.lojika.gtfs.model.Routes.routesCdkidCollection#istb.280363], was: [net.lojika.gtfs.model.Routes.routesCdkidCollection#istb.280363] (initialized)
14:01:03.983 [main] DEBUG org.hibernate.engine.Collections - Collection found: [net.lojika.gtfs.model.Routes.tripsList#istb.280363], was: [net.lojika.gtfs.model.Routes.tripsList#istb.280363] (uninitialized)
14:01:03.983 [main] DEBUG org.hibernate.engine.Collections - Collection found: [net.lojika.gtfs.model.Routes.routesCdkidCollection#istb.280362], was: [net.lojika.gtfs.model.Routes.routesCdkidCollection#istb.280362] (initialized)
14:01:03.983 [main] DEBUG org.hibernate.engine.Collections - Collection found: [net.lojika.gtfs.model.Routes.tripsList#istb.280362], was: [net.lojika.gtfs.model.Routes.tripsList#istb.280362] (uninitialized)
14:01:03.983 [main] DEBUG org.hibernate.engine.Collections - Collection found: [net.lojika.gtfs.model.Routes.routesCdkidCollection#istb.280361], was: [net.lojika.gtfs.model.Routes.routesCdkidCollection#istb.280361] (initialized)
14:01:03.983 [main] DEBUG org.hibernate.engine.Collections - Collection found: [net.lojika.gtfs.model.Routes.tripsList#istb.280361], was: [net.lojika.gtfs.model.Routes.tripsList#istb.280361] (uninitialized)
14:01:03.983 [main] DEBUG org.hibernate.engine.Collections - Collection found: [net.lojika.gtfs.model.Routes.routesCdkidCollection#istb.280359], was: [net.lojika.gtfs.model.Routes.routesCdkidCollection#istb.280359] (initialized)
14:01:03.983 [main] DEBUG org.hibernate.engine.Collections - Collection found: [net.lojika.gtfs.model.Routes.tripsList#istb.280359], was: [net.lojika.gtfs.model.Routes.tripsList#istb.280359] (uninitialized)
14:01:03.983 [main] DEBUG org.hibernate.engine.Collections - Collection found: [net.lojika.gtfs.model.Routes.routesCdkidCollection#istb.280358], was: [net.lojika.gtfs.model.Routes.routesCdkidCollection#istb.280358] (initialized)
14:01:03.984 [main] DEBUG org.hibernate.engine.Collections - Collection found: [net.lojika.gtfs.model.Routes.tripsList#istb.280358], was: [net.lojika.gtfs.model.Routes.tripsList#istb.280358] (uninitialized)
14:01:03.984 [main] DEBUG org.hibernate.engine.Collections - Collection found: [net.lojika.gtfs.model.Routes.routesCdkidCollection#istb.280357], was: [net.lojika.gtfs.model.Routes.routesCdkidCollection#istb.280357] (initialized)
14:01:03.984 [main] DEBUG org.hibernate.engine.Collections - Collection found: [net.lojika.gtfs.model.Routes.tripsList#istb.280357], was: [net.lojika.gtfs.model.Routes.tripsList#istb.280357] (uninitialized)
14:01:03.984 [main] DEBUG org.hibernate.engine.Collections - Collection found: [net.lojika.gtfs.model.Routes.routesCdkidCollection#istb.280350], was: [net.lojika.gtfs.model.Routes.routesCdkidCollection#istb.280350] (initialized)
14:01:03.984 [main] DEBUG org.hibernate.engine.Collections - Collection found: [net.lojika.gtfs.model.Routes.tripsList#istb.280350], was: [net.lojika.gtfs.model.Routes.tripsList#istb.280350] (uninitialized)
14:01:03.984 [main] DEBUG org.hibernate.engine.Collections - Collection found: [net.lojika.gtfs.model.Routes.routesCdkidCollection#istb.280349], was: [net.lojika.gtfs.model.Routes.routesCdkidCollection#istb.280349] (initialized)
14:01:03.984 [main] DEBUG org.hibernate.engine.Collections - Collection found: [net.lojika.gtfs.model.Routes.tripsList#istb.280349], was: [net.lojika.gtfs.model.Routes.tripsList#istb.280349] (uninitialized)
14:01:03.984 [main] DEBUG org.hibernate.engine.Collections - Collection found: [net.lojika.gtfs.model.Routes.routesCdkidCollection#istb.280348], was: [net.lojika.gtfs.model.Routes.routesCdkidCollection#istb.280348] (initialized)
14:01:03.984 [main] DEBUG org.hibernate.engine.Collections - Collection found: [net.lojika.gtfs.model.Routes.tripsList#istb.280348], was: [net.lojika.gtfs.model.Routes.tripsList#istb.280348] (uninitialized)
14:01:03.984 [main] DEBUG org.hibernate.engine.Collections - Collection found: [net.lojika.gtfs.model.Routes.routesCdkidCollection#istb.280347], was: [net.lojika.gtfs.model.Routes.routesCdkidCollection#istb.280347] (initialized)
14:01:03.984 [main] DEBUG org.hibernate.engine.Collections - Collection found: [net.lojika.gtfs.model.Routes.tripsList#istb.280347], was: [net.lojika.gtfs.model.Routes.tripsList#istb.280347] (uninitialized)
14:01:03.984 [main] DEBUG org.hibernate.engine.Collections - Collection found: [net.lojika.gtfs.model.Routes.routesCdkidCollection#istb.280346], was: [net.lojika.gtfs.model.Routes.routesCdkidCollection#istb.280346] (initialized)
14:01:03.984 [main] DEBUG org.hibernate.engine.Collections - Collection found: [net.lojika.gtfs.model.Routes.tripsList#istb.280346], was: [net.lojika.gtfs.model.Routes.tripsList#istb.280346] (uninitialized)
14:01:03.984 [main] DEBUG org.hibernate.engine.Collections - Collection found: [net.lojika.gtfs.model.Routes.routesCdkidCollection#istb.280345], was: [net.lojika.gtfs.model.Routes.routesCdkidCollection#istb.280345] (initialized)
14:01:03.984 [main] DEBUG org.hibernate.engine.Collections - Collection found: [net.lojika.gtfs.model.Routes.tripsList#istb.280345], was: [net.lojika.gtfs.model.Routes.tripsList#istb.280345] (uninitialized)
14:01:03.984 [main] DEBUG org.hibernate.engine.Collections - Collection found: [net.lojika.gtfs.model.Routes.routesCdkidCollection#istb.280344], was: [net.lojika.gtfs.model.Routes.routesCdkidCollection#istb.280344] (initialized)
14:01:03.984 [main] DEBUG org.hibernate.engine.Collections - Collection found: [net.lojika.gtfs.model.Routes.tripsList#istb.280344], was: [net.lojika.gtfs.model.Routes.tripsList#istb.280344] (uninitialized)
14:01:03.984 [main] DEBUG org.hibernate.engine.Collections - Collection found: [net.lojika.gtfs.model.Routes.routesCdkidCollection#istb.280342], was: [net.lojika.gtfs.model.Routes.routesCdkidCollection#istb.280342] (initialized)
14:01:03.984 [main] DEBUG org.hibernate.engine.Collections - Collection found: [net.lojika.gtfs.model.Routes.tripsList#istb.280342], was: [net.lojika.gtfs.model.Routes.tripsList#istb.280342] (uninitialized)
14:01:03.984 [main] DEBUG org.hibernate.engine.Collections - Collection found: [net.lojika.gtfs.model.Routes.routesCdkidCollection#istb.280341], was: [net.lojika.gtfs.model.Routes.routesCdkidCollection#istb.280341] (initialized)
14:01:03.984 [main] DEBUG org.hibernate.engine.Collections - Collection found: [net.lojika.gtfs.model.Routes.tripsList#istb.280341], was: [net.lojika.gtfs.model.Routes.tripsList#istb.280341] (uninitialized)
14:01:03.985 [main] DEBUG org.hibernate.engine.Collections - Collection found: [net.lojika.gtfs.model.Routes.routesCdkidCollection#istb.280340], was: [net.lojika.gtfs.model.Routes.routesCdkidCollection#istb.280340] (initialized)
14:01:03.985 [main] DEBUG org.hibernate.engine.Collections - Collection found: [net.lojika.gtfs.model.Routes.tripsList#istb.280340], was: [net.lojika.gtfs.model.Routes.tripsList#istb.280340] (uninitialized)
14:01:03.985 [main] DEBUG org.hibernate.engine.Collections - Collection found: [net.lojika.gtfs.model.Routes.routesCdkidCollection#istb.280339], was: [net.lojika.gtfs.model.Routes.routesCdkidCollection#istb.280339] (initialized)
14:01:03.985 [main] DEBUG org.hibernate.engine.Collections - Collection found: [net.lojika.gtfs.model.Routes.tripsList#istb.280339], was: [net.lojika.gtfs.model.Routes.tripsList#istb.280339] (uninitialized)
14:01:03.985 [main] DEBUG org.hibernate.engine.Collections - Collection found: [net.lojika.gtfs.model.Routes.routesCdkidCollection#istb.280338], was: [net.lojika.gtfs.model.Routes.routesCdkidCollection#istb.280338] (initialized)
14:01:03.985 [main] DEBUG org.hibernate.engine.Collections - Collection found: [net.lojika.gtfs.model.Routes.tripsList#istb.280338], was: [net.lojika.gtfs.model.Routes.tripsList#istb.280338] (uninitialized)
14:01:03.985 [main] DEBUG org.hibernate.engine.Collections - Collection found: [net.lojika.gtfs.model.Routes.routesCdkidCollection#istb.280337], was: [net.lojika.gtfs.model.Routes.routesCdkidCollection#istb.280337] (initialized)
14:01:03.985 [main] DEBUG org.hibernate.engine.Collections - Collection found: [net.lojika.gtfs.model.Routes.tripsList#istb.280337], was: [net.lojika.gtfs.model.Routes.tripsList#istb.280337] (uninitialized)
14:01:03.985 [main] DEBUG org.hibernate.engine.Collections - Collection found: [net.lojika.gtfs.model.Routes.routesCdkidCollection#istb.280336], was: [net.lojika.gtfs.model.Routes.routesCdkidCollection#istb.280336] (initialized)
14:01:03.985 [main] DEBUG org.hibernate.engine.Collections - Collection found: [net.lojika.gtfs.model.Routes.tripsList#istb.280336], was: [net.lojika.gtfs.model.Routes.tripsList#istb.280336] (uninitialized)
14:01:03.985 [main] DEBUG org.hibernate.engine.Collections - Collection found: [net.lojika.gtfs.model.Routes.routesCdkidCollection#istb.280335], was: [net.lojika.gtfs.model.Routes.routesCdkidCollection#istb.280335] (initialized)
14:01:03.985 [main] DEBUG org.hibernate.engine.Collections - Collection found: [net.lojika.gtfs.model.Routes.tripsList#istb.280335], was: [net.lojika.gtfs.model.Routes.tripsList#istb.280335] (uninitialized)
14:01:03.985 [main] DEBUG org.hibernate.engine.Collections - Collection found: [net.lojika.gtfs.model.Routes.routesCdkidCollection#istb.280334], was: [net.lojika.gtfs.model.Routes.routesCdkidCollection#istb.280334] (initialized)
14:01:03.985 [main] DEBUG org.hibernate.engine.Collections - Collection found: [net.lojika.gtfs.model.Routes.tripsList#istb.280334], was: [net.lojika.gtfs.model.Routes.tripsList#istb.280334] (uninitialized)
14:01:03.985 [main] DEBUG org.hibernate.engine.Collections - Collection found: [net.lojika.gtfs.model.Routes.routesCdkidCollection#istb.280333], was: [net.lojika.gtfs.model.Routes.routesCdkidCollection#istb.280333] (initialized)
14:01:03.985 [main] DEBUG org.hibernate.engine.Collections - Collection found: [net.lojika.gtfs.model.Routes.tripsList#istb.280333], was: [net.lojika.gtfs.model.Routes.tripsList#istb.280333] (uninitialized)
14:01:03.985 [main] DEBUG org.hibernate.engine.Collections - Collection found: [net.lojika.gtfs.model.Routes.routesCdkidCollection#istb.280332], was: [net.lojika.gtfs.model.Routes.routesCdkidCollection#istb.280332] (initialized)
14:01:03.985 [main] DEBUG org.hibernate.engine.Collections - Collection found: [net.lojika.gtfs.model.Routes.tripsList#istb.280332], was: [net.lojika.gtfs.model.Routes.tripsList#istb.280332] (uninitialized)
14:01:03.985 [main] DEBUG org.hibernate.engine.Collections - Collection found: [net.lojika.gtfs.model.Routes.routesCdkidCollection#istb.280330], was: [net.lojika.gtfs.model.Routes.routesCdkidCollection#istb.280330] (initialized)
14:01:03.985 [main] DEBUG org.hibernate.engine.Collections - Collection found: [net.lojika.gtfs.model.Routes.tripsList#istb.280330], was: [net.lojika.gtfs.model.Routes.tripsList#istb.280330] (uninitialized)
14:01:03.986 [main] DEBUG org.hibernate.engine.Collections - Collection found: [net.lojika.gtfs.model.Routes.routesCdkidCollection#istb.280329], was: [net.lojika.gtfs.model.Routes.routesCdkidCollection#istb.280329] (initialized)
14:01:03.986 [main] DEBUG org.hibernate.engine.Collections - Collection found: [net.lojika.gtfs.model.Routes.tripsList#istb.280329], was: [net.lojika.gtfs.model.Routes.tripsList#istb.280329] (uninitialized)
14:01:03.986 [main] DEBUG org.hibernate.engine.Collections - Collection found: [net.lojika.gtfs.model.Routes.routesCdkidCollection#istb.280328], was: [net.lojika.gtfs.model.Routes.routesCdkidCollection#istb.280328] (initialized)
14:01:03.986 [main] DEBUG org.hibernate.engine.Collections - Collection found: [net.lojika.gtfs.model.Routes.tripsList#istb.280328], was: [net.lojika.gtfs.model.Routes.tripsList#istb.280328] (uninitialized)
14:01:03.986 [main] DEBUG org.hibernate.engine.Collections - Collection found: [net.lojika.gtfs.model.Routes.routesCdkidCollection#istb.280327], was: [net.lojika.gtfs.model.Routes.routesCdkidCollection#istb.280327] (initialized)
14:01:03.986 [main] DEBUG org.hibernate.engine.Collections - Collection found: [net.lojika.gtfs.model.Routes.tripsList#istb.280327], was: [net.lojika.gtfs.model.Routes.tripsList#istb.280327] (uninitialized)
14:01:03.986 [main] DEBUG org.hibernate.engine.Collections - Collection found: [net.lojika.gtfs.model.Routes.routesCdkidCollection#istb.280326], was: [net.lojika.gtfs.model.Routes.routesCdkidCollection#istb.280326] (initialized)
14:01:03.986 [main] DEBUG org.hibernate.engine.Collections - Collection found: [net.lojika.gtfs.model.Routes.tripsList#istb.280326], was: [net.lojika.gtfs.model.Routes.tripsList#istb.280326] (uninitialized)
14:01:03.986 [main] DEBUG org.hibernate.engine.Collections - Collection found: [net.lojika.gtfs.model.Routes.routesCdkidCollection#istb.280325], was: [net.lojika.gtfs.model.Routes.routesCdkidCollection#istb.280325] (initialized)
14:01:03.986 [main] DEBUG org.hibernate.engine.Collections - Collection found: [net.lojika.gtfs.model.Routes.tripsList#istb.280325], was: [net.lojika.gtfs.model.Routes.tripsList#istb.280325] (uninitialized)
14:01:03.986 [main] DEBUG org.hibernate.engine.Collections - Collection found: [net.lojika.gtfs.model.Routes.routesCdkidCollection#istb.280324], was: [net.lojika.gtfs.model.Routes.routesCdkidCollection#istb.280324] (initialized)
14:01:03.986 [main] DEBUG org.hibernate.engine.Collections - Collection found: [net.lojika.gtfs.model.Routes.tripsList#istb.280324], was: [net.lojika.gtfs.model.Routes.tripsList#istb.280324] (uninitialized)
14:01:03.986 [main] DEBUG org.hibernate.engine.Collections - Collection found: [net.lojika.gtfs.model.Routes.routesCdkidCollection#istb.280322], was: [net.lojika.gtfs.model.Routes.routesCdkidCollection#istb.280322] (initialized)
14:01:03.986 [main] DEBUG org.hibernate.engine.Collections - Collection found: [net.lojika.gtfs.model.Routes.tripsList#istb.280322], was: [net.lojika.gtfs.model.Routes.tripsList#istb.280322] (uninitialized)
14:01:03.986 [main] DEBUG org.hibernate.engine.Collections - Collection found: [net.lojika.gtfs.model.Routes.routesCdkidCollection#istb.280321], was: [net.lojika.gtfs.model.Routes.routesCdkidCollection#istb.280321] (initialized)
14:01:03.986 [main] DEBUG org.hibernate.engine.Collections - Collection found: [net.lojika.gtfs.model.Routes.tripsList#istb.280321], was: [net.lojika.gtfs.model.Routes.tripsList#istb.280321] (uninitialized)
14:01:03.986 [main] DEBUG org.hibernate.engine.Collections - Collection found: [net.lojika.gtfs.model.Routes.routesCdkidCollection#istb.280320], was: [net.lojika.gtfs.model.Routes.routesCdkidCollection#istb.280320] (initialized)
14:01:03.986 [main] DEBUG org.hibernate.engine.Collections - Collection found: [net.lojika.gtfs.model.Routes.tripsList#istb.280320], was: [net.lojika.gtfs.model.Routes.tripsList#istb.280320] (uninitialized)
14:01:03.986 [main] DEBUG org.hibernate.engine.Collections - Collection found: [net.lojika.gtfs.model.Routes.routesCdkidCollection#istb.280319], was: [net.lojika.gtfs.model.Routes.routesCdkidCollection#istb.280319] (initialized)
14:01:03.986 [main] DEBUG org.hibernate.engine.Collections - Collection found: [net.lojika.gtfs.model.Routes.tripsList#istb.280319], was: [net.lojika.gtfs.model.Routes.tripsList#istb.280319] (uninitialized)
14:01:03.986 [main] DEBUG org.hibernate.engine.Collections - Collection found: [net.lojika.gtfs.model.Routes.routesCdkidCollection#istb.280318], was: [net.lojika.gtfs.model.Routes.routesCdkidCollection#istb.280318] (initialized)
14:01:03.986 [main] DEBUG org.hibernate.engine.Collections - Collection found: [net.lojika.gtfs.model.Routes.tripsList#istb.280318], was: [net.lojika.gtfs.model.Routes.tripsList#istb.280318] (uninitialized)
14:01:03.987 [main] DEBUG org.hibernate.engine.Collections - Collection found: [net.lojika.gtfs.model.Routes.routesCdkidCollection#istb.280316], was: [net.lojika.gtfs.model.Routes.routesCdkidCollection#istb.280316] (initialized)
14:01:03.987 [main] DEBUG org.hibernate.engine.Collections - Collection found: [net.lojika.gtfs.model.Routes.tripsList#istb.280316], was: [net.lojika.gtfs.model.Routes.tripsList#istb.280316] (uninitialized)
14:01:03.987 [main] DEBUG org.hibernate.engine.Collections - Collection found: [net.lojika.gtfs.model.Routes.routesCdkidCollection#istb.280315], was: [net.lojika.gtfs.model.Routes.routesCdkidCollection#istb.280315] (initialized)
14:01:03.987 [main] DEBUG org.hibernate.engine.Collections - Collection found: [net.lojika.gtfs.model.Routes.tripsList#istb.280315], was: [net.lojika.gtfs.model.Routes.tripsList#istb.280315] (uninitialized)
14:01:03.987 [main] DEBUG org.hibernate.engine.Collections - Collection found: [net.lojika.gtfs.model.Routes.routesCdkidCollection#istb.280314], was: [net.lojika.gtfs.model.Routes.routesCdkidCollection#istb.280314] (initialized)
14:01:03.987 [main] DEBUG org.hibernate.engine.Collections - Collection found: [net.lojika.gtfs.model.Routes.tripsList#istb.280314], was: [net.lojika.gtfs.model.Routes.tripsList#istb.280314] (uninitialized)
14:01:03.987 [main] DEBUG org.hibernate.engine.Collections - Collection found: [net.lojika.gtfs.model.Routes.routesCdkidCollection#istb.280313], was: [net.lojika.gtfs.model.Routes.routesCdkidCollection#istb.280313] (initialized)
14:01:03.987 [main] DEBUG org.hibernate.engine.Collections - Collection found: [net.lojika.gtfs.model.Routes.tripsList#istb.280313], was: [net.lojika.gtfs.model.Routes.tripsList#istb.280313] (uninitialized)
14:01:03.987 [main] DEBUG org.hibernate.engine.Collections - Collection found: [net.lojika.gtfs.model.Routes.routesCdkidCollection#istb.280311], was: [net.lojika.gtfs.model.Routes.routesCdkidCollection#istb.280311] (initialized)
14:01:03.987 [main] DEBUG org.hibernate.engine.Collections - Collection found: [net.lojika.gtfs.model.Routes.tripsList#istb.280311], was: [net.lojika.gtfs.model.Routes.tripsList#istb.280311] (uninitialized)
14:01:03.987 [main] DEBUG org.hibernate.engine.Collections - Collection found: [net.lojika.gtfs.model.Routes.routesCdkidCollection#istb.280309], was: [net.lojika.gtfs.model.Routes.routesCdkidCollection#istb.280309] (initialized)
14:01:03.987 [main] DEBUG org.hibernate.engine.Collections - Collection found: [net.lojika.gtfs.model.Routes.tripsList#istb.280309], was: [net.lojika.gtfs.model.Routes.tripsList#istb.280309] (uninitialized)
14:01:03.987 [main] DEBUG org.hibernate.engine.Collections - Collection found: [net.lojika.gtfs.model.Routes.routesCdkidCollection#istb.280307], was: [net.lojika.gtfs.model.Routes.routesCdkidCollection#istb.280307] (initialized)
14:01:03.987 [main] DEBUG org.hibernate.engine.Collections - Collection found: [net.lojika.gtfs.model.Routes.tripsList#istb.280307], was: [net.lojika.gtfs.model.Routes.tripsList#istb.280307] (uninitialized)
14:01:03.987 [main] DEBUG org.hibernate.engine.Collections - Collection found: [net.lojika.gtfs.model.Routes.routesCdkidCollection#istb.280304], was: [net.lojika.gtfs.model.Routes.routesCdkidCollection#istb.280304] (initialized)
14:01:03.987 [main] DEBUG org.hibernate.engine.Collections - Collection found: [net.lojika.gtfs.model.Routes.tripsList#istb.280304], was: [net.lojika.gtfs.model.Routes.tripsList#istb.280304] (uninitialized)
14:01:03.987 [main] DEBUG org.hibernate.engine.Collections - Collection found: [net.lojika.gtfs.model.Routes.routesCdkidCollection#istb.280303], was: [net.lojika.gtfs.model.Routes.routesCdkidCollection#istb.280303] (initialized)
14:01:03.987 [main] DEBUG org.hibernate.engine.Collections - Collection found: [net.lojika.gtfs.model.Routes.tripsList#istb.280303], was: [net.lojika.gtfs.model.Routes.tripsList#istb.280303] (uninitialized)
14:01:03.987 [main] DEBUG org.hibernate.engine.Collections - Collection found: [net.lojika.gtfs.model.Routes.routesCdkidCollection#istb.280300], was: [net.lojika.gtfs.model.Routes.routesCdkidCollection#istb.280300] (initialized)
14:01:03.987 [main] DEBUG org.hibernate.engine.Collections - Collection found: [net.lojika.gtfs.model.Routes.tripsList#istb.280300], was: [net.lojika.gtfs.model.Routes.tripsList#istb.280300] (uninitialized)
14:01:03.988 [main] DEBUG org.hibernate.engine.Collections - Collection found: [net.lojika.gtfs.model.Routes.routesCdkidCollection#istb.280299], was: [net.lojika.gtfs.model.Routes.routesCdkidCollection#istb.280299] (initialized)
14:01:03.988 [main] DEBUG org.hibernate.engine.Collections - Collection found: [net.lojika.gtfs.model.Routes.tripsList#istb.280299], was: [net.lojika.gtfs.model.Routes.tripsList#istb.280299] (uninitialized)
14:01:03.988 [main] DEBUG org.hibernate.engine.Collections - Collection found: [net.lojika.gtfs.model.Routes.routesCdkidCollection#istb.280298], was: [net.lojika.gtfs.model.Routes.routesCdkidCollection#istb.280298] (initialized)
14:01:03.988 [main] DEBUG org.hibernate.engine.Collections - Collection found: [net.lojika.gtfs.model.Routes.tripsList#istb.280298], was: [net.lojika.gtfs.model.Routes.tripsList#istb.280298] (uninitialized)
14:01:03.988 [main] DEBUG org.hibernate.engine.Collections - Collection found: [net.lojika.gtfs.model.Routes.routesCdkidCollection#istb.280296], was: [net.lojika.gtfs.model.Routes.routesCdkidCollection#istb.280296] (initialized)
14:01:03.988 [main] DEBUG org.hibernate.engine.Collections - Collection found: [net.lojika.gtfs.model.Routes.tripsList#istb.280296], was: [net.lojika.gtfs.model.Routes.tripsList#istb.280296] (uninitialized)
14:01:03.988 [main] DEBUG org.hibernate.engine.Collections - Collection found: [net.lojika.gtfs.model.Routes.routesCdkidCollection#istb.280293], was: [net.lojika.gtfs.model.Routes.routesCdkidCollection#istb.280293] (initialized)
14:01:03.988 [main] DEBUG org.hibernate.engine.Collections - Collection found: [net.lojika.gtfs.model.Routes.tripsList#istb.280293], was: [net.lojika.gtfs.model.Routes.tripsList#istb.280293] (uninitialized)
14:01:03.988 [main] DEBUG org.hibernate.engine.Collections - Collection found: [net.lojika.gtfs.model.Routes.routesCdkidCollection#istb.280292], was: [net.lojika.gtfs.model.Routes.routesCdkidCollection#istb.280292] (initialized)
14:01:03.988 [main] DEBUG org.hibernate.engine.Collections - Collection found: [net.lojika.gtfs.model.Routes.tripsList#istb.280292], was: [net.lojika.gtfs.model.Routes.tripsList#istb.280292] (uninitialized)
14:01:03.988 [main] DEBUG org.hibernate.engine.Collections - Collection found: [net.lojika.gtfs.model.Routes.routesCdkidCollection#istb.280291], was: [net.lojika.gtfs.model.Routes.routesCdkidCollection#istb.280291] (initialized)
14:01:03.988 [main] DEBUG org.hibernate.engine.Collections - Collection found: [net.lojika.gtfs.model.Routes.tripsList#istb.280291], was: [net.lojika.gtfs.model.Routes.tripsList#istb.280291] (uninitialized)
14:01:03.988 [main] DEBUG org.hibernate.engine.Collections - Collection found: [net.lojika.gtfs.model.Routes.routesCdkidCollection#istb.280290], was: [net.lojika.gtfs.model.Routes.routesCdkidCollection#istb.280290] (initialized)
14:01:03.988 [main] DEBUG org.hibernate.engine.Collections - Collection found: [net.lojika.gtfs.model.Routes.tripsList#istb.280290], was: [net.lojika.gtfs.model.Routes.tripsList#istb.280290] (uninitialized)
14:01:03.988 [main] DEBUG org.hibernate.engine.Collections - Collection found: [net.lojika.gtfs.model.Routes.routesCdkidCollection#istb.280289], was: [net.lojika.gtfs.model.Routes.routesCdkidCollection#istb.280289] (initialized)
14:01:03.988 [main] DEBUG org.hibernate.engine.Collections - Collection found: [net.lojika.gtfs.model.Routes.tripsList#istb.280289], was: [net.lojika.gtfs.model.Routes.tripsList#istb.280289] (uninitialized)
14:01:03.988 [main] DEBUG org.hibernate.engine.Collections - Collection found: [net.lojika.gtfs.model.Routes.routesCdkidCollection#istb.280288], was: [net.lojika.gtfs.model.Routes.routesCdkidCollection#istb.280288] (initialized)
14:01:03.988 [main] DEBUG org.hibernate.engine.Collections - Collection found: [net.lojika.gtfs.model.Routes.tripsList#istb.280288], was: [net.lojika.gtfs.model.Routes.tripsList#istb.280288] (uninitialized)
14:01:03.988 [main] DEBUG org.hibernate.engine.Collections - Collection found: [net.lojika.gtfs.model.Routes.routesCdkidCollection#istb.280287], was: [net.lojika.gtfs.model.Routes.routesCdkidCollection#istb.280287] (initialized)
14:01:03.988 [main] DEBUG org.hibernate.engine.Collections - Collection found: [net.lojika.gtfs.model.Routes.tripsList#istb.280287], was: [net.lojika.gtfs.model.Routes.tripsList#istb.280287] (uninitialized)
14:01:03.989 [main] DEBUG org.hibernate.engine.Collections - Collection found: [net.lojika.gtfs.model.Routes.routesCdkidCollection#istb.280286], was: [net.lojika.gtfs.model.Routes.routesCdkidCollection#istb.280286] (initialized)
14:01:03.989 [main] DEBUG org.hibernate.engine.Collections - Collection found: [net.lojika.gtfs.model.Routes.tripsList#istb.280286], was: [net.lojika.gtfs.model.Routes.tripsList#istb.280286] (uninitialized)
14:01:03.989 [main] DEBUG org.hibernate.engine.Collections - Collection found: [net.lojika.gtfs.model.Routes.routesCdkidCollection#istb.280285], was: [net.lojika.gtfs.model.Routes.routesCdkidCollection#istb.280285] (initialized)
14:01:03.989 [main] DEBUG org.hibernate.engine.Collections - Collection found: [net.lojika.gtfs.model.Routes.tripsList#istb.280285], was: [net.lojika.gtfs.model.Routes.tripsList#istb.280285] (uninitialized)
14:01:03.989 [main] DEBUG org.hibernate.engine.Collections - Collection found: [net.lojika.gtfs.model.Routes.routesCdkidCollection#istb.280284], was: [net.lojika.gtfs.model.Routes.routesCdkidCollection#istb.280284] (initialized)
14:01:03.989 [main] DEBUG org.hibernate.engine.Collections - Collection found: [net.lojika.gtfs.model.Routes.tripsList#istb.280284], was: [net.lojika.gtfs.model.Routes.tripsList#istb.280284] (uninitialized)
14:01:03.989 [main] DEBUG org.hibernate.engine.Collections - Collection found: [net.lojika.gtfs.model.Routes.routesCdkidCollection#istb.280283], was: [net.lojika.gtfs.model.Routes.routesCdkidCollection#istb.280283] (initialized)
14:01:03.989 [main] DEBUG org.hibernate.engine.Collections - Collection found: [net.lojika.gtfs.model.Routes.tripsList#istb.280283], was: [net.lojika.gtfs.model.Routes.tripsList#istb.280283] (uninitialized)
14:01:03.989 [main] DEBUG org.hibernate.engine.Collections - Collection found: [net.lojika.gtfs.model.Routes.routesCdkidCollection#istb.280281], was: [net.lojika.gtfs.model.Routes.routesCdkidCollection#istb.280281] (initialized)
14:01:03.989 [main] DEBUG org.hibernate.engine.Collections - Collection found: [net.lojika.gtfs.model.Routes.tripsList#istb.280281], was: [net.lojika.gtfs.model.Routes.tripsList#istb.280281] (uninitialized)
14:01:03.989 [main] DEBUG org.hibernate.engine.Collections - Collection found: [net.lojika.gtfs.model.Routes.routesCdkidCollection#istb.280280], was: [net.lojika.gtfs.model.Routes.routesCdkidCollection#istb.280280] (initialized)
14:01:03.989 [main] DEBUG org.hibernate.engine.Collections - Collection found: [net.lojika.gtfs.model.Routes.tripsList#istb.280280], was: [net.lojika.gtfs.model.Routes.tripsList#istb.280280] (uninitialized)
14:01:03.989 [main] DEBUG org.hibernate.engine.Collections - Collection found: [net.lojika.gtfs.model.Routes.routesCdkidCollection#istb.280279], was: [net.lojika.gtfs.model.Routes.routesCdkidCollection#istb.280279] (initialized)
14:01:03.989 [main] DEBUG org.hibernate.engine.Collections - Collection found: [net.lojika.gtfs.model.Routes.tripsList#istb.280279], was: [net.lojika.gtfs.model.Routes.tripsList#istb.280279] (uninitialized)
14:01:03.989 [main] DEBUG org.hibernate.engine.Collections - Collection found: [net.lojika.gtfs.model.Routes.routesCdkidCollection#istb.280278], was: [net.lojika.gtfs.model.Routes.routesCdkidCollection#istb.280278] (initialized)
14:01:03.989 [main] DEBUG org.hibernate.engine.Collections - Collection found: [net.lojika.gtfs.model.Routes.tripsList#istb.280278], was: [net.lojika.gtfs.model.Routes.tripsList#istb.280278] (uninitialized)
14:01:03.989 [main] DEBUG org.hibernate.engine.Collections - Collection found: [net.lojika.gtfs.model.Routes.routesCdkidCollection#istb.280277], was: [net.lojika.gtfs.model.Routes.routesCdkidCollection#istb.280277] (initialized)
14:01:03.989 [main] DEBUG org.hibernate.engine.Collections - Collection found: [net.lojika.gtfs.model.Routes.tripsList#istb.280277], was: [net.lojika.gtfs.model.Routes.tripsList#istb.280277] (uninitialized)
14:01:03.989 [main] DEBUG org.hibernate.engine.Collections - Collection found: [net.lojika.gtfs.model.Routes.routesCdkidCollection#istb.280276], was: [net.lojika.gtfs.model.Routes.routesCdkidCollection#istb.280276] (initialized)
14:01:03.989 [main] DEBUG org.hibernate.engine.Collections - Collection found: [net.lojika.gtfs.model.Routes.tripsList#istb.280276], was: [net.lojika.gtfs.model.Routes.tripsList#istb.280276] (uninitialized)
14:01:03.989 [main] DEBUG org.hibernate.engine.Collections - Collection found: [net.lojika.gtfs.model.Routes.routesCdkidCollection#istb.280274], was: [net.lojika.gtfs.model.Routes.routesCdkidCollection#istb.280274] (initialized)
14:01:03.989 [main] DEBUG org.hibernate.engine.Collections - Collection found: [net.lojika.gtfs.model.Routes.tripsList#istb.280274], was: [net.lojika.gtfs.model.Routes.tripsList#istb.280274] (uninitialized)
14:01:03.990 [main] DEBUG org.hibernate.engine.Collections - Collection found: [net.lojika.gtfs.model.Routes.routesCdkidCollection#istb.280273], was: [net.lojika.gtfs.model.Routes.routesCdkidCollection#istb.280273] (initialized)
14:01:03.990 [main] DEBUG org.hibernate.engine.Collections - Collection found: [net.lojika.gtfs.model.Routes.tripsList#istb.280273], was: [net.lojika.gtfs.model.Routes.tripsList#istb.280273] (uninitialized)
14:01:03.990 [main] DEBUG org.hibernate.engine.Collections - Collection found: [net.lojika.gtfs.model.Routes.routesCdkidCollection#istb.280272], was: [net.lojika.gtfs.model.Routes.routesCdkidCollection#istb.280272] (initialized)
14:01:03.990 [main] DEBUG org.hibernate.engine.Collections - Collection found: [net.lojika.gtfs.model.Routes.tripsList#istb.280272], was: [net.lojika.gtfs.model.Routes.tripsList#istb.280272] (uninitialized)
14:01:03.990 [main] DEBUG org.hibernate.engine.Collections - Collection found: [net.lojika.gtfs.model.Routes.routesCdkidCollection#istb.280271], was: [net.lojika.gtfs.model.Routes.routesCdkidCollection#istb.280271] (initialized)
14:01:03.990 [main] DEBUG org.hibernate.engine.Collections - Collection found: [net.lojika.gtfs.model.Routes.tripsList#istb.280271], was: [net.lojika.gtfs.model.Routes.tripsList#istb.280271] (uninitialized)
14:01:03.990 [main] DEBUG org.hibernate.engine.Collections - Collection found: [net.lojika.gtfs.model.Routes.routesCdkidCollection#istb.280270], was: [net.lojika.gtfs.model.Routes.routesCdkidCollection#istb.280270] (initialized)
14:01:03.990 [main] DEBUG org.hibernate.engine.Collections - Collection found: [net.lojika.gtfs.model.Routes.tripsList#istb.280270], was: [net.lojika.gtfs.model.Routes.tripsList#istb.280270] (uninitialized)
14:01:03.990 [main] DEBUG org.hibernate.engine.Collections - Collection found: [net.lojika.gtfs.model.Routes.routesCdkidCollection#istb.280269], was: [net.lojika.gtfs.model.Routes.routesCdkidCollection#istb.280269] (initialized)
14:01:03.990 [main] DEBUG org.hibernate.engine.Collections - Collection found: [net.lojika.gtfs.model.Routes.tripsList#istb.280269], was: [net.lojika.gtfs.model.Routes.tripsList#istb.280269] (uninitialized)
14:01:03.990 [main] DEBUG org.hibernate.engine.Collections - Collection found: [net.lojika.gtfs.model.Routes.routesCdkidCollection#istb.280268], was: [net.lojika.gtfs.model.Routes.routesCdkidCollection#istb.280268] (initialized)
14:01:03.990 [main] DEBUG org.hibernate.engine.Collections - Collection found: [net.lojika.gtfs.model.Routes.tripsList#istb.280268], was: [net.lojika.gtfs.model.Routes.tripsList#istb.280268] (uninitialized)
14:01:03.990 [main] DEBUG org.hibernate.engine.Collections - Collection found: [net.lojika.gtfs.model.Routes.routesCdkidCollection#istb.280267], was: [net.lojika.gtfs.model.Routes.routesCdkidCollection#istb.280267] (initialized)
14:01:03.990 [main] DEBUG org.hibernate.engine.Collections - Collection found: [net.lojika.gtfs.model.Routes.tripsList#istb.280267], was: [net.lojika.gtfs.model.Routes.tripsList#istb.280267] (uninitialized)
14:01:03.990 [main] DEBUG org.hibernate.engine.Collections - Collection found: [net.lojika.gtfs.model.Routes.routesCdkidCollection#istb.280266], was: [net.lojika.gtfs.model.Routes.routesCdkidCollection#istb.280266] (initialized)
14:01:03.990 [main] DEBUG org.hibernate.engine.Collections - Collection found: [net.lojika.gtfs.model.Routes.tripsList#istb.280266], was: [net.lojika.gtfs.model.Routes.tripsList#istb.280266] (uninitialized)
14:01:03.990 [main] DEBUG org.hibernate.engine.Collections - Collection found: [net.lojika.gtfs.model.Routes.routesCdkidCollection#istb.280265], was: [net.lojika.gtfs.model.Routes.routesCdkidCollection#istb.280265] (initialized)
14:01:03.990 [main] DEBUG org.hibernate.engine.Collections - Collection found: [net.lojika.gtfs.model.Routes.tripsList#istb.280265], was: [net.lojika.gtfs.model.Routes.tripsList#istb.280265] (uninitialized)
14:01:03.990 [main] DEBUG org.hibernate.engine.Collections - Collection found: [net.lojika.gtfs.model.Routes.routesCdkidCollection#istb.280262], was: [net.lojika.gtfs.model.Routes.routesCdkidCollection#istb.280262] (initialized)
14:01:03.990 [main] DEBUG org.hibernate.engine.Collections - Collection found: [net.lojika.gtfs.model.Routes.tripsList#istb.280262], was: [net.lojika.gtfs.model.Routes.tripsList#istb.280262] (uninitialized)
14:01:03.990 [main] DEBUG org.hibernate.engine.Collections - Collection found: [net.lojika.gtfs.model.Routes.routesCdkidCollection#istb.280261], was: [net.lojika.gtfs.model.Routes.routesCdkidCollection#istb.280261] (initialized)
14:01:03.991 [main] DEBUG org.hibernate.engine.Collections - Collection found: [net.lojika.gtfs.model.Routes.tripsList#istb.280261], was: [net.lojika.gtfs.model.Routes.tripsList#istb.280261] (uninitialized)
14:01:03.991 [main] DEBUG org.hibernate.engine.Collections - Collection found: [net.lojika.gtfs.model.Routes.routesCdkidCollection#istb.280260], was: [net.lojika.gtfs.model.Routes.routesCdkidCollection#istb.280260] (initialized)
14:01:03.991 [main] DEBUG org.hibernate.engine.Collections - Collection found: [net.lojika.gtfs.model.Routes.tripsList#istb.280260], was: [net.lojika.gtfs.model.Routes.tripsList#istb.280260] (uninitialized)
14:01:03.991 [main] DEBUG org.hibernate.engine.Collections - Collection found: [net.lojika.gtfs.model.Routes.routesCdkidCollection#istb.280259], was: [net.lojika.gtfs.model.Routes.routesCdkidCollection#istb.280259] (initialized)
14:01:03.991 [main] DEBUG org.hibernate.engine.Collections - Collection found: [net.lojika.gtfs.model.Routes.tripsList#istb.280259], was: [net.lojika.gtfs.model.Routes.tripsList#istb.280259] (uninitialized)
14:01:03.991 [main] DEBUG org.hibernate.engine.Collections - Collection found: [net.lojika.gtfs.model.Routes.routesCdkidCollection#istb.280258], was: [net.lojika.gtfs.model.Routes.routesCdkidCollection#istb.280258] (initialized)
14:01:03.991 [main] DEBUG org.hibernate.engine.Collections - Collection found: [net.lojika.gtfs.model.Routes.tripsList#istb.280258], was: [net.lojika.gtfs.model.Routes.tripsList#istb.280258] (uninitialized)
14:01:03.991 [main] DEBUG org.hibernate.engine.Collections - Collection found: [net.lojika.gtfs.model.Routes.routesCdkidCollection#istb.2013], was: [net.lojika.gtfs.model.Routes.routesCdkidCollection#istb.2013] (initialized)
14:01:03.991 [main] DEBUG org.hibernate.engine.Collections - Collection found: [net.lojika.gtfs.model.Routes.tripsList#istb.2013], was: [net.lojika.gtfs.model.Routes.tripsList#istb.2013] (uninitialized)
14:01:03.991 [main] DEBUG org.hibernate.engine.Collections - Collection found: [net.lojika.gtfs.model.Routes.routesCdkidCollection#istb.280616], was: [net.lojika.gtfs.model.Routes.routesCdkidCollection#istb.280616] (initialized)
14:01:03.991 [main] DEBUG org.hibernate.engine.Collections - Collection found: [net.lojika.gtfs.model.Routes.tripsList#istb.280616], was: [net.lojika.gtfs.model.Routes.tripsList#istb.280616] (uninitialized)
14:01:03.991 [main] DEBUG org.hibernate.engine.Collections - Collection found: [net.lojika.gtfs.model.Routes.routesCdkidCollection#istb.280615], was: [net.lojika.gtfs.model.Routes.routesCdkidCollection#istb.280615] (initialized)
14:01:03.991 [main] DEBUG org.hibernate.engine.Collections - Collection found: [net.lojika.gtfs.model.Routes.tripsList#istb.280615], was: [net.lojika.gtfs.model.Routes.tripsList#istb.280615] (uninitialized)
14:01:03.991 [main] DEBUG org.hibernate.engine.Collections - Collection found: [net.lojika.gtfs.model.Routes.routesCdkidCollection#istb.280613], was: [net.lojika.gtfs.model.Routes.routesCdkidCollection#istb.280613] (initialized)
14:01:03.991 [main] DEBUG org.hibernate.engine.Collections - Collection found: [net.lojika.gtfs.model.Routes.tripsList#istb.280613], was: [net.lojika.gtfs.model.Routes.tripsList#istb.280613] (uninitialized)
14:01:03.991 [main] DEBUG org.hibernate.engine.Collections - Collection found: [net.lojika.gtfs.model.Routes.routesCdkidCollection#istb.280610], was: [net.lojika.gtfs.model.Routes.routesCdkidCollection#istb.280610] (initialized)
14:01:03.991 [main] DEBUG org.hibernate.engine.Collections - Collection found: [net.lojika.gtfs.model.Routes.tripsList#istb.280610], was: [net.lojika.gtfs.model.Routes.tripsList#istb.280610] (uninitialized)
14:01:03.991 [main] DEBUG org.hibernate.engine.Collections - Collection found: [net.lojika.gtfs.model.Routes.routesCdkidCollection#istb.280609], was: [net.lojika.gtfs.model.Routes.routesCdkidCollection#istb.280609] (initialized)
14:01:03.991 [main] DEBUG org.hibernate.engine.Collections - Collection found: [net.lojika.gtfs.model.Routes.tripsList#istb.280609], was: [net.lojika.gtfs.model.Routes.tripsList#istb.280609] (uninitialized)
14:01:03.991 [main] DEBUG org.hibernate.engine.Collections - Collection found: [net.lojika.gtfs.model.Routes.routesCdkidCollection#istb.280608], was: [net.lojika.gtfs.model.Routes.routesCdkidCollection#istb.280608] (initialized)
14:01:03.991 [main] DEBUG org.hibernate.engine.Collections - Collection found: [net.lojika.gtfs.model.Routes.tripsList#istb.280608], was: [net.lojika.gtfs.model.Routes.tripsList#istb.280608] (uninitialized)
14:01:03.991 [main] DEBUG org.hibernate.engine.Collections - Collection found: [net.lojika.gtfs.model.Routes.routesCdkidCollection#istb.280607], was: [net.lojika.gtfs.model.Routes.routesCdkidCollection#istb.280607] (initialized)
14:01:03.992 [main] DEBUG org.hibernate.engine.Collections - Collection found: [net.lojika.gtfs.model.Routes.tripsList#istb.280607], was: [net.lojika.gtfs.model.Routes.tripsList#istb.280607] (uninitialized)
14:01:03.992 [main] DEBUG org.hibernate.engine.Collections - Collection found: [net.lojika.gtfs.model.Routes.routesCdkidCollection#istb.280606], was: [net.lojika.gtfs.model.Routes.routesCdkidCollection#istb.280606] (initialized)
14:01:03.992 [main] DEBUG org.hibernate.engine.Collections - Collection found: [net.lojika.gtfs.model.Routes.tripsList#istb.280606], was: [net.lojika.gtfs.model.Routes.tripsList#istb.280606] (uninitialized)
14:01:03.992 [main] DEBUG org.hibernate.engine.Collections - Collection found: [net.lojika.gtfs.model.Routes.routesCdkidCollection#istb.280604], was: [net.lojika.gtfs.model.Routes.routesCdkidCollection#istb.280604] (initialized)
14:01:03.992 [main] DEBUG org.hibernate.engine.Collections - Collection found: [net.lojika.gtfs.model.Routes.tripsList#istb.280604], was: [net.lojika.gtfs.model.Routes.tripsList#istb.280604] (uninitialized)
14:01:03.992 [main] DEBUG org.hibernate.engine.Collections - Collection found: [net.lojika.gtfs.model.Routes.routesCdkidCollection#istb.280603], was: [net.lojika.gtfs.model.Routes.routesCdkidCollection#istb.280603] (initialized)
14:01:03.992 [main] DEBUG org.hibernate.engine.Collections - Collection found: [net.lojika.gtfs.model.Routes.tripsList#istb.280603], was: [net.lojika.gtfs.model.Routes.tripsList#istb.280603] (uninitialized)
14:01:03.992 [main] DEBUG org.hibernate.engine.Collections - Collection found: [net.lojika.gtfs.model.Routes.routesCdkidCollection#istb.280602], was: [net.lojika.gtfs.model.Routes.routesCdkidCollection#istb.280602] (initialized)
14:01:03.992 [main] DEBUG org.hibernate.engine.Collections - Collection found: [net.lojika.gtfs.model.Routes.tripsList#istb.280602], was: [net.lojika.gtfs.model.Routes.tripsList#istb.280602] (uninitialized)
14:01:03.992 [main] DEBUG org.hibernate.engine.Collections - Collection found: [net.lojika.gtfs.model.Routes.routesCdkidCollection#istb.280601], was: [net.lojika.gtfs.model.Routes.routesCdkidCollection#istb.280601] (initialized)
14:01:03.992 [main] DEBUG org.hibernate.engine.Collections - Collection found: [net.lojika.gtfs.model.Routes.tripsList#istb.280601], was: [net.lojika.gtfs.model.Routes.tripsList#istb.280601] (uninitialized)
14:01:03.992 [main] DEBUG org.hibernate.engine.Collections - Collection found: [net.lojika.gtfs.model.Routes.routesCdkidCollection#istb.280599], was: [net.lojika.gtfs.model.Routes.routesCdkidCollection#istb.280599] (initialized)
14:01:03.992 [main] DEBUG org.hibernate.engine.Collections - Collection found: [net.lojika.gtfs.model.Routes.tripsList#istb.280599], was: [net.lojika.gtfs.model.Routes.tripsList#istb.280599] (uninitialized)
14:01:03.992 [main] DEBUG org.hibernate.engine.Collections - Collection found: [net.lojika.gtfs.model.Routes.routesCdkidCollection#istb.280598], was: [net.lojika.gtfs.model.Routes.routesCdkidCollection#istb.280598] (initialized)
14:01:03.992 [main] DEBUG org.hibernate.engine.Collections - Collection found: [net.lojika.gtfs.model.Routes.tripsList#istb.280598], was: [net.lojika.gtfs.model.Routes.tripsList#istb.280598] (uninitialized)
14:01:03.992 [main] DEBUG org.hibernate.engine.Collections - Collection found: [net.lojika.gtfs.model.Routes.routesCdkidCollection#istb.280597], was: [net.lojika.gtfs.model.Routes.routesCdkidCollection#istb.280597] (initialized)
14:01:03.992 [main] DEBUG org.hibernate.engine.Collections - Collection found: [net.lojika.gtfs.model.Routes.tripsList#istb.280597], was: [net.lojika.gtfs.model.Routes.tripsList#istb.280597] (uninitialized)
14:01:03.992 [main] DEBUG org.hibernate.engine.Collections - Collection found: [net.lojika.gtfs.model.Routes.routesCdkidCollection#istb.280596], was: [net.lojika.gtfs.model.Routes.routesCdkidCollection#istb.280596] (initialized)
14:01:03.992 [main] DEBUG org.hibernate.engine.Collections - Collection found: [net.lojika.gtfs.model.Routes.tripsList#istb.280596], was: [net.lojika.gtfs.model.Routes.tripsList#istb.280596] (uninitialized)
14:01:03.992 [main] DEBUG org.hibernate.engine.Collections - Collection found: [net.lojika.gtfs.model.Routes.routesCdkidCollection#istb.280595], was: [net.lojika.gtfs.model.Routes.routesCdkidCollection#istb.280595] (initialized)
14:01:03.992 [main] DEBUG org.hibernate.engine.Collections - Collection found: [net.lojika.gtfs.model.Routes.tripsList#istb.280595], was: [net.lojika.gtfs.model.Routes.tripsList#istb.280595] (uninitialized)
14:01:03.992 [main] DEBUG org.hibernate.engine.Collections - Collection found: [net.lojika.gtfs.model.Routes.routesCdkidCollection#istb.280594], was: [net.lojika.gtfs.model.Routes.routesCdkidCollection#istb.280594] (initialized)
14:01:03.992 [main] DEBUG org.hibernate.engine.Collections - Collection found: [net.lojika.gtfs.model.Routes.tripsList#istb.280594], was: [net.lojika.gtfs.model.Routes.tripsList#istb.280594] (uninitialized)
14:01:03.993 [main] DEBUG org.hibernate.engine.Collections - Collection found: [net.lojika.gtfs.model.Routes.routesCdkidCollection#istb.280592], was: [net.lojika.gtfs.model.Routes.routesCdkidCollection#istb.280592] (initialized)
14:01:03.993 [main] DEBUG org.hibernate.engine.Collections - Collection found: [net.lojika.gtfs.model.Routes.tripsList#istb.280592], was: [net.lojika.gtfs.model.Routes.tripsList#istb.280592] (uninitialized)
14:01:03.993 [main] DEBUG org.hibernate.engine.Collections - Collection found: [net.lojika.gtfs.model.Routes.routesCdkidCollection#istb.280591], was: [net.lojika.gtfs.model.Routes.routesCdkidCollection#istb.280591] (initialized)
14:01:03.993 [main] DEBUG org.hibernate.engine.Collections - Collection found: [net.lojika.gtfs.model.Routes.tripsList#istb.280591], was: [net.lojika.gtfs.model.Routes.tripsList#istb.280591] (uninitialized)
14:01:03.993 [main] DEBUG org.hibernate.engine.Collections - Collection found: [net.lojika.gtfs.model.Routes.routesCdkidCollection#istb.280590], was: [net.lojika.gtfs.model.Routes.routesCdkidCollection#istb.280590] (initialized)
14:01:03.993 [main] DEBUG org.hibernate.engine.Collections - Collection found: [net.lojika.gtfs.model.Routes.tripsList#istb.280590], was: [net.lojika.gtfs.model.Routes.tripsList#istb.280590] (uninitialized)
14:01:03.993 [main] DEBUG org.hibernate.engine.Collections - Collection found: [net.lojika.gtfs.model.Routes.routesCdkidCollection#istb.280589], was: [net.lojika.gtfs.model.Routes.routesCdkidCollection#istb.280589] (initialized)
14:01:03.993 [main] DEBUG org.hibernate.engine.Collections - Collection found: [net.lojika.gtfs.model.Routes.tripsList#istb.280589], was: [net.lojika.gtfs.model.Routes.tripsList#istb.280589] (uninitialized)
14:01:03.993 [main] DEBUG org.hibernate.engine.Collections - Collection found: [net.lojika.gtfs.model.Routes.routesCdkidCollection#istb.280588], was: [net.lojika.gtfs.model.Routes.routesCdkidCollection#istb.280588] (initialized)
14:01:03.993 [main] DEBUG org.hibernate.engine.Collections - Collection found: [net.lojika.gtfs.model.Routes.tripsList#istb.280588], was: [net.lojika.gtfs.model.Routes.tripsList#istb.280588] (uninitialized)
14:01:03.993 [main] DEBUG org.hibernate.engine.Collections - Collection found: [net.lojika.gtfs.model.Routes.routesCdkidCollection#istb.280587], was: [net.lojika.gtfs.model.Routes.routesCdkidCollection#istb.280587] (initialized)
14:01:03.993 [main] DEBUG org.hibernate.engine.Collections - Collection found: [net.lojika.gtfs.model.Routes.tripsList#istb.280587], was: [net.lojika.gtfs.model.Routes.tripsList#istb.280587] (uninitialized)
14:01:03.993 [main] DEBUG org.hibernate.engine.Collections - Collection found: [net.lojika.gtfs.model.Routes.routesCdkidCollection#istb.280586], was: [net.lojika.gtfs.model.Routes.routesCdkidCollection#istb.280586] (initialized)
14:01:03.993 [main] DEBUG org.hibernate.engine.Collections - Collection found: [net.lojika.gtfs.model.Routes.tripsList#istb.280586], was: [net.lojika.gtfs.model.Routes.tripsList#istb.280586] (uninitialized)
14:01:03.993 [main] DEBUG org.hibernate.engine.Collections - Collection found: [net.lojika.gtfs.model.Routes.routesCdkidCollection#istb.280585], was: [net.lojika.gtfs.model.Routes.routesCdkidCollection#istb.280585] (initialized)
14:01:03.993 [main] DEBUG org.hibernate.engine.Collections - Collection found: [net.lojika.gtfs.model.Routes.tripsList#istb.280585], was: [net.lojika.gtfs.model.Routes.tripsList#istb.280585] (uninitialized)
14:01:03.993 [main] DEBUG org.hibernate.engine.Collections - Collection found: [net.lojika.gtfs.model.Routes.routesCdkidCollection#istb.280584], was: [net.lojika.gtfs.model.Routes.routesCdkidCollection#istb.280584] (initialized)
14:01:03.993 [main] DEBUG org.hibernate.engine.Collections - Collection found: [net.lojika.gtfs.model.Routes.tripsList#istb.280584], was: [net.lojika.gtfs.model.Routes.tripsList#istb.280584] (uninitialized)
14:01:03.993 [main] DEBUG org.hibernate.engine.Collections - Collection found: [net.lojika.gtfs.model.Routes.routesCdkidCollection#istb.280583], was: [net.lojika.gtfs.model.Routes.routesCdkidCollection#istb.280583] (initialized)
14:01:03.993 [main] DEBUG org.hibernate.engine.Collections - Collection found: [net.lojika.gtfs.model.Routes.tripsList#istb.280583], was: [net.lojika.gtfs.model.Routes.tripsList#istb.280583] (uninitialized)
14:01:03.994 [main] DEBUG org.hibernate.engine.Collections - Collection found: [net.lojika.gtfs.model.Routes.routesCdkidCollection#istb.280582], was: [net.lojika.gtfs.model.Routes.routesCdkidCollection#istb.280582] (initialized)
14:01:03.994 [main] DEBUG org.hibernate.engine.Collections - Collection found: [net.lojika.gtfs.model.Routes.tripsList#istb.280582], was: [net.lojika.gtfs.model.Routes.tripsList#istb.280582] (uninitialized)
14:01:03.994 [main] DEBUG org.hibernate.engine.Collections - Collection found: [net.lojika.gtfs.model.Routes.routesCdkidCollection#istb.280580], was: [net.lojika.gtfs.model.Routes.routesCdkidCollection#istb.280580] (initialized)
14:01:03.994 [main] DEBUG org.hibernate.engine.Collections - Collection found: [net.lojika.gtfs.model.Routes.tripsList#istb.280580], was: [net.lojika.gtfs.model.Routes.tripsList#istb.280580] (uninitialized)
14:01:03.994 [main] DEBUG org.hibernate.engine.Collections - Collection found: [net.lojika.gtfs.model.Routes.routesCdkidCollection#istb.280577], was: [net.lojika.gtfs.model.Routes.routesCdkidCollection#istb.280577] (initialized)
14:01:03.994 [main] DEBUG org.hibernate.engine.Collections - Collection found: [net.lojika.gtfs.model.Routes.tripsList#istb.280577], was: [net.lojika.gtfs.model.Routes.tripsList#istb.280577] (uninitialized)
14:01:03.994 [main] DEBUG org.hibernate.engine.Collections - Collection found: [net.lojika.gtfs.model.Routes.routesCdkidCollection#istb.280574], was: [net.lojika.gtfs.model.Routes.routesCdkidCollection#istb.280574] (initialized)
14:01:03.994 [main] DEBUG org.hibernate.engine.Collections - Collection found: [net.lojika.gtfs.model.Routes.tripsList#istb.280574], was: [net.lojika.gtfs.model.Routes.tripsList#istb.280574] (uninitialized)
14:01:03.994 [main] DEBUG org.hibernate.engine.Collections - Collection found: [net.lojika.gtfs.model.Routes.routesCdkidCollection#istb.280573], was: [net.lojika.gtfs.model.Routes.routesCdkidCollection#istb.280573] (initialized)
14:01:03.994 [main] DEBUG org.hibernate.engine.Collections - Collection found: [net.lojika.gtfs.model.Routes.tripsList#istb.280573], was: [net.lojika.gtfs.model.Routes.tripsList#istb.280573] (uninitialized)
14:01:03.994 [main] DEBUG org.hibernate.engine.Collections - Collection found: [net.lojika.gtfs.model.Routes.routesCdkidCollection#istb.280572], was: [net.lojika.gtfs.model.Routes.routesCdkidCollection#istb.280572] (initialized)
14:01:03.994 [main] DEBUG org.hibernate.engine.Collections - Collection found: [net.lojika.gtfs.model.Routes.tripsList#istb.280572], was: [net.lojika.gtfs.model.Routes.tripsList#istb.280572] (uninitialized)
14:01:03.994 [main] DEBUG org.hibernate.engine.Collections - Collection found: [net.lojika.gtfs.model.Routes.routesCdkidCollection#istb.280571], was: [net.lojika.gtfs.model.Routes.routesCdkidCollection#istb.280571] (initialized)
14:01:03.994 [main] DEBUG org.hibernate.engine.Collections - Collection found: [net.lojika.gtfs.model.Routes.tripsList#istb.280571], was: [net.lojika.gtfs.model.Routes.tripsList#istb.280571] (uninitialized)
14:01:03.994 [main] DEBUG org.hibernate.engine.Collections - Collection found: [net.lojika.gtfs.model.Routes.routesCdkidCollection#istb.280570], was: [net.lojika.gtfs.model.Routes.routesCdkidCollection#istb.280570] (initialized)
14:01:03.994 [main] DEBUG org.hibernate.engine.Collections - Collection found: [net.lojika.gtfs.model.Routes.tripsList#istb.280570], was: [net.lojika.gtfs.model.Routes.tripsList#istb.280570] (uninitialized)
14:01:03.994 [main] DEBUG org.hibernate.engine.Collections - Collection found: [net.lojika.gtfs.model.Routes.routesCdkidCollection#istb.280567], was: [net.lojika.gtfs.model.Routes.routesCdkidCollection#istb.280567] (initialized)
14:01:03.994 [main] DEBUG org.hibernate.engine.Collections - Collection found: [net.lojika.gtfs.model.Routes.tripsList#istb.280567], was: [net.lojika.gtfs.model.Routes.tripsList#istb.280567] (uninitialized)
14:01:03.994 [main] DEBUG org.hibernate.engine.Collections - Collection found: [net.lojika.gtfs.model.Routes.routesCdkidCollection#istb.280564], was: [net.lojika.gtfs.model.Routes.routesCdkidCollection#istb.280564] (initialized)
14:01:03.994 [main] DEBUG org.hibernate.engine.Collections - Collection found: [net.lojika.gtfs.model.Routes.tripsList#istb.280564], was: [net.lojika.gtfs.model.Routes.tripsList#istb.280564] (uninitialized)
14:01:03.994 [main] DEBUG org.hibernate.engine.Collections - Collection found: [net.lojika.gtfs.model.Routes.routesCdkidCollection#istb.280560], was: [net.lojika.gtfs.model.Routes.routesCdkidCollection#istb.280560] (initialized)
14:01:03.994 [main] DEBUG org.hibernate.engine.Collections - Collection found: [net.lojika.gtfs.model.Routes.tripsList#istb.280560], was: [net.lojika.gtfs.model.Routes.tripsList#istb.280560] (uninitialized)
14:01:03.994 [main] DEBUG org.hibernate.engine.Collections - Collection found: [net.lojika.gtfs.model.Routes.routesCdkidCollection#istb.280559], was: [net.lojika.gtfs.model.Routes.routesCdkidCollection#istb.280559] (initialized)
14:01:03.994 [main] DEBUG org.hibernate.engine.Collections - Collection found: [net.lojika.gtfs.model.Routes.tripsList#istb.280559], was: [net.lojika.gtfs.model.Routes.tripsList#istb.280559] (uninitialized)
14:01:03.995 [main] DEBUG org.hibernate.engine.Collections - Collection found: [net.lojika.gtfs.model.Routes.routesCdkidCollection#istb.280558], was: [net.lojika.gtfs.model.Routes.routesCdkidCollection#istb.280558] (initialized)
14:01:03.995 [main] DEBUG org.hibernate.engine.Collections - Collection found: [net.lojika.gtfs.model.Routes.tripsList#istb.280558], was: [net.lojika.gtfs.model.Routes.tripsList#istb.280558] (uninitialized)
14:01:03.995 [main] DEBUG org.hibernate.engine.Collections - Collection found: [net.lojika.gtfs.model.Routes.routesCdkidCollection#istb.280556], was: [net.lojika.gtfs.model.Routes.routesCdkidCollection#istb.280556] (initialized)
14:01:03.995 [main] DEBUG org.hibernate.engine.Collections - Collection found: [net.lojika.gtfs.model.Routes.tripsList#istb.280556], was: [net.lojika.gtfs.model.Routes.tripsList#istb.280556] (uninitialized)
14:01:03.995 [main] DEBUG org.hibernate.engine.Collections - Collection found: [net.lojika.gtfs.model.Routes.routesCdkidCollection#istb.2012], was: [net.lojika.gtfs.model.Routes.routesCdkidCollection#istb.2012] (initialized)
14:01:03.995 [main] DEBUG org.hibernate.engine.Collections - Collection found: [net.lojika.gtfs.model.Routes.tripsList#istb.2012], was: [net.lojika.gtfs.model.Routes.tripsList#istb.2012] (uninitialized)
14:01:03.995 [main] DEBUG org.hibernate.engine.Collections - Collection found: [net.lojika.gtfs.model.Routes.routesCdkidCollection#istb.2008], was: [net.lojika.gtfs.model.Routes.routesCdkidCollection#istb.2008] (initialized)
14:01:03.995 [main] DEBUG org.hibernate.engine.Collections - Collection found: [net.lojika.gtfs.model.Routes.tripsList#istb.2008], was: [net.lojika.gtfs.model.Routes.tripsList#istb.2008] (uninitialized)
14:01:03.995 [main] DEBUG org.hibernate.engine.Collections - Collection found: [net.lojika.gtfs.model.Routes.routesCdkidCollection#istb.2007], was: [net.lojika.gtfs.model.Routes.routesCdkidCollection#istb.2007] (initialized)
14:01:03.995 [main] DEBUG org.hibernate.engine.Collections - Collection found: [net.lojika.gtfs.model.Routes.tripsList#istb.2007], was: [net.lojika.gtfs.model.Routes.tripsList#istb.2007] (uninitialized)
14:01:03.995 [main] DEBUG org.hibernate.engine.Collections - Collection found: [net.lojika.gtfs.model.Routes.routesCdkidCollection#istb.2005], was: [net.lojika.gtfs.model.Routes.routesCdkidCollection#istb.2005] (initialized)
14:01:03.995 [main] DEBUG org.hibernate.engine.Collections - Collection found: [net.lojika.gtfs.model.Routes.tripsList#istb.2005], was: [net.lojika.gtfs.model.Routes.tripsList#istb.2005] (uninitialized)
14:01:03.995 [main] DEBUG org.hibernate.engine.Collections - Collection found: [net.lojika.gtfs.model.Routes.routesCdkidCollection#istb.2004], was: [net.lojika.gtfs.model.Routes.routesCdkidCollection#istb.2004] (initialized)
14:01:03.995 [main] DEBUG org.hibernate.engine.Collections - Collection found: [net.lojika.gtfs.model.Routes.tripsList#istb.2004], was: [net.lojika.gtfs.model.Routes.tripsList#istb.2004] (uninitialized)
14:01:03.995 [main] DEBUG org.hibernate.engine.Collections - Collection found: [net.lojika.gtfs.model.Routes.routesCdkidCollection#istb.2003], was: [net.lojika.gtfs.model.Routes.routesCdkidCollection#istb.2003] (initialized)
14:01:03.995 [main] DEBUG org.hibernate.engine.Collections - Collection found: [net.lojika.gtfs.model.Routes.tripsList#istb.2003], was: [net.lojika.gtfs.model.Routes.tripsList#istb.2003] (uninitialized)
14:01:03.995 [main] DEBUG org.hibernate.engine.Collections - Collection found: [net.lojika.gtfs.model.Routes.routesCdkidCollection#istb.2002], was: [net.lojika.gtfs.model.Routes.routesCdkidCollection#istb.2002] (initialized)
14:01:03.995 [main] DEBUG org.hibernate.engine.Collections - Collection found: [net.lojika.gtfs.model.Routes.tripsList#istb.2002], was: [net.lojika.gtfs.model.Routes.tripsList#istb.2002] (uninitialized)
14:01:03.995 [main] DEBUG org.hibernate.engine.Collections - Collection found: [net.lojika.gtfs.model.Routes.routesCdkidCollection#istb.2001], was: [net.lojika.gtfs.model.Routes.routesCdkidCollection#istb.2001] (initialized)
14:01:03.995 [main] DEBUG org.hibernate.engine.Collections - Collection found: [net.lojika.gtfs.model.Routes.tripsList#istb.2001], was: [net.lojika.gtfs.model.Routes.tripsList#istb.2001] (uninitialized)
14:01:03.996 [main] DEBUG org.hibernate.engine.Collections - Collection found: [net.lojika.gtfs.model.Routes.routesCdkidCollection#istb.5007], was: [net.lojika.gtfs.model.Routes.routesCdkidCollection#istb.5007] (initialized)
14:01:03.996 [main] DEBUG org.hibernate.engine.Collections - Collection found: [net.lojika.gtfs.model.Routes.tripsList#istb.5007], was: [net.lojika.gtfs.model.Routes.tripsList#istb.5007] (uninitialized)
14:01:03.996 [main] DEBUG org.hibernate.engine.Collections - Collection found: [net.lojika.gtfs.model.Routes.routesCdkidCollection#istb.280422], was: [net.lojika.gtfs.model.Routes.routesCdkidCollection#istb.280422] (initialized)
14:01:03.996 [main] DEBUG org.hibernate.engine.Collections - Collection found: [net.lojika.gtfs.model.Routes.tripsList#istb.280422], was: [net.lojika.gtfs.model.Routes.tripsList#istb.280422] (uninitialized)
14:01:03.996 [main] DEBUG org.hibernate.engine.Collections - Collection found: [net.lojika.gtfs.model.Routes.routesCdkidCollection#istb.280421], was: [net.lojika.gtfs.model.Routes.routesCdkidCollection#istb.280421] (initialized)
14:01:03.996 [main] DEBUG org.hibernate.engine.Collections - Collection found: [net.lojika.gtfs.model.Routes.tripsList#istb.280421], was: [net.lojika.gtfs.model.Routes.tripsList#istb.280421] (uninitialized)
14:01:03.996 [main] DEBUG org.hibernate.engine.Collections - Collection found: [net.lojika.gtfs.model.Routes.routesCdkidCollection#istb.280419], was: [net.lojika.gtfs.model.Routes.routesCdkidCollection#istb.280419] (initialized)
14:01:03.996 [main] DEBUG org.hibernate.engine.Collections - Collection found: [net.lojika.gtfs.model.Routes.tripsList#istb.280419], was: [net.lojika.gtfs.model.Routes.tripsList#istb.280419] (uninitialized)
14:01:03.996 [main] DEBUG org.hibernate.engine.Collections - Collection found: [net.lojika.gtfs.model.Routes.routesCdkidCollection#istb.280418], was: [net.lojika.gtfs.model.Routes.routesCdkidCollection#istb.280418] (initialized)
14:01:03.996 [main] DEBUG org.hibernate.engine.Collections - Collection found: [net.lojika.gtfs.model.Routes.tripsList#istb.280418], was: [net.lojika.gtfs.model.Routes.tripsList#istb.280418] (uninitialized)
14:01:03.996 [main] DEBUG org.hibernate.engine.Collections - Collection found: [net.lojika.gtfs.model.Routes.routesCdkidCollection#istb.280417], was: [net.lojika.gtfs.model.Routes.routesCdkidCollection#istb.280417] (initialized)
14:01:03.996 [main] DEBUG org.hibernate.engine.Collections - Collection found: [net.lojika.gtfs.model.Routes.tripsList#istb.280417], was: [net.lojika.gtfs.model.Routes.tripsList#istb.280417] (uninitialized)
14:01:03.996 [main] DEBUG org.hibernate.engine.Collections - Collection found: [net.lojika.gtfs.model.Routes.routesCdkidCollection#istb.280416], was: [net.lojika.gtfs.model.Routes.routesCdkidCollection#istb.280416] (initialized)
14:01:03.996 [main] DEBUG org.hibernate.engine.Collections - Collection found: [net.lojika.gtfs.model.Routes.tripsList#istb.280416], was: [net.lojika.gtfs.model.Routes.tripsList#istb.280416] (uninitialized)
14:01:03.996 [main] DEBUG org.hibernate.engine.Collections - Collection found: [net.lojika.gtfs.model.Routes.routesCdkidCollection#istb.280415], was: [net.lojika.gtfs.model.Routes.routesCdkidCollection#istb.280415] (initialized)
14:01:03.996 [main] DEBUG org.hibernate.engine.Collections - Collection found: [net.lojika.gtfs.model.Routes.tripsList#istb.280415], was: [net.lojika.gtfs.model.Routes.tripsList#istb.280415] (uninitialized)
14:01:03.996 [main] DEBUG org.hibernate.engine.Collections - Collection found: [net.lojika.gtfs.model.Routes.routesCdkidCollection#istb.280414], was: [net.lojika.gtfs.model.Routes.routesCdkidCollection#istb.280414] (initialized)
14:01:03.996 [main] DEBUG org.hibernate.engine.Collections - Collection found: [net.lojika.gtfs.model.Routes.tripsList#istb.280414], was: [net.lojika.gtfs.model.Routes.tripsList#istb.280414] (uninitialized)
14:01:03.996 [main] DEBUG org.hibernate.engine.Collections - Collection found: [net.lojika.gtfs.model.Routes.routesCdkidCollection#istb.280413], was: [net.lojika.gtfs.model.Routes.routesCdkidCollection#istb.280413] (initialized)
14:01:03.996 [main] DEBUG org.hibernate.engine.Collections - Collection found: [net.lojika.gtfs.model.Routes.tripsList#istb.280413], was: [net.lojika.gtfs.model.Routes.tripsList#istb.280413] (uninitialized)
14:01:03.997 [main] DEBUG org.hibernate.engine.Collections - Collection found: [net.lojika.gtfs.model.Routes.routesCdkidCollection#istb.280412], was: [net.lojika.gtfs.model.Routes.routesCdkidCollection#istb.280412] (initialized)
14:01:03.997 [main] DEBUG org.hibernate.engine.Collections - Collection found: [net.lojika.gtfs.model.Routes.tripsList#istb.280412], was: [net.lojika.gtfs.model.Routes.tripsList#istb.280412] (uninitialized)
14:01:03.997 [main] DEBUG org.hibernate.engine.Collections - Collection found: [net.lojika.gtfs.model.Routes.routesCdkidCollection#istb.280411], was: [net.lojika.gtfs.model.Routes.routesCdkidCollection#istb.280411] (initialized)
14:01:03.997 [main] DEBUG org.hibernate.engine.Collections - Collection found: [net.lojika.gtfs.model.Routes.tripsList#istb.280411], was: [net.lojika.gtfs.model.Routes.tripsList#istb.280411] (uninitialized)
14:01:03.997 [main] DEBUG org.hibernate.engine.Collections - Collection found: [net.lojika.gtfs.model.Routes.routesCdkidCollection#istb.280410], was: [net.lojika.gtfs.model.Routes.routesCdkidCollection#istb.280410] (initialized)
14:01:03.997 [main] DEBUG org.hibernate.engine.Collections - Collection found: [net.lojika.gtfs.model.Routes.tripsList#istb.280410], was: [net.lojika.gtfs.model.Routes.tripsList#istb.280410] (uninitialized)
14:01:03.997 [main] DEBUG org.hibernate.engine.Collections - Collection found: [net.lojika.gtfs.model.Routes.routesCdkidCollection#istb.280409], was: [net.lojika.gtfs.model.Routes.routesCdkidCollection#istb.280409] (initialized)
14:01:03.997 [main] DEBUG org.hibernate.engine.Collections - Collection found: [net.lojika.gtfs.model.Routes.tripsList#istb.280409], was: [net.lojika.gtfs.model.Routes.tripsList#istb.280409] (uninitialized)
14:01:03.997 [main] DEBUG org.hibernate.engine.Collections - Collection found: [net.lojika.gtfs.model.Routes.routesCdkidCollection#istb.280408], was: [net.lojika.gtfs.model.Routes.routesCdkidCollection#istb.280408] (initialized)
14:01:03.997 [main] DEBUG org.hibernate.engine.Collections - Collection found: [net.lojika.gtfs.model.Routes.tripsList#istb.280408], was: [net.lojika.gtfs.model.Routes.tripsList#istb.280408] (uninitialized)
14:01:03.997 [main] DEBUG org.hibernate.engine.Collections - Collection found: [net.lojika.gtfs.model.Routes.routesCdkidCollection#istb.280407], was: [net.lojika.gtfs.model.Routes.routesCdkidCollection#istb.280407] (initialized)
14:01:03.997 [main] DEBUG org.hibernate.engine.Collections - Collection found: [net.lojika.gtfs.model.Routes.tripsList#istb.280407], was: [net.lojika.gtfs.model.Routes.tripsList#istb.280407] (uninitialized)
14:01:03.997 [main] DEBUG org.hibernate.engine.Collections - Collection found: [net.lojika.gtfs.model.Routes.routesCdkidCollection#istb.280406], was: [net.lojika.gtfs.model.Routes.routesCdkidCollection#istb.280406] (initialized)
14:01:03.997 [main] DEBUG org.hibernate.engine.Collections - Collection found: [net.lojika.gtfs.model.Routes.tripsList#istb.280406], was: [net.lojika.gtfs.model.Routes.tripsList#istb.280406] (uninitialized)
14:01:03.997 [main] DEBUG org.hibernate.engine.Collections - Collection found: [net.lojika.gtfs.model.Routes.routesCdkidCollection#istb.280404], was: [net.lojika.gtfs.model.Routes.routesCdkidCollection#istb.280404] (initialized)
14:01:03.997 [main] DEBUG org.hibernate.engine.Collections - Collection found: [net.lojika.gtfs.model.Routes.tripsList#istb.280404], was: [net.lojika.gtfs.model.Routes.tripsList#istb.280404] (uninitialized)
14:01:03.997 [main] DEBUG org.hibernate.engine.Collections - Collection found: [net.lojika.gtfs.model.Routes.routesCdkidCollection#istb.280403], was: [net.lojika.gtfs.model.Routes.routesCdkidCollection#istb.280403] (initialized)
14:01:03.997 [main] DEBUG org.hibernate.engine.Collections - Collection found: [net.lojika.gtfs.model.Routes.tripsList#istb.280403], was: [net.lojika.gtfs.model.Routes.tripsList#istb.280403] (uninitialized)
14:01:03.997 [main] DEBUG org.hibernate.engine.Collections - Collection found: [net.lojika.gtfs.model.Routes.routesCdkidCollection#istb.280402], was: [net.lojika.gtfs.model.Routes.routesCdkidCollection#istb.280402] (initialized)
14:01:03.997 [main] DEBUG org.hibernate.engine.Collections - Collection found: [net.lojika.gtfs.model.Routes.tripsList#istb.280402], was: [net.lojika.gtfs.model.Routes.tripsList#istb.280402] (uninitialized)
14:01:03.997 [main] DEBUG org.hibernate.engine.Collections - Collection found: [net.lojika.gtfs.model.Routes.routesCdkidCollection#istb.280401], was: [net.lojika.gtfs.model.Routes.routesCdkidCollection#istb.280401] (initialized)
14:01:03.998 [main] DEBUG org.hibernate.engine.Collections - Collection found: [net.lojika.gtfs.model.Routes.tripsList#istb.280401], was: [net.lojika.gtfs.model.Routes.tripsList#istb.280401] (uninitialized)
14:01:03.998 [main] DEBUG org.hibernate.engine.Collections - Collection found: [net.lojika.gtfs.model.Routes.routesCdkidCollection#istb.280400], was: [net.lojika.gtfs.model.Routes.routesCdkidCollection#istb.280400] (initialized)
14:01:03.998 [main] DEBUG org.hibernate.engine.Collections - Collection found: [net.lojika.gtfs.model.Routes.tripsList#istb.280400], was: [net.lojika.gtfs.model.Routes.tripsList#istb.280400] (uninitialized)
14:01:03.998 [main] DEBUG org.hibernate.engine.Collections - Collection found: [net.lojika.gtfs.model.Routes.routesCdkidCollection#istb.280399], was: [net.lojika.gtfs.model.Routes.routesCdkidCollection#istb.280399] (initialized)
14:01:03.998 [main] DEBUG org.hibernate.engine.Collections - Collection found: [net.lojika.gtfs.model.Routes.tripsList#istb.280399], was: [net.lojika.gtfs.model.Routes.tripsList#istb.280399] (uninitialized)
14:01:03.998 [main] DEBUG org.hibernate.engine.Collections - Collection found: [net.lojika.gtfs.model.Routes.routesCdkidCollection#istb.280398], was: [net.lojika.gtfs.model.Routes.routesCdkidCollection#istb.280398] (initialized)
14:01:03.998 [main] DEBUG org.hibernate.engine.Collections - Collection found: [net.lojika.gtfs.model.Routes.tripsList#istb.280398], was: [net.lojika.gtfs.model.Routes.tripsList#istb.280398] (uninitialized)
14:01:03.998 [main] DEBUG org.hibernate.engine.Collections - Collection found: [net.lojika.gtfs.model.Routes.routesCdkidCollection#istb.280397], was: [net.lojika.gtfs.model.Routes.routesCdkidCollection#istb.280397] (initialized)
14:01:03.998 [main] DEBUG org.hibernate.engine.Collections - Collection found: [net.lojika.gtfs.model.Routes.tripsList#istb.280397], was: [net.lojika.gtfs.model.Routes.tripsList#istb.280397] (uninitialized)
14:01:03.998 [main] DEBUG org.hibernate.engine.Collections - Collection found: [net.lojika.gtfs.model.Routes.routesCdkidCollection#istb.280395], was: [net.lojika.gtfs.model.Routes.routesCdkidCollection#istb.280395] (initialized)
14:01:03.998 [main] DEBUG org.hibernate.engine.Collections - Collection found: [net.lojika.gtfs.model.Routes.tripsList#istb.280395], was: [net.lojika.gtfs.model.Routes.tripsList#istb.280395] (uninitialized)
14:01:03.998 [main] DEBUG org.hibernate.engine.Collections - Collection found: [net.lojika.gtfs.model.Routes.routesCdkidCollection#istb.280394], was: [net.lojika.gtfs.model.Routes.routesCdkidCollection#istb.280394] (initialized)
14:01:03.998 [main] DEBUG org.hibernate.engine.Collections - Collection found: [net.lojika.gtfs.model.Routes.tripsList#istb.280394], was: [net.lojika.gtfs.model.Routes.tripsList#istb.280394] (uninitialized)
14:01:03.998 [main] DEBUG org.hibernate.engine.Collections - Collection found: [net.lojika.gtfs.model.Routes.routesCdkidCollection#istb.280393], was: [net.lojika.gtfs.model.Routes.routesCdkidCollection#istb.280393] (initialized)
14:01:03.998 [main] DEBUG org.hibernate.engine.Collections - Collection found: [net.lojika.gtfs.model.Routes.tripsList#istb.280393], was: [net.lojika.gtfs.model.Routes.tripsList#istb.280393] (uninitialized)
14:01:03.998 [main] DEBUG org.hibernate.engine.Collections - Collection found: [net.lojika.gtfs.model.Routes.routesCdkidCollection#istb.280392], was: [net.lojika.gtfs.model.Routes.routesCdkidCollection#istb.280392] (initialized)
14:01:03.998 [main] DEBUG org.hibernate.engine.Collections - Collection found: [net.lojika.gtfs.model.Routes.tripsList#istb.280392], was: [net.lojika.gtfs.model.Routes.tripsList#istb.280392] (uninitialized)
14:01:03.998 [main] DEBUG org.hibernate.engine.Collections - Collection found: [net.lojika.gtfs.model.Routes.routesCdkidCollection#istb.280391], was: [net.lojika.gtfs.model.Routes.routesCdkidCollection#istb.280391] (initialized)
14:01:03.998 [main] DEBUG org.hibernate.engine.Collections - Collection found: [net.lojika.gtfs.model.Routes.tripsList#istb.280391], was: [net.lojika.gtfs.model.Routes.tripsList#istb.280391] (uninitialized)
14:01:03.998 [main] DEBUG org.hibernate.engine.Collections - Collection found: [net.lojika.gtfs.model.Routes.routesCdkidCollection#istb.280390], was: [net.lojika.gtfs.model.Routes.routesCdkidCollection#istb.280390] (initialized)
14:01:03.998 [main] DEBUG org.hibernate.engine.Collections - Collection found: [net.lojika.gtfs.model.Routes.tripsList#istb.280390], was: [net.lojika.gtfs.model.Routes.tripsList#istb.280390] (uninitialized)
14:01:03.999 [main] DEBUG org.hibernate.engine.Collections - Collection found: [net.lojika.gtfs.model.Routes.routesCdkidCollection#istb.280389], was: [net.lojika.gtfs.model.Routes.routesCdkidCollection#istb.280389] (initialized)
14:01:03.999 [main] DEBUG org.hibernate.engine.Collections - Collection found: [net.lojika.gtfs.model.Routes.tripsList#istb.280389], was: [net.lojika.gtfs.model.Routes.tripsList#istb.280389] (uninitialized)
14:01:03.999 [main] DEBUG org.hibernate.engine.Collections - Collection found: [net.lojika.gtfs.model.Routes.routesCdkidCollection#istb.280388], was: [net.lojika.gtfs.model.Routes.routesCdkidCollection#istb.280388] (initialized)
14:01:03.999 [main] DEBUG org.hibernate.engine.Collections - Collection found: [net.lojika.gtfs.model.Routes.tripsList#istb.280388], was: [net.lojika.gtfs.model.Routes.tripsList#istb.280388] (uninitialized)
14:01:03.999 [main] DEBUG org.hibernate.engine.Collections - Collection found: [net.lojika.gtfs.model.Routes.routesCdkidCollection#istb.280387], was: [net.lojika.gtfs.model.Routes.routesCdkidCollection#istb.280387] (initialized)
14:01:03.999 [main] DEBUG org.hibernate.engine.Collections - Collection found: [net.lojika.gtfs.model.Routes.tripsList#istb.280387], was: [net.lojika.gtfs.model.Routes.tripsList#istb.280387] (uninitialized)
14:01:03.999 [main] DEBUG org.hibernate.engine.Collections - Collection found: [net.lojika.gtfs.model.Routes.routesCdkidCollection#istb.280386], was: [net.lojika.gtfs.model.Routes.routesCdkidCollection#istb.280386] (initialized)
14:01:03.999 [main] DEBUG org.hibernate.engine.Collections - Collection found: [net.lojika.gtfs.model.Routes.tripsList#istb.280386], was: [net.lojika.gtfs.model.Routes.tripsList#istb.280386] (uninitialized)
14:01:03.999 [main] DEBUG org.hibernate.engine.Collections - Collection found: [net.lojika.gtfs.model.Routes.routesCdkidCollection#istb.280385], was: [net.lojika.gtfs.model.Routes.routesCdkidCollection#istb.280385] (initialized)
14:01:03.999 [main] DEBUG org.hibernate.engine.Collections - Collection found: [net.lojika.gtfs.model.Routes.tripsList#istb.280385], was: [net.lojika.gtfs.model.Routes.tripsList#istb.280385] (uninitialized)
14:01:03.999 [main] DEBUG org.hibernate.engine.Collections - Collection found: [net.lojika.gtfs.model.Routes.routesCdkidCollection#istb.280384], was: [net.lojika.gtfs.model.Routes.routesCdkidCollection#istb.280384] (initialized)
14:01:03.999 [main] DEBUG org.hibernate.engine.Collections - Collection found: [net.lojika.gtfs.model.Routes.tripsList#istb.280384], was: [net.lojika.gtfs.model.Routes.tripsList#istb.280384] (uninitialized)
14:01:03.999 [main] DEBUG org.hibernate.engine.Collections - Collection found: [net.lojika.gtfs.model.Routes.routesCdkidCollection#istb.280383], was: [net.lojika.gtfs.model.Routes.routesCdkidCollection#istb.280383] (initialized)
14:01:03.999 [main] DEBUG org.hibernate.engine.Collections - Collection found: [net.lojika.gtfs.model.Routes.tripsList#istb.280383], was: [net.lojika.gtfs.model.Routes.tripsList#istb.280383] (uninitialized)
14:01:03.999 [main] DEBUG org.hibernate.engine.Collections - Collection found: [net.lojika.gtfs.model.Routes.routesCdkidCollection#istb.280382], was: [net.lojika.gtfs.model.Routes.routesCdkidCollection#istb.280382] (initialized)
14:01:03.999 [main] DEBUG org.hibernate.engine.Collections - Collection found: [net.lojika.gtfs.model.Routes.tripsList#istb.280382], was: [net.lojika.gtfs.model.Routes.tripsList#istb.280382] (uninitialized)
14:01:03.999 [main] DEBUG org.hibernate.engine.Collections - Collection found: [net.lojika.gtfs.model.Routes.routesCdkidCollection#istb.280380], was: [net.lojika.gtfs.model.Routes.routesCdkidCollection#istb.280380] (initialized)
14:01:03.999 [main] DEBUG org.hibernate.engine.Collections - Collection found: [net.lojika.gtfs.model.Routes.tripsList#istb.280380], was: [net.lojika.gtfs.model.Routes.tripsList#istb.280380] (uninitialized)
14:01:03.999 [main] DEBUG org.hibernate.engine.Collections - Collection found: [net.lojika.gtfs.model.Routes.routesCdkidCollection#istb.280379], was: [net.lojika.gtfs.model.Routes.routesCdkidCollection#istb.280379] (initialized)
14:01:03.999 [main] DEBUG org.hibernate.engine.Collections - Collection found: [net.lojika.gtfs.model.Routes.tripsList#istb.280379], was: [net.lojika.gtfs.model.Routes.tripsList#istb.280379] (uninitialized)
14:01:04.000 [main] DEBUG org.hibernate.engine.Collections - Collection found: [net.lojika.gtfs.model.Routes.routesCdkidCollection#istb.280377], was: [net.lojika.gtfs.model.Routes.routesCdkidCollection#istb.280377] (initialized)
14:01:04.000 [main] DEBUG org.hibernate.engine.Collections - Collection found: [net.lojika.gtfs.model.Routes.tripsList#istb.280377], was: [net.lojika.gtfs.model.Routes.tripsList#istb.280377] (uninitialized)
14:01:04.000 [main] DEBUG org.hibernate.engine.Collections - Collection found: [net.lojika.gtfs.model.Routes.routesCdkidCollection#istb.280376], was: [net.lojika.gtfs.model.Routes.routesCdkidCollection#istb.280376] (initialized)
14:01:04.000 [main] DEBUG org.hibernate.engine.Collections - Collection found: [net.lojika.gtfs.model.Routes.tripsList#istb.280376], was: [net.lojika.gtfs.model.Routes.tripsList#istb.280376] (uninitialized)
14:01:04.000 [main] DEBUG org.hibernate.engine.Collections - Collection found: [net.lojika.gtfs.model.Routes.routesCdkidCollection#istb.280375], was: [net.lojika.gtfs.model.Routes.routesCdkidCollection#istb.280375] (initialized)
14:01:04.000 [main] DEBUG org.hibernate.engine.Collections - Collection found: [net.lojika.gtfs.model.Routes.tripsList#istb.280375], was: [net.lojika.gtfs.model.Routes.tripsList#istb.280375] (uninitialized)
14:01:04.000 [main] DEBUG org.hibernate.engine.Collections - Collection found: [net.lojika.gtfs.model.Routes.routesCdkidCollection#istb.280355], was: [net.lojika.gtfs.model.Routes.routesCdkidCollection#istb.280355] (initialized)
14:01:04.000 [main] DEBUG org.hibernate.engine.Collections - Collection found: [net.lojika.gtfs.model.Routes.tripsList#istb.280355], was: [net.lojika.gtfs.model.Routes.tripsList#istb.280355] (uninitialized)
14:01:04.000 [main] DEBUG org.hibernate.engine.Collections - Collection found: [net.lojika.gtfs.model.Routes.routesCdkidCollection#istb.280351], was: [net.lojika.gtfs.model.Routes.routesCdkidCollection#istb.280351] (initialized)
14:01:04.000 [main] DEBUG org.hibernate.engine.Collections - Collection found: [net.lojika.gtfs.model.Routes.tripsList#istb.280351], was: [net.lojika.gtfs.model.Routes.tripsList#istb.280351] (uninitialized)
14:01:04.000 [main] DEBUG org.hibernate.engine.Collections - Collection found: [net.lojika.gtfs.model.Routes.routesCdkidCollection#istb.5157], was: [net.lojika.gtfs.model.Routes.routesCdkidCollection#istb.5157] (initialized)
14:01:04.000 [main] DEBUG org.hibernate.engine.Collections - Collection found: [net.lojika.gtfs.model.Routes.tripsList#istb.5157], was: [net.lojika.gtfs.model.Routes.tripsList#istb.5157] (uninitialized)
14:01:04.000 [main] DEBUG org.hibernate.engine.Collections - Collection found: [net.lojika.gtfs.model.Routes.routesCdkidCollection#istb.5140], was: [net.lojika.gtfs.model.Routes.routesCdkidCollection#istb.5140] (initialized)
14:01:04.000 [main] DEBUG org.hibernate.engine.Collections - Collection found: [net.lojika.gtfs.model.Routes.tripsList#istb.5140], was: [net.lojika.gtfs.model.Routes.tripsList#istb.5140] (uninitialized)
14:01:04.000 [main] DEBUG org.hibernate.engine.Collections - Collection found: [net.lojika.gtfs.model.Routes.routesCdkidCollection#istb.5110], was: [net.lojika.gtfs.model.Routes.routesCdkidCollection#istb.5110] (initialized)
14:01:04.000 [main] DEBUG org.hibernate.engine.Collections - Collection found: [net.lojika.gtfs.model.Routes.tripsList#istb.5110], was: [net.lojika.gtfs.model.Routes.tripsList#istb.5110] (uninitialized)
14:01:04.000 [main] DEBUG org.hibernate.engine.Collections - Collection found: [net.lojika.gtfs.model.Routes.routesCdkidCollection#istb.280750], was: [net.lojika.gtfs.model.Routes.routesCdkidCollection#istb.280750] (initialized)
14:01:04.000 [main] DEBUG org.hibernate.engine.Collections - Collection found: [net.lojika.gtfs.model.Routes.tripsList#istb.280750], was: [net.lojika.gtfs.model.Routes.tripsList#istb.280750] (uninitialized)
14:01:04.000 [main] DEBUG org.hibernate.engine.Collections - Collection found: [net.lojika.gtfs.model.Routes.routesCdkidCollection#istb.280727], was: [net.lojika.gtfs.model.Routes.routesCdkidCollection#istb.280727] (initialized)
14:01:04.000 [main] DEBUG org.hibernate.engine.Collections - Collection found: [net.lojika.gtfs.model.Routes.tripsList#istb.280727], was: [net.lojika.gtfs.model.Routes.tripsList#istb.280727] (uninitialized)
14:01:04.001 [main] DEBUG org.hibernate.engine.Collections - Collection found: [net.lojika.gtfs.model.Routes.routesCdkidCollection#istb.280706], was: [net.lojika.gtfs.model.Routes.routesCdkidCollection#istb.280706] (initialized)
14:01:04.001 [main] DEBUG org.hibernate.engine.Collections - Collection found: [net.lojika.gtfs.model.Routes.tripsList#istb.280706], was: [net.lojika.gtfs.model.Routes.tripsList#istb.280706] (uninitialized)
14:01:04.001 [main] DEBUG org.hibernate.engine.Collections - Collection found: [net.lojika.gtfs.model.Routes.routesCdkidCollection#istb.280663], was: [net.lojika.gtfs.model.Routes.routesCdkidCollection#istb.280663] (initialized)
14:01:04.001 [main] DEBUG org.hibernate.engine.Collections - Collection found: [net.lojika.gtfs.model.Routes.tripsList#istb.280663], was: [net.lojika.gtfs.model.Routes.tripsList#istb.280663] (uninitialized)
14:01:04.001 [main] DEBUG org.hibernate.engine.Collections - Collection found: [net.lojika.gtfs.model.Routes.routesCdkidCollection#istb.280565], was: [net.lojika.gtfs.model.Routes.routesCdkidCollection#istb.280565] (initialized)
14:01:04.001 [main] DEBUG org.hibernate.engine.Collections - Collection found: [net.lojika.gtfs.model.Routes.tripsList#istb.280565], was: [net.lojika.gtfs.model.Routes.tripsList#istb.280565] (uninitialized)
14:01:04.001 [main] DEBUG org.hibernate.engine.Collections - Collection found: [net.lojika.gtfs.model.Routes.routesCdkidCollection#istb.280436], was: [net.lojika.gtfs.model.Routes.routesCdkidCollection#istb.280436] (initialized)
14:01:04.001 [main] DEBUG org.hibernate.engine.Collections - Collection found: [net.lojika.gtfs.model.Routes.tripsList#istb.280436], was: [net.lojika.gtfs.model.Routes.tripsList#istb.280436] (uninitialized)
14:01:04.001 [main] DEBUG org.hibernate.engine.Collections - Collection found: [net.lojika.gtfs.model.Routes.routesCdkidCollection#istb.280352], was: [net.lojika.gtfs.model.Routes.routesCdkidCollection#istb.280352] (initialized)
14:01:04.001 [main] DEBUG org.hibernate.engine.Collections - Collection found: [net.lojika.gtfs.model.Routes.tripsList#istb.280352], was: [net.lojika.gtfs.model.Routes.tripsList#istb.280352] (uninitialized)
14:01:04.003 [main] DEBUG o.h.e.d.AbstractFlushingEventListener - Flushed: 0 insertions, 0 updates, 0 deletions to 1412 objects
14:01:04.003 [main] DEBUG o.h.e.d.AbstractFlushingEventListener - Flushed: 0 (re)creations, 0 updates, 0 removals to 994 collections
14:01:04.004 [main] DEBUG org.hibernate.pretty.Printer - listing entities:
14:01:04.004 [main] DEBUG org.hibernate.pretty.Printer - net.lojika.gtfs.model.RoutesCdkid{routeCdkId=gtfs.line.2.m4-0, routeId=net.lojika.gtfs.model.Routes#istb.2004}
14:01:04.004 [main] DEBUG org.hibernate.pretty.Printer - net.lojika.gtfs.model.RoutesCdkid{routeCdkId=gtfs.line.2.m4-1, routeId=net.lojika.gtfs.model.Routes#istb.2004}
14:01:04.004 [main] DEBUG org.hibernate.pretty.Printer - net.lojika.gtfs.model.RoutesCdkid{routeCdkId=gtfs.line.1.403-1, routeId=net.lojika.gtfs.model.Routes#istb.280535}
14:01:04.004 [main] DEBUG org.hibernate.pretty.Printer - net.lojika.gtfs.model.Routes{routesCdkidCollection=[net.lojika.gtfs.model.RoutesCdkid#gtfs.line.1.9-1, net.lojika.gtfs.model.RoutesCdkid#gtfs.line.1.9-0], routeType=3, routeLongName=Ş.ŞAHİNBEY MAH-ÜSKÜDAR, routeShortName=9Ş, routeId=istb.280770, tripsList=&lt;uninitialized&gt;}
14:01:04.004 [main] DEBUG org.hibernate.pretty.Printer - net.lojika.gtfs.model.RoutesCdkid{routeCdkId=gtfs.line.1.15f-0, routeId=net.lojika.gtfs.model.Routes#istb.280351}
14:01:04.004 [main] DEBUG org.hibernate.pretty.Printer - net.lojika.gtfs.model.RoutesCdkid{routeCdkId=gtfs.line.1.403-0, routeId=net.lojika.gtfs.model.Routes#istb.280535}
14:01:04.004 [main] DEBUG org.hibernate.pretty.Printer - net.lojika.gtfs.model.RoutesCdkid{routeCdkId=gtfs.line.1.15f-1, routeId=net.lojika.gtfs.model.Routes#istb.280351}
14:01:04.004 [main] DEBUG org.hibernate.pretty.Printer - net.lojika.gtfs.model.Routes{routesCdkidCollection=[net.lojika.gtfs.model.RoutesCdkid#gtfs.line.1.15p-1, net.lojika.gtfs.model.RoutesCdkid#gtfs.line.1.15p-0], routeType=3, routeLongName=ÜSKÜDAR-SOĞUKSU MAHALLESİ, routeShortName=15P, routeId=istb.280357, tripsList=&lt;uninitialized&gt;}
14:01:04.005 [main] DEBUG org.hibernate.pretty.Printer - net.lojika.gtfs.model.Routes{routesCdkidCollection=[net.lojika.gtfs.model.RoutesCdkid#gtfs.line.1.15r-1, net.lojika.gtfs.model.RoutesCdkid#gtfs.line.1.15r-0], routeType=3, routeLongName=RASATHANE-ÜSKÜDAR, routeShortName=15R, routeId=istb.280358, tripsList=&lt;uninitialized&gt;}
14:01:04.005 [main] DEBUG org.hibernate.pretty.Printer - net.lojika.gtfs.model.Routes{routesCdkidCollection=[net.lojika.gtfs.model.RoutesCdkid#gtfs.line.1.15s-1, net.lojika.gtfs.model.RoutesCdkid#gtfs.line.1.15s-0], routeType=3, routeLongName=SULTANMURAT MAH.-ÜSKÜDAR, routeShortName=15S, routeId=istb.280359, tripsList=&lt;uninitialized&gt;}
14:01:04.005 [main] DEBUG org.hibernate.pretty.Printer - net.lojika.gtfs.model.RoutesCdkid{routeCdkId=gtfs.line.1.13ab-0, routeId=net.lojika.gtfs.model.Routes#istb.280298}
14:01:04.005 [main] DEBUG org.hibernate.pretty.Printer - net.lojika.gtfs.model.RoutesCdkid{routeCdkId=gtfs.line.1.92c-1, routeId=net.lojika.gtfs.model.Routes#istb.280728}
14:01:04.005 [main] DEBUG org.hibernate.pretty.Printer - net.lojika.gtfs.model.RoutesCdkid{routeCdkId=gtfs.line.1.92c-0, routeId=net.lojika.gtfs.model.Routes#istb.280728}
14:01:04.005 [main] DEBUG org.hibernate.pretty.Printer - net.lojika.gtfs.model.RoutesCdkid{routeCdkId=gtfs.line.1.13ab-1, routeId=net.lojika.gtfs.model.Routes#istb.280298}
14:01:04.005 [main] DEBUG org.hibernate.pretty.Printer - net.lojika.gtfs.model.Routes{routesCdkidCollection=[net.lojika.gtfs.model.RoutesCdkid#gtfs.line.1.15ty-1, net.lojika.gtfs.model.RoutesCdkid#gtfs.line.1.15ty-0], routeType=3, routeLongName=ORTAÇEŞME-HEKİMBAŞI, routeShortName=15TY, routeId=istb.280361, tripsList=&lt;uninitialized&gt;}
14:01:04.005 [main] DEBUG org.hibernate.pretty.Printer - net.lojika.gtfs.model.Routes{routesCdkidCollection=[net.lojika.gtfs.model.RoutesCdkid#gtfs.line.1.15y-0], routeType=3, routeLongName=YENİ MAHALLE-ÜSKÜDAR, routeShortName=15Y, routeId=istb.280363, tripsList=&lt;uninitialized&gt;}
14:01:04.005 [main] DEBUG org.hibernate.pretty.Printer - net.lojika.gtfs.model.Routes{routesCdkidCollection=[net.lojika.gtfs.model.RoutesCdkid#gtfs.line.1.15u-1, net.lojika.gtfs.model.RoutesCdkid#gtfs.line.1.15u-0], routeType=3, routeLongName=ÜSKÜDAR-TUFAN MAHALLESİ, routeShortName=15U, routeId=istb.280362, tripsList=&lt;uninitialized&gt;}
14:01:04.005 [main] DEBUG org.hibernate.pretty.Printer - net.lojika.gtfs.model.Routes{routesCdkidCollection=[net.lojika.gtfs.model.RoutesCdkid#gtfs.line.1.15k-1, net.lojika.gtfs.model.RoutesCdkid#gtfs.line.1.15k-0], routeType=3, routeLongName=GÜZELTEPE-KADIKÖY, routeShortName=15ÇK, routeId=istb.280365, tripsList=&lt;uninitialized&gt;}
14:01:04.005 [main] DEBUG org.hibernate.pretty.Printer - net.lojika.gtfs.model.RoutesCdkid{routeCdkId=gtfs.line.2.m2-1, routeId=net.lojika.gtfs.model.Routes#istb.2002}
14:01:04.005 [main] DEBUG org.hibernate.pretty.Printer - net.lojika.gtfs.model.Routes{routesCdkidCollection=[net.lojika.gtfs.model.RoutesCdkid#gtfs.line.1.16-1, net.lojika.gtfs.model.RoutesCdkid#gtfs.line.1.16-0], routeType=3, routeLongName=KADIKÖY-PENDİK, routeShortName=16, routeId=istb.280367, tripsList=&lt;uninitialized&gt;}
14:01:04.005 [main] DEBUG org.hibernate.pretty.Printer - net.lojika.gtfs.model.RoutesCdkid{routeCdkId=gtfs.line.1.35d-1, routeId=net.lojika.gtfs.model.Routes#istb.280488}
14:01:04.005 [main] DEBUG org.hibernate.pretty.Printer - more......
14:01:04.008 [main] DEBUG o.h.transaction.JDBCTransaction - re-enabling autocommit
14:01:04.008 [main] DEBUG o.h.transaction.JDBCTransaction - committed JDBC Connection
14:01:04.008 [main] DEBUG org.hibernate.jdbc.ConnectionManager - transaction completed on session with on_close connection release mode; be sure to close the session to release JDBC resources!
14:01:04.009 [main] DEBUG o.s.o.h.HibernateTransactionManager - Closing Hibernate Session [org.hibernate.impl.SessionImpl@3c7c3041] after transaction
14:01:04.009 [main] DEBUG o.s.o.hibernate3.SessionFactoryUtils - Closing Hibernate Session
14:01:04.009 [main] DEBUG org.hibernate.jdbc.ConnectionManager - releasing JDBC connection [ (open PreparedStatements: 0, globally: 0) (open ResultSets: 0, globally: 0)]
14:01:04.010 [main] DEBUG org.hibernate.jdbc.ConnectionManager - transaction completed on session with on_close connection release mode; be sure to close the session to release JDBC resources!
14:01:04.634 [main] DEBUG o.s.t.a.AnnotationTransactionAttributeSource - Adding transactional method &apos;saveOrUpdate&apos; with attribute: PROPAGATION_REQUIRED,ISOLATION_DEFAULT; &apos;&apos;
14:01:04.634 [main] DEBUG o.s.b.f.s.DefaultListableBeanFactory - Returning cached instance of singleton bean &apos;transactionManager&apos;
14:01:04.634 [main] DEBUG o.s.o.h.HibernateTransactionManager - Creating new transaction with name [net.lojika.gtfs.dao.impl.TripLineDaoImpl.saveOrUpdate]: PROPAGATION_REQUIRED,ISOLATION_DEFAULT; &apos;&apos;
14:01:04.634 [main] DEBUG org.hibernate.impl.SessionImpl - opened session at timestamp: 14079276646
14:01:04.634 [main] DEBUG o.s.o.h.HibernateTransactionManager - Opened new Session [org.hibernate.impl.SessionImpl@30eca79e] for Hibernate transaction
14:01:04.634 [main] DEBUG o.s.o.h.HibernateTransactionManager - Preparing JDBC Connection of Hibernate Session [org.hibernate.impl.SessionImpl@30eca79e]
14:01:04.635 [main] DEBUG o.h.transaction.JDBCTransaction - begin
14:01:04.635 [main] DEBUG org.hibernate.jdbc.ConnectionManager - opening JDBC connection
14:01:04.635 [main] DEBUG o.s.j.d.DriverManagerDataSource - Creating new JDBC DriverManager Connection to [jdbc:postgresql://localhost:5432/gtfs]
14:01:04.637 [main] DEBUG o.h.transaction.JDBCTransaction - current autocommit status: true
14:01:04.637 [main] DEBUG o.h.transaction.JDBCTransaction - disabling autocommit
14:01:04.637 [main] DEBUG o.s.o.h.HibernateTransactionManager - Exposing Hibernate transaction as JDBC transaction [org.postgresql.jdbc4.Jdbc4Connection@f08f2a]
14:01:04.639 [main] DEBUG org.hibernate.jdbc.AbstractBatcher - about to open PreparedStatement (open PreparedStatements: 0, globally: 0)
14:01:04.639 [main] DEBUG org.hibernate.SQL - select routescdki_.route_cdk_id, routescdki_.route_id as route2_3_ from public.routes_cdkid routescdki_ where routescdki_.route_cdk_id=?
Hibernate: select routescdki_.route_cdk_id, routescdki_.route_id as route2_3_ from public.routes_cdkid routescdki_ where routescdki_.route_cdk_id=?
14:01:04.640 [main] DEBUG org.hibernate.jdbc.AbstractBatcher - about to close PreparedStatement (open PreparedStatements: 1, globally: 1)
14:01:04.640 [main] DEBUG org.hibernate.jdbc.AbstractBatcher - about to open PreparedStatement (open PreparedStatements: 0, globally: 0)
14:01:04.640 [main] DEBUG org.hibernate.SQL - select trips_.trip_id, trips_.route_id as route3_4_, trips_.service_id as service2_4_ from public.trips trips_ where trips_.trip_id=?
Hibernate: select trips_.trip_id, trips_.route_id as route3_4_, trips_.service_id as service2_4_ from public.trips trips_ where trips_.trip_id=?
14:01:04.640 [main] DEBUG org.hibernate.jdbc.AbstractBatcher - about to close PreparedStatement (open PreparedStatements: 1, globally: 1)
14:01:04.642 [main] DEBUG o.h.e.def.AbstractSaveEventListener - executing identity-insert immediately
14:01:04.646 [main] DEBUG org.hibernate.jdbc.AbstractBatcher - about to open PreparedStatement (open PreparedStatements: 0, globally: 0)
14:01:04.646 [main] DEBUG org.hibernate.SQL - insert into public.trip_line (line_cdk_id, trip_id) values (?, ?)
Hibernate: insert into public.trip_line (line_cdk_id, trip_id) values (?, ?)
14:01:04.647 [main] DEBUG org.hibernate.jdbc.AbstractBatcher - about to close PreparedStatement (open PreparedStatements: 1, globally: 1)
14:01:04.651 [main] DEBUG o.h.util.JDBCExceptionReporter - could not insert: [net.lojika.gtfs.model.TripLine] [insert into public.trip_line (line_cdk_id, trip_id) values (?, ?)]
org.postgresql.util.PSQLException: ERROR: null value in column &quot;trip_id&quot; violates not-null constraint
  Detail: Failing row contains (null, gtfs.line.5.bosada-1, null).
	at org.postgresql.core.v3.QueryExecutorImpl.receiveErrorResponse(QueryExecutorImpl.java:2102) ~[postgresql-9.1-901.jdbc4.jar:na]
	at org.postgresql.core.v3.QueryExecutorImpl.processResults(QueryExecutorImpl.java:1835) ~[postgresql-9.1-901.jdbc4.jar:na]
	at org.postgresql.core.v3.QueryExecutorImpl.execute(QueryExecutorImpl.java:257) ~[postgresql-9.1-901.jdbc4.jar:na]
	at org.postgresql.jdbc2.AbstractJdbc2Statement.execute(AbstractJdbc2Statement.java:500) ~[postgresql-9.1-901.jdbc4.jar:na]
	at org.postgresql.jdbc2.AbstractJdbc2Statement.executeWithFlags(AbstractJdbc2Statement.java:388) ~[postgresql-9.1-901.jdbc4.jar:na]
	at org.postgresql.jdbc2.AbstractJdbc2Statement.executeUpdate(AbstractJdbc2Statement.java:334) ~[postgresql-9.1-901.jdbc4.jar:na]
	at org.hibernate.id.IdentityGenerator$GetGeneratedKeysDelegate.executeAndExtract(IdentityGenerator.java:94) ~[hibernate-core-3.6.6.Final.jar:3.6.6.Final]
	at org.hibernate.id.insert.AbstractReturningDelegate.performInsert(AbstractReturningDelegate.java:57) ~[hibernate-core-3.6.6.Final.jar:3.6.6.Final]
	at org.hibernate.persister.entity.AbstractEntityPersister.insert(AbstractEntityPersister.java:2345) [hibernate-core-3.6.6.Final.jar:3.6.6.Final]
	at org.hibernate.persister.entity.AbstractEntityPersister.insert(AbstractEntityPersister.java:2852) [hibernate-core-3.6.6.Final.jar:3.6.6.Final]
	at org.hibernate.action.EntityIdentityInsertAction.execute(EntityIdentityInsertAction.java:71) [hibernate-core-3.6.6.Final.jar:3.6.6.Final]
	at org.hibernate.engine.ActionQueue.execute(ActionQueue.java:273) [hibernate-core-3.6.6.Final.jar:3.6.6.Final]
	at org.hibernate.event.def.AbstractSaveEventListener.performSaveOrReplicate(AbstractSaveEventListener.java:320) [hibernate-core-3.6.6.Final.jar:3.6.6.Final]
	at org.hibernate.event.def.AbstractSaveEventListener.performSave(AbstractSaveEventListener.java:203) [hibernate-core-3.6.6.Final.jar:3.6.6.Final]
	at org.hibernate.event.def.AbstractSaveEventListener.saveWithGeneratedId(AbstractSaveEventListener.java:129) [hibernate-core-3.6.6.Final.jar:3.6.6.Final]
	at org.hibernate.event.def.DefaultSaveOrUpdateEventListener.saveWithGeneratedOrRequestedId(DefaultSaveOrUpdateEventListener.java:210) [hibernate-core-3.6.6.Final.jar:3.6.6.Final]
	at org.hibernate.event.def.DefaultSaveOrUpdateEventListener.entityIsTransient(DefaultSaveOrUpdateEventListener.java:195) [hibernate-core-3.6.6.Final.jar:3.6.6.Final]
	at org.hibernate.event.def.DefaultSaveOrUpdateEventListener.performSaveOrUpdate(DefaultSaveOrUpdateEventListener.java:117) [hibernate-core-3.6.6.Final.jar:3.6.6.Final]
	at org.hibernate.event.def.DefaultSaveOrUpdateEventListener.onSaveOrUpdate(DefaultSaveOrUpdateEventListener.java:93) [hibernate-core-3.6.6.Final.jar:3.6.6.Final]
	at org.hibernate.impl.SessionImpl.fireSaveOrUpdate(SessionImpl.java:685) [hibernate-core-3.6.6.Final.jar:3.6.6.Final]
	at org.hibernate.impl.SessionImpl.saveOrUpdate(SessionImpl.java:677) [hibernate-core-3.6.6.Final.jar:3.6.6.Final]
	at org.hibernate.impl.SessionImpl.saveOrUpdate(SessionImpl.java:673) [hibernate-core-3.6.6.Final.jar:3.6.6.Final]
	at net.lojika.gtfs.dao.impl.HibernateGenericDaoImpl.saveOrUpdate(HibernateGenericDaoImpl.java:48) [classes/:na]
	at sun.reflect.NativeMethodAccessorImpl.invoke0(Native Method) ~[na:1.7.0_51]
	at sun.reflect.NativeMethodAccessorImpl.invoke(NativeMethodAccessorImpl.java:57) ~[na:1.7.0_51]
	at sun.reflect.DelegatingMethodAccessorImpl.invoke(DelegatingMethodAccessorImpl.java:43) ~[na:1.7.0_51]
	at java.lang.reflect.Method.invoke(Method.java:606) ~[na:1.7.0_51]
	at org.springframework.aop.support.AopUtils.invokeJoinpointUsingReflection(AopUtils.java:317) [spring-aop-3.2.2.RELEASE.jar:3.2.2.RELEASE]
	at org.springframework.aop.framework.ReflectiveMethodInvocation.invokeJoinpoint(ReflectiveMethodInvocation.java:183) [spring-aop-3.2.2.RELEASE.jar:3.2.2.RELEASE]
	at org.springframework.aop.framework.ReflectiveMethodInvocation.proceed(ReflectiveMethodInvocation.java:150) [spring-aop-3.2.2.RELEASE.jar:3.2.2.RELEASE]
	at org.springframework.transaction.interceptor.TransactionInterceptor$1.proceedWithInvocation(TransactionInterceptor.java:96) [spring-tx-3.2.2.RELEASE.jar:3.2.2.RELEASE]
	at org.springframework.transaction.interceptor.TransactionAspectSupport.invokeWithinTransaction(TransactionAspectSupport.java:260) [spring-tx-3.2.2.RELEASE.jar:3.2.2.RELEASE]
	at org.springframework.transaction.interceptor.TransactionInterceptor.invoke(TransactionInterceptor.java:94) [spring-tx-3.2.2.RELEASE.jar:3.2.2.RELEASE]
	at org.springframework.aop.framework.ReflectiveMethodInvocation.proceed(ReflectiveMethodInvocation.java:172) [spring-aop-3.2.2.RELEASE.jar:3.2.2.RELEASE]
	at org.springframework.aop.framework.JdkDynamicAopProxy.invoke(JdkDynamicAopProxy.java:204) [spring-aop-3.2.2.RELEASE.jar:3.2.2.RELEASE]
	at com.sun.proxy.$Proxy33.saveOrUpdate(Unknown Source) [na:na]
	at net.lojika.gtfs.service.TripBuilder.build(TripBuilder.java:77) [classes/:na]
	at net.lojika.gtfs.service.TripsDaoImplTest.fetchStopsAndPersist(TripsDaoImplTest.java:65) [test-classes/:na]
	at sun.reflect.NativeMethodAccessorImpl.invoke0(Native Method) ~[na:1.7.0_51]
	at sun.reflect.NativeMethodAccessorImpl.invoke(NativeMethodAccessorImpl.java:57) ~[na:1.7.0_51]
	at sun.reflect.DelegatingMethodAccessorImpl.invoke(DelegatingMethodAccessorImpl.java:43) ~[na:1.7.0_51]
	at java.lang.reflect.Method.invoke(Method.java:606) ~[na:1.7.0_51]
	at org.junit.runners.model.FrameworkMethod$1.runReflectiveCall(FrameworkMethod.java:44) [junit-4.8.1.jar:na]
	at org.junit.internal.runners.model.ReflectiveCallable.run(ReflectiveCallable.java:15) [junit-4.8.1.jar:na]
	at org.junit.runners.model.FrameworkMethod.invokeExplosively(FrameworkMethod.java:41) [junit-4.8.1.jar:na]
	at org.junit.internal.runners.statements.InvokeMethod.evaluate(InvokeMethod.java:20) [junit-4.8.1.jar:na]
	at org.junit.internal.runners.statements.RunBefores.evaluate(RunBefores.java:28) [junit-4.8.1.jar:na]
	at org.springframework.test.context.junit4.statements.RunBeforeTestMethodCallbacks.evaluate(RunBeforeTestMethodCallbacks.java:74) [spring-test-3.2.2.RELEASE.jar:3.2.2.RELEASE]
	at org.junit.internal.runners.statements.RunAfters.evaluate(RunAfters.java:31) [junit-4.8.1.jar:na]
	at org.springframework.test.context.junit4.statements.RunAfterTestMethodCallbacks.evaluate(RunAfterTestMethodCallbacks.java:83) [spring-test-3.2.2.RELEASE.jar:3.2.2.RELEASE]
	at org.springframework.test.context.junit4.statements.SpringRepeat.evaluate(SpringRepeat.java:72) [spring-test-3.2.2.RELEASE.jar:3.2.2.RELEASE]
	at org.springframework.test.context.junit4.SpringJUnit4ClassRunner.runChild(SpringJUnit4ClassRunner.java:231) [spring-test-3.2.2.RELEASE.jar:3.2.2.RELEASE]
	at org.springframework.test.context.junit4.SpringJUnit4ClassRunner.runChild(SpringJUnit4ClassRunner.java:88) [spring-test-3.2.2.RELEASE.jar:3.2.2.RELEASE]
	at org.junit.runners.ParentRunner$3.run(ParentRunner.java:193) [junit-4.8.1.jar:na]
	at org.junit.runners.ParentRunner$1.schedule(ParentRunner.java:52) [junit-4.8.1.jar:na]
	at org.junit.runners.ParentRunner.runChildren(ParentRunner.java:191) [junit-4.8.1.jar:na]
	at org.junit.runners.ParentRunner.access$000(ParentRunner.java:42) [junit-4.8.1.jar:na]
	at org.junit.runners.ParentRunner$2.evaluate(ParentRunner.java:184) [junit-4.8.1.jar:na]
	at org.junit.internal.runners.statements.RunBefores.evaluate(RunBefores.java:28) [junit-4.8.1.jar:na]
	at org.springframework.test.context.junit4.statements.RunBeforeTestClassCallbacks.evaluate(RunBeforeTestClassCallbacks.java:61) [spring-test-3.2.2.RELEASE.jar:3.2.2.RELEASE]
	at org.junit.internal.runners.statements.RunAfters.evaluate(RunAfters.java:31) [junit-4.8.1.jar:na]
	at org.springframework.test.context.junit4.statements.RunAfterTestClassCallbacks.evaluate(RunAfterTestClassCallbacks.java:71) [spring-test-3.2.2.RELEASE.jar:3.2.2.RELEASE]
	at org.junit.runners.ParentRunner.run(ParentRunner.java:236) [junit-4.8.1.jar:na]
	at org.springframework.test.context.junit4.SpringJUnit4ClassRunner.run(SpringJUnit4ClassRunner.java:174) [spring-test-3.2.2.RELEASE.jar:3.2.2.RELEASE]
	at org.apache.maven.surefire.junit4.JUnit4Provider.execute(JUnit4Provider.java:252) [surefire-junit4-2.12.4.jar:2.12.4]
	at org.apache.maven.surefire.junit4.JUnit4Provider.executeTestSet(JUnit4Provider.java:141) [surefire-junit4-2.12.4.jar:2.12.4]
	at org.apache.maven.surefire.junit4.JUnit4Provider.invoke(JUnit4Provider.java:112) [surefire-junit4-2.12.4.jar:2.12.4]
	at sun.reflect.NativeMethodAccessorImpl.invoke0(Native Method) ~[na:1.7.0_51]
	at sun.reflect.NativeMethodAccessorImpl.invoke(NativeMethodAccessorImpl.java:57) ~[na:1.7.0_51]
	at sun.reflect.DelegatingMethodAccessorImpl.invoke(DelegatingMethodAccessorImpl.java:43) ~[na:1.7.0_51]
	at java.lang.reflect.Method.invoke(Method.java:606) ~[na:1.7.0_51]
	at org.apache.maven.surefire.util.ReflectionUtils.invokeMethodWithArray(ReflectionUtils.java:189) [surefire-api-2.12.4.jar:2.12.4]
	at org.apache.maven.surefire.booter.ProviderFactory$ProviderProxy.invoke(ProviderFactory.java:165) [surefire-booter-2.12.4.jar:2.12.4]
	at org.apache.maven.surefire.booter.ProviderFactory.invokeProvider(ProviderFactory.java:85) [surefire-booter-2.12.4.jar:2.12.4]
	at org.apache.maven.surefire.booter.ForkedBooter.runSuitesInProcess(ForkedBooter.java:115) [surefire-booter-2.12.4.jar:2.12.4]
	at org.apache.maven.surefire.booter.ForkedBooter.main(ForkedBooter.java:75) [surefire-booter-2.12.4.jar:2.12.4]
14:01:04.651 [main] WARN  o.h.util.JDBCExceptionReporter - SQL Error: 0, SQLState: 23502
14:01:04.651 [main] ERROR o.h.util.JDBCExceptionReporter - ERROR: null value in column &quot;trip_id&quot; violates not-null constraint
  Detail: Failing row contains (null, gtfs.line.5.bosada-1, null).
14:01:04.652 [main] DEBUG o.s.o.h.HibernateTransactionManager - Initiating transaction rollback
14:01:04.652 [main] DEBUG o.s.o.h.HibernateTransactionManager - Rolling back Hibernate transaction on Session [org.hibernate.impl.SessionImpl@30eca79e]
14:01:04.652 [main] DEBUG o.h.transaction.JDBCTransaction - rollback
14:01:04.652 [main] DEBUG o.h.transaction.JDBCTransaction - re-enabling autocommit
14:01:04.652 [main] DEBUG o.h.transaction.JDBCTransaction - rolled back JDBC Connection
14:01:04.652 [main] DEBUG org.hibernate.jdbc.ConnectionManager - transaction completed on session with on_close connection release mode; be sure to close the session to release JDBC resources!
14:01:04.652 [main] DEBUG o.s.o.h.HibernateTransactionManager - Closing Hibernate Session [org.hibernate.impl.SessionImpl@30eca79e] after transaction
14:01:04.652 [main] DEBUG o.s.o.hibernate3.SessionFactoryUtils - Closing Hibernate Session
14:01:04.652 [main] DEBUG org.hibernate.jdbc.ConnectionManager - releasing JDBC connection [ (open PreparedStatements: 0, globally: 0) (open ResultSets: 0, globally: 0)]
14:01:04.652 [main] DEBUG org.hibernate.jdbc.ConnectionManager - transaction completed on session with on_close connection release mode; be sure to close the session to release JDBC resources!
14:01:04.653 [main] DEBUG o.s.t.c.s.DirtiesContextTestExecutionListener - After test method: context [[TestContext@a84da22 testClass = TripsDaoImplTest, testInstance = net.lojika.gtfs.service.TripsDaoImplTest@180cf393, testMethod = fetchStopsAndPersist@TripsDaoImplTest, testException = org.hibernate.exception.ConstraintViolationException: could not insert: [net.lojika.gtfs.model.TripLine], mergedContextConfiguration = [MergedContextConfiguration@7a4b443a testClass = TripsDaoImplTest, locations = &apos;{classpath:/spring/bootstrap.xml}&apos;, classes = &apos;{}&apos;, contextInitializerClasses = &apos;[]&apos;, activeProfiles = &apos;{}&apos;, contextLoader = &apos;org.springframework.test.context.support.DelegatingSmartContextLoader&apos;, parent = [null]]]], class dirties context [false], class mode [null], method dirties context [false].
</system-out>
  </testcase>
</testsuite>